[2022-06-21 14:28:26,056] {taskinstance.py:1032} INFO - Dependencies all met for <TaskInstance: DM-COUNT-f101_round_f.count_f101-17 manual__2022-06-21T14:28:19.344143+00:00 [queued]>
[2022-06-21 14:28:26,088] {taskinstance.py:1032} INFO - Dependencies all met for <TaskInstance: DM-COUNT-f101_round_f.count_f101-17 manual__2022-06-21T14:28:19.344143+00:00 [queued]>
[2022-06-21 14:28:26,089] {taskinstance.py:1238} INFO - 
--------------------------------------------------------------------------------
[2022-06-21 14:28:26,089] {taskinstance.py:1239} INFO - Starting attempt 1 of 2
[2022-06-21 14:28:26,089] {taskinstance.py:1240} INFO - 
--------------------------------------------------------------------------------
[2022-06-21 14:28:26,116] {taskinstance.py:1259} INFO - Executing <Task(PostgresOperator): count_f101-17> on 2022-06-21 14:28:19.344143+00:00
[2022-06-21 14:28:26,124] {standard_task_runner.py:52} INFO - Started process 2400 to run task
[2022-06-21 14:28:26,131] {standard_task_runner.py:76} INFO - Running: ['***', 'tasks', 'run', 'DM-COUNT-f101_round_f', 'count_f101-17', 'manual__2022-06-21T14:28:19.344143+00:00', '--job-id', '713', '--raw', '--subdir', 'DAGS_FOLDER/f_101_round_f.py', '--cfg-path', '/tmp/tmph5a8ngpp', '--error-file', '/tmp/tmptm1ic5df']
[2022-06-21 14:28:26,138] {standard_task_runner.py:77} INFO - Job 713: Subtask count_f101-17
[2022-06-21 14:28:26,300] {logging_mixin.py:109} INFO - Running <TaskInstance: DM-COUNT-f101_round_f.count_f101-17 manual__2022-06-21T14:28:19.344143+00:00 [running]> on host c087b85f9f15
[2022-06-21 14:28:26,517] {taskinstance.py:1426} INFO - Exporting the following env vars:
AIRFLOW_CTX_DAG_OWNER=***
AIRFLOW_CTX_DAG_ID=DM-COUNT-f101_round_f
AIRFLOW_CTX_TASK_ID=count_f101-17
AIRFLOW_CTX_EXECUTION_DATE=2022-06-21T14:28:19.344143+00:00
AIRFLOW_CTX_DAG_RUN_ID=manual__2022-06-21T14:28:19.344143+00:00
[2022-06-21 14:28:26,550] {base.py:79} INFO - Using connection to: id: postgres. Host: postgres, Port: 5432, Schema: postgres, Login: ***, Password: ***, extra: {}
[2022-06-21 14:28:26,570] {dbapi.py:225} INFO - Running statement: CALL dm.fill_f101_round_f (%(date)s::date);, parameters: {'date': '2018-01-17'}
[2022-06-21 14:28:26,947] {taskinstance.py:1277} INFO - Marking task as SUCCESS. dag_id=DM-COUNT-f101_round_f, task_id=count_f101-17, execution_date=20220621T142819, start_date=20220621T142826, end_date=20220621T142826
[2022-06-21 14:28:26,993] {local_task_job.py:154} INFO - Task exited with return code 0
[2022-06-21 14:28:27,370] {local_task_job.py:264} INFO - 0 downstream tasks scheduled from follow-on schedule check
