[2022-06-26 21:17:28,328] {taskinstance.py:1032} INFO - Dependencies all met for <TaskInstance: CSV_TO_DS.SEND_DS_ft_posting_f scheduled__2022-06-25T19:41:58.423963+00:00 [queued]>
[2022-06-26 21:17:28,366] {taskinstance.py:1032} INFO - Dependencies all met for <TaskInstance: CSV_TO_DS.SEND_DS_ft_posting_f scheduled__2022-06-25T19:41:58.423963+00:00 [queued]>
[2022-06-26 21:17:28,366] {taskinstance.py:1238} INFO - 
--------------------------------------------------------------------------------
[2022-06-26 21:17:28,366] {taskinstance.py:1239} INFO - Starting attempt 1 of 2
[2022-06-26 21:17:28,366] {taskinstance.py:1240} INFO - 
--------------------------------------------------------------------------------
[2022-06-26 21:17:28,406] {taskinstance.py:1259} INFO - Executing <Task(PythonOperator): SEND_DS_ft_posting_f> on 2022-06-25 19:41:58.423963+00:00
[2022-06-26 21:17:28,412] {standard_task_runner.py:52} INFO - Started process 215 to run task
[2022-06-26 21:17:28,420] {standard_task_runner.py:76} INFO - Running: ['***', 'tasks', 'run', 'CSV_TO_DS', 'SEND_DS_ft_posting_f', 'scheduled__2022-06-25T19:41:58.423963+00:00', '--job-id', '1461', '--raw', '--subdir', 'DAGS_FOLDER/csv_to_ds.py', '--cfg-path', '/tmp/tmpc01sij4q', '--error-file', '/tmp/tmpfatd8j1b']
[2022-06-26 21:17:28,421] {standard_task_runner.py:77} INFO - Job 1461: Subtask SEND_DS_ft_posting_f
[2022-06-26 21:17:28,582] {logging_mixin.py:109} INFO - Running <TaskInstance: CSV_TO_DS.SEND_DS_ft_posting_f scheduled__2022-06-25T19:41:58.423963+00:00 [running]> on host 8dd6b2950340
[2022-06-26 21:17:28,725] {taskinstance.py:1426} INFO - Exporting the following env vars:
AIRFLOW_CTX_DAG_OWNER=***
AIRFLOW_CTX_DAG_ID=CSV_TO_DS
AIRFLOW_CTX_TASK_ID=SEND_DS_ft_posting_f
AIRFLOW_CTX_EXECUTION_DATE=2022-06-25T19:41:58.423963+00:00
AIRFLOW_CTX_DAG_RUN_ID=scheduled__2022-06-25T19:41:58.423963+00:00
[2022-06-26 21:17:32,331] {FromLocal.py:67} INFO - object of type 'bool' has no len()
[2022-06-26 21:17:32,331] {FromLocal.py:96} INFO - 'NoneType' object has no attribute 'to_sql'
[2022-06-26 21:17:37,375] {python.py:175} INFO - Done. Returned value was: None
[2022-06-26 21:17:37,421] {taskinstance.py:1277} INFO - Marking task as SUCCESS. dag_id=CSV_TO_DS, task_id=SEND_DS_ft_posting_f, execution_date=20220625T194158, start_date=20220626T211728, end_date=20220626T211737
[2022-06-26 21:17:37,673] {local_task_job.py:154} INFO - Task exited with return code 0
[2022-06-26 21:17:37,863] {local_task_job.py:264} INFO - 1 downstream tasks scheduled from follow-on schedule check
