[2022-06-25 19:41:45,319] {taskinstance.py:1032} INFO - Dependencies all met for <TaskInstance: CSV_TO_DS.SEND_DS_md_ledger_account_s scheduled__2022-06-22T21:26:59.328971+00:00 [queued]>
[2022-06-25 19:41:45,422] {taskinstance.py:1032} INFO - Dependencies all met for <TaskInstance: CSV_TO_DS.SEND_DS_md_ledger_account_s scheduled__2022-06-22T21:26:59.328971+00:00 [queued]>
[2022-06-25 19:41:45,422] {taskinstance.py:1238} INFO - 
--------------------------------------------------------------------------------
[2022-06-25 19:41:45,422] {taskinstance.py:1239} INFO - Starting attempt 1 of 2
[2022-06-25 19:41:45,422] {taskinstance.py:1240} INFO - 
--------------------------------------------------------------------------------
[2022-06-25 19:41:45,476] {taskinstance.py:1259} INFO - Executing <Task(PythonOperator): SEND_DS_md_ledger_account_s> on 2022-06-22 21:26:59.328971+00:00
[2022-06-25 19:41:45,504] {standard_task_runner.py:52} INFO - Started process 187 to run task
[2022-06-25 19:41:45,539] {standard_task_runner.py:76} INFO - Running: ['***', 'tasks', 'run', 'CSV_TO_DS', 'SEND_DS_md_ledger_account_s', 'scheduled__2022-06-22T21:26:59.328971+00:00', '--job-id', '1282', '--raw', '--subdir', 'DAGS_FOLDER/csv_to_ds.py', '--cfg-path', '/tmp/tmpk37_i4wr', '--error-file', '/tmp/tmp_g3s_z0a']
[2022-06-25 19:41:45,540] {standard_task_runner.py:77} INFO - Job 1282: Subtask SEND_DS_md_ledger_account_s
[2022-06-25 19:41:45,761] {logging_mixin.py:109} INFO - Running <TaskInstance: CSV_TO_DS.SEND_DS_md_ledger_account_s scheduled__2022-06-22T21:26:59.328971+00:00 [running]> on host 1a36ba6d0ffa
[2022-06-25 19:41:45,998] {taskinstance.py:1426} INFO - Exporting the following env vars:
AIRFLOW_CTX_DAG_OWNER=***
AIRFLOW_CTX_DAG_ID=CSV_TO_DS
AIRFLOW_CTX_TASK_ID=SEND_DS_md_ledger_account_s
AIRFLOW_CTX_EXECUTION_DATE=2022-06-22T21:26:59.328971+00:00
AIRFLOW_CTX_DAG_RUN_ID=scheduled__2022-06-22T21:26:59.328971+00:00
[2022-06-25 19:41:46,163] {FromLocal.py:71} INFO - Table md_ledger_account_s read in pandas success. 
[2022-06-25 19:41:46,280] {FromLocal.py:72} INFO - 
   chapter      chapter_name  ...  is_revaluation is_correct
0       А  Балансовые счета  ...             NaN        NaN
1       А  Балансовые счета  ...             NaN        NaN
2       А  Балансовые счета  ...             NaN        NaN
3       А  Балансовые счета  ...             NaN        NaN
4       А  Балансовые счета  ...             NaN        NaN

[5 rows x 28 columns]
[2022-06-25 19:41:46,962] {FromLocal.py:96} INFO - (psycopg2.errors.DatatypeMismatch) column "start_date" is of type date but expression is of type text
LINE 2:     SELECT DISTINCT ON (LEDGER_ACCOUNT, START_DATE) *
                                                            ^
HINT:  You will need to rewrite or cast the expression.

[SQL: INSERT INTO ds.md_ledger_account_s
    SELECT DISTINCT ON (LEDGER_ACCOUNT, START_DATE) *
    FROM temp.md_ledger_account_s        
ON CONFLICT (LEDGER_ACCOUNT, START_DATE)
DO UPDATE 
	SET 
		CHAPTER = excluded.CHAPTER,
		CHAPTER_NAME = excluded.CHAPTER_NAME,
        SECTION_NUMBER = excluded.SECTION_NUMBER,
		SECTION_NAME = excluded.SECTION_NAME,
        SUBSECTION_NAME = excluded.SUBSECTION_NAME,
		LEDGER1_ACCOUNT = excluded.LEDGER1_ACCOUNT,
        LEDGER1_ACCOUNT_NAME = excluded.LEDGER1_ACCOUNT_NAME,
		LEDGER_ACCOUNT_NAME = excluded.LEDGER_ACCOUNT_NAME,
        CHARACTERISTIC = excluded.CHARACTERISTIC,
		IS_RESIDENT = excluded.IS_RESIDENT,
        IS_RESERVE = excluded.IS_RESERVE,
		IS_RESERVED = excluded.IS_RESERVED,
        IS_LOAN = excluded.IS_LOAN,
		IS_RESERVED_ASSETS = excluded.IS_RESERVED_ASSETS,
        IS_OVERDUE = excluded.IS_OVERDUE,
		IS_INTEREST = excluded.IS_INTEREST,
        PAIR_ACCOUNT = excluded.PAIR_ACCOUNT,
		END_DATE = excluded.END_DATE,
        IS_RUB_ONLY = excluded.IS_RUB_ONLY,
		MIN_TERM = excluded.MIN_TERM,
        MIN_TERM_MEASURE = excluded.MIN_TERM_MEASURE,
		MAX_TERM = excluded.MAX_TERM,
        MAX_TERM_MEASURE = excluded.MAX_TERM_MEASURE,
		LEDGER_ACC_FULL_NAME_TRANSLIT = excluded.LEDGER_ACC_FULL_NAME_TRANSLIT,
        IS_REVALUATION = excluded.IS_REVALUATION,
		IS_CORRECT = excluded.IS_CORRECT;]
(Background on this error at: http://sqlalche.me/e/13/f405)
[2022-06-25 19:41:51,973] {python.py:175} INFO - Done. Returned value was: None
[2022-06-25 19:41:52,000] {taskinstance.py:1277} INFO - Marking task as SUCCESS. dag_id=CSV_TO_DS, task_id=SEND_DS_md_ledger_account_s, execution_date=20220622T212659, start_date=20220625T194145, end_date=20220625T194152
[2022-06-25 19:41:52,074] {local_task_job.py:154} INFO - Task exited with return code 0
[2022-06-25 19:41:52,130] {local_task_job.py:264} INFO - 0 downstream tasks scheduled from follow-on schedule check
