[2022-06-25 19:41:39,954] {taskinstance.py:1032} INFO - Dependencies all met for <TaskInstance: DM-COUNT-account-turnover.START_COUNT_BY_DAY_14 scheduled__2022-06-22T21:27:30.430782+00:00 [queued]>
[2022-06-25 19:41:40,071] {taskinstance.py:1032} INFO - Dependencies all met for <TaskInstance: DM-COUNT-account-turnover.START_COUNT_BY_DAY_14 scheduled__2022-06-22T21:27:30.430782+00:00 [queued]>
[2022-06-25 19:41:40,071] {taskinstance.py:1238} INFO - 
--------------------------------------------------------------------------------
[2022-06-25 19:41:40,071] {taskinstance.py:1239} INFO - Starting attempt 1 of 2
[2022-06-25 19:41:40,071] {taskinstance.py:1240} INFO - 
--------------------------------------------------------------------------------
[2022-06-25 19:41:40,175] {taskinstance.py:1259} INFO - Executing <Task(PostgresOperator): START_COUNT_BY_DAY_14> on 2022-06-22 21:27:30.430782+00:00
[2022-06-25 19:41:40,179] {standard_task_runner.py:52} INFO - Started process 132 to run task
[2022-06-25 19:41:40,233] {standard_task_runner.py:76} INFO - Running: ['***', 'tasks', 'run', 'DM-COUNT-account-turnover', 'START_COUNT_BY_DAY_14', 'scheduled__2022-06-22T21:27:30.430782+00:00', '--job-id', '1266', '--raw', '--subdir', 'DAGS_FOLDER/dm_fill_account_turnover.py', '--cfg-path', '/tmp/tmp1r3t35ol', '--error-file', '/tmp/tmpxqjtfpg3']
[2022-06-25 19:41:40,234] {standard_task_runner.py:77} INFO - Job 1266: Subtask START_COUNT_BY_DAY_14
[2022-06-25 19:41:40,721] {logging_mixin.py:109} INFO - Running <TaskInstance: DM-COUNT-account-turnover.START_COUNT_BY_DAY_14 scheduled__2022-06-22T21:27:30.430782+00:00 [running]> on host 1a36ba6d0ffa
[2022-06-25 19:41:41,161] {taskinstance.py:1426} INFO - Exporting the following env vars:
AIRFLOW_CTX_DAG_OWNER=***
AIRFLOW_CTX_DAG_ID=DM-COUNT-account-turnover
AIRFLOW_CTX_TASK_ID=START_COUNT_BY_DAY_14
AIRFLOW_CTX_EXECUTION_DATE=2022-06-22T21:27:30.430782+00:00
AIRFLOW_CTX_DAG_RUN_ID=scheduled__2022-06-22T21:27:30.430782+00:00
[2022-06-25 19:41:41,269] {base.py:79} INFO - Using connection to: id: postgres. Host: postgres, Port: 5432, Schema: postgres, Login: ***, Password: ***, extra: {}
[2022-06-25 19:41:41,278] {dbapi.py:225} INFO - Running statement: CALL ds.fill_account_turnover_f (%(date)s::date);, parameters: {'date': '2018-01-14'}
[2022-06-25 19:41:42,423] {taskinstance.py:1277} INFO - Marking task as SUCCESS. dag_id=DM-COUNT-account-turnover, task_id=START_COUNT_BY_DAY_14, execution_date=20220622T212730, start_date=20220625T194139, end_date=20220625T194142
[2022-06-25 19:41:42,557] {local_task_job.py:154} INFO - Task exited with return code 0
[2022-06-25 19:41:43,331] {local_task_job.py:264} INFO - 0 downstream tasks scheduled from follow-on schedule check
