[2022-06-22 19:31:43,934] {taskinstance.py:1032} INFO - Dependencies all met for <TaskInstance: DM-COUNT-f101_round_f.count_f101-17 scheduled__2022-06-21T16:20:07.188456+00:00 [queued]>
[2022-06-22 19:31:44,000] {taskinstance.py:1032} INFO - Dependencies all met for <TaskInstance: DM-COUNT-f101_round_f.count_f101-17 scheduled__2022-06-21T16:20:07.188456+00:00 [queued]>
[2022-06-22 19:31:44,001] {taskinstance.py:1238} INFO - 
--------------------------------------------------------------------------------
[2022-06-22 19:31:44,001] {taskinstance.py:1239} INFO - Starting attempt 1 of 2
[2022-06-22 19:31:44,001] {taskinstance.py:1240} INFO - 
--------------------------------------------------------------------------------
[2022-06-22 19:31:44,045] {taskinstance.py:1259} INFO - Executing <Task(PostgresOperator): count_f101-17> on 2022-06-21 16:20:07.188456+00:00
[2022-06-22 19:31:44,054] {standard_task_runner.py:52} INFO - Started process 107 to run task
[2022-06-22 19:31:44,069] {standard_task_runner.py:76} INFO - Running: ['***', 'tasks', 'run', 'DM-COUNT-f101_round_f', 'count_f101-17', 'scheduled__2022-06-21T16:20:07.188456+00:00', '--job-id', '1113', '--raw', '--subdir', 'DAGS_FOLDER/f_101_round_f.py', '--cfg-path', '/tmp/tmp0483kylj', '--error-file', '/tmp/tmpvm1poice']
[2022-06-22 19:31:44,070] {standard_task_runner.py:77} INFO - Job 1113: Subtask count_f101-17
[2022-06-22 19:31:44,495] {logging_mixin.py:109} INFO - Running <TaskInstance: DM-COUNT-f101_round_f.count_f101-17 scheduled__2022-06-21T16:20:07.188456+00:00 [running]> on host bc39be91d060
[2022-06-22 19:31:44,752] {taskinstance.py:1426} INFO - Exporting the following env vars:
AIRFLOW_CTX_DAG_OWNER=***
AIRFLOW_CTX_DAG_ID=DM-COUNT-f101_round_f
AIRFLOW_CTX_TASK_ID=count_f101-17
AIRFLOW_CTX_EXECUTION_DATE=2022-06-21T16:20:07.188456+00:00
AIRFLOW_CTX_DAG_RUN_ID=scheduled__2022-06-21T16:20:07.188456+00:00
[2022-06-22 19:31:44,798] {base.py:79} INFO - Using connection to: id: postgres. Host: postgres, Port: 5432, Schema: postgres, Login: ***, Password: ***, extra: {}
[2022-06-22 19:31:44,822] {dbapi.py:225} INFO - Running statement: CALL dm.fill_f101_round_f (%(date)s::date);, parameters: {'date': '2018-01-17'}
[2022-06-22 19:31:45,984] {taskinstance.py:1277} INFO - Marking task as SUCCESS. dag_id=DM-COUNT-f101_round_f, task_id=count_f101-17, execution_date=20220621T162007, start_date=20220622T193143, end_date=20220622T193145
[2022-06-22 19:31:46,078] {local_task_job.py:154} INFO - Task exited with return code 0
[2022-06-22 19:31:46,233] {local_task_job.py:264} INFO - 0 downstream tasks scheduled from follow-on schedule check
