[2022-06-17 21:36:18,741] {taskinstance.py:1032} INFO - Dependencies all met for <TaskInstance: CSV_TO_DS.SEND_DS_md_account_d manual__2022-06-17T21:36:15.359694+00:00 [queued]>
[2022-06-17 21:36:18,759] {taskinstance.py:1032} INFO - Dependencies all met for <TaskInstance: CSV_TO_DS.SEND_DS_md_account_d manual__2022-06-17T21:36:15.359694+00:00 [queued]>
[2022-06-17 21:36:18,759] {taskinstance.py:1238} INFO - 
--------------------------------------------------------------------------------
[2022-06-17 21:36:18,759] {taskinstance.py:1239} INFO - Starting attempt 1 of 2
[2022-06-17 21:36:18,759] {taskinstance.py:1240} INFO - 
--------------------------------------------------------------------------------
[2022-06-17 21:36:18,778] {taskinstance.py:1259} INFO - Executing <Task(PythonOperator): SEND_DS_md_account_d> on 2022-06-17 21:36:15.359694+00:00
[2022-06-17 21:36:18,782] {standard_task_runner.py:52} INFO - Started process 336 to run task
[2022-06-17 21:36:18,786] {standard_task_runner.py:76} INFO - Running: ['***', 'tasks', 'run', 'CSV_TO_DS', 'SEND_DS_md_account_d', 'manual__2022-06-17T21:36:15.359694+00:00', '--job-id', '22', '--raw', '--subdir', 'DAGS_FOLDER/csv_to_ds.py', '--cfg-path', '/tmp/tmpjxg9wisu', '--error-file', '/tmp/tmptj0r9bec']
[2022-06-17 21:36:18,786] {standard_task_runner.py:77} INFO - Job 22: Subtask SEND_DS_md_account_d
[2022-06-17 21:36:18,920] {logging_mixin.py:109} INFO - Running <TaskInstance: CSV_TO_DS.SEND_DS_md_account_d manual__2022-06-17T21:36:15.359694+00:00 [running]> on host 191dd4d3d1ba
[2022-06-17 21:36:19,034] {taskinstance.py:1426} INFO - Exporting the following env vars:
AIRFLOW_CTX_DAG_OWNER=***
AIRFLOW_CTX_DAG_ID=CSV_TO_DS
AIRFLOW_CTX_TASK_ID=SEND_DS_md_account_d
AIRFLOW_CTX_EXECUTION_DATE=2022-06-17T21:36:15.359694+00:00
AIRFLOW_CTX_DAG_RUN_ID=manual__2022-06-17T21:36:15.359694+00:00
[2022-06-17 21:36:19,113] {CsvToDs.py:58} INFO - Column data_actual_date changed date-time format
[2022-06-17 21:36:19,115] {CsvToDs.py:58} INFO - Column data_actual_end_date changed date-time format
[2022-06-17 21:36:19,115] {CsvToDs.py:64} INFO - Table md_account_d read in pandas success. 
[2022-06-17 21:36:19,148] {CsvToDs.py:65} INFO - 
   data_actual_date data_actual_end_date  ...  currency_rk currency_code
0       2018-01-01           2018-01-31  ...           35           840
1       2018-01-01           2018-01-31  ...           35           840
2       2018-01-01           2018-01-31  ...           34           643
3       2018-01-01           2018-01-31  ...           34           643
4       2018-01-01           2018-01-31  ...           34           643

[5 rows x 7 columns]
[2022-06-17 21:36:19,317] {CsvToDs.py:108} INFO -  Table md_account_d in ds schema has updated success. 
[2022-06-17 21:36:24,329] {python.py:175} INFO - Done. Returned value was: None
[2022-06-17 21:36:24,340] {taskinstance.py:1277} INFO - Marking task as SUCCESS. dag_id=CSV_TO_DS, task_id=SEND_DS_md_account_d, execution_date=20220617T213615, start_date=20220617T213618, end_date=20220617T213624
[2022-06-17 21:36:24,393] {local_task_job.py:154} INFO - Task exited with return code 0
[2022-06-17 21:36:24,455] {local_task_job.py:264} INFO - 0 downstream tasks scheduled from follow-on schedule check
