[2022-06-23 20:13:28,872] {taskinstance.py:1032} INFO - Dependencies all met for <TaskInstance: DM-COUNT-f101_round_f.count_f101-26 scheduled__2022-06-22T16:20:07.188456+00:00 [queued]>
[2022-06-23 20:13:28,972] {taskinstance.py:1032} INFO - Dependencies all met for <TaskInstance: DM-COUNT-f101_round_f.count_f101-26 scheduled__2022-06-22T16:20:07.188456+00:00 [queued]>
[2022-06-23 20:13:28,973] {taskinstance.py:1238} INFO - 
--------------------------------------------------------------------------------
[2022-06-23 20:13:28,973] {taskinstance.py:1239} INFO - Starting attempt 1 of 2
[2022-06-23 20:13:28,974] {taskinstance.py:1240} INFO - 
--------------------------------------------------------------------------------
[2022-06-23 20:13:29,027] {taskinstance.py:1259} INFO - Executing <Task(PostgresOperator): count_f101-26> on 2022-06-22 16:20:07.188456+00:00
[2022-06-23 20:13:29,069] {standard_task_runner.py:76} INFO - Running: ['***', 'tasks', 'run', 'DM-COUNT-f101_round_f', 'count_f101-26', 'scheduled__2022-06-22T16:20:07.188456+00:00', '--job-id', '1212', '--raw', '--subdir', 'DAGS_FOLDER/f_101_round_f.py', '--cfg-path', '/tmp/tmpjp2uakv6', '--error-file', '/tmp/tmpetql9sng']
[2022-06-23 20:13:29,044] {standard_task_runner.py:52} INFO - Started process 105 to run task
[2022-06-23 20:13:29,091] {standard_task_runner.py:77} INFO - Job 1212: Subtask count_f101-26
[2022-06-23 20:13:30,181] {logging_mixin.py:109} INFO - Running <TaskInstance: DM-COUNT-f101_round_f.count_f101-26 scheduled__2022-06-22T16:20:07.188456+00:00 [running]> on host 1a36ba6d0ffa
[2022-06-23 20:13:31,665] {taskinstance.py:1426} INFO - Exporting the following env vars:
AIRFLOW_CTX_DAG_OWNER=***
AIRFLOW_CTX_DAG_ID=DM-COUNT-f101_round_f
AIRFLOW_CTX_TASK_ID=count_f101-26
AIRFLOW_CTX_EXECUTION_DATE=2022-06-22T16:20:07.188456+00:00
AIRFLOW_CTX_DAG_RUN_ID=scheduled__2022-06-22T16:20:07.188456+00:00
[2022-06-23 20:13:31,721] {base.py:79} INFO - Using connection to: id: postgres. Host: postgres, Port: 5432, Schema: postgres, Login: ***, Password: ***, extra: {}
[2022-06-23 20:13:31,733] {dbapi.py:225} INFO - Running statement: CALL dm.fill_f101_round_f (%(date)s::date);, parameters: {'date': '2018-01-26'}
[2022-06-23 20:13:32,961] {taskinstance.py:1277} INFO - Marking task as SUCCESS. dag_id=DM-COUNT-f101_round_f, task_id=count_f101-26, execution_date=20220622T162007, start_date=20220623T201328, end_date=20220623T201332
[2022-06-23 20:13:33,019] {local_task_job.py:154} INFO - Task exited with return code 0
[2022-06-23 20:13:33,343] {local_task_job.py:264} INFO - 0 downstream tasks scheduled from follow-on schedule check
