[2022-06-22 07:45:10,375] {taskinstance.py:1032} INFO - Dependencies all met for <TaskInstance: DM-COUNT-account-turnover.START_COUNT_BY_DAY_27 scheduled__2022-06-20T21:27:30.430782+00:00 [queued]>
[2022-06-22 07:45:10,431] {taskinstance.py:1032} INFO - Dependencies all met for <TaskInstance: DM-COUNT-account-turnover.START_COUNT_BY_DAY_27 scheduled__2022-06-20T21:27:30.430782+00:00 [queued]>
[2022-06-22 07:45:10,433] {taskinstance.py:1238} INFO - 
--------------------------------------------------------------------------------
[2022-06-22 07:45:10,433] {taskinstance.py:1239} INFO - Starting attempt 1 of 2
[2022-06-22 07:45:10,433] {taskinstance.py:1240} INFO - 
--------------------------------------------------------------------------------
[2022-06-22 07:45:10,528] {taskinstance.py:1259} INFO - Executing <Task(PostgresOperator): START_COUNT_BY_DAY_27> on 2022-06-20 21:27:30.430782+00:00
[2022-06-22 07:45:10,538] {standard_task_runner.py:52} INFO - Started process 131 to run task
[2022-06-22 07:45:10,616] {standard_task_runner.py:76} INFO - Running: ['***', 'tasks', 'run', 'DM-COUNT-account-turnover', 'START_COUNT_BY_DAY_27', 'scheduled__2022-06-20T21:27:30.430782+00:00', '--job-id', '884', '--raw', '--subdir', 'DAGS_FOLDER/dm_fill_account_turnover.py', '--cfg-path', '/tmp/tmpv8y8t74_', '--error-file', '/tmp/tmpe12dw_3u']
[2022-06-22 07:45:10,617] {standard_task_runner.py:77} INFO - Job 884: Subtask START_COUNT_BY_DAY_27
[2022-06-22 07:45:11,468] {logging_mixin.py:109} INFO - Running <TaskInstance: DM-COUNT-account-turnover.START_COUNT_BY_DAY_27 scheduled__2022-06-20T21:27:30.430782+00:00 [running]> on host a0a302277daf
[2022-06-22 07:45:11,935] {taskinstance.py:1426} INFO - Exporting the following env vars:
AIRFLOW_CTX_DAG_OWNER=***
AIRFLOW_CTX_DAG_ID=DM-COUNT-account-turnover
AIRFLOW_CTX_TASK_ID=START_COUNT_BY_DAY_27
AIRFLOW_CTX_EXECUTION_DATE=2022-06-20T21:27:30.430782+00:00
AIRFLOW_CTX_DAG_RUN_ID=scheduled__2022-06-20T21:27:30.430782+00:00
[2022-06-22 07:45:11,970] {base.py:79} INFO - Using connection to: id: postgres. Host: postgres, Port: 5432, Schema: postgres, Login: ***, Password: ***, extra: {}
[2022-06-22 07:45:11,986] {dbapi.py:225} INFO - Running statement: CALL ds.fill_account_turnover_f (%(date)s::date);, parameters: {'date': '2018-01-27'}
[2022-06-22 07:45:12,941] {taskinstance.py:1277} INFO - Marking task as SUCCESS. dag_id=DM-COUNT-account-turnover, task_id=START_COUNT_BY_DAY_27, execution_date=20220620T212730, start_date=20220622T074510, end_date=20220622T074512
[2022-06-22 07:45:13,034] {local_task_job.py:154} INFO - Task exited with return code 0
[2022-06-22 07:45:13,593] {local_task_job.py:264} INFO - 0 downstream tasks scheduled from follow-on schedule check
