[2022-06-18 15:14:25,404] {taskinstance.py:1032} INFO - Dependencies all met for <TaskInstance: DM-COUNT-account-turnover.START_COUNT_BY_DAY_10 manual__2022-06-18T15:14:12.504350+00:00 [queued]>
[2022-06-18 15:14:25,433] {taskinstance.py:1032} INFO - Dependencies all met for <TaskInstance: DM-COUNT-account-turnover.START_COUNT_BY_DAY_10 manual__2022-06-18T15:14:12.504350+00:00 [queued]>
[2022-06-18 15:14:25,433] {taskinstance.py:1238} INFO - 
--------------------------------------------------------------------------------
[2022-06-18 15:14:25,433] {taskinstance.py:1239} INFO - Starting attempt 1 of 2
[2022-06-18 15:14:25,433] {taskinstance.py:1240} INFO - 
--------------------------------------------------------------------------------
[2022-06-18 15:14:25,473] {taskinstance.py:1259} INFO - Executing <Task(PostgresOperator): START_COUNT_BY_DAY_10> on 2022-06-18 15:14:12.504350+00:00
[2022-06-18 15:14:25,490] {standard_task_runner.py:52} INFO - Started process 1788 to run task
[2022-06-18 15:14:25,514] {standard_task_runner.py:76} INFO - Running: ['***', 'tasks', 'run', 'DM-COUNT-account-turnover', 'START_COUNT_BY_DAY_10', 'manual__2022-06-18T15:14:12.504350+00:00', '--job-id', '147', '--raw', '--subdir', 'DAGS_FOLDER/dm_fill_account_turnover.py', '--cfg-path', '/tmp/tmphdefh231', '--error-file', '/tmp/tmpuc3uavgq']
[2022-06-18 15:14:25,523] {standard_task_runner.py:77} INFO - Job 147: Subtask START_COUNT_BY_DAY_10
[2022-06-18 15:14:25,931] {logging_mixin.py:109} INFO - Running <TaskInstance: DM-COUNT-account-turnover.START_COUNT_BY_DAY_10 manual__2022-06-18T15:14:12.504350+00:00 [running]> on host 191dd4d3d1ba
[2022-06-18 15:14:26,113] {taskinstance.py:1426} INFO - Exporting the following env vars:
AIRFLOW_CTX_DAG_OWNER=***
AIRFLOW_CTX_DAG_ID=DM-COUNT-account-turnover
AIRFLOW_CTX_TASK_ID=START_COUNT_BY_DAY_10
AIRFLOW_CTX_EXECUTION_DATE=2022-06-18T15:14:12.504350+00:00
AIRFLOW_CTX_DAG_RUN_ID=manual__2022-06-18T15:14:12.504350+00:00
[2022-06-18 15:14:26,145] {base.py:79} INFO - Using connection to: id: postgres. Host: postgres, Port: 5432, Schema: postgres, Login: ***, Password: ***, extra: {}
[2022-06-18 15:14:26,163] {dbapi.py:225} INFO - Running statement: CALL ds.fill_account_turnover_f (%(date)s::date);, parameters: {'date': '2018-01-10'}
[2022-06-18 15:14:26,683] {taskinstance.py:1277} INFO - Marking task as SUCCESS. dag_id=DM-COUNT-account-turnover, task_id=START_COUNT_BY_DAY_10, execution_date=20220618T151412, start_date=20220618T151425, end_date=20220618T151426
[2022-06-18 15:14:26,756] {local_task_job.py:154} INFO - Task exited with return code 0
[2022-06-18 15:14:27,411] {local_task_job.py:264} INFO - 0 downstream tasks scheduled from follow-on schedule check
