[2022-06-22 08:38:04,098] {taskinstance.py:1032} INFO - Dependencies all met for <TaskInstance: DM-COUNT-account-turnover.START_COUNT_BY_DAY_18 manual__2022-06-22T08:37:57.153993+00:00 [queued]>
[2022-06-22 08:38:04,142] {taskinstance.py:1032} INFO - Dependencies all met for <TaskInstance: DM-COUNT-account-turnover.START_COUNT_BY_DAY_18 manual__2022-06-22T08:37:57.153993+00:00 [queued]>
[2022-06-22 08:38:04,142] {taskinstance.py:1238} INFO - 
--------------------------------------------------------------------------------
[2022-06-22 08:38:04,143] {taskinstance.py:1239} INFO - Starting attempt 1 of 2
[2022-06-22 08:38:04,143] {taskinstance.py:1240} INFO - 
--------------------------------------------------------------------------------
[2022-06-22 08:38:04,209] {taskinstance.py:1259} INFO - Executing <Task(PostgresOperator): START_COUNT_BY_DAY_18> on 2022-06-22 08:37:57.153993+00:00
[2022-06-22 08:38:04,227] {standard_task_runner.py:52} INFO - Started process 2879 to run task
[2022-06-22 08:38:04,261] {standard_task_runner.py:76} INFO - Running: ['***', 'tasks', 'run', 'DM-COUNT-account-turnover', 'START_COUNT_BY_DAY_18', 'manual__2022-06-22T08:37:57.153993+00:00', '--job-id', '1030', '--raw', '--subdir', 'DAGS_FOLDER/dm_fill_account_turnover.py', '--cfg-path', '/tmp/tmphn53h0ey', '--error-file', '/tmp/tmpm6yojwtd']
[2022-06-22 08:38:04,262] {standard_task_runner.py:77} INFO - Job 1030: Subtask START_COUNT_BY_DAY_18
[2022-06-22 08:38:04,554] {logging_mixin.py:109} INFO - Running <TaskInstance: DM-COUNT-account-turnover.START_COUNT_BY_DAY_18 manual__2022-06-22T08:37:57.153993+00:00 [running]> on host a0a302277daf
[2022-06-22 08:38:04,744] {taskinstance.py:1426} INFO - Exporting the following env vars:
AIRFLOW_CTX_DAG_OWNER=***
AIRFLOW_CTX_DAG_ID=DM-COUNT-account-turnover
AIRFLOW_CTX_TASK_ID=START_COUNT_BY_DAY_18
AIRFLOW_CTX_EXECUTION_DATE=2022-06-22T08:37:57.153993+00:00
AIRFLOW_CTX_DAG_RUN_ID=manual__2022-06-22T08:37:57.153993+00:00
[2022-06-22 08:38:04,784] {base.py:79} INFO - Using connection to: id: postgres. Host: postgres, Port: 5432, Schema: postgres, Login: ***, Password: ***, extra: {}
[2022-06-22 08:38:04,804] {dbapi.py:225} INFO - Running statement: CALL ds.fill_account_turnover_f (%(date)s::date);, parameters: {'date': '2018-01-18'}
[2022-06-22 08:38:05,801] {taskinstance.py:1277} INFO - Marking task as SUCCESS. dag_id=DM-COUNT-account-turnover, task_id=START_COUNT_BY_DAY_18, execution_date=20220622T083757, start_date=20220622T083804, end_date=20220622T083805
[2022-06-22 08:38:05,861] {local_task_job.py:154} INFO - Task exited with return code 0
[2022-06-22 08:38:06,329] {local_task_job.py:264} INFO - 0 downstream tasks scheduled from follow-on schedule check
