[2022-07-22 18:51:21,469] {taskinstance.py:1032} INFO - Dependencies all met for <TaskInstance: MIRR_MD_ACCOUNT_D.load_mirror_md_account_d manual__2022-07-22T18:51:19.858430+00:00 [queued]>
[2022-07-22 18:51:21,476] {taskinstance.py:1032} INFO - Dependencies all met for <TaskInstance: MIRR_MD_ACCOUNT_D.load_mirror_md_account_d manual__2022-07-22T18:51:19.858430+00:00 [queued]>
[2022-07-22 18:51:21,477] {taskinstance.py:1238} INFO - 
--------------------------------------------------------------------------------
[2022-07-22 18:51:21,477] {taskinstance.py:1239} INFO - Starting attempt 1 of 2
[2022-07-22 18:51:21,477] {taskinstance.py:1240} INFO - 
--------------------------------------------------------------------------------
[2022-07-22 18:51:21,486] {taskinstance.py:1259} INFO - Executing <Task(BashOperator): load_mirror_md_account_d> on 2022-07-22 18:51:19.858430+00:00
[2022-07-22 18:51:21,490] {standard_task_runner.py:52} INFO - Started process 3035 to run task
[2022-07-22 18:51:21,492] {standard_task_runner.py:76} INFO - Running: ['***', 'tasks', 'run', 'MIRR_MD_ACCOUNT_D', 'load_mirror_md_account_d', 'manual__2022-07-22T18:51:19.858430+00:00', '--job-id', '124', '--raw', '--subdir', 'DAGS_FOLDER/mirror_calc.py', '--cfg-path', '/tmp/tmpbyyw7kna', '--error-file', '/tmp/tmpvekwppbt']
[2022-07-22 18:51:21,493] {standard_task_runner.py:77} INFO - Job 124: Subtask load_mirror_md_account_d
[2022-07-22 18:51:21,536] {logging_mixin.py:109} INFO - Running <TaskInstance: MIRR_MD_ACCOUNT_D.load_mirror_md_account_d manual__2022-07-22T18:51:19.858430+00:00 [running]> on host 1c7b2e19b45f
[2022-07-22 18:51:21,577] {taskinstance.py:1426} INFO - Exporting the following env vars:
AIRFLOW_CTX_DAG_OWNER=***
AIRFLOW_CTX_DAG_ID=MIRR_MD_ACCOUNT_D
AIRFLOW_CTX_TASK_ID=load_mirror_md_account_d
AIRFLOW_CTX_EXECUTION_DATE=2022-07-22T18:51:19.858430+00:00
AIRFLOW_CTX_DAG_RUN_ID=manual__2022-07-22T18:51:19.858430+00:00
[2022-07-22 18:51:21,578] {subprocess.py:62} INFO - Tmp dir root location: 
 /tmp
[2022-07-22 18:51:21,579] {subprocess.py:74} INFO - Running command: ['bash', '-c', 'spark-submit --packages io.delta:delta-core_2.12:1.0.0 --conf "spark.sql.extensions=io.delta.sql.DeltaSparkSessionExtension" --conf "spark.sql.catalog.spark_catalog=org.apache.spark.sql.delta.catalog.DeltaCatalog" /opt/***/core/test.py']
[2022-07-22 18:51:21,587] {subprocess.py:85} INFO - Output:
[2022-07-22 18:51:22,682] {subprocess.py:89} INFO - :: loading settings :: url = jar:file:/usr/local/spark/assembly/target/scala-2.12/jars/ivy-2.4.0.jar!/org/apache/ivy/core/settings/ivysettings.xml
[2022-07-22 18:51:22,761] {subprocess.py:89} INFO - Ivy Default Cache set to: /home/***/.ivy2/cache
[2022-07-22 18:51:22,761] {subprocess.py:89} INFO - The jars for the packages stored in: /home/***/.ivy2/jars
[2022-07-22 18:51:22,767] {subprocess.py:89} INFO - io.delta#delta-core_2.12 added as a dependency
[2022-07-22 18:51:22,768] {subprocess.py:89} INFO - :: resolving dependencies :: org.apache.spark#spark-submit-parent-e97ba055-fd1e-4f2d-820f-2cf5ca610d94;1.0
[2022-07-22 18:51:22,768] {subprocess.py:89} INFO - 	confs: [default]
[2022-07-22 18:51:22,867] {subprocess.py:89} INFO - 	found io.delta#delta-core_2.12;1.0.0 in central
[2022-07-22 18:51:22,901] {subprocess.py:89} INFO - 	found org.antlr#antlr4;4.7 in central
[2022-07-22 18:51:22,948] {subprocess.py:89} INFO - 	found org.antlr#antlr4-runtime;4.7 in central
[2022-07-22 18:51:22,967] {subprocess.py:89} INFO - 	found org.antlr#antlr-runtime;3.5.2 in central
[2022-07-22 18:51:22,982] {subprocess.py:89} INFO - 	found org.antlr#ST4;4.0.8 in central
[2022-07-22 18:51:22,998] {subprocess.py:89} INFO - 	found org.abego.treelayout#org.abego.treelayout.core;1.0.3 in central
[2022-07-22 18:51:23,018] {subprocess.py:89} INFO - 	found org.glassfish#javax.json;1.0.4 in central
[2022-07-22 18:51:23,030] {subprocess.py:89} INFO - 	found com.ibm.icu#icu4j;58.2 in central
[2022-07-22 18:51:23,076] {subprocess.py:89} INFO - :: resolution report :: resolve 298ms :: artifacts dl 10ms
[2022-07-22 18:51:23,077] {subprocess.py:89} INFO - 	:: modules in use:
[2022-07-22 18:51:23,077] {subprocess.py:89} INFO - 	com.ibm.icu#icu4j;58.2 from central in [default]
[2022-07-22 18:51:23,077] {subprocess.py:89} INFO - 	io.delta#delta-core_2.12;1.0.0 from central in [default]
[2022-07-22 18:51:23,077] {subprocess.py:89} INFO - 	org.abego.treelayout#org.abego.treelayout.core;1.0.3 from central in [default]
[2022-07-22 18:51:23,077] {subprocess.py:89} INFO - 	org.antlr#ST4;4.0.8 from central in [default]
[2022-07-22 18:51:23,077] {subprocess.py:89} INFO - 	org.antlr#antlr-runtime;3.5.2 from central in [default]
[2022-07-22 18:51:23,077] {subprocess.py:89} INFO - 	org.antlr#antlr4;4.7 from central in [default]
[2022-07-22 18:51:23,077] {subprocess.py:89} INFO - 	org.antlr#antlr4-runtime;4.7 from central in [default]
[2022-07-22 18:51:23,077] {subprocess.py:89} INFO - 	org.glassfish#javax.json;1.0.4 from central in [default]
[2022-07-22 18:51:23,077] {subprocess.py:89} INFO - 	---------------------------------------------------------------------
[2022-07-22 18:51:23,078] {subprocess.py:89} INFO - 	|                  |            modules            ||   artifacts   |
[2022-07-22 18:51:23,078] {subprocess.py:89} INFO - 	|       conf       | number| search|dwnlded|evicted|| number|dwnlded|
[2022-07-22 18:51:23,078] {subprocess.py:89} INFO - 	---------------------------------------------------------------------
[2022-07-22 18:51:23,078] {subprocess.py:89} INFO - 	|      default     |   8   |   0   |   0   |   0   ||   8   |   0   |
[2022-07-22 18:51:23,078] {subprocess.py:89} INFO - 	---------------------------------------------------------------------
[2022-07-22 18:51:23,082] {subprocess.py:89} INFO - :: retrieving :: org.apache.spark#spark-submit-parent-e97ba055-fd1e-4f2d-820f-2cf5ca610d94
[2022-07-22 18:51:23,082] {subprocess.py:89} INFO - 	confs: [default]
[2022-07-22 18:51:23,090] {subprocess.py:89} INFO - 	0 artifacts copied, 8 already retrieved (0kB/8ms)
[2022-07-22 18:51:23,352] {subprocess.py:89} INFO - 22/07/22 18:51:23 WARN NativeCodeLoader: Unable to load native-hadoop library for your platform... using builtin-java classes where applicable
[2022-07-22 18:51:23,711] {subprocess.py:89} INFO - /usr/local/bin/python3
[2022-07-22 18:51:24,090] {subprocess.py:89} INFO - Using Spark's default log4j profile: org/apache/spark/log4j-defaults.properties
[2022-07-22 18:51:24,096] {subprocess.py:89} INFO - 22/07/22 18:51:24 INFO SparkContext: Running Spark version 3.1.2
[2022-07-22 18:51:24,123] {subprocess.py:89} INFO - 22/07/22 18:51:24 INFO ResourceUtils: ==============================================================
[2022-07-22 18:51:24,124] {subprocess.py:89} INFO - 22/07/22 18:51:24 INFO ResourceUtils: No custom resources configured for spark.driver.
[2022-07-22 18:51:24,124] {subprocess.py:89} INFO - 22/07/22 18:51:24 INFO ResourceUtils: ==============================================================
[2022-07-22 18:51:24,124] {subprocess.py:89} INFO - 22/07/22 18:51:24 INFO SparkContext: Submitted application: MyApp
[2022-07-22 18:51:24,142] {subprocess.py:89} INFO - 22/07/22 18:51:24 INFO ResourceProfile: Default ResourceProfile created, executor resources: Map(cores -> name: cores, amount: 1, script: , vendor: , memory -> name: memory, amount: 1024, script: , vendor: , offHeap -> name: offHeap, amount: 0, script: , vendor: ), task resources: Map(cpus -> name: cpus, amount: 1.0)
[2022-07-22 18:51:24,154] {subprocess.py:89} INFO - 22/07/22 18:51:24 INFO ResourceProfile: Limiting resource is cpu
[2022-07-22 18:51:24,155] {subprocess.py:89} INFO - 22/07/22 18:51:24 INFO ResourceProfileManager: Added ResourceProfile id: 0
[2022-07-22 18:51:24,199] {subprocess.py:89} INFO - 22/07/22 18:51:24 INFO SecurityManager: Changing view acls to: default
[2022-07-22 18:51:24,199] {subprocess.py:89} INFO - 22/07/22 18:51:24 INFO SecurityManager: Changing modify acls to: default
[2022-07-22 18:51:24,199] {subprocess.py:89} INFO - 22/07/22 18:51:24 INFO SecurityManager: Changing view acls groups to:
[2022-07-22 18:51:24,199] {subprocess.py:89} INFO - 22/07/22 18:51:24 INFO SecurityManager: Changing modify acls groups to:
[2022-07-22 18:51:24,199] {subprocess.py:89} INFO - 22/07/22 18:51:24 INFO SecurityManager: SecurityManager: authentication disabled; ui acls disabled; users  with view permissions: Set(default); groups with view permissions: Set(); users  with modify permissions: Set(default); groups with modify permissions: Set()
[2022-07-22 18:51:24,357] {subprocess.py:89} INFO - 22/07/22 18:51:24 INFO Utils: Successfully started service 'sparkDriver' on port 46407.
[2022-07-22 18:51:24,379] {subprocess.py:89} INFO - 22/07/22 18:51:24 INFO SparkEnv: Registering MapOutputTracker
[2022-07-22 18:51:24,406] {subprocess.py:89} INFO - 22/07/22 18:51:24 INFO SparkEnv: Registering BlockManagerMaster
[2022-07-22 18:51:24,424] {subprocess.py:89} INFO - 22/07/22 18:51:24 INFO BlockManagerMasterEndpoint: Using org.apache.spark.storage.DefaultTopologyMapper for getting topology information
[2022-07-22 18:51:24,425] {subprocess.py:89} INFO - 22/07/22 18:51:24 INFO BlockManagerMasterEndpoint: BlockManagerMasterEndpoint up
[2022-07-22 18:51:24,428] {subprocess.py:89} INFO - 22/07/22 18:51:24 INFO SparkEnv: Registering BlockManagerMasterHeartbeat
[2022-07-22 18:51:24,439] {subprocess.py:89} INFO - 22/07/22 18:51:24 INFO DiskBlockManager: Created local directory at /tmp/blockmgr-2c3e3b2c-9c1c-44f7-b679-8bd397e165c5
[2022-07-22 18:51:24,460] {subprocess.py:89} INFO - 22/07/22 18:51:24 INFO MemoryStore: MemoryStore started with capacity 366.3 MiB
[2022-07-22 18:51:24,474] {subprocess.py:89} INFO - 22/07/22 18:51:24 INFO SparkEnv: Registering OutputCommitCoordinator
[2022-07-22 18:51:24,712] {subprocess.py:89} INFO - 22/07/22 18:51:24 INFO Utils: Successfully started service 'SparkUI' on port 4040.
[2022-07-22 18:51:24,757] {subprocess.py:89} INFO - 22/07/22 18:51:24 INFO SparkUI: Bound SparkUI to 0.0.0.0, and started at http://1c7b2e19b45f:4040
[2022-07-22 18:51:24,770] {subprocess.py:89} INFO - 22/07/22 18:51:24 INFO SparkContext: Added JAR file:///home/***/.ivy2/jars/io.delta_delta-core_2.12-1.0.0.jar at spark://1c7b2e19b45f:46407/jars/io.delta_delta-core_2.12-1.0.0.jar with timestamp 1658515884089
[2022-07-22 18:51:24,770] {subprocess.py:89} INFO - 22/07/22 18:51:24 INFO SparkContext: Added JAR file:///home/***/.ivy2/jars/org.antlr_antlr4-4.7.jar at spark://1c7b2e19b45f:46407/jars/org.antlr_antlr4-4.7.jar with timestamp 1658515884089
[2022-07-22 18:51:24,770] {subprocess.py:89} INFO - 22/07/22 18:51:24 INFO SparkContext: Added JAR file:///home/***/.ivy2/jars/org.antlr_antlr4-runtime-4.7.jar at spark://1c7b2e19b45f:46407/jars/org.antlr_antlr4-runtime-4.7.jar with timestamp 1658515884089
[2022-07-22 18:51:24,770] {subprocess.py:89} INFO - 22/07/22 18:51:24 INFO SparkContext: Added JAR file:///home/***/.ivy2/jars/org.antlr_antlr-runtime-3.5.2.jar at spark://1c7b2e19b45f:46407/jars/org.antlr_antlr-runtime-3.5.2.jar with timestamp 1658515884089
[2022-07-22 18:51:24,770] {subprocess.py:89} INFO - 22/07/22 18:51:24 INFO SparkContext: Added JAR file:///home/***/.ivy2/jars/org.antlr_ST4-4.0.8.jar at spark://1c7b2e19b45f:46407/jars/org.antlr_ST4-4.0.8.jar with timestamp 1658515884089
[2022-07-22 18:51:24,770] {subprocess.py:89} INFO - 22/07/22 18:51:24 INFO SparkContext: Added JAR file:///home/***/.ivy2/jars/org.abego.treelayout_org.abego.treelayout.core-1.0.3.jar at spark://1c7b2e19b45f:46407/jars/org.abego.treelayout_org.abego.treelayout.core-1.0.3.jar with timestamp 1658515884089
[2022-07-22 18:51:24,770] {subprocess.py:89} INFO - 22/07/22 18:51:24 INFO SparkContext: Added JAR file:///home/***/.ivy2/jars/org.glassfish_javax.json-1.0.4.jar at spark://1c7b2e19b45f:46407/jars/org.glassfish_javax.json-1.0.4.jar with timestamp 1658515884089
[2022-07-22 18:51:24,770] {subprocess.py:89} INFO - 22/07/22 18:51:24 INFO SparkContext: Added JAR file:///home/***/.ivy2/jars/com.ibm.icu_icu4j-58.2.jar at spark://1c7b2e19b45f:46407/jars/com.ibm.icu_icu4j-58.2.jar with timestamp 1658515884089
[2022-07-22 18:51:24,772] {subprocess.py:89} INFO - 22/07/22 18:51:24 INFO SparkContext: Added file file:///home/***/.ivy2/jars/io.delta_delta-core_2.12-1.0.0.jar at file:///home/***/.ivy2/jars/io.delta_delta-core_2.12-1.0.0.jar with timestamp 1658515884089
[2022-07-22 18:51:24,773] {subprocess.py:89} INFO - 22/07/22 18:51:24 INFO Utils: Copying /home/***/.ivy2/jars/io.delta_delta-core_2.12-1.0.0.jar to /tmp/spark-82bbd1e5-c296-4a7a-8417-938a9422d1ff/userFiles-f6c16961-9835-4717-8450-7605f9a08af6/io.delta_delta-core_2.12-1.0.0.jar
[2022-07-22 18:51:24,781] {subprocess.py:89} INFO - 22/07/22 18:51:24 INFO SparkContext: Added file file:///home/***/.ivy2/jars/org.antlr_antlr4-4.7.jar at file:///home/***/.ivy2/jars/org.antlr_antlr4-4.7.jar with timestamp 1658515884089
[2022-07-22 18:51:24,781] {subprocess.py:89} INFO - 22/07/22 18:51:24 INFO Utils: Copying /home/***/.ivy2/jars/org.antlr_antlr4-4.7.jar to /tmp/spark-82bbd1e5-c296-4a7a-8417-938a9422d1ff/userFiles-f6c16961-9835-4717-8450-7605f9a08af6/org.antlr_antlr4-4.7.jar
[2022-07-22 18:51:24,785] {subprocess.py:89} INFO - 22/07/22 18:51:24 INFO SparkContext: Added file file:///home/***/.ivy2/jars/org.antlr_antlr4-runtime-4.7.jar at file:///home/***/.ivy2/jars/org.antlr_antlr4-runtime-4.7.jar with timestamp 1658515884089
[2022-07-22 18:51:24,785] {subprocess.py:89} INFO - 22/07/22 18:51:24 INFO Utils: Copying /home/***/.ivy2/jars/org.antlr_antlr4-runtime-4.7.jar to /tmp/spark-82bbd1e5-c296-4a7a-8417-938a9422d1ff/userFiles-f6c16961-9835-4717-8450-7605f9a08af6/org.antlr_antlr4-runtime-4.7.jar
[2022-07-22 18:51:24,788] {subprocess.py:89} INFO - 22/07/22 18:51:24 INFO SparkContext: Added file file:///home/***/.ivy2/jars/org.antlr_antlr-runtime-3.5.2.jar at file:///home/***/.ivy2/jars/org.antlr_antlr-runtime-3.5.2.jar with timestamp 1658515884089
[2022-07-22 18:51:24,788] {subprocess.py:89} INFO - 22/07/22 18:51:24 INFO Utils: Copying /home/***/.ivy2/jars/org.antlr_antlr-runtime-3.5.2.jar to /tmp/spark-82bbd1e5-c296-4a7a-8417-938a9422d1ff/userFiles-f6c16961-9835-4717-8450-7605f9a08af6/org.antlr_antlr-runtime-3.5.2.jar
[2022-07-22 18:51:24,791] {subprocess.py:89} INFO - 22/07/22 18:51:24 INFO SparkContext: Added file file:///home/***/.ivy2/jars/org.antlr_ST4-4.0.8.jar at file:///home/***/.ivy2/jars/org.antlr_ST4-4.0.8.jar with timestamp 1658515884089
[2022-07-22 18:51:24,791] {subprocess.py:89} INFO - 22/07/22 18:51:24 INFO Utils: Copying /home/***/.ivy2/jars/org.antlr_ST4-4.0.8.jar to /tmp/spark-82bbd1e5-c296-4a7a-8417-938a9422d1ff/userFiles-f6c16961-9835-4717-8450-7605f9a08af6/org.antlr_ST4-4.0.8.jar
[2022-07-22 18:51:24,794] {subprocess.py:89} INFO - 22/07/22 18:51:24 INFO SparkContext: Added file file:///home/***/.ivy2/jars/org.abego.treelayout_org.abego.treelayout.core-1.0.3.jar at file:///home/***/.ivy2/jars/org.abego.treelayout_org.abego.treelayout.core-1.0.3.jar with timestamp 1658515884089
[2022-07-22 18:51:24,794] {subprocess.py:89} INFO - 22/07/22 18:51:24 INFO Utils: Copying /home/***/.ivy2/jars/org.abego.treelayout_org.abego.treelayout.core-1.0.3.jar to /tmp/spark-82bbd1e5-c296-4a7a-8417-938a9422d1ff/userFiles-f6c16961-9835-4717-8450-7605f9a08af6/org.abego.treelayout_org.abego.treelayout.core-1.0.3.jar
[2022-07-22 18:51:24,797] {subprocess.py:89} INFO - 22/07/22 18:51:24 INFO SparkContext: Added file file:///home/***/.ivy2/jars/org.glassfish_javax.json-1.0.4.jar at file:///home/***/.ivy2/jars/org.glassfish_javax.json-1.0.4.jar with timestamp 1658515884089
[2022-07-22 18:51:24,797] {subprocess.py:89} INFO - 22/07/22 18:51:24 INFO Utils: Copying /home/***/.ivy2/jars/org.glassfish_javax.json-1.0.4.jar to /tmp/spark-82bbd1e5-c296-4a7a-8417-938a9422d1ff/userFiles-f6c16961-9835-4717-8450-7605f9a08af6/org.glassfish_javax.json-1.0.4.jar
[2022-07-22 18:51:24,800] {subprocess.py:89} INFO - 22/07/22 18:51:24 INFO SparkContext: Added file file:///home/***/.ivy2/jars/com.ibm.icu_icu4j-58.2.jar at file:///home/***/.ivy2/jars/com.ibm.icu_icu4j-58.2.jar with timestamp 1658515884089
[2022-07-22 18:51:24,800] {subprocess.py:89} INFO - 22/07/22 18:51:24 INFO Utils: Copying /home/***/.ivy2/jars/com.ibm.icu_icu4j-58.2.jar to /tmp/spark-82bbd1e5-c296-4a7a-8417-938a9422d1ff/userFiles-f6c16961-9835-4717-8450-7605f9a08af6/com.ibm.icu_icu4j-58.2.jar
[2022-07-22 18:51:24,962] {subprocess.py:89} INFO - 22/07/22 18:51:24 INFO Executor: Starting executor ID driver on host 1c7b2e19b45f
[2022-07-22 18:51:24,977] {subprocess.py:89} INFO - 22/07/22 18:51:24 INFO Executor: Fetching file:///home/***/.ivy2/jars/com.ibm.icu_icu4j-58.2.jar with timestamp 1658515884089
[2022-07-22 18:51:25,009] {subprocess.py:89} INFO - 22/07/22 18:51:25 INFO Utils: /home/***/.ivy2/jars/com.ibm.icu_icu4j-58.2.jar has been previously copied to /tmp/spark-82bbd1e5-c296-4a7a-8417-938a9422d1ff/userFiles-f6c16961-9835-4717-8450-7605f9a08af6/com.ibm.icu_icu4j-58.2.jar
[2022-07-22 18:51:25,011] {subprocess.py:89} INFO - 22/07/22 18:51:25 INFO Executor: Fetching file:///home/***/.ivy2/jars/org.abego.treelayout_org.abego.treelayout.core-1.0.3.jar with timestamp 1658515884089
[2022-07-22 18:51:25,012] {subprocess.py:89} INFO - 22/07/22 18:51:25 INFO Utils: /home/***/.ivy2/jars/org.abego.treelayout_org.abego.treelayout.core-1.0.3.jar has been previously copied to /tmp/spark-82bbd1e5-c296-4a7a-8417-938a9422d1ff/userFiles-f6c16961-9835-4717-8450-7605f9a08af6/org.abego.treelayout_org.abego.treelayout.core-1.0.3.jar
[2022-07-22 18:51:25,014] {subprocess.py:89} INFO - 22/07/22 18:51:25 INFO Executor: Fetching file:///home/***/.ivy2/jars/org.antlr_antlr-runtime-3.5.2.jar with timestamp 1658515884089
[2022-07-22 18:51:25,014] {subprocess.py:89} INFO - 22/07/22 18:51:25 INFO Utils: /home/***/.ivy2/jars/org.antlr_antlr-runtime-3.5.2.jar has been previously copied to /tmp/spark-82bbd1e5-c296-4a7a-8417-938a9422d1ff/userFiles-f6c16961-9835-4717-8450-7605f9a08af6/org.antlr_antlr-runtime-3.5.2.jar
[2022-07-22 18:51:25,016] {subprocess.py:89} INFO - 22/07/22 18:51:25 INFO Executor: Fetching file:///home/***/.ivy2/jars/org.glassfish_javax.json-1.0.4.jar with timestamp 1658515884089
[2022-07-22 18:51:25,017] {subprocess.py:89} INFO - 22/07/22 18:51:25 INFO Utils: /home/***/.ivy2/jars/org.glassfish_javax.json-1.0.4.jar has been previously copied to /tmp/spark-82bbd1e5-c296-4a7a-8417-938a9422d1ff/userFiles-f6c16961-9835-4717-8450-7605f9a08af6/org.glassfish_javax.json-1.0.4.jar
[2022-07-22 18:51:25,019] {subprocess.py:89} INFO - 22/07/22 18:51:25 INFO Executor: Fetching file:///home/***/.ivy2/jars/org.antlr_antlr4-runtime-4.7.jar with timestamp 1658515884089
[2022-07-22 18:51:25,020] {subprocess.py:89} INFO - 22/07/22 18:51:25 INFO Utils: /home/***/.ivy2/jars/org.antlr_antlr4-runtime-4.7.jar has been previously copied to /tmp/spark-82bbd1e5-c296-4a7a-8417-938a9422d1ff/userFiles-f6c16961-9835-4717-8450-7605f9a08af6/org.antlr_antlr4-runtime-4.7.jar
[2022-07-22 18:51:25,022] {subprocess.py:89} INFO - 22/07/22 18:51:25 INFO Executor: Fetching file:///home/***/.ivy2/jars/org.antlr_antlr4-4.7.jar with timestamp 1658515884089
[2022-07-22 18:51:25,023] {subprocess.py:89} INFO - 22/07/22 18:51:25 INFO Utils: /home/***/.ivy2/jars/org.antlr_antlr4-4.7.jar has been previously copied to /tmp/spark-82bbd1e5-c296-4a7a-8417-938a9422d1ff/userFiles-f6c16961-9835-4717-8450-7605f9a08af6/org.antlr_antlr4-4.7.jar
[2022-07-22 18:51:25,025] {subprocess.py:89} INFO - 22/07/22 18:51:25 INFO Executor: Fetching file:///home/***/.ivy2/jars/org.antlr_ST4-4.0.8.jar with timestamp 1658515884089
[2022-07-22 18:51:25,026] {subprocess.py:89} INFO - 22/07/22 18:51:25 INFO Utils: /home/***/.ivy2/jars/org.antlr_ST4-4.0.8.jar has been previously copied to /tmp/spark-82bbd1e5-c296-4a7a-8417-938a9422d1ff/userFiles-f6c16961-9835-4717-8450-7605f9a08af6/org.antlr_ST4-4.0.8.jar
[2022-07-22 18:51:25,029] {subprocess.py:89} INFO - 22/07/22 18:51:25 INFO Executor: Fetching file:///home/***/.ivy2/jars/io.delta_delta-core_2.12-1.0.0.jar with timestamp 1658515884089
[2022-07-22 18:51:25,031] {subprocess.py:89} INFO - 22/07/22 18:51:25 INFO Utils: /home/***/.ivy2/jars/io.delta_delta-core_2.12-1.0.0.jar has been previously copied to /tmp/spark-82bbd1e5-c296-4a7a-8417-938a9422d1ff/userFiles-f6c16961-9835-4717-8450-7605f9a08af6/io.delta_delta-core_2.12-1.0.0.jar
[2022-07-22 18:51:25,039] {subprocess.py:89} INFO - 22/07/22 18:51:25 INFO Executor: Fetching spark://1c7b2e19b45f:46407/jars/org.antlr_antlr4-4.7.jar with timestamp 1658515884089
[2022-07-22 18:51:25,074] {subprocess.py:89} INFO - 22/07/22 18:51:25 INFO TransportClientFactory: Successfully created connection to 1c7b2e19b45f/172.20.0.10:46407 after 29 ms (0 ms spent in bootstraps)
[2022-07-22 18:51:25,079] {subprocess.py:89} INFO - 22/07/22 18:51:25 INFO Utils: Fetching spark://1c7b2e19b45f:46407/jars/org.antlr_antlr4-4.7.jar to /tmp/spark-82bbd1e5-c296-4a7a-8417-938a9422d1ff/userFiles-f6c16961-9835-4717-8450-7605f9a08af6/fetchFileTemp4299665953589724546.tmp
[2022-07-22 18:51:25,100] {subprocess.py:89} INFO - 22/07/22 18:51:25 INFO Utils: /tmp/spark-82bbd1e5-c296-4a7a-8417-938a9422d1ff/userFiles-f6c16961-9835-4717-8450-7605f9a08af6/fetchFileTemp4299665953589724546.tmp has been previously copied to /tmp/spark-82bbd1e5-c296-4a7a-8417-938a9422d1ff/userFiles-f6c16961-9835-4717-8450-7605f9a08af6/org.antlr_antlr4-4.7.jar
[2022-07-22 18:51:25,103] {subprocess.py:89} INFO - 22/07/22 18:51:25 INFO Executor: Adding file:/tmp/spark-82bbd1e5-c296-4a7a-8417-938a9422d1ff/userFiles-f6c16961-9835-4717-8450-7605f9a08af6/org.antlr_antlr4-4.7.jar to class loader
[2022-07-22 18:51:25,103] {subprocess.py:89} INFO - 22/07/22 18:51:25 INFO Executor: Fetching spark://1c7b2e19b45f:46407/jars/org.glassfish_javax.json-1.0.4.jar with timestamp 1658515884089
[2022-07-22 18:51:25,104] {subprocess.py:89} INFO - 22/07/22 18:51:25 INFO Utils: Fetching spark://1c7b2e19b45f:46407/jars/org.glassfish_javax.json-1.0.4.jar to /tmp/spark-82bbd1e5-c296-4a7a-8417-938a9422d1ff/userFiles-f6c16961-9835-4717-8450-7605f9a08af6/fetchFileTemp5851316501823238412.tmp
[2022-07-22 18:51:25,105] {subprocess.py:89} INFO - 22/07/22 18:51:25 INFO Utils: /tmp/spark-82bbd1e5-c296-4a7a-8417-938a9422d1ff/userFiles-f6c16961-9835-4717-8450-7605f9a08af6/fetchFileTemp5851316501823238412.tmp has been previously copied to /tmp/spark-82bbd1e5-c296-4a7a-8417-938a9422d1ff/userFiles-f6c16961-9835-4717-8450-7605f9a08af6/org.glassfish_javax.json-1.0.4.jar
[2022-07-22 18:51:25,108] {subprocess.py:89} INFO - 22/07/22 18:51:25 INFO Executor: Adding file:/tmp/spark-82bbd1e5-c296-4a7a-8417-938a9422d1ff/userFiles-f6c16961-9835-4717-8450-7605f9a08af6/org.glassfish_javax.json-1.0.4.jar to class loader
[2022-07-22 18:51:25,108] {subprocess.py:89} INFO - 22/07/22 18:51:25 INFO Executor: Fetching spark://1c7b2e19b45f:46407/jars/org.antlr_antlr-runtime-3.5.2.jar with timestamp 1658515884089
[2022-07-22 18:51:25,108] {subprocess.py:89} INFO - 22/07/22 18:51:25 INFO Utils: Fetching spark://1c7b2e19b45f:46407/jars/org.antlr_antlr-runtime-3.5.2.jar to /tmp/spark-82bbd1e5-c296-4a7a-8417-938a9422d1ff/userFiles-f6c16961-9835-4717-8450-7605f9a08af6/fetchFileTemp1052076557092724330.tmp
[2022-07-22 18:51:25,110] {subprocess.py:89} INFO - 22/07/22 18:51:25 INFO Utils: /tmp/spark-82bbd1e5-c296-4a7a-8417-938a9422d1ff/userFiles-f6c16961-9835-4717-8450-7605f9a08af6/fetchFileTemp1052076557092724330.tmp has been previously copied to /tmp/spark-82bbd1e5-c296-4a7a-8417-938a9422d1ff/userFiles-f6c16961-9835-4717-8450-7605f9a08af6/org.antlr_antlr-runtime-3.5.2.jar
[2022-07-22 18:51:25,113] {subprocess.py:89} INFO - 22/07/22 18:51:25 INFO Executor: Adding file:/tmp/spark-82bbd1e5-c296-4a7a-8417-938a9422d1ff/userFiles-f6c16961-9835-4717-8450-7605f9a08af6/org.antlr_antlr-runtime-3.5.2.jar to class loader
[2022-07-22 18:51:25,113] {subprocess.py:89} INFO - 22/07/22 18:51:25 INFO Executor: Fetching spark://1c7b2e19b45f:46407/jars/io.delta_delta-core_2.12-1.0.0.jar with timestamp 1658515884089
[2022-07-22 18:51:25,113] {subprocess.py:89} INFO - 22/07/22 18:51:25 INFO Utils: Fetching spark://1c7b2e19b45f:46407/jars/io.delta_delta-core_2.12-1.0.0.jar to /tmp/spark-82bbd1e5-c296-4a7a-8417-938a9422d1ff/userFiles-f6c16961-9835-4717-8450-7605f9a08af6/fetchFileTemp2042925277312786893.tmp
[2022-07-22 18:51:25,123] {subprocess.py:89} INFO - 22/07/22 18:51:25 INFO Utils: /tmp/spark-82bbd1e5-c296-4a7a-8417-938a9422d1ff/userFiles-f6c16961-9835-4717-8450-7605f9a08af6/fetchFileTemp2042925277312786893.tmp has been previously copied to /tmp/spark-82bbd1e5-c296-4a7a-8417-938a9422d1ff/userFiles-f6c16961-9835-4717-8450-7605f9a08af6/io.delta_delta-core_2.12-1.0.0.jar
[2022-07-22 18:51:25,127] {subprocess.py:89} INFO - 22/07/22 18:51:25 INFO Executor: Adding file:/tmp/spark-82bbd1e5-c296-4a7a-8417-938a9422d1ff/userFiles-f6c16961-9835-4717-8450-7605f9a08af6/io.delta_delta-core_2.12-1.0.0.jar to class loader
[2022-07-22 18:51:25,127] {subprocess.py:89} INFO - 22/07/22 18:51:25 INFO Executor: Fetching spark://1c7b2e19b45f:46407/jars/org.abego.treelayout_org.abego.treelayout.core-1.0.3.jar with timestamp 1658515884089
[2022-07-22 18:51:25,127] {subprocess.py:89} INFO - 22/07/22 18:51:25 INFO Utils: Fetching spark://1c7b2e19b45f:46407/jars/org.abego.treelayout_org.abego.treelayout.core-1.0.3.jar to /tmp/spark-82bbd1e5-c296-4a7a-8417-938a9422d1ff/userFiles-f6c16961-9835-4717-8450-7605f9a08af6/fetchFileTemp2659799507992099578.tmp
[2022-07-22 18:51:25,149] {subprocess.py:89} INFO - 22/07/22 18:51:25 INFO Utils: /tmp/spark-82bbd1e5-c296-4a7a-8417-938a9422d1ff/userFiles-f6c16961-9835-4717-8450-7605f9a08af6/fetchFileTemp2659799507992099578.tmp has been previously copied to /tmp/spark-82bbd1e5-c296-4a7a-8417-938a9422d1ff/userFiles-f6c16961-9835-4717-8450-7605f9a08af6/org.abego.treelayout_org.abego.treelayout.core-1.0.3.jar
[2022-07-22 18:51:25,153] {subprocess.py:89} INFO - 22/07/22 18:51:25 INFO Executor: Adding file:/tmp/spark-82bbd1e5-c296-4a7a-8417-938a9422d1ff/userFiles-f6c16961-9835-4717-8450-7605f9a08af6/org.abego.treelayout_org.abego.treelayout.core-1.0.3.jar to class loader
[2022-07-22 18:51:25,153] {subprocess.py:89} INFO - 22/07/22 18:51:25 INFO Executor: Fetching spark://1c7b2e19b45f:46407/jars/com.ibm.icu_icu4j-58.2.jar with timestamp 1658515884089
[2022-07-22 18:51:25,165] {subprocess.py:89} INFO - 22/07/22 18:51:25 INFO Utils: Fetching spark://1c7b2e19b45f:46407/jars/com.ibm.icu_icu4j-58.2.jar to /tmp/spark-82bbd1e5-c296-4a7a-8417-938a9422d1ff/userFiles-f6c16961-9835-4717-8450-7605f9a08af6/fetchFileTemp3847021374819235584.tmp
[2022-07-22 18:51:25,215] {subprocess.py:89} INFO - 22/07/22 18:51:25 INFO Utils: /tmp/spark-82bbd1e5-c296-4a7a-8417-938a9422d1ff/userFiles-f6c16961-9835-4717-8450-7605f9a08af6/fetchFileTemp3847021374819235584.tmp has been previously copied to /tmp/spark-82bbd1e5-c296-4a7a-8417-938a9422d1ff/userFiles-f6c16961-9835-4717-8450-7605f9a08af6/com.ibm.icu_icu4j-58.2.jar
[2022-07-22 18:51:25,221] {subprocess.py:89} INFO - 22/07/22 18:51:25 INFO Executor: Adding file:/tmp/spark-82bbd1e5-c296-4a7a-8417-938a9422d1ff/userFiles-f6c16961-9835-4717-8450-7605f9a08af6/com.ibm.icu_icu4j-58.2.jar to class loader
[2022-07-22 18:51:25,221] {subprocess.py:89} INFO - 22/07/22 18:51:25 INFO Executor: Fetching spark://1c7b2e19b45f:46407/jars/org.antlr_ST4-4.0.8.jar with timestamp 1658515884089
[2022-07-22 18:51:25,221] {subprocess.py:89} INFO - 22/07/22 18:51:25 INFO Utils: Fetching spark://1c7b2e19b45f:46407/jars/org.antlr_ST4-4.0.8.jar to /tmp/spark-82bbd1e5-c296-4a7a-8417-938a9422d1ff/userFiles-f6c16961-9835-4717-8450-7605f9a08af6/fetchFileTemp3266974076817222628.tmp
[2022-07-22 18:51:25,227] {subprocess.py:89} INFO - 22/07/22 18:51:25 INFO Utils: /tmp/spark-82bbd1e5-c296-4a7a-8417-938a9422d1ff/userFiles-f6c16961-9835-4717-8450-7605f9a08af6/fetchFileTemp3266974076817222628.tmp has been previously copied to /tmp/spark-82bbd1e5-c296-4a7a-8417-938a9422d1ff/userFiles-f6c16961-9835-4717-8450-7605f9a08af6/org.antlr_ST4-4.0.8.jar
[2022-07-22 18:51:25,230] {subprocess.py:89} INFO - 22/07/22 18:51:25 INFO Executor: Adding file:/tmp/spark-82bbd1e5-c296-4a7a-8417-938a9422d1ff/userFiles-f6c16961-9835-4717-8450-7605f9a08af6/org.antlr_ST4-4.0.8.jar to class loader
[2022-07-22 18:51:25,231] {subprocess.py:89} INFO - 22/07/22 18:51:25 INFO Executor: Fetching spark://1c7b2e19b45f:46407/jars/org.antlr_antlr4-runtime-4.7.jar with timestamp 1658515884089
[2022-07-22 18:51:25,231] {subprocess.py:89} INFO - 22/07/22 18:51:25 INFO Utils: Fetching spark://1c7b2e19b45f:46407/jars/org.antlr_antlr4-runtime-4.7.jar to /tmp/spark-82bbd1e5-c296-4a7a-8417-938a9422d1ff/userFiles-f6c16961-9835-4717-8450-7605f9a08af6/fetchFileTemp8714894735394563136.tmp
[2022-07-22 18:51:25,233] {subprocess.py:89} INFO - 22/07/22 18:51:25 INFO Utils: /tmp/spark-82bbd1e5-c296-4a7a-8417-938a9422d1ff/userFiles-f6c16961-9835-4717-8450-7605f9a08af6/fetchFileTemp8714894735394563136.tmp has been previously copied to /tmp/spark-82bbd1e5-c296-4a7a-8417-938a9422d1ff/userFiles-f6c16961-9835-4717-8450-7605f9a08af6/org.antlr_antlr4-runtime-4.7.jar
[2022-07-22 18:51:25,239] {subprocess.py:89} INFO - 22/07/22 18:51:25 INFO Executor: Adding file:/tmp/spark-82bbd1e5-c296-4a7a-8417-938a9422d1ff/userFiles-f6c16961-9835-4717-8450-7605f9a08af6/org.antlr_antlr4-runtime-4.7.jar to class loader
[2022-07-22 18:51:25,247] {subprocess.py:89} INFO - 22/07/22 18:51:25 INFO Utils: Successfully started service 'org.apache.spark.network.netty.NettyBlockTransferService' on port 41143.
[2022-07-22 18:51:25,248] {subprocess.py:89} INFO - 22/07/22 18:51:25 INFO NettyBlockTransferService: Server created on 1c7b2e19b45f:41143
[2022-07-22 18:51:25,250] {subprocess.py:89} INFO - 22/07/22 18:51:25 INFO BlockManager: Using org.apache.spark.storage.RandomBlockReplicationPolicy for block replication policy
[2022-07-22 18:51:25,261] {subprocess.py:89} INFO - 22/07/22 18:51:25 INFO BlockManagerMaster: Registering BlockManager BlockManagerId(driver, 1c7b2e19b45f, 41143, None)
[2022-07-22 18:51:25,265] {subprocess.py:89} INFO - 22/07/22 18:51:25 INFO BlockManagerMasterEndpoint: Registering block manager 1c7b2e19b45f:41143 with 366.3 MiB RAM, BlockManagerId(driver, 1c7b2e19b45f, 41143, None)
[2022-07-22 18:51:25,270] {subprocess.py:89} INFO - 22/07/22 18:51:25 INFO BlockManagerMaster: Registered BlockManager BlockManagerId(driver, 1c7b2e19b45f, 41143, None)
[2022-07-22 18:51:25,273] {subprocess.py:89} INFO - 22/07/22 18:51:25 INFO BlockManager: Initialized BlockManager: BlockManagerId(driver, 1c7b2e19b45f, 41143, None)
[2022-07-22 18:51:25,817] {subprocess.py:89} INFO - 22/07/22 18:51:25 INFO SharedState: Setting hive.metastore.warehouse.dir ('null') to the value of spark.sql.warehouse.dir ('file:/tmp/***tmpfnivlciq/spark-warehouse').
[2022-07-22 18:51:25,818] {subprocess.py:89} INFO - 22/07/22 18:51:25 INFO SharedState: Warehouse path is 'file:/tmp/***tmpfnivlciq/spark-warehouse'.
[2022-07-22 18:51:26,546] {local_task_job.py:212} WARNING - State of this instance has been externally set to skipped. Terminating instance.
[2022-07-22 18:51:26,547] {process_utils.py:124} INFO - Sending Signals.SIGTERM to group 3035. PIDs of all processes in the group: [3036, 3074, 3035]
[2022-07-22 18:51:26,547] {process_utils.py:75} INFO - Sending the signal Signals.SIGTERM to group 3035
[2022-07-22 18:51:26,550] {taskinstance.py:1408} ERROR - Received SIGTERM. Terminating subprocesses.
[2022-07-22 18:51:26,550] {subprocess.py:99} INFO - Sending SIGTERM signal to process group
[2022-07-22 18:51:26,601] {process_utils.py:70} INFO - Process psutil.Process(pid=3035, status='terminated', exitcode=0, started='18:51:20') (3035) terminated with exit code 0
[2022-07-22 18:51:26,602] {process_utils.py:70} INFO - Process psutil.Process(pid=3074, status='terminated', started='18:51:22') (3074) terminated with exit code None
[2022-07-22 18:51:26,696] {process_utils.py:70} INFO - Process psutil.Process(pid=3036, status='terminated', started='18:51:20') (3036) terminated with exit code None
