[2022-06-22 20:36:36,274] {taskinstance.py:1032} INFO - Dependencies all met for <TaskInstance: f101_to_csv.download_f101_dm_csv scheduled__2022-06-21T20:36:06.966050+00:00 [queued]>
[2022-06-22 20:36:36,282] {taskinstance.py:1032} INFO - Dependencies all met for <TaskInstance: f101_to_csv.download_f101_dm_csv scheduled__2022-06-21T20:36:06.966050+00:00 [queued]>
[2022-06-22 20:36:36,282] {taskinstance.py:1238} INFO - 
--------------------------------------------------------------------------------
[2022-06-22 20:36:36,282] {taskinstance.py:1239} INFO - Starting attempt 1 of 2
[2022-06-22 20:36:36,282] {taskinstance.py:1240} INFO - 
--------------------------------------------------------------------------------
[2022-06-22 20:36:36,291] {taskinstance.py:1259} INFO - Executing <Task(PythonOperator): download_f101_dm_csv> on 2022-06-21 20:36:06.966050+00:00
[2022-06-22 20:36:36,294] {standard_task_runner.py:52} INFO - Started process 3088 to run task
[2022-06-22 20:36:36,297] {standard_task_runner.py:76} INFO - Running: ['***', 'tasks', 'run', 'f101_to_csv', 'download_f101_dm_csv', 'scheduled__2022-06-21T20:36:06.966050+00:00', '--job-id', '1142', '--raw', '--subdir', 'DAGS_FOLDER/f101_to_local.py', '--cfg-path', '/tmp/tmpyo9db0e2', '--error-file', '/tmp/tmpfzgwlr5o']
[2022-06-22 20:36:36,298] {standard_task_runner.py:77} INFO - Job 1142: Subtask download_f101_dm_csv
[2022-06-22 20:36:36,342] {logging_mixin.py:109} INFO - Running <TaskInstance: f101_to_csv.download_f101_dm_csv scheduled__2022-06-21T20:36:06.966050+00:00 [running]> on host bc39be91d060
[2022-06-22 20:36:36,379] {taskinstance.py:1426} INFO - Exporting the following env vars:
AIRFLOW_CTX_DAG_OWNER=***
AIRFLOW_CTX_DAG_ID=f101_to_csv
AIRFLOW_CTX_TASK_ID=download_f101_dm_csv
AIRFLOW_CTX_EXECUTION_DATE=2022-06-21T20:36:06.966050+00:00
AIRFLOW_CTX_DAG_RUN_ID=scheduled__2022-06-21T20:36:06.966050+00:00
[2022-06-22 20:36:36,426] {ToLocal.py:46} INFO - Table dm_f101_round_f has alredy downloaded in /opt/***/csv/dm/dm_f101_round_f.csv. 
[2022-06-22 20:36:36,426] {taskinstance.py:1700} ERROR - Task failed with exception
Traceback (most recent call last):
  File "/home/airflow/.local/lib/python3.7/site-packages/airflow/models/taskinstance.py", line 1329, in _run_raw_task
    self._execute_task_with_callbacks(context)
  File "/home/airflow/.local/lib/python3.7/site-packages/airflow/models/taskinstance.py", line 1455, in _execute_task_with_callbacks
    result = self._execute_task(context, self.task)
  File "/home/airflow/.local/lib/python3.7/site-packages/airflow/models/taskinstance.py", line 1511, in _execute_task
    result = execute_callable(context=context)
  File "/home/airflow/.local/lib/python3.7/site-packages/airflow/operators/python.py", line 174, in execute
    return_value = self.execute_callable()
  File "/home/airflow/.local/lib/python3.7/site-packages/airflow/operators/python.py", line 185, in execute_callable
    return self.python_callable(*self.op_args, **self.op_kwargs)
  File "/usr/local/lib/python3.7/site-packages/core/ToLocal.py", line 47, in save_to_local
    condition += messege
UnboundLocalError: local variable 'condition' referenced before assignment
[2022-06-22 20:36:36,437] {taskinstance.py:1277} INFO - Marking task as UP_FOR_RETRY. dag_id=f101_to_csv, task_id=download_f101_dm_csv, execution_date=20220621T203606, start_date=20220622T203636, end_date=20220622T203636
[2022-06-22 20:36:36,450] {standard_task_runner.py:92} ERROR - Failed to execute job 1142 for task download_f101_dm_csv
Traceback (most recent call last):
  File "/home/airflow/.local/lib/python3.7/site-packages/airflow/task/task_runner/standard_task_runner.py", line 85, in _start_by_fork
    args.func(args, dag=self.dag)
  File "/home/airflow/.local/lib/python3.7/site-packages/airflow/cli/cli_parser.py", line 48, in command
    return func(*args, **kwargs)
  File "/home/airflow/.local/lib/python3.7/site-packages/airflow/utils/cli.py", line 92, in wrapper
    return f(*args, **kwargs)
  File "/home/airflow/.local/lib/python3.7/site-packages/airflow/cli/commands/task_command.py", line 298, in task_run
    _run_task_by_selected_method(args, dag, ti)
  File "/home/airflow/.local/lib/python3.7/site-packages/airflow/cli/commands/task_command.py", line 107, in _run_task_by_selected_method
    _run_raw_task(args, ti)
  File "/home/airflow/.local/lib/python3.7/site-packages/airflow/cli/commands/task_command.py", line 184, in _run_raw_task
    error_file=args.error_file,
  File "/home/airflow/.local/lib/python3.7/site-packages/airflow/utils/session.py", line 70, in wrapper
    return func(*args, session=session, **kwargs)
  File "/home/airflow/.local/lib/python3.7/site-packages/airflow/models/taskinstance.py", line 1329, in _run_raw_task
    self._execute_task_with_callbacks(context)
  File "/home/airflow/.local/lib/python3.7/site-packages/airflow/models/taskinstance.py", line 1455, in _execute_task_with_callbacks
    result = self._execute_task(context, self.task)
  File "/home/airflow/.local/lib/python3.7/site-packages/airflow/models/taskinstance.py", line 1511, in _execute_task
    result = execute_callable(context=context)
  File "/home/airflow/.local/lib/python3.7/site-packages/airflow/operators/python.py", line 174, in execute
    return_value = self.execute_callable()
  File "/home/airflow/.local/lib/python3.7/site-packages/airflow/operators/python.py", line 185, in execute_callable
    return self.python_callable(*self.op_args, **self.op_kwargs)
  File "/usr/local/lib/python3.7/site-packages/core/ToLocal.py", line 47, in save_to_local
    condition += messege
UnboundLocalError: local variable 'condition' referenced before assignment
[2022-06-22 20:36:36,470] {local_task_job.py:154} INFO - Task exited with return code 1
[2022-06-22 20:36:36,498] {local_task_job.py:264} INFO - 0 downstream tasks scheduled from follow-on schedule check
