[2022-06-22 07:45:26,798] {taskinstance.py:1032} INFO - Dependencies all met for <TaskInstance: DM-COUNT-f101_round_f.count_f101-17 scheduled__2022-06-20T16:20:07.188456+00:00 [queued]>
[2022-06-22 07:45:26,858] {taskinstance.py:1032} INFO - Dependencies all met for <TaskInstance: DM-COUNT-f101_round_f.count_f101-17 scheduled__2022-06-20T16:20:07.188456+00:00 [queued]>
[2022-06-22 07:45:26,858] {taskinstance.py:1238} INFO - 
--------------------------------------------------------------------------------
[2022-06-22 07:45:26,858] {taskinstance.py:1239} INFO - Starting attempt 1 of 2
[2022-06-22 07:45:26,858] {taskinstance.py:1240} INFO - 
--------------------------------------------------------------------------------
[2022-06-22 07:45:26,908] {taskinstance.py:1259} INFO - Executing <Task(PostgresOperator): count_f101-17> on 2022-06-20 16:20:07.188456+00:00
[2022-06-22 07:45:26,939] {standard_task_runner.py:52} INFO - Started process 288 to run task
[2022-06-22 07:45:26,965] {standard_task_runner.py:76} INFO - Running: ['***', 'tasks', 'run', 'DM-COUNT-f101_round_f', 'count_f101-17', 'scheduled__2022-06-20T16:20:07.188456+00:00', '--job-id', '939', '--raw', '--subdir', 'DAGS_FOLDER/f_101_round_f.py', '--cfg-path', '/tmp/tmpla867p41', '--error-file', '/tmp/tmpmscmz943']
[2022-06-22 07:45:26,968] {standard_task_runner.py:77} INFO - Job 939: Subtask count_f101-17
[2022-06-22 07:45:27,257] {logging_mixin.py:109} INFO - Running <TaskInstance: DM-COUNT-f101_round_f.count_f101-17 scheduled__2022-06-20T16:20:07.188456+00:00 [running]> on host a0a302277daf
[2022-06-22 07:45:27,677] {taskinstance.py:1426} INFO - Exporting the following env vars:
AIRFLOW_CTX_DAG_OWNER=***
AIRFLOW_CTX_DAG_ID=DM-COUNT-f101_round_f
AIRFLOW_CTX_TASK_ID=count_f101-17
AIRFLOW_CTX_EXECUTION_DATE=2022-06-20T16:20:07.188456+00:00
AIRFLOW_CTX_DAG_RUN_ID=scheduled__2022-06-20T16:20:07.188456+00:00
[2022-06-22 07:45:27,703] {base.py:79} INFO - Using connection to: id: postgres. Host: postgres, Port: 5432, Schema: postgres, Login: ***, Password: ***, extra: {}
[2022-06-22 07:45:27,719] {dbapi.py:225} INFO - Running statement: CALL dm.fill_f101_round_f (%(date)s::date);, parameters: {'date': '2018-01-17'}
[2022-06-22 07:45:28,026] {taskinstance.py:1277} INFO - Marking task as SUCCESS. dag_id=DM-COUNT-f101_round_f, task_id=count_f101-17, execution_date=20220620T162007, start_date=20220622T074526, end_date=20220622T074528
[2022-06-22 07:45:28,080] {local_task_job.py:154} INFO - Task exited with return code 0
[2022-06-22 07:45:28,227] {local_task_job.py:264} INFO - 0 downstream tasks scheduled from follow-on schedule check
