[2022-06-25 19:56:30,720] {taskinstance.py:1032} INFO - Dependencies all met for <TaskInstance: f101_from_csv_to_db.update_double_f101_dm_csv manual__2022-06-25T19:56:27.871222+00:00 [queued]>
[2022-06-25 19:56:30,730] {taskinstance.py:1032} INFO - Dependencies all met for <TaskInstance: f101_from_csv_to_db.update_double_f101_dm_csv manual__2022-06-25T19:56:27.871222+00:00 [queued]>
[2022-06-25 19:56:30,730] {taskinstance.py:1238} INFO - 
--------------------------------------------------------------------------------
[2022-06-25 19:56:30,730] {taskinstance.py:1239} INFO - Starting attempt 1 of 2
[2022-06-25 19:56:30,730] {taskinstance.py:1240} INFO - 
--------------------------------------------------------------------------------
[2022-06-25 19:56:30,751] {taskinstance.py:1259} INFO - Executing <Task(PythonOperator): update_double_f101_dm_csv> on 2022-06-25 19:56:27.871222+00:00
[2022-06-25 19:56:30,756] {standard_task_runner.py:52} INFO - Started process 1204 to run task
[2022-06-25 19:56:30,759] {standard_task_runner.py:76} INFO - Running: ['***', 'tasks', 'run', 'f101_from_csv_to_db', 'update_double_f101_dm_csv', 'manual__2022-06-25T19:56:27.871222+00:00', '--job-id', '1410', '--raw', '--subdir', 'DAGS_FOLDER/f101_from_local.py', '--cfg-path', '/tmp/tmpupgijdg_', '--error-file', '/tmp/tmporpn4dtl']
[2022-06-25 19:56:30,761] {standard_task_runner.py:77} INFO - Job 1410: Subtask update_double_f101_dm_csv
[2022-06-25 19:56:30,833] {logging_mixin.py:109} INFO - Running <TaskInstance: f101_from_csv_to_db.update_double_f101_dm_csv manual__2022-06-25T19:56:27.871222+00:00 [running]> on host 1a36ba6d0ffa
[2022-06-25 19:56:30,883] {taskinstance.py:1426} INFO - Exporting the following env vars:
AIRFLOW_CTX_DAG_OWNER=***
AIRFLOW_CTX_DAG_ID=f101_from_csv_to_db
AIRFLOW_CTX_TASK_ID=update_double_f101_dm_csv
AIRFLOW_CTX_EXECUTION_DATE=2022-06-25T19:56:27.871222+00:00
AIRFLOW_CTX_DAG_RUN_ID=manual__2022-06-25T19:56:27.871222+00:00
[2022-06-25 19:56:30,929] {FromLocal.py:65} INFO - Column from_date changed date-time format
[2022-06-25 19:56:30,930] {FromLocal.py:65} INFO - Column to_date changed date-time format
[2022-06-25 19:56:30,930] {FromLocal.py:71} INFO - Table dm_f101_round_f_v2 read in pandas success. 
[2022-06-25 19:56:30,970] {FromLocal.py:72} INFO - 
    from_date    to_date  ... balance_out_total  r_balance_out_total
0 2018-01-01 2018-01-31  ...              0.00                  NaN
1 2018-01-01 2018-01-31  ...        2796528.22                  NaN
2 2018-01-01 2018-01-31  ...         424336.82                  NaN
3 2018-01-01 2018-01-31  ...              0.00                  NaN
4 2018-01-01 2018-01-31  ...        1131304.48                  NaN

[5 rows x 29 columns]
[2022-06-25 19:56:31,031] {FromLocal.py:100} INFO -  Table dm_f101_round_f_v2 in ds schema has updated success. 
[2022-06-25 19:56:36,048] {python.py:175} INFO - Done. Returned value was: None
[2022-06-25 19:56:36,057] {taskinstance.py:1277} INFO - Marking task as SUCCESS. dag_id=f101_from_csv_to_db, task_id=update_double_f101_dm_csv, execution_date=20220625T195627, start_date=20220625T195630, end_date=20220625T195636
[2022-06-25 19:56:36,105] {local_task_job.py:154} INFO - Task exited with return code 0
[2022-06-25 19:56:36,140] {local_task_job.py:264} INFO - 1 downstream tasks scheduled from follow-on schedule check
