[2022-06-06 10:37:12,235] {taskinstance.py:1159} INFO - Dependencies all met for <TaskInstance: CSV_TO_DS.create_schema_and_tables_logs manual__2022-06-06T10:37:06.587093+00:00 [queued]>
[2022-06-06 10:37:12,249] {taskinstance.py:1159} INFO - Dependencies all met for <TaskInstance: CSV_TO_DS.create_schema_and_tables_logs manual__2022-06-06T10:37:06.587093+00:00 [queued]>
[2022-06-06 10:37:12,249] {taskinstance.py:1356} INFO - 
--------------------------------------------------------------------------------
[2022-06-06 10:37:12,249] {taskinstance.py:1357} INFO - Starting attempt 1 of 2
[2022-06-06 10:37:12,249] {taskinstance.py:1358} INFO - 
--------------------------------------------------------------------------------
[2022-06-06 10:37:12,288] {taskinstance.py:1377} INFO - Executing <Task(PostgresOperator): create_schema_and_tables_logs> on 2022-06-06 10:37:06.587093+00:00
[2022-06-06 10:37:12,291] {standard_task_runner.py:52} INFO - Started process 1395 to run task
[2022-06-06 10:37:12,313] {standard_task_runner.py:79} INFO - Running: ['***', 'tasks', 'run', 'CSV_TO_DS', 'create_schema_and_tables_logs', 'manual__2022-06-06T10:37:06.587093+00:00', '--job-id', '28', '--raw', '--subdir', 'DAGS_FOLDER/csv_to_ds.py', '--cfg-path', '/tmp/tmp8looz697', '--error-file', '/tmp/tmpvl7ip5oq']
[2022-06-06 10:37:12,316] {standard_task_runner.py:80} INFO - Job 28: Subtask create_schema_and_tables_logs
[2022-06-06 10:37:12,496] {task_command.py:370} INFO - Running <TaskInstance: CSV_TO_DS.create_schema_and_tables_logs manual__2022-06-06T10:37:06.587093+00:00 [running]> on host 33a1fdf44d41
[2022-06-06 10:37:12,811] {taskinstance.py:1571} INFO - Exporting the following env vars:
AIRFLOW_CTX_DAG_OWNER=***
AIRFLOW_CTX_DAG_ID=CSV_TO_DS
AIRFLOW_CTX_TASK_ID=create_schema_and_tables_logs
AIRFLOW_CTX_EXECUTION_DATE=2022-06-06T10:37:06.587093+00:00
AIRFLOW_CTX_TRY_NUMBER=1
AIRFLOW_CTX_DAG_RUN_ID=manual__2022-06-06T10:37:06.587093+00:00
[2022-06-06 10:37:12,848] {base.py:68} INFO - Using connection ID 'postgres' for task execution.
[2022-06-06 10:37:12,855] {dbapi.py:213} INFO - Running statement: CREATE SCHEMA IF NOT EXISTS logs;

CREATE TABLE IF NOT EXISTS logs.load_csv_to_ds (
    ID SERIAL PRIMARY KEY,
    TABLE_NAME INT,
    CSV_PATH INT,
    TIME_START_LOAD TIMESTAMP DEFAULT CURRENT_TIMESTAMP(0),
    TIME_END_LOAD TIMESTAMP,
    condition TEXT
);, parameters: None
[2022-06-06 10:37:12,932] {taskinstance.py:1400} INFO - Marking task as SUCCESS. dag_id=CSV_TO_DS, task_id=create_schema_and_tables_logs, execution_date=20220606T103706, start_date=20220606T103712, end_date=20220606T103712
[2022-06-06 10:37:13,043] {local_task_job.py:156} INFO - Task exited with return code 0
[2022-06-06 10:37:13,276] {local_task_job.py:273} INFO - 0 downstream tasks scheduled from follow-on schedule check
