[2022-06-25 19:47:10,574] {taskinstance.py:1032} INFO - Dependencies all met for <TaskInstance: DM-COUNT-f101_round_f.count_f101-22 scheduled__2022-06-24T19:47:05.358363+00:00 [queued]>
[2022-06-25 19:47:10,707] {taskinstance.py:1032} INFO - Dependencies all met for <TaskInstance: DM-COUNT-f101_round_f.count_f101-22 scheduled__2022-06-24T19:47:05.358363+00:00 [queued]>
[2022-06-25 19:47:10,707] {taskinstance.py:1238} INFO - 
--------------------------------------------------------------------------------
[2022-06-25 19:47:10,707] {taskinstance.py:1239} INFO - Starting attempt 1 of 2
[2022-06-25 19:47:10,707] {taskinstance.py:1240} INFO - 
--------------------------------------------------------------------------------
[2022-06-25 19:47:10,761] {taskinstance.py:1259} INFO - Executing <Task(PostgresOperator): count_f101-22> on 2022-06-24 19:47:05.358363+00:00
[2022-06-25 19:47:10,776] {standard_task_runner.py:52} INFO - Started process 722 to run task
[2022-06-25 19:47:10,799] {standard_task_runner.py:76} INFO - Running: ['***', 'tasks', 'run', 'DM-COUNT-f101_round_f', 'count_f101-22', 'scheduled__2022-06-24T19:47:05.358363+00:00', '--job-id', '1378', '--raw', '--subdir', 'DAGS_FOLDER/f_101_round_f.py', '--cfg-path', '/tmp/tmp7sjf0ty7', '--error-file', '/tmp/tmphvxl24zz']
[2022-06-25 19:47:10,800] {standard_task_runner.py:77} INFO - Job 1378: Subtask count_f101-22
[2022-06-25 19:47:11,232] {logging_mixin.py:109} INFO - Running <TaskInstance: DM-COUNT-f101_round_f.count_f101-22 scheduled__2022-06-24T19:47:05.358363+00:00 [running]> on host 1a36ba6d0ffa
[2022-06-25 19:47:11,420] {taskinstance.py:1426} INFO - Exporting the following env vars:
AIRFLOW_CTX_DAG_OWNER=***
AIRFLOW_CTX_DAG_ID=DM-COUNT-f101_round_f
AIRFLOW_CTX_TASK_ID=count_f101-22
AIRFLOW_CTX_EXECUTION_DATE=2022-06-24T19:47:05.358363+00:00
AIRFLOW_CTX_DAG_RUN_ID=scheduled__2022-06-24T19:47:05.358363+00:00
[2022-06-25 19:47:11,470] {base.py:79} INFO - Using connection to: id: postgres. Host: postgres, Port: 5432, Schema: postgres, Login: ***, Password: ***, extra: {}
[2022-06-25 19:47:11,510] {dbapi.py:225} INFO - Running statement: CALL dm.fill_f101_round_f (%(date)s::date);, parameters: {'date': '2018-01-22'}
[2022-06-25 19:47:11,827] {taskinstance.py:1277} INFO - Marking task as SUCCESS. dag_id=DM-COUNT-f101_round_f, task_id=count_f101-22, execution_date=20220624T194705, start_date=20220625T194710, end_date=20220625T194711
[2022-06-25 19:47:11,880] {local_task_job.py:154} INFO - Task exited with return code 0
[2022-06-25 19:47:12,102] {local_task_job.py:264} INFO - 0 downstream tasks scheduled from follow-on schedule check
