[2022-06-22 08:21:38,275] {taskinstance.py:1032} INFO - Dependencies all met for <TaskInstance: DM-COUNT-f101_round_f.count_f101-7 manual__2022-06-22T08:21:30.607444+00:00 [queued]>
[2022-06-22 08:21:38,340] {taskinstance.py:1032} INFO - Dependencies all met for <TaskInstance: DM-COUNT-f101_round_f.count_f101-7 manual__2022-06-22T08:21:30.607444+00:00 [queued]>
[2022-06-22 08:21:38,340] {taskinstance.py:1238} INFO - 
--------------------------------------------------------------------------------
[2022-06-22 08:21:38,341] {taskinstance.py:1239} INFO - Starting attempt 1 of 2
[2022-06-22 08:21:38,342] {taskinstance.py:1240} INFO - 
--------------------------------------------------------------------------------
[2022-06-22 08:21:38,366] {taskinstance.py:1259} INFO - Executing <Task(PostgresOperator): count_f101-7> on 2022-06-22 08:21:30.607444+00:00
[2022-06-22 08:21:38,377] {standard_task_runner.py:52} INFO - Started process 2066 to run task
[2022-06-22 08:21:38,390] {standard_task_runner.py:76} INFO - Running: ['***', 'tasks', 'run', 'DM-COUNT-f101_round_f', 'count_f101-7', 'manual__2022-06-22T08:21:30.607444+00:00', '--job-id', '1002', '--raw', '--subdir', 'DAGS_FOLDER/f_101_round_f.py', '--cfg-path', '/tmp/tmpxfz_bbpb', '--error-file', '/tmp/tmp3mhbywvg']
[2022-06-22 08:21:38,391] {standard_task_runner.py:77} INFO - Job 1002: Subtask count_f101-7
[2022-06-22 08:21:38,623] {logging_mixin.py:109} INFO - Running <TaskInstance: DM-COUNT-f101_round_f.count_f101-7 manual__2022-06-22T08:21:30.607444+00:00 [running]> on host a0a302277daf
[2022-06-22 08:21:38,870] {taskinstance.py:1426} INFO - Exporting the following env vars:
AIRFLOW_CTX_DAG_OWNER=***
AIRFLOW_CTX_DAG_ID=DM-COUNT-f101_round_f
AIRFLOW_CTX_TASK_ID=count_f101-7
AIRFLOW_CTX_EXECUTION_DATE=2022-06-22T08:21:30.607444+00:00
AIRFLOW_CTX_DAG_RUN_ID=manual__2022-06-22T08:21:30.607444+00:00
[2022-06-22 08:21:38,885] {base.py:79} INFO - Using connection to: id: postgres. Host: postgres, Port: 5432, Schema: postgres, Login: ***, Password: ***, extra: {}
[2022-06-22 08:21:38,899] {dbapi.py:225} INFO - Running statement: CALL dm.fill_f101_round_f (%(date)s::date);, parameters: {'date': '2018-01-7'}
[2022-06-22 08:21:39,483] {taskinstance.py:1277} INFO - Marking task as SUCCESS. dag_id=DM-COUNT-f101_round_f, task_id=count_f101-7, execution_date=20220622T082130, start_date=20220622T082138, end_date=20220622T082139
[2022-06-22 08:21:39,593] {local_task_job.py:154} INFO - Task exited with return code 0
[2022-06-22 08:21:40,560] {local_task_job.py:264} INFO - 0 downstream tasks scheduled from follow-on schedule check
