[2022-07-22 18:53:56,448] {taskinstance.py:1032} INFO - Dependencies all met for <TaskInstance: MIRR_MD_ACCOUNT_D.load_mirror_md_account_d manual__2022-07-22T18:53:54.559616+00:00 [queued]>
[2022-07-22 18:53:56,456] {taskinstance.py:1032} INFO - Dependencies all met for <TaskInstance: MIRR_MD_ACCOUNT_D.load_mirror_md_account_d manual__2022-07-22T18:53:54.559616+00:00 [queued]>
[2022-07-22 18:53:56,456] {taskinstance.py:1238} INFO - 
--------------------------------------------------------------------------------
[2022-07-22 18:53:56,457] {taskinstance.py:1239} INFO - Starting attempt 1 of 2
[2022-07-22 18:53:56,457] {taskinstance.py:1240} INFO - 
--------------------------------------------------------------------------------
[2022-07-22 18:53:56,464] {taskinstance.py:1259} INFO - Executing <Task(BashOperator): load_mirror_md_account_d> on 2022-07-22 18:53:54.559616+00:00
[2022-07-22 18:53:56,468] {standard_task_runner.py:52} INFO - Started process 3306 to run task
[2022-07-22 18:53:56,471] {standard_task_runner.py:76} INFO - Running: ['***', 'tasks', 'run', 'MIRR_MD_ACCOUNT_D', 'load_mirror_md_account_d', 'manual__2022-07-22T18:53:54.559616+00:00', '--job-id', '125', '--raw', '--subdir', 'DAGS_FOLDER/mirror_calc.py', '--cfg-path', '/tmp/tmpb6dn62xz', '--error-file', '/tmp/tmpup6hj66z']
[2022-07-22 18:53:56,471] {standard_task_runner.py:77} INFO - Job 125: Subtask load_mirror_md_account_d
[2022-07-22 18:53:56,512] {logging_mixin.py:109} INFO - Running <TaskInstance: MIRR_MD_ACCOUNT_D.load_mirror_md_account_d manual__2022-07-22T18:53:54.559616+00:00 [running]> on host 1c7b2e19b45f
[2022-07-22 18:53:56,551] {taskinstance.py:1426} INFO - Exporting the following env vars:
AIRFLOW_CTX_DAG_OWNER=***
AIRFLOW_CTX_DAG_ID=MIRR_MD_ACCOUNT_D
AIRFLOW_CTX_TASK_ID=load_mirror_md_account_d
AIRFLOW_CTX_EXECUTION_DATE=2022-07-22T18:53:54.559616+00:00
AIRFLOW_CTX_DAG_RUN_ID=manual__2022-07-22T18:53:54.559616+00:00
[2022-07-22 18:53:56,552] {subprocess.py:62} INFO - Tmp dir root location: 
 /tmp
[2022-07-22 18:53:56,552] {subprocess.py:74} INFO - Running command: ['bash', '-c', 'spark-submit --packages io.delta:delta-core_2.12:1.0.0 --conf "spark.sql.extensions=io.delta.sql.DeltaSparkSessionExtension" --conf "spark.sql.catalog.spark_catalog=org.apache.spark.sql.delta.catalog.DeltaCatalog" /opt/***/core/test.py']
[2022-07-22 18:53:56,560] {subprocess.py:85} INFO - Output:
[2022-07-22 18:53:57,725] {subprocess.py:89} INFO - :: loading settings :: url = jar:file:/usr/local/spark/assembly/target/scala-2.12/jars/ivy-2.4.0.jar!/org/apache/ivy/core/settings/ivysettings.xml
[2022-07-22 18:53:57,793] {subprocess.py:89} INFO - Ivy Default Cache set to: /home/***/.ivy2/cache
[2022-07-22 18:53:57,793] {subprocess.py:89} INFO - The jars for the packages stored in: /home/***/.ivy2/jars
[2022-07-22 18:53:57,798] {subprocess.py:89} INFO - io.delta#delta-core_2.12 added as a dependency
[2022-07-22 18:53:57,799] {subprocess.py:89} INFO - :: resolving dependencies :: org.apache.spark#spark-submit-parent-33f1c88f-a010-4201-a6f5-34d4f5679e02;1.0
[2022-07-22 18:53:57,799] {subprocess.py:89} INFO - 	confs: [default]
[2022-07-22 18:53:57,893] {subprocess.py:89} INFO - 	found io.delta#delta-core_2.12;1.0.0 in central
[2022-07-22 18:53:57,916] {subprocess.py:89} INFO - 	found org.antlr#antlr4;4.7 in central
[2022-07-22 18:53:57,940] {subprocess.py:89} INFO - 	found org.antlr#antlr4-runtime;4.7 in central
[2022-07-22 18:53:57,967] {subprocess.py:89} INFO - 	found org.antlr#antlr-runtime;3.5.2 in central
[2022-07-22 18:53:57,982] {subprocess.py:89} INFO - 	found org.antlr#ST4;4.0.8 in central
[2022-07-22 18:53:57,998] {subprocess.py:89} INFO - 	found org.abego.treelayout#org.abego.treelayout.core;1.0.3 in central
[2022-07-22 18:53:58,011] {subprocess.py:89} INFO - 	found org.glassfish#javax.json;1.0.4 in central
[2022-07-22 18:53:58,022] {subprocess.py:89} INFO - 	found com.ibm.icu#icu4j;58.2 in central
[2022-07-22 18:53:58,045] {subprocess.py:89} INFO - :: resolution report :: resolve 238ms :: artifacts dl 7ms
[2022-07-22 18:53:58,045] {subprocess.py:89} INFO - 	:: modules in use:
[2022-07-22 18:53:58,045] {subprocess.py:89} INFO - 	com.ibm.icu#icu4j;58.2 from central in [default]
[2022-07-22 18:53:58,045] {subprocess.py:89} INFO - 	io.delta#delta-core_2.12;1.0.0 from central in [default]
[2022-07-22 18:53:58,045] {subprocess.py:89} INFO - 	org.abego.treelayout#org.abego.treelayout.core;1.0.3 from central in [default]
[2022-07-22 18:53:58,045] {subprocess.py:89} INFO - 	org.antlr#ST4;4.0.8 from central in [default]
[2022-07-22 18:53:58,045] {subprocess.py:89} INFO - 	org.antlr#antlr-runtime;3.5.2 from central in [default]
[2022-07-22 18:53:58,045] {subprocess.py:89} INFO - 	org.antlr#antlr4;4.7 from central in [default]
[2022-07-22 18:53:58,046] {subprocess.py:89} INFO - 	org.antlr#antlr4-runtime;4.7 from central in [default]
[2022-07-22 18:53:58,046] {subprocess.py:89} INFO - 	org.glassfish#javax.json;1.0.4 from central in [default]
[2022-07-22 18:53:58,046] {subprocess.py:89} INFO - 	---------------------------------------------------------------------
[2022-07-22 18:53:58,046] {subprocess.py:89} INFO - 	|                  |            modules            ||   artifacts   |
[2022-07-22 18:53:58,046] {subprocess.py:89} INFO - 	|       conf       | number| search|dwnlded|evicted|| number|dwnlded|
[2022-07-22 18:53:58,046] {subprocess.py:89} INFO - 	---------------------------------------------------------------------
[2022-07-22 18:53:58,046] {subprocess.py:89} INFO - 	|      default     |   8   |   0   |   0   |   0   ||   8   |   0   |
[2022-07-22 18:53:58,046] {subprocess.py:89} INFO - 	---------------------------------------------------------------------
[2022-07-22 18:53:58,050] {subprocess.py:89} INFO - :: retrieving :: org.apache.spark#spark-submit-parent-33f1c88f-a010-4201-a6f5-34d4f5679e02
[2022-07-22 18:53:58,050] {subprocess.py:89} INFO - 	confs: [default]
[2022-07-22 18:53:58,064] {subprocess.py:89} INFO - 	0 artifacts copied, 8 already retrieved (0kB/14ms)
[2022-07-22 18:53:58,261] {subprocess.py:89} INFO - 22/07/22 18:53:58 WARN NativeCodeLoader: Unable to load native-hadoop library for your platform... using builtin-java classes where applicable
[2022-07-22 18:53:58,611] {subprocess.py:89} INFO - /usr/local/bin/python3
[2022-07-22 18:53:59,050] {subprocess.py:89} INFO - Using Spark's default log4j profile: org/apache/spark/log4j-defaults.properties
[2022-07-22 18:53:59,058] {subprocess.py:89} INFO - 22/07/22 18:53:59 INFO SparkContext: Running Spark version 3.1.2
[2022-07-22 18:53:59,096] {subprocess.py:89} INFO - 22/07/22 18:53:59 INFO ResourceUtils: ==============================================================
[2022-07-22 18:53:59,096] {subprocess.py:89} INFO - 22/07/22 18:53:59 INFO ResourceUtils: No custom resources configured for spark.driver.
[2022-07-22 18:53:59,096] {subprocess.py:89} INFO - 22/07/22 18:53:59 INFO ResourceUtils: ==============================================================
[2022-07-22 18:53:59,096] {subprocess.py:89} INFO - 22/07/22 18:53:59 INFO SparkContext: Submitted application: MyApp
[2022-07-22 18:53:59,117] {subprocess.py:89} INFO - 22/07/22 18:53:59 INFO ResourceProfile: Default ResourceProfile created, executor resources: Map(cores -> name: cores, amount: 1, script: , vendor: , memory -> name: memory, amount: 1024, script: , vendor: , offHeap -> name: offHeap, amount: 0, script: , vendor: ), task resources: Map(cpus -> name: cpus, amount: 1.0)
[2022-07-22 18:53:59,130] {subprocess.py:89} INFO - 22/07/22 18:53:59 INFO ResourceProfile: Limiting resource is cpu
[2022-07-22 18:53:59,130] {subprocess.py:89} INFO - 22/07/22 18:53:59 INFO ResourceProfileManager: Added ResourceProfile id: 0
[2022-07-22 18:53:59,177] {subprocess.py:89} INFO - 22/07/22 18:53:59 INFO SecurityManager: Changing view acls to: default
[2022-07-22 18:53:59,177] {subprocess.py:89} INFO - 22/07/22 18:53:59 INFO SecurityManager: Changing modify acls to: default
[2022-07-22 18:53:59,178] {subprocess.py:89} INFO - 22/07/22 18:53:59 INFO SecurityManager: Changing view acls groups to:
[2022-07-22 18:53:59,178] {subprocess.py:89} INFO - 22/07/22 18:53:59 INFO SecurityManager: Changing modify acls groups to:
[2022-07-22 18:53:59,178] {subprocess.py:89} INFO - 22/07/22 18:53:59 INFO SecurityManager: SecurityManager: authentication disabled; ui acls disabled; users  with view permissions: Set(default); groups with view permissions: Set(); users  with modify permissions: Set(default); groups with modify permissions: Set()
[2022-07-22 18:53:59,358] {subprocess.py:89} INFO - 22/07/22 18:53:59 INFO Utils: Successfully started service 'sparkDriver' on port 36527.
[2022-07-22 18:53:59,387] {subprocess.py:89} INFO - 22/07/22 18:53:59 INFO SparkEnv: Registering MapOutputTracker
[2022-07-22 18:53:59,445] {subprocess.py:89} INFO - 22/07/22 18:53:59 INFO SparkEnv: Registering BlockManagerMaster
[2022-07-22 18:53:59,498] {subprocess.py:89} INFO - 22/07/22 18:53:59 INFO BlockManagerMasterEndpoint: Using org.apache.spark.storage.DefaultTopologyMapper for getting topology information
[2022-07-22 18:53:59,499] {subprocess.py:89} INFO - 22/07/22 18:53:59 INFO BlockManagerMasterEndpoint: BlockManagerMasterEndpoint up
[2022-07-22 18:53:59,503] {subprocess.py:89} INFO - 22/07/22 18:53:59 INFO SparkEnv: Registering BlockManagerMasterHeartbeat
[2022-07-22 18:53:59,516] {subprocess.py:89} INFO - 22/07/22 18:53:59 INFO DiskBlockManager: Created local directory at /tmp/blockmgr-57241165-d452-41de-8490-4ad655c3248c
[2022-07-22 18:53:59,541] {subprocess.py:89} INFO - 22/07/22 18:53:59 INFO MemoryStore: MemoryStore started with capacity 366.3 MiB
[2022-07-22 18:53:59,556] {subprocess.py:89} INFO - 22/07/22 18:53:59 INFO SparkEnv: Registering OutputCommitCoordinator
[2022-07-22 18:53:59,832] {subprocess.py:89} INFO - 22/07/22 18:53:59 INFO Utils: Successfully started service 'SparkUI' on port 4040.
[2022-07-22 18:53:59,891] {subprocess.py:89} INFO - 22/07/22 18:53:59 INFO SparkUI: Bound SparkUI to 0.0.0.0, and started at http://1c7b2e19b45f:4040
[2022-07-22 18:53:59,909] {subprocess.py:89} INFO - 22/07/22 18:53:59 INFO SparkContext: Added JAR file:///home/***/.ivy2/jars/io.delta_delta-core_2.12-1.0.0.jar at spark://1c7b2e19b45f:36527/jars/io.delta_delta-core_2.12-1.0.0.jar with timestamp 1658516039049
[2022-07-22 18:53:59,909] {subprocess.py:89} INFO - 22/07/22 18:53:59 INFO SparkContext: Added JAR file:///home/***/.ivy2/jars/org.antlr_antlr4-4.7.jar at spark://1c7b2e19b45f:36527/jars/org.antlr_antlr4-4.7.jar with timestamp 1658516039049
[2022-07-22 18:53:59,909] {subprocess.py:89} INFO - 22/07/22 18:53:59 INFO SparkContext: Added JAR file:///home/***/.ivy2/jars/org.antlr_antlr4-runtime-4.7.jar at spark://1c7b2e19b45f:36527/jars/org.antlr_antlr4-runtime-4.7.jar with timestamp 1658516039049
[2022-07-22 18:53:59,909] {subprocess.py:89} INFO - 22/07/22 18:53:59 INFO SparkContext: Added JAR file:///home/***/.ivy2/jars/org.antlr_antlr-runtime-3.5.2.jar at spark://1c7b2e19b45f:36527/jars/org.antlr_antlr-runtime-3.5.2.jar with timestamp 1658516039049
[2022-07-22 18:53:59,909] {subprocess.py:89} INFO - 22/07/22 18:53:59 INFO SparkContext: Added JAR file:///home/***/.ivy2/jars/org.antlr_ST4-4.0.8.jar at spark://1c7b2e19b45f:36527/jars/org.antlr_ST4-4.0.8.jar with timestamp 1658516039049
[2022-07-22 18:53:59,909] {subprocess.py:89} INFO - 22/07/22 18:53:59 INFO SparkContext: Added JAR file:///home/***/.ivy2/jars/org.abego.treelayout_org.abego.treelayout.core-1.0.3.jar at spark://1c7b2e19b45f:36527/jars/org.abego.treelayout_org.abego.treelayout.core-1.0.3.jar with timestamp 1658516039049
[2022-07-22 18:53:59,909] {subprocess.py:89} INFO - 22/07/22 18:53:59 INFO SparkContext: Added JAR file:///home/***/.ivy2/jars/org.glassfish_javax.json-1.0.4.jar at spark://1c7b2e19b45f:36527/jars/org.glassfish_javax.json-1.0.4.jar with timestamp 1658516039049
[2022-07-22 18:53:59,909] {subprocess.py:89} INFO - 22/07/22 18:53:59 INFO SparkContext: Added JAR file:///home/***/.ivy2/jars/com.ibm.icu_icu4j-58.2.jar at spark://1c7b2e19b45f:36527/jars/com.ibm.icu_icu4j-58.2.jar with timestamp 1658516039049
[2022-07-22 18:53:59,911] {subprocess.py:89} INFO - 22/07/22 18:53:59 INFO SparkContext: Added file file:///home/***/.ivy2/jars/io.delta_delta-core_2.12-1.0.0.jar at file:///home/***/.ivy2/jars/io.delta_delta-core_2.12-1.0.0.jar with timestamp 1658516039049
[2022-07-22 18:53:59,912] {subprocess.py:89} INFO - 22/07/22 18:53:59 INFO Utils: Copying /home/***/.ivy2/jars/io.delta_delta-core_2.12-1.0.0.jar to /tmp/spark-5451b46e-da0a-47a9-8b80-37a47721eedb/userFiles-99c68e7c-009e-4ef1-9a35-d3455178cd08/io.delta_delta-core_2.12-1.0.0.jar
[2022-07-22 18:53:59,929] {subprocess.py:89} INFO - 22/07/22 18:53:59 INFO SparkContext: Added file file:///home/***/.ivy2/jars/org.antlr_antlr4-4.7.jar at file:///home/***/.ivy2/jars/org.antlr_antlr4-4.7.jar with timestamp 1658516039049
[2022-07-22 18:53:59,929] {subprocess.py:89} INFO - 22/07/22 18:53:59 INFO Utils: Copying /home/***/.ivy2/jars/org.antlr_antlr4-4.7.jar to /tmp/spark-5451b46e-da0a-47a9-8b80-37a47721eedb/userFiles-99c68e7c-009e-4ef1-9a35-d3455178cd08/org.antlr_antlr4-4.7.jar
[2022-07-22 18:53:59,939] {subprocess.py:89} INFO - 22/07/22 18:53:59 INFO SparkContext: Added file file:///home/***/.ivy2/jars/org.antlr_antlr4-runtime-4.7.jar at file:///home/***/.ivy2/jars/org.antlr_antlr4-runtime-4.7.jar with timestamp 1658516039049
[2022-07-22 18:53:59,939] {subprocess.py:89} INFO - 22/07/22 18:53:59 INFO Utils: Copying /home/***/.ivy2/jars/org.antlr_antlr4-runtime-4.7.jar to /tmp/spark-5451b46e-da0a-47a9-8b80-37a47721eedb/userFiles-99c68e7c-009e-4ef1-9a35-d3455178cd08/org.antlr_antlr4-runtime-4.7.jar
[2022-07-22 18:53:59,961] {subprocess.py:89} INFO - 22/07/22 18:53:59 INFO SparkContext: Added file file:///home/***/.ivy2/jars/org.antlr_antlr-runtime-3.5.2.jar at file:///home/***/.ivy2/jars/org.antlr_antlr-runtime-3.5.2.jar with timestamp 1658516039049
[2022-07-22 18:53:59,961] {subprocess.py:89} INFO - 22/07/22 18:53:59 INFO Utils: Copying /home/***/.ivy2/jars/org.antlr_antlr-runtime-3.5.2.jar to /tmp/spark-5451b46e-da0a-47a9-8b80-37a47721eedb/userFiles-99c68e7c-009e-4ef1-9a35-d3455178cd08/org.antlr_antlr-runtime-3.5.2.jar
[2022-07-22 18:53:59,966] {subprocess.py:89} INFO - 22/07/22 18:53:59 INFO SparkContext: Added file file:///home/***/.ivy2/jars/org.antlr_ST4-4.0.8.jar at file:///home/***/.ivy2/jars/org.antlr_ST4-4.0.8.jar with timestamp 1658516039049
[2022-07-22 18:53:59,966] {subprocess.py:89} INFO - 22/07/22 18:53:59 INFO Utils: Copying /home/***/.ivy2/jars/org.antlr_ST4-4.0.8.jar to /tmp/spark-5451b46e-da0a-47a9-8b80-37a47721eedb/userFiles-99c68e7c-009e-4ef1-9a35-d3455178cd08/org.antlr_ST4-4.0.8.jar
[2022-07-22 18:53:59,970] {subprocess.py:89} INFO - 22/07/22 18:53:59 INFO SparkContext: Added file file:///home/***/.ivy2/jars/org.abego.treelayout_org.abego.treelayout.core-1.0.3.jar at file:///home/***/.ivy2/jars/org.abego.treelayout_org.abego.treelayout.core-1.0.3.jar with timestamp 1658516039049
[2022-07-22 18:53:59,970] {subprocess.py:89} INFO - 22/07/22 18:53:59 INFO Utils: Copying /home/***/.ivy2/jars/org.abego.treelayout_org.abego.treelayout.core-1.0.3.jar to /tmp/spark-5451b46e-da0a-47a9-8b80-37a47721eedb/userFiles-99c68e7c-009e-4ef1-9a35-d3455178cd08/org.abego.treelayout_org.abego.treelayout.core-1.0.3.jar
[2022-07-22 18:53:59,975] {subprocess.py:89} INFO - 22/07/22 18:53:59 INFO SparkContext: Added file file:///home/***/.ivy2/jars/org.glassfish_javax.json-1.0.4.jar at file:///home/***/.ivy2/jars/org.glassfish_javax.json-1.0.4.jar with timestamp 1658516039049
[2022-07-22 18:53:59,975] {subprocess.py:89} INFO - 22/07/22 18:53:59 INFO Utils: Copying /home/***/.ivy2/jars/org.glassfish_javax.json-1.0.4.jar to /tmp/spark-5451b46e-da0a-47a9-8b80-37a47721eedb/userFiles-99c68e7c-009e-4ef1-9a35-d3455178cd08/org.glassfish_javax.json-1.0.4.jar
[2022-07-22 18:53:59,980] {subprocess.py:89} INFO - 22/07/22 18:53:59 INFO SparkContext: Added file file:///home/***/.ivy2/jars/com.ibm.icu_icu4j-58.2.jar at file:///home/***/.ivy2/jars/com.ibm.icu_icu4j-58.2.jar with timestamp 1658516039049
[2022-07-22 18:53:59,980] {subprocess.py:89} INFO - 22/07/22 18:53:59 INFO Utils: Copying /home/***/.ivy2/jars/com.ibm.icu_icu4j-58.2.jar to /tmp/spark-5451b46e-da0a-47a9-8b80-37a47721eedb/userFiles-99c68e7c-009e-4ef1-9a35-d3455178cd08/com.ibm.icu_icu4j-58.2.jar
[2022-07-22 18:54:00,454] {subprocess.py:89} INFO - 22/07/22 18:54:00 INFO Executor: Starting executor ID driver on host 1c7b2e19b45f
[2022-07-22 18:54:00,487] {subprocess.py:89} INFO - 22/07/22 18:54:00 INFO Executor: Fetching file:///home/***/.ivy2/jars/com.ibm.icu_icu4j-58.2.jar with timestamp 1658516039049
[2022-07-22 18:54:00,559] {subprocess.py:89} INFO - 22/07/22 18:54:00 INFO Utils: /home/***/.ivy2/jars/com.ibm.icu_icu4j-58.2.jar has been previously copied to /tmp/spark-5451b46e-da0a-47a9-8b80-37a47721eedb/userFiles-99c68e7c-009e-4ef1-9a35-d3455178cd08/com.ibm.icu_icu4j-58.2.jar
[2022-07-22 18:54:00,563] {subprocess.py:89} INFO - 22/07/22 18:54:00 INFO Executor: Fetching file:///home/***/.ivy2/jars/org.abego.treelayout_org.abego.treelayout.core-1.0.3.jar with timestamp 1658516039049
[2022-07-22 18:54:00,564] {subprocess.py:89} INFO - 22/07/22 18:54:00 INFO Utils: /home/***/.ivy2/jars/org.abego.treelayout_org.abego.treelayout.core-1.0.3.jar has been previously copied to /tmp/spark-5451b46e-da0a-47a9-8b80-37a47721eedb/userFiles-99c68e7c-009e-4ef1-9a35-d3455178cd08/org.abego.treelayout_org.abego.treelayout.core-1.0.3.jar
[2022-07-22 18:54:00,568] {subprocess.py:89} INFO - 22/07/22 18:54:00 INFO Executor: Fetching file:///home/***/.ivy2/jars/org.antlr_antlr-runtime-3.5.2.jar with timestamp 1658516039049
[2022-07-22 18:54:00,569] {subprocess.py:89} INFO - 22/07/22 18:54:00 INFO Utils: /home/***/.ivy2/jars/org.antlr_antlr-runtime-3.5.2.jar has been previously copied to /tmp/spark-5451b46e-da0a-47a9-8b80-37a47721eedb/userFiles-99c68e7c-009e-4ef1-9a35-d3455178cd08/org.antlr_antlr-runtime-3.5.2.jar
[2022-07-22 18:54:00,587] {subprocess.py:89} INFO - 22/07/22 18:54:00 INFO Executor: Fetching file:///home/***/.ivy2/jars/org.glassfish_javax.json-1.0.4.jar with timestamp 1658516039049
[2022-07-22 18:54:00,587] {subprocess.py:89} INFO - 22/07/22 18:54:00 INFO Utils: /home/***/.ivy2/jars/org.glassfish_javax.json-1.0.4.jar has been previously copied to /tmp/spark-5451b46e-da0a-47a9-8b80-37a47721eedb/userFiles-99c68e7c-009e-4ef1-9a35-d3455178cd08/org.glassfish_javax.json-1.0.4.jar
[2022-07-22 18:54:00,592] {subprocess.py:89} INFO - 22/07/22 18:54:00 INFO Executor: Fetching file:///home/***/.ivy2/jars/org.antlr_antlr4-runtime-4.7.jar with timestamp 1658516039049
[2022-07-22 18:54:00,593] {subprocess.py:89} INFO - 22/07/22 18:54:00 INFO Utils: /home/***/.ivy2/jars/org.antlr_antlr4-runtime-4.7.jar has been previously copied to /tmp/spark-5451b46e-da0a-47a9-8b80-37a47721eedb/userFiles-99c68e7c-009e-4ef1-9a35-d3455178cd08/org.antlr_antlr4-runtime-4.7.jar
[2022-07-22 18:54:00,599] {subprocess.py:89} INFO - 22/07/22 18:54:00 INFO Executor: Fetching file:///home/***/.ivy2/jars/org.antlr_antlr4-4.7.jar with timestamp 1658516039049
[2022-07-22 18:54:00,599] {subprocess.py:89} INFO - 22/07/22 18:54:00 INFO Utils: /home/***/.ivy2/jars/org.antlr_antlr4-4.7.jar has been previously copied to /tmp/spark-5451b46e-da0a-47a9-8b80-37a47721eedb/userFiles-99c68e7c-009e-4ef1-9a35-d3455178cd08/org.antlr_antlr4-4.7.jar
[2022-07-22 18:54:00,602] {subprocess.py:89} INFO - 22/07/22 18:54:00 INFO Executor: Fetching file:///home/***/.ivy2/jars/org.antlr_ST4-4.0.8.jar with timestamp 1658516039049
[2022-07-22 18:54:00,602] {subprocess.py:89} INFO - 22/07/22 18:54:00 INFO Utils: /home/***/.ivy2/jars/org.antlr_ST4-4.0.8.jar has been previously copied to /tmp/spark-5451b46e-da0a-47a9-8b80-37a47721eedb/userFiles-99c68e7c-009e-4ef1-9a35-d3455178cd08/org.antlr_ST4-4.0.8.jar
[2022-07-22 18:54:00,606] {subprocess.py:89} INFO - 22/07/22 18:54:00 INFO Executor: Fetching file:///home/***/.ivy2/jars/io.delta_delta-core_2.12-1.0.0.jar with timestamp 1658516039049
[2022-07-22 18:54:00,610] {subprocess.py:89} INFO - 22/07/22 18:54:00 INFO Utils: /home/***/.ivy2/jars/io.delta_delta-core_2.12-1.0.0.jar has been previously copied to /tmp/spark-5451b46e-da0a-47a9-8b80-37a47721eedb/userFiles-99c68e7c-009e-4ef1-9a35-d3455178cd08/io.delta_delta-core_2.12-1.0.0.jar
[2022-07-22 18:54:00,622] {subprocess.py:89} INFO - 22/07/22 18:54:00 INFO Executor: Fetching spark://1c7b2e19b45f:36527/jars/org.glassfish_javax.json-1.0.4.jar with timestamp 1658516039049
[2022-07-22 18:54:00,707] {subprocess.py:89} INFO - 22/07/22 18:54:00 INFO TransportClientFactory: Successfully created connection to 1c7b2e19b45f/172.20.0.10:36527 after 51 ms (0 ms spent in bootstraps)
[2022-07-22 18:54:00,708] {subprocess.py:89} INFO - 22/07/22 18:54:00 INFO Utils: Fetching spark://1c7b2e19b45f:36527/jars/org.glassfish_javax.json-1.0.4.jar to /tmp/spark-5451b46e-da0a-47a9-8b80-37a47721eedb/userFiles-99c68e7c-009e-4ef1-9a35-d3455178cd08/fetchFileTemp5159257635825091572.tmp
[2022-07-22 18:54:00,735] {subprocess.py:89} INFO - 22/07/22 18:54:00 INFO Utils: /tmp/spark-5451b46e-da0a-47a9-8b80-37a47721eedb/userFiles-99c68e7c-009e-4ef1-9a35-d3455178cd08/fetchFileTemp5159257635825091572.tmp has been previously copied to /tmp/spark-5451b46e-da0a-47a9-8b80-37a47721eedb/userFiles-99c68e7c-009e-4ef1-9a35-d3455178cd08/org.glassfish_javax.json-1.0.4.jar
[2022-07-22 18:54:00,738] {subprocess.py:89} INFO - 22/07/22 18:54:00 INFO Executor: Adding file:/tmp/spark-5451b46e-da0a-47a9-8b80-37a47721eedb/userFiles-99c68e7c-009e-4ef1-9a35-d3455178cd08/org.glassfish_javax.json-1.0.4.jar to class loader
[2022-07-22 18:54:00,738] {subprocess.py:89} INFO - 22/07/22 18:54:00 INFO Executor: Fetching spark://1c7b2e19b45f:36527/jars/com.ibm.icu_icu4j-58.2.jar with timestamp 1658516039049
[2022-07-22 18:54:00,739] {subprocess.py:89} INFO - 22/07/22 18:54:00 INFO Utils: Fetching spark://1c7b2e19b45f:36527/jars/com.ibm.icu_icu4j-58.2.jar to /tmp/spark-5451b46e-da0a-47a9-8b80-37a47721eedb/userFiles-99c68e7c-009e-4ef1-9a35-d3455178cd08/fetchFileTemp270517685157841651.tmp
[2022-07-22 18:54:00,800] {subprocess.py:89} INFO - 22/07/22 18:54:00 INFO Utils: /tmp/spark-5451b46e-da0a-47a9-8b80-37a47721eedb/userFiles-99c68e7c-009e-4ef1-9a35-d3455178cd08/fetchFileTemp270517685157841651.tmp has been previously copied to /tmp/spark-5451b46e-da0a-47a9-8b80-37a47721eedb/userFiles-99c68e7c-009e-4ef1-9a35-d3455178cd08/com.ibm.icu_icu4j-58.2.jar
[2022-07-22 18:54:00,823] {subprocess.py:89} INFO - 22/07/22 18:54:00 INFO Executor: Adding file:/tmp/spark-5451b46e-da0a-47a9-8b80-37a47721eedb/userFiles-99c68e7c-009e-4ef1-9a35-d3455178cd08/com.ibm.icu_icu4j-58.2.jar to class loader
[2022-07-22 18:54:00,824] {subprocess.py:89} INFO - 22/07/22 18:54:00 INFO Executor: Fetching spark://1c7b2e19b45f:36527/jars/org.antlr_ST4-4.0.8.jar with timestamp 1658516039049
[2022-07-22 18:54:00,827] {subprocess.py:89} INFO - 22/07/22 18:54:00 INFO Utils: Fetching spark://1c7b2e19b45f:36527/jars/org.antlr_ST4-4.0.8.jar to /tmp/spark-5451b46e-da0a-47a9-8b80-37a47721eedb/userFiles-99c68e7c-009e-4ef1-9a35-d3455178cd08/fetchFileTemp3711456112751645188.tmp
[2022-07-22 18:54:00,829] {subprocess.py:89} INFO - 22/07/22 18:54:00 INFO Utils: /tmp/spark-5451b46e-da0a-47a9-8b80-37a47721eedb/userFiles-99c68e7c-009e-4ef1-9a35-d3455178cd08/fetchFileTemp3711456112751645188.tmp has been previously copied to /tmp/spark-5451b46e-da0a-47a9-8b80-37a47721eedb/userFiles-99c68e7c-009e-4ef1-9a35-d3455178cd08/org.antlr_ST4-4.0.8.jar
[2022-07-22 18:54:00,833] {subprocess.py:89} INFO - 22/07/22 18:54:00 INFO Executor: Adding file:/tmp/spark-5451b46e-da0a-47a9-8b80-37a47721eedb/userFiles-99c68e7c-009e-4ef1-9a35-d3455178cd08/org.antlr_ST4-4.0.8.jar to class loader
[2022-07-22 18:54:00,833] {subprocess.py:89} INFO - 22/07/22 18:54:00 INFO Executor: Fetching spark://1c7b2e19b45f:36527/jars/org.antlr_antlr4-runtime-4.7.jar with timestamp 1658516039049
[2022-07-22 18:54:00,833] {subprocess.py:89} INFO - 22/07/22 18:54:00 INFO Utils: Fetching spark://1c7b2e19b45f:36527/jars/org.antlr_antlr4-runtime-4.7.jar to /tmp/spark-5451b46e-da0a-47a9-8b80-37a47721eedb/userFiles-99c68e7c-009e-4ef1-9a35-d3455178cd08/fetchFileTemp3627938259035279140.tmp
[2022-07-22 18:54:00,836] {subprocess.py:89} INFO - 22/07/22 18:54:00 INFO Utils: /tmp/spark-5451b46e-da0a-47a9-8b80-37a47721eedb/userFiles-99c68e7c-009e-4ef1-9a35-d3455178cd08/fetchFileTemp3627938259035279140.tmp has been previously copied to /tmp/spark-5451b46e-da0a-47a9-8b80-37a47721eedb/userFiles-99c68e7c-009e-4ef1-9a35-d3455178cd08/org.antlr_antlr4-runtime-4.7.jar
[2022-07-22 18:54:00,849] {subprocess.py:89} INFO - 22/07/22 18:54:00 INFO Executor: Adding file:/tmp/spark-5451b46e-da0a-47a9-8b80-37a47721eedb/userFiles-99c68e7c-009e-4ef1-9a35-d3455178cd08/org.antlr_antlr4-runtime-4.7.jar to class loader
[2022-07-22 18:54:00,849] {subprocess.py:89} INFO - 22/07/22 18:54:00 INFO Executor: Fetching spark://1c7b2e19b45f:36527/jars/io.delta_delta-core_2.12-1.0.0.jar with timestamp 1658516039049
[2022-07-22 18:54:00,849] {subprocess.py:89} INFO - 22/07/22 18:54:00 INFO Utils: Fetching spark://1c7b2e19b45f:36527/jars/io.delta_delta-core_2.12-1.0.0.jar to /tmp/spark-5451b46e-da0a-47a9-8b80-37a47721eedb/userFiles-99c68e7c-009e-4ef1-9a35-d3455178cd08/fetchFileTemp4151530333172029653.tmp
[2022-07-22 18:54:00,858] {subprocess.py:89} INFO - 22/07/22 18:54:00 INFO Utils: /tmp/spark-5451b46e-da0a-47a9-8b80-37a47721eedb/userFiles-99c68e7c-009e-4ef1-9a35-d3455178cd08/fetchFileTemp4151530333172029653.tmp has been previously copied to /tmp/spark-5451b46e-da0a-47a9-8b80-37a47721eedb/userFiles-99c68e7c-009e-4ef1-9a35-d3455178cd08/io.delta_delta-core_2.12-1.0.0.jar
[2022-07-22 18:54:00,863] {subprocess.py:89} INFO - 22/07/22 18:54:00 INFO Executor: Adding file:/tmp/spark-5451b46e-da0a-47a9-8b80-37a47721eedb/userFiles-99c68e7c-009e-4ef1-9a35-d3455178cd08/io.delta_delta-core_2.12-1.0.0.jar to class loader
[2022-07-22 18:54:00,863] {subprocess.py:89} INFO - 22/07/22 18:54:00 INFO Executor: Fetching spark://1c7b2e19b45f:36527/jars/org.antlr_antlr-runtime-3.5.2.jar with timestamp 1658516039049
[2022-07-22 18:54:00,864] {subprocess.py:89} INFO - 22/07/22 18:54:00 INFO Utils: Fetching spark://1c7b2e19b45f:36527/jars/org.antlr_antlr-runtime-3.5.2.jar to /tmp/spark-5451b46e-da0a-47a9-8b80-37a47721eedb/userFiles-99c68e7c-009e-4ef1-9a35-d3455178cd08/fetchFileTemp1341100648662309512.tmp
[2022-07-22 18:54:00,867] {subprocess.py:89} INFO - 22/07/22 18:54:00 INFO Utils: /tmp/spark-5451b46e-da0a-47a9-8b80-37a47721eedb/userFiles-99c68e7c-009e-4ef1-9a35-d3455178cd08/fetchFileTemp1341100648662309512.tmp has been previously copied to /tmp/spark-5451b46e-da0a-47a9-8b80-37a47721eedb/userFiles-99c68e7c-009e-4ef1-9a35-d3455178cd08/org.antlr_antlr-runtime-3.5.2.jar
[2022-07-22 18:54:00,871] {subprocess.py:89} INFO - 22/07/22 18:54:00 INFO Executor: Adding file:/tmp/spark-5451b46e-da0a-47a9-8b80-37a47721eedb/userFiles-99c68e7c-009e-4ef1-9a35-d3455178cd08/org.antlr_antlr-runtime-3.5.2.jar to class loader
[2022-07-22 18:54:00,872] {subprocess.py:89} INFO - 22/07/22 18:54:00 INFO Executor: Fetching spark://1c7b2e19b45f:36527/jars/org.antlr_antlr4-4.7.jar with timestamp 1658516039049
[2022-07-22 18:54:00,872] {subprocess.py:89} INFO - 22/07/22 18:54:00 INFO Utils: Fetching spark://1c7b2e19b45f:36527/jars/org.antlr_antlr4-4.7.jar to /tmp/spark-5451b46e-da0a-47a9-8b80-37a47721eedb/userFiles-99c68e7c-009e-4ef1-9a35-d3455178cd08/fetchFileTemp7577634605681241612.tmp
[2022-07-22 18:54:00,879] {subprocess.py:89} INFO - 22/07/22 18:54:00 INFO Utils: /tmp/spark-5451b46e-da0a-47a9-8b80-37a47721eedb/userFiles-99c68e7c-009e-4ef1-9a35-d3455178cd08/fetchFileTemp7577634605681241612.tmp has been previously copied to /tmp/spark-5451b46e-da0a-47a9-8b80-37a47721eedb/userFiles-99c68e7c-009e-4ef1-9a35-d3455178cd08/org.antlr_antlr4-4.7.jar
[2022-07-22 18:54:00,883] {subprocess.py:89} INFO - 22/07/22 18:54:00 INFO Executor: Adding file:/tmp/spark-5451b46e-da0a-47a9-8b80-37a47721eedb/userFiles-99c68e7c-009e-4ef1-9a35-d3455178cd08/org.antlr_antlr4-4.7.jar to class loader
[2022-07-22 18:54:00,884] {subprocess.py:89} INFO - 22/07/22 18:54:00 INFO Executor: Fetching spark://1c7b2e19b45f:36527/jars/org.abego.treelayout_org.abego.treelayout.core-1.0.3.jar with timestamp 1658516039049
[2022-07-22 18:54:00,884] {subprocess.py:89} INFO - 22/07/22 18:54:00 INFO Utils: Fetching spark://1c7b2e19b45f:36527/jars/org.abego.treelayout_org.abego.treelayout.core-1.0.3.jar to /tmp/spark-5451b46e-da0a-47a9-8b80-37a47721eedb/userFiles-99c68e7c-009e-4ef1-9a35-d3455178cd08/fetchFileTemp2567900983164336153.tmp
[2022-07-22 18:54:00,886] {subprocess.py:89} INFO - 22/07/22 18:54:00 INFO Utils: /tmp/spark-5451b46e-da0a-47a9-8b80-37a47721eedb/userFiles-99c68e7c-009e-4ef1-9a35-d3455178cd08/fetchFileTemp2567900983164336153.tmp has been previously copied to /tmp/spark-5451b46e-da0a-47a9-8b80-37a47721eedb/userFiles-99c68e7c-009e-4ef1-9a35-d3455178cd08/org.abego.treelayout_org.abego.treelayout.core-1.0.3.jar
[2022-07-22 18:54:00,891] {subprocess.py:89} INFO - 22/07/22 18:54:00 INFO Executor: Adding file:/tmp/spark-5451b46e-da0a-47a9-8b80-37a47721eedb/userFiles-99c68e7c-009e-4ef1-9a35-d3455178cd08/org.abego.treelayout_org.abego.treelayout.core-1.0.3.jar to class loader
[2022-07-22 18:54:00,899] {subprocess.py:89} INFO - 22/07/22 18:54:00 INFO Utils: Successfully started service 'org.apache.spark.network.netty.NettyBlockTransferService' on port 39429.
[2022-07-22 18:54:00,899] {subprocess.py:89} INFO - 22/07/22 18:54:00 INFO NettyBlockTransferService: Server created on 1c7b2e19b45f:39429
[2022-07-22 18:54:00,901] {subprocess.py:89} INFO - 22/07/22 18:54:00 INFO BlockManager: Using org.apache.spark.storage.RandomBlockReplicationPolicy for block replication policy
[2022-07-22 18:54:00,908] {subprocess.py:89} INFO - 22/07/22 18:54:00 INFO BlockManagerMaster: Registering BlockManager BlockManagerId(driver, 1c7b2e19b45f, 39429, None)
[2022-07-22 18:54:00,911] {subprocess.py:89} INFO - 22/07/22 18:54:00 INFO BlockManagerMasterEndpoint: Registering block manager 1c7b2e19b45f:39429 with 366.3 MiB RAM, BlockManagerId(driver, 1c7b2e19b45f, 39429, None)
[2022-07-22 18:54:00,913] {subprocess.py:89} INFO - 22/07/22 18:54:00 INFO BlockManagerMaster: Registered BlockManager BlockManagerId(driver, 1c7b2e19b45f, 39429, None)
[2022-07-22 18:54:00,915] {subprocess.py:89} INFO - 22/07/22 18:54:00 INFO BlockManager: Initialized BlockManager: BlockManagerId(driver, 1c7b2e19b45f, 39429, None)
[2022-07-22 18:54:01,490] {subprocess.py:89} INFO - 22/07/22 18:54:01 INFO SharedState: Setting hive.metastore.warehouse.dir ('null') to the value of spark.sql.warehouse.dir ('file:/tmp/***tmpdnrhn8og/spark-warehouse').
[2022-07-22 18:54:01,490] {subprocess.py:89} INFO - 22/07/22 18:54:01 INFO SharedState: Warehouse path is 'file:/tmp/***tmpdnrhn8og/spark-warehouse'.
[2022-07-22 18:54:01,532] {local_task_job.py:212} WARNING - State of this instance has been externally set to skipped. Terminating instance.
[2022-07-22 18:54:01,534] {process_utils.py:124} INFO - Sending Signals.SIGTERM to group 3306. PIDs of all processes in the group: [3307, 3352, 3306]
[2022-07-22 18:54:01,534] {process_utils.py:75} INFO - Sending the signal Signals.SIGTERM to group 3306
[2022-07-22 18:54:01,534] {taskinstance.py:1408} ERROR - Received SIGTERM. Terminating subprocesses.
[2022-07-22 18:54:01,534] {subprocess.py:99} INFO - Sending SIGTERM signal to process group
[2022-07-22 18:54:01,569] {process_utils.py:70} INFO - Process psutil.Process(pid=3306, status='terminated', exitcode=0, started='18:53:55') (3306) terminated with exit code 0
[2022-07-22 18:54:01,570] {process_utils.py:70} INFO - Process psutil.Process(pid=3352, status='terminated', started='18:53:57') (3352) terminated with exit code None
[2022-07-22 18:54:01,704] {process_utils.py:70} INFO - Process psutil.Process(pid=3307, status='terminated', started='18:53:55') (3307) terminated with exit code None
