[2022-06-22 08:38:15,411] {taskinstance.py:1032} INFO - Dependencies all met for <TaskInstance: DM-COUNT-account-turnover.update_if_null manual__2022-06-22T08:37:57.153993+00:00 [queued]>
[2022-06-22 08:38:15,434] {taskinstance.py:1032} INFO - Dependencies all met for <TaskInstance: DM-COUNT-account-turnover.update_if_null manual__2022-06-22T08:37:57.153993+00:00 [queued]>
[2022-06-22 08:38:15,434] {taskinstance.py:1238} INFO - 
--------------------------------------------------------------------------------
[2022-06-22 08:38:15,434] {taskinstance.py:1239} INFO - Starting attempt 1 of 2
[2022-06-22 08:38:15,434] {taskinstance.py:1240} INFO - 
--------------------------------------------------------------------------------
[2022-06-22 08:38:15,487] {taskinstance.py:1259} INFO - Executing <Task(PostgresOperator): update_if_null> on 2022-06-22 08:37:57.153993+00:00
[2022-06-22 08:38:15,495] {standard_task_runner.py:52} INFO - Started process 2946 to run task
[2022-06-22 08:38:15,502] {standard_task_runner.py:76} INFO - Running: ['***', 'tasks', 'run', 'DM-COUNT-account-turnover', 'update_if_null', 'manual__2022-06-22T08:37:57.153993+00:00', '--job-id', '1059', '--raw', '--subdir', 'DAGS_FOLDER/dm_fill_account_turnover.py', '--cfg-path', '/tmp/tmp6_dgfjfa', '--error-file', '/tmp/tmpwd41mjgw']
[2022-06-22 08:38:15,504] {standard_task_runner.py:77} INFO - Job 1059: Subtask update_if_null
[2022-06-22 08:38:15,603] {logging_mixin.py:109} INFO - Running <TaskInstance: DM-COUNT-account-turnover.update_if_null manual__2022-06-22T08:37:57.153993+00:00 [running]> on host a0a302277daf
[2022-06-22 08:38:15,719] {taskinstance.py:1426} INFO - Exporting the following env vars:
AIRFLOW_CTX_DAG_OWNER=***
AIRFLOW_CTX_DAG_ID=DM-COUNT-account-turnover
AIRFLOW_CTX_TASK_ID=update_if_null
AIRFLOW_CTX_EXECUTION_DATE=2022-06-22T08:37:57.153993+00:00
AIRFLOW_CTX_DAG_RUN_ID=manual__2022-06-22T08:37:57.153993+00:00
[2022-06-22 08:38:15,737] {base.py:79} INFO - Using connection to: id: postgres. Host: postgres, Port: 5432, Schema: postgres, Login: ***, Password: ***, extra: {}
[2022-06-22 08:38:15,741] {dbapi.py:225} INFO - Running statement: update dm.dm_account_turnover_f
set credit_amount = 0
where credit_amount is null;

update dm.dm_account_turnover_f
set credit_amount_rub = 0
where credit_amount_rub is null;

update dm.dm_account_turnover_f
set debet_amount = 0
where debet_amount is null;

update dm.dm_account_turnover_f
set debet_amount_rub = 0
where debet_amount_rub is null;, parameters: None
[2022-06-22 08:38:15,745] {dbapi.py:233} INFO - Rows affected: 369
[2022-06-22 08:38:15,765] {taskinstance.py:1277} INFO - Marking task as SUCCESS. dag_id=DM-COUNT-account-turnover, task_id=update_if_null, execution_date=20220622T083757, start_date=20220622T083815, end_date=20220622T083815
[2022-06-22 08:38:15,808] {local_task_job.py:154} INFO - Task exited with return code 0
[2022-06-22 08:38:15,860] {local_task_job.py:264} INFO - 1 downstream tasks scheduled from follow-on schedule check
