[2022-06-26 21:17:13,546] {taskinstance.py:1032} INFO - Dependencies all met for <TaskInstance: CSV_TO_DS.create_schema_and_tables_logs scheduled__2022-06-25T19:41:58.423963+00:00 [queued]>
[2022-06-26 21:17:13,632] {taskinstance.py:1032} INFO - Dependencies all met for <TaskInstance: CSV_TO_DS.create_schema_and_tables_logs scheduled__2022-06-25T19:41:58.423963+00:00 [queued]>
[2022-06-26 21:17:13,632] {taskinstance.py:1238} INFO - 
--------------------------------------------------------------------------------
[2022-06-26 21:17:13,632] {taskinstance.py:1239} INFO - Starting attempt 1 of 2
[2022-06-26 21:17:13,632] {taskinstance.py:1240} INFO - 
--------------------------------------------------------------------------------
[2022-06-26 21:17:13,762] {taskinstance.py:1259} INFO - Executing <Task(PostgresOperator): create_schema_and_tables_logs> on 2022-06-25 19:41:58.423963+00:00
[2022-06-26 21:17:13,820] {standard_task_runner.py:76} INFO - Running: ['***', 'tasks', 'run', 'CSV_TO_DS', 'create_schema_and_tables_logs', 'scheduled__2022-06-25T19:41:58.423963+00:00', '--job-id', '1428', '--raw', '--subdir', 'DAGS_FOLDER/csv_to_ds.py', '--cfg-path', '/tmp/tmpxqim9qh4', '--error-file', '/tmp/tmpnyqfqfvh']
[2022-06-26 21:17:13,825] {standard_task_runner.py:77} INFO - Job 1428: Subtask create_schema_and_tables_logs
[2022-06-26 21:17:13,797] {standard_task_runner.py:52} INFO - Started process 95 to run task
[2022-06-26 21:17:13,954] {logging_mixin.py:109} INFO - Running <TaskInstance: CSV_TO_DS.create_schema_and_tables_logs scheduled__2022-06-25T19:41:58.423963+00:00 [running]> on host 8dd6b2950340
[2022-06-26 21:17:14,069] {taskinstance.py:1426} INFO - Exporting the following env vars:
AIRFLOW_CTX_DAG_OWNER=***
AIRFLOW_CTX_DAG_ID=CSV_TO_DS
AIRFLOW_CTX_TASK_ID=create_schema_and_tables_logs
AIRFLOW_CTX_EXECUTION_DATE=2022-06-25T19:41:58.423963+00:00
AIRFLOW_CTX_DAG_RUN_ID=scheduled__2022-06-25T19:41:58.423963+00:00
[2022-06-26 21:17:14,087] {base.py:79} INFO - Using connection to: id: postgres. Host: postgres, Port: 5432, Schema: postgres, Login: ***, Password: ***, extra: {}
[2022-06-26 21:17:14,097] {dbapi.py:225} INFO - Running statement: CREATE SCHEMA IF NOT EXISTS logs;
CREATE SEQUENCE IF NOT EXISTS logs.seq_lg_messages INCREMENT 1 START 1;


CREATE TABLE IF NOT EXISTS logs.load_csv_to_ds (
    ID SERIAL PRIMARY KEY,
    TABLE_NAME VARCHAR(30),
    CSV_PATH TEXT,
    TIME_START_LOAD TIMESTAMP DEFAULT CURRENT_TIMESTAMP(0),
    TIME_END_LOAD TIMESTAMP,
    condition TEXT
);


CREATE TABLE IF NOT EXISTS logs.lg_messages_dm ( 	
    record_id INT,
    date_time TIMESTAMP,
    pid TEXT,
    message TEXT,
    message_type TEXT,
    usename TEXT, 
    datname TEXT, 
    client_addr TEXT, 
    application_name TEXT,
    backend_start TEXT
);, parameters: None
[2022-06-26 21:17:14,100] {postgres.py:71} INFO - NOTICE:  schema "logs" already exists, skipping

[2022-06-26 21:17:14,100] {postgres.py:71} INFO - NOTICE:  relation "seq_lg_messages" already exists, skipping

[2022-06-26 21:17:14,100] {postgres.py:71} INFO - NOTICE:  relation "load_csv_to_ds" already exists, skipping

[2022-06-26 21:17:14,100] {postgres.py:71} INFO - NOTICE:  relation "lg_messages_dm" already exists, skipping

[2022-06-26 21:17:14,126] {taskinstance.py:1277} INFO - Marking task as SUCCESS. dag_id=CSV_TO_DS, task_id=create_schema_and_tables_logs, execution_date=20220625T194158, start_date=20220626T211713, end_date=20220626T211714
[2022-06-26 21:17:14,166] {local_task_job.py:154} INFO - Task exited with return code 0
[2022-06-26 21:17:14,330] {local_task_job.py:264} INFO - 0 downstream tasks scheduled from follow-on schedule check
