[2022-06-26 21:17:12,157] {taskinstance.py:1032} INFO - Dependencies all met for <TaskInstance: f101_to_csv.download_f101_dm_csv scheduled__2022-06-24T20:36:06.966050+00:00 [queued]>
[2022-06-26 21:17:12,182] {taskinstance.py:1032} INFO - Dependencies all met for <TaskInstance: f101_to_csv.download_f101_dm_csv scheduled__2022-06-24T20:36:06.966050+00:00 [queued]>
[2022-06-26 21:17:12,182] {taskinstance.py:1238} INFO - 
--------------------------------------------------------------------------------
[2022-06-26 21:17:12,182] {taskinstance.py:1239} INFO - Starting attempt 1 of 2
[2022-06-26 21:17:12,182] {taskinstance.py:1240} INFO - 
--------------------------------------------------------------------------------
[2022-06-26 21:17:12,259] {taskinstance.py:1259} INFO - Executing <Task(PythonOperator): download_f101_dm_csv> on 2022-06-24 20:36:06.966050+00:00
[2022-06-26 21:17:12,298] {standard_task_runner.py:76} INFO - Running: ['***', 'tasks', 'run', 'f101_to_csv', 'download_f101_dm_csv', 'scheduled__2022-06-24T20:36:06.966050+00:00', '--job-id', '1419', '--raw', '--subdir', 'DAGS_FOLDER/f101_to_local.py', '--cfg-path', '/tmp/tmpghmjyacn', '--error-file', '/tmp/tmpm_obgmgp']
[2022-06-26 21:17:12,306] {standard_task_runner.py:77} INFO - Job 1419: Subtask download_f101_dm_csv
[2022-06-26 21:17:12,278] {standard_task_runner.py:52} INFO - Started process 86 to run task
[2022-06-26 21:17:12,543] {logging_mixin.py:109} INFO - Running <TaskInstance: f101_to_csv.download_f101_dm_csv scheduled__2022-06-24T20:36:06.966050+00:00 [running]> on host 8dd6b2950340
[2022-06-26 21:17:12,945] {taskinstance.py:1426} INFO - Exporting the following env vars:
AIRFLOW_CTX_DAG_OWNER=***
AIRFLOW_CTX_DAG_ID=f101_to_csv
AIRFLOW_CTX_TASK_ID=download_f101_dm_csv
AIRFLOW_CTX_EXECUTION_DATE=2022-06-24T20:36:06.966050+00:00
AIRFLOW_CTX_DAG_RUN_ID=scheduled__2022-06-24T20:36:06.966050+00:00
[2022-06-26 21:17:13,259] {ToLocal.py:46} INFO - Table dm_f101_round_f has alredy downloaded in /opt/***/csv/dm/dm_f101_round_f.csv. 
[2022-06-26 21:17:13,274] {python.py:175} INFO - Done. Returned value was: None
[2022-06-26 21:17:13,309] {taskinstance.py:1277} INFO - Marking task as SUCCESS. dag_id=f101_to_csv, task_id=download_f101_dm_csv, execution_date=20220624T203606, start_date=20220626T211712, end_date=20220626T211713
[2022-06-26 21:17:13,467] {local_task_job.py:154} INFO - Task exited with return code 0
[2022-06-26 21:17:13,636] {local_task_job.py:264} INFO - 1 downstream tasks scheduled from follow-on schedule check
