[2022-06-23 07:54:57,386] {processor.py:163} INFO - Started process (PID=47) to work on /opt/airflow/dags/csv_to_ds.py
[2022-06-23 07:54:57,387] {processor.py:642} INFO - Processing file /opt/airflow/dags/csv_to_ds.py for tasks to queue
[2022-06-23 07:54:57,388] {logging_mixin.py:109} INFO - [2022-06-23 07:54:57,388] {dagbag.py:500} INFO - Filling up the DagBag from /opt/airflow/dags/csv_to_ds.py
[2022-06-23 07:54:57,465] {logging_mixin.py:109} INFO - [2022-06-23 07:54:57,465] {base.py:79} INFO - Using connection to: id: postgres. Host: postgres, Port: 5432, Schema: postgres, Login: airflow, Password: airflow, extra: {}
[2022-06-23 07:54:59,138] {processor.py:654} INFO - DAG(s) dict_keys(['CSV_TO_DS']) retrieved from /opt/airflow/dags/csv_to_ds.py
[2022-06-23 07:54:59,151] {logging_mixin.py:109} INFO - [2022-06-23 07:54:59,150] {dag.py:2396} INFO - Sync 1 DAGs
[2022-06-23 07:54:59,168] {logging_mixin.py:109} INFO - [2022-06-23 07:54:59,168] {dag.py:2935} INFO - Setting next_dagrun for CSV_TO_DS to 2022-06-22T21:26:59.328971+00:00
[2022-06-23 07:54:59,185] {processor.py:171} INFO - Processing /opt/airflow/dags/csv_to_ds.py took 1.806 seconds
[2022-06-23 07:55:29,256] {processor.py:163} INFO - Started process (PID=97) to work on /opt/airflow/dags/csv_to_ds.py
[2022-06-23 07:55:29,257] {processor.py:642} INFO - Processing file /opt/airflow/dags/csv_to_ds.py for tasks to queue
[2022-06-23 07:55:29,257] {logging_mixin.py:109} INFO - [2022-06-23 07:55:29,257] {dagbag.py:500} INFO - Filling up the DagBag from /opt/airflow/dags/csv_to_ds.py
[2022-06-23 07:55:29,278] {logging_mixin.py:109} INFO - [2022-06-23 07:55:29,278] {base.py:79} INFO - Using connection to: id: postgres. Host: postgres, Port: 5432, Schema: postgres, Login: airflow, Password: airflow, extra: {}
[2022-06-23 07:55:29,792] {processor.py:654} INFO - DAG(s) dict_keys(['CSV_TO_DS']) retrieved from /opt/airflow/dags/csv_to_ds.py
[2022-06-23 07:55:29,799] {logging_mixin.py:109} INFO - [2022-06-23 07:55:29,799] {dag.py:2396} INFO - Sync 1 DAGs
[2022-06-23 07:55:29,809] {logging_mixin.py:109} INFO - [2022-06-23 07:55:29,809] {dag.py:2935} INFO - Setting next_dagrun for CSV_TO_DS to 2022-06-22T21:26:59.328971+00:00
[2022-06-23 07:55:29,820] {processor.py:171} INFO - Processing /opt/airflow/dags/csv_to_ds.py took 0.568 seconds
[2022-06-23 07:56:00,440] {processor.py:163} INFO - Started process (PID=154) to work on /opt/airflow/dags/csv_to_ds.py
[2022-06-23 07:56:00,441] {processor.py:642} INFO - Processing file /opt/airflow/dags/csv_to_ds.py for tasks to queue
[2022-06-23 07:56:00,442] {logging_mixin.py:109} INFO - [2022-06-23 07:56:00,442] {dagbag.py:500} INFO - Filling up the DagBag from /opt/airflow/dags/csv_to_ds.py
[2022-06-23 07:56:00,463] {logging_mixin.py:109} INFO - [2022-06-23 07:56:00,463] {base.py:79} INFO - Using connection to: id: postgres. Host: postgres, Port: 5432, Schema: postgres, Login: airflow, Password: airflow, extra: {}
[2022-06-23 07:56:01,086] {processor.py:654} INFO - DAG(s) dict_keys(['CSV_TO_DS']) retrieved from /opt/airflow/dags/csv_to_ds.py
[2022-06-23 07:56:01,093] {logging_mixin.py:109} INFO - [2022-06-23 07:56:01,093] {dag.py:2396} INFO - Sync 1 DAGs
[2022-06-23 07:56:01,103] {logging_mixin.py:109} INFO - [2022-06-23 07:56:01,103] {dag.py:2935} INFO - Setting next_dagrun for CSV_TO_DS to 2022-06-22T21:26:59.328971+00:00
[2022-06-23 07:56:01,114] {processor.py:171} INFO - Processing /opt/airflow/dags/csv_to_ds.py took 0.676 seconds
[2022-06-23 07:56:31,475] {processor.py:163} INFO - Started process (PID=218) to work on /opt/airflow/dags/csv_to_ds.py
[2022-06-23 07:56:31,476] {processor.py:642} INFO - Processing file /opt/airflow/dags/csv_to_ds.py for tasks to queue
[2022-06-23 07:56:31,476] {logging_mixin.py:109} INFO - [2022-06-23 07:56:31,476] {dagbag.py:500} INFO - Filling up the DagBag from /opt/airflow/dags/csv_to_ds.py
[2022-06-23 07:56:31,498] {logging_mixin.py:109} INFO - [2022-06-23 07:56:31,498] {base.py:79} INFO - Using connection to: id: postgres. Host: postgres, Port: 5432, Schema: postgres, Login: airflow, Password: airflow, extra: {}
[2022-06-23 07:56:32,014] {processor.py:654} INFO - DAG(s) dict_keys(['CSV_TO_DS']) retrieved from /opt/airflow/dags/csv_to_ds.py
[2022-06-23 07:56:32,022] {logging_mixin.py:109} INFO - [2022-06-23 07:56:32,022] {dag.py:2396} INFO - Sync 1 DAGs
[2022-06-23 07:56:32,033] {logging_mixin.py:109} INFO - [2022-06-23 07:56:32,033] {dag.py:2935} INFO - Setting next_dagrun for CSV_TO_DS to 2022-06-22T21:26:59.328971+00:00
[2022-06-23 07:56:32,047] {processor.py:171} INFO - Processing /opt/airflow/dags/csv_to_ds.py took 0.574 seconds
[2022-06-23 07:57:02,928] {processor.py:163} INFO - Started process (PID=265) to work on /opt/airflow/dags/csv_to_ds.py
[2022-06-23 07:57:02,933] {processor.py:642} INFO - Processing file /opt/airflow/dags/csv_to_ds.py for tasks to queue
[2022-06-23 07:57:02,934] {logging_mixin.py:109} INFO - [2022-06-23 07:57:02,934] {dagbag.py:500} INFO - Filling up the DagBag from /opt/airflow/dags/csv_to_ds.py
[2022-06-23 07:57:02,983] {logging_mixin.py:109} INFO - [2022-06-23 07:57:02,982] {base.py:79} INFO - Using connection to: id: postgres. Host: postgres, Port: 5432, Schema: postgres, Login: airflow, Password: airflow, extra: {}
[2022-06-23 07:57:04,947] {processor.py:654} INFO - DAG(s) dict_keys(['CSV_TO_DS']) retrieved from /opt/airflow/dags/csv_to_ds.py
[2022-06-23 07:57:04,965] {logging_mixin.py:109} INFO - [2022-06-23 07:57:04,965] {dag.py:2396} INFO - Sync 1 DAGs
[2022-06-23 07:57:04,986] {logging_mixin.py:109} INFO - [2022-06-23 07:57:04,986] {dag.py:2935} INFO - Setting next_dagrun for CSV_TO_DS to 2022-06-22T21:26:59.328971+00:00
[2022-06-23 07:57:04,997] {processor.py:171} INFO - Processing /opt/airflow/dags/csv_to_ds.py took 2.074 seconds
