[2022-06-23 07:54:58,642] {processor.py:163} INFO - Started process (PID=61) to work on /opt/airflow/dags/dm_fill_account_turnover.py
[2022-06-23 07:54:58,642] {processor.py:642} INFO - Processing file /opt/airflow/dags/dm_fill_account_turnover.py for tasks to queue
[2022-06-23 07:54:58,643] {logging_mixin.py:109} INFO - [2022-06-23 07:54:58,643] {dagbag.py:500} INFO - Filling up the DagBag from /opt/airflow/dags/dm_fill_account_turnover.py
[2022-06-23 07:54:58,726] {logging_mixin.py:109} INFO - [2022-06-23 07:54:58,725] {base.py:79} INFO - Using connection to: id: postgres. Host: postgres, Port: 5432, Schema: postgres, Login: airflow, Password: airflow, extra: {}
[2022-06-23 07:54:59,742] {processor.py:654} INFO - DAG(s) dict_keys(['DM-COUNT-account-turnover']) retrieved from /opt/airflow/dags/dm_fill_account_turnover.py
[2022-06-23 07:54:59,799] {logging_mixin.py:109} INFO - [2022-06-23 07:54:59,796] {dag.py:2396} INFO - Sync 1 DAGs
[2022-06-23 07:54:59,843] {logging_mixin.py:109} INFO - [2022-06-23 07:54:59,843] {dag.py:2935} INFO - Setting next_dagrun for DM-COUNT-account-turnover to 2022-06-22T21:27:30.430782+00:00
[2022-06-23 07:54:59,866] {processor.py:171} INFO - Processing /opt/airflow/dags/dm_fill_account_turnover.py took 1.234 seconds
[2022-06-23 07:55:30,687] {processor.py:163} INFO - Started process (PID=109) to work on /opt/airflow/dags/dm_fill_account_turnover.py
[2022-06-23 07:55:30,688] {processor.py:642} INFO - Processing file /opt/airflow/dags/dm_fill_account_turnover.py for tasks to queue
[2022-06-23 07:55:30,689] {logging_mixin.py:109} INFO - [2022-06-23 07:55:30,688] {dagbag.py:500} INFO - Filling up the DagBag from /opt/airflow/dags/dm_fill_account_turnover.py
[2022-06-23 07:55:30,706] {logging_mixin.py:109} INFO - [2022-06-23 07:55:30,706] {base.py:79} INFO - Using connection to: id: postgres. Host: postgres, Port: 5432, Schema: postgres, Login: airflow, Password: airflow, extra: {}
[2022-06-23 07:55:31,025] {processor.py:654} INFO - DAG(s) dict_keys(['DM-COUNT-account-turnover']) retrieved from /opt/airflow/dags/dm_fill_account_turnover.py
[2022-06-23 07:55:31,035] {logging_mixin.py:109} INFO - [2022-06-23 07:55:31,035] {dag.py:2396} INFO - Sync 1 DAGs
[2022-06-23 07:55:31,045] {logging_mixin.py:109} INFO - [2022-06-23 07:55:31,045] {dag.py:2935} INFO - Setting next_dagrun for DM-COUNT-account-turnover to 2022-06-22T21:27:30.430782+00:00
[2022-06-23 07:55:31,057] {processor.py:171} INFO - Processing /opt/airflow/dags/dm_fill_account_turnover.py took 0.372 seconds
[2022-06-23 07:56:01,130] {processor.py:163} INFO - Started process (PID=166) to work on /opt/airflow/dags/dm_fill_account_turnover.py
[2022-06-23 07:56:01,131] {processor.py:642} INFO - Processing file /opt/airflow/dags/dm_fill_account_turnover.py for tasks to queue
[2022-06-23 07:56:01,132] {logging_mixin.py:109} INFO - [2022-06-23 07:56:01,131] {dagbag.py:500} INFO - Filling up the DagBag from /opt/airflow/dags/dm_fill_account_turnover.py
[2022-06-23 07:56:01,151] {logging_mixin.py:109} INFO - [2022-06-23 07:56:01,151] {base.py:79} INFO - Using connection to: id: postgres. Host: postgres, Port: 5432, Schema: postgres, Login: airflow, Password: airflow, extra: {}
[2022-06-23 07:56:01,505] {processor.py:654} INFO - DAG(s) dict_keys(['DM-COUNT-account-turnover']) retrieved from /opt/airflow/dags/dm_fill_account_turnover.py
[2022-06-23 07:56:01,515] {logging_mixin.py:109} INFO - [2022-06-23 07:56:01,514] {dag.py:2396} INFO - Sync 1 DAGs
[2022-06-23 07:56:01,525] {logging_mixin.py:109} INFO - [2022-06-23 07:56:01,525] {dag.py:2935} INFO - Setting next_dagrun for DM-COUNT-account-turnover to 2022-06-22T21:27:30.430782+00:00
[2022-06-23 07:56:01,536] {processor.py:171} INFO - Processing /opt/airflow/dags/dm_fill_account_turnover.py took 0.409 seconds
[2022-06-23 07:56:32,064] {processor.py:163} INFO - Started process (PID=224) to work on /opt/airflow/dags/dm_fill_account_turnover.py
[2022-06-23 07:56:32,064] {processor.py:642} INFO - Processing file /opt/airflow/dags/dm_fill_account_turnover.py for tasks to queue
[2022-06-23 07:56:32,065] {logging_mixin.py:109} INFO - [2022-06-23 07:56:32,065] {dagbag.py:500} INFO - Filling up the DagBag from /opt/airflow/dags/dm_fill_account_turnover.py
[2022-06-23 07:56:32,084] {logging_mixin.py:109} INFO - [2022-06-23 07:56:32,084] {base.py:79} INFO - Using connection to: id: postgres. Host: postgres, Port: 5432, Schema: postgres, Login: airflow, Password: airflow, extra: {}
[2022-06-23 07:56:32,443] {processor.py:654} INFO - DAG(s) dict_keys(['DM-COUNT-account-turnover']) retrieved from /opt/airflow/dags/dm_fill_account_turnover.py
[2022-06-23 07:56:32,453] {logging_mixin.py:109} INFO - [2022-06-23 07:56:32,453] {dag.py:2396} INFO - Sync 1 DAGs
[2022-06-23 07:56:32,463] {logging_mixin.py:109} INFO - [2022-06-23 07:56:32,463] {dag.py:2935} INFO - Setting next_dagrun for DM-COUNT-account-turnover to 2022-06-22T21:27:30.430782+00:00
[2022-06-23 07:56:32,475] {processor.py:171} INFO - Processing /opt/airflow/dags/dm_fill_account_turnover.py took 0.414 seconds
[2022-06-23 07:57:02,934] {processor.py:163} INFO - Started process (PID=266) to work on /opt/airflow/dags/dm_fill_account_turnover.py
[2022-06-23 07:57:02,938] {processor.py:642} INFO - Processing file /opt/airflow/dags/dm_fill_account_turnover.py for tasks to queue
[2022-06-23 07:57:02,939] {logging_mixin.py:109} INFO - [2022-06-23 07:57:02,939] {dagbag.py:500} INFO - Filling up the DagBag from /opt/airflow/dags/dm_fill_account_turnover.py
[2022-06-23 07:57:03,023] {logging_mixin.py:109} INFO - [2022-06-23 07:57:03,023] {base.py:79} INFO - Using connection to: id: postgres. Host: postgres, Port: 5432, Schema: postgres, Login: airflow, Password: airflow, extra: {}
[2022-06-23 07:57:04,339] {processor.py:654} INFO - DAG(s) dict_keys(['DM-COUNT-account-turnover']) retrieved from /opt/airflow/dags/dm_fill_account_turnover.py
[2022-06-23 07:57:04,367] {logging_mixin.py:109} INFO - [2022-06-23 07:57:04,366] {dag.py:2396} INFO - Sync 1 DAGs
[2022-06-23 07:57:04,466] {logging_mixin.py:109} INFO - [2022-06-23 07:57:04,466] {dag.py:2935} INFO - Setting next_dagrun for DM-COUNT-account-turnover to 2022-06-22T21:27:30.430782+00:00
[2022-06-23 07:57:04,494] {processor.py:171} INFO - Processing /opt/airflow/dags/dm_fill_account_turnover.py took 1.567 seconds
