[2022-06-23 07:54:56,179] {processor.py:163} INFO - Started process (PID=30) to work on /opt/airflow/dags/f101_to_local.py
[2022-06-23 07:54:56,184] {processor.py:642} INFO - Processing file /opt/airflow/dags/f101_to_local.py for tasks to queue
[2022-06-23 07:54:56,185] {logging_mixin.py:109} INFO - [2022-06-23 07:54:56,185] {dagbag.py:500} INFO - Filling up the DagBag from /opt/airflow/dags/f101_to_local.py
[2022-06-23 07:54:56,241] {logging_mixin.py:109} INFO - [2022-06-23 07:54:56,241] {base.py:79} INFO - Using connection to: id: postgres. Host: postgres, Port: 5432, Schema: postgres, Login: airflow, Password: airflow, extra: {}
[2022-06-23 07:54:57,290] {processor.py:654} INFO - DAG(s) dict_keys(['f101_to_csv']) retrieved from /opt/airflow/dags/f101_to_local.py
[2022-06-23 07:54:57,304] {logging_mixin.py:109} INFO - [2022-06-23 07:54:57,297] {dag.py:2396} INFO - Sync 1 DAGs
[2022-06-23 07:54:57,329] {logging_mixin.py:109} INFO - [2022-06-23 07:54:57,329] {dag.py:2935} INFO - Setting next_dagrun for f101_to_csv to 2022-06-22T20:36:06.966050+00:00
[2022-06-23 07:54:57,342] {processor.py:171} INFO - Processing /opt/airflow/dags/f101_to_local.py took 1.171 seconds
[2022-06-23 07:55:27,730] {processor.py:163} INFO - Started process (PID=86) to work on /opt/airflow/dags/f101_to_local.py
[2022-06-23 07:55:27,731] {processor.py:642} INFO - Processing file /opt/airflow/dags/f101_to_local.py for tasks to queue
[2022-06-23 07:55:27,732] {logging_mixin.py:109} INFO - [2022-06-23 07:55:27,731] {dagbag.py:500} INFO - Filling up the DagBag from /opt/airflow/dags/f101_to_local.py
[2022-06-23 07:55:27,766] {logging_mixin.py:109} INFO - [2022-06-23 07:55:27,766] {base.py:79} INFO - Using connection to: id: postgres. Host: postgres, Port: 5432, Schema: postgres, Login: airflow, Password: airflow, extra: {}
[2022-06-23 07:55:28,208] {processor.py:654} INFO - DAG(s) dict_keys(['f101_to_csv']) retrieved from /opt/airflow/dags/f101_to_local.py
[2022-06-23 07:55:28,214] {logging_mixin.py:109} INFO - [2022-06-23 07:55:28,214] {dag.py:2396} INFO - Sync 1 DAGs
[2022-06-23 07:55:28,226] {logging_mixin.py:109} INFO - [2022-06-23 07:55:28,226] {dag.py:2935} INFO - Setting next_dagrun for f101_to_csv to 2022-06-22T20:36:06.966050+00:00
[2022-06-23 07:55:28,235] {processor.py:171} INFO - Processing /opt/airflow/dags/f101_to_local.py took 0.509 seconds
[2022-06-23 07:55:58,938] {processor.py:163} INFO - Started process (PID=143) to work on /opt/airflow/dags/f101_to_local.py
[2022-06-23 07:55:58,939] {processor.py:642} INFO - Processing file /opt/airflow/dags/f101_to_local.py for tasks to queue
[2022-06-23 07:55:58,939] {logging_mixin.py:109} INFO - [2022-06-23 07:55:58,939] {dagbag.py:500} INFO - Filling up the DagBag from /opt/airflow/dags/f101_to_local.py
[2022-06-23 07:55:58,957] {logging_mixin.py:109} INFO - [2022-06-23 07:55:58,957] {base.py:79} INFO - Using connection to: id: postgres. Host: postgres, Port: 5432, Schema: postgres, Login: airflow, Password: airflow, extra: {}
[2022-06-23 07:55:59,395] {processor.py:654} INFO - DAG(s) dict_keys(['f101_to_csv']) retrieved from /opt/airflow/dags/f101_to_local.py
[2022-06-23 07:55:59,401] {logging_mixin.py:109} INFO - [2022-06-23 07:55:59,401] {dag.py:2396} INFO - Sync 1 DAGs
[2022-06-23 07:55:59,412] {logging_mixin.py:109} INFO - [2022-06-23 07:55:59,412] {dag.py:2935} INFO - Setting next_dagrun for f101_to_csv to 2022-06-22T20:36:06.966050+00:00
[2022-06-23 07:55:59,423] {processor.py:171} INFO - Processing /opt/airflow/dags/f101_to_local.py took 0.488 seconds
[2022-06-23 07:56:29,613] {processor.py:163} INFO - Started process (PID=192) to work on /opt/airflow/dags/f101_to_local.py
[2022-06-23 07:56:29,617] {processor.py:642} INFO - Processing file /opt/airflow/dags/f101_to_local.py for tasks to queue
[2022-06-23 07:56:29,617] {logging_mixin.py:109} INFO - [2022-06-23 07:56:29,617] {dagbag.py:500} INFO - Filling up the DagBag from /opt/airflow/dags/f101_to_local.py
[2022-06-23 07:56:29,636] {logging_mixin.py:109} INFO - [2022-06-23 07:56:29,636] {base.py:79} INFO - Using connection to: id: postgres. Host: postgres, Port: 5432, Schema: postgres, Login: airflow, Password: airflow, extra: {}
[2022-06-23 07:56:30,007] {processor.py:654} INFO - DAG(s) dict_keys(['f101_to_csv']) retrieved from /opt/airflow/dags/f101_to_local.py
[2022-06-23 07:56:30,013] {logging_mixin.py:109} INFO - [2022-06-23 07:56:30,013] {dag.py:2396} INFO - Sync 1 DAGs
[2022-06-23 07:56:30,024] {logging_mixin.py:109} INFO - [2022-06-23 07:56:30,024] {dag.py:2935} INFO - Setting next_dagrun for f101_to_csv to 2022-06-22T20:36:06.966050+00:00
[2022-06-23 07:56:30,036] {processor.py:171} INFO - Processing /opt/airflow/dags/f101_to_local.py took 0.425 seconds
[2022-06-23 07:57:00,665] {processor.py:163} INFO - Started process (PID=248) to work on /opt/airflow/dags/f101_to_local.py
[2022-06-23 07:57:00,666] {processor.py:642} INFO - Processing file /opt/airflow/dags/f101_to_local.py for tasks to queue
[2022-06-23 07:57:00,667] {logging_mixin.py:109} INFO - [2022-06-23 07:57:00,667] {dagbag.py:500} INFO - Filling up the DagBag from /opt/airflow/dags/f101_to_local.py
[2022-06-23 07:57:00,834] {logging_mixin.py:109} INFO - [2022-06-23 07:57:00,834] {base.py:79} INFO - Using connection to: id: postgres. Host: postgres, Port: 5432, Schema: postgres, Login: airflow, Password: airflow, extra: {}
[2022-06-23 07:57:01,913] {processor.py:654} INFO - DAG(s) dict_keys(['f101_to_csv']) retrieved from /opt/airflow/dags/f101_to_local.py
[2022-06-23 07:57:01,931] {logging_mixin.py:109} INFO - [2022-06-23 07:57:01,930] {dag.py:2396} INFO - Sync 1 DAGs
[2022-06-23 07:57:01,949] {logging_mixin.py:109} INFO - [2022-06-23 07:57:01,948] {dag.py:2935} INFO - Setting next_dagrun for f101_to_csv to 2022-06-22T20:36:06.966050+00:00
[2022-06-23 07:57:01,965] {processor.py:171} INFO - Processing /opt/airflow/dags/f101_to_local.py took 1.327 seconds
