[2022-06-23 07:54:57,451] {processor.py:163} INFO - Started process (PID=48) to work on /opt/airflow/dags/f_101_round_f.py
[2022-06-23 07:54:57,452] {processor.py:642} INFO - Processing file /opt/airflow/dags/f_101_round_f.py for tasks to queue
[2022-06-23 07:54:57,452] {logging_mixin.py:109} INFO - [2022-06-23 07:54:57,452] {dagbag.py:500} INFO - Filling up the DagBag from /opt/airflow/dags/f_101_round_f.py
[2022-06-23 07:54:57,635] {logging_mixin.py:109} INFO - [2022-06-23 07:54:57,635] {base.py:79} INFO - Using connection to: id: postgres. Host: postgres, Port: 5432, Schema: postgres, Login: airflow, Password: airflow, extra: {}
[2022-06-23 07:54:58,553] {processor.py:654} INFO - DAG(s) dict_keys(['DM-COUNT-f101_round_f']) retrieved from /opt/airflow/dags/f_101_round_f.py
[2022-06-23 07:54:58,576] {logging_mixin.py:109} INFO - [2022-06-23 07:54:58,576] {dag.py:2396} INFO - Sync 1 DAGs
[2022-06-23 07:54:58,600] {logging_mixin.py:109} INFO - [2022-06-23 07:54:58,600] {dag.py:2935} INFO - Setting next_dagrun for DM-COUNT-f101_round_f to 2022-06-22T16:20:07.188456+00:00
[2022-06-23 07:54:58,610] {processor.py:171} INFO - Processing /opt/airflow/dags/f_101_round_f.py took 1.168 seconds
[2022-06-23 07:55:29,258] {processor.py:163} INFO - Started process (PID=98) to work on /opt/airflow/dags/f_101_round_f.py
[2022-06-23 07:55:29,259] {processor.py:642} INFO - Processing file /opt/airflow/dags/f_101_round_f.py for tasks to queue
[2022-06-23 07:55:29,259] {logging_mixin.py:109} INFO - [2022-06-23 07:55:29,259] {dagbag.py:500} INFO - Filling up the DagBag from /opt/airflow/dags/f_101_round_f.py
[2022-06-23 07:55:29,278] {logging_mixin.py:109} INFO - [2022-06-23 07:55:29,278] {base.py:79} INFO - Using connection to: id: postgres. Host: postgres, Port: 5432, Schema: postgres, Login: airflow, Password: airflow, extra: {}
[2022-06-23 07:55:29,642] {processor.py:654} INFO - DAG(s) dict_keys(['DM-COUNT-f101_round_f']) retrieved from /opt/airflow/dags/f_101_round_f.py
[2022-06-23 07:55:29,653] {logging_mixin.py:109} INFO - [2022-06-23 07:55:29,653] {dag.py:2396} INFO - Sync 1 DAGs
[2022-06-23 07:55:29,664] {logging_mixin.py:109} INFO - [2022-06-23 07:55:29,664] {dag.py:2935} INFO - Setting next_dagrun for DM-COUNT-f101_round_f to 2022-06-22T16:20:07.188456+00:00
[2022-06-23 07:55:29,672] {processor.py:171} INFO - Processing /opt/airflow/dags/f_101_round_f.py took 0.416 seconds
[2022-06-23 07:56:00,443] {processor.py:163} INFO - Started process (PID=155) to work on /opt/airflow/dags/f_101_round_f.py
[2022-06-23 07:56:00,443] {processor.py:642} INFO - Processing file /opt/airflow/dags/f_101_round_f.py for tasks to queue
[2022-06-23 07:56:00,444] {logging_mixin.py:109} INFO - [2022-06-23 07:56:00,444] {dagbag.py:500} INFO - Filling up the DagBag from /opt/airflow/dags/f_101_round_f.py
[2022-06-23 07:56:00,464] {logging_mixin.py:109} INFO - [2022-06-23 07:56:00,464] {base.py:79} INFO - Using connection to: id: postgres. Host: postgres, Port: 5432, Schema: postgres, Login: airflow, Password: airflow, extra: {}
[2022-06-23 07:56:00,922] {processor.py:654} INFO - DAG(s) dict_keys(['DM-COUNT-f101_round_f']) retrieved from /opt/airflow/dags/f_101_round_f.py
[2022-06-23 07:56:00,937] {logging_mixin.py:109} INFO - [2022-06-23 07:56:00,936] {dag.py:2396} INFO - Sync 1 DAGs
[2022-06-23 07:56:00,950] {logging_mixin.py:109} INFO - [2022-06-23 07:56:00,950] {dag.py:2935} INFO - Setting next_dagrun for DM-COUNT-f101_round_f to 2022-06-22T16:20:07.188456+00:00
[2022-06-23 07:56:00,959] {processor.py:171} INFO - Processing /opt/airflow/dags/f_101_round_f.py took 0.519 seconds
[2022-06-23 07:56:31,052] {processor.py:163} INFO - Started process (PID=203) to work on /opt/airflow/dags/f_101_round_f.py
[2022-06-23 07:56:31,052] {processor.py:642} INFO - Processing file /opt/airflow/dags/f_101_round_f.py for tasks to queue
[2022-06-23 07:56:31,053] {logging_mixin.py:109} INFO - [2022-06-23 07:56:31,053] {dagbag.py:500} INFO - Filling up the DagBag from /opt/airflow/dags/f_101_round_f.py
[2022-06-23 07:56:31,072] {logging_mixin.py:109} INFO - [2022-06-23 07:56:31,071] {base.py:79} INFO - Using connection to: id: postgres. Host: postgres, Port: 5432, Schema: postgres, Login: airflow, Password: airflow, extra: {}
[2022-06-23 07:56:31,422] {processor.py:654} INFO - DAG(s) dict_keys(['DM-COUNT-f101_round_f']) retrieved from /opt/airflow/dags/f_101_round_f.py
[2022-06-23 07:56:31,433] {logging_mixin.py:109} INFO - [2022-06-23 07:56:31,432] {dag.py:2396} INFO - Sync 1 DAGs
[2022-06-23 07:56:31,444] {logging_mixin.py:109} INFO - [2022-06-23 07:56:31,444] {dag.py:2935} INFO - Setting next_dagrun for DM-COUNT-f101_round_f to 2022-06-22T16:20:07.188456+00:00
[2022-06-23 07:56:31,461] {processor.py:171} INFO - Processing /opt/airflow/dags/f_101_round_f.py took 0.412 seconds
[2022-06-23 07:57:01,951] {processor.py:163} INFO - Started process (PID=259) to work on /opt/airflow/dags/f_101_round_f.py
[2022-06-23 07:57:01,953] {processor.py:642} INFO - Processing file /opt/airflow/dags/f_101_round_f.py for tasks to queue
[2022-06-23 07:57:01,954] {logging_mixin.py:109} INFO - [2022-06-23 07:57:01,954] {dagbag.py:500} INFO - Filling up the DagBag from /opt/airflow/dags/f_101_round_f.py
[2022-06-23 07:57:01,999] {logging_mixin.py:109} INFO - [2022-06-23 07:57:01,999] {base.py:79} INFO - Using connection to: id: postgres. Host: postgres, Port: 5432, Schema: postgres, Login: airflow, Password: airflow, extra: {}
[2022-06-23 07:57:02,773] {processor.py:654} INFO - DAG(s) dict_keys(['DM-COUNT-f101_round_f']) retrieved from /opt/airflow/dags/f_101_round_f.py
[2022-06-23 07:57:02,818] {logging_mixin.py:109} INFO - [2022-06-23 07:57:02,817] {dag.py:2396} INFO - Sync 1 DAGs
[2022-06-23 07:57:02,854] {logging_mixin.py:109} INFO - [2022-06-23 07:57:02,854] {dag.py:2935} INFO - Setting next_dagrun for DM-COUNT-f101_round_f to 2022-06-22T16:20:07.188456+00:00
[2022-06-23 07:57:02,900] {processor.py:171} INFO - Processing /opt/airflow/dags/f_101_round_f.py took 0.953 seconds
