[2022-06-21 06:27:58,058] {taskinstance.py:1032} INFO - Dependencies all met for <TaskInstance: CSV_TO_DS.SEND_DS_ft_balance_f scheduled__2022-06-19T21:26:59.328971+00:00 [queued]>
[2022-06-21 06:27:58,076] {taskinstance.py:1032} INFO - Dependencies all met for <TaskInstance: CSV_TO_DS.SEND_DS_ft_balance_f scheduled__2022-06-19T21:26:59.328971+00:00 [queued]>
[2022-06-21 06:27:58,076] {taskinstance.py:1238} INFO - 
--------------------------------------------------------------------------------
[2022-06-21 06:27:58,076] {taskinstance.py:1239} INFO - Starting attempt 1 of 2
[2022-06-21 06:27:58,076] {taskinstance.py:1240} INFO - 
--------------------------------------------------------------------------------
[2022-06-21 06:27:58,106] {taskinstance.py:1259} INFO - Executing <Task(PythonOperator): SEND_DS_ft_balance_f> on 2022-06-19 21:26:59.328971+00:00
[2022-06-21 06:27:58,113] {standard_task_runner.py:52} INFO - Started process 223 to run task
[2022-06-21 06:27:58,125] {standard_task_runner.py:76} INFO - Running: ['***', 'tasks', 'run', 'CSV_TO_DS', 'SEND_DS_ft_balance_f', 'scheduled__2022-06-19T21:26:59.328971+00:00', '--job-id', '481', '--raw', '--subdir', 'DAGS_FOLDER/csv_to_ds.py', '--cfg-path', '/tmp/tmp3fyhw8lg', '--error-file', '/tmp/tmpk1i6efrb']
[2022-06-21 06:27:58,127] {standard_task_runner.py:77} INFO - Job 481: Subtask SEND_DS_ft_balance_f
[2022-06-21 06:27:58,212] {logging_mixin.py:109} INFO - Running <TaskInstance: CSV_TO_DS.SEND_DS_ft_balance_f scheduled__2022-06-19T21:26:59.328971+00:00 [running]> on host c087b85f9f15
[2022-06-21 06:27:58,300] {taskinstance.py:1426} INFO - Exporting the following env vars:
AIRFLOW_CTX_DAG_OWNER=***
AIRFLOW_CTX_DAG_ID=CSV_TO_DS
AIRFLOW_CTX_TASK_ID=SEND_DS_ft_balance_f
AIRFLOW_CTX_EXECUTION_DATE=2022-06-19T21:26:59.328971+00:00
AIRFLOW_CTX_DAG_RUN_ID=scheduled__2022-06-19T21:26:59.328971+00:00
[2022-06-21 06:27:58,371] {CsvToDs.py:58} INFO - Column on_date changed date-time format
[2022-06-21 06:27:58,371] {CsvToDs.py:64} INFO - Table ft_balance_f read in pandas success. 
[2022-06-21 06:27:58,387] {CsvToDs.py:65} INFO - 
      on_date  account_rk  currency_rk  balance_out
0 2017-12-31    36237725           35     38318.17
1 2017-12-31       24656           35     80533.62
2 2017-12-31    18849846           34     63891.96
3 2017-12-31     1972647           34     87732.10
4 2017-12-31    34157174           34     97806.90
[2022-06-21 06:27:58,804] {CsvToDs.py:108} INFO -  Table ft_balance_f in ds schema has updated success. 
[2022-06-21 06:28:03,822] {python.py:175} INFO - Done. Returned value was: None
[2022-06-21 06:28:03,837] {taskinstance.py:1277} INFO - Marking task as SUCCESS. dag_id=CSV_TO_DS, task_id=SEND_DS_ft_balance_f, execution_date=20220619T212659, start_date=20220621T062758, end_date=20220621T062803
[2022-06-21 06:28:03,925] {local_task_job.py:154} INFO - Task exited with return code 0
[2022-06-21 06:28:04,054] {local_task_job.py:264} INFO - 0 downstream tasks scheduled from follow-on schedule check
