[2022-07-17 09:24:02,620] {taskinstance.py:1032} INFO - Dependencies all met for <TaskInstance: DM-COUNT-f101_round_f.count_f101-19 scheduled__2022-06-26T19:47:05.358363+00:00 [queued]>
[2022-07-17 09:24:02,725] {taskinstance.py:1032} INFO - Dependencies all met for <TaskInstance: DM-COUNT-f101_round_f.count_f101-19 scheduled__2022-06-26T19:47:05.358363+00:00 [queued]>
[2022-07-17 09:24:02,725] {taskinstance.py:1238} INFO - 
--------------------------------------------------------------------------------
[2022-07-17 09:24:02,726] {taskinstance.py:1239} INFO - Starting attempt 1 of 2
[2022-07-17 09:24:02,727] {taskinstance.py:1240} INFO - 
--------------------------------------------------------------------------------
[2022-07-17 09:24:02,776] {taskinstance.py:1259} INFO - Executing <Task(PostgresOperator): count_f101-19> on 2022-06-26 19:47:05.358363+00:00
[2022-07-17 09:24:02,784] {standard_task_runner.py:52} INFO - Started process 269 to run task
[2022-07-17 09:24:02,806] {standard_task_runner.py:76} INFO - Running: ['***', 'tasks', 'run', 'DM-COUNT-f101_round_f', 'count_f101-19', 'scheduled__2022-06-26T19:47:05.358363+00:00', '--job-id', '1564', '--raw', '--subdir', 'DAGS_FOLDER/f_101_round_f.py', '--cfg-path', '/tmp/tmp01vu17i3', '--error-file', '/tmp/tmp03xqu6_b']
[2022-07-17 09:24:02,807] {standard_task_runner.py:77} INFO - Job 1564: Subtask count_f101-19
[2022-07-17 09:24:02,983] {logging_mixin.py:109} INFO - Running <TaskInstance: DM-COUNT-f101_round_f.count_f101-19 scheduled__2022-06-26T19:47:05.358363+00:00 [running]> on host a04da3f4ff4b
[2022-07-17 09:24:03,377] {taskinstance.py:1426} INFO - Exporting the following env vars:
AIRFLOW_CTX_DAG_OWNER=***
AIRFLOW_CTX_DAG_ID=DM-COUNT-f101_round_f
AIRFLOW_CTX_TASK_ID=count_f101-19
AIRFLOW_CTX_EXECUTION_DATE=2022-06-26T19:47:05.358363+00:00
AIRFLOW_CTX_DAG_RUN_ID=scheduled__2022-06-26T19:47:05.358363+00:00
[2022-07-17 09:24:03,418] {base.py:79} INFO - Using connection to: id: postgres. Host: postgres, Port: 5432, Schema: postgres, Login: ***, Password: ***, extra: {}
[2022-07-17 09:24:03,437] {dbapi.py:225} INFO - Running statement: CALL dm.fill_f101_round_f (%(date)s::date);, parameters: {'date': '2018-01-19'}
[2022-07-17 09:24:04,406] {taskinstance.py:1277} INFO - Marking task as SUCCESS. dag_id=DM-COUNT-f101_round_f, task_id=count_f101-19, execution_date=20220626T194705, start_date=20220717T092402, end_date=20220717T092404
[2022-07-17 09:24:04,605] {local_task_job.py:154} INFO - Task exited with return code 0
[2022-07-17 09:24:05,350] {local_task_job.py:264} INFO - 0 downstream tasks scheduled from follow-on schedule check
