[2022-06-12 21:39:13,794] {taskinstance.py:1159} INFO - Dependencies all met for <TaskInstance: CSV_TO_DS.SEND_DS_ft_balance_f manual__2022-06-12T21:39:10.818237+00:00 [queued]>
[2022-06-12 21:39:13,804] {taskinstance.py:1159} INFO - Dependencies all met for <TaskInstance: CSV_TO_DS.SEND_DS_ft_balance_f manual__2022-06-12T21:39:10.818237+00:00 [queued]>
[2022-06-12 21:39:13,804] {taskinstance.py:1356} INFO - 
--------------------------------------------------------------------------------
[2022-06-12 21:39:13,804] {taskinstance.py:1357} INFO - Starting attempt 1 of 2
[2022-06-12 21:39:13,804] {taskinstance.py:1358} INFO - 
--------------------------------------------------------------------------------
[2022-06-12 21:39:13,818] {taskinstance.py:1377} INFO - Executing <Task(PythonOperator): SEND_DS_ft_balance_f> on 2022-06-12 21:39:10.818237+00:00
[2022-06-12 21:39:13,822] {standard_task_runner.py:52} INFO - Started process 1944 to run task
[2022-06-12 21:39:13,825] {standard_task_runner.py:79} INFO - Running: ['***', 'tasks', 'run', 'CSV_TO_DS', 'SEND_DS_ft_balance_f', 'manual__2022-06-12T21:39:10.818237+00:00', '--job-id', '17', '--raw', '--subdir', 'DAGS_FOLDER/csv_to_ds.py', '--cfg-path', '/tmp/tmpbaz4ghgm', '--error-file', '/tmp/tmpt6672nrw']
[2022-06-12 21:39:13,826] {standard_task_runner.py:80} INFO - Job 17: Subtask SEND_DS_ft_balance_f
[2022-06-12 21:39:13,881] {task_command.py:370} INFO - Running <TaskInstance: CSV_TO_DS.SEND_DS_ft_balance_f manual__2022-06-12T21:39:10.818237+00:00 [running]> on host 0088cb39c00f
[2022-06-12 21:39:13,965] {taskinstance.py:1571} INFO - Exporting the following env vars:
AIRFLOW_CTX_DAG_OWNER=***
AIRFLOW_CTX_DAG_ID=CSV_TO_DS
AIRFLOW_CTX_TASK_ID=SEND_DS_ft_balance_f
AIRFLOW_CTX_EXECUTION_DATE=2022-06-12T21:39:10.818237+00:00
AIRFLOW_CTX_TRY_NUMBER=1
AIRFLOW_CTX_DAG_RUN_ID=manual__2022-06-12T21:39:10.818237+00:00
[2022-06-12 21:39:13,974] {base.py:68} INFO - Using connection ID 'postgres' for task execution.
[2022-06-12 21:39:13,974] {csv_to_ds.py:42} INFO - ***, ***, postgres, None, postgres
[2022-06-12 21:39:13,974] {taskinstance.py:1889} ERROR - Task failed with exception
Traceback (most recent call last):
  File "/home/airflow/.local/lib/python3.7/site-packages/airflow/operators/python.py", line 171, in execute
    return_value = self.execute_callable()
  File "/home/airflow/.local/lib/python3.7/site-packages/airflow/operators/python.py", line 189, in execute_callable
    return self.python_callable(*self.op_args, **self.op_kwargs)
  File "/opt/airflow/dags/csv_to_ds.py", line 71, in send_csv_to_ds
    engine, LogsLoadCsvToDs = get_log_conn()
  File "/opt/airflow/dags/csv_to_ds.py", line 45, in get_log_conn
    engine = create_engine(jdbc_url)
  File "<string>", line 2, in create_engine
  File "/home/airflow/.local/lib/python3.7/site-packages/sqlalchemy/util/deprecations.py", line 298, in warned
    return fn(*args, **kwargs)
  File "/home/airflow/.local/lib/python3.7/site-packages/sqlalchemy/engine/create.py", line 518, in create_engine
    u = _url.make_url(url)
  File "/home/airflow/.local/lib/python3.7/site-packages/sqlalchemy/engine/url.py", line 711, in make_url
    return _parse_rfc1738_args(name_or_url)
  File "/home/airflow/.local/lib/python3.7/site-packages/sqlalchemy/engine/url.py", line 772, in _parse_rfc1738_args
    components["port"] = int(components["port"])
ValueError: invalid literal for int() with base 10: 'None'
[2022-06-12 21:39:13,986] {taskinstance.py:1400} INFO - Marking task as UP_FOR_RETRY. dag_id=CSV_TO_DS, task_id=SEND_DS_ft_balance_f, execution_date=20220612T213910, start_date=20220612T213913, end_date=20220612T213913
[2022-06-12 21:39:13,998] {standard_task_runner.py:97} ERROR - Failed to execute job 17 for task SEND_DS_ft_balance_f (invalid literal for int() with base 10: 'None'; 1944)
[2022-06-12 21:39:14,039] {local_task_job.py:156} INFO - Task exited with return code 1
[2022-06-12 21:39:14,079] {local_task_job.py:273} INFO - 0 downstream tasks scheduled from follow-on schedule check
