[2022-07-17 09:24:03,234] {taskinstance.py:1032} INFO - Dependencies all met for <TaskInstance: DM-COUNT-f101_round_f.count_f101-30 scheduled__2022-06-26T19:47:05.358363+00:00 [queued]>
[2022-07-17 09:24:03,258] {taskinstance.py:1032} INFO - Dependencies all met for <TaskInstance: DM-COUNT-f101_round_f.count_f101-30 scheduled__2022-06-26T19:47:05.358363+00:00 [queued]>
[2022-07-17 09:24:03,259] {taskinstance.py:1238} INFO - 
--------------------------------------------------------------------------------
[2022-07-17 09:24:03,259] {taskinstance.py:1239} INFO - Starting attempt 1 of 2
[2022-07-17 09:24:03,259] {taskinstance.py:1240} INFO - 
--------------------------------------------------------------------------------
[2022-07-17 09:24:03,276] {taskinstance.py:1259} INFO - Executing <Task(PostgresOperator): count_f101-30> on 2022-06-26 19:47:05.358363+00:00
[2022-07-17 09:24:03,288] {standard_task_runner.py:52} INFO - Started process 274 to run task
[2022-07-17 09:24:03,325] {standard_task_runner.py:76} INFO - Running: ['***', 'tasks', 'run', 'DM-COUNT-f101_round_f', 'count_f101-30', 'scheduled__2022-06-26T19:47:05.358363+00:00', '--job-id', '1568', '--raw', '--subdir', 'DAGS_FOLDER/f_101_round_f.py', '--cfg-path', '/tmp/tmp60iixqmp', '--error-file', '/tmp/tmpec_4043m']
[2022-07-17 09:24:03,326] {standard_task_runner.py:77} INFO - Job 1568: Subtask count_f101-30
[2022-07-17 09:24:03,713] {logging_mixin.py:109} INFO - Running <TaskInstance: DM-COUNT-f101_round_f.count_f101-30 scheduled__2022-06-26T19:47:05.358363+00:00 [running]> on host a04da3f4ff4b
[2022-07-17 09:24:04,143] {taskinstance.py:1426} INFO - Exporting the following env vars:
AIRFLOW_CTX_DAG_OWNER=***
AIRFLOW_CTX_DAG_ID=DM-COUNT-f101_round_f
AIRFLOW_CTX_TASK_ID=count_f101-30
AIRFLOW_CTX_EXECUTION_DATE=2022-06-26T19:47:05.358363+00:00
AIRFLOW_CTX_DAG_RUN_ID=scheduled__2022-06-26T19:47:05.358363+00:00
[2022-07-17 09:24:04,166] {base.py:79} INFO - Using connection to: id: postgres. Host: postgres, Port: 5432, Schema: postgres, Login: ***, Password: ***, extra: {}
[2022-07-17 09:24:04,174] {dbapi.py:225} INFO - Running statement: CALL dm.fill_f101_round_f (%(date)s::date);, parameters: {'date': '2018-01-30'}
[2022-07-17 09:24:05,014] {taskinstance.py:1277} INFO - Marking task as SUCCESS. dag_id=DM-COUNT-f101_round_f, task_id=count_f101-30, execution_date=20220626T194705, start_date=20220717T092403, end_date=20220717T092405
[2022-07-17 09:24:05,184] {local_task_job.py:154} INFO - Task exited with return code 0
[2022-07-17 09:24:06,676] {local_task_job.py:264} INFO - 0 downstream tasks scheduled from follow-on schedule check
