[2022-06-22 19:31:50,376] {taskinstance.py:1032} INFO - Dependencies all met for <TaskInstance: DM-COUNT-f101_round_f.count_f101-7 scheduled__2022-06-21T16:20:07.188456+00:00 [queued]>
[2022-06-22 19:31:50,402] {taskinstance.py:1032} INFO - Dependencies all met for <TaskInstance: DM-COUNT-f101_round_f.count_f101-7 scheduled__2022-06-21T16:20:07.188456+00:00 [queued]>
[2022-06-22 19:31:50,403] {taskinstance.py:1238} INFO - 
--------------------------------------------------------------------------------
[2022-06-22 19:31:50,403] {taskinstance.py:1239} INFO - Starting attempt 1 of 2
[2022-06-22 19:31:50,403] {taskinstance.py:1240} INFO - 
--------------------------------------------------------------------------------
[2022-06-22 19:31:50,424] {taskinstance.py:1259} INFO - Executing <Task(PostgresOperator): count_f101-7> on 2022-06-21 16:20:07.188456+00:00
[2022-06-22 19:31:50,432] {standard_task_runner.py:52} INFO - Started process 166 to run task
[2022-06-22 19:31:50,442] {standard_task_runner.py:76} INFO - Running: ['***', 'tasks', 'run', 'DM-COUNT-f101_round_f', 'count_f101-7', 'scheduled__2022-06-21T16:20:07.188456+00:00', '--job-id', '1135', '--raw', '--subdir', 'DAGS_FOLDER/f_101_round_f.py', '--cfg-path', '/tmp/tmpak5hd89x', '--error-file', '/tmp/tmpz9olwdtc']
[2022-06-22 19:31:50,446] {standard_task_runner.py:77} INFO - Job 1135: Subtask count_f101-7
[2022-06-22 19:31:50,568] {logging_mixin.py:109} INFO - Running <TaskInstance: DM-COUNT-f101_round_f.count_f101-7 scheduled__2022-06-21T16:20:07.188456+00:00 [running]> on host bc39be91d060
[2022-06-22 19:31:50,678] {taskinstance.py:1426} INFO - Exporting the following env vars:
AIRFLOW_CTX_DAG_OWNER=***
AIRFLOW_CTX_DAG_ID=DM-COUNT-f101_round_f
AIRFLOW_CTX_TASK_ID=count_f101-7
AIRFLOW_CTX_EXECUTION_DATE=2022-06-21T16:20:07.188456+00:00
AIRFLOW_CTX_DAG_RUN_ID=scheduled__2022-06-21T16:20:07.188456+00:00
[2022-06-22 19:31:50,690] {base.py:79} INFO - Using connection to: id: postgres. Host: postgres, Port: 5432, Schema: postgres, Login: ***, Password: ***, extra: {}
[2022-06-22 19:31:50,698] {dbapi.py:225} INFO - Running statement: CALL dm.fill_f101_round_f (%(date)s::date);, parameters: {'date': '2018-01-7'}
[2022-06-22 19:31:50,918] {taskinstance.py:1277} INFO - Marking task as SUCCESS. dag_id=DM-COUNT-f101_round_f, task_id=count_f101-7, execution_date=20220621T162007, start_date=20220622T193150, end_date=20220622T193150
[2022-06-22 19:31:50,983] {local_task_job.py:154} INFO - Task exited with return code 0
[2022-06-22 19:31:51,161] {local_task_job.py:264} INFO - 0 downstream tasks scheduled from follow-on schedule check
