[2022-06-26 21:17:41,028] {taskinstance.py:1032} INFO - Dependencies all met for <TaskInstance: f101_from_csv_to_db.update_double_f101_dm_csv scheduled__2022-06-25T21:17:36.960177+00:00 [queued]>
[2022-06-26 21:17:41,062] {taskinstance.py:1032} INFO - Dependencies all met for <TaskInstance: f101_from_csv_to_db.update_double_f101_dm_csv scheduled__2022-06-25T21:17:36.960177+00:00 [queued]>
[2022-06-26 21:17:41,062] {taskinstance.py:1238} INFO - 
--------------------------------------------------------------------------------
[2022-06-26 21:17:41,062] {taskinstance.py:1239} INFO - Starting attempt 1 of 2
[2022-06-26 21:17:41,063] {taskinstance.py:1240} INFO - 
--------------------------------------------------------------------------------
[2022-06-26 21:17:41,098] {taskinstance.py:1259} INFO - Executing <Task(PythonOperator): update_double_f101_dm_csv> on 2022-06-25 21:17:36.960177+00:00
[2022-06-26 21:17:41,104] {standard_task_runner.py:52} INFO - Started process 316 to run task
[2022-06-26 21:17:41,114] {standard_task_runner.py:76} INFO - Running: ['***', 'tasks', 'run', 'f101_from_csv_to_db', 'update_double_f101_dm_csv', 'scheduled__2022-06-25T21:17:36.960177+00:00', '--job-id', '1497', '--raw', '--subdir', 'DAGS_FOLDER/f101_from_local.py', '--cfg-path', '/tmp/tmpi5_yv7rf', '--error-file', '/tmp/tmpl0ckv_d4']
[2022-06-26 21:17:41,120] {standard_task_runner.py:77} INFO - Job 1497: Subtask update_double_f101_dm_csv
[2022-06-26 21:17:41,291] {logging_mixin.py:109} INFO - Running <TaskInstance: f101_from_csv_to_db.update_double_f101_dm_csv scheduled__2022-06-25T21:17:36.960177+00:00 [running]> on host 8dd6b2950340
[2022-06-26 21:17:41,459] {taskinstance.py:1426} INFO - Exporting the following env vars:
AIRFLOW_CTX_DAG_OWNER=***
AIRFLOW_CTX_DAG_ID=f101_from_csv_to_db
AIRFLOW_CTX_TASK_ID=update_double_f101_dm_csv
AIRFLOW_CTX_EXECUTION_DATE=2022-06-25T21:17:36.960177+00:00
AIRFLOW_CTX_DAG_RUN_ID=scheduled__2022-06-25T21:17:36.960177+00:00
[2022-06-26 21:17:41,537] {FromLocal.py:65} INFO - Column from_date changed date-time format
[2022-06-26 21:17:41,538] {FromLocal.py:65} INFO - Column to_date changed date-time format
[2022-06-26 21:17:41,538] {FromLocal.py:71} INFO - Table dm_f101_round_f_v2 read in pandas success. 
[2022-06-26 21:17:41,718] {FromLocal.py:72} INFO - 
    from_date    to_date  ... balance_out_total  r_balance_out_total
0 2018-01-01 2018-01-31  ...               0.0                  NaN
1 2018-01-01 2018-01-31  ...               NaN                  NaN
2 2018-01-01 2018-01-31  ...               0.0                  NaN
3 2018-01-01 2018-01-31  ...               0.0                  NaN
4 2018-01-01 2018-01-31  ...               NaN                  NaN

[5 rows x 29 columns]
[2022-06-26 21:17:41,822] {FromLocal.py:100} INFO -  Table dm_f101_round_f_v2 in has updated success. 
[2022-06-26 21:17:46,836] {python.py:175} INFO - Done. Returned value was: None
[2022-06-26 21:17:46,845] {taskinstance.py:1277} INFO - Marking task as SUCCESS. dag_id=f101_from_csv_to_db, task_id=update_double_f101_dm_csv, execution_date=20220625T211736, start_date=20220626T211741, end_date=20220626T211746
[2022-06-26 21:17:46,873] {local_task_job.py:154} INFO - Task exited with return code 0
[2022-06-26 21:17:46,901] {local_task_job.py:264} INFO - 1 downstream tasks scheduled from follow-on schedule check
