[2022-07-22 17:26:12,810] {taskinstance.py:1032} INFO - Dependencies all met for <TaskInstance: MIRR_MD_ACCOUNT_D.load_mirror_md_account_d manual__2022-07-22T17:26:11.027156+00:00 [queued]>
[2022-07-22 17:26:12,819] {taskinstance.py:1032} INFO - Dependencies all met for <TaskInstance: MIRR_MD_ACCOUNT_D.load_mirror_md_account_d manual__2022-07-22T17:26:11.027156+00:00 [queued]>
[2022-07-22 17:26:12,819] {taskinstance.py:1238} INFO - 
--------------------------------------------------------------------------------
[2022-07-22 17:26:12,819] {taskinstance.py:1239} INFO - Starting attempt 1 of 2
[2022-07-22 17:26:12,819] {taskinstance.py:1240} INFO - 
--------------------------------------------------------------------------------
[2022-07-22 17:26:12,836] {taskinstance.py:1259} INFO - Executing <Task(BashOperator): load_mirror_md_account_d> on 2022-07-22 17:26:11.027156+00:00
[2022-07-22 17:26:12,842] {standard_task_runner.py:52} INFO - Started process 236 to run task
[2022-07-22 17:26:12,848] {standard_task_runner.py:76} INFO - Running: ['***', 'tasks', 'run', 'MIRR_MD_ACCOUNT_D', 'load_mirror_md_account_d', 'manual__2022-07-22T17:26:11.027156+00:00', '--job-id', '116', '--raw', '--subdir', 'DAGS_FOLDER/mirror_calc.py', '--cfg-path', '/tmp/tmpax_0_hek', '--error-file', '/tmp/tmpd71njjjl']
[2022-07-22 17:26:12,848] {standard_task_runner.py:77} INFO - Job 116: Subtask load_mirror_md_account_d
[2022-07-22 17:26:12,899] {logging_mixin.py:109} INFO - Running <TaskInstance: MIRR_MD_ACCOUNT_D.load_mirror_md_account_d manual__2022-07-22T17:26:11.027156+00:00 [running]> on host 1c7b2e19b45f
[2022-07-22 17:26:12,942] {taskinstance.py:1426} INFO - Exporting the following env vars:
AIRFLOW_CTX_DAG_OWNER=***
AIRFLOW_CTX_DAG_ID=MIRR_MD_ACCOUNT_D
AIRFLOW_CTX_TASK_ID=load_mirror_md_account_d
AIRFLOW_CTX_EXECUTION_DATE=2022-07-22T17:26:11.027156+00:00
AIRFLOW_CTX_DAG_RUN_ID=manual__2022-07-22T17:26:11.027156+00:00
[2022-07-22 17:26:12,943] {subprocess.py:62} INFO - Tmp dir root location: 
 /tmp
[2022-07-22 17:26:12,943] {subprocess.py:74} INFO - Running command: ['bash', '-c', 'spark-submit --packages io.delta:delta-core_2.12:1.0.0 --conf "spark.sql.extensions=io.delta.sql.DeltaSparkSessionExtension" --conf "spark.sql.catalog.spark_catalog=org.apache.spark.sql.delta.catalog.DeltaCatalog" /opt/***/core/test.py']
[2022-07-22 17:26:12,951] {subprocess.py:85} INFO - Output:
[2022-07-22 17:26:14,548] {subprocess.py:89} INFO - :: loading settings :: url = jar:file:/usr/local/spark/assembly/target/scala-2.12/jars/ivy-2.4.0.jar!/org/apache/ivy/core/settings/ivysettings.xml
[2022-07-22 17:26:14,792] {subprocess.py:89} INFO - Ivy Default Cache set to: /home/***/.ivy2/cache
[2022-07-22 17:26:14,793] {subprocess.py:89} INFO - The jars for the packages stored in: /home/***/.ivy2/jars
[2022-07-22 17:26:14,802] {subprocess.py:89} INFO - io.delta#delta-core_2.12 added as a dependency
[2022-07-22 17:26:14,804] {subprocess.py:89} INFO - :: resolving dependencies :: org.apache.spark#spark-submit-parent-9ee132c8-088f-4f9c-9e9a-f28c18ef89a3;1.0
[2022-07-22 17:26:14,804] {subprocess.py:89} INFO - 	confs: [default]
[2022-07-22 17:26:14,976] {subprocess.py:89} INFO - 	found io.delta#delta-core_2.12;1.0.0 in central
[2022-07-22 17:26:15,002] {subprocess.py:89} INFO - 	found org.antlr#antlr4;4.7 in central
[2022-07-22 17:26:15,069] {subprocess.py:89} INFO - 	found org.antlr#antlr4-runtime;4.7 in central
[2022-07-22 17:26:17,101] {subprocess.py:89} INFO - 	found org.antlr#antlr-runtime;3.5.2 in central
[2022-07-22 17:26:17,285] {subprocess.py:89} INFO - 	found org.antlr#ST4;4.0.8 in central
[2022-07-22 17:26:17,919] {local_task_job.py:212} WARNING - State of this instance has been externally set to skipped. Terminating instance.
[2022-07-22 17:26:17,921] {process_utils.py:124} INFO - Sending Signals.SIGTERM to group 236. PIDs of all processes in the group: [237, 236]
[2022-07-22 17:26:17,921] {process_utils.py:75} INFO - Sending the signal Signals.SIGTERM to group 236
[2022-07-22 17:26:17,921] {taskinstance.py:1408} ERROR - Received SIGTERM. Terminating subprocesses.
[2022-07-22 17:26:17,921] {subprocess.py:99} INFO - Sending SIGTERM signal to process group
[2022-07-22 17:26:18,061] {process_utils.py:70} INFO - Process psutil.Process(pid=237, status='terminated', started='17:26:12') (237) terminated with exit code None
[2022-07-22 17:26:18,062] {process_utils.py:70} INFO - Process psutil.Process(pid=236, status='terminated', exitcode=0, started='17:26:12') (236) terminated with exit code 0
