[2022-07-22 18:40:55,006] {taskinstance.py:1032} INFO - Dependencies all met for <TaskInstance: MIRR_MD_ACCOUNT_D.load_mirror_md_account_d scheduled__2022-07-22T18:35:00+00:00 [queued]>
[2022-07-22 18:40:55,014] {taskinstance.py:1032} INFO - Dependencies all met for <TaskInstance: MIRR_MD_ACCOUNT_D.load_mirror_md_account_d scheduled__2022-07-22T18:35:00+00:00 [queued]>
[2022-07-22 18:40:55,014] {taskinstance.py:1238} INFO - 
--------------------------------------------------------------------------------
[2022-07-22 18:40:55,014] {taskinstance.py:1239} INFO - Starting attempt 1 of 2
[2022-07-22 18:40:55,014] {taskinstance.py:1240} INFO - 
--------------------------------------------------------------------------------
[2022-07-22 18:40:55,022] {taskinstance.py:1259} INFO - Executing <Task(BashOperator): load_mirror_md_account_d> on 2022-07-22 18:35:00+00:00
[2022-07-22 18:40:55,026] {standard_task_runner.py:52} INFO - Started process 2311 to run task
[2022-07-22 18:40:55,029] {standard_task_runner.py:76} INFO - Running: ['***', 'tasks', 'run', 'MIRR_MD_ACCOUNT_D', 'load_mirror_md_account_d', 'scheduled__2022-07-22T18:35:00+00:00', '--job-id', '120', '--raw', '--subdir', 'DAGS_FOLDER/mirror_calc.py', '--cfg-path', '/tmp/tmp8vey8s14', '--error-file', '/tmp/tmpt7e7rm9i']
[2022-07-22 18:40:55,029] {standard_task_runner.py:77} INFO - Job 120: Subtask load_mirror_md_account_d
[2022-07-22 18:40:55,078] {logging_mixin.py:109} INFO - Running <TaskInstance: MIRR_MD_ACCOUNT_D.load_mirror_md_account_d scheduled__2022-07-22T18:35:00+00:00 [running]> on host 1c7b2e19b45f
[2022-07-22 18:40:55,121] {taskinstance.py:1426} INFO - Exporting the following env vars:
AIRFLOW_CTX_DAG_OWNER=***
AIRFLOW_CTX_DAG_ID=MIRR_MD_ACCOUNT_D
AIRFLOW_CTX_TASK_ID=load_mirror_md_account_d
AIRFLOW_CTX_EXECUTION_DATE=2022-07-22T18:35:00+00:00
AIRFLOW_CTX_DAG_RUN_ID=scheduled__2022-07-22T18:35:00+00:00
[2022-07-22 18:40:55,121] {subprocess.py:62} INFO - Tmp dir root location: 
 /tmp
[2022-07-22 18:40:55,122] {subprocess.py:74} INFO - Running command: ['bash', '-c', 'spark-submit --packages io.delta:delta-core_2.12:1.0.0 --conf "spark.sql.extensions=io.delta.sql.DeltaSparkSessionExtension" --conf "spark.sql.catalog.spark_catalog=org.apache.spark.sql.delta.catalog.DeltaCatalog" /opt/***/core/test.py']
[2022-07-22 18:40:55,129] {subprocess.py:85} INFO - Output:
[2022-07-22 18:40:56,267] {subprocess.py:89} INFO - :: loading settings :: url = jar:file:/usr/local/spark/assembly/target/scala-2.12/jars/ivy-2.4.0.jar!/org/apache/ivy/core/settings/ivysettings.xml
[2022-07-22 18:40:56,331] {subprocess.py:89} INFO - Ivy Default Cache set to: /home/***/.ivy2/cache
[2022-07-22 18:40:56,332] {subprocess.py:89} INFO - The jars for the packages stored in: /home/***/.ivy2/jars
[2022-07-22 18:40:56,335] {subprocess.py:89} INFO - io.delta#delta-core_2.12 added as a dependency
[2022-07-22 18:40:56,339] {subprocess.py:89} INFO - :: resolving dependencies :: org.apache.spark#spark-submit-parent-1015e3c5-701e-47da-b020-fc7e0d0bcb2f;1.0
[2022-07-22 18:40:56,340] {subprocess.py:89} INFO - 	confs: [default]
[2022-07-22 18:40:56,430] {subprocess.py:89} INFO - 	found io.delta#delta-core_2.12;1.0.0 in central
[2022-07-22 18:40:56,453] {subprocess.py:89} INFO - 	found org.antlr#antlr4;4.7 in central
[2022-07-22 18:40:56,477] {subprocess.py:89} INFO - 	found org.antlr#antlr4-runtime;4.7 in central
[2022-07-22 18:40:56,500] {subprocess.py:89} INFO - 	found org.antlr#antlr-runtime;3.5.2 in central
[2022-07-22 18:40:56,518] {subprocess.py:89} INFO - 	found org.antlr#ST4;4.0.8 in central
[2022-07-22 18:40:56,537] {subprocess.py:89} INFO - 	found org.abego.treelayout#org.abego.treelayout.core;1.0.3 in central
[2022-07-22 18:40:56,552] {subprocess.py:89} INFO - 	found org.glassfish#javax.json;1.0.4 in central
[2022-07-22 18:40:56,567] {subprocess.py:89} INFO - 	found com.ibm.icu#icu4j;58.2 in central
[2022-07-22 18:40:56,591] {subprocess.py:89} INFO - :: resolution report :: resolve 246ms :: artifacts dl 8ms
[2022-07-22 18:40:56,591] {subprocess.py:89} INFO - 	:: modules in use:
[2022-07-22 18:40:56,591] {subprocess.py:89} INFO - 	com.ibm.icu#icu4j;58.2 from central in [default]
[2022-07-22 18:40:56,591] {subprocess.py:89} INFO - 	io.delta#delta-core_2.12;1.0.0 from central in [default]
[2022-07-22 18:40:56,591] {subprocess.py:89} INFO - 	org.abego.treelayout#org.abego.treelayout.core;1.0.3 from central in [default]
[2022-07-22 18:40:56,591] {subprocess.py:89} INFO - 	org.antlr#ST4;4.0.8 from central in [default]
[2022-07-22 18:40:56,591] {subprocess.py:89} INFO - 	org.antlr#antlr-runtime;3.5.2 from central in [default]
[2022-07-22 18:40:56,592] {subprocess.py:89} INFO - 	org.antlr#antlr4;4.7 from central in [default]
[2022-07-22 18:40:56,592] {subprocess.py:89} INFO - 	org.antlr#antlr4-runtime;4.7 from central in [default]
[2022-07-22 18:40:56,592] {subprocess.py:89} INFO - 	org.glassfish#javax.json;1.0.4 from central in [default]
[2022-07-22 18:40:56,592] {subprocess.py:89} INFO - 	---------------------------------------------------------------------
[2022-07-22 18:40:56,592] {subprocess.py:89} INFO - 	|                  |            modules            ||   artifacts   |
[2022-07-22 18:40:56,592] {subprocess.py:89} INFO - 	|       conf       | number| search|dwnlded|evicted|| number|dwnlded|
[2022-07-22 18:40:56,592] {subprocess.py:89} INFO - 	---------------------------------------------------------------------
[2022-07-22 18:40:56,592] {subprocess.py:89} INFO - 	|      default     |   8   |   0   |   0   |   0   ||   8   |   0   |
[2022-07-22 18:40:56,592] {subprocess.py:89} INFO - 	---------------------------------------------------------------------
[2022-07-22 18:40:56,596] {subprocess.py:89} INFO - :: retrieving :: org.apache.spark#spark-submit-parent-1015e3c5-701e-47da-b020-fc7e0d0bcb2f
[2022-07-22 18:40:56,596] {subprocess.py:89} INFO - 	confs: [default]
[2022-07-22 18:40:56,603] {subprocess.py:89} INFO - 	0 artifacts copied, 8 already retrieved (0kB/7ms)
[2022-07-22 18:40:56,847] {subprocess.py:89} INFO - 22/07/22 18:40:56 WARN NativeCodeLoader: Unable to load native-hadoop library for your platform... using builtin-java classes where applicable
[2022-07-22 18:40:57,221] {subprocess.py:89} INFO - /usr/local/bin/python3
[2022-07-22 18:40:57,654] {subprocess.py:89} INFO - Using Spark's default log4j profile: org/apache/spark/log4j-defaults.properties
[2022-07-22 18:40:57,662] {subprocess.py:89} INFO - 22/07/22 18:40:57 INFO SparkContext: Running Spark version 3.1.2
[2022-07-22 18:40:57,697] {subprocess.py:89} INFO - 22/07/22 18:40:57 INFO ResourceUtils: ==============================================================
[2022-07-22 18:40:57,697] {subprocess.py:89} INFO - 22/07/22 18:40:57 INFO ResourceUtils: No custom resources configured for spark.driver.
[2022-07-22 18:40:57,698] {subprocess.py:89} INFO - 22/07/22 18:40:57 INFO ResourceUtils: ==============================================================
[2022-07-22 18:40:57,698] {subprocess.py:89} INFO - 22/07/22 18:40:57 INFO SparkContext: Submitted application: MyApp
[2022-07-22 18:40:57,721] {subprocess.py:89} INFO - 22/07/22 18:40:57 INFO ResourceProfile: Default ResourceProfile created, executor resources: Map(cores -> name: cores, amount: 1, script: , vendor: , memory -> name: memory, amount: 1024, script: , vendor: , offHeap -> name: offHeap, amount: 0, script: , vendor: ), task resources: Map(cpus -> name: cpus, amount: 1.0)
[2022-07-22 18:40:57,734] {subprocess.py:89} INFO - 22/07/22 18:40:57 INFO ResourceProfile: Limiting resource is cpu
[2022-07-22 18:40:57,734] {subprocess.py:89} INFO - 22/07/22 18:40:57 INFO ResourceProfileManager: Added ResourceProfile id: 0
[2022-07-22 18:40:57,814] {subprocess.py:89} INFO - 22/07/22 18:40:57 INFO SecurityManager: Changing view acls to: default
[2022-07-22 18:40:57,815] {subprocess.py:89} INFO - 22/07/22 18:40:57 INFO SecurityManager: Changing modify acls to: default
[2022-07-22 18:40:57,815] {subprocess.py:89} INFO - 22/07/22 18:40:57 INFO SecurityManager: Changing view acls groups to:
[2022-07-22 18:40:57,815] {subprocess.py:89} INFO - 22/07/22 18:40:57 INFO SecurityManager: Changing modify acls groups to:
[2022-07-22 18:40:57,816] {subprocess.py:89} INFO - 22/07/22 18:40:57 INFO SecurityManager: SecurityManager: authentication disabled; ui acls disabled; users  with view permissions: Set(default); groups with view permissions: Set(); users  with modify permissions: Set(default); groups with modify permissions: Set()
[2022-07-22 18:40:57,997] {subprocess.py:89} INFO - 22/07/22 18:40:57 INFO Utils: Successfully started service 'sparkDriver' on port 35175.
[2022-07-22 18:40:58,050] {subprocess.py:89} INFO - 22/07/22 18:40:58 INFO SparkEnv: Registering MapOutputTracker
[2022-07-22 18:40:58,084] {subprocess.py:89} INFO - 22/07/22 18:40:58 INFO SparkEnv: Registering BlockManagerMaster
[2022-07-22 18:40:58,105] {subprocess.py:89} INFO - 22/07/22 18:40:58 INFO BlockManagerMasterEndpoint: Using org.apache.spark.storage.DefaultTopologyMapper for getting topology information
[2022-07-22 18:40:58,106] {subprocess.py:89} INFO - 22/07/22 18:40:58 INFO BlockManagerMasterEndpoint: BlockManagerMasterEndpoint up
[2022-07-22 18:40:58,109] {subprocess.py:89} INFO - 22/07/22 18:40:58 INFO SparkEnv: Registering BlockManagerMasterHeartbeat
[2022-07-22 18:40:58,119] {subprocess.py:89} INFO - 22/07/22 18:40:58 INFO DiskBlockManager: Created local directory at /tmp/blockmgr-0ca22ad8-333f-4775-9075-7784be821970
[2022-07-22 18:40:58,138] {subprocess.py:89} INFO - 22/07/22 18:40:58 INFO MemoryStore: MemoryStore started with capacity 366.3 MiB
[2022-07-22 18:40:58,151] {subprocess.py:89} INFO - 22/07/22 18:40:58 INFO SparkEnv: Registering OutputCommitCoordinator
[2022-07-22 18:40:58,363] {subprocess.py:89} INFO - 22/07/22 18:40:58 INFO Utils: Successfully started service 'SparkUI' on port 4040.
[2022-07-22 18:40:58,410] {subprocess.py:89} INFO - 22/07/22 18:40:58 INFO SparkUI: Bound SparkUI to 0.0.0.0, and started at http://1c7b2e19b45f:4040
[2022-07-22 18:40:58,426] {subprocess.py:89} INFO - 22/07/22 18:40:58 INFO SparkContext: Added JAR file:///home/***/.ivy2/jars/io.delta_delta-core_2.12-1.0.0.jar at spark://1c7b2e19b45f:35175/jars/io.delta_delta-core_2.12-1.0.0.jar with timestamp 1658515257652
[2022-07-22 18:40:58,426] {subprocess.py:89} INFO - 22/07/22 18:40:58 INFO SparkContext: Added JAR file:///home/***/.ivy2/jars/org.antlr_antlr4-4.7.jar at spark://1c7b2e19b45f:35175/jars/org.antlr_antlr4-4.7.jar with timestamp 1658515257652
[2022-07-22 18:40:58,426] {subprocess.py:89} INFO - 22/07/22 18:40:58 INFO SparkContext: Added JAR file:///home/***/.ivy2/jars/org.antlr_antlr4-runtime-4.7.jar at spark://1c7b2e19b45f:35175/jars/org.antlr_antlr4-runtime-4.7.jar with timestamp 1658515257652
[2022-07-22 18:40:58,427] {subprocess.py:89} INFO - 22/07/22 18:40:58 INFO SparkContext: Added JAR file:///home/***/.ivy2/jars/org.antlr_antlr-runtime-3.5.2.jar at spark://1c7b2e19b45f:35175/jars/org.antlr_antlr-runtime-3.5.2.jar with timestamp 1658515257652
[2022-07-22 18:40:58,427] {subprocess.py:89} INFO - 22/07/22 18:40:58 INFO SparkContext: Added JAR file:///home/***/.ivy2/jars/org.antlr_ST4-4.0.8.jar at spark://1c7b2e19b45f:35175/jars/org.antlr_ST4-4.0.8.jar with timestamp 1658515257652
[2022-07-22 18:40:58,427] {subprocess.py:89} INFO - 22/07/22 18:40:58 INFO SparkContext: Added JAR file:///home/***/.ivy2/jars/org.abego.treelayout_org.abego.treelayout.core-1.0.3.jar at spark://1c7b2e19b45f:35175/jars/org.abego.treelayout_org.abego.treelayout.core-1.0.3.jar with timestamp 1658515257652
[2022-07-22 18:40:58,427] {subprocess.py:89} INFO - 22/07/22 18:40:58 INFO SparkContext: Added JAR file:///home/***/.ivy2/jars/org.glassfish_javax.json-1.0.4.jar at spark://1c7b2e19b45f:35175/jars/org.glassfish_javax.json-1.0.4.jar with timestamp 1658515257652
[2022-07-22 18:40:58,428] {subprocess.py:89} INFO - 22/07/22 18:40:58 INFO SparkContext: Added JAR file:///home/***/.ivy2/jars/com.ibm.icu_icu4j-58.2.jar at spark://1c7b2e19b45f:35175/jars/com.ibm.icu_icu4j-58.2.jar with timestamp 1658515257652
[2022-07-22 18:40:58,429] {subprocess.py:89} INFO - 22/07/22 18:40:58 INFO SparkContext: Added file file:///home/***/.ivy2/jars/io.delta_delta-core_2.12-1.0.0.jar at file:///home/***/.ivy2/jars/io.delta_delta-core_2.12-1.0.0.jar with timestamp 1658515257652
[2022-07-22 18:40:58,431] {subprocess.py:89} INFO - 22/07/22 18:40:58 INFO Utils: Copying /home/***/.ivy2/jars/io.delta_delta-core_2.12-1.0.0.jar to /tmp/spark-770218d2-d4ff-4ab0-b464-f10dfea8438f/userFiles-da7722f4-e059-4a1b-ae11-d37e46dca7be/io.delta_delta-core_2.12-1.0.0.jar
[2022-07-22 18:40:58,441] {subprocess.py:89} INFO - 22/07/22 18:40:58 INFO SparkContext: Added file file:///home/***/.ivy2/jars/org.antlr_antlr4-4.7.jar at file:///home/***/.ivy2/jars/org.antlr_antlr4-4.7.jar with timestamp 1658515257652
[2022-07-22 18:40:58,441] {subprocess.py:89} INFO - 22/07/22 18:40:58 INFO Utils: Copying /home/***/.ivy2/jars/org.antlr_antlr4-4.7.jar to /tmp/spark-770218d2-d4ff-4ab0-b464-f10dfea8438f/userFiles-da7722f4-e059-4a1b-ae11-d37e46dca7be/org.antlr_antlr4-4.7.jar
[2022-07-22 18:40:58,448] {subprocess.py:89} INFO - 22/07/22 18:40:58 INFO SparkContext: Added file file:///home/***/.ivy2/jars/org.antlr_antlr4-runtime-4.7.jar at file:///home/***/.ivy2/jars/org.antlr_antlr4-runtime-4.7.jar with timestamp 1658515257652
[2022-07-22 18:40:58,448] {subprocess.py:89} INFO - 22/07/22 18:40:58 INFO Utils: Copying /home/***/.ivy2/jars/org.antlr_antlr4-runtime-4.7.jar to /tmp/spark-770218d2-d4ff-4ab0-b464-f10dfea8438f/userFiles-da7722f4-e059-4a1b-ae11-d37e46dca7be/org.antlr_antlr4-runtime-4.7.jar
[2022-07-22 18:40:58,454] {subprocess.py:89} INFO - 22/07/22 18:40:58 INFO SparkContext: Added file file:///home/***/.ivy2/jars/org.antlr_antlr-runtime-3.5.2.jar at file:///home/***/.ivy2/jars/org.antlr_antlr-runtime-3.5.2.jar with timestamp 1658515257652
[2022-07-22 18:40:58,456] {subprocess.py:89} INFO - 22/07/22 18:40:58 INFO Utils: Copying /home/***/.ivy2/jars/org.antlr_antlr-runtime-3.5.2.jar to /tmp/spark-770218d2-d4ff-4ab0-b464-f10dfea8438f/userFiles-da7722f4-e059-4a1b-ae11-d37e46dca7be/org.antlr_antlr-runtime-3.5.2.jar
[2022-07-22 18:40:58,457] {subprocess.py:89} INFO - 22/07/22 18:40:58 INFO SparkContext: Added file file:///home/***/.ivy2/jars/org.antlr_ST4-4.0.8.jar at file:///home/***/.ivy2/jars/org.antlr_ST4-4.0.8.jar with timestamp 1658515257652
[2022-07-22 18:40:58,457] {subprocess.py:89} INFO - 22/07/22 18:40:58 INFO Utils: Copying /home/***/.ivy2/jars/org.antlr_ST4-4.0.8.jar to /tmp/spark-770218d2-d4ff-4ab0-b464-f10dfea8438f/userFiles-da7722f4-e059-4a1b-ae11-d37e46dca7be/org.antlr_ST4-4.0.8.jar
[2022-07-22 18:40:58,460] {subprocess.py:89} INFO - 22/07/22 18:40:58 INFO SparkContext: Added file file:///home/***/.ivy2/jars/org.abego.treelayout_org.abego.treelayout.core-1.0.3.jar at file:///home/***/.ivy2/jars/org.abego.treelayout_org.abego.treelayout.core-1.0.3.jar with timestamp 1658515257652
[2022-07-22 18:40:58,461] {subprocess.py:89} INFO - 22/07/22 18:40:58 INFO Utils: Copying /home/***/.ivy2/jars/org.abego.treelayout_org.abego.treelayout.core-1.0.3.jar to /tmp/spark-770218d2-d4ff-4ab0-b464-f10dfea8438f/userFiles-da7722f4-e059-4a1b-ae11-d37e46dca7be/org.abego.treelayout_org.abego.treelayout.core-1.0.3.jar
[2022-07-22 18:40:58,463] {subprocess.py:89} INFO - 22/07/22 18:40:58 INFO SparkContext: Added file file:///home/***/.ivy2/jars/org.glassfish_javax.json-1.0.4.jar at file:///home/***/.ivy2/jars/org.glassfish_javax.json-1.0.4.jar with timestamp 1658515257652
[2022-07-22 18:40:58,463] {subprocess.py:89} INFO - 22/07/22 18:40:58 INFO Utils: Copying /home/***/.ivy2/jars/org.glassfish_javax.json-1.0.4.jar to /tmp/spark-770218d2-d4ff-4ab0-b464-f10dfea8438f/userFiles-da7722f4-e059-4a1b-ae11-d37e46dca7be/org.glassfish_javax.json-1.0.4.jar
[2022-07-22 18:40:58,466] {subprocess.py:89} INFO - 22/07/22 18:40:58 INFO SparkContext: Added file file:///home/***/.ivy2/jars/com.ibm.icu_icu4j-58.2.jar at file:///home/***/.ivy2/jars/com.ibm.icu_icu4j-58.2.jar with timestamp 1658515257652
[2022-07-22 18:40:58,466] {subprocess.py:89} INFO - 22/07/22 18:40:58 INFO Utils: Copying /home/***/.ivy2/jars/com.ibm.icu_icu4j-58.2.jar to /tmp/spark-770218d2-d4ff-4ab0-b464-f10dfea8438f/userFiles-da7722f4-e059-4a1b-ae11-d37e46dca7be/com.ibm.icu_icu4j-58.2.jar
[2022-07-22 18:40:58,623] {subprocess.py:89} INFO - 22/07/22 18:40:58 INFO Executor: Starting executor ID driver on host 1c7b2e19b45f
[2022-07-22 18:40:58,639] {subprocess.py:89} INFO - 22/07/22 18:40:58 INFO Executor: Fetching file:///home/***/.ivy2/jars/com.ibm.icu_icu4j-58.2.jar with timestamp 1658515257652
[2022-07-22 18:40:58,673] {subprocess.py:89} INFO - 22/07/22 18:40:58 INFO Utils: /home/***/.ivy2/jars/com.ibm.icu_icu4j-58.2.jar has been previously copied to /tmp/spark-770218d2-d4ff-4ab0-b464-f10dfea8438f/userFiles-da7722f4-e059-4a1b-ae11-d37e46dca7be/com.ibm.icu_icu4j-58.2.jar
[2022-07-22 18:40:58,675] {subprocess.py:89} INFO - 22/07/22 18:40:58 INFO Executor: Fetching file:///home/***/.ivy2/jars/org.abego.treelayout_org.abego.treelayout.core-1.0.3.jar with timestamp 1658515257652
[2022-07-22 18:40:58,676] {subprocess.py:89} INFO - 22/07/22 18:40:58 INFO Utils: /home/***/.ivy2/jars/org.abego.treelayout_org.abego.treelayout.core-1.0.3.jar has been previously copied to /tmp/spark-770218d2-d4ff-4ab0-b464-f10dfea8438f/userFiles-da7722f4-e059-4a1b-ae11-d37e46dca7be/org.abego.treelayout_org.abego.treelayout.core-1.0.3.jar
[2022-07-22 18:40:58,680] {subprocess.py:89} INFO - 22/07/22 18:40:58 INFO Executor: Fetching file:///home/***/.ivy2/jars/org.antlr_antlr-runtime-3.5.2.jar with timestamp 1658515257652
[2022-07-22 18:40:58,681] {subprocess.py:89} INFO - 22/07/22 18:40:58 INFO Utils: /home/***/.ivy2/jars/org.antlr_antlr-runtime-3.5.2.jar has been previously copied to /tmp/spark-770218d2-d4ff-4ab0-b464-f10dfea8438f/userFiles-da7722f4-e059-4a1b-ae11-d37e46dca7be/org.antlr_antlr-runtime-3.5.2.jar
[2022-07-22 18:40:58,683] {subprocess.py:89} INFO - 22/07/22 18:40:58 INFO Executor: Fetching file:///home/***/.ivy2/jars/org.glassfish_javax.json-1.0.4.jar with timestamp 1658515257652
[2022-07-22 18:40:58,684] {subprocess.py:89} INFO - 22/07/22 18:40:58 INFO Utils: /home/***/.ivy2/jars/org.glassfish_javax.json-1.0.4.jar has been previously copied to /tmp/spark-770218d2-d4ff-4ab0-b464-f10dfea8438f/userFiles-da7722f4-e059-4a1b-ae11-d37e46dca7be/org.glassfish_javax.json-1.0.4.jar
[2022-07-22 18:40:58,712] {subprocess.py:89} INFO - 22/07/22 18:40:58 INFO Executor: Fetching file:///home/***/.ivy2/jars/org.antlr_antlr4-runtime-4.7.jar with timestamp 1658515257652
[2022-07-22 18:40:58,713] {subprocess.py:89} INFO - 22/07/22 18:40:58 INFO Utils: /home/***/.ivy2/jars/org.antlr_antlr4-runtime-4.7.jar has been previously copied to /tmp/spark-770218d2-d4ff-4ab0-b464-f10dfea8438f/userFiles-da7722f4-e059-4a1b-ae11-d37e46dca7be/org.antlr_antlr4-runtime-4.7.jar
[2022-07-22 18:40:58,716] {subprocess.py:89} INFO - 22/07/22 18:40:58 INFO Executor: Fetching file:///home/***/.ivy2/jars/org.antlr_antlr4-4.7.jar with timestamp 1658515257652
[2022-07-22 18:40:58,717] {subprocess.py:89} INFO - 22/07/22 18:40:58 INFO Utils: /home/***/.ivy2/jars/org.antlr_antlr4-4.7.jar has been previously copied to /tmp/spark-770218d2-d4ff-4ab0-b464-f10dfea8438f/userFiles-da7722f4-e059-4a1b-ae11-d37e46dca7be/org.antlr_antlr4-4.7.jar
[2022-07-22 18:40:58,723] {subprocess.py:89} INFO - 22/07/22 18:40:58 INFO Executor: Fetching file:///home/***/.ivy2/jars/org.antlr_ST4-4.0.8.jar with timestamp 1658515257652
[2022-07-22 18:40:58,724] {subprocess.py:89} INFO - 22/07/22 18:40:58 INFO Utils: /home/***/.ivy2/jars/org.antlr_ST4-4.0.8.jar has been previously copied to /tmp/spark-770218d2-d4ff-4ab0-b464-f10dfea8438f/userFiles-da7722f4-e059-4a1b-ae11-d37e46dca7be/org.antlr_ST4-4.0.8.jar
[2022-07-22 18:40:58,727] {subprocess.py:89} INFO - 22/07/22 18:40:58 INFO Executor: Fetching file:///home/***/.ivy2/jars/io.delta_delta-core_2.12-1.0.0.jar with timestamp 1658515257652
[2022-07-22 18:40:58,731] {subprocess.py:89} INFO - 22/07/22 18:40:58 INFO Utils: /home/***/.ivy2/jars/io.delta_delta-core_2.12-1.0.0.jar has been previously copied to /tmp/spark-770218d2-d4ff-4ab0-b464-f10dfea8438f/userFiles-da7722f4-e059-4a1b-ae11-d37e46dca7be/io.delta_delta-core_2.12-1.0.0.jar
[2022-07-22 18:40:58,737] {subprocess.py:89} INFO - 22/07/22 18:40:58 INFO Executor: Fetching spark://1c7b2e19b45f:35175/jars/io.delta_delta-core_2.12-1.0.0.jar with timestamp 1658515257652
[2022-07-22 18:40:58,783] {subprocess.py:89} INFO - 22/07/22 18:40:58 INFO TransportClientFactory: Successfully created connection to 1c7b2e19b45f/172.20.0.10:35175 after 29 ms (0 ms spent in bootstraps)
[2022-07-22 18:40:58,789] {subprocess.py:89} INFO - 22/07/22 18:40:58 INFO Utils: Fetching spark://1c7b2e19b45f:35175/jars/io.delta_delta-core_2.12-1.0.0.jar to /tmp/spark-770218d2-d4ff-4ab0-b464-f10dfea8438f/userFiles-da7722f4-e059-4a1b-ae11-d37e46dca7be/fetchFileTemp4257930928064872829.tmp
[2022-07-22 18:40:58,823] {subprocess.py:89} INFO - 22/07/22 18:40:58 INFO Utils: /tmp/spark-770218d2-d4ff-4ab0-b464-f10dfea8438f/userFiles-da7722f4-e059-4a1b-ae11-d37e46dca7be/fetchFileTemp4257930928064872829.tmp has been previously copied to /tmp/spark-770218d2-d4ff-4ab0-b464-f10dfea8438f/userFiles-da7722f4-e059-4a1b-ae11-d37e46dca7be/io.delta_delta-core_2.12-1.0.0.jar
[2022-07-22 18:40:58,829] {subprocess.py:89} INFO - 22/07/22 18:40:58 INFO Executor: Adding file:/tmp/spark-770218d2-d4ff-4ab0-b464-f10dfea8438f/userFiles-da7722f4-e059-4a1b-ae11-d37e46dca7be/io.delta_delta-core_2.12-1.0.0.jar to class loader
[2022-07-22 18:40:58,829] {subprocess.py:89} INFO - 22/07/22 18:40:58 INFO Executor: Fetching spark://1c7b2e19b45f:35175/jars/org.antlr_ST4-4.0.8.jar with timestamp 1658515257652
[2022-07-22 18:40:58,830] {subprocess.py:89} INFO - 22/07/22 18:40:58 INFO Utils: Fetching spark://1c7b2e19b45f:35175/jars/org.antlr_ST4-4.0.8.jar to /tmp/spark-770218d2-d4ff-4ab0-b464-f10dfea8438f/userFiles-da7722f4-e059-4a1b-ae11-d37e46dca7be/fetchFileTemp397018118168125086.tmp
[2022-07-22 18:40:58,831] {subprocess.py:89} INFO - 22/07/22 18:40:58 INFO Utils: /tmp/spark-770218d2-d4ff-4ab0-b464-f10dfea8438f/userFiles-da7722f4-e059-4a1b-ae11-d37e46dca7be/fetchFileTemp397018118168125086.tmp has been previously copied to /tmp/spark-770218d2-d4ff-4ab0-b464-f10dfea8438f/userFiles-da7722f4-e059-4a1b-ae11-d37e46dca7be/org.antlr_ST4-4.0.8.jar
[2022-07-22 18:40:58,834] {subprocess.py:89} INFO - 22/07/22 18:40:58 INFO Executor: Adding file:/tmp/spark-770218d2-d4ff-4ab0-b464-f10dfea8438f/userFiles-da7722f4-e059-4a1b-ae11-d37e46dca7be/org.antlr_ST4-4.0.8.jar to class loader
[2022-07-22 18:40:58,834] {subprocess.py:89} INFO - 22/07/22 18:40:58 INFO Executor: Fetching spark://1c7b2e19b45f:35175/jars/com.ibm.icu_icu4j-58.2.jar with timestamp 1658515257652
[2022-07-22 18:40:58,834] {subprocess.py:89} INFO - 22/07/22 18:40:58 INFO Utils: Fetching spark://1c7b2e19b45f:35175/jars/com.ibm.icu_icu4j-58.2.jar to /tmp/spark-770218d2-d4ff-4ab0-b464-f10dfea8438f/userFiles-da7722f4-e059-4a1b-ae11-d37e46dca7be/fetchFileTemp6770925409593925198.tmp
[2022-07-22 18:40:58,868] {subprocess.py:89} INFO - 22/07/22 18:40:58 INFO Utils: /tmp/spark-770218d2-d4ff-4ab0-b464-f10dfea8438f/userFiles-da7722f4-e059-4a1b-ae11-d37e46dca7be/fetchFileTemp6770925409593925198.tmp has been previously copied to /tmp/spark-770218d2-d4ff-4ab0-b464-f10dfea8438f/userFiles-da7722f4-e059-4a1b-ae11-d37e46dca7be/com.ibm.icu_icu4j-58.2.jar
[2022-07-22 18:40:58,949] {subprocess.py:89} INFO - 22/07/22 18:40:58 INFO Executor: Adding file:/tmp/spark-770218d2-d4ff-4ab0-b464-f10dfea8438f/userFiles-da7722f4-e059-4a1b-ae11-d37e46dca7be/com.ibm.icu_icu4j-58.2.jar to class loader
[2022-07-22 18:40:58,949] {subprocess.py:89} INFO - 22/07/22 18:40:58 INFO Executor: Fetching spark://1c7b2e19b45f:35175/jars/org.abego.treelayout_org.abego.treelayout.core-1.0.3.jar with timestamp 1658515257652
[2022-07-22 18:40:58,949] {subprocess.py:89} INFO - 22/07/22 18:40:58 INFO Utils: Fetching spark://1c7b2e19b45f:35175/jars/org.abego.treelayout_org.abego.treelayout.core-1.0.3.jar to /tmp/spark-770218d2-d4ff-4ab0-b464-f10dfea8438f/userFiles-da7722f4-e059-4a1b-ae11-d37e46dca7be/fetchFileTemp6343362338198905177.tmp
[2022-07-22 18:40:58,950] {subprocess.py:89} INFO - 22/07/22 18:40:58 INFO Utils: /tmp/spark-770218d2-d4ff-4ab0-b464-f10dfea8438f/userFiles-da7722f4-e059-4a1b-ae11-d37e46dca7be/fetchFileTemp6343362338198905177.tmp has been previously copied to /tmp/spark-770218d2-d4ff-4ab0-b464-f10dfea8438f/userFiles-da7722f4-e059-4a1b-ae11-d37e46dca7be/org.abego.treelayout_org.abego.treelayout.core-1.0.3.jar
[2022-07-22 18:40:59,006] {subprocess.py:89} INFO - 22/07/22 18:40:59 INFO Executor: Adding file:/tmp/spark-770218d2-d4ff-4ab0-b464-f10dfea8438f/userFiles-da7722f4-e059-4a1b-ae11-d37e46dca7be/org.abego.treelayout_org.abego.treelayout.core-1.0.3.jar to class loader
[2022-07-22 18:40:59,007] {subprocess.py:89} INFO - 22/07/22 18:40:59 INFO Executor: Fetching spark://1c7b2e19b45f:35175/jars/org.antlr_antlr-runtime-3.5.2.jar with timestamp 1658515257652
[2022-07-22 18:40:59,008] {subprocess.py:89} INFO - 22/07/22 18:40:59 INFO Utils: Fetching spark://1c7b2e19b45f:35175/jars/org.antlr_antlr-runtime-3.5.2.jar to /tmp/spark-770218d2-d4ff-4ab0-b464-f10dfea8438f/userFiles-da7722f4-e059-4a1b-ae11-d37e46dca7be/fetchFileTemp3837867613474883659.tmp
[2022-07-22 18:40:59,014] {subprocess.py:89} INFO - 22/07/22 18:40:59 INFO Utils: /tmp/spark-770218d2-d4ff-4ab0-b464-f10dfea8438f/userFiles-da7722f4-e059-4a1b-ae11-d37e46dca7be/fetchFileTemp3837867613474883659.tmp has been previously copied to /tmp/spark-770218d2-d4ff-4ab0-b464-f10dfea8438f/userFiles-da7722f4-e059-4a1b-ae11-d37e46dca7be/org.antlr_antlr-runtime-3.5.2.jar
[2022-07-22 18:40:59,021] {subprocess.py:89} INFO - 22/07/22 18:40:59 INFO Executor: Adding file:/tmp/spark-770218d2-d4ff-4ab0-b464-f10dfea8438f/userFiles-da7722f4-e059-4a1b-ae11-d37e46dca7be/org.antlr_antlr-runtime-3.5.2.jar to class loader
[2022-07-22 18:40:59,021] {subprocess.py:89} INFO - 22/07/22 18:40:59 INFO Executor: Fetching spark://1c7b2e19b45f:35175/jars/org.antlr_antlr4-runtime-4.7.jar with timestamp 1658515257652
[2022-07-22 18:40:59,023] {subprocess.py:89} INFO - 22/07/22 18:40:59 INFO Utils: Fetching spark://1c7b2e19b45f:35175/jars/org.antlr_antlr4-runtime-4.7.jar to /tmp/spark-770218d2-d4ff-4ab0-b464-f10dfea8438f/userFiles-da7722f4-e059-4a1b-ae11-d37e46dca7be/fetchFileTemp791311071324080129.tmp
[2022-07-22 18:40:59,029] {subprocess.py:89} INFO - 22/07/22 18:40:59 INFO Utils: /tmp/spark-770218d2-d4ff-4ab0-b464-f10dfea8438f/userFiles-da7722f4-e059-4a1b-ae11-d37e46dca7be/fetchFileTemp791311071324080129.tmp has been previously copied to /tmp/spark-770218d2-d4ff-4ab0-b464-f10dfea8438f/userFiles-da7722f4-e059-4a1b-ae11-d37e46dca7be/org.antlr_antlr4-runtime-4.7.jar
[2022-07-22 18:40:59,034] {subprocess.py:89} INFO - 22/07/22 18:40:59 INFO Executor: Adding file:/tmp/spark-770218d2-d4ff-4ab0-b464-f10dfea8438f/userFiles-da7722f4-e059-4a1b-ae11-d37e46dca7be/org.antlr_antlr4-runtime-4.7.jar to class loader
[2022-07-22 18:40:59,035] {subprocess.py:89} INFO - 22/07/22 18:40:59 INFO Executor: Fetching spark://1c7b2e19b45f:35175/jars/org.glassfish_javax.json-1.0.4.jar with timestamp 1658515257652
[2022-07-22 18:40:59,038] {subprocess.py:89} INFO - 22/07/22 18:40:59 INFO Utils: Fetching spark://1c7b2e19b45f:35175/jars/org.glassfish_javax.json-1.0.4.jar to /tmp/spark-770218d2-d4ff-4ab0-b464-f10dfea8438f/userFiles-da7722f4-e059-4a1b-ae11-d37e46dca7be/fetchFileTemp6440767361206725880.tmp
[2022-07-22 18:40:59,040] {subprocess.py:89} INFO - 22/07/22 18:40:59 INFO Utils: /tmp/spark-770218d2-d4ff-4ab0-b464-f10dfea8438f/userFiles-da7722f4-e059-4a1b-ae11-d37e46dca7be/fetchFileTemp6440767361206725880.tmp has been previously copied to /tmp/spark-770218d2-d4ff-4ab0-b464-f10dfea8438f/userFiles-da7722f4-e059-4a1b-ae11-d37e46dca7be/org.glassfish_javax.json-1.0.4.jar
[2022-07-22 18:40:59,045] {subprocess.py:89} INFO - 22/07/22 18:40:59 INFO Executor: Adding file:/tmp/spark-770218d2-d4ff-4ab0-b464-f10dfea8438f/userFiles-da7722f4-e059-4a1b-ae11-d37e46dca7be/org.glassfish_javax.json-1.0.4.jar to class loader
[2022-07-22 18:40:59,046] {subprocess.py:89} INFO - 22/07/22 18:40:59 INFO Executor: Fetching spark://1c7b2e19b45f:35175/jars/org.antlr_antlr4-4.7.jar with timestamp 1658515257652
[2022-07-22 18:40:59,047] {subprocess.py:89} INFO - 22/07/22 18:40:59 INFO Utils: Fetching spark://1c7b2e19b45f:35175/jars/org.antlr_antlr4-4.7.jar to /tmp/spark-770218d2-d4ff-4ab0-b464-f10dfea8438f/userFiles-da7722f4-e059-4a1b-ae11-d37e46dca7be/fetchFileTemp772171502231360804.tmp
[2022-07-22 18:40:59,057] {subprocess.py:89} INFO - 22/07/22 18:40:59 INFO Utils: /tmp/spark-770218d2-d4ff-4ab0-b464-f10dfea8438f/userFiles-da7722f4-e059-4a1b-ae11-d37e46dca7be/fetchFileTemp772171502231360804.tmp has been previously copied to /tmp/spark-770218d2-d4ff-4ab0-b464-f10dfea8438f/userFiles-da7722f4-e059-4a1b-ae11-d37e46dca7be/org.antlr_antlr4-4.7.jar
[2022-07-22 18:40:59,061] {subprocess.py:89} INFO - 22/07/22 18:40:59 INFO Executor: Adding file:/tmp/spark-770218d2-d4ff-4ab0-b464-f10dfea8438f/userFiles-da7722f4-e059-4a1b-ae11-d37e46dca7be/org.antlr_antlr4-4.7.jar to class loader
[2022-07-22 18:40:59,069] {subprocess.py:89} INFO - 22/07/22 18:40:59 INFO Utils: Successfully started service 'org.apache.spark.network.netty.NettyBlockTransferService' on port 45971.
[2022-07-22 18:40:59,069] {subprocess.py:89} INFO - 22/07/22 18:40:59 INFO NettyBlockTransferService: Server created on 1c7b2e19b45f:45971
[2022-07-22 18:40:59,070] {subprocess.py:89} INFO - 22/07/22 18:40:59 INFO BlockManager: Using org.apache.spark.storage.RandomBlockReplicationPolicy for block replication policy
[2022-07-22 18:40:59,076] {subprocess.py:89} INFO - 22/07/22 18:40:59 INFO BlockManagerMaster: Registering BlockManager BlockManagerId(driver, 1c7b2e19b45f, 45971, None)
[2022-07-22 18:40:59,078] {subprocess.py:89} INFO - 22/07/22 18:40:59 INFO BlockManagerMasterEndpoint: Registering block manager 1c7b2e19b45f:45971 with 366.3 MiB RAM, BlockManagerId(driver, 1c7b2e19b45f, 45971, None)
[2022-07-22 18:40:59,081] {subprocess.py:89} INFO - 22/07/22 18:40:59 INFO BlockManagerMaster: Registered BlockManager BlockManagerId(driver, 1c7b2e19b45f, 45971, None)
[2022-07-22 18:40:59,082] {subprocess.py:89} INFO - 22/07/22 18:40:59 INFO BlockManager: Initialized BlockManager: BlockManagerId(driver, 1c7b2e19b45f, 45971, None)
[2022-07-22 18:40:59,422] {subprocess.py:89} INFO - 22/07/22 18:40:59 INFO SharedState: Setting hive.metastore.warehouse.dir ('null') to the value of spark.sql.warehouse.dir ('file:/tmp/***tmpazdxorqv/spark-warehouse').
[2022-07-22 18:40:59,422] {subprocess.py:89} INFO - 22/07/22 18:40:59 INFO SharedState: Warehouse path is 'file:/tmp/***tmpazdxorqv/spark-warehouse'.
[2022-07-22 18:41:00,057] {local_task_job.py:212} WARNING - State of this instance has been externally set to skipped. Terminating instance.
[2022-07-22 18:41:00,058] {process_utils.py:124} INFO - Sending Signals.SIGTERM to group 2311. PIDs of all processes in the group: [2312, 2350, 2311]
[2022-07-22 18:41:00,058] {process_utils.py:75} INFO - Sending the signal Signals.SIGTERM to group 2311
[2022-07-22 18:41:00,059] {taskinstance.py:1408} ERROR - Received SIGTERM. Terminating subprocesses.
[2022-07-22 18:41:00,059] {subprocess.py:99} INFO - Sending SIGTERM signal to process group
[2022-07-22 18:41:00,406] {process_utils.py:70} INFO - Process psutil.Process(pid=2311, status='terminated', exitcode=0, started='18:40:54') (2311) terminated with exit code 0
[2022-07-22 18:41:00,407] {process_utils.py:70} INFO - Process psutil.Process(pid=2350, status='terminated', started='18:40:56') (2350) terminated with exit code None
[2022-07-22 18:41:00,459] {process_utils.py:70} INFO - Process psutil.Process(pid=2312, status='terminated', started='18:40:54') (2312) terminated with exit code None
