[2022-06-25 19:41:47,325] {taskinstance.py:1032} INFO - Dependencies all met for <TaskInstance: DM-COUNT-account-turnover.START_COUNT_BY_DAY_10 scheduled__2022-06-22T21:27:30.430782+00:00 [queued]>
[2022-06-25 19:41:47,358] {taskinstance.py:1032} INFO - Dependencies all met for <TaskInstance: DM-COUNT-account-turnover.START_COUNT_BY_DAY_10 scheduled__2022-06-22T21:27:30.430782+00:00 [queued]>
[2022-06-25 19:41:47,358] {taskinstance.py:1238} INFO - 
--------------------------------------------------------------------------------
[2022-06-25 19:41:47,358] {taskinstance.py:1239} INFO - Starting attempt 1 of 2
[2022-06-25 19:41:47,358] {taskinstance.py:1240} INFO - 
--------------------------------------------------------------------------------
[2022-06-25 19:41:47,389] {taskinstance.py:1259} INFO - Executing <Task(PostgresOperator): START_COUNT_BY_DAY_10> on 2022-06-22 21:27:30.430782+00:00
[2022-06-25 19:41:47,401] {standard_task_runner.py:52} INFO - Started process 209 to run task
[2022-06-25 19:41:47,421] {standard_task_runner.py:76} INFO - Running: ['***', 'tasks', 'run', 'DM-COUNT-account-turnover', 'START_COUNT_BY_DAY_10', 'scheduled__2022-06-22T21:27:30.430782+00:00', '--job-id', '1293', '--raw', '--subdir', 'DAGS_FOLDER/dm_fill_account_turnover.py', '--cfg-path', '/tmp/tmp9tuuq6dp', '--error-file', '/tmp/tmpov04pan7']
[2022-06-25 19:41:47,422] {standard_task_runner.py:77} INFO - Job 1293: Subtask START_COUNT_BY_DAY_10
[2022-06-25 19:41:47,611] {logging_mixin.py:109} INFO - Running <TaskInstance: DM-COUNT-account-turnover.START_COUNT_BY_DAY_10 scheduled__2022-06-22T21:27:30.430782+00:00 [running]> on host 1a36ba6d0ffa
[2022-06-25 19:41:47,783] {taskinstance.py:1426} INFO - Exporting the following env vars:
AIRFLOW_CTX_DAG_OWNER=***
AIRFLOW_CTX_DAG_ID=DM-COUNT-account-turnover
AIRFLOW_CTX_TASK_ID=START_COUNT_BY_DAY_10
AIRFLOW_CTX_EXECUTION_DATE=2022-06-22T21:27:30.430782+00:00
AIRFLOW_CTX_DAG_RUN_ID=scheduled__2022-06-22T21:27:30.430782+00:00
[2022-06-25 19:41:47,800] {base.py:79} INFO - Using connection to: id: postgres. Host: postgres, Port: 5432, Schema: postgres, Login: ***, Password: ***, extra: {}
[2022-06-25 19:41:47,806] {dbapi.py:225} INFO - Running statement: CALL ds.fill_account_turnover_f (%(date)s::date);, parameters: {'date': '2018-01-10'}
[2022-06-25 19:41:48,050] {taskinstance.py:1277} INFO - Marking task as SUCCESS. dag_id=DM-COUNT-account-turnover, task_id=START_COUNT_BY_DAY_10, execution_date=20220622T212730, start_date=20220625T194147, end_date=20220625T194148
[2022-06-25 19:41:48,084] {local_task_job.py:154} INFO - Task exited with return code 0
[2022-06-25 19:41:48,209] {local_task_job.py:264} INFO - 0 downstream tasks scheduled from follow-on schedule check
