[2022-06-18 16:20:24,723] {taskinstance.py:1032} INFO - Dependencies all met for <TaskInstance: DM-COUNT-f101_round_f.procedure_for_count_create scheduled__2022-06-17T16:20:07.188456+00:00 [queued]>
[2022-06-18 16:20:24,731] {taskinstance.py:1032} INFO - Dependencies all met for <TaskInstance: DM-COUNT-f101_round_f.procedure_for_count_create scheduled__2022-06-17T16:20:07.188456+00:00 [queued]>
[2022-06-18 16:20:24,731] {taskinstance.py:1238} INFO - 
--------------------------------------------------------------------------------
[2022-06-18 16:20:24,731] {taskinstance.py:1239} INFO - Starting attempt 1 of 2
[2022-06-18 16:20:24,731] {taskinstance.py:1240} INFO - 
--------------------------------------------------------------------------------
[2022-06-18 16:20:24,741] {taskinstance.py:1259} INFO - Executing <Task(PostgresOperator): procedure_for_count_create> on 2022-06-17 16:20:07.188456+00:00
[2022-06-18 16:20:24,745] {standard_task_runner.py:52} INFO - Started process 4863 to run task
[2022-06-18 16:20:24,748] {standard_task_runner.py:76} INFO - Running: ['***', 'tasks', 'run', 'DM-COUNT-f101_round_f', 'procedure_for_count_create', 'scheduled__2022-06-17T16:20:07.188456+00:00', '--job-id', '188', '--raw', '--subdir', 'DAGS_FOLDER/f_101_round_f.py', '--cfg-path', '/tmp/tmpvf1ifkuw', '--error-file', '/tmp/tmpeip9rukc']
[2022-06-18 16:20:24,748] {standard_task_runner.py:77} INFO - Job 188: Subtask procedure_for_count_create
[2022-06-18 16:20:24,797] {logging_mixin.py:109} INFO - Running <TaskInstance: DM-COUNT-f101_round_f.procedure_for_count_create scheduled__2022-06-17T16:20:07.188456+00:00 [running]> on host 191dd4d3d1ba
[2022-06-18 16:20:24,853] {taskinstance.py:1426} INFO - Exporting the following env vars:
AIRFLOW_CTX_DAG_OWNER=***
AIRFLOW_CTX_DAG_ID=DM-COUNT-f101_round_f
AIRFLOW_CTX_TASK_ID=procedure_for_count_create
AIRFLOW_CTX_EXECUTION_DATE=2022-06-17T16:20:07.188456+00:00
AIRFLOW_CTX_DAG_RUN_ID=scheduled__2022-06-17T16:20:07.188456+00:00
[2022-06-18 16:20:24,863] {base.py:79} INFO - Using connection to: id: postgres. Host: postgres, Port: 5432, Schema: postgres, Login: ***, Password: ***, extra: {}
[2022-06-18 16:20:24,869] {dbapi.py:225} INFO - Running statement: create or replace procedure dm.fill_f101_round_f ( 
  i_OnDate  date
)
language plpgsql    
as $$
declare
	v_RowCount int;
begin
    call dm.writelog( '[BEGIN] fill(i_OnDate => date ''' 
         || to_char(i_OnDate, 'yyyy-mm-dd') 
         || ''');', 1
       );
    
    call dm.writelog( 'delete on_date = ' 
         || to_char(i_OnDate, 'yyyy-mm-dd'), 1
       );

    delete
      from dm.DM_F101_ROUND_F f
     where from_date = date_trunc('month', i_OnDate)  
       and to_date = (date_trunc('MONTH', i_OnDate) + INTERVAL '1 MONTH - 1 day');
   
    call dm.writelog('insert', 1);
   
    insert 
      into dm.dm_f101_round_f
           ( from_date         
           , to_date           
           , chapter           
           , ledger_account    
           , characteristic    
           , balance_in_rub    
           , balance_in_val    
           , balance_in_total  
           , turn_deb_rub      
           , turn_deb_val      
           , turn_deb_total    
           , turn_cre_rub      
           , turn_cre_val      
           , turn_cre_total    
           , balance_out_rub  
           , balance_out_val   
           , balance_out_total 
           )
    select  date_trunc('month', i_OnDate)        as from_date,
           (date_trunc('MONTH', i_OnDate) + INTERVAL '1 MONTH - 1 day')  as to_date,
           s.chapter                             as chapter,
           substr(acc_d.account_number, 1, 5)    as ledger_account,
           acc_d.char_type                       as characteristic,
           -- RUB balance
           sum( case 
                  when cur.currency_code in ('643', '810')
                  then b.balance_out
                  else 0
                 end
              )                                  as balance_in_rub,
          -- VAL balance converted to rub
          sum( case 
                 when cur.currency_code not in ('643', '810')
                 then b.balance_out * exch_r.reduced_cource
                 else 0
                end
             )                                   as balance_in_val,
          -- Total: RUB balance + VAL converted to rub
          sum(  case 
                 when cur.currency_code in ('643', '810')
                 then b.balance_out
                 else b.balance_out * exch_r.reduced_cource
               end
             )                                   as balance_in_total  ,
           -- RUB debet turnover
           sum(case 
                 when cur.currency_code in ('643', '810')
                 then at.debet_amount_rub
                 else 0
               end
           )                                     as turn_deb_rub,
           -- VAL debet turnover converted
           sum(case 
                 when cur.currency_code not in ('643', '810')
                 then at.debet_amount_rub
                 else 0
               end
           )                                     as turn_deb_val,
           -- SUM = RUB debet turnover + VAL debet turnover converted
           sum(at.debet_amount_rub)              as turn_deb_total,
           -- RUB credit turnover
           sum(case 
                 when cur.currency_code in ('643', '810')
                 then at.credit_amount_rub
                 else 0
               end
              )                                  as turn_cre_rub,
           -- VAL credit turnover converted
           sum(case 
                 when cur.currency_code not in ('643', '810')
                 then at.credit_amount_rub
                 else 0
               end
              )                                  as turn_cre_val,
           -- SUM = RUB credit turnover + VAL credit turnover converted
           sum(at.credit_amount_rub)             as turn_cre_total,
           cast(null as numeric)                  as balance_out_rub,
           cast(null as numeric)                  as balance_out_val,
           cast(null as numeric)                  as balance_out_total 
      from ds.md_ledger_account_s s
      join ds.md_account_d acc_d
        on substr(acc_d.account_number, 1, 5) = to_char(s.ledger_account, 'FM99999999')
      join ds.md_currency_d cur
        on cur.currency_rk = acc_d.currency_rk
      left 
      join ds.ft_balance_f b
        on b.account_rk = acc_d.account_rk
       and b.on_date  = (date_trunc('month', i_OnDate) - INTERVAL '1 day')
      left 
      join ds.md_exchange_rate_d exch_r
        on exch_r.currency_rk = acc_d.currency_rk
       and i_OnDate between exch_r.data_actual_date and exch_r.data_actual_end_date
      left 
      join dm.dm_account_turnover_f at
        on at.account_rk = acc_d.account_rk
       and at.on_date between date_trunc('month', i_OnDate) and (date_trunc('MONTH', i_OnDate) + INTERVAL '1 MONTH - 1 day')
     where i_OnDate between s.start_date and s.end_date
       and i_OnDate between acc_d.data_actual_date and acc_d.data_actual_end_date
       and i_OnDate between cur.data_actual_date and cur.data_actual_end_date
     group by s.chapter,
           substr(acc_d.account_number, 1, 5),
           acc_d.char_type;
	
	GET DIAGNOSTICS v_RowCount = ROW_COUNT;
    call dm.writelog('[END] inserted ' ||  to_char(v_RowCount,'FM99999999') || ' rows.', 1);

    commit;
    
  end;$$

, parameters: None
[2022-06-18 16:20:24,895] {taskinstance.py:1277} INFO - Marking task as SUCCESS. dag_id=DM-COUNT-f101_round_f, task_id=procedure_for_count_create, execution_date=20220617T162007, start_date=20220618T162024, end_date=20220618T162024
[2022-06-18 16:20:24,920] {local_task_job.py:154} INFO - Task exited with return code 0
[2022-06-18 16:20:24,972] {local_task_job.py:264} INFO - 1 downstream tasks scheduled from follow-on schedule check
