[2022-06-22 09:54:21,302] {taskinstance.py:1032} INFO - Dependencies all met for <TaskInstance: CSV_TO_DS.SEND_DS_ft_balance_f manual__2022-06-22T09:54:16.085618+00:00 [queued]>
[2022-06-22 09:54:21,349] {taskinstance.py:1032} INFO - Dependencies all met for <TaskInstance: CSV_TO_DS.SEND_DS_ft_balance_f manual__2022-06-22T09:54:16.085618+00:00 [queued]>
[2022-06-22 09:54:21,349] {taskinstance.py:1238} INFO - 
--------------------------------------------------------------------------------
[2022-06-22 09:54:21,350] {taskinstance.py:1239} INFO - Starting attempt 1 of 2
[2022-06-22 09:54:21,350] {taskinstance.py:1240} INFO - 
--------------------------------------------------------------------------------
[2022-06-22 09:54:21,408] {taskinstance.py:1259} INFO - Executing <Task(PythonOperator): SEND_DS_ft_balance_f> on 2022-06-22 09:54:16.085618+00:00
[2022-06-22 09:54:21,413] {standard_task_runner.py:52} INFO - Started process 231 to run task
[2022-06-22 09:54:21,416] {standard_task_runner.py:76} INFO - Running: ['***', 'tasks', 'run', 'CSV_TO_DS', 'SEND_DS_ft_balance_f', 'manual__2022-06-22T09:54:16.085618+00:00', '--job-id', '1098', '--raw', '--subdir', 'DAGS_FOLDER/csv_to_ds.py', '--cfg-path', '/tmp/tmp7vyh0d7m', '--error-file', '/tmp/tmplv8m01ho']
[2022-06-22 09:54:21,417] {standard_task_runner.py:77} INFO - Job 1098: Subtask SEND_DS_ft_balance_f
[2022-06-22 09:54:21,501] {logging_mixin.py:109} INFO - Running <TaskInstance: CSV_TO_DS.SEND_DS_ft_balance_f manual__2022-06-22T09:54:16.085618+00:00 [running]> on host bc39be91d060
[2022-06-22 09:54:21,603] {taskinstance.py:1426} INFO - Exporting the following env vars:
AIRFLOW_CTX_DAG_OWNER=***
AIRFLOW_CTX_DAG_ID=CSV_TO_DS
AIRFLOW_CTX_TASK_ID=SEND_DS_ft_balance_f
AIRFLOW_CTX_EXECUTION_DATE=2022-06-22T09:54:16.085618+00:00
AIRFLOW_CTX_DAG_RUN_ID=manual__2022-06-22T09:54:16.085618+00:00
[2022-06-22 09:54:21,667] {FromLocal.py:52} INFO - Column on_date changed date-time format
[2022-06-22 09:54:21,668] {FromLocal.py:58} INFO - Table ft_balance_f read in pandas success. 
[2022-06-22 09:54:21,701] {FromLocal.py:59} INFO - 
      on_date  account_rk  currency_rk  balance_out
0 2017-12-31    36237725           35     38318.17
1 2017-12-31       24656           35     80533.62
2 2017-12-31    18849846           34     63891.96
3 2017-12-31     1972647           34     87732.10
4 2017-12-31    34157174           34     97806.90
[2022-06-22 09:54:21,878] {FromLocal.py:84} INFO -  Table ft_balance_f in ds schema has updated success. 
[2022-06-22 09:54:26,886] {python.py:175} INFO - Done. Returned value was: None
[2022-06-22 09:54:26,895] {taskinstance.py:1277} INFO - Marking task as SUCCESS. dag_id=CSV_TO_DS, task_id=SEND_DS_ft_balance_f, execution_date=20220622T095416, start_date=20220622T095421, end_date=20220622T095426
[2022-06-22 09:54:26,940] {local_task_job.py:154} INFO - Task exited with return code 0
[2022-06-22 09:54:26,966] {local_task_job.py:264} INFO - 0 downstream tasks scheduled from follow-on schedule check
