[2022-06-21 06:27:48,542] {taskinstance.py:1032} INFO - Dependencies all met for <TaskInstance: DM-COUNT-f101_round_f.count_f101-18 scheduled__2022-06-19T16:20:07.188456+00:00 [queued]>
[2022-06-21 06:27:48,588] {taskinstance.py:1032} INFO - Dependencies all met for <TaskInstance: DM-COUNT-f101_round_f.count_f101-18 scheduled__2022-06-19T16:20:07.188456+00:00 [queued]>
[2022-06-21 06:27:48,591] {taskinstance.py:1238} INFO - 
--------------------------------------------------------------------------------
[2022-06-21 06:27:48,592] {taskinstance.py:1239} INFO - Starting attempt 1 of 2
[2022-06-21 06:27:48,592] {taskinstance.py:1240} INFO - 
--------------------------------------------------------------------------------
[2022-06-21 06:27:48,651] {taskinstance.py:1259} INFO - Executing <Task(PostgresOperator): count_f101-18> on 2022-06-19 16:20:07.188456+00:00
[2022-06-21 06:27:48,663] {standard_task_runner.py:52} INFO - Started process 124 to run task
[2022-06-21 06:27:48,676] {standard_task_runner.py:76} INFO - Running: ['***', 'tasks', 'run', 'DM-COUNT-f101_round_f', 'count_f101-18', 'scheduled__2022-06-19T16:20:07.188456+00:00', '--job-id', '449', '--raw', '--subdir', 'DAGS_FOLDER/f_101_round_f.py', '--cfg-path', '/tmp/tmpc7xh_17t', '--error-file', '/tmp/tmpfb2qbuyx']
[2022-06-21 06:27:48,713] {standard_task_runner.py:77} INFO - Job 449: Subtask count_f101-18
[2022-06-21 06:27:48,935] {logging_mixin.py:109} INFO - Running <TaskInstance: DM-COUNT-f101_round_f.count_f101-18 scheduled__2022-06-19T16:20:07.188456+00:00 [running]> on host c087b85f9f15
[2022-06-21 06:27:49,677] {taskinstance.py:1426} INFO - Exporting the following env vars:
AIRFLOW_CTX_DAG_OWNER=***
AIRFLOW_CTX_DAG_ID=DM-COUNT-f101_round_f
AIRFLOW_CTX_TASK_ID=count_f101-18
AIRFLOW_CTX_EXECUTION_DATE=2022-06-19T16:20:07.188456+00:00
AIRFLOW_CTX_DAG_RUN_ID=scheduled__2022-06-19T16:20:07.188456+00:00
[2022-06-21 06:27:49,699] {base.py:79} INFO - Using connection to: id: postgres. Host: postgres, Port: 5432, Schema: postgres, Login: ***, Password: ***, extra: {}
[2022-06-21 06:27:49,717] {dbapi.py:225} INFO - Running statement: CALL dm.fill_f101_round_f (%(date)s::date);, parameters: {'date': '2018-01-18'}
[2022-06-21 06:27:49,977] {taskinstance.py:1277} INFO - Marking task as SUCCESS. dag_id=DM-COUNT-f101_round_f, task_id=count_f101-18, execution_date=20220619T162007, start_date=20220621T062748, end_date=20220621T062749
[2022-06-21 06:27:50,027] {local_task_job.py:154} INFO - Task exited with return code 0
[2022-06-21 06:27:50,462] {local_task_job.py:264} INFO - 0 downstream tasks scheduled from follow-on schedule check
