[2022-06-22 19:31:46,113] {taskinstance.py:1032} INFO - Dependencies all met for <TaskInstance: DM-COUNT-f101_round_f.count_f101-19 scheduled__2022-06-21T16:20:07.188456+00:00 [queued]>
[2022-06-22 19:31:46,136] {taskinstance.py:1032} INFO - Dependencies all met for <TaskInstance: DM-COUNT-f101_round_f.count_f101-19 scheduled__2022-06-21T16:20:07.188456+00:00 [queued]>
[2022-06-22 19:31:46,136] {taskinstance.py:1238} INFO - 
--------------------------------------------------------------------------------
[2022-06-22 19:31:46,136] {taskinstance.py:1239} INFO - Starting attempt 1 of 2
[2022-06-22 19:31:46,136] {taskinstance.py:1240} INFO - 
--------------------------------------------------------------------------------
[2022-06-22 19:31:46,197] {taskinstance.py:1259} INFO - Executing <Task(PostgresOperator): count_f101-19> on 2022-06-21 16:20:07.188456+00:00
[2022-06-22 19:31:46,209] {standard_task_runner.py:52} INFO - Started process 124 to run task
[2022-06-22 19:31:46,221] {standard_task_runner.py:76} INFO - Running: ['***', 'tasks', 'run', 'DM-COUNT-f101_round_f', 'count_f101-19', 'scheduled__2022-06-21T16:20:07.188456+00:00', '--job-id', '1125', '--raw', '--subdir', 'DAGS_FOLDER/f_101_round_f.py', '--cfg-path', '/tmp/tmpdxsgilla', '--error-file', '/tmp/tmpnrajphj8']
[2022-06-22 19:31:46,222] {standard_task_runner.py:77} INFO - Job 1125: Subtask count_f101-19
[2022-06-22 19:31:46,389] {logging_mixin.py:109} INFO - Running <TaskInstance: DM-COUNT-f101_round_f.count_f101-19 scheduled__2022-06-21T16:20:07.188456+00:00 [running]> on host bc39be91d060
[2022-06-22 19:31:47,467] {taskinstance.py:1426} INFO - Exporting the following env vars:
AIRFLOW_CTX_DAG_OWNER=***
AIRFLOW_CTX_DAG_ID=DM-COUNT-f101_round_f
AIRFLOW_CTX_TASK_ID=count_f101-19
AIRFLOW_CTX_EXECUTION_DATE=2022-06-21T16:20:07.188456+00:00
AIRFLOW_CTX_DAG_RUN_ID=scheduled__2022-06-21T16:20:07.188456+00:00
[2022-06-22 19:31:47,477] {base.py:79} INFO - Using connection to: id: postgres. Host: postgres, Port: 5432, Schema: postgres, Login: ***, Password: ***, extra: {}
[2022-06-22 19:31:47,484] {dbapi.py:225} INFO - Running statement: CALL dm.fill_f101_round_f (%(date)s::date);, parameters: {'date': '2018-01-19'}
[2022-06-22 19:31:48,262] {taskinstance.py:1277} INFO - Marking task as SUCCESS. dag_id=DM-COUNT-f101_round_f, task_id=count_f101-19, execution_date=20220621T162007, start_date=20220622T193146, end_date=20220622T193148
[2022-06-22 19:31:48,350] {local_task_job.py:154} INFO - Task exited with return code 0
[2022-06-22 19:31:48,919] {local_task_job.py:264} INFO - 0 downstream tasks scheduled from follow-on schedule check
