[2022-06-12 21:59:22,910] {taskinstance.py:1159} INFO - Dependencies all met for <TaskInstance: CSV_TO_DS.SEND_DS_ft_balance_f manual__2022-06-12T21:59:20.726815+00:00 [queued]>
[2022-06-12 21:59:22,920] {taskinstance.py:1159} INFO - Dependencies all met for <TaskInstance: CSV_TO_DS.SEND_DS_ft_balance_f manual__2022-06-12T21:59:20.726815+00:00 [queued]>
[2022-06-12 21:59:22,920] {taskinstance.py:1356} INFO - 
--------------------------------------------------------------------------------
[2022-06-12 21:59:22,920] {taskinstance.py:1357} INFO - Starting attempt 1 of 2
[2022-06-12 21:59:22,920] {taskinstance.py:1358} INFO - 
--------------------------------------------------------------------------------
[2022-06-12 21:59:22,933] {taskinstance.py:1377} INFO - Executing <Task(PythonOperator): SEND_DS_ft_balance_f> on 2022-06-12 21:59:20.726815+00:00
[2022-06-12 21:59:22,937] {standard_task_runner.py:52} INFO - Started process 2933 to run task
[2022-06-12 21:59:22,940] {standard_task_runner.py:79} INFO - Running: ['***', 'tasks', 'run', 'CSV_TO_DS', 'SEND_DS_ft_balance_f', 'manual__2022-06-12T21:59:20.726815+00:00', '--job-id', '26', '--raw', '--subdir', 'DAGS_FOLDER/csv_to_ds.py', '--cfg-path', '/tmp/tmpydko0b50', '--error-file', '/tmp/tmpj34rb_3q']
[2022-06-12 21:59:22,941] {standard_task_runner.py:80} INFO - Job 26: Subtask SEND_DS_ft_balance_f
[2022-06-12 21:59:22,991] {task_command.py:370} INFO - Running <TaskInstance: CSV_TO_DS.SEND_DS_ft_balance_f manual__2022-06-12T21:59:20.726815+00:00 [running]> on host 0088cb39c00f
[2022-06-12 21:59:23,082] {taskinstance.py:1571} INFO - Exporting the following env vars:
AIRFLOW_CTX_DAG_OWNER=***
AIRFLOW_CTX_DAG_ID=CSV_TO_DS
AIRFLOW_CTX_TASK_ID=SEND_DS_ft_balance_f
AIRFLOW_CTX_EXECUTION_DATE=2022-06-12T21:59:20.726815+00:00
AIRFLOW_CTX_TRY_NUMBER=1
AIRFLOW_CTX_DAG_RUN_ID=manual__2022-06-12T21:59:20.726815+00:00
[2022-06-12 21:59:23,098] {base.py:68} INFO - Using connection ID 'postgres' for task execution.
[2022-06-12 21:59:23,098] {csv_to_ds.py:42} INFO - ***, ***, postgres, 5432, postgres
[2022-06-12 21:59:23,145] {csv_to_ds.py:95} INFO - Column on_date changed date-time format
[2022-06-12 21:59:23,145] {csv_to_ds.py:102} INFO - Table ft_balance_f read in pandas success.
[2022-06-12 21:59:23,158] {csv_to_ds.py:103} INFO - 
      on_date  account_rk  currency_rk  balance_out
0 2017-12-31    36237725           35     38318.14
1 2017-12-31       24656           35     80533.62
2 2017-12-31    18849846           34     63891.96
3 2017-12-31     1972647           34     87732.10
4 2017-12-31    34157174           34     97806.90
[2022-06-12 21:59:23,203] {csv_to_ds.py:114} INFO - Table ft_balance_f in temp schema has updated success.
[2022-06-12 21:59:28,221] {python.py:173} INFO - Done. Returned value was: None
[2022-06-12 21:59:28,232] {taskinstance.py:1400} INFO - Marking task as SUCCESS. dag_id=CSV_TO_DS, task_id=SEND_DS_ft_balance_f, execution_date=20220612T215920, start_date=20220612T215922, end_date=20220612T215928
[2022-06-12 21:59:28,264] {local_task_job.py:156} INFO - Task exited with return code 0
[2022-06-12 21:59:28,289] {local_task_job.py:273} INFO - 1 downstream tasks scheduled from follow-on schedule check
