[2022-07-17 09:24:46,408] {taskinstance.py:1032} INFO - Dependencies all met for <TaskInstance: DM-COUNT-f101_round_f.count_f101-20 scheduled__2022-07-16T09:24:29.811794+00:00 [queued]>
[2022-07-17 09:24:46,425] {taskinstance.py:1032} INFO - Dependencies all met for <TaskInstance: DM-COUNT-f101_round_f.count_f101-20 scheduled__2022-07-16T09:24:29.811794+00:00 [queued]>
[2022-07-17 09:24:46,427] {taskinstance.py:1238} INFO - 
--------------------------------------------------------------------------------
[2022-07-17 09:24:46,427] {taskinstance.py:1239} INFO - Starting attempt 1 of 2
[2022-07-17 09:24:46,427] {taskinstance.py:1240} INFO - 
--------------------------------------------------------------------------------
[2022-07-17 09:24:46,480] {taskinstance.py:1259} INFO - Executing <Task(PostgresOperator): count_f101-20> on 2022-07-16 09:24:29.811794+00:00
[2022-07-17 09:24:46,494] {standard_task_runner.py:52} INFO - Started process 478 to run task
[2022-07-17 09:24:46,538] {standard_task_runner.py:76} INFO - Running: ['***', 'tasks', 'run', 'DM-COUNT-f101_round_f', 'count_f101-20', 'scheduled__2022-07-16T09:24:29.811794+00:00', '--job-id', '1631', '--raw', '--subdir', 'DAGS_FOLDER/f_101_round_f.py', '--cfg-path', '/tmp/tmpunr0yb3k', '--error-file', '/tmp/tmpyw61f4t5']
[2022-07-17 09:24:46,553] {standard_task_runner.py:77} INFO - Job 1631: Subtask count_f101-20
[2022-07-17 09:24:46,949] {logging_mixin.py:109} INFO - Running <TaskInstance: DM-COUNT-f101_round_f.count_f101-20 scheduled__2022-07-16T09:24:29.811794+00:00 [running]> on host a04da3f4ff4b
[2022-07-17 09:24:47,512] {taskinstance.py:1426} INFO - Exporting the following env vars:
AIRFLOW_CTX_DAG_OWNER=***
AIRFLOW_CTX_DAG_ID=DM-COUNT-f101_round_f
AIRFLOW_CTX_TASK_ID=count_f101-20
AIRFLOW_CTX_EXECUTION_DATE=2022-07-16T09:24:29.811794+00:00
AIRFLOW_CTX_DAG_RUN_ID=scheduled__2022-07-16T09:24:29.811794+00:00
[2022-07-17 09:24:47,546] {base.py:79} INFO - Using connection to: id: postgres. Host: postgres, Port: 5432, Schema: postgres, Login: ***, Password: ***, extra: {}
[2022-07-17 09:24:47,593] {dbapi.py:225} INFO - Running statement: CALL dm.fill_f101_round_f (%(date)s::date);, parameters: {'date': '2018-01-20'}
[2022-07-17 09:24:47,759] {taskinstance.py:1277} INFO - Marking task as SUCCESS. dag_id=DM-COUNT-f101_round_f, task_id=count_f101-20, execution_date=20220716T092429, start_date=20220717T092446, end_date=20220717T092447
[2022-07-17 09:24:47,900] {local_task_job.py:154} INFO - Task exited with return code 0
[2022-07-17 09:24:48,224] {local_task_job.py:264} INFO - 0 downstream tasks scheduled from follow-on schedule check
