[2022-07-22 17:40:01,524] {taskinstance.py:1032} INFO - Dependencies all met for <TaskInstance: MIRR_MD_ACCOUNT_D.load_mirror_md_account_d scheduled__2022-07-22T17:35:00+00:00 [queued]>
[2022-07-22 17:40:01,532] {taskinstance.py:1032} INFO - Dependencies all met for <TaskInstance: MIRR_MD_ACCOUNT_D.load_mirror_md_account_d scheduled__2022-07-22T17:35:00+00:00 [queued]>
[2022-07-22 17:40:01,532] {taskinstance.py:1238} INFO - 
--------------------------------------------------------------------------------
[2022-07-22 17:40:01,532] {taskinstance.py:1239} INFO - Starting attempt 1 of 2
[2022-07-22 17:40:01,533] {taskinstance.py:1240} INFO - 
--------------------------------------------------------------------------------
[2022-07-22 17:40:01,543] {taskinstance.py:1259} INFO - Executing <Task(BashOperator): load_mirror_md_account_d> on 2022-07-22 17:35:00+00:00
[2022-07-22 17:40:01,546] {standard_task_runner.py:52} INFO - Started process 1370 to run task
[2022-07-22 17:40:01,550] {standard_task_runner.py:76} INFO - Running: ['***', 'tasks', 'run', 'MIRR_MD_ACCOUNT_D', 'load_mirror_md_account_d', 'scheduled__2022-07-22T17:35:00+00:00', '--job-id', '119', '--raw', '--subdir', 'DAGS_FOLDER/mirror_calc.py', '--cfg-path', '/tmp/tmp5kqrv61d', '--error-file', '/tmp/tmpmqtuqc7m']
[2022-07-22 17:40:01,550] {standard_task_runner.py:77} INFO - Job 119: Subtask load_mirror_md_account_d
[2022-07-22 17:40:01,594] {logging_mixin.py:109} INFO - Running <TaskInstance: MIRR_MD_ACCOUNT_D.load_mirror_md_account_d scheduled__2022-07-22T17:35:00+00:00 [running]> on host 1c7b2e19b45f
[2022-07-22 17:40:01,638] {taskinstance.py:1426} INFO - Exporting the following env vars:
AIRFLOW_CTX_DAG_OWNER=***
AIRFLOW_CTX_DAG_ID=MIRR_MD_ACCOUNT_D
AIRFLOW_CTX_TASK_ID=load_mirror_md_account_d
AIRFLOW_CTX_EXECUTION_DATE=2022-07-22T17:35:00+00:00
AIRFLOW_CTX_DAG_RUN_ID=scheduled__2022-07-22T17:35:00+00:00
[2022-07-22 17:40:01,638] {subprocess.py:62} INFO - Tmp dir root location: 
 /tmp
[2022-07-22 17:40:01,639] {subprocess.py:74} INFO - Running command: ['bash', '-c', 'spark-submit --packages io.delta:delta-core_2.12:1.0.0 --conf "spark.sql.extensions=io.delta.sql.DeltaSparkSessionExtension" --conf "spark.sql.catalog.spark_catalog=org.apache.spark.sql.delta.catalog.DeltaCatalog" /opt/***/core/test.py']
[2022-07-22 17:40:01,647] {subprocess.py:85} INFO - Output:
[2022-07-22 17:40:02,897] {subprocess.py:89} INFO - :: loading settings :: url = jar:file:/usr/local/spark/assembly/target/scala-2.12/jars/ivy-2.4.0.jar!/org/apache/ivy/core/settings/ivysettings.xml
[2022-07-22 17:40:02,954] {subprocess.py:89} INFO - Ivy Default Cache set to: /home/***/.ivy2/cache
[2022-07-22 17:40:02,954] {subprocess.py:89} INFO - The jars for the packages stored in: /home/***/.ivy2/jars
[2022-07-22 17:40:02,961] {subprocess.py:89} INFO - io.delta#delta-core_2.12 added as a dependency
[2022-07-22 17:40:02,962] {subprocess.py:89} INFO - :: resolving dependencies :: org.apache.spark#spark-submit-parent-d3d3fab2-ce40-478e-b940-7123b3652d28;1.0
[2022-07-22 17:40:02,962] {subprocess.py:89} INFO - 	confs: [default]
[2022-07-22 17:40:03,049] {subprocess.py:89} INFO - 	found io.delta#delta-core_2.12;1.0.0 in central
[2022-07-22 17:40:03,070] {subprocess.py:89} INFO - 	found org.antlr#antlr4;4.7 in central
[2022-07-22 17:40:03,092] {subprocess.py:89} INFO - 	found org.antlr#antlr4-runtime;4.7 in central
[2022-07-22 17:40:03,115] {subprocess.py:89} INFO - 	found org.antlr#antlr-runtime;3.5.2 in central
[2022-07-22 17:40:03,134] {subprocess.py:89} INFO - 	found org.antlr#ST4;4.0.8 in central
[2022-07-22 17:40:03,151] {subprocess.py:89} INFO - 	found org.abego.treelayout#org.abego.treelayout.core;1.0.3 in central
[2022-07-22 17:40:03,182] {subprocess.py:89} INFO - 	found org.glassfish#javax.json;1.0.4 in central
[2022-07-22 17:40:03,194] {subprocess.py:89} INFO - 	found com.ibm.icu#icu4j;58.2 in central
[2022-07-22 17:40:03,214] {subprocess.py:89} INFO - :: resolution report :: resolve 246ms :: artifacts dl 6ms
[2022-07-22 17:40:03,214] {subprocess.py:89} INFO - 	:: modules in use:
[2022-07-22 17:40:03,214] {subprocess.py:89} INFO - 	com.ibm.icu#icu4j;58.2 from central in [default]
[2022-07-22 17:40:03,214] {subprocess.py:89} INFO - 	io.delta#delta-core_2.12;1.0.0 from central in [default]
[2022-07-22 17:40:03,214] {subprocess.py:89} INFO - 	org.abego.treelayout#org.abego.treelayout.core;1.0.3 from central in [default]
[2022-07-22 17:40:03,214] {subprocess.py:89} INFO - 	org.antlr#ST4;4.0.8 from central in [default]
[2022-07-22 17:40:03,215] {subprocess.py:89} INFO - 	org.antlr#antlr-runtime;3.5.2 from central in [default]
[2022-07-22 17:40:03,215] {subprocess.py:89} INFO - 	org.antlr#antlr4;4.7 from central in [default]
[2022-07-22 17:40:03,215] {subprocess.py:89} INFO - 	org.antlr#antlr4-runtime;4.7 from central in [default]
[2022-07-22 17:40:03,215] {subprocess.py:89} INFO - 	org.glassfish#javax.json;1.0.4 from central in [default]
[2022-07-22 17:40:03,215] {subprocess.py:89} INFO - 	---------------------------------------------------------------------
[2022-07-22 17:40:03,215] {subprocess.py:89} INFO - 	|                  |            modules            ||   artifacts   |
[2022-07-22 17:40:03,215] {subprocess.py:89} INFO - 	|       conf       | number| search|dwnlded|evicted|| number|dwnlded|
[2022-07-22 17:40:03,215] {subprocess.py:89} INFO - 	---------------------------------------------------------------------
[2022-07-22 17:40:03,215] {subprocess.py:89} INFO - 	|      default     |   8   |   0   |   0   |   0   ||   8   |   0   |
[2022-07-22 17:40:03,215] {subprocess.py:89} INFO - 	---------------------------------------------------------------------
[2022-07-22 17:40:03,219] {subprocess.py:89} INFO - :: retrieving :: org.apache.spark#spark-submit-parent-d3d3fab2-ce40-478e-b940-7123b3652d28
[2022-07-22 17:40:03,219] {subprocess.py:89} INFO - 	confs: [default]
[2022-07-22 17:40:03,225] {subprocess.py:89} INFO - 	0 artifacts copied, 8 already retrieved (0kB/6ms)
[2022-07-22 17:40:03,414] {subprocess.py:89} INFO - 22/07/22 17:40:03 WARN NativeCodeLoader: Unable to load native-hadoop library for your platform... using builtin-java classes where applicable
[2022-07-22 17:40:03,741] {subprocess.py:89} INFO - /usr/local/bin/python3
[2022-07-22 17:40:04,135] {subprocess.py:89} INFO - Using Spark's default log4j profile: org/apache/spark/log4j-defaults.properties
[2022-07-22 17:40:04,143] {subprocess.py:89} INFO - 22/07/22 17:40:04 INFO SparkContext: Running Spark version 3.1.2
[2022-07-22 17:40:04,173] {subprocess.py:89} INFO - 22/07/22 17:40:04 INFO ResourceUtils: ==============================================================
[2022-07-22 17:40:04,174] {subprocess.py:89} INFO - 22/07/22 17:40:04 INFO ResourceUtils: No custom resources configured for spark.driver.
[2022-07-22 17:40:04,174] {subprocess.py:89} INFO - 22/07/22 17:40:04 INFO ResourceUtils: ==============================================================
[2022-07-22 17:40:04,174] {subprocess.py:89} INFO - 22/07/22 17:40:04 INFO SparkContext: Submitted application: MyApp
[2022-07-22 17:40:04,194] {subprocess.py:89} INFO - 22/07/22 17:40:04 INFO ResourceProfile: Default ResourceProfile created, executor resources: Map(cores -> name: cores, amount: 1, script: , vendor: , memory -> name: memory, amount: 1024, script: , vendor: , offHeap -> name: offHeap, amount: 0, script: , vendor: ), task resources: Map(cpus -> name: cpus, amount: 1.0)
[2022-07-22 17:40:04,206] {subprocess.py:89} INFO - 22/07/22 17:40:04 INFO ResourceProfile: Limiting resource is cpu
[2022-07-22 17:40:04,207] {subprocess.py:89} INFO - 22/07/22 17:40:04 INFO ResourceProfileManager: Added ResourceProfile id: 0
[2022-07-22 17:40:04,250] {subprocess.py:89} INFO - 22/07/22 17:40:04 INFO SecurityManager: Changing view acls to: default
[2022-07-22 17:40:04,251] {subprocess.py:89} INFO - 22/07/22 17:40:04 INFO SecurityManager: Changing modify acls to: default
[2022-07-22 17:40:04,251] {subprocess.py:89} INFO - 22/07/22 17:40:04 INFO SecurityManager: Changing view acls groups to:
[2022-07-22 17:40:04,251] {subprocess.py:89} INFO - 22/07/22 17:40:04 INFO SecurityManager: Changing modify acls groups to:
[2022-07-22 17:40:04,251] {subprocess.py:89} INFO - 22/07/22 17:40:04 INFO SecurityManager: SecurityManager: authentication disabled; ui acls disabled; users  with view permissions: Set(default); groups with view permissions: Set(); users  with modify permissions: Set(default); groups with modify permissions: Set()
[2022-07-22 17:40:04,423] {subprocess.py:89} INFO - 22/07/22 17:40:04 INFO Utils: Successfully started service 'sparkDriver' on port 35959.
[2022-07-22 17:40:04,456] {subprocess.py:89} INFO - 22/07/22 17:40:04 INFO SparkEnv: Registering MapOutputTracker
[2022-07-22 17:40:04,481] {subprocess.py:89} INFO - 22/07/22 17:40:04 INFO SparkEnv: Registering BlockManagerMaster
[2022-07-22 17:40:04,499] {subprocess.py:89} INFO - 22/07/22 17:40:04 INFO BlockManagerMasterEndpoint: Using org.apache.spark.storage.DefaultTopologyMapper for getting topology information
[2022-07-22 17:40:04,500] {subprocess.py:89} INFO - 22/07/22 17:40:04 INFO BlockManagerMasterEndpoint: BlockManagerMasterEndpoint up
[2022-07-22 17:40:04,503] {subprocess.py:89} INFO - 22/07/22 17:40:04 INFO SparkEnv: Registering BlockManagerMasterHeartbeat
[2022-07-22 17:40:04,514] {subprocess.py:89} INFO - 22/07/22 17:40:04 INFO DiskBlockManager: Created local directory at /tmp/blockmgr-2e0fc953-f8af-4170-b1da-14c4c0e244a4
[2022-07-22 17:40:04,534] {subprocess.py:89} INFO - 22/07/22 17:40:04 INFO MemoryStore: MemoryStore started with capacity 366.3 MiB
[2022-07-22 17:40:04,547] {subprocess.py:89} INFO - 22/07/22 17:40:04 INFO SparkEnv: Registering OutputCommitCoordinator
[2022-07-22 17:40:04,790] {subprocess.py:89} INFO - 22/07/22 17:40:04 INFO Utils: Successfully started service 'SparkUI' on port 4040.
[2022-07-22 17:40:04,838] {subprocess.py:89} INFO - 22/07/22 17:40:04 INFO SparkUI: Bound SparkUI to 0.0.0.0, and started at http://1c7b2e19b45f:4040
[2022-07-22 17:40:04,852] {subprocess.py:89} INFO - 22/07/22 17:40:04 INFO SparkContext: Added JAR file:///home/***/.ivy2/jars/io.delta_delta-core_2.12-1.0.0.jar at spark://1c7b2e19b45f:35959/jars/io.delta_delta-core_2.12-1.0.0.jar with timestamp 1658511604134
[2022-07-22 17:40:04,853] {subprocess.py:89} INFO - 22/07/22 17:40:04 INFO SparkContext: Added JAR file:///home/***/.ivy2/jars/org.antlr_antlr4-4.7.jar at spark://1c7b2e19b45f:35959/jars/org.antlr_antlr4-4.7.jar with timestamp 1658511604134
[2022-07-22 17:40:04,853] {subprocess.py:89} INFO - 22/07/22 17:40:04 INFO SparkContext: Added JAR file:///home/***/.ivy2/jars/org.antlr_antlr4-runtime-4.7.jar at spark://1c7b2e19b45f:35959/jars/org.antlr_antlr4-runtime-4.7.jar with timestamp 1658511604134
[2022-07-22 17:40:04,853] {subprocess.py:89} INFO - 22/07/22 17:40:04 INFO SparkContext: Added JAR file:///home/***/.ivy2/jars/org.antlr_antlr-runtime-3.5.2.jar at spark://1c7b2e19b45f:35959/jars/org.antlr_antlr-runtime-3.5.2.jar with timestamp 1658511604134
[2022-07-22 17:40:04,854] {subprocess.py:89} INFO - 22/07/22 17:40:04 INFO SparkContext: Added JAR file:///home/***/.ivy2/jars/org.antlr_ST4-4.0.8.jar at spark://1c7b2e19b45f:35959/jars/org.antlr_ST4-4.0.8.jar with timestamp 1658511604134
[2022-07-22 17:40:04,854] {subprocess.py:89} INFO - 22/07/22 17:40:04 INFO SparkContext: Added JAR file:///home/***/.ivy2/jars/org.abego.treelayout_org.abego.treelayout.core-1.0.3.jar at spark://1c7b2e19b45f:35959/jars/org.abego.treelayout_org.abego.treelayout.core-1.0.3.jar with timestamp 1658511604134
[2022-07-22 17:40:04,854] {subprocess.py:89} INFO - 22/07/22 17:40:04 INFO SparkContext: Added JAR file:///home/***/.ivy2/jars/org.glassfish_javax.json-1.0.4.jar at spark://1c7b2e19b45f:35959/jars/org.glassfish_javax.json-1.0.4.jar with timestamp 1658511604134
[2022-07-22 17:40:04,854] {subprocess.py:89} INFO - 22/07/22 17:40:04 INFO SparkContext: Added JAR file:///home/***/.ivy2/jars/com.ibm.icu_icu4j-58.2.jar at spark://1c7b2e19b45f:35959/jars/com.ibm.icu_icu4j-58.2.jar with timestamp 1658511604134
[2022-07-22 17:40:04,856] {subprocess.py:89} INFO - 22/07/22 17:40:04 INFO SparkContext: Added file file:///home/***/.ivy2/jars/io.delta_delta-core_2.12-1.0.0.jar at file:///home/***/.ivy2/jars/io.delta_delta-core_2.12-1.0.0.jar with timestamp 1658511604134
[2022-07-22 17:40:04,858] {subprocess.py:89} INFO - 22/07/22 17:40:04 INFO Utils: Copying /home/***/.ivy2/jars/io.delta_delta-core_2.12-1.0.0.jar to /tmp/spark-83bb4c5a-6082-4059-8e6e-3a53e96db01e/userFiles-fa984400-f904-4fed-877c-965a54a0149f/io.delta_delta-core_2.12-1.0.0.jar
[2022-07-22 17:40:04,867] {subprocess.py:89} INFO - 22/07/22 17:40:04 INFO SparkContext: Added file file:///home/***/.ivy2/jars/org.antlr_antlr4-4.7.jar at file:///home/***/.ivy2/jars/org.antlr_antlr4-4.7.jar with timestamp 1658511604134
[2022-07-22 17:40:04,867] {subprocess.py:89} INFO - 22/07/22 17:40:04 INFO Utils: Copying /home/***/.ivy2/jars/org.antlr_antlr4-4.7.jar to /tmp/spark-83bb4c5a-6082-4059-8e6e-3a53e96db01e/userFiles-fa984400-f904-4fed-877c-965a54a0149f/org.antlr_antlr4-4.7.jar
[2022-07-22 17:40:04,872] {subprocess.py:89} INFO - 22/07/22 17:40:04 INFO SparkContext: Added file file:///home/***/.ivy2/jars/org.antlr_antlr4-runtime-4.7.jar at file:///home/***/.ivy2/jars/org.antlr_antlr4-runtime-4.7.jar with timestamp 1658511604134
[2022-07-22 17:40:04,872] {subprocess.py:89} INFO - 22/07/22 17:40:04 INFO Utils: Copying /home/***/.ivy2/jars/org.antlr_antlr4-runtime-4.7.jar to /tmp/spark-83bb4c5a-6082-4059-8e6e-3a53e96db01e/userFiles-fa984400-f904-4fed-877c-965a54a0149f/org.antlr_antlr4-runtime-4.7.jar
[2022-07-22 17:40:04,877] {subprocess.py:89} INFO - 22/07/22 17:40:04 INFO SparkContext: Added file file:///home/***/.ivy2/jars/org.antlr_antlr-runtime-3.5.2.jar at file:///home/***/.ivy2/jars/org.antlr_antlr-runtime-3.5.2.jar with timestamp 1658511604134
[2022-07-22 17:40:04,877] {subprocess.py:89} INFO - 22/07/22 17:40:04 INFO Utils: Copying /home/***/.ivy2/jars/org.antlr_antlr-runtime-3.5.2.jar to /tmp/spark-83bb4c5a-6082-4059-8e6e-3a53e96db01e/userFiles-fa984400-f904-4fed-877c-965a54a0149f/org.antlr_antlr-runtime-3.5.2.jar
[2022-07-22 17:40:04,880] {subprocess.py:89} INFO - 22/07/22 17:40:04 INFO SparkContext: Added file file:///home/***/.ivy2/jars/org.antlr_ST4-4.0.8.jar at file:///home/***/.ivy2/jars/org.antlr_ST4-4.0.8.jar with timestamp 1658511604134
[2022-07-22 17:40:04,880] {subprocess.py:89} INFO - 22/07/22 17:40:04 INFO Utils: Copying /home/***/.ivy2/jars/org.antlr_ST4-4.0.8.jar to /tmp/spark-83bb4c5a-6082-4059-8e6e-3a53e96db01e/userFiles-fa984400-f904-4fed-877c-965a54a0149f/org.antlr_ST4-4.0.8.jar
[2022-07-22 17:40:04,884] {subprocess.py:89} INFO - 22/07/22 17:40:04 INFO SparkContext: Added file file:///home/***/.ivy2/jars/org.abego.treelayout_org.abego.treelayout.core-1.0.3.jar at file:///home/***/.ivy2/jars/org.abego.treelayout_org.abego.treelayout.core-1.0.3.jar with timestamp 1658511604134
[2022-07-22 17:40:04,884] {subprocess.py:89} INFO - 22/07/22 17:40:04 INFO Utils: Copying /home/***/.ivy2/jars/org.abego.treelayout_org.abego.treelayout.core-1.0.3.jar to /tmp/spark-83bb4c5a-6082-4059-8e6e-3a53e96db01e/userFiles-fa984400-f904-4fed-877c-965a54a0149f/org.abego.treelayout_org.abego.treelayout.core-1.0.3.jar
[2022-07-22 17:40:04,887] {subprocess.py:89} INFO - 22/07/22 17:40:04 INFO SparkContext: Added file file:///home/***/.ivy2/jars/org.glassfish_javax.json-1.0.4.jar at file:///home/***/.ivy2/jars/org.glassfish_javax.json-1.0.4.jar with timestamp 1658511604134
[2022-07-22 17:40:04,888] {subprocess.py:89} INFO - 22/07/22 17:40:04 INFO Utils: Copying /home/***/.ivy2/jars/org.glassfish_javax.json-1.0.4.jar to /tmp/spark-83bb4c5a-6082-4059-8e6e-3a53e96db01e/userFiles-fa984400-f904-4fed-877c-965a54a0149f/org.glassfish_javax.json-1.0.4.jar
[2022-07-22 17:40:04,892] {subprocess.py:89} INFO - 22/07/22 17:40:04 INFO SparkContext: Added file file:///home/***/.ivy2/jars/com.ibm.icu_icu4j-58.2.jar at file:///home/***/.ivy2/jars/com.ibm.icu_icu4j-58.2.jar with timestamp 1658511604134
[2022-07-22 17:40:04,893] {subprocess.py:89} INFO - 22/07/22 17:40:04 INFO Utils: Copying /home/***/.ivy2/jars/com.ibm.icu_icu4j-58.2.jar to /tmp/spark-83bb4c5a-6082-4059-8e6e-3a53e96db01e/userFiles-fa984400-f904-4fed-877c-965a54a0149f/com.ibm.icu_icu4j-58.2.jar
[2022-07-22 17:40:05,107] {subprocess.py:89} INFO - 22/07/22 17:40:05 INFO Executor: Starting executor ID driver on host 1c7b2e19b45f
[2022-07-22 17:40:05,124] {subprocess.py:89} INFO - 22/07/22 17:40:05 INFO Executor: Fetching file:///home/***/.ivy2/jars/com.ibm.icu_icu4j-58.2.jar with timestamp 1658511604134
[2022-07-22 17:40:05,148] {subprocess.py:89} INFO - 22/07/22 17:40:05 INFO Utils: /home/***/.ivy2/jars/com.ibm.icu_icu4j-58.2.jar has been previously copied to /tmp/spark-83bb4c5a-6082-4059-8e6e-3a53e96db01e/userFiles-fa984400-f904-4fed-877c-965a54a0149f/com.ibm.icu_icu4j-58.2.jar
[2022-07-22 17:40:05,151] {subprocess.py:89} INFO - 22/07/22 17:40:05 INFO Executor: Fetching file:///home/***/.ivy2/jars/org.abego.treelayout_org.abego.treelayout.core-1.0.3.jar with timestamp 1658511604134
[2022-07-22 17:40:05,152] {subprocess.py:89} INFO - 22/07/22 17:40:05 INFO Utils: /home/***/.ivy2/jars/org.abego.treelayout_org.abego.treelayout.core-1.0.3.jar has been previously copied to /tmp/spark-83bb4c5a-6082-4059-8e6e-3a53e96db01e/userFiles-fa984400-f904-4fed-877c-965a54a0149f/org.abego.treelayout_org.abego.treelayout.core-1.0.3.jar
[2022-07-22 17:40:05,155] {subprocess.py:89} INFO - 22/07/22 17:40:05 INFO Executor: Fetching file:///home/***/.ivy2/jars/org.antlr_antlr-runtime-3.5.2.jar with timestamp 1658511604134
[2022-07-22 17:40:05,156] {subprocess.py:89} INFO - 22/07/22 17:40:05 INFO Utils: /home/***/.ivy2/jars/org.antlr_antlr-runtime-3.5.2.jar has been previously copied to /tmp/spark-83bb4c5a-6082-4059-8e6e-3a53e96db01e/userFiles-fa984400-f904-4fed-877c-965a54a0149f/org.antlr_antlr-runtime-3.5.2.jar
[2022-07-22 17:40:05,158] {subprocess.py:89} INFO - 22/07/22 17:40:05 INFO Executor: Fetching file:///home/***/.ivy2/jars/org.glassfish_javax.json-1.0.4.jar with timestamp 1658511604134
[2022-07-22 17:40:05,159] {subprocess.py:89} INFO - 22/07/22 17:40:05 INFO Utils: /home/***/.ivy2/jars/org.glassfish_javax.json-1.0.4.jar has been previously copied to /tmp/spark-83bb4c5a-6082-4059-8e6e-3a53e96db01e/userFiles-fa984400-f904-4fed-877c-965a54a0149f/org.glassfish_javax.json-1.0.4.jar
[2022-07-22 17:40:05,161] {subprocess.py:89} INFO - 22/07/22 17:40:05 INFO Executor: Fetching file:///home/***/.ivy2/jars/org.antlr_antlr4-runtime-4.7.jar with timestamp 1658511604134
[2022-07-22 17:40:05,162] {subprocess.py:89} INFO - 22/07/22 17:40:05 INFO Utils: /home/***/.ivy2/jars/org.antlr_antlr4-runtime-4.7.jar has been previously copied to /tmp/spark-83bb4c5a-6082-4059-8e6e-3a53e96db01e/userFiles-fa984400-f904-4fed-877c-965a54a0149f/org.antlr_antlr4-runtime-4.7.jar
[2022-07-22 17:40:05,164] {subprocess.py:89} INFO - 22/07/22 17:40:05 INFO Executor: Fetching file:///home/***/.ivy2/jars/org.antlr_antlr4-4.7.jar with timestamp 1658511604134
[2022-07-22 17:40:05,165] {subprocess.py:89} INFO - 22/07/22 17:40:05 INFO Utils: /home/***/.ivy2/jars/org.antlr_antlr4-4.7.jar has been previously copied to /tmp/spark-83bb4c5a-6082-4059-8e6e-3a53e96db01e/userFiles-fa984400-f904-4fed-877c-965a54a0149f/org.antlr_antlr4-4.7.jar
[2022-07-22 17:40:05,168] {subprocess.py:89} INFO - 22/07/22 17:40:05 INFO Executor: Fetching file:///home/***/.ivy2/jars/org.antlr_ST4-4.0.8.jar with timestamp 1658511604134
[2022-07-22 17:40:05,169] {subprocess.py:89} INFO - 22/07/22 17:40:05 INFO Utils: /home/***/.ivy2/jars/org.antlr_ST4-4.0.8.jar has been previously copied to /tmp/spark-83bb4c5a-6082-4059-8e6e-3a53e96db01e/userFiles-fa984400-f904-4fed-877c-965a54a0149f/org.antlr_ST4-4.0.8.jar
[2022-07-22 17:40:05,172] {subprocess.py:89} INFO - 22/07/22 17:40:05 INFO Executor: Fetching file:///home/***/.ivy2/jars/io.delta_delta-core_2.12-1.0.0.jar with timestamp 1658511604134
[2022-07-22 17:40:05,175] {subprocess.py:89} INFO - 22/07/22 17:40:05 INFO Utils: /home/***/.ivy2/jars/io.delta_delta-core_2.12-1.0.0.jar has been previously copied to /tmp/spark-83bb4c5a-6082-4059-8e6e-3a53e96db01e/userFiles-fa984400-f904-4fed-877c-965a54a0149f/io.delta_delta-core_2.12-1.0.0.jar
[2022-07-22 17:40:05,181] {subprocess.py:89} INFO - 22/07/22 17:40:05 INFO Executor: Fetching spark://1c7b2e19b45f:35959/jars/com.ibm.icu_icu4j-58.2.jar with timestamp 1658511604134
[2022-07-22 17:40:05,223] {subprocess.py:89} INFO - 22/07/22 17:40:05 INFO TransportClientFactory: Successfully created connection to 1c7b2e19b45f/172.20.0.10:35959 after 30 ms (0 ms spent in bootstraps)
[2022-07-22 17:40:05,228] {subprocess.py:89} INFO - 22/07/22 17:40:05 INFO Utils: Fetching spark://1c7b2e19b45f:35959/jars/com.ibm.icu_icu4j-58.2.jar to /tmp/spark-83bb4c5a-6082-4059-8e6e-3a53e96db01e/userFiles-fa984400-f904-4fed-877c-965a54a0149f/fetchFileTemp8222195931579379300.tmp
[2022-07-22 17:40:05,315] {subprocess.py:89} INFO - 22/07/22 17:40:05 INFO Utils: /tmp/spark-83bb4c5a-6082-4059-8e6e-3a53e96db01e/userFiles-fa984400-f904-4fed-877c-965a54a0149f/fetchFileTemp8222195931579379300.tmp has been previously copied to /tmp/spark-83bb4c5a-6082-4059-8e6e-3a53e96db01e/userFiles-fa984400-f904-4fed-877c-965a54a0149f/com.ibm.icu_icu4j-58.2.jar
[2022-07-22 17:40:05,329] {subprocess.py:89} INFO - 22/07/22 17:40:05 INFO Executor: Adding file:/tmp/spark-83bb4c5a-6082-4059-8e6e-3a53e96db01e/userFiles-fa984400-f904-4fed-877c-965a54a0149f/com.ibm.icu_icu4j-58.2.jar to class loader
[2022-07-22 17:40:05,329] {subprocess.py:89} INFO - 22/07/22 17:40:05 INFO Executor: Fetching spark://1c7b2e19b45f:35959/jars/io.delta_delta-core_2.12-1.0.0.jar with timestamp 1658511604134
[2022-07-22 17:40:05,329] {subprocess.py:89} INFO - 22/07/22 17:40:05 INFO Utils: Fetching spark://1c7b2e19b45f:35959/jars/io.delta_delta-core_2.12-1.0.0.jar to /tmp/spark-83bb4c5a-6082-4059-8e6e-3a53e96db01e/userFiles-fa984400-f904-4fed-877c-965a54a0149f/fetchFileTemp8636491811944733172.tmp
[2022-07-22 17:40:05,343] {subprocess.py:89} INFO - 22/07/22 17:40:05 INFO Utils: /tmp/spark-83bb4c5a-6082-4059-8e6e-3a53e96db01e/userFiles-fa984400-f904-4fed-877c-965a54a0149f/fetchFileTemp8636491811944733172.tmp has been previously copied to /tmp/spark-83bb4c5a-6082-4059-8e6e-3a53e96db01e/userFiles-fa984400-f904-4fed-877c-965a54a0149f/io.delta_delta-core_2.12-1.0.0.jar
[2022-07-22 17:40:05,347] {subprocess.py:89} INFO - 22/07/22 17:40:05 INFO Executor: Adding file:/tmp/spark-83bb4c5a-6082-4059-8e6e-3a53e96db01e/userFiles-fa984400-f904-4fed-877c-965a54a0149f/io.delta_delta-core_2.12-1.0.0.jar to class loader
[2022-07-22 17:40:05,347] {subprocess.py:89} INFO - 22/07/22 17:40:05 INFO Executor: Fetching spark://1c7b2e19b45f:35959/jars/org.antlr_antlr4-4.7.jar with timestamp 1658511604134
[2022-07-22 17:40:05,350] {subprocess.py:89} INFO - 22/07/22 17:40:05 INFO Utils: Fetching spark://1c7b2e19b45f:35959/jars/org.antlr_antlr4-4.7.jar to /tmp/spark-83bb4c5a-6082-4059-8e6e-3a53e96db01e/userFiles-fa984400-f904-4fed-877c-965a54a0149f/fetchFileTemp5766731665610278173.tmp
[2022-07-22 17:40:05,360] {subprocess.py:89} INFO - 22/07/22 17:40:05 INFO Utils: /tmp/spark-83bb4c5a-6082-4059-8e6e-3a53e96db01e/userFiles-fa984400-f904-4fed-877c-965a54a0149f/fetchFileTemp5766731665610278173.tmp has been previously copied to /tmp/spark-83bb4c5a-6082-4059-8e6e-3a53e96db01e/userFiles-fa984400-f904-4fed-877c-965a54a0149f/org.antlr_antlr4-4.7.jar
[2022-07-22 17:40:05,363] {subprocess.py:89} INFO - 22/07/22 17:40:05 INFO Executor: Adding file:/tmp/spark-83bb4c5a-6082-4059-8e6e-3a53e96db01e/userFiles-fa984400-f904-4fed-877c-965a54a0149f/org.antlr_antlr4-4.7.jar to class loader
[2022-07-22 17:40:05,363] {subprocess.py:89} INFO - 22/07/22 17:40:05 INFO Executor: Fetching spark://1c7b2e19b45f:35959/jars/org.abego.treelayout_org.abego.treelayout.core-1.0.3.jar with timestamp 1658511604134
[2022-07-22 17:40:05,366] {subprocess.py:89} INFO - 22/07/22 17:40:05 INFO Utils: Fetching spark://1c7b2e19b45f:35959/jars/org.abego.treelayout_org.abego.treelayout.core-1.0.3.jar to /tmp/spark-83bb4c5a-6082-4059-8e6e-3a53e96db01e/userFiles-fa984400-f904-4fed-877c-965a54a0149f/fetchFileTemp6204178986236037454.tmp
[2022-07-22 17:40:05,367] {subprocess.py:89} INFO - 22/07/22 17:40:05 INFO Utils: /tmp/spark-83bb4c5a-6082-4059-8e6e-3a53e96db01e/userFiles-fa984400-f904-4fed-877c-965a54a0149f/fetchFileTemp6204178986236037454.tmp has been previously copied to /tmp/spark-83bb4c5a-6082-4059-8e6e-3a53e96db01e/userFiles-fa984400-f904-4fed-877c-965a54a0149f/org.abego.treelayout_org.abego.treelayout.core-1.0.3.jar
[2022-07-22 17:40:05,373] {subprocess.py:89} INFO - 22/07/22 17:40:05 INFO Executor: Adding file:/tmp/spark-83bb4c5a-6082-4059-8e6e-3a53e96db01e/userFiles-fa984400-f904-4fed-877c-965a54a0149f/org.abego.treelayout_org.abego.treelayout.core-1.0.3.jar to class loader
[2022-07-22 17:40:05,373] {subprocess.py:89} INFO - 22/07/22 17:40:05 INFO Executor: Fetching spark://1c7b2e19b45f:35959/jars/org.antlr_ST4-4.0.8.jar with timestamp 1658511604134
[2022-07-22 17:40:05,375] {subprocess.py:89} INFO - 22/07/22 17:40:05 INFO Utils: Fetching spark://1c7b2e19b45f:35959/jars/org.antlr_ST4-4.0.8.jar to /tmp/spark-83bb4c5a-6082-4059-8e6e-3a53e96db01e/userFiles-fa984400-f904-4fed-877c-965a54a0149f/fetchFileTemp8240990685440116523.tmp
[2022-07-22 17:40:05,384] {subprocess.py:89} INFO - 22/07/22 17:40:05 INFO Utils: /tmp/spark-83bb4c5a-6082-4059-8e6e-3a53e96db01e/userFiles-fa984400-f904-4fed-877c-965a54a0149f/fetchFileTemp8240990685440116523.tmp has been previously copied to /tmp/spark-83bb4c5a-6082-4059-8e6e-3a53e96db01e/userFiles-fa984400-f904-4fed-877c-965a54a0149f/org.antlr_ST4-4.0.8.jar
[2022-07-22 17:40:05,387] {subprocess.py:89} INFO - 22/07/22 17:40:05 INFO Executor: Adding file:/tmp/spark-83bb4c5a-6082-4059-8e6e-3a53e96db01e/userFiles-fa984400-f904-4fed-877c-965a54a0149f/org.antlr_ST4-4.0.8.jar to class loader
[2022-07-22 17:40:05,390] {subprocess.py:89} INFO - 22/07/22 17:40:05 INFO Executor: Fetching spark://1c7b2e19b45f:35959/jars/org.antlr_antlr4-runtime-4.7.jar with timestamp 1658511604134
[2022-07-22 17:40:05,390] {subprocess.py:89} INFO - 22/07/22 17:40:05 INFO Utils: Fetching spark://1c7b2e19b45f:35959/jars/org.antlr_antlr4-runtime-4.7.jar to /tmp/spark-83bb4c5a-6082-4059-8e6e-3a53e96db01e/userFiles-fa984400-f904-4fed-877c-965a54a0149f/fetchFileTemp3366904303113391146.tmp
[2022-07-22 17:40:05,392] {subprocess.py:89} INFO - 22/07/22 17:40:05 INFO Utils: /tmp/spark-83bb4c5a-6082-4059-8e6e-3a53e96db01e/userFiles-fa984400-f904-4fed-877c-965a54a0149f/fetchFileTemp3366904303113391146.tmp has been previously copied to /tmp/spark-83bb4c5a-6082-4059-8e6e-3a53e96db01e/userFiles-fa984400-f904-4fed-877c-965a54a0149f/org.antlr_antlr4-runtime-4.7.jar
[2022-07-22 17:40:05,395] {subprocess.py:89} INFO - 22/07/22 17:40:05 INFO Executor: Adding file:/tmp/spark-83bb4c5a-6082-4059-8e6e-3a53e96db01e/userFiles-fa984400-f904-4fed-877c-965a54a0149f/org.antlr_antlr4-runtime-4.7.jar to class loader
[2022-07-22 17:40:05,398] {subprocess.py:89} INFO - 22/07/22 17:40:05 INFO Executor: Fetching spark://1c7b2e19b45f:35959/jars/org.glassfish_javax.json-1.0.4.jar with timestamp 1658511604134
[2022-07-22 17:40:05,399] {subprocess.py:89} INFO - 22/07/22 17:40:05 INFO Utils: Fetching spark://1c7b2e19b45f:35959/jars/org.glassfish_javax.json-1.0.4.jar to /tmp/spark-83bb4c5a-6082-4059-8e6e-3a53e96db01e/userFiles-fa984400-f904-4fed-877c-965a54a0149f/fetchFileTemp6011055120356075818.tmp
[2022-07-22 17:40:05,399] {subprocess.py:89} INFO - 22/07/22 17:40:05 INFO Utils: /tmp/spark-83bb4c5a-6082-4059-8e6e-3a53e96db01e/userFiles-fa984400-f904-4fed-877c-965a54a0149f/fetchFileTemp6011055120356075818.tmp has been previously copied to /tmp/spark-83bb4c5a-6082-4059-8e6e-3a53e96db01e/userFiles-fa984400-f904-4fed-877c-965a54a0149f/org.glassfish_javax.json-1.0.4.jar
[2022-07-22 17:40:05,403] {subprocess.py:89} INFO - 22/07/22 17:40:05 INFO Executor: Adding file:/tmp/spark-83bb4c5a-6082-4059-8e6e-3a53e96db01e/userFiles-fa984400-f904-4fed-877c-965a54a0149f/org.glassfish_javax.json-1.0.4.jar to class loader
[2022-07-22 17:40:05,403] {subprocess.py:89} INFO - 22/07/22 17:40:05 INFO Executor: Fetching spark://1c7b2e19b45f:35959/jars/org.antlr_antlr-runtime-3.5.2.jar with timestamp 1658511604134
[2022-07-22 17:40:05,404] {subprocess.py:89} INFO - 22/07/22 17:40:05 INFO Utils: Fetching spark://1c7b2e19b45f:35959/jars/org.antlr_antlr-runtime-3.5.2.jar to /tmp/spark-83bb4c5a-6082-4059-8e6e-3a53e96db01e/userFiles-fa984400-f904-4fed-877c-965a54a0149f/fetchFileTemp1283118323951365036.tmp
[2022-07-22 17:40:05,406] {subprocess.py:89} INFO - 22/07/22 17:40:05 INFO Utils: /tmp/spark-83bb4c5a-6082-4059-8e6e-3a53e96db01e/userFiles-fa984400-f904-4fed-877c-965a54a0149f/fetchFileTemp1283118323951365036.tmp has been previously copied to /tmp/spark-83bb4c5a-6082-4059-8e6e-3a53e96db01e/userFiles-fa984400-f904-4fed-877c-965a54a0149f/org.antlr_antlr-runtime-3.5.2.jar
[2022-07-22 17:40:05,409] {subprocess.py:89} INFO - 22/07/22 17:40:05 INFO Executor: Adding file:/tmp/spark-83bb4c5a-6082-4059-8e6e-3a53e96db01e/userFiles-fa984400-f904-4fed-877c-965a54a0149f/org.antlr_antlr-runtime-3.5.2.jar to class loader
[2022-07-22 17:40:05,429] {subprocess.py:89} INFO - 22/07/22 17:40:05 INFO Utils: Successfully started service 'org.apache.spark.network.netty.NettyBlockTransferService' on port 46119.
[2022-07-22 17:40:05,430] {subprocess.py:89} INFO - 22/07/22 17:40:05 INFO NettyBlockTransferService: Server created on 1c7b2e19b45f:46119
[2022-07-22 17:40:05,431] {subprocess.py:89} INFO - 22/07/22 17:40:05 INFO BlockManager: Using org.apache.spark.storage.RandomBlockReplicationPolicy for block replication policy
[2022-07-22 17:40:05,440] {subprocess.py:89} INFO - 22/07/22 17:40:05 INFO BlockManagerMaster: Registering BlockManager BlockManagerId(driver, 1c7b2e19b45f, 46119, None)
[2022-07-22 17:40:05,444] {subprocess.py:89} INFO - 22/07/22 17:40:05 INFO BlockManagerMasterEndpoint: Registering block manager 1c7b2e19b45f:46119 with 366.3 MiB RAM, BlockManagerId(driver, 1c7b2e19b45f, 46119, None)
[2022-07-22 17:40:05,446] {subprocess.py:89} INFO - 22/07/22 17:40:05 INFO BlockManagerMaster: Registered BlockManager BlockManagerId(driver, 1c7b2e19b45f, 46119, None)
[2022-07-22 17:40:05,447] {subprocess.py:89} INFO - 22/07/22 17:40:05 INFO BlockManager: Initialized BlockManager: BlockManagerId(driver, 1c7b2e19b45f, 46119, None)
[2022-07-22 17:40:06,030] {subprocess.py:89} INFO - 22/07/22 17:40:06 INFO SharedState: Setting hive.metastore.warehouse.dir ('null') to the value of spark.sql.warehouse.dir ('file:/tmp/***tmp6sxx45k2/spark-warehouse').
[2022-07-22 17:40:06,031] {subprocess.py:89} INFO - 22/07/22 17:40:06 INFO SharedState: Warehouse path is 'file:/tmp/***tmp6sxx45k2/spark-warehouse'.
[2022-07-22 17:40:06,590] {local_task_job.py:212} WARNING - State of this instance has been externally set to skipped. Terminating instance.
[2022-07-22 17:40:06,591] {process_utils.py:124} INFO - Sending Signals.SIGTERM to group 1370. PIDs of all processes in the group: [1371, 1409, 1370]
[2022-07-22 17:40:06,591] {process_utils.py:75} INFO - Sending the signal Signals.SIGTERM to group 1370
[2022-07-22 17:40:06,592] {taskinstance.py:1408} ERROR - Received SIGTERM. Terminating subprocesses.
[2022-07-22 17:40:06,592] {subprocess.py:99} INFO - Sending SIGTERM signal to process group
[2022-07-22 17:40:06,949] {process_utils.py:70} INFO - Process psutil.Process(pid=1370, status='terminated', exitcode=0, started='17:40:01') (1370) terminated with exit code 0
[2022-07-22 17:40:06,950] {process_utils.py:70} INFO - Process psutil.Process(pid=1409, status='terminated', started='17:40:03') (1409) terminated with exit code None
[2022-07-22 17:40:07,084] {process_utils.py:70} INFO - Process psutil.Process(pid=1371, status='terminated', started='17:40:01') (1371) terminated with exit code None
