[2022-06-21 14:28:30,565] {taskinstance.py:1032} INFO - Dependencies all met for <TaskInstance: DM-COUNT-f101_round_f.count_f101-13 manual__2022-06-21T14:28:19.344143+00:00 [queued]>
[2022-06-21 14:28:30,595] {taskinstance.py:1032} INFO - Dependencies all met for <TaskInstance: DM-COUNT-f101_round_f.count_f101-13 manual__2022-06-21T14:28:19.344143+00:00 [queued]>
[2022-06-21 14:28:30,596] {taskinstance.py:1238} INFO - 
--------------------------------------------------------------------------------
[2022-06-21 14:28:30,597] {taskinstance.py:1239} INFO - Starting attempt 1 of 2
[2022-06-21 14:28:30,597] {taskinstance.py:1240} INFO - 
--------------------------------------------------------------------------------
[2022-06-21 14:28:30,635] {taskinstance.py:1259} INFO - Executing <Task(PostgresOperator): count_f101-13> on 2022-06-21 14:28:19.344143+00:00
[2022-06-21 14:28:30,640] {standard_task_runner.py:52} INFO - Started process 2450 to run task
[2022-06-21 14:28:30,645] {standard_task_runner.py:76} INFO - Running: ['***', 'tasks', 'run', 'DM-COUNT-f101_round_f', 'count_f101-13', 'manual__2022-06-21T14:28:19.344143+00:00', '--job-id', '725', '--raw', '--subdir', 'DAGS_FOLDER/f_101_round_f.py', '--cfg-path', '/tmp/tmponv0z_fm', '--error-file', '/tmp/tmppqo5qs00']
[2022-06-21 14:28:30,651] {standard_task_runner.py:77} INFO - Job 725: Subtask count_f101-13
[2022-06-21 14:28:30,776] {logging_mixin.py:109} INFO - Running <TaskInstance: DM-COUNT-f101_round_f.count_f101-13 manual__2022-06-21T14:28:19.344143+00:00 [running]> on host c087b85f9f15
[2022-06-21 14:28:30,936] {taskinstance.py:1426} INFO - Exporting the following env vars:
AIRFLOW_CTX_DAG_OWNER=***
AIRFLOW_CTX_DAG_ID=DM-COUNT-f101_round_f
AIRFLOW_CTX_TASK_ID=count_f101-13
AIRFLOW_CTX_EXECUTION_DATE=2022-06-21T14:28:19.344143+00:00
AIRFLOW_CTX_DAG_RUN_ID=manual__2022-06-21T14:28:19.344143+00:00
[2022-06-21 14:28:30,948] {base.py:79} INFO - Using connection to: id: postgres. Host: postgres, Port: 5432, Schema: postgres, Login: ***, Password: ***, extra: {}
[2022-06-21 14:28:30,953] {dbapi.py:225} INFO - Running statement: CALL dm.fill_f101_round_f (%(date)s::date);, parameters: {'date': '2018-01-13'}
[2022-06-21 14:28:31,391] {taskinstance.py:1277} INFO - Marking task as SUCCESS. dag_id=DM-COUNT-f101_round_f, task_id=count_f101-13, execution_date=20220621T142819, start_date=20220621T142830, end_date=20220621T142831
[2022-06-21 14:28:31,503] {local_task_job.py:154} INFO - Task exited with return code 0
[2022-06-21 14:28:31,797] {local_task_job.py:264} INFO - 0 downstream tasks scheduled from follow-on schedule check
