[2022-06-21 14:05:04,618] {taskinstance.py:1032} INFO - Dependencies all met for <TaskInstance: DM-COUNT-f101_round_f.count_f101-11 manual__2022-06-21T14:04:57.882879+00:00 [queued]>
[2022-06-21 14:05:04,637] {taskinstance.py:1032} INFO - Dependencies all met for <TaskInstance: DM-COUNT-f101_round_f.count_f101-11 manual__2022-06-21T14:04:57.882879+00:00 [queued]>
[2022-06-21 14:05:04,637] {taskinstance.py:1238} INFO - 
--------------------------------------------------------------------------------
[2022-06-21 14:05:04,637] {taskinstance.py:1239} INFO - Starting attempt 1 of 2
[2022-06-21 14:05:04,637] {taskinstance.py:1240} INFO - 
--------------------------------------------------------------------------------
[2022-06-21 14:05:04,651] {taskinstance.py:1259} INFO - Executing <Task(PostgresOperator): count_f101-11> on 2022-06-21 14:04:57.882879+00:00
[2022-06-21 14:05:04,659] {standard_task_runner.py:52} INFO - Started process 951 to run task
[2022-06-21 14:05:04,664] {standard_task_runner.py:76} INFO - Running: ['***', 'tasks', 'run', 'DM-COUNT-f101_round_f', 'count_f101-11', 'manual__2022-06-21T14:04:57.882879+00:00', '--job-id', '576', '--raw', '--subdir', 'DAGS_FOLDER/f_101_round_f.py', '--cfg-path', '/tmp/tmpmkxy82qk', '--error-file', '/tmp/tmpqu96wgln']
[2022-06-21 14:05:04,665] {standard_task_runner.py:77} INFO - Job 576: Subtask count_f101-11
[2022-06-21 14:05:04,737] {logging_mixin.py:109} INFO - Running <TaskInstance: DM-COUNT-f101_round_f.count_f101-11 manual__2022-06-21T14:04:57.882879+00:00 [running]> on host c087b85f9f15
[2022-06-21 14:05:04,823] {taskinstance.py:1426} INFO - Exporting the following env vars:
AIRFLOW_CTX_DAG_OWNER=***
AIRFLOW_CTX_DAG_ID=DM-COUNT-f101_round_f
AIRFLOW_CTX_TASK_ID=count_f101-11
AIRFLOW_CTX_EXECUTION_DATE=2022-06-21T14:04:57.882879+00:00
AIRFLOW_CTX_DAG_RUN_ID=manual__2022-06-21T14:04:57.882879+00:00
[2022-06-21 14:05:04,859] {base.py:79} INFO - Using connection to: id: postgres. Host: postgres, Port: 5432, Schema: postgres, Login: ***, Password: ***, extra: {}
[2022-06-21 14:05:04,867] {dbapi.py:225} INFO - Running statement: CALL dm.fill_f101_round_f (%(date)s::date);, parameters: {'date': '2018-01-11'}
[2022-06-21 14:05:05,144] {taskinstance.py:1277} INFO - Marking task as SUCCESS. dag_id=DM-COUNT-f101_round_f, task_id=count_f101-11, execution_date=20220621T140457, start_date=20220621T140504, end_date=20220621T140505
[2022-06-21 14:05:05,205] {local_task_job.py:154} INFO - Task exited with return code 0
[2022-06-21 14:05:05,587] {local_task_job.py:264} INFO - 0 downstream tasks scheduled from follow-on schedule check
