[2022-06-26 21:17:24,640] {taskinstance.py:1032} INFO - Dependencies all met for <TaskInstance: DM-COUNT-account-turnover.START_COUNT_BY_DAY_9 scheduled__2022-06-25T19:41:59.779564+00:00 [queued]>
[2022-06-26 21:17:24,720] {taskinstance.py:1032} INFO - Dependencies all met for <TaskInstance: DM-COUNT-account-turnover.START_COUNT_BY_DAY_9 scheduled__2022-06-25T19:41:59.779564+00:00 [queued]>
[2022-06-26 21:17:24,720] {taskinstance.py:1238} INFO - 
--------------------------------------------------------------------------------
[2022-06-26 21:17:24,720] {taskinstance.py:1239} INFO - Starting attempt 1 of 2
[2022-06-26 21:17:24,722] {taskinstance.py:1240} INFO - 
--------------------------------------------------------------------------------
[2022-06-26 21:17:24,816] {taskinstance.py:1259} INFO - Executing <Task(PostgresOperator): START_COUNT_BY_DAY_9> on 2022-06-25 19:41:59.779564+00:00
[2022-06-26 21:17:24,899] {standard_task_runner.py:52} INFO - Started process 184 to run task
[2022-06-26 21:17:24,939] {standard_task_runner.py:76} INFO - Running: ['***', 'tasks', 'run', 'DM-COUNT-account-turnover', 'START_COUNT_BY_DAY_9', 'scheduled__2022-06-25T19:41:59.779564+00:00', '--job-id', '1446', '--raw', '--subdir', 'DAGS_FOLDER/dm_fill_account_turnover.py', '--cfg-path', '/tmp/tmpou0scg10', '--error-file', '/tmp/tmpuu9gc1xf']
[2022-06-26 21:17:24,947] {standard_task_runner.py:77} INFO - Job 1446: Subtask START_COUNT_BY_DAY_9
[2022-06-26 21:17:25,139] {logging_mixin.py:109} INFO - Running <TaskInstance: DM-COUNT-account-turnover.START_COUNT_BY_DAY_9 scheduled__2022-06-25T19:41:59.779564+00:00 [running]> on host 8dd6b2950340
[2022-06-26 21:17:25,476] {taskinstance.py:1426} INFO - Exporting the following env vars:
AIRFLOW_CTX_DAG_OWNER=***
AIRFLOW_CTX_DAG_ID=DM-COUNT-account-turnover
AIRFLOW_CTX_TASK_ID=START_COUNT_BY_DAY_9
AIRFLOW_CTX_EXECUTION_DATE=2022-06-25T19:41:59.779564+00:00
AIRFLOW_CTX_DAG_RUN_ID=scheduled__2022-06-25T19:41:59.779564+00:00
[2022-06-26 21:17:25,567] {base.py:79} INFO - Using connection to: id: postgres. Host: postgres, Port: 5432, Schema: postgres, Login: ***, Password: ***, extra: {}
[2022-06-26 21:17:25,580] {dbapi.py:225} INFO - Running statement: CALL ds.fill_account_turnover_f (%(date)s::date);, parameters: {'date': '2018-01-9'}
[2022-06-26 21:17:25,995] {taskinstance.py:1277} INFO - Marking task as SUCCESS. dag_id=DM-COUNT-account-turnover, task_id=START_COUNT_BY_DAY_9, execution_date=20220625T194159, start_date=20220626T211724, end_date=20220626T211725
[2022-06-26 21:17:26,109] {local_task_job.py:154} INFO - Task exited with return code 0
[2022-06-26 21:17:26,826] {local_task_job.py:264} INFO - 0 downstream tasks scheduled from follow-on schedule check
