[2022-06-18 16:24:40,406] {taskinstance.py:1032} INFO - Dependencies all met for <TaskInstance: DM-COUNT-f101_round_f.count_f101 manual__2022-06-18T16:24:37.087932+00:00 [queued]>
[2022-06-18 16:24:40,426] {taskinstance.py:1032} INFO - Dependencies all met for <TaskInstance: DM-COUNT-f101_round_f.count_f101 manual__2022-06-18T16:24:37.087932+00:00 [queued]>
[2022-06-18 16:24:40,426] {taskinstance.py:1238} INFO - 
--------------------------------------------------------------------------------
[2022-06-18 16:24:40,426] {taskinstance.py:1239} INFO - Starting attempt 1 of 2
[2022-06-18 16:24:40,426] {taskinstance.py:1240} INFO - 
--------------------------------------------------------------------------------
[2022-06-18 16:24:40,438] {taskinstance.py:1259} INFO - Executing <Task(PostgresOperator): count_f101> on 2022-06-18 16:24:37.087932+00:00
[2022-06-18 16:24:40,445] {standard_task_runner.py:52} INFO - Started process 5085 to run task
[2022-06-18 16:24:40,451] {standard_task_runner.py:76} INFO - Running: ['***', 'tasks', 'run', 'DM-COUNT-f101_round_f', 'count_f101', 'manual__2022-06-18T16:24:37.087932+00:00', '--job-id', '201', '--raw', '--subdir', 'DAGS_FOLDER/f_101_round_f.py', '--cfg-path', '/tmp/tmp6n6_1jzi', '--error-file', '/tmp/tmp94j9zq4e']
[2022-06-18 16:24:40,452] {standard_task_runner.py:77} INFO - Job 201: Subtask count_f101
[2022-06-18 16:24:40,549] {logging_mixin.py:109} INFO - Running <TaskInstance: DM-COUNT-f101_round_f.count_f101 manual__2022-06-18T16:24:37.087932+00:00 [running]> on host 191dd4d3d1ba
[2022-06-18 16:24:40,607] {taskinstance.py:1426} INFO - Exporting the following env vars:
AIRFLOW_CTX_DAG_OWNER=***
AIRFLOW_CTX_DAG_ID=DM-COUNT-f101_round_f
AIRFLOW_CTX_TASK_ID=count_f101
AIRFLOW_CTX_EXECUTION_DATE=2022-06-18T16:24:37.087932+00:00
AIRFLOW_CTX_DAG_RUN_ID=manual__2022-06-18T16:24:37.087932+00:00
[2022-06-18 16:24:40,623] {base.py:79} INFO - Using connection to: id: postgres. Host: postgres, Port: 5432, Schema: postgres, Login: ***, Password: ***, extra: {}
[2022-06-18 16:24:40,627] {dbapi.py:225} INFO - Running statement: CALL dm.fill_f101_round_f (%(date)s::date);, parameters: {'date': '2018-01-11'}
[2022-06-18 16:24:40,654] {taskinstance.py:1277} INFO - Marking task as SUCCESS. dag_id=DM-COUNT-f101_round_f, task_id=count_f101, execution_date=20220618T162437, start_date=20220618T162440, end_date=20220618T162440
[2022-06-18 16:24:40,710] {local_task_job.py:154} INFO - Task exited with return code 0
[2022-06-18 16:24:40,802] {local_task_job.py:264} INFO - 1 downstream tasks scheduled from follow-on schedule check
