[2022-06-18 15:14:35,811] {taskinstance.py:1032} INFO - Dependencies all met for <TaskInstance: DM-COUNT-account-turnover.START_COUNT_BY_DAY_2 manual__2022-06-18T15:14:12.826519+00:00 [queued]>
[2022-06-18 15:14:35,842] {taskinstance.py:1032} INFO - Dependencies all met for <TaskInstance: DM-COUNT-account-turnover.START_COUNT_BY_DAY_2 manual__2022-06-18T15:14:12.826519+00:00 [queued]>
[2022-06-18 15:14:35,855] {taskinstance.py:1238} INFO - 
--------------------------------------------------------------------------------
[2022-06-18 15:14:35,855] {taskinstance.py:1239} INFO - Starting attempt 1 of 2
[2022-06-18 15:14:35,859] {taskinstance.py:1240} INFO - 
--------------------------------------------------------------------------------
[2022-06-18 15:14:35,908] {taskinstance.py:1259} INFO - Executing <Task(PostgresOperator): START_COUNT_BY_DAY_2> on 2022-06-18 15:14:12.826519+00:00
[2022-06-18 15:14:35,916] {standard_task_runner.py:52} INFO - Started process 1867 to run task
[2022-06-18 15:14:35,931] {standard_task_runner.py:76} INFO - Running: ['***', 'tasks', 'run', 'DM-COUNT-account-turnover', 'START_COUNT_BY_DAY_2', 'manual__2022-06-18T15:14:12.826519+00:00', '--job-id', '178', '--raw', '--subdir', 'DAGS_FOLDER/dm_fill_account_turnover.py', '--cfg-path', '/tmp/tmpf5klmlmh', '--error-file', '/tmp/tmpx3nrjwzj']
[2022-06-18 15:14:35,938] {standard_task_runner.py:77} INFO - Job 178: Subtask START_COUNT_BY_DAY_2
[2022-06-18 15:14:36,221] {logging_mixin.py:109} INFO - Running <TaskInstance: DM-COUNT-account-turnover.START_COUNT_BY_DAY_2 manual__2022-06-18T15:14:12.826519+00:00 [running]> on host 191dd4d3d1ba
[2022-06-18 15:14:36,774] {taskinstance.py:1426} INFO - Exporting the following env vars:
AIRFLOW_CTX_DAG_OWNER=***
AIRFLOW_CTX_DAG_ID=DM-COUNT-account-turnover
AIRFLOW_CTX_TASK_ID=START_COUNT_BY_DAY_2
AIRFLOW_CTX_EXECUTION_DATE=2022-06-18T15:14:12.826519+00:00
AIRFLOW_CTX_DAG_RUN_ID=manual__2022-06-18T15:14:12.826519+00:00
[2022-06-18 15:14:36,800] {base.py:79} INFO - Using connection to: id: postgres. Host: postgres, Port: 5432, Schema: postgres, Login: ***, Password: ***, extra: {}
[2022-06-18 15:14:36,819] {dbapi.py:225} INFO - Running statement: CALL ds.fill_account_turnover_f (%(date)s::date);, parameters: {'date': '2018-01-2'}
[2022-06-18 15:14:37,136] {taskinstance.py:1277} INFO - Marking task as SUCCESS. dag_id=DM-COUNT-account-turnover, task_id=START_COUNT_BY_DAY_2, execution_date=20220618T151412, start_date=20220618T151435, end_date=20220618T151437
[2022-06-18 15:14:37,218] {local_task_job.py:154} INFO - Task exited with return code 0
[2022-06-18 15:14:37,611] {local_task_job.py:264} INFO - 0 downstream tasks scheduled from follow-on schedule check
