[2022-06-22 07:45:21,076] {taskinstance.py:1032} INFO - Dependencies all met for <TaskInstance: DM-COUNT-f101_round_f.count_f101-25 scheduled__2022-06-20T16:20:07.188456+00:00 [queued]>
[2022-06-22 07:45:21,216] {taskinstance.py:1032} INFO - Dependencies all met for <TaskInstance: DM-COUNT-f101_round_f.count_f101-25 scheduled__2022-06-20T16:20:07.188456+00:00 [queued]>
[2022-06-22 07:45:21,216] {taskinstance.py:1238} INFO - 
--------------------------------------------------------------------------------
[2022-06-22 07:45:21,221] {taskinstance.py:1239} INFO - Starting attempt 1 of 2
[2022-06-22 07:45:21,221] {taskinstance.py:1240} INFO - 
--------------------------------------------------------------------------------
[2022-06-22 07:45:21,302] {taskinstance.py:1259} INFO - Executing <Task(PostgresOperator): count_f101-25> on 2022-06-20 16:20:07.188456+00:00
[2022-06-22 07:45:21,331] {standard_task_runner.py:52} INFO - Started process 237 to run task
[2022-06-22 07:45:21,363] {standard_task_runner.py:76} INFO - Running: ['***', 'tasks', 'run', 'DM-COUNT-f101_round_f', 'count_f101-25', 'scheduled__2022-06-20T16:20:07.188456+00:00', '--job-id', '921', '--raw', '--subdir', 'DAGS_FOLDER/f_101_round_f.py', '--cfg-path', '/tmp/tmp126c1m78', '--error-file', '/tmp/tmpi0ch7no9']
[2022-06-22 07:45:21,424] {standard_task_runner.py:77} INFO - Job 921: Subtask count_f101-25
[2022-06-22 07:45:21,707] {logging_mixin.py:109} INFO - Running <TaskInstance: DM-COUNT-f101_round_f.count_f101-25 scheduled__2022-06-20T16:20:07.188456+00:00 [running]> on host a0a302277daf
[2022-06-22 07:45:22,210] {taskinstance.py:1426} INFO - Exporting the following env vars:
AIRFLOW_CTX_DAG_OWNER=***
AIRFLOW_CTX_DAG_ID=DM-COUNT-f101_round_f
AIRFLOW_CTX_TASK_ID=count_f101-25
AIRFLOW_CTX_EXECUTION_DATE=2022-06-20T16:20:07.188456+00:00
AIRFLOW_CTX_DAG_RUN_ID=scheduled__2022-06-20T16:20:07.188456+00:00
[2022-06-22 07:45:22,227] {base.py:79} INFO - Using connection to: id: postgres. Host: postgres, Port: 5432, Schema: postgres, Login: ***, Password: ***, extra: {}
[2022-06-22 07:45:22,237] {dbapi.py:225} INFO - Running statement: CALL dm.fill_f101_round_f (%(date)s::date);, parameters: {'date': '2018-01-25'}
[2022-06-22 07:45:23,157] {taskinstance.py:1277} INFO - Marking task as SUCCESS. dag_id=DM-COUNT-f101_round_f, task_id=count_f101-25, execution_date=20220620T162007, start_date=20220622T074521, end_date=20220622T074523
[2022-06-22 07:45:23,236] {local_task_job.py:154} INFO - Task exited with return code 0
[2022-06-22 07:45:23,951] {local_task_job.py:264} INFO - 0 downstream tasks scheduled from follow-on schedule check
