[2022-06-22 08:21:38,853] {taskinstance.py:1032} INFO - Dependencies all met for <TaskInstance: DM-COUNT-f101_round_f.count_f101-25 manual__2022-06-22T08:21:30.607444+00:00 [queued]>
[2022-06-22 08:21:38,881] {taskinstance.py:1032} INFO - Dependencies all met for <TaskInstance: DM-COUNT-f101_round_f.count_f101-25 manual__2022-06-22T08:21:30.607444+00:00 [queued]>
[2022-06-22 08:21:38,881] {taskinstance.py:1238} INFO - 
--------------------------------------------------------------------------------
[2022-06-22 08:21:38,881] {taskinstance.py:1239} INFO - Starting attempt 1 of 2
[2022-06-22 08:21:38,882] {taskinstance.py:1240} INFO - 
--------------------------------------------------------------------------------
[2022-06-22 08:21:38,926] {taskinstance.py:1259} INFO - Executing <Task(PostgresOperator): count_f101-25> on 2022-06-22 08:21:30.607444+00:00
[2022-06-22 08:21:38,944] {standard_task_runner.py:52} INFO - Started process 2070 to run task
[2022-06-22 08:21:38,970] {standard_task_runner.py:76} INFO - Running: ['***', 'tasks', 'run', 'DM-COUNT-f101_round_f', 'count_f101-25', 'manual__2022-06-22T08:21:30.607444+00:00', '--job-id', '1006', '--raw', '--subdir', 'DAGS_FOLDER/f_101_round_f.py', '--cfg-path', '/tmp/tmp49frwgmv', '--error-file', '/tmp/tmpo9i2t1ib']
[2022-06-22 08:21:38,971] {standard_task_runner.py:77} INFO - Job 1006: Subtask count_f101-25
[2022-06-22 08:21:39,194] {logging_mixin.py:109} INFO - Running <TaskInstance: DM-COUNT-f101_round_f.count_f101-25 manual__2022-06-22T08:21:30.607444+00:00 [running]> on host a0a302277daf
[2022-06-22 08:21:40,051] {taskinstance.py:1426} INFO - Exporting the following env vars:
AIRFLOW_CTX_DAG_OWNER=***
AIRFLOW_CTX_DAG_ID=DM-COUNT-f101_round_f
AIRFLOW_CTX_TASK_ID=count_f101-25
AIRFLOW_CTX_EXECUTION_DATE=2022-06-22T08:21:30.607444+00:00
AIRFLOW_CTX_DAG_RUN_ID=manual__2022-06-22T08:21:30.607444+00:00
[2022-06-22 08:21:40,081] {base.py:79} INFO - Using connection to: id: postgres. Host: postgres, Port: 5432, Schema: postgres, Login: ***, Password: ***, extra: {}
[2022-06-22 08:21:40,094] {dbapi.py:225} INFO - Running statement: CALL dm.fill_f101_round_f (%(date)s::date);, parameters: {'date': '2018-01-25'}
[2022-06-22 08:21:41,331] {taskinstance.py:1277} INFO - Marking task as SUCCESS. dag_id=DM-COUNT-f101_round_f, task_id=count_f101-25, execution_date=20220622T082130, start_date=20220622T082138, end_date=20220622T082141
[2022-06-22 08:21:41,469] {local_task_job.py:154} INFO - Task exited with return code 0
[2022-06-22 08:21:41,778] {local_task_job.py:264} INFO - 0 downstream tasks scheduled from follow-on schedule check
