[2022-07-17 09:24:57,374] {taskinstance.py:1032} INFO - Dependencies all met for <TaskInstance: DM-COUNT-f101_round_f.count_f101-7 scheduled__2022-07-16T09:24:29.811794+00:00 [queued]>
[2022-07-17 09:24:57,505] {taskinstance.py:1032} INFO - Dependencies all met for <TaskInstance: DM-COUNT-f101_round_f.count_f101-7 scheduled__2022-07-16T09:24:29.811794+00:00 [queued]>
[2022-07-17 09:24:57,505] {taskinstance.py:1238} INFO - 
--------------------------------------------------------------------------------
[2022-07-17 09:24:57,506] {taskinstance.py:1239} INFO - Starting attempt 1 of 2
[2022-07-17 09:24:57,506] {taskinstance.py:1240} INFO - 
--------------------------------------------------------------------------------
[2022-07-17 09:24:57,594] {taskinstance.py:1259} INFO - Executing <Task(PostgresOperator): count_f101-7> on 2022-07-16 09:24:29.811794+00:00
[2022-07-17 09:24:57,660] {standard_task_runner.py:52} INFO - Started process 578 to run task
[2022-07-17 09:24:57,806] {standard_task_runner.py:76} INFO - Running: ['***', 'tasks', 'run', 'DM-COUNT-f101_round_f', 'count_f101-7', 'scheduled__2022-07-16T09:24:29.811794+00:00', '--job-id', '1658', '--raw', '--subdir', 'DAGS_FOLDER/f_101_round_f.py', '--cfg-path', '/tmp/tmp66gf0w1k', '--error-file', '/tmp/tmptjjinkwo']
[2022-07-17 09:24:57,853] {standard_task_runner.py:77} INFO - Job 1658: Subtask count_f101-7
[2022-07-17 09:24:58,649] {logging_mixin.py:109} INFO - Running <TaskInstance: DM-COUNT-f101_round_f.count_f101-7 scheduled__2022-07-16T09:24:29.811794+00:00 [running]> on host a04da3f4ff4b
[2022-07-17 09:25:00,259] {taskinstance.py:1426} INFO - Exporting the following env vars:
AIRFLOW_CTX_DAG_OWNER=***
AIRFLOW_CTX_DAG_ID=DM-COUNT-f101_round_f
AIRFLOW_CTX_TASK_ID=count_f101-7
AIRFLOW_CTX_EXECUTION_DATE=2022-07-16T09:24:29.811794+00:00
AIRFLOW_CTX_DAG_RUN_ID=scheduled__2022-07-16T09:24:29.811794+00:00
[2022-07-17 09:25:00,267] {base.py:79} INFO - Using connection to: id: postgres. Host: postgres, Port: 5432, Schema: postgres, Login: ***, Password: ***, extra: {}
[2022-07-17 09:25:00,271] {dbapi.py:225} INFO - Running statement: CALL dm.fill_f101_round_f (%(date)s::date);, parameters: {'date': '2018-01-7'}
[2022-07-17 09:25:00,835] {taskinstance.py:1277} INFO - Marking task as SUCCESS. dag_id=DM-COUNT-f101_round_f, task_id=count_f101-7, execution_date=20220716T092429, start_date=20220717T092457, end_date=20220717T092500
[2022-07-17 09:25:00,984] {local_task_job.py:154} INFO - Task exited with return code 0
[2022-07-17 09:25:01,400] {local_task_job.py:264} INFO - 0 downstream tasks scheduled from follow-on schedule check
