[2022-06-21 14:27:39,546] {taskinstance.py:1032} INFO - Dependencies all met for <TaskInstance: DM-COUNT-account-turnover.START_COUNT_BY_DAY_4 manual__2022-06-21T14:27:29.808157+00:00 [queued]>
[2022-06-21 14:27:39,597] {taskinstance.py:1032} INFO - Dependencies all met for <TaskInstance: DM-COUNT-account-turnover.START_COUNT_BY_DAY_4 manual__2022-06-21T14:27:29.808157+00:00 [queued]>
[2022-06-21 14:27:39,597] {taskinstance.py:1238} INFO - 
--------------------------------------------------------------------------------
[2022-06-21 14:27:39,597] {taskinstance.py:1239} INFO - Starting attempt 1 of 2
[2022-06-21 14:27:39,597] {taskinstance.py:1240} INFO - 
--------------------------------------------------------------------------------
[2022-06-21 14:27:39,657] {taskinstance.py:1259} INFO - Executing <Task(PostgresOperator): START_COUNT_BY_DAY_4> on 2022-06-21 14:27:29.808157+00:00
[2022-06-21 14:27:39,685] {standard_task_runner.py:52} INFO - Started process 2310 to run task
[2022-06-21 14:27:39,721] {standard_task_runner.py:76} INFO - Running: ['***', 'tasks', 'run', 'DM-COUNT-account-turnover', 'START_COUNT_BY_DAY_4', 'manual__2022-06-21T14:27:29.808157+00:00', '--job-id', '689', '--raw', '--subdir', 'DAGS_FOLDER/dm_fill_account_turnover.py', '--cfg-path', '/tmp/tmp2pa8ek17', '--error-file', '/tmp/tmpmtnl6y2c']
[2022-06-21 14:27:39,722] {standard_task_runner.py:77} INFO - Job 689: Subtask START_COUNT_BY_DAY_4
[2022-06-21 14:27:40,057] {logging_mixin.py:109} INFO - Running <TaskInstance: DM-COUNT-account-turnover.START_COUNT_BY_DAY_4 manual__2022-06-21T14:27:29.808157+00:00 [running]> on host c087b85f9f15
[2022-06-21 14:27:40,303] {taskinstance.py:1426} INFO - Exporting the following env vars:
AIRFLOW_CTX_DAG_OWNER=***
AIRFLOW_CTX_DAG_ID=DM-COUNT-account-turnover
AIRFLOW_CTX_TASK_ID=START_COUNT_BY_DAY_4
AIRFLOW_CTX_EXECUTION_DATE=2022-06-21T14:27:29.808157+00:00
AIRFLOW_CTX_DAG_RUN_ID=manual__2022-06-21T14:27:29.808157+00:00
[2022-06-21 14:27:40,330] {base.py:79} INFO - Using connection to: id: postgres. Host: postgres, Port: 5432, Schema: postgres, Login: ***, Password: ***, extra: {}
[2022-06-21 14:27:40,344] {dbapi.py:225} INFO - Running statement: CALL ds.fill_account_turnover_f (%(date)s::date);, parameters: {'date': '2018-01-4'}
[2022-06-21 14:27:40,684] {taskinstance.py:1277} INFO - Marking task as SUCCESS. dag_id=DM-COUNT-account-turnover, task_id=START_COUNT_BY_DAY_4, execution_date=20220621T142729, start_date=20220621T142739, end_date=20220621T142740
[2022-06-21 14:27:40,774] {local_task_job.py:154} INFO - Task exited with return code 0
[2022-06-21 14:27:41,380] {local_task_job.py:264} INFO - 0 downstream tasks scheduled from follow-on schedule check
