[2022-06-12 21:41:45,707] {taskinstance.py:1159} INFO - Dependencies all met for <TaskInstance: CSV_TO_DS.SEND_DS_ft_balance_f manual__2022-06-12T21:41:42.493238+00:00 [queued]>
[2022-06-12 21:41:45,717] {taskinstance.py:1159} INFO - Dependencies all met for <TaskInstance: CSV_TO_DS.SEND_DS_ft_balance_f manual__2022-06-12T21:41:42.493238+00:00 [queued]>
[2022-06-12 21:41:45,717] {taskinstance.py:1356} INFO - 
--------------------------------------------------------------------------------
[2022-06-12 21:41:45,717] {taskinstance.py:1357} INFO - Starting attempt 1 of 2
[2022-06-12 21:41:45,717] {taskinstance.py:1358} INFO - 
--------------------------------------------------------------------------------
[2022-06-12 21:41:45,730] {taskinstance.py:1377} INFO - Executing <Task(PythonOperator): SEND_DS_ft_balance_f> on 2022-06-12 21:41:42.493238+00:00
[2022-06-12 21:41:45,736] {standard_task_runner.py:52} INFO - Started process 2070 to run task
[2022-06-12 21:41:45,739] {standard_task_runner.py:79} INFO - Running: ['***', 'tasks', 'run', 'CSV_TO_DS', 'SEND_DS_ft_balance_f', 'manual__2022-06-12T21:41:42.493238+00:00', '--job-id', '20', '--raw', '--subdir', 'DAGS_FOLDER/csv_to_ds.py', '--cfg-path', '/tmp/tmp5lboa00t', '--error-file', '/tmp/tmpjdyxatfs']
[2022-06-12 21:41:45,740] {standard_task_runner.py:80} INFO - Job 20: Subtask SEND_DS_ft_balance_f
[2022-06-12 21:41:45,795] {task_command.py:370} INFO - Running <TaskInstance: CSV_TO_DS.SEND_DS_ft_balance_f manual__2022-06-12T21:41:42.493238+00:00 [running]> on host 0088cb39c00f
[2022-06-12 21:41:45,889] {taskinstance.py:1571} INFO - Exporting the following env vars:
AIRFLOW_CTX_DAG_OWNER=***
AIRFLOW_CTX_DAG_ID=CSV_TO_DS
AIRFLOW_CTX_TASK_ID=SEND_DS_ft_balance_f
AIRFLOW_CTX_EXECUTION_DATE=2022-06-12T21:41:42.493238+00:00
AIRFLOW_CTX_TRY_NUMBER=1
AIRFLOW_CTX_DAG_RUN_ID=manual__2022-06-12T21:41:42.493238+00:00
[2022-06-12 21:41:45,900] {base.py:68} INFO - Using connection ID 'postgres' for task execution.
[2022-06-12 21:41:45,900] {csv_to_ds.py:42} INFO - ***, ***, postgres, 5432, postgres
[2022-06-12 21:41:46,008] {csv_to_ds.py:95} INFO - Column on_date changed date-time format
[2022-06-12 21:41:46,008] {csv_to_ds.py:102} INFO - Table ft_balance_f read in pandas success.
[2022-06-12 21:41:46,024] {csv_to_ds.py:103} INFO - 
      on_date  account_rk  currency_rk  balance_out
0 2017-12-31    36237725           35     38318.14
1 2017-12-31       24656           35     80533.62
2 2017-12-31    18849846           34     63891.96
3 2017-12-31     1972647           34     87732.10
4 2017-12-31    34157174           34     97806.90
[2022-06-12 21:41:46,046] {csv_to_ds.py:110} INFO - (psycopg2.errors.InvalidSchemaName) schema "temp" does not exist
LINE 2: CREATE TABLE temp.ft_balance_f (
                     ^

[SQL: 
CREATE TABLE temp.ft_balance_f (
	on_date TIMESTAMP WITHOUT TIME ZONE, 
	account_rk BIGINT, 
	currency_rk BIGINT, 
	balance_out FLOAT(53)
)

]
(Background on this error at: http://sqlalche.me/e/14/f405)
[2022-06-12 21:41:51,068] {python.py:173} INFO - Done. Returned value was: None
[2022-06-12 21:41:51,079] {taskinstance.py:1400} INFO - Marking task as SUCCESS. dag_id=CSV_TO_DS, task_id=SEND_DS_ft_balance_f, execution_date=20220612T214142, start_date=20220612T214145, end_date=20220612T214151
[2022-06-12 21:41:51,097] {local_task_job.py:156} INFO - Task exited with return code 0
[2022-06-12 21:41:51,122] {local_task_job.py:273} INFO - 1 downstream tasks scheduled from follow-on schedule check
