[2022-06-21 14:22:54,710] {taskinstance.py:1032} INFO - Dependencies all met for <TaskInstance: DM-COUNT-account-turnover.START_COUNT_BY_DAY_15 manual__2022-06-21T14:22:49.367507+00:00 [queued]>
[2022-06-21 14:22:54,787] {taskinstance.py:1032} INFO - Dependencies all met for <TaskInstance: DM-COUNT-account-turnover.START_COUNT_BY_DAY_15 manual__2022-06-21T14:22:49.367507+00:00 [queued]>
[2022-06-21 14:22:54,787] {taskinstance.py:1238} INFO - 
--------------------------------------------------------------------------------
[2022-06-21 14:22:54,787] {taskinstance.py:1239} INFO - Starting attempt 1 of 2
[2022-06-21 14:22:54,787] {taskinstance.py:1240} INFO - 
--------------------------------------------------------------------------------
[2022-06-21 14:22:54,843] {taskinstance.py:1259} INFO - Executing <Task(PostgresOperator): START_COUNT_BY_DAY_15> on 2022-06-21 14:22:49.367507+00:00
[2022-06-21 14:22:54,874] {standard_task_runner.py:76} INFO - Running: ['***', 'tasks', 'run', 'DM-COUNT-account-turnover', 'START_COUNT_BY_DAY_15', 'manual__2022-06-21T14:22:49.367507+00:00', '--job-id', '607', '--raw', '--subdir', 'DAGS_FOLDER/dm_fill_account_turnover.py', '--cfg-path', '/tmp/tmplsmtgsqi', '--error-file', '/tmp/tmpenq3vtde']
[2022-06-21 14:22:54,883] {standard_task_runner.py:77} INFO - Job 607: Subtask START_COUNT_BY_DAY_15
[2022-06-21 14:22:54,859] {standard_task_runner.py:52} INFO - Started process 1853 to run task
[2022-06-21 14:22:55,110] {logging_mixin.py:109} INFO - Running <TaskInstance: DM-COUNT-account-turnover.START_COUNT_BY_DAY_15 manual__2022-06-21T14:22:49.367507+00:00 [running]> on host c087b85f9f15
[2022-06-21 14:22:55,288] {taskinstance.py:1426} INFO - Exporting the following env vars:
AIRFLOW_CTX_DAG_OWNER=***
AIRFLOW_CTX_DAG_ID=DM-COUNT-account-turnover
AIRFLOW_CTX_TASK_ID=START_COUNT_BY_DAY_15
AIRFLOW_CTX_EXECUTION_DATE=2022-06-21T14:22:49.367507+00:00
AIRFLOW_CTX_DAG_RUN_ID=manual__2022-06-21T14:22:49.367507+00:00
[2022-06-21 14:22:55,302] {base.py:79} INFO - Using connection to: id: postgres. Host: postgres, Port: 5432, Schema: postgres, Login: ***, Password: ***, extra: {}
[2022-06-21 14:22:55,316] {dbapi.py:225} INFO - Running statement: CALL ds.fill_account_turnover_f (%(date)s::date);, parameters: {'date': '2018-01-15'}
[2022-06-21 14:22:55,978] {taskinstance.py:1277} INFO - Marking task as SUCCESS. dag_id=DM-COUNT-account-turnover, task_id=START_COUNT_BY_DAY_15, execution_date=20220621T142249, start_date=20220621T142254, end_date=20220621T142255
[2022-06-21 14:22:56,050] {local_task_job.py:154} INFO - Task exited with return code 0
[2022-06-21 14:22:56,560] {local_task_job.py:264} INFO - 0 downstream tasks scheduled from follow-on schedule check
