[2022-06-22 19:31:45,138] {taskinstance.py:1032} INFO - Dependencies all met for <TaskInstance: DM-COUNT-f101_round_f.count_f101-28 scheduled__2022-06-21T16:20:07.188456+00:00 [queued]>
[2022-06-22 19:31:45,243] {taskinstance.py:1032} INFO - Dependencies all met for <TaskInstance: DM-COUNT-f101_round_f.count_f101-28 scheduled__2022-06-21T16:20:07.188456+00:00 [queued]>
[2022-06-22 19:31:45,243] {taskinstance.py:1238} INFO - 
--------------------------------------------------------------------------------
[2022-06-22 19:31:45,243] {taskinstance.py:1239} INFO - Starting attempt 1 of 2
[2022-06-22 19:31:45,243] {taskinstance.py:1240} INFO - 
--------------------------------------------------------------------------------
[2022-06-22 19:31:45,323] {taskinstance.py:1259} INFO - Executing <Task(PostgresOperator): count_f101-28> on 2022-06-21 16:20:07.188456+00:00
[2022-06-22 19:31:45,327] {standard_task_runner.py:52} INFO - Started process 119 to run task
[2022-06-22 19:31:45,362] {standard_task_runner.py:76} INFO - Running: ['***', 'tasks', 'run', 'DM-COUNT-f101_round_f', 'count_f101-28', 'scheduled__2022-06-21T16:20:07.188456+00:00', '--job-id', '1118', '--raw', '--subdir', 'DAGS_FOLDER/f_101_round_f.py', '--cfg-path', '/tmp/tmpqd0zctv9', '--error-file', '/tmp/tmp4wewvigy']
[2022-06-22 19:31:45,362] {standard_task_runner.py:77} INFO - Job 1118: Subtask count_f101-28
[2022-06-22 19:31:45,471] {logging_mixin.py:109} INFO - Running <TaskInstance: DM-COUNT-f101_round_f.count_f101-28 scheduled__2022-06-21T16:20:07.188456+00:00 [running]> on host bc39be91d060
[2022-06-22 19:31:45,626] {taskinstance.py:1426} INFO - Exporting the following env vars:
AIRFLOW_CTX_DAG_OWNER=***
AIRFLOW_CTX_DAG_ID=DM-COUNT-f101_round_f
AIRFLOW_CTX_TASK_ID=count_f101-28
AIRFLOW_CTX_EXECUTION_DATE=2022-06-21T16:20:07.188456+00:00
AIRFLOW_CTX_DAG_RUN_ID=scheduled__2022-06-21T16:20:07.188456+00:00
[2022-06-22 19:31:45,661] {base.py:79} INFO - Using connection to: id: postgres. Host: postgres, Port: 5432, Schema: postgres, Login: ***, Password: ***, extra: {}
[2022-06-22 19:31:45,673] {dbapi.py:225} INFO - Running statement: CALL dm.fill_f101_round_f (%(date)s::date);, parameters: {'date': '2018-01-28'}
[2022-06-22 19:31:46,526] {taskinstance.py:1277} INFO - Marking task as SUCCESS. dag_id=DM-COUNT-f101_round_f, task_id=count_f101-28, execution_date=20220621T162007, start_date=20220622T193145, end_date=20220622T193146
[2022-06-22 19:31:46,610] {local_task_job.py:154} INFO - Task exited with return code 0
[2022-06-22 19:31:47,472] {local_task_job.py:264} INFO - 0 downstream tasks scheduled from follow-on schedule check
