[2022-06-19 16:20:18,867] {taskinstance.py:1032} INFO - Dependencies all met for <TaskInstance: DM-COUNT-f101_round_f.count_f101-3 scheduled__2022-06-18T16:20:07.188456+00:00 [queued]>
[2022-06-19 16:20:18,882] {taskinstance.py:1032} INFO - Dependencies all met for <TaskInstance: DM-COUNT-f101_round_f.count_f101-3 scheduled__2022-06-18T16:20:07.188456+00:00 [queued]>
[2022-06-19 16:20:18,882] {taskinstance.py:1238} INFO - 
--------------------------------------------------------------------------------
[2022-06-19 16:20:18,882] {taskinstance.py:1239} INFO - Starting attempt 1 of 2
[2022-06-19 16:20:18,882] {taskinstance.py:1240} INFO - 
--------------------------------------------------------------------------------
[2022-06-19 16:20:18,911] {taskinstance.py:1259} INFO - Executing <Task(PostgresOperator): count_f101-3> on 2022-06-18 16:20:07.188456+00:00
[2022-06-19 16:20:18,915] {standard_task_runner.py:52} INFO - Started process 1602 to run task
[2022-06-19 16:20:18,923] {standard_task_runner.py:76} INFO - Running: ['***', 'tasks', 'run', 'DM-COUNT-f101_round_f', 'count_f101-3', 'scheduled__2022-06-18T16:20:07.188456+00:00', '--job-id', '380', '--raw', '--subdir', 'DAGS_FOLDER/f_101_round_f.py', '--cfg-path', '/tmp/tmpj9b9ltru', '--error-file', '/tmp/tmp8cjgtw24']
[2022-06-19 16:20:18,924] {standard_task_runner.py:77} INFO - Job 380: Subtask count_f101-3
[2022-06-19 16:20:19,006] {logging_mixin.py:109} INFO - Running <TaskInstance: DM-COUNT-f101_round_f.count_f101-3 scheduled__2022-06-18T16:20:07.188456+00:00 [running]> on host c087b85f9f15
[2022-06-19 16:20:19,082] {taskinstance.py:1426} INFO - Exporting the following env vars:
AIRFLOW_CTX_DAG_OWNER=***
AIRFLOW_CTX_DAG_ID=DM-COUNT-f101_round_f
AIRFLOW_CTX_TASK_ID=count_f101-3
AIRFLOW_CTX_EXECUTION_DATE=2022-06-18T16:20:07.188456+00:00
AIRFLOW_CTX_DAG_RUN_ID=scheduled__2022-06-18T16:20:07.188456+00:00
[2022-06-19 16:20:19,093] {base.py:79} INFO - Using connection to: id: postgres. Host: postgres, Port: 5432, Schema: postgres, Login: ***, Password: ***, extra: {}
[2022-06-19 16:20:19,106] {dbapi.py:225} INFO - Running statement: CALL dm.fill_f101_round_f (%(date)s::date);, parameters: {'date': '2018-01-3'}
[2022-06-19 16:20:19,226] {taskinstance.py:1277} INFO - Marking task as SUCCESS. dag_id=DM-COUNT-f101_round_f, task_id=count_f101-3, execution_date=20220618T162007, start_date=20220619T162018, end_date=20220619T162019
[2022-06-19 16:20:19,297] {local_task_job.py:154} INFO - Task exited with return code 0
[2022-06-19 16:20:19,499] {local_task_job.py:264} INFO - 0 downstream tasks scheduled from follow-on schedule check
