[2022-06-19 16:20:19,053] {taskinstance.py:1032} INFO - Dependencies all met for <TaskInstance: DM-COUNT-f101_round_f.count_f101-10 scheduled__2022-06-18T16:20:07.188456+00:00 [queued]>
[2022-06-19 16:20:19,070] {taskinstance.py:1032} INFO - Dependencies all met for <TaskInstance: DM-COUNT-f101_round_f.count_f101-10 scheduled__2022-06-18T16:20:07.188456+00:00 [queued]>
[2022-06-19 16:20:19,070] {taskinstance.py:1238} INFO - 
--------------------------------------------------------------------------------
[2022-06-19 16:20:19,070] {taskinstance.py:1239} INFO - Starting attempt 1 of 2
[2022-06-19 16:20:19,070] {taskinstance.py:1240} INFO - 
--------------------------------------------------------------------------------
[2022-06-19 16:20:19,093] {taskinstance.py:1259} INFO - Executing <Task(PostgresOperator): count_f101-10> on 2022-06-18 16:20:07.188456+00:00
[2022-06-19 16:20:19,098] {standard_task_runner.py:52} INFO - Started process 1605 to run task
[2022-06-19 16:20:19,102] {standard_task_runner.py:76} INFO - Running: ['***', 'tasks', 'run', 'DM-COUNT-f101_round_f', 'count_f101-10', 'scheduled__2022-06-18T16:20:07.188456+00:00', '--job-id', '382', '--raw', '--subdir', 'DAGS_FOLDER/f_101_round_f.py', '--cfg-path', '/tmp/tmp91t0e5cv', '--error-file', '/tmp/tmpviy8itlv']
[2022-06-19 16:20:19,104] {standard_task_runner.py:77} INFO - Job 382: Subtask count_f101-10
[2022-06-19 16:20:19,219] {logging_mixin.py:109} INFO - Running <TaskInstance: DM-COUNT-f101_round_f.count_f101-10 scheduled__2022-06-18T16:20:07.188456+00:00 [running]> on host c087b85f9f15
[2022-06-19 16:20:19,331] {taskinstance.py:1426} INFO - Exporting the following env vars:
AIRFLOW_CTX_DAG_OWNER=***
AIRFLOW_CTX_DAG_ID=DM-COUNT-f101_round_f
AIRFLOW_CTX_TASK_ID=count_f101-10
AIRFLOW_CTX_EXECUTION_DATE=2022-06-18T16:20:07.188456+00:00
AIRFLOW_CTX_DAG_RUN_ID=scheduled__2022-06-18T16:20:07.188456+00:00
[2022-06-19 16:20:19,346] {base.py:79} INFO - Using connection to: id: postgres. Host: postgres, Port: 5432, Schema: postgres, Login: ***, Password: ***, extra: {}
[2022-06-19 16:20:19,350] {dbapi.py:225} INFO - Running statement: CALL dm.fill_f101_round_f (%(date)s::date);, parameters: {'date': '2018-01-10'}
[2022-06-19 16:20:19,500] {taskinstance.py:1277} INFO - Marking task as SUCCESS. dag_id=DM-COUNT-f101_round_f, task_id=count_f101-10, execution_date=20220618T162007, start_date=20220619T162019, end_date=20220619T162019
[2022-06-19 16:20:19,534] {local_task_job.py:154} INFO - Task exited with return code 0
[2022-06-19 16:20:19,591] {local_task_job.py:264} INFO - 0 downstream tasks scheduled from follow-on schedule check
