[2022-06-26 21:17:35,507] {taskinstance.py:1032} INFO - Dependencies all met for <TaskInstance: DM-COUNT-f101_round_f.count_f101-20 scheduled__2022-06-25T19:47:05.358363+00:00 [queued]>
[2022-06-26 21:17:35,553] {taskinstance.py:1032} INFO - Dependencies all met for <TaskInstance: DM-COUNT-f101_round_f.count_f101-20 scheduled__2022-06-25T19:47:05.358363+00:00 [queued]>
[2022-06-26 21:17:35,554] {taskinstance.py:1238} INFO - 
--------------------------------------------------------------------------------
[2022-06-26 21:17:35,554] {taskinstance.py:1239} INFO - Starting attempt 1 of 2
[2022-06-26 21:17:35,554] {taskinstance.py:1240} INFO - 
--------------------------------------------------------------------------------
[2022-06-26 21:17:35,609] {taskinstance.py:1259} INFO - Executing <Task(PostgresOperator): count_f101-20> on 2022-06-25 19:47:05.358363+00:00
[2022-06-26 21:17:35,616] {standard_task_runner.py:52} INFO - Started process 266 to run task
[2022-06-26 21:17:35,686] {standard_task_runner.py:76} INFO - Running: ['***', 'tasks', 'run', 'DM-COUNT-f101_round_f', 'count_f101-20', 'scheduled__2022-06-25T19:47:05.358363+00:00', '--job-id', '1479', '--raw', '--subdir', 'DAGS_FOLDER/f_101_round_f.py', '--cfg-path', '/tmp/tmpps8hwtfx', '--error-file', '/tmp/tmp7m4q_kvt']
[2022-06-26 21:17:35,690] {standard_task_runner.py:77} INFO - Job 1479: Subtask count_f101-20
[2022-06-26 21:17:36,019] {logging_mixin.py:109} INFO - Running <TaskInstance: DM-COUNT-f101_round_f.count_f101-20 scheduled__2022-06-25T19:47:05.358363+00:00 [running]> on host 8dd6b2950340
[2022-06-26 21:17:36,347] {taskinstance.py:1426} INFO - Exporting the following env vars:
AIRFLOW_CTX_DAG_OWNER=***
AIRFLOW_CTX_DAG_ID=DM-COUNT-f101_round_f
AIRFLOW_CTX_TASK_ID=count_f101-20
AIRFLOW_CTX_EXECUTION_DATE=2022-06-25T19:47:05.358363+00:00
AIRFLOW_CTX_DAG_RUN_ID=scheduled__2022-06-25T19:47:05.358363+00:00
[2022-06-26 21:17:36,400] {base.py:79} INFO - Using connection to: id: postgres. Host: postgres, Port: 5432, Schema: postgres, Login: ***, Password: ***, extra: {}
[2022-06-26 21:17:36,435] {dbapi.py:225} INFO - Running statement: CALL dm.fill_f101_round_f (%(date)s::date);, parameters: {'date': '2018-01-20'}
[2022-06-26 21:17:36,727] {taskinstance.py:1277} INFO - Marking task as SUCCESS. dag_id=DM-COUNT-f101_round_f, task_id=count_f101-20, execution_date=20220625T194705, start_date=20220626T211735, end_date=20220626T211736
[2022-06-26 21:17:36,858] {local_task_job.py:154} INFO - Task exited with return code 0
[2022-06-26 21:17:37,260] {local_task_job.py:264} INFO - 0 downstream tasks scheduled from follow-on schedule check
