[2022-06-18 15:14:19,165] {taskinstance.py:1032} INFO - Dependencies all met for <TaskInstance: DM-COUNT-account-turnover.START_COUNT_BY_DAY_26 manual__2022-06-18T15:14:12.504350+00:00 [queued]>
[2022-06-18 15:14:19,226] {taskinstance.py:1032} INFO - Dependencies all met for <TaskInstance: DM-COUNT-account-turnover.START_COUNT_BY_DAY_26 manual__2022-06-18T15:14:12.504350+00:00 [queued]>
[2022-06-18 15:14:19,226] {taskinstance.py:1238} INFO - 
--------------------------------------------------------------------------------
[2022-06-18 15:14:19,226] {taskinstance.py:1239} INFO - Starting attempt 1 of 2
[2022-06-18 15:14:19,226] {taskinstance.py:1240} INFO - 
--------------------------------------------------------------------------------
[2022-06-18 15:14:19,293] {taskinstance.py:1259} INFO - Executing <Task(PostgresOperator): START_COUNT_BY_DAY_26> on 2022-06-18 15:14:12.504350+00:00
[2022-06-18 15:14:19,297] {standard_task_runner.py:52} INFO - Started process 1727 to run task
[2022-06-18 15:14:19,364] {standard_task_runner.py:76} INFO - Running: ['***', 'tasks', 'run', 'DM-COUNT-account-turnover', 'START_COUNT_BY_DAY_26', 'manual__2022-06-18T15:14:12.504350+00:00', '--job-id', '128', '--raw', '--subdir', 'DAGS_FOLDER/dm_fill_account_turnover.py', '--cfg-path', '/tmp/tmpxp9sbekm', '--error-file', '/tmp/tmpd41rr96c']
[2022-06-18 15:14:19,374] {standard_task_runner.py:77} INFO - Job 128: Subtask START_COUNT_BY_DAY_26
[2022-06-18 15:14:19,899] {logging_mixin.py:109} INFO - Running <TaskInstance: DM-COUNT-account-turnover.START_COUNT_BY_DAY_26 manual__2022-06-18T15:14:12.504350+00:00 [running]> on host 191dd4d3d1ba
[2022-06-18 15:14:20,380] {taskinstance.py:1426} INFO - Exporting the following env vars:
AIRFLOW_CTX_DAG_OWNER=***
AIRFLOW_CTX_DAG_ID=DM-COUNT-account-turnover
AIRFLOW_CTX_TASK_ID=START_COUNT_BY_DAY_26
AIRFLOW_CTX_EXECUTION_DATE=2022-06-18T15:14:12.504350+00:00
AIRFLOW_CTX_DAG_RUN_ID=manual__2022-06-18T15:14:12.504350+00:00
[2022-06-18 15:14:20,431] {base.py:79} INFO - Using connection to: id: postgres. Host: postgres, Port: 5432, Schema: postgres, Login: ***, Password: ***, extra: {}
[2022-06-18 15:14:20,445] {dbapi.py:225} INFO - Running statement: CALL ds.fill_account_turnover_f (%(date)s::date);, parameters: {'date': '2018-01-26'}
[2022-06-18 15:14:20,712] {taskinstance.py:1277} INFO - Marking task as SUCCESS. dag_id=DM-COUNT-account-turnover, task_id=START_COUNT_BY_DAY_26, execution_date=20220618T151412, start_date=20220618T151419, end_date=20220618T151420
[2022-06-18 15:14:20,784] {local_task_job.py:154} INFO - Task exited with return code 0
[2022-06-18 15:14:21,198] {local_task_job.py:264} INFO - 0 downstream tasks scheduled from follow-on schedule check
