[2022-07-18 13:42:23,358] {processor.py:163} INFO - Started process (PID=58) to work on /opt/airflow/dags/csv_to_ds.py
[2022-07-18 13:42:23,376] {processor.py:642} INFO - Processing file /opt/airflow/dags/csv_to_ds.py for tasks to queue
[2022-07-18 13:42:23,376] {logging_mixin.py:109} INFO - [2022-07-18 13:42:23,376] {dagbag.py:500} INFO - Filling up the DagBag from /opt/airflow/dags/csv_to_ds.py
[2022-07-18 13:42:23,512] {logging_mixin.py:109} INFO - [2022-07-18 13:42:23,512] {base.py:79} INFO - Using connection to: id: postgres. Host: postgres, Port: 5432, Schema: postgres, Login: airflow, Password: airflow, extra: {}
[2022-07-18 13:42:24,859] {logging_mixin.py:109} INFO - [2022-07-18 13:42:24,857] {dagbag.py:334} ERROR - Failed to import: /opt/airflow/dags/csv_to_ds.py
Traceback (most recent call last):
  File "/home/airflow/.local/lib/python3.7/site-packages/airflow/models/dagbag.py", line 331, in _load_modules_from_file
    loader.exec_module(new_module)
  File "<frozen importlib._bootstrap_external>", line 728, in exec_module
  File "<frozen importlib._bootstrap>", line 219, in _call_with_frames_removed
  File "/opt/airflow/dags/csv_to_ds.py", line 7, in <module>
    import core
  File "/usr/local/lib/python3.7/site-packages/core/__init__.py", line 6, in <module>
    from core.Mirror import Mirror
  File "/usr/local/lib/python3.7/site-packages/core/Mirror.py", line 2, in <module>
    from pyspark.sql import SparkSession
ModuleNotFoundError: No module named 'pyspark'
[2022-07-18 13:42:24,863] {processor.py:690} INFO - Deactivated 1 DAGs which are no longer present in /opt/airflow/dags/csv_to_ds.py
[2022-07-18 13:42:24,863] {processor.py:656} WARNING - No viable dags retrieved from /opt/airflow/dags/csv_to_ds.py
[2022-07-18 13:42:24,880] {processor.py:171} INFO - Processing /opt/airflow/dags/csv_to_ds.py took 1.539 seconds
[2022-07-18 13:42:55,560] {processor.py:163} INFO - Started process (PID=112) to work on /opt/airflow/dags/csv_to_ds.py
[2022-07-18 13:42:55,564] {processor.py:642} INFO - Processing file /opt/airflow/dags/csv_to_ds.py for tasks to queue
[2022-07-18 13:42:55,564] {logging_mixin.py:109} INFO - [2022-07-18 13:42:55,564] {dagbag.py:500} INFO - Filling up the DagBag from /opt/airflow/dags/csv_to_ds.py
[2022-07-18 13:42:55,589] {logging_mixin.py:109} INFO - [2022-07-18 13:42:55,589] {base.py:79} INFO - Using connection to: id: postgres. Host: postgres, Port: 5432, Schema: postgres, Login: airflow, Password: airflow, extra: {}
[2022-07-18 13:42:55,987] {logging_mixin.py:109} INFO - [2022-07-18 13:42:55,986] {dagbag.py:334} ERROR - Failed to import: /opt/airflow/dags/csv_to_ds.py
Traceback (most recent call last):
  File "/home/airflow/.local/lib/python3.7/site-packages/airflow/models/dagbag.py", line 331, in _load_modules_from_file
    loader.exec_module(new_module)
  File "<frozen importlib._bootstrap_external>", line 728, in exec_module
  File "<frozen importlib._bootstrap>", line 219, in _call_with_frames_removed
  File "/opt/airflow/dags/csv_to_ds.py", line 7, in <module>
    import core
  File "/usr/local/lib/python3.7/site-packages/core/__init__.py", line 6, in <module>
    from core.Mirror import Mirror
  File "/usr/local/lib/python3.7/site-packages/core/Mirror.py", line 2, in <module>
    from pyspark.sql import SparkSession
ModuleNotFoundError: No module named 'pyspark'
[2022-07-18 13:42:55,990] {processor.py:656} WARNING - No viable dags retrieved from /opt/airflow/dags/csv_to_ds.py
[2022-07-18 13:42:55,997] {processor.py:171} INFO - Processing /opt/airflow/dags/csv_to_ds.py took 0.440 seconds
[2022-07-18 13:43:26,276] {processor.py:163} INFO - Started process (PID=175) to work on /opt/airflow/dags/csv_to_ds.py
[2022-07-18 13:43:26,279] {processor.py:642} INFO - Processing file /opt/airflow/dags/csv_to_ds.py for tasks to queue
[2022-07-18 13:43:26,279] {logging_mixin.py:109} INFO - [2022-07-18 13:43:26,279] {dagbag.py:500} INFO - Filling up the DagBag from /opt/airflow/dags/csv_to_ds.py
[2022-07-18 13:43:26,303] {logging_mixin.py:109} INFO - [2022-07-18 13:43:26,303] {base.py:79} INFO - Using connection to: id: postgres. Host: postgres, Port: 5432, Schema: postgres, Login: airflow, Password: airflow, extra: {}
[2022-07-18 13:43:26,680] {logging_mixin.py:109} INFO - [2022-07-18 13:43:26,679] {dagbag.py:334} ERROR - Failed to import: /opt/airflow/dags/csv_to_ds.py
Traceback (most recent call last):
  File "/home/airflow/.local/lib/python3.7/site-packages/airflow/models/dagbag.py", line 331, in _load_modules_from_file
    loader.exec_module(new_module)
  File "<frozen importlib._bootstrap_external>", line 728, in exec_module
  File "<frozen importlib._bootstrap>", line 219, in _call_with_frames_removed
  File "/opt/airflow/dags/csv_to_ds.py", line 7, in <module>
    import core
  File "/usr/local/lib/python3.7/site-packages/core/__init__.py", line 6, in <module>
    from core.Mirror import Mirror
  File "/usr/local/lib/python3.7/site-packages/core/Mirror.py", line 2, in <module>
    from pyspark.sql import SparkSession
ModuleNotFoundError: No module named 'pyspark'
[2022-07-18 13:43:26,683] {processor.py:656} WARNING - No viable dags retrieved from /opt/airflow/dags/csv_to_ds.py
[2022-07-18 13:43:26,690] {processor.py:171} INFO - Processing /opt/airflow/dags/csv_to_ds.py took 0.418 seconds
[2022-07-18 13:43:57,093] {processor.py:163} INFO - Started process (PID=230) to work on /opt/airflow/dags/csv_to_ds.py
[2022-07-18 13:43:57,095] {processor.py:642} INFO - Processing file /opt/airflow/dags/csv_to_ds.py for tasks to queue
[2022-07-18 13:43:57,095] {logging_mixin.py:109} INFO - [2022-07-18 13:43:57,095] {dagbag.py:500} INFO - Filling up the DagBag from /opt/airflow/dags/csv_to_ds.py
[2022-07-18 13:43:57,119] {logging_mixin.py:109} INFO - [2022-07-18 13:43:57,118] {base.py:79} INFO - Using connection to: id: postgres. Host: postgres, Port: 5432, Schema: postgres, Login: airflow, Password: airflow, extra: {}
[2022-07-18 13:43:57,529] {logging_mixin.py:109} INFO - [2022-07-18 13:43:57,528] {dagbag.py:334} ERROR - Failed to import: /opt/airflow/dags/csv_to_ds.py
Traceback (most recent call last):
  File "/home/airflow/.local/lib/python3.7/site-packages/airflow/models/dagbag.py", line 331, in _load_modules_from_file
    loader.exec_module(new_module)
  File "<frozen importlib._bootstrap_external>", line 728, in exec_module
  File "<frozen importlib._bootstrap>", line 219, in _call_with_frames_removed
  File "/opt/airflow/dags/csv_to_ds.py", line 7, in <module>
    import core
  File "/usr/local/lib/python3.7/site-packages/core/__init__.py", line 6, in <module>
    from core.Mirror import Mirror
  File "/usr/local/lib/python3.7/site-packages/core/Mirror.py", line 2, in <module>
    from pyspark.sql import SparkSession
ModuleNotFoundError: No module named 'pyspark'
[2022-07-18 13:43:57,532] {processor.py:656} WARNING - No viable dags retrieved from /opt/airflow/dags/csv_to_ds.py
[2022-07-18 13:43:57,539] {processor.py:171} INFO - Processing /opt/airflow/dags/csv_to_ds.py took 0.449 seconds
[2022-07-18 13:44:27,569] {processor.py:163} INFO - Started process (PID=292) to work on /opt/airflow/dags/csv_to_ds.py
[2022-07-18 13:44:27,570] {processor.py:642} INFO - Processing file /opt/airflow/dags/csv_to_ds.py for tasks to queue
[2022-07-18 13:44:27,570] {logging_mixin.py:109} INFO - [2022-07-18 13:44:27,570] {dagbag.py:500} INFO - Filling up the DagBag from /opt/airflow/dags/csv_to_ds.py
[2022-07-18 13:44:27,592] {logging_mixin.py:109} INFO - [2022-07-18 13:44:27,592] {base.py:79} INFO - Using connection to: id: postgres. Host: postgres, Port: 5432, Schema: postgres, Login: airflow, Password: airflow, extra: {}
[2022-07-18 13:44:27,997] {logging_mixin.py:109} INFO - [2022-07-18 13:44:27,996] {dagbag.py:334} ERROR - Failed to import: /opt/airflow/dags/csv_to_ds.py
Traceback (most recent call last):
  File "/home/airflow/.local/lib/python3.7/site-packages/airflow/models/dagbag.py", line 331, in _load_modules_from_file
    loader.exec_module(new_module)
  File "<frozen importlib._bootstrap_external>", line 728, in exec_module
  File "<frozen importlib._bootstrap>", line 219, in _call_with_frames_removed
  File "/opt/airflow/dags/csv_to_ds.py", line 7, in <module>
    import core
  File "/usr/local/lib/python3.7/site-packages/core/__init__.py", line 6, in <module>
    from core.Mirror import Mirror
  File "/usr/local/lib/python3.7/site-packages/core/Mirror.py", line 2, in <module>
    from pyspark.sql import SparkSession
ModuleNotFoundError: No module named 'pyspark'
[2022-07-18 13:44:28,000] {processor.py:656} WARNING - No viable dags retrieved from /opt/airflow/dags/csv_to_ds.py
[2022-07-18 13:44:28,006] {processor.py:171} INFO - Processing /opt/airflow/dags/csv_to_ds.py took 0.440 seconds
[2022-07-18 13:44:59,020] {processor.py:163} INFO - Started process (PID=355) to work on /opt/airflow/dags/csv_to_ds.py
[2022-07-18 13:44:59,021] {processor.py:642} INFO - Processing file /opt/airflow/dags/csv_to_ds.py for tasks to queue
[2022-07-18 13:44:59,022] {logging_mixin.py:109} INFO - [2022-07-18 13:44:59,021] {dagbag.py:500} INFO - Filling up the DagBag from /opt/airflow/dags/csv_to_ds.py
[2022-07-18 13:44:59,044] {logging_mixin.py:109} INFO - [2022-07-18 13:44:59,043] {base.py:79} INFO - Using connection to: id: postgres. Host: postgres, Port: 5432, Schema: postgres, Login: airflow, Password: airflow, extra: {}
[2022-07-18 13:44:59,471] {logging_mixin.py:109} INFO - [2022-07-18 13:44:59,470] {dagbag.py:334} ERROR - Failed to import: /opt/airflow/dags/csv_to_ds.py
Traceback (most recent call last):
  File "/home/airflow/.local/lib/python3.7/site-packages/airflow/models/dagbag.py", line 331, in _load_modules_from_file
    loader.exec_module(new_module)
  File "<frozen importlib._bootstrap_external>", line 728, in exec_module
  File "<frozen importlib._bootstrap>", line 219, in _call_with_frames_removed
  File "/opt/airflow/dags/csv_to_ds.py", line 7, in <module>
    import core
  File "/usr/local/lib/python3.7/site-packages/core/__init__.py", line 6, in <module>
    from core.Mirror import Mirror
  File "/usr/local/lib/python3.7/site-packages/core/Mirror.py", line 2, in <module>
    from pyspark.sql import SparkSession
ModuleNotFoundError: No module named 'pyspark'
[2022-07-18 13:44:59,474] {processor.py:656} WARNING - No viable dags retrieved from /opt/airflow/dags/csv_to_ds.py
[2022-07-18 13:44:59,480] {processor.py:171} INFO - Processing /opt/airflow/dags/csv_to_ds.py took 0.463 seconds
[2022-07-18 13:45:30,428] {processor.py:163} INFO - Started process (PID=409) to work on /opt/airflow/dags/csv_to_ds.py
[2022-07-18 13:45:30,429] {processor.py:642} INFO - Processing file /opt/airflow/dags/csv_to_ds.py for tasks to queue
[2022-07-18 13:45:30,430] {logging_mixin.py:109} INFO - [2022-07-18 13:45:30,430] {dagbag.py:500} INFO - Filling up the DagBag from /opt/airflow/dags/csv_to_ds.py
[2022-07-18 13:45:30,461] {logging_mixin.py:109} INFO - [2022-07-18 13:45:30,461] {base.py:79} INFO - Using connection to: id: postgres. Host: postgres, Port: 5432, Schema: postgres, Login: airflow, Password: airflow, extra: {}
[2022-07-18 13:45:30,808] {logging_mixin.py:109} INFO - [2022-07-18 13:45:30,807] {dagbag.py:334} ERROR - Failed to import: /opt/airflow/dags/csv_to_ds.py
Traceback (most recent call last):
  File "/home/airflow/.local/lib/python3.7/site-packages/airflow/models/dagbag.py", line 331, in _load_modules_from_file
    loader.exec_module(new_module)
  File "<frozen importlib._bootstrap_external>", line 728, in exec_module
  File "<frozen importlib._bootstrap>", line 219, in _call_with_frames_removed
  File "/opt/airflow/dags/csv_to_ds.py", line 7, in <module>
    import core
  File "/usr/local/lib/python3.7/site-packages/core/__init__.py", line 6, in <module>
    from core.Mirror import Mirror
  File "/usr/local/lib/python3.7/site-packages/core/Mirror.py", line 2, in <module>
    from pyspark.sql import SparkSession
ModuleNotFoundError: No module named 'pyspark'
[2022-07-18 13:45:30,811] {processor.py:656} WARNING - No viable dags retrieved from /opt/airflow/dags/csv_to_ds.py
[2022-07-18 13:45:30,831] {processor.py:171} INFO - Processing /opt/airflow/dags/csv_to_ds.py took 0.405 seconds
[2022-07-18 13:46:00,878] {processor.py:163} INFO - Started process (PID=473) to work on /opt/airflow/dags/csv_to_ds.py
[2022-07-18 13:46:00,879] {processor.py:642} INFO - Processing file /opt/airflow/dags/csv_to_ds.py for tasks to queue
[2022-07-18 13:46:00,880] {logging_mixin.py:109} INFO - [2022-07-18 13:46:00,880] {dagbag.py:500} INFO - Filling up the DagBag from /opt/airflow/dags/csv_to_ds.py
[2022-07-18 13:46:00,902] {logging_mixin.py:109} INFO - [2022-07-18 13:46:00,902] {base.py:79} INFO - Using connection to: id: postgres. Host: postgres, Port: 5432, Schema: postgres, Login: airflow, Password: airflow, extra: {}
[2022-07-18 13:46:01,257] {logging_mixin.py:109} INFO - [2022-07-18 13:46:01,257] {dagbag.py:334} ERROR - Failed to import: /opt/airflow/dags/csv_to_ds.py
Traceback (most recent call last):
  File "/home/airflow/.local/lib/python3.7/site-packages/airflow/models/dagbag.py", line 331, in _load_modules_from_file
    loader.exec_module(new_module)
  File "<frozen importlib._bootstrap_external>", line 728, in exec_module
  File "<frozen importlib._bootstrap>", line 219, in _call_with_frames_removed
  File "/opt/airflow/dags/csv_to_ds.py", line 7, in <module>
    import core
  File "/usr/local/lib/python3.7/site-packages/core/__init__.py", line 6, in <module>
    from core.Mirror import Mirror
  File "/usr/local/lib/python3.7/site-packages/core/Mirror.py", line 2, in <module>
    from pyspark.sql import SparkSession
ModuleNotFoundError: No module named 'pyspark'
[2022-07-18 13:46:01,261] {processor.py:656} WARNING - No viable dags retrieved from /opt/airflow/dags/csv_to_ds.py
[2022-07-18 13:46:01,267] {processor.py:171} INFO - Processing /opt/airflow/dags/csv_to_ds.py took 0.391 seconds
[2022-07-18 13:46:32,247] {processor.py:163} INFO - Started process (PID=536) to work on /opt/airflow/dags/csv_to_ds.py
[2022-07-18 13:46:32,248] {processor.py:642} INFO - Processing file /opt/airflow/dags/csv_to_ds.py for tasks to queue
[2022-07-18 13:46:32,249] {logging_mixin.py:109} INFO - [2022-07-18 13:46:32,249] {dagbag.py:500} INFO - Filling up the DagBag from /opt/airflow/dags/csv_to_ds.py
[2022-07-18 13:46:32,272] {logging_mixin.py:109} INFO - [2022-07-18 13:46:32,272] {base.py:79} INFO - Using connection to: id: postgres. Host: postgres, Port: 5432, Schema: postgres, Login: airflow, Password: airflow, extra: {}
[2022-07-18 13:46:32,653] {logging_mixin.py:109} INFO - [2022-07-18 13:46:32,652] {dagbag.py:334} ERROR - Failed to import: /opt/airflow/dags/csv_to_ds.py
Traceback (most recent call last):
  File "/home/airflow/.local/lib/python3.7/site-packages/airflow/models/dagbag.py", line 331, in _load_modules_from_file
    loader.exec_module(new_module)
  File "<frozen importlib._bootstrap_external>", line 728, in exec_module
  File "<frozen importlib._bootstrap>", line 219, in _call_with_frames_removed
  File "/opt/airflow/dags/csv_to_ds.py", line 7, in <module>
    import core
  File "/usr/local/lib/python3.7/site-packages/core/__init__.py", line 6, in <module>
    from core.Mirror import Mirror
  File "/usr/local/lib/python3.7/site-packages/core/Mirror.py", line 2, in <module>
    from pyspark.sql import SparkSession
ModuleNotFoundError: No module named 'pyspark'
[2022-07-18 13:46:32,656] {processor.py:656} WARNING - No viable dags retrieved from /opt/airflow/dags/csv_to_ds.py
[2022-07-18 13:46:32,662] {processor.py:171} INFO - Processing /opt/airflow/dags/csv_to_ds.py took 0.418 seconds
[2022-07-18 13:47:02,687] {processor.py:163} INFO - Started process (PID=590) to work on /opt/airflow/dags/csv_to_ds.py
[2022-07-18 13:47:02,693] {processor.py:642} INFO - Processing file /opt/airflow/dags/csv_to_ds.py for tasks to queue
[2022-07-18 13:47:02,694] {logging_mixin.py:109} INFO - [2022-07-18 13:47:02,693] {dagbag.py:500} INFO - Filling up the DagBag from /opt/airflow/dags/csv_to_ds.py
[2022-07-18 13:47:02,718] {logging_mixin.py:109} INFO - [2022-07-18 13:47:02,718] {base.py:79} INFO - Using connection to: id: postgres. Host: postgres, Port: 5432, Schema: postgres, Login: airflow, Password: airflow, extra: {}
[2022-07-18 13:47:03,112] {logging_mixin.py:109} INFO - [2022-07-18 13:47:03,111] {dagbag.py:334} ERROR - Failed to import: /opt/airflow/dags/csv_to_ds.py
Traceback (most recent call last):
  File "/home/airflow/.local/lib/python3.7/site-packages/airflow/models/dagbag.py", line 331, in _load_modules_from_file
    loader.exec_module(new_module)
  File "<frozen importlib._bootstrap_external>", line 728, in exec_module
  File "<frozen importlib._bootstrap>", line 219, in _call_with_frames_removed
  File "/opt/airflow/dags/csv_to_ds.py", line 7, in <module>
    import core
  File "/usr/local/lib/python3.7/site-packages/core/__init__.py", line 6, in <module>
    from core.Mirror import Mirror
  File "/usr/local/lib/python3.7/site-packages/core/Mirror.py", line 2, in <module>
    from pyspark.sql import SparkSession
ModuleNotFoundError: No module named 'pyspark'
[2022-07-18 13:47:03,116] {processor.py:656} WARNING - No viable dags retrieved from /opt/airflow/dags/csv_to_ds.py
[2022-07-18 13:47:03,123] {processor.py:171} INFO - Processing /opt/airflow/dags/csv_to_ds.py took 0.439 seconds
[2022-07-18 13:47:34,123] {processor.py:163} INFO - Started process (PID=653) to work on /opt/airflow/dags/csv_to_ds.py
[2022-07-18 13:47:34,123] {processor.py:642} INFO - Processing file /opt/airflow/dags/csv_to_ds.py for tasks to queue
[2022-07-18 13:47:34,124] {logging_mixin.py:109} INFO - [2022-07-18 13:47:34,124] {dagbag.py:500} INFO - Filling up the DagBag from /opt/airflow/dags/csv_to_ds.py
[2022-07-18 13:47:34,149] {logging_mixin.py:109} INFO - [2022-07-18 13:47:34,149] {base.py:79} INFO - Using connection to: id: postgres. Host: postgres, Port: 5432, Schema: postgres, Login: airflow, Password: airflow, extra: {}
[2022-07-18 13:47:34,548] {logging_mixin.py:109} INFO - [2022-07-18 13:47:34,547] {dagbag.py:334} ERROR - Failed to import: /opt/airflow/dags/csv_to_ds.py
Traceback (most recent call last):
  File "/home/airflow/.local/lib/python3.7/site-packages/airflow/models/dagbag.py", line 331, in _load_modules_from_file
    loader.exec_module(new_module)
  File "<frozen importlib._bootstrap_external>", line 728, in exec_module
  File "<frozen importlib._bootstrap>", line 219, in _call_with_frames_removed
  File "/opt/airflow/dags/csv_to_ds.py", line 7, in <module>
    import core
  File "/usr/local/lib/python3.7/site-packages/core/__init__.py", line 6, in <module>
    from core.Mirror import Mirror
  File "/usr/local/lib/python3.7/site-packages/core/Mirror.py", line 2, in <module>
    from pyspark.sql import SparkSession
ModuleNotFoundError: No module named 'pyspark'
[2022-07-18 13:47:34,551] {processor.py:656} WARNING - No viable dags retrieved from /opt/airflow/dags/csv_to_ds.py
[2022-07-18 13:47:34,557] {processor.py:171} INFO - Processing /opt/airflow/dags/csv_to_ds.py took 0.437 seconds
[2022-07-18 13:48:04,581] {processor.py:163} INFO - Started process (PID=715) to work on /opt/airflow/dags/csv_to_ds.py
[2022-07-18 13:48:04,587] {processor.py:642} INFO - Processing file /opt/airflow/dags/csv_to_ds.py for tasks to queue
[2022-07-18 13:48:04,588] {logging_mixin.py:109} INFO - [2022-07-18 13:48:04,587] {dagbag.py:500} INFO - Filling up the DagBag from /opt/airflow/dags/csv_to_ds.py
[2022-07-18 13:48:04,613] {logging_mixin.py:109} INFO - [2022-07-18 13:48:04,612] {base.py:79} INFO - Using connection to: id: postgres. Host: postgres, Port: 5432, Schema: postgres, Login: airflow, Password: airflow, extra: {}
[2022-07-18 13:48:04,969] {logging_mixin.py:109} INFO - [2022-07-18 13:48:04,968] {dagbag.py:334} ERROR - Failed to import: /opt/airflow/dags/csv_to_ds.py
Traceback (most recent call last):
  File "/home/airflow/.local/lib/python3.7/site-packages/airflow/models/dagbag.py", line 331, in _load_modules_from_file
    loader.exec_module(new_module)
  File "<frozen importlib._bootstrap_external>", line 728, in exec_module
  File "<frozen importlib._bootstrap>", line 219, in _call_with_frames_removed
  File "/opt/airflow/dags/csv_to_ds.py", line 7, in <module>
    import core
  File "/usr/local/lib/python3.7/site-packages/core/__init__.py", line 6, in <module>
    from core.Mirror import Mirror
  File "/usr/local/lib/python3.7/site-packages/core/Mirror.py", line 2, in <module>
    from pyspark.sql import SparkSession
ModuleNotFoundError: No module named 'pyspark'
[2022-07-18 13:48:04,972] {processor.py:656} WARNING - No viable dags retrieved from /opt/airflow/dags/csv_to_ds.py
[2022-07-18 13:48:04,979] {processor.py:171} INFO - Processing /opt/airflow/dags/csv_to_ds.py took 0.401 seconds
