[2022-07-18 13:42:20,060] {processor.py:163} INFO - Started process (PID=31) to work on /opt/airflow/dags/f101_from_local.py
[2022-07-18 13:42:20,068] {processor.py:642} INFO - Processing file /opt/airflow/dags/f101_from_local.py for tasks to queue
[2022-07-18 13:42:20,068] {logging_mixin.py:109} INFO - [2022-07-18 13:42:20,068] {dagbag.py:500} INFO - Filling up the DagBag from /opt/airflow/dags/f101_from_local.py
[2022-07-18 13:42:20,130] {logging_mixin.py:109} INFO - [2022-07-18 13:42:20,129] {base.py:79} INFO - Using connection to: id: postgres. Host: postgres, Port: 5432, Schema: postgres, Login: airflow, Password: airflow, extra: {}
[2022-07-18 13:42:23,283] {logging_mixin.py:109} INFO - [2022-07-18 13:42:23,282] {dagbag.py:334} ERROR - Failed to import: /opt/airflow/dags/f101_from_local.py
Traceback (most recent call last):
  File "/home/airflow/.local/lib/python3.7/site-packages/airflow/models/dagbag.py", line 331, in _load_modules_from_file
    loader.exec_module(new_module)
  File "<frozen importlib._bootstrap_external>", line 728, in exec_module
  File "<frozen importlib._bootstrap>", line 219, in _call_with_frames_removed
  File "/opt/airflow/dags/f101_from_local.py", line 5, in <module>
    from core.constants import AIRFLOW_HOME
  File "/usr/local/lib/python3.7/site-packages/core/__init__.py", line 6, in <module>
    from core.Mirror import Mirror
  File "/usr/local/lib/python3.7/site-packages/core/Mirror.py", line 2, in <module>
    from pyspark.sql import SparkSession
ModuleNotFoundError: No module named 'pyspark'
[2022-07-18 13:42:23,301] {processor.py:690} INFO - Deactivated 1 DAGs which are no longer present in /opt/airflow/dags/f101_from_local.py
[2022-07-18 13:42:23,301] {processor.py:656} WARNING - No viable dags retrieved from /opt/airflow/dags/f101_from_local.py
[2022-07-18 13:42:23,314] {processor.py:171} INFO - Processing /opt/airflow/dags/f101_from_local.py took 3.260 seconds
[2022-07-18 13:42:54,106] {processor.py:163} INFO - Started process (PID=100) to work on /opt/airflow/dags/f101_from_local.py
[2022-07-18 13:42:54,108] {processor.py:642} INFO - Processing file /opt/airflow/dags/f101_from_local.py for tasks to queue
[2022-07-18 13:42:54,108] {logging_mixin.py:109} INFO - [2022-07-18 13:42:54,108] {dagbag.py:500} INFO - Filling up the DagBag from /opt/airflow/dags/f101_from_local.py
[2022-07-18 13:42:54,134] {logging_mixin.py:109} INFO - [2022-07-18 13:42:54,134] {base.py:79} INFO - Using connection to: id: postgres. Host: postgres, Port: 5432, Schema: postgres, Login: airflow, Password: airflow, extra: {}
[2022-07-18 13:42:54,526] {logging_mixin.py:109} INFO - [2022-07-18 13:42:54,525] {dagbag.py:334} ERROR - Failed to import: /opt/airflow/dags/f101_from_local.py
Traceback (most recent call last):
  File "/home/airflow/.local/lib/python3.7/site-packages/airflow/models/dagbag.py", line 331, in _load_modules_from_file
    loader.exec_module(new_module)
  File "<frozen importlib._bootstrap_external>", line 728, in exec_module
  File "<frozen importlib._bootstrap>", line 219, in _call_with_frames_removed
  File "/opt/airflow/dags/f101_from_local.py", line 5, in <module>
    from core.constants import AIRFLOW_HOME
  File "/usr/local/lib/python3.7/site-packages/core/__init__.py", line 6, in <module>
    from core.Mirror import Mirror
  File "/usr/local/lib/python3.7/site-packages/core/Mirror.py", line 2, in <module>
    from pyspark.sql import SparkSession
ModuleNotFoundError: No module named 'pyspark'
[2022-07-18 13:42:54,529] {processor.py:656} WARNING - No viable dags retrieved from /opt/airflow/dags/f101_from_local.py
[2022-07-18 13:42:54,540] {processor.py:171} INFO - Processing /opt/airflow/dags/f101_from_local.py took 0.436 seconds
[2022-07-18 13:43:24,859] {processor.py:163} INFO - Started process (PID=163) to work on /opt/airflow/dags/f101_from_local.py
[2022-07-18 13:43:24,863] {processor.py:642} INFO - Processing file /opt/airflow/dags/f101_from_local.py for tasks to queue
[2022-07-18 13:43:24,863] {logging_mixin.py:109} INFO - [2022-07-18 13:43:24,863] {dagbag.py:500} INFO - Filling up the DagBag from /opt/airflow/dags/f101_from_local.py
[2022-07-18 13:43:24,882] {logging_mixin.py:109} INFO - [2022-07-18 13:43:24,882] {base.py:79} INFO - Using connection to: id: postgres. Host: postgres, Port: 5432, Schema: postgres, Login: airflow, Password: airflow, extra: {}
[2022-07-18 13:43:25,239] {logging_mixin.py:109} INFO - [2022-07-18 13:43:25,238] {dagbag.py:334} ERROR - Failed to import: /opt/airflow/dags/f101_from_local.py
Traceback (most recent call last):
  File "/home/airflow/.local/lib/python3.7/site-packages/airflow/models/dagbag.py", line 331, in _load_modules_from_file
    loader.exec_module(new_module)
  File "<frozen importlib._bootstrap_external>", line 728, in exec_module
  File "<frozen importlib._bootstrap>", line 219, in _call_with_frames_removed
  File "/opt/airflow/dags/f101_from_local.py", line 5, in <module>
    from core.constants import AIRFLOW_HOME
  File "/usr/local/lib/python3.7/site-packages/core/__init__.py", line 6, in <module>
    from core.Mirror import Mirror
  File "/usr/local/lib/python3.7/site-packages/core/Mirror.py", line 2, in <module>
    from pyspark.sql import SparkSession
ModuleNotFoundError: No module named 'pyspark'
[2022-07-18 13:43:25,242] {processor.py:656} WARNING - No viable dags retrieved from /opt/airflow/dags/f101_from_local.py
[2022-07-18 13:43:25,253] {processor.py:171} INFO - Processing /opt/airflow/dags/f101_from_local.py took 0.397 seconds
[2022-07-18 13:43:55,284] {processor.py:163} INFO - Started process (PID=217) to work on /opt/airflow/dags/f101_from_local.py
[2022-07-18 13:43:55,290] {processor.py:642} INFO - Processing file /opt/airflow/dags/f101_from_local.py for tasks to queue
[2022-07-18 13:43:55,290] {logging_mixin.py:109} INFO - [2022-07-18 13:43:55,290] {dagbag.py:500} INFO - Filling up the DagBag from /opt/airflow/dags/f101_from_local.py
[2022-07-18 13:43:55,309] {logging_mixin.py:109} INFO - [2022-07-18 13:43:55,309] {base.py:79} INFO - Using connection to: id: postgres. Host: postgres, Port: 5432, Schema: postgres, Login: airflow, Password: airflow, extra: {}
[2022-07-18 13:43:55,651] {logging_mixin.py:109} INFO - [2022-07-18 13:43:55,651] {dagbag.py:334} ERROR - Failed to import: /opt/airflow/dags/f101_from_local.py
Traceback (most recent call last):
  File "/home/airflow/.local/lib/python3.7/site-packages/airflow/models/dagbag.py", line 331, in _load_modules_from_file
    loader.exec_module(new_module)
  File "<frozen importlib._bootstrap_external>", line 728, in exec_module
  File "<frozen importlib._bootstrap>", line 219, in _call_with_frames_removed
  File "/opt/airflow/dags/f101_from_local.py", line 5, in <module>
    from core.constants import AIRFLOW_HOME
  File "/usr/local/lib/python3.7/site-packages/core/__init__.py", line 6, in <module>
    from core.Mirror import Mirror
  File "/usr/local/lib/python3.7/site-packages/core/Mirror.py", line 2, in <module>
    from pyspark.sql import SparkSession
ModuleNotFoundError: No module named 'pyspark'
[2022-07-18 13:43:55,655] {processor.py:656} WARNING - No viable dags retrieved from /opt/airflow/dags/f101_from_local.py
[2022-07-18 13:43:55,661] {processor.py:171} INFO - Processing /opt/airflow/dags/f101_from_local.py took 0.380 seconds
[2022-07-18 13:44:26,121] {processor.py:163} INFO - Started process (PID=280) to work on /opt/airflow/dags/f101_from_local.py
[2022-07-18 13:44:26,122] {processor.py:642} INFO - Processing file /opt/airflow/dags/f101_from_local.py for tasks to queue
[2022-07-18 13:44:26,123] {logging_mixin.py:109} INFO - [2022-07-18 13:44:26,123] {dagbag.py:500} INFO - Filling up the DagBag from /opt/airflow/dags/f101_from_local.py
[2022-07-18 13:44:26,144] {logging_mixin.py:109} INFO - [2022-07-18 13:44:26,144] {base.py:79} INFO - Using connection to: id: postgres. Host: postgres, Port: 5432, Schema: postgres, Login: airflow, Password: airflow, extra: {}
[2022-07-18 13:44:26,543] {logging_mixin.py:109} INFO - [2022-07-18 13:44:26,542] {dagbag.py:334} ERROR - Failed to import: /opt/airflow/dags/f101_from_local.py
Traceback (most recent call last):
  File "/home/airflow/.local/lib/python3.7/site-packages/airflow/models/dagbag.py", line 331, in _load_modules_from_file
    loader.exec_module(new_module)
  File "<frozen importlib._bootstrap_external>", line 728, in exec_module
  File "<frozen importlib._bootstrap>", line 219, in _call_with_frames_removed
  File "/opt/airflow/dags/f101_from_local.py", line 5, in <module>
    from core.constants import AIRFLOW_HOME
  File "/usr/local/lib/python3.7/site-packages/core/__init__.py", line 6, in <module>
    from core.Mirror import Mirror
  File "/usr/local/lib/python3.7/site-packages/core/Mirror.py", line 2, in <module>
    from pyspark.sql import SparkSession
ModuleNotFoundError: No module named 'pyspark'
[2022-07-18 13:44:26,546] {processor.py:656} WARNING - No viable dags retrieved from /opt/airflow/dags/f101_from_local.py
[2022-07-18 13:44:26,552] {processor.py:171} INFO - Processing /opt/airflow/dags/f101_from_local.py took 0.433 seconds
[2022-07-18 13:44:56,578] {processor.py:163} INFO - Started process (PID=343) to work on /opt/airflow/dags/f101_from_local.py
[2022-07-18 13:44:56,582] {processor.py:642} INFO - Processing file /opt/airflow/dags/f101_from_local.py for tasks to queue
[2022-07-18 13:44:56,583] {logging_mixin.py:109} INFO - [2022-07-18 13:44:56,583] {dagbag.py:500} INFO - Filling up the DagBag from /opt/airflow/dags/f101_from_local.py
[2022-07-18 13:44:56,602] {logging_mixin.py:109} INFO - [2022-07-18 13:44:56,602] {base.py:79} INFO - Using connection to: id: postgres. Host: postgres, Port: 5432, Schema: postgres, Login: airflow, Password: airflow, extra: {}
[2022-07-18 13:44:56,965] {logging_mixin.py:109} INFO - [2022-07-18 13:44:56,964] {dagbag.py:334} ERROR - Failed to import: /opt/airflow/dags/f101_from_local.py
Traceback (most recent call last):
  File "/home/airflow/.local/lib/python3.7/site-packages/airflow/models/dagbag.py", line 331, in _load_modules_from_file
    loader.exec_module(new_module)
  File "<frozen importlib._bootstrap_external>", line 728, in exec_module
  File "<frozen importlib._bootstrap>", line 219, in _call_with_frames_removed
  File "/opt/airflow/dags/f101_from_local.py", line 5, in <module>
    from core.constants import AIRFLOW_HOME
  File "/usr/local/lib/python3.7/site-packages/core/__init__.py", line 6, in <module>
    from core.Mirror import Mirror
  File "/usr/local/lib/python3.7/site-packages/core/Mirror.py", line 2, in <module>
    from pyspark.sql import SparkSession
ModuleNotFoundError: No module named 'pyspark'
[2022-07-18 13:44:56,968] {processor.py:656} WARNING - No viable dags retrieved from /opt/airflow/dags/f101_from_local.py
[2022-07-18 13:44:56,975] {processor.py:171} INFO - Processing /opt/airflow/dags/f101_from_local.py took 0.399 seconds
[2022-07-18 13:45:28,009] {processor.py:163} INFO - Started process (PID=397) to work on /opt/airflow/dags/f101_from_local.py
[2022-07-18 13:45:28,010] {processor.py:642} INFO - Processing file /opt/airflow/dags/f101_from_local.py for tasks to queue
[2022-07-18 13:45:28,010] {logging_mixin.py:109} INFO - [2022-07-18 13:45:28,010] {dagbag.py:500} INFO - Filling up the DagBag from /opt/airflow/dags/f101_from_local.py
[2022-07-18 13:45:28,029] {logging_mixin.py:109} INFO - [2022-07-18 13:45:28,029] {base.py:79} INFO - Using connection to: id: postgres. Host: postgres, Port: 5432, Schema: postgres, Login: airflow, Password: airflow, extra: {}
[2022-07-18 13:45:28,392] {logging_mixin.py:109} INFO - [2022-07-18 13:45:28,391] {dagbag.py:334} ERROR - Failed to import: /opt/airflow/dags/f101_from_local.py
Traceback (most recent call last):
  File "/home/airflow/.local/lib/python3.7/site-packages/airflow/models/dagbag.py", line 331, in _load_modules_from_file
    loader.exec_module(new_module)
  File "<frozen importlib._bootstrap_external>", line 728, in exec_module
  File "<frozen importlib._bootstrap>", line 219, in _call_with_frames_removed
  File "/opt/airflow/dags/f101_from_local.py", line 5, in <module>
    from core.constants import AIRFLOW_HOME
  File "/usr/local/lib/python3.7/site-packages/core/__init__.py", line 6, in <module>
    from core.Mirror import Mirror
  File "/usr/local/lib/python3.7/site-packages/core/Mirror.py", line 2, in <module>
    from pyspark.sql import SparkSession
ModuleNotFoundError: No module named 'pyspark'
[2022-07-18 13:45:28,395] {processor.py:656} WARNING - No viable dags retrieved from /opt/airflow/dags/f101_from_local.py
[2022-07-18 13:45:28,406] {processor.py:171} INFO - Processing /opt/airflow/dags/f101_from_local.py took 0.400 seconds
[2022-07-18 13:45:58,453] {processor.py:163} INFO - Started process (PID=461) to work on /opt/airflow/dags/f101_from_local.py
[2022-07-18 13:45:58,459] {processor.py:642} INFO - Processing file /opt/airflow/dags/f101_from_local.py for tasks to queue
[2022-07-18 13:45:58,459] {logging_mixin.py:109} INFO - [2022-07-18 13:45:58,459] {dagbag.py:500} INFO - Filling up the DagBag from /opt/airflow/dags/f101_from_local.py
[2022-07-18 13:45:58,479] {logging_mixin.py:109} INFO - [2022-07-18 13:45:58,479] {base.py:79} INFO - Using connection to: id: postgres. Host: postgres, Port: 5432, Schema: postgres, Login: airflow, Password: airflow, extra: {}
[2022-07-18 13:45:58,836] {logging_mixin.py:109} INFO - [2022-07-18 13:45:58,835] {dagbag.py:334} ERROR - Failed to import: /opt/airflow/dags/f101_from_local.py
Traceback (most recent call last):
  File "/home/airflow/.local/lib/python3.7/site-packages/airflow/models/dagbag.py", line 331, in _load_modules_from_file
    loader.exec_module(new_module)
  File "<frozen importlib._bootstrap_external>", line 728, in exec_module
  File "<frozen importlib._bootstrap>", line 219, in _call_with_frames_removed
  File "/opt/airflow/dags/f101_from_local.py", line 5, in <module>
    from core.constants import AIRFLOW_HOME
  File "/usr/local/lib/python3.7/site-packages/core/__init__.py", line 6, in <module>
    from core.Mirror import Mirror
  File "/usr/local/lib/python3.7/site-packages/core/Mirror.py", line 2, in <module>
    from pyspark.sql import SparkSession
ModuleNotFoundError: No module named 'pyspark'
[2022-07-18 13:45:58,839] {processor.py:656} WARNING - No viable dags retrieved from /opt/airflow/dags/f101_from_local.py
[2022-07-18 13:45:58,851] {processor.py:171} INFO - Processing /opt/airflow/dags/f101_from_local.py took 0.401 seconds
[2022-07-18 13:46:29,828] {processor.py:163} INFO - Started process (PID=524) to work on /opt/airflow/dags/f101_from_local.py
[2022-07-18 13:46:29,829] {processor.py:642} INFO - Processing file /opt/airflow/dags/f101_from_local.py for tasks to queue
[2022-07-18 13:46:29,829] {logging_mixin.py:109} INFO - [2022-07-18 13:46:29,829] {dagbag.py:500} INFO - Filling up the DagBag from /opt/airflow/dags/f101_from_local.py
[2022-07-18 13:46:29,851] {logging_mixin.py:109} INFO - [2022-07-18 13:46:29,851] {base.py:79} INFO - Using connection to: id: postgres. Host: postgres, Port: 5432, Schema: postgres, Login: airflow, Password: airflow, extra: {}
[2022-07-18 13:46:30,206] {logging_mixin.py:109} INFO - [2022-07-18 13:46:30,205] {dagbag.py:334} ERROR - Failed to import: /opt/airflow/dags/f101_from_local.py
Traceback (most recent call last):
  File "/home/airflow/.local/lib/python3.7/site-packages/airflow/models/dagbag.py", line 331, in _load_modules_from_file
    loader.exec_module(new_module)
  File "<frozen importlib._bootstrap_external>", line 728, in exec_module
  File "<frozen importlib._bootstrap>", line 219, in _call_with_frames_removed
  File "/opt/airflow/dags/f101_from_local.py", line 5, in <module>
    from core.constants import AIRFLOW_HOME
  File "/usr/local/lib/python3.7/site-packages/core/__init__.py", line 6, in <module>
    from core.Mirror import Mirror
  File "/usr/local/lib/python3.7/site-packages/core/Mirror.py", line 2, in <module>
    from pyspark.sql import SparkSession
ModuleNotFoundError: No module named 'pyspark'
[2022-07-18 13:46:30,209] {processor.py:656} WARNING - No viable dags retrieved from /opt/airflow/dags/f101_from_local.py
[2022-07-18 13:46:30,215] {processor.py:171} INFO - Processing /opt/airflow/dags/f101_from_local.py took 0.390 seconds
[2022-07-18 13:47:00,274] {processor.py:163} INFO - Started process (PID=578) to work on /opt/airflow/dags/f101_from_local.py
[2022-07-18 13:47:00,275] {processor.py:642} INFO - Processing file /opt/airflow/dags/f101_from_local.py for tasks to queue
[2022-07-18 13:47:00,275] {logging_mixin.py:109} INFO - [2022-07-18 13:47:00,275] {dagbag.py:500} INFO - Filling up the DagBag from /opt/airflow/dags/f101_from_local.py
[2022-07-18 13:47:00,294] {logging_mixin.py:109} INFO - [2022-07-18 13:47:00,294] {base.py:79} INFO - Using connection to: id: postgres. Host: postgres, Port: 5432, Schema: postgres, Login: airflow, Password: airflow, extra: {}
[2022-07-18 13:47:00,649] {logging_mixin.py:109} INFO - [2022-07-18 13:47:00,648] {dagbag.py:334} ERROR - Failed to import: /opt/airflow/dags/f101_from_local.py
Traceback (most recent call last):
  File "/home/airflow/.local/lib/python3.7/site-packages/airflow/models/dagbag.py", line 331, in _load_modules_from_file
    loader.exec_module(new_module)
  File "<frozen importlib._bootstrap_external>", line 728, in exec_module
  File "<frozen importlib._bootstrap>", line 219, in _call_with_frames_removed
  File "/opt/airflow/dags/f101_from_local.py", line 5, in <module>
    from core.constants import AIRFLOW_HOME
  File "/usr/local/lib/python3.7/site-packages/core/__init__.py", line 6, in <module>
    from core.Mirror import Mirror
  File "/usr/local/lib/python3.7/site-packages/core/Mirror.py", line 2, in <module>
    from pyspark.sql import SparkSession
ModuleNotFoundError: No module named 'pyspark'
[2022-07-18 13:47:00,653] {processor.py:656} WARNING - No viable dags retrieved from /opt/airflow/dags/f101_from_local.py
[2022-07-18 13:47:00,664] {processor.py:171} INFO - Processing /opt/airflow/dags/f101_from_local.py took 0.392 seconds
[2022-07-18 13:47:30,682] {processor.py:163} INFO - Started process (PID=640) to work on /opt/airflow/dags/f101_from_local.py
[2022-07-18 13:47:30,688] {processor.py:642} INFO - Processing file /opt/airflow/dags/f101_from_local.py for tasks to queue
[2022-07-18 13:47:30,688] {logging_mixin.py:109} INFO - [2022-07-18 13:47:30,688] {dagbag.py:500} INFO - Filling up the DagBag from /opt/airflow/dags/f101_from_local.py
[2022-07-18 13:47:30,709] {logging_mixin.py:109} INFO - [2022-07-18 13:47:30,708] {base.py:79} INFO - Using connection to: id: postgres. Host: postgres, Port: 5432, Schema: postgres, Login: airflow, Password: airflow, extra: {}
[2022-07-18 13:47:31,083] {logging_mixin.py:109} INFO - [2022-07-18 13:47:31,082] {dagbag.py:334} ERROR - Failed to import: /opt/airflow/dags/f101_from_local.py
Traceback (most recent call last):
  File "/home/airflow/.local/lib/python3.7/site-packages/airflow/models/dagbag.py", line 331, in _load_modules_from_file
    loader.exec_module(new_module)
  File "<frozen importlib._bootstrap_external>", line 728, in exec_module
  File "<frozen importlib._bootstrap>", line 219, in _call_with_frames_removed
  File "/opt/airflow/dags/f101_from_local.py", line 5, in <module>
    from core.constants import AIRFLOW_HOME
  File "/usr/local/lib/python3.7/site-packages/core/__init__.py", line 6, in <module>
    from core.Mirror import Mirror
  File "/usr/local/lib/python3.7/site-packages/core/Mirror.py", line 2, in <module>
    from pyspark.sql import SparkSession
ModuleNotFoundError: No module named 'pyspark'
[2022-07-18 13:47:31,086] {processor.py:656} WARNING - No viable dags retrieved from /opt/airflow/dags/f101_from_local.py
[2022-07-18 13:47:31,092] {processor.py:171} INFO - Processing /opt/airflow/dags/f101_from_local.py took 0.413 seconds
[2022-07-18 13:48:01,151] {processor.py:163} INFO - Started process (PID=695) to work on /opt/airflow/dags/f101_from_local.py
[2022-07-18 13:48:01,152] {processor.py:642} INFO - Processing file /opt/airflow/dags/f101_from_local.py for tasks to queue
[2022-07-18 13:48:01,153] {logging_mixin.py:109} INFO - [2022-07-18 13:48:01,153] {dagbag.py:500} INFO - Filling up the DagBag from /opt/airflow/dags/f101_from_local.py
[2022-07-18 13:48:01,173] {logging_mixin.py:109} INFO - [2022-07-18 13:48:01,173] {base.py:79} INFO - Using connection to: id: postgres. Host: postgres, Port: 5432, Schema: postgres, Login: airflow, Password: airflow, extra: {}
[2022-07-18 13:48:01,538] {logging_mixin.py:109} INFO - [2022-07-18 13:48:01,532] {dagbag.py:334} ERROR - Failed to import: /opt/airflow/dags/f101_from_local.py
Traceback (most recent call last):
  File "/home/airflow/.local/lib/python3.7/site-packages/airflow/models/dagbag.py", line 331, in _load_modules_from_file
    loader.exec_module(new_module)
  File "<frozen importlib._bootstrap_external>", line 728, in exec_module
  File "<frozen importlib._bootstrap>", line 219, in _call_with_frames_removed
  File "/opt/airflow/dags/f101_from_local.py", line 5, in <module>
    from core.constants import AIRFLOW_HOME
  File "/usr/local/lib/python3.7/site-packages/core/__init__.py", line 6, in <module>
    from core.Mirror import Mirror
  File "/usr/local/lib/python3.7/site-packages/core/Mirror.py", line 2, in <module>
    from pyspark.sql import SparkSession
ModuleNotFoundError: No module named 'pyspark'
[2022-07-18 13:48:01,550] {processor.py:656} WARNING - No viable dags retrieved from /opt/airflow/dags/f101_from_local.py
[2022-07-18 13:48:01,556] {processor.py:171} INFO - Processing /opt/airflow/dags/f101_from_local.py took 0.408 seconds
