[2022-07-18 13:42:23,299] {processor.py:163} INFO - Started process (PID=57) to work on /opt/airflow/dags/f101_to_local.py
[2022-07-18 13:42:23,302] {processor.py:642} INFO - Processing file /opt/airflow/dags/f101_to_local.py for tasks to queue
[2022-07-18 13:42:23,303] {logging_mixin.py:109} INFO - [2022-07-18 13:42:23,303] {dagbag.py:500} INFO - Filling up the DagBag from /opt/airflow/dags/f101_to_local.py
[2022-07-18 13:42:23,356] {logging_mixin.py:109} INFO - [2022-07-18 13:42:23,355] {base.py:79} INFO - Using connection to: id: postgres. Host: postgres, Port: 5432, Schema: postgres, Login: airflow, Password: airflow, extra: {}
[2022-07-18 13:42:24,792] {logging_mixin.py:109} INFO - [2022-07-18 13:42:24,791] {dagbag.py:334} ERROR - Failed to import: /opt/airflow/dags/f101_to_local.py
Traceback (most recent call last):
  File "/home/airflow/.local/lib/python3.7/site-packages/airflow/models/dagbag.py", line 331, in _load_modules_from_file
    loader.exec_module(new_module)
  File "<frozen importlib._bootstrap_external>", line 728, in exec_module
  File "<frozen importlib._bootstrap>", line 219, in _call_with_frames_removed
  File "/opt/airflow/dags/f101_to_local.py", line 5, in <module>
    from core.constants import AIRFLOW_HOME
  File "/usr/local/lib/python3.7/site-packages/core/__init__.py", line 6, in <module>
    from core.Mirror import Mirror
  File "/usr/local/lib/python3.7/site-packages/core/Mirror.py", line 2, in <module>
    from pyspark.sql import SparkSession
ModuleNotFoundError: No module named 'pyspark'
[2022-07-18 13:42:24,808] {processor.py:690} INFO - Deactivated 1 DAGs which are no longer present in /opt/airflow/dags/f101_to_local.py
[2022-07-18 13:42:24,808] {processor.py:656} WARNING - No viable dags retrieved from /opt/airflow/dags/f101_to_local.py
[2022-07-18 13:42:24,847] {processor.py:171} INFO - Processing /opt/airflow/dags/f101_to_local.py took 1.552 seconds
[2022-07-18 13:42:55,558] {processor.py:163} INFO - Started process (PID=111) to work on /opt/airflow/dags/f101_to_local.py
[2022-07-18 13:42:55,564] {processor.py:642} INFO - Processing file /opt/airflow/dags/f101_to_local.py for tasks to queue
[2022-07-18 13:42:55,564] {logging_mixin.py:109} INFO - [2022-07-18 13:42:55,564] {dagbag.py:500} INFO - Filling up the DagBag from /opt/airflow/dags/f101_to_local.py
[2022-07-18 13:42:55,590] {logging_mixin.py:109} INFO - [2022-07-18 13:42:55,590] {base.py:79} INFO - Using connection to: id: postgres. Host: postgres, Port: 5432, Schema: postgres, Login: airflow, Password: airflow, extra: {}
[2022-07-18 13:42:55,994] {logging_mixin.py:109} INFO - [2022-07-18 13:42:55,993] {dagbag.py:334} ERROR - Failed to import: /opt/airflow/dags/f101_to_local.py
Traceback (most recent call last):
  File "/home/airflow/.local/lib/python3.7/site-packages/airflow/models/dagbag.py", line 331, in _load_modules_from_file
    loader.exec_module(new_module)
  File "<frozen importlib._bootstrap_external>", line 728, in exec_module
  File "<frozen importlib._bootstrap>", line 219, in _call_with_frames_removed
  File "/opt/airflow/dags/f101_to_local.py", line 5, in <module>
    from core.constants import AIRFLOW_HOME
  File "/usr/local/lib/python3.7/site-packages/core/__init__.py", line 6, in <module>
    from core.Mirror import Mirror
  File "/usr/local/lib/python3.7/site-packages/core/Mirror.py", line 2, in <module>
    from pyspark.sql import SparkSession
ModuleNotFoundError: No module named 'pyspark'
[2022-07-18 13:42:55,997] {processor.py:656} WARNING - No viable dags retrieved from /opt/airflow/dags/f101_to_local.py
[2022-07-18 13:42:56,010] {processor.py:171} INFO - Processing /opt/airflow/dags/f101_to_local.py took 0.456 seconds
[2022-07-18 13:43:26,272] {processor.py:163} INFO - Started process (PID=174) to work on /opt/airflow/dags/f101_to_local.py
[2022-07-18 13:43:26,279] {processor.py:642} INFO - Processing file /opt/airflow/dags/f101_to_local.py for tasks to queue
[2022-07-18 13:43:26,279] {logging_mixin.py:109} INFO - [2022-07-18 13:43:26,279] {dagbag.py:500} INFO - Filling up the DagBag from /opt/airflow/dags/f101_to_local.py
[2022-07-18 13:43:26,300] {logging_mixin.py:109} INFO - [2022-07-18 13:43:26,300] {base.py:79} INFO - Using connection to: id: postgres. Host: postgres, Port: 5432, Schema: postgres, Login: airflow, Password: airflow, extra: {}
[2022-07-18 13:43:26,710] {logging_mixin.py:109} INFO - [2022-07-18 13:43:26,709] {dagbag.py:334} ERROR - Failed to import: /opt/airflow/dags/f101_to_local.py
Traceback (most recent call last):
  File "/home/airflow/.local/lib/python3.7/site-packages/airflow/models/dagbag.py", line 331, in _load_modules_from_file
    loader.exec_module(new_module)
  File "<frozen importlib._bootstrap_external>", line 728, in exec_module
  File "<frozen importlib._bootstrap>", line 219, in _call_with_frames_removed
  File "/opt/airflow/dags/f101_to_local.py", line 5, in <module>
    from core.constants import AIRFLOW_HOME
  File "/usr/local/lib/python3.7/site-packages/core/__init__.py", line 6, in <module>
    from core.Mirror import Mirror
  File "/usr/local/lib/python3.7/site-packages/core/Mirror.py", line 2, in <module>
    from pyspark.sql import SparkSession
ModuleNotFoundError: No module named 'pyspark'
[2022-07-18 13:43:26,713] {processor.py:656} WARNING - No viable dags retrieved from /opt/airflow/dags/f101_to_local.py
[2022-07-18 13:43:26,720] {processor.py:171} INFO - Processing /opt/airflow/dags/f101_to_local.py took 0.450 seconds
[2022-07-18 13:43:57,090] {processor.py:163} INFO - Started process (PID=229) to work on /opt/airflow/dags/f101_to_local.py
[2022-07-18 13:43:57,091] {processor.py:642} INFO - Processing file /opt/airflow/dags/f101_to_local.py for tasks to queue
[2022-07-18 13:43:57,091] {logging_mixin.py:109} INFO - [2022-07-18 13:43:57,091] {dagbag.py:500} INFO - Filling up the DagBag from /opt/airflow/dags/f101_to_local.py
[2022-07-18 13:43:57,111] {logging_mixin.py:109} INFO - [2022-07-18 13:43:57,111] {base.py:79} INFO - Using connection to: id: postgres. Host: postgres, Port: 5432, Schema: postgres, Login: airflow, Password: airflow, extra: {}
[2022-07-18 13:43:57,502] {logging_mixin.py:109} INFO - [2022-07-18 13:43:57,501] {dagbag.py:334} ERROR - Failed to import: /opt/airflow/dags/f101_to_local.py
Traceback (most recent call last):
  File "/home/airflow/.local/lib/python3.7/site-packages/airflow/models/dagbag.py", line 331, in _load_modules_from_file
    loader.exec_module(new_module)
  File "<frozen importlib._bootstrap_external>", line 728, in exec_module
  File "<frozen importlib._bootstrap>", line 219, in _call_with_frames_removed
  File "/opt/airflow/dags/f101_to_local.py", line 5, in <module>
    from core.constants import AIRFLOW_HOME
  File "/usr/local/lib/python3.7/site-packages/core/__init__.py", line 6, in <module>
    from core.Mirror import Mirror
  File "/usr/local/lib/python3.7/site-packages/core/Mirror.py", line 2, in <module>
    from pyspark.sql import SparkSession
ModuleNotFoundError: No module named 'pyspark'
[2022-07-18 13:43:57,505] {processor.py:656} WARNING - No viable dags retrieved from /opt/airflow/dags/f101_to_local.py
[2022-07-18 13:43:57,512] {processor.py:171} INFO - Processing /opt/airflow/dags/f101_to_local.py took 0.424 seconds
[2022-07-18 13:44:27,545] {processor.py:163} INFO - Started process (PID=291) to work on /opt/airflow/dags/f101_to_local.py
[2022-07-18 13:44:27,547] {processor.py:642} INFO - Processing file /opt/airflow/dags/f101_to_local.py for tasks to queue
[2022-07-18 13:44:27,547] {logging_mixin.py:109} INFO - [2022-07-18 13:44:27,547] {dagbag.py:500} INFO - Filling up the DagBag from /opt/airflow/dags/f101_to_local.py
[2022-07-18 13:44:27,567] {logging_mixin.py:109} INFO - [2022-07-18 13:44:27,567] {base.py:79} INFO - Using connection to: id: postgres. Host: postgres, Port: 5432, Schema: postgres, Login: airflow, Password: airflow, extra: {}
[2022-07-18 13:44:27,989] {logging_mixin.py:109} INFO - [2022-07-18 13:44:27,988] {dagbag.py:334} ERROR - Failed to import: /opt/airflow/dags/f101_to_local.py
Traceback (most recent call last):
  File "/home/airflow/.local/lib/python3.7/site-packages/airflow/models/dagbag.py", line 331, in _load_modules_from_file
    loader.exec_module(new_module)
  File "<frozen importlib._bootstrap_external>", line 728, in exec_module
  File "<frozen importlib._bootstrap>", line 219, in _call_with_frames_removed
  File "/opt/airflow/dags/f101_to_local.py", line 5, in <module>
    from core.constants import AIRFLOW_HOME
  File "/usr/local/lib/python3.7/site-packages/core/__init__.py", line 6, in <module>
    from core.Mirror import Mirror
  File "/usr/local/lib/python3.7/site-packages/core/Mirror.py", line 2, in <module>
    from pyspark.sql import SparkSession
ModuleNotFoundError: No module named 'pyspark'
[2022-07-18 13:44:27,992] {processor.py:656} WARNING - No viable dags retrieved from /opt/airflow/dags/f101_to_local.py
[2022-07-18 13:44:27,999] {processor.py:171} INFO - Processing /opt/airflow/dags/f101_to_local.py took 0.456 seconds
[2022-07-18 13:44:59,017] {processor.py:163} INFO - Started process (PID=354) to work on /opt/airflow/dags/f101_to_local.py
[2022-07-18 13:44:59,019] {processor.py:642} INFO - Processing file /opt/airflow/dags/f101_to_local.py for tasks to queue
[2022-07-18 13:44:59,019] {logging_mixin.py:109} INFO - [2022-07-18 13:44:59,019] {dagbag.py:500} INFO - Filling up the DagBag from /opt/airflow/dags/f101_to_local.py
[2022-07-18 13:44:59,039] {logging_mixin.py:109} INFO - [2022-07-18 13:44:59,039] {base.py:79} INFO - Using connection to: id: postgres. Host: postgres, Port: 5432, Schema: postgres, Login: airflow, Password: airflow, extra: {}
[2022-07-18 13:44:59,422] {logging_mixin.py:109} INFO - [2022-07-18 13:44:59,418] {dagbag.py:334} ERROR - Failed to import: /opt/airflow/dags/f101_to_local.py
Traceback (most recent call last):
  File "/home/airflow/.local/lib/python3.7/site-packages/airflow/models/dagbag.py", line 331, in _load_modules_from_file
    loader.exec_module(new_module)
  File "<frozen importlib._bootstrap_external>", line 728, in exec_module
  File "<frozen importlib._bootstrap>", line 219, in _call_with_frames_removed
  File "/opt/airflow/dags/f101_to_local.py", line 5, in <module>
    from core.constants import AIRFLOW_HOME
  File "/usr/local/lib/python3.7/site-packages/core/__init__.py", line 6, in <module>
    from core.Mirror import Mirror
  File "/usr/local/lib/python3.7/site-packages/core/Mirror.py", line 2, in <module>
    from pyspark.sql import SparkSession
ModuleNotFoundError: No module named 'pyspark'
[2022-07-18 13:44:59,425] {processor.py:656} WARNING - No viable dags retrieved from /opt/airflow/dags/f101_to_local.py
[2022-07-18 13:44:59,447] {processor.py:171} INFO - Processing /opt/airflow/dags/f101_to_local.py took 0.432 seconds
[2022-07-18 13:45:30,426] {processor.py:163} INFO - Started process (PID=408) to work on /opt/airflow/dags/f101_to_local.py
[2022-07-18 13:45:30,427] {processor.py:642} INFO - Processing file /opt/airflow/dags/f101_to_local.py for tasks to queue
[2022-07-18 13:45:30,427] {logging_mixin.py:109} INFO - [2022-07-18 13:45:30,427] {dagbag.py:500} INFO - Filling up the DagBag from /opt/airflow/dags/f101_to_local.py
[2022-07-18 13:45:30,446] {logging_mixin.py:109} INFO - [2022-07-18 13:45:30,446] {base.py:79} INFO - Using connection to: id: postgres. Host: postgres, Port: 5432, Schema: postgres, Login: airflow, Password: airflow, extra: {}
[2022-07-18 13:45:30,806] {logging_mixin.py:109} INFO - [2022-07-18 13:45:30,806] {dagbag.py:334} ERROR - Failed to import: /opt/airflow/dags/f101_to_local.py
Traceback (most recent call last):
  File "/home/airflow/.local/lib/python3.7/site-packages/airflow/models/dagbag.py", line 331, in _load_modules_from_file
    loader.exec_module(new_module)
  File "<frozen importlib._bootstrap_external>", line 728, in exec_module
  File "<frozen importlib._bootstrap>", line 219, in _call_with_frames_removed
  File "/opt/airflow/dags/f101_to_local.py", line 5, in <module>
    from core.constants import AIRFLOW_HOME
  File "/usr/local/lib/python3.7/site-packages/core/__init__.py", line 6, in <module>
    from core.Mirror import Mirror
  File "/usr/local/lib/python3.7/site-packages/core/Mirror.py", line 2, in <module>
    from pyspark.sql import SparkSession
ModuleNotFoundError: No module named 'pyspark'
[2022-07-18 13:45:30,810] {processor.py:656} WARNING - No viable dags retrieved from /opt/airflow/dags/f101_to_local.py
[2022-07-18 13:45:30,832] {processor.py:171} INFO - Processing /opt/airflow/dags/f101_to_local.py took 0.409 seconds
[2022-07-18 13:46:00,876] {processor.py:163} INFO - Started process (PID=472) to work on /opt/airflow/dags/f101_to_local.py
[2022-07-18 13:46:00,877] {processor.py:642} INFO - Processing file /opt/airflow/dags/f101_to_local.py for tasks to queue
[2022-07-18 13:46:00,878] {logging_mixin.py:109} INFO - [2022-07-18 13:46:00,878] {dagbag.py:500} INFO - Filling up the DagBag from /opt/airflow/dags/f101_to_local.py
[2022-07-18 13:46:00,898] {logging_mixin.py:109} INFO - [2022-07-18 13:46:00,898] {base.py:79} INFO - Using connection to: id: postgres. Host: postgres, Port: 5432, Schema: postgres, Login: airflow, Password: airflow, extra: {}
[2022-07-18 13:46:01,249] {logging_mixin.py:109} INFO - [2022-07-18 13:46:01,249] {dagbag.py:334} ERROR - Failed to import: /opt/airflow/dags/f101_to_local.py
Traceback (most recent call last):
  File "/home/airflow/.local/lib/python3.7/site-packages/airflow/models/dagbag.py", line 331, in _load_modules_from_file
    loader.exec_module(new_module)
  File "<frozen importlib._bootstrap_external>", line 728, in exec_module
  File "<frozen importlib._bootstrap>", line 219, in _call_with_frames_removed
  File "/opt/airflow/dags/f101_to_local.py", line 5, in <module>
    from core.constants import AIRFLOW_HOME
  File "/usr/local/lib/python3.7/site-packages/core/__init__.py", line 6, in <module>
    from core.Mirror import Mirror
  File "/usr/local/lib/python3.7/site-packages/core/Mirror.py", line 2, in <module>
    from pyspark.sql import SparkSession
ModuleNotFoundError: No module named 'pyspark'
[2022-07-18 13:46:01,253] {processor.py:656} WARNING - No viable dags retrieved from /opt/airflow/dags/f101_to_local.py
[2022-07-18 13:46:01,264] {processor.py:171} INFO - Processing /opt/airflow/dags/f101_to_local.py took 0.391 seconds
[2022-07-18 13:46:32,244] {processor.py:163} INFO - Started process (PID=535) to work on /opt/airflow/dags/f101_to_local.py
[2022-07-18 13:46:32,245] {processor.py:642} INFO - Processing file /opt/airflow/dags/f101_to_local.py for tasks to queue
[2022-07-18 13:46:32,245] {logging_mixin.py:109} INFO - [2022-07-18 13:46:32,245] {dagbag.py:500} INFO - Filling up the DagBag from /opt/airflow/dags/f101_to_local.py
[2022-07-18 13:46:32,270] {logging_mixin.py:109} INFO - [2022-07-18 13:46:32,270] {base.py:79} INFO - Using connection to: id: postgres. Host: postgres, Port: 5432, Schema: postgres, Login: airflow, Password: airflow, extra: {}
[2022-07-18 13:46:32,644] {logging_mixin.py:109} INFO - [2022-07-18 13:46:32,643] {dagbag.py:334} ERROR - Failed to import: /opt/airflow/dags/f101_to_local.py
Traceback (most recent call last):
  File "/home/airflow/.local/lib/python3.7/site-packages/airflow/models/dagbag.py", line 331, in _load_modules_from_file
    loader.exec_module(new_module)
  File "<frozen importlib._bootstrap_external>", line 728, in exec_module
  File "<frozen importlib._bootstrap>", line 219, in _call_with_frames_removed
  File "/opt/airflow/dags/f101_to_local.py", line 5, in <module>
    from core.constants import AIRFLOW_HOME
  File "/usr/local/lib/python3.7/site-packages/core/__init__.py", line 6, in <module>
    from core.Mirror import Mirror
  File "/usr/local/lib/python3.7/site-packages/core/Mirror.py", line 2, in <module>
    from pyspark.sql import SparkSession
ModuleNotFoundError: No module named 'pyspark'
[2022-07-18 13:46:32,647] {processor.py:656} WARNING - No viable dags retrieved from /opt/airflow/dags/f101_to_local.py
[2022-07-18 13:46:32,660] {processor.py:171} INFO - Processing /opt/airflow/dags/f101_to_local.py took 0.419 seconds
[2022-07-18 13:47:02,684] {processor.py:163} INFO - Started process (PID=589) to work on /opt/airflow/dags/f101_to_local.py
[2022-07-18 13:47:02,685] {processor.py:642} INFO - Processing file /opt/airflow/dags/f101_to_local.py for tasks to queue
[2022-07-18 13:47:02,686] {logging_mixin.py:109} INFO - [2022-07-18 13:47:02,686] {dagbag.py:500} INFO - Filling up the DagBag from /opt/airflow/dags/f101_to_local.py
[2022-07-18 13:47:02,706] {logging_mixin.py:109} INFO - [2022-07-18 13:47:02,706] {base.py:79} INFO - Using connection to: id: postgres. Host: postgres, Port: 5432, Schema: postgres, Login: airflow, Password: airflow, extra: {}
[2022-07-18 13:47:03,106] {logging_mixin.py:109} INFO - [2022-07-18 13:47:03,105] {dagbag.py:334} ERROR - Failed to import: /opt/airflow/dags/f101_to_local.py
Traceback (most recent call last):
  File "/home/airflow/.local/lib/python3.7/site-packages/airflow/models/dagbag.py", line 331, in _load_modules_from_file
    loader.exec_module(new_module)
  File "<frozen importlib._bootstrap_external>", line 728, in exec_module
  File "<frozen importlib._bootstrap>", line 219, in _call_with_frames_removed
  File "/opt/airflow/dags/f101_to_local.py", line 5, in <module>
    from core.constants import AIRFLOW_HOME
  File "/usr/local/lib/python3.7/site-packages/core/__init__.py", line 6, in <module>
    from core.Mirror import Mirror
  File "/usr/local/lib/python3.7/site-packages/core/Mirror.py", line 2, in <module>
    from pyspark.sql import SparkSession
ModuleNotFoundError: No module named 'pyspark'
[2022-07-18 13:47:03,109] {processor.py:656} WARNING - No viable dags retrieved from /opt/airflow/dags/f101_to_local.py
[2022-07-18 13:47:03,119] {processor.py:171} INFO - Processing /opt/airflow/dags/f101_to_local.py took 0.438 seconds
[2022-07-18 13:47:34,120] {processor.py:163} INFO - Started process (PID=652) to work on /opt/airflow/dags/f101_to_local.py
[2022-07-18 13:47:34,121] {processor.py:642} INFO - Processing file /opt/airflow/dags/f101_to_local.py for tasks to queue
[2022-07-18 13:47:34,121] {logging_mixin.py:109} INFO - [2022-07-18 13:47:34,121] {dagbag.py:500} INFO - Filling up the DagBag from /opt/airflow/dags/f101_to_local.py
[2022-07-18 13:47:34,141] {logging_mixin.py:109} INFO - [2022-07-18 13:47:34,141] {base.py:79} INFO - Using connection to: id: postgres. Host: postgres, Port: 5432, Schema: postgres, Login: airflow, Password: airflow, extra: {}
[2022-07-18 13:47:34,557] {logging_mixin.py:109} INFO - [2022-07-18 13:47:34,556] {dagbag.py:334} ERROR - Failed to import: /opt/airflow/dags/f101_to_local.py
Traceback (most recent call last):
  File "/home/airflow/.local/lib/python3.7/site-packages/airflow/models/dagbag.py", line 331, in _load_modules_from_file
    loader.exec_module(new_module)
  File "<frozen importlib._bootstrap_external>", line 728, in exec_module
  File "<frozen importlib._bootstrap>", line 219, in _call_with_frames_removed
  File "/opt/airflow/dags/f101_to_local.py", line 5, in <module>
    from core.constants import AIRFLOW_HOME
  File "/usr/local/lib/python3.7/site-packages/core/__init__.py", line 6, in <module>
    from core.Mirror import Mirror
  File "/usr/local/lib/python3.7/site-packages/core/Mirror.py", line 2, in <module>
    from pyspark.sql import SparkSession
ModuleNotFoundError: No module named 'pyspark'
[2022-07-18 13:47:34,560] {processor.py:656} WARNING - No viable dags retrieved from /opt/airflow/dags/f101_to_local.py
[2022-07-18 13:47:34,567] {processor.py:171} INFO - Processing /opt/airflow/dags/f101_to_local.py took 0.450 seconds
[2022-07-18 13:48:04,585] {processor.py:163} INFO - Started process (PID=716) to work on /opt/airflow/dags/f101_to_local.py
[2022-07-18 13:48:04,591] {processor.py:642} INFO - Processing file /opt/airflow/dags/f101_to_local.py for tasks to queue
[2022-07-18 13:48:04,591] {logging_mixin.py:109} INFO - [2022-07-18 13:48:04,591] {dagbag.py:500} INFO - Filling up the DagBag from /opt/airflow/dags/f101_to_local.py
[2022-07-18 13:48:04,612] {logging_mixin.py:109} INFO - [2022-07-18 13:48:04,612] {base.py:79} INFO - Using connection to: id: postgres. Host: postgres, Port: 5432, Schema: postgres, Login: airflow, Password: airflow, extra: {}
[2022-07-18 13:48:04,990] {logging_mixin.py:109} INFO - [2022-07-18 13:48:04,990] {dagbag.py:334} ERROR - Failed to import: /opt/airflow/dags/f101_to_local.py
Traceback (most recent call last):
  File "/home/airflow/.local/lib/python3.7/site-packages/airflow/models/dagbag.py", line 331, in _load_modules_from_file
    loader.exec_module(new_module)
  File "<frozen importlib._bootstrap_external>", line 728, in exec_module
  File "<frozen importlib._bootstrap>", line 219, in _call_with_frames_removed
  File "/opt/airflow/dags/f101_to_local.py", line 5, in <module>
    from core.constants import AIRFLOW_HOME
  File "/usr/local/lib/python3.7/site-packages/core/__init__.py", line 6, in <module>
    from core.Mirror import Mirror
  File "/usr/local/lib/python3.7/site-packages/core/Mirror.py", line 2, in <module>
    from pyspark.sql import SparkSession
ModuleNotFoundError: No module named 'pyspark'
[2022-07-18 13:48:04,994] {processor.py:656} WARNING - No viable dags retrieved from /opt/airflow/dags/f101_to_local.py
[2022-07-18 13:48:05,000] {processor.py:171} INFO - Processing /opt/airflow/dags/f101_to_local.py took 0.418 seconds
