[2022-07-18 13:42:20,040] {processor.py:163} INFO - Started process (PID=30) to work on /opt/airflow/dags/mirror_calc.py
[2022-07-18 13:42:20,044] {processor.py:642} INFO - Processing file /opt/airflow/dags/mirror_calc.py for tasks to queue
[2022-07-18 13:42:20,045] {logging_mixin.py:109} INFO - [2022-07-18 13:42:20,045] {dagbag.py:500} INFO - Filling up the DagBag from /opt/airflow/dags/mirror_calc.py
[2022-07-18 13:42:20,140] {logging_mixin.py:109} INFO - [2022-07-18 13:42:20,140] {base.py:79} INFO - Using connection to: id: postgres. Host: postgres, Port: 5432, Schema: postgres, Login: airflow, Password: airflow, extra: {}
[2022-07-18 13:42:23,220] {logging_mixin.py:109} INFO - [2022-07-18 13:42:23,218] {dagbag.py:334} ERROR - Failed to import: /opt/airflow/dags/mirror_calc.py
Traceback (most recent call last):
  File "/home/airflow/.local/lib/python3.7/site-packages/airflow/models/dagbag.py", line 331, in _load_modules_from_file
    loader.exec_module(new_module)
  File "<frozen importlib._bootstrap_external>", line 728, in exec_module
  File "<frozen importlib._bootstrap>", line 219, in _call_with_frames_removed
  File "/opt/airflow/dags/mirror_calc.py", line 7, in <module>
    import core
  File "/usr/local/lib/python3.7/site-packages/core/__init__.py", line 6, in <module>
    from core.Mirror import Mirror
  File "/usr/local/lib/python3.7/site-packages/core/Mirror.py", line 2, in <module>
    from pyspark.sql import SparkSession
ModuleNotFoundError: No module named 'pyspark'
[2022-07-18 13:42:23,228] {processor.py:656} WARNING - No viable dags retrieved from /opt/airflow/dags/mirror_calc.py
[2022-07-18 13:42:23,253] {processor.py:171} INFO - Processing /opt/airflow/dags/mirror_calc.py took 3.223 seconds
[2022-07-18 13:42:54,106] {processor.py:163} INFO - Started process (PID=99) to work on /opt/airflow/dags/mirror_calc.py
[2022-07-18 13:42:54,108] {processor.py:642} INFO - Processing file /opt/airflow/dags/mirror_calc.py for tasks to queue
[2022-07-18 13:42:54,108] {logging_mixin.py:109} INFO - [2022-07-18 13:42:54,108] {dagbag.py:500} INFO - Filling up the DagBag from /opt/airflow/dags/mirror_calc.py
[2022-07-18 13:42:54,138] {logging_mixin.py:109} INFO - [2022-07-18 13:42:54,138] {base.py:79} INFO - Using connection to: id: postgres. Host: postgres, Port: 5432, Schema: postgres, Login: airflow, Password: airflow, extra: {}
[2022-07-18 13:42:54,524] {logging_mixin.py:109} INFO - [2022-07-18 13:42:54,523] {dagbag.py:334} ERROR - Failed to import: /opt/airflow/dags/mirror_calc.py
Traceback (most recent call last):
  File "/home/airflow/.local/lib/python3.7/site-packages/airflow/models/dagbag.py", line 331, in _load_modules_from_file
    loader.exec_module(new_module)
  File "<frozen importlib._bootstrap_external>", line 728, in exec_module
  File "<frozen importlib._bootstrap>", line 219, in _call_with_frames_removed
  File "/opt/airflow/dags/mirror_calc.py", line 7, in <module>
    import core
  File "/usr/local/lib/python3.7/site-packages/core/__init__.py", line 6, in <module>
    from core.Mirror import Mirror
  File "/usr/local/lib/python3.7/site-packages/core/Mirror.py", line 2, in <module>
    from pyspark.sql import SparkSession
ModuleNotFoundError: No module named 'pyspark'
[2022-07-18 13:42:54,528] {processor.py:656} WARNING - No viable dags retrieved from /opt/airflow/dags/mirror_calc.py
[2022-07-18 13:42:54,542] {processor.py:171} INFO - Processing /opt/airflow/dags/mirror_calc.py took 0.438 seconds
[2022-07-18 13:43:24,856] {processor.py:163} INFO - Started process (PID=162) to work on /opt/airflow/dags/mirror_calc.py
[2022-07-18 13:43:24,862] {processor.py:642} INFO - Processing file /opt/airflow/dags/mirror_calc.py for tasks to queue
[2022-07-18 13:43:24,863] {logging_mixin.py:109} INFO - [2022-07-18 13:43:24,863] {dagbag.py:500} INFO - Filling up the DagBag from /opt/airflow/dags/mirror_calc.py
[2022-07-18 13:43:24,884] {logging_mixin.py:109} INFO - [2022-07-18 13:43:24,884] {base.py:79} INFO - Using connection to: id: postgres. Host: postgres, Port: 5432, Schema: postgres, Login: airflow, Password: airflow, extra: {}
[2022-07-18 13:43:25,268] {logging_mixin.py:109} INFO - [2022-07-18 13:43:25,267] {dagbag.py:334} ERROR - Failed to import: /opt/airflow/dags/mirror_calc.py
Traceback (most recent call last):
  File "/home/airflow/.local/lib/python3.7/site-packages/airflow/models/dagbag.py", line 331, in _load_modules_from_file
    loader.exec_module(new_module)
  File "<frozen importlib._bootstrap_external>", line 728, in exec_module
  File "<frozen importlib._bootstrap>", line 219, in _call_with_frames_removed
  File "/opt/airflow/dags/mirror_calc.py", line 7, in <module>
    import core
  File "/usr/local/lib/python3.7/site-packages/core/__init__.py", line 6, in <module>
    from core.Mirror import Mirror
  File "/usr/local/lib/python3.7/site-packages/core/Mirror.py", line 2, in <module>
    from pyspark.sql import SparkSession
ModuleNotFoundError: No module named 'pyspark'
[2022-07-18 13:43:25,271] {processor.py:656} WARNING - No viable dags retrieved from /opt/airflow/dags/mirror_calc.py
[2022-07-18 13:43:25,278] {processor.py:171} INFO - Processing /opt/airflow/dags/mirror_calc.py took 0.424 seconds
[2022-07-18 13:43:55,683] {processor.py:163} INFO - Started process (PID=223) to work on /opt/airflow/dags/mirror_calc.py
[2022-07-18 13:43:55,684] {processor.py:642} INFO - Processing file /opt/airflow/dags/mirror_calc.py for tasks to queue
[2022-07-18 13:43:55,685] {logging_mixin.py:109} INFO - [2022-07-18 13:43:55,685] {dagbag.py:500} INFO - Filling up the DagBag from /opt/airflow/dags/mirror_calc.py
[2022-07-18 13:43:55,707] {logging_mixin.py:109} INFO - [2022-07-18 13:43:55,707] {base.py:79} INFO - Using connection to: id: postgres. Host: postgres, Port: 5432, Schema: postgres, Login: airflow, Password: airflow, extra: {}
[2022-07-18 13:43:56,043] {logging_mixin.py:109} INFO - [2022-07-18 13:43:56,042] {dagbag.py:334} ERROR - Failed to import: /opt/airflow/dags/mirror_calc.py
Traceback (most recent call last):
  File "/home/airflow/.local/lib/python3.7/site-packages/airflow/models/dagbag.py", line 331, in _load_modules_from_file
    loader.exec_module(new_module)
  File "<frozen importlib._bootstrap_external>", line 728, in exec_module
  File "<frozen importlib._bootstrap>", line 219, in _call_with_frames_removed
  File "/opt/airflow/dags/mirror_calc.py", line 7, in <module>
    import core
  File "/usr/local/lib/python3.7/site-packages/core/__init__.py", line 6, in <module>
    from core.Mirror import Mirror
  File "/usr/local/lib/python3.7/site-packages/core/Mirror.py", line 2, in <module>
    from pyspark.sql import SparkSession
ModuleNotFoundError: No module named 'pyspark'
[2022-07-18 13:43:56,047] {processor.py:656} WARNING - No viable dags retrieved from /opt/airflow/dags/mirror_calc.py
[2022-07-18 13:43:56,066] {processor.py:171} INFO - Processing /opt/airflow/dags/mirror_calc.py took 0.386 seconds
[2022-07-18 13:44:26,119] {processor.py:163} INFO - Started process (PID=279) to work on /opt/airflow/dags/mirror_calc.py
[2022-07-18 13:44:26,120] {processor.py:642} INFO - Processing file /opt/airflow/dags/mirror_calc.py for tasks to queue
[2022-07-18 13:44:26,120] {logging_mixin.py:109} INFO - [2022-07-18 13:44:26,120] {dagbag.py:500} INFO - Filling up the DagBag from /opt/airflow/dags/mirror_calc.py
[2022-07-18 13:44:26,143] {logging_mixin.py:109} INFO - [2022-07-18 13:44:26,143] {base.py:79} INFO - Using connection to: id: postgres. Host: postgres, Port: 5432, Schema: postgres, Login: airflow, Password: airflow, extra: {}
[2022-07-18 13:44:26,520] {logging_mixin.py:109} INFO - [2022-07-18 13:44:26,519] {dagbag.py:334} ERROR - Failed to import: /opt/airflow/dags/mirror_calc.py
Traceback (most recent call last):
  File "/home/airflow/.local/lib/python3.7/site-packages/airflow/models/dagbag.py", line 331, in _load_modules_from_file
    loader.exec_module(new_module)
  File "<frozen importlib._bootstrap_external>", line 728, in exec_module
  File "<frozen importlib._bootstrap>", line 219, in _call_with_frames_removed
  File "/opt/airflow/dags/mirror_calc.py", line 7, in <module>
    import core
  File "/usr/local/lib/python3.7/site-packages/core/__init__.py", line 6, in <module>
    from core.Mirror import Mirror
  File "/usr/local/lib/python3.7/site-packages/core/Mirror.py", line 2, in <module>
    from pyspark.sql import SparkSession
ModuleNotFoundError: No module named 'pyspark'
[2022-07-18 13:44:26,523] {processor.py:656} WARNING - No viable dags retrieved from /opt/airflow/dags/mirror_calc.py
[2022-07-18 13:44:26,529] {processor.py:171} INFO - Processing /opt/airflow/dags/mirror_calc.py took 0.413 seconds
[2022-07-18 13:44:56,576] {processor.py:163} INFO - Started process (PID=342) to work on /opt/airflow/dags/mirror_calc.py
[2022-07-18 13:44:56,582] {processor.py:642} INFO - Processing file /opt/airflow/dags/mirror_calc.py for tasks to queue
[2022-07-18 13:44:56,583] {logging_mixin.py:109} INFO - [2022-07-18 13:44:56,582] {dagbag.py:500} INFO - Filling up the DagBag from /opt/airflow/dags/mirror_calc.py
[2022-07-18 13:44:56,605] {logging_mixin.py:109} INFO - [2022-07-18 13:44:56,605] {base.py:79} INFO - Using connection to: id: postgres. Host: postgres, Port: 5432, Schema: postgres, Login: airflow, Password: airflow, extra: {}
[2022-07-18 13:44:56,979] {logging_mixin.py:109} INFO - [2022-07-18 13:44:56,978] {dagbag.py:334} ERROR - Failed to import: /opt/airflow/dags/mirror_calc.py
Traceback (most recent call last):
  File "/home/airflow/.local/lib/python3.7/site-packages/airflow/models/dagbag.py", line 331, in _load_modules_from_file
    loader.exec_module(new_module)
  File "<frozen importlib._bootstrap_external>", line 728, in exec_module
  File "<frozen importlib._bootstrap>", line 219, in _call_with_frames_removed
  File "/opt/airflow/dags/mirror_calc.py", line 7, in <module>
    import core
  File "/usr/local/lib/python3.7/site-packages/core/__init__.py", line 6, in <module>
    from core.Mirror import Mirror
  File "/usr/local/lib/python3.7/site-packages/core/Mirror.py", line 2, in <module>
    from pyspark.sql import SparkSession
ModuleNotFoundError: No module named 'pyspark'
[2022-07-18 13:44:56,983] {processor.py:656} WARNING - No viable dags retrieved from /opt/airflow/dags/mirror_calc.py
[2022-07-18 13:44:56,989] {processor.py:171} INFO - Processing /opt/airflow/dags/mirror_calc.py took 0.415 seconds
[2022-07-18 13:45:28,006] {processor.py:163} INFO - Started process (PID=396) to work on /opt/airflow/dags/mirror_calc.py
[2022-07-18 13:45:28,007] {processor.py:642} INFO - Processing file /opt/airflow/dags/mirror_calc.py for tasks to queue
[2022-07-18 13:45:28,008] {logging_mixin.py:109} INFO - [2022-07-18 13:45:28,008] {dagbag.py:500} INFO - Filling up the DagBag from /opt/airflow/dags/mirror_calc.py
[2022-07-18 13:45:28,029] {logging_mixin.py:109} INFO - [2022-07-18 13:45:28,029] {base.py:79} INFO - Using connection to: id: postgres. Host: postgres, Port: 5432, Schema: postgres, Login: airflow, Password: airflow, extra: {}
[2022-07-18 13:45:28,391] {logging_mixin.py:109} INFO - [2022-07-18 13:45:28,390] {dagbag.py:334} ERROR - Failed to import: /opt/airflow/dags/mirror_calc.py
Traceback (most recent call last):
  File "/home/airflow/.local/lib/python3.7/site-packages/airflow/models/dagbag.py", line 331, in _load_modules_from_file
    loader.exec_module(new_module)
  File "<frozen importlib._bootstrap_external>", line 728, in exec_module
  File "<frozen importlib._bootstrap>", line 219, in _call_with_frames_removed
  File "/opt/airflow/dags/mirror_calc.py", line 7, in <module>
    import core
  File "/usr/local/lib/python3.7/site-packages/core/__init__.py", line 6, in <module>
    from core.Mirror import Mirror
  File "/usr/local/lib/python3.7/site-packages/core/Mirror.py", line 2, in <module>
    from pyspark.sql import SparkSession
ModuleNotFoundError: No module named 'pyspark'
[2022-07-18 13:45:28,394] {processor.py:656} WARNING - No viable dags retrieved from /opt/airflow/dags/mirror_calc.py
[2022-07-18 13:45:28,405] {processor.py:171} INFO - Processing /opt/airflow/dags/mirror_calc.py took 0.402 seconds
[2022-07-18 13:45:58,450] {processor.py:163} INFO - Started process (PID=460) to work on /opt/airflow/dags/mirror_calc.py
[2022-07-18 13:45:58,451] {processor.py:642} INFO - Processing file /opt/airflow/dags/mirror_calc.py for tasks to queue
[2022-07-18 13:45:58,452] {logging_mixin.py:109} INFO - [2022-07-18 13:45:58,452] {dagbag.py:500} INFO - Filling up the DagBag from /opt/airflow/dags/mirror_calc.py
[2022-07-18 13:45:58,474] {logging_mixin.py:109} INFO - [2022-07-18 13:45:58,474] {base.py:79} INFO - Using connection to: id: postgres. Host: postgres, Port: 5432, Schema: postgres, Login: airflow, Password: airflow, extra: {}
[2022-07-18 13:45:58,847] {logging_mixin.py:109} INFO - [2022-07-18 13:45:58,846] {dagbag.py:334} ERROR - Failed to import: /opt/airflow/dags/mirror_calc.py
Traceback (most recent call last):
  File "/home/airflow/.local/lib/python3.7/site-packages/airflow/models/dagbag.py", line 331, in _load_modules_from_file
    loader.exec_module(new_module)
  File "<frozen importlib._bootstrap_external>", line 728, in exec_module
  File "<frozen importlib._bootstrap>", line 219, in _call_with_frames_removed
  File "/opt/airflow/dags/mirror_calc.py", line 7, in <module>
    import core
  File "/usr/local/lib/python3.7/site-packages/core/__init__.py", line 6, in <module>
    from core.Mirror import Mirror
  File "/usr/local/lib/python3.7/site-packages/core/Mirror.py", line 2, in <module>
    from pyspark.sql import SparkSession
ModuleNotFoundError: No module named 'pyspark'
[2022-07-18 13:45:58,856] {processor.py:656} WARNING - No viable dags retrieved from /opt/airflow/dags/mirror_calc.py
[2022-07-18 13:45:58,862] {processor.py:171} INFO - Processing /opt/airflow/dags/mirror_calc.py took 0.415 seconds
[2022-07-18 13:46:29,825] {processor.py:163} INFO - Started process (PID=523) to work on /opt/airflow/dags/mirror_calc.py
[2022-07-18 13:46:29,827] {processor.py:642} INFO - Processing file /opt/airflow/dags/mirror_calc.py for tasks to queue
[2022-07-18 13:46:29,827] {logging_mixin.py:109} INFO - [2022-07-18 13:46:29,827] {dagbag.py:500} INFO - Filling up the DagBag from /opt/airflow/dags/mirror_calc.py
[2022-07-18 13:46:29,849] {logging_mixin.py:109} INFO - [2022-07-18 13:46:29,849] {base.py:79} INFO - Using connection to: id: postgres. Host: postgres, Port: 5432, Schema: postgres, Login: airflow, Password: airflow, extra: {}
[2022-07-18 13:46:30,223] {logging_mixin.py:109} INFO - [2022-07-18 13:46:30,222] {dagbag.py:334} ERROR - Failed to import: /opt/airflow/dags/mirror_calc.py
Traceback (most recent call last):
  File "/home/airflow/.local/lib/python3.7/site-packages/airflow/models/dagbag.py", line 331, in _load_modules_from_file
    loader.exec_module(new_module)
  File "<frozen importlib._bootstrap_external>", line 728, in exec_module
  File "<frozen importlib._bootstrap>", line 219, in _call_with_frames_removed
  File "/opt/airflow/dags/mirror_calc.py", line 7, in <module>
    import core
  File "/usr/local/lib/python3.7/site-packages/core/__init__.py", line 6, in <module>
    from core.Mirror import Mirror
  File "/usr/local/lib/python3.7/site-packages/core/Mirror.py", line 2, in <module>
    from pyspark.sql import SparkSession
ModuleNotFoundError: No module named 'pyspark'
[2022-07-18 13:46:30,226] {processor.py:656} WARNING - No viable dags retrieved from /opt/airflow/dags/mirror_calc.py
[2022-07-18 13:46:30,233] {processor.py:171} INFO - Processing /opt/airflow/dags/mirror_calc.py took 0.410 seconds
[2022-07-18 13:47:00,272] {processor.py:163} INFO - Started process (PID=577) to work on /opt/airflow/dags/mirror_calc.py
[2022-07-18 13:47:00,273] {processor.py:642} INFO - Processing file /opt/airflow/dags/mirror_calc.py for tasks to queue
[2022-07-18 13:47:00,273] {logging_mixin.py:109} INFO - [2022-07-18 13:47:00,273] {dagbag.py:500} INFO - Filling up the DagBag from /opt/airflow/dags/mirror_calc.py
[2022-07-18 13:47:00,295] {logging_mixin.py:109} INFO - [2022-07-18 13:47:00,295] {base.py:79} INFO - Using connection to: id: postgres. Host: postgres, Port: 5432, Schema: postgres, Login: airflow, Password: airflow, extra: {}
[2022-07-18 13:47:00,659] {logging_mixin.py:109} INFO - [2022-07-18 13:47:00,658] {dagbag.py:334} ERROR - Failed to import: /opt/airflow/dags/mirror_calc.py
Traceback (most recent call last):
  File "/home/airflow/.local/lib/python3.7/site-packages/airflow/models/dagbag.py", line 331, in _load_modules_from_file
    loader.exec_module(new_module)
  File "<frozen importlib._bootstrap_external>", line 728, in exec_module
  File "<frozen importlib._bootstrap>", line 219, in _call_with_frames_removed
  File "/opt/airflow/dags/mirror_calc.py", line 7, in <module>
    import core
  File "/usr/local/lib/python3.7/site-packages/core/__init__.py", line 6, in <module>
    from core.Mirror import Mirror
  File "/usr/local/lib/python3.7/site-packages/core/Mirror.py", line 2, in <module>
    from pyspark.sql import SparkSession
ModuleNotFoundError: No module named 'pyspark'
[2022-07-18 13:47:00,662] {processor.py:656} WARNING - No viable dags retrieved from /opt/airflow/dags/mirror_calc.py
[2022-07-18 13:47:00,669] {processor.py:171} INFO - Processing /opt/airflow/dags/mirror_calc.py took 0.400 seconds
[2022-07-18 13:47:30,686] {processor.py:163} INFO - Started process (PID=641) to work on /opt/airflow/dags/mirror_calc.py
[2022-07-18 13:47:30,688] {processor.py:642} INFO - Processing file /opt/airflow/dags/mirror_calc.py for tasks to queue
[2022-07-18 13:47:30,689] {logging_mixin.py:109} INFO - [2022-07-18 13:47:30,689] {dagbag.py:500} INFO - Filling up the DagBag from /opt/airflow/dags/mirror_calc.py
[2022-07-18 13:47:30,714] {logging_mixin.py:109} INFO - [2022-07-18 13:47:30,714] {base.py:79} INFO - Using connection to: id: postgres. Host: postgres, Port: 5432, Schema: postgres, Login: airflow, Password: airflow, extra: {}
[2022-07-18 13:47:31,075] {logging_mixin.py:109} INFO - [2022-07-18 13:47:31,074] {dagbag.py:334} ERROR - Failed to import: /opt/airflow/dags/mirror_calc.py
Traceback (most recent call last):
  File "/home/airflow/.local/lib/python3.7/site-packages/airflow/models/dagbag.py", line 331, in _load_modules_from_file
    loader.exec_module(new_module)
  File "<frozen importlib._bootstrap_external>", line 728, in exec_module
  File "<frozen importlib._bootstrap>", line 219, in _call_with_frames_removed
  File "/opt/airflow/dags/mirror_calc.py", line 7, in <module>
    import core
  File "/usr/local/lib/python3.7/site-packages/core/__init__.py", line 6, in <module>
    from core.Mirror import Mirror
  File "/usr/local/lib/python3.7/site-packages/core/Mirror.py", line 2, in <module>
    from pyspark.sql import SparkSession
ModuleNotFoundError: No module named 'pyspark'
[2022-07-18 13:47:31,080] {processor.py:656} WARNING - No viable dags retrieved from /opt/airflow/dags/mirror_calc.py
[2022-07-18 13:47:31,092] {processor.py:171} INFO - Processing /opt/airflow/dags/mirror_calc.py took 0.409 seconds
[2022-07-18 13:48:01,147] {processor.py:163} INFO - Started process (PID=694) to work on /opt/airflow/dags/mirror_calc.py
[2022-07-18 13:48:01,148] {processor.py:642} INFO - Processing file /opt/airflow/dags/mirror_calc.py for tasks to queue
[2022-07-18 13:48:01,149] {logging_mixin.py:109} INFO - [2022-07-18 13:48:01,148] {dagbag.py:500} INFO - Filling up the DagBag from /opt/airflow/dags/mirror_calc.py
[2022-07-18 13:48:01,172] {logging_mixin.py:109} INFO - [2022-07-18 13:48:01,172] {base.py:79} INFO - Using connection to: id: postgres. Host: postgres, Port: 5432, Schema: postgres, Login: airflow, Password: airflow, extra: {}
[2022-07-18 13:48:01,551] {logging_mixin.py:109} INFO - [2022-07-18 13:48:01,550] {dagbag.py:334} ERROR - Failed to import: /opt/airflow/dags/mirror_calc.py
Traceback (most recent call last):
  File "/home/airflow/.local/lib/python3.7/site-packages/airflow/models/dagbag.py", line 331, in _load_modules_from_file
    loader.exec_module(new_module)
  File "<frozen importlib._bootstrap_external>", line 728, in exec_module
  File "<frozen importlib._bootstrap>", line 219, in _call_with_frames_removed
  File "/opt/airflow/dags/mirror_calc.py", line 7, in <module>
    import core
  File "/usr/local/lib/python3.7/site-packages/core/__init__.py", line 6, in <module>
    from core.Mirror import Mirror
  File "/usr/local/lib/python3.7/site-packages/core/Mirror.py", line 2, in <module>
    from pyspark.sql import SparkSession
ModuleNotFoundError: No module named 'pyspark'
[2022-07-18 13:48:01,554] {processor.py:656} WARNING - No viable dags retrieved from /opt/airflow/dags/mirror_calc.py
[2022-07-18 13:48:01,561] {processor.py:171} INFO - Processing /opt/airflow/dags/mirror_calc.py took 0.418 seconds
