[2022-06-08 10:23:20,538] {taskinstance.py:1159} INFO - Dependencies all met for <TaskInstance: CSV_TO_DS.SEND_DS_ft_balance_f manual__2022-06-08T10:23:17.747887+00:00 [queued]>
[2022-06-08 10:23:20,548] {taskinstance.py:1159} INFO - Dependencies all met for <TaskInstance: CSV_TO_DS.SEND_DS_ft_balance_f manual__2022-06-08T10:23:17.747887+00:00 [queued]>
[2022-06-08 10:23:20,548] {taskinstance.py:1356} INFO - 
--------------------------------------------------------------------------------
[2022-06-08 10:23:20,548] {taskinstance.py:1357} INFO - Starting attempt 1 of 2
[2022-06-08 10:23:20,548] {taskinstance.py:1358} INFO - 
--------------------------------------------------------------------------------
[2022-06-08 10:23:20,561] {taskinstance.py:1377} INFO - Executing <Task(PythonOperator): SEND_DS_ft_balance_f> on 2022-06-08 10:23:17.747887+00:00
[2022-06-08 10:23:20,565] {standard_task_runner.py:52} INFO - Started process 3640 to run task
[2022-06-08 10:23:20,569] {standard_task_runner.py:79} INFO - Running: ['***', 'tasks', 'run', 'CSV_TO_DS', 'SEND_DS_ft_balance_f', 'manual__2022-06-08T10:23:17.747887+00:00', '--job-id', '124', '--raw', '--subdir', 'DAGS_FOLDER/csv_to_ds.py', '--cfg-path', '/tmp/tmpw8novcn0', '--error-file', '/tmp/tmpsntcvs6z']
[2022-06-08 10:23:20,569] {standard_task_runner.py:80} INFO - Job 124: Subtask SEND_DS_ft_balance_f
[2022-06-08 10:23:20,621] {task_command.py:370} INFO - Running <TaskInstance: CSV_TO_DS.SEND_DS_ft_balance_f manual__2022-06-08T10:23:17.747887+00:00 [running]> on host 33a1fdf44d41
[2022-06-08 10:23:20,693] {taskinstance.py:1571} INFO - Exporting the following env vars:
AIRFLOW_CTX_DAG_OWNER=***
AIRFLOW_CTX_DAG_ID=CSV_TO_DS
AIRFLOW_CTX_TASK_ID=SEND_DS_ft_balance_f
AIRFLOW_CTX_EXECUTION_DATE=2022-06-08T10:23:17.747887+00:00
AIRFLOW_CTX_TRY_NUMBER=1
AIRFLOW_CTX_DAG_RUN_ID=manual__2022-06-08T10:23:17.747887+00:00
[2022-06-08 10:23:20,705] {base.py:68} INFO - Using connection ID 'postgres' for task execution.
[2022-06-08 10:23:20,706] {taskinstance.py:1889} ERROR - Task failed with exception
Traceback (most recent call last):
  File "/home/airflow/.local/lib/python3.7/site-packages/airflow/operators/python.py", line 171, in execute
    return_value = self.execute_callable()
  File "/home/airflow/.local/lib/python3.7/site-packages/airflow/operators/python.py", line 189, in execute_callable
    return self.python_callable(*self.op_args, **self.op_kwargs)
  File "/opt/airflow/dags/csv_to_ds.py", line 69, in send_csv_to_ds
    time_start_load = datetime.datetime.now(tz_moscow)
AttributeError: type object 'datetime.datetime' has no attribute 'datetime'
[2022-06-08 10:23:20,714] {taskinstance.py:1400} INFO - Marking task as UP_FOR_RETRY. dag_id=CSV_TO_DS, task_id=SEND_DS_ft_balance_f, execution_date=20220608T102317, start_date=20220608T102320, end_date=20220608T102320
[2022-06-08 10:23:20,726] {standard_task_runner.py:97} ERROR - Failed to execute job 124 for task SEND_DS_ft_balance_f (type object 'datetime.datetime' has no attribute 'datetime'; 3640)
[2022-06-08 10:23:20,742] {local_task_job.py:156} INFO - Task exited with return code 1
[2022-06-08 10:23:20,797] {local_task_job.py:273} INFO - 0 downstream tasks scheduled from follow-on schedule check
