[2022-06-22 07:45:26,946] {taskinstance.py:1032} INFO - Dependencies all met for <TaskInstance: CSV_TO_DS.SEND_DS_ft_posting_f scheduled__2022-06-20T21:26:59.328971+00:00 [queued]>
[2022-06-22 07:45:27,010] {taskinstance.py:1032} INFO - Dependencies all met for <TaskInstance: CSV_TO_DS.SEND_DS_ft_posting_f scheduled__2022-06-20T21:26:59.328971+00:00 [queued]>
[2022-06-22 07:45:27,015] {taskinstance.py:1238} INFO - 
--------------------------------------------------------------------------------
[2022-06-22 07:45:27,017] {taskinstance.py:1239} INFO - Starting attempt 1 of 2
[2022-06-22 07:45:27,017] {taskinstance.py:1240} INFO - 
--------------------------------------------------------------------------------
[2022-06-22 07:45:27,133] {taskinstance.py:1259} INFO - Executing <Task(PythonOperator): SEND_DS_ft_posting_f> on 2022-06-20 21:26:59.328971+00:00
[2022-06-22 07:45:27,172] {standard_task_runner.py:76} INFO - Running: ['***', 'tasks', 'run', 'CSV_TO_DS', 'SEND_DS_ft_posting_f', 'scheduled__2022-06-20T21:26:59.328971+00:00', '--job-id', '940', '--raw', '--subdir', 'DAGS_FOLDER/csv_to_ds.py', '--cfg-path', '/tmp/tmpkj8lj1dt', '--error-file', '/tmp/tmp6mishte1']
[2022-06-22 07:45:27,162] {standard_task_runner.py:52} INFO - Started process 290 to run task
[2022-06-22 07:45:27,187] {standard_task_runner.py:77} INFO - Job 940: Subtask SEND_DS_ft_posting_f
[2022-06-22 07:45:27,506] {logging_mixin.py:109} INFO - Running <TaskInstance: CSV_TO_DS.SEND_DS_ft_posting_f scheduled__2022-06-20T21:26:59.328971+00:00 [running]> on host a0a302277daf
[2022-06-22 07:45:27,723] {taskinstance.py:1426} INFO - Exporting the following env vars:
AIRFLOW_CTX_DAG_OWNER=***
AIRFLOW_CTX_DAG_ID=CSV_TO_DS
AIRFLOW_CTX_TASK_ID=SEND_DS_ft_posting_f
AIRFLOW_CTX_EXECUTION_DATE=2022-06-20T21:26:59.328971+00:00
AIRFLOW_CTX_DAG_RUN_ID=scheduled__2022-06-20T21:26:59.328971+00:00
[2022-06-22 07:45:27,913] {CsvToDs.py:49} INFO -    id   OPER_DATE  ...  CREDIT_AMOUNT  DEBET_AMOUNT
0   1  2018-01-09  ...       94333.93      18337.76
1   2  2018-01-09  ...       68294.14      31542.06
2   3  2018-01-09  ...        2192.96      98734.33
3   4  2018-01-09  ...       44179.86      98544.65
4   5  2018-01-09  ...       18843.05        889.74

[5 rows x 6 columns]
[2022-06-22 07:45:27,998] {CsvToDs.py:58} INFO - Column oper_date changed date-time format
[2022-06-22 07:45:27,998] {CsvToDs.py:64} INFO - Table ft_posting_f read in pandas success. 
[2022-06-22 07:45:28,027] {CsvToDs.py:65} INFO - 
    id  oper_date  ...  credit_amount  debet_amount
0   1 2018-01-09  ...       94333.93      18337.76
1   2 2018-01-09  ...       68294.14      31542.06
2   3 2018-01-09  ...        2192.96      98734.33
3   4 2018-01-09  ...       44179.86      98544.65
4   5 2018-01-09  ...       18843.05        889.74

[5 rows x 6 columns]
[2022-06-22 07:45:35,005] {CsvToDs.py:108} INFO -  Table ft_posting_f in ds schema has updated success. 
[2022-06-22 07:45:40,020] {python.py:175} INFO - Done. Returned value was: None
[2022-06-22 07:45:40,028] {taskinstance.py:1277} INFO - Marking task as SUCCESS. dag_id=CSV_TO_DS, task_id=SEND_DS_ft_posting_f, execution_date=20220620T212659, start_date=20220622T074526, end_date=20220622T074540
[2022-06-22 07:45:40,072] {local_task_job.py:154} INFO - Task exited with return code 0
[2022-06-22 07:45:40,097] {local_task_job.py:264} INFO - 0 downstream tasks scheduled from follow-on schedule check
