[2022-07-22 16:50:01,159] {taskinstance.py:1032} INFO - Dependencies all met for <TaskInstance: MIRR_MD_ACCOUNT_D.load_mirror_md_account_d scheduled__2022-07-22T16:45:00+00:00 [queued]>
[2022-07-22 16:50:01,168] {taskinstance.py:1032} INFO - Dependencies all met for <TaskInstance: MIRR_MD_ACCOUNT_D.load_mirror_md_account_d scheduled__2022-07-22T16:45:00+00:00 [queued]>
[2022-07-22 16:50:01,168] {taskinstance.py:1238} INFO - 
--------------------------------------------------------------------------------
[2022-07-22 16:50:01,168] {taskinstance.py:1239} INFO - Starting attempt 1 of 2
[2022-07-22 16:50:01,168] {taskinstance.py:1240} INFO - 
--------------------------------------------------------------------------------
[2022-07-22 16:50:01,179] {taskinstance.py:1259} INFO - Executing <Task(BashOperator): load_mirror_md_account_d> on 2022-07-22 16:45:00+00:00
[2022-07-22 16:50:01,182] {standard_task_runner.py:52} INFO - Started process 6677 to run task
[2022-07-22 16:50:01,185] {standard_task_runner.py:76} INFO - Running: ['***', 'tasks', 'run', 'MIRR_MD_ACCOUNT_D', 'load_mirror_md_account_d', 'scheduled__2022-07-22T16:45:00+00:00', '--job-id', '108', '--raw', '--subdir', 'DAGS_FOLDER/mirror_calc.py', '--cfg-path', '/tmp/tmpy9qkcwqp', '--error-file', '/tmp/tmpwd3t9x9r']
[2022-07-22 16:50:01,185] {standard_task_runner.py:77} INFO - Job 108: Subtask load_mirror_md_account_d
[2022-07-22 16:50:01,231] {logging_mixin.py:109} INFO - Running <TaskInstance: MIRR_MD_ACCOUNT_D.load_mirror_md_account_d scheduled__2022-07-22T16:45:00+00:00 [running]> on host 156c91590481
[2022-07-22 16:50:01,273] {taskinstance.py:1426} INFO - Exporting the following env vars:
AIRFLOW_CTX_DAG_OWNER=***
AIRFLOW_CTX_DAG_ID=MIRR_MD_ACCOUNT_D
AIRFLOW_CTX_TASK_ID=load_mirror_md_account_d
AIRFLOW_CTX_EXECUTION_DATE=2022-07-22T16:45:00+00:00
AIRFLOW_CTX_DAG_RUN_ID=scheduled__2022-07-22T16:45:00+00:00
[2022-07-22 16:50:01,274] {subprocess.py:62} INFO - Tmp dir root location: 
 /tmp
[2022-07-22 16:50:01,275] {subprocess.py:74} INFO - Running command: ['bash', '-c', 'spark-submit --packages io.delta:delta-core_2.12:1.0.0 --conf "spark.sql.extensions=io.delta.sql.DeltaSparkSessionExtension" --conf "spark.sql.catalog.spark_catalog=org.apache.spark.sql.delta.catalog.DeltaCatalog" /opt/***/core/test.py']
[2022-07-22 16:50:01,283] {subprocess.py:85} INFO - Output:
[2022-07-22 16:50:02,468] {subprocess.py:89} INFO - :: loading settings :: url = jar:file:/usr/local/spark/assembly/target/scala-2.12/jars/ivy-2.4.0.jar!/org/apache/ivy/core/settings/ivysettings.xml
[2022-07-22 16:50:02,538] {subprocess.py:89} INFO - Ivy Default Cache set to: /home/***/.ivy2/cache
[2022-07-22 16:50:02,539] {subprocess.py:89} INFO - The jars for the packages stored in: /home/***/.ivy2/jars
[2022-07-22 16:50:02,544] {subprocess.py:89} INFO - io.delta#delta-core_2.12 added as a dependency
[2022-07-22 16:50:02,546] {subprocess.py:89} INFO - :: resolving dependencies :: org.apache.spark#spark-submit-parent-82208b52-f994-4eaa-9b1c-cf85b70e1818;1.0
[2022-07-22 16:50:02,546] {subprocess.py:89} INFO - 	confs: [default]
[2022-07-22 16:50:02,635] {subprocess.py:89} INFO - 	found io.delta#delta-core_2.12;1.0.0 in central
[2022-07-22 16:50:02,658] {subprocess.py:89} INFO - 	found org.antlr#antlr4;4.7 in central
[2022-07-22 16:50:02,680] {subprocess.py:89} INFO - 	found org.antlr#antlr4-runtime;4.7 in central
[2022-07-22 16:50:02,702] {subprocess.py:89} INFO - 	found org.antlr#antlr-runtime;3.5.2 in central
[2022-07-22 16:50:02,719] {subprocess.py:89} INFO - 	found org.antlr#ST4;4.0.8 in central
[2022-07-22 16:50:02,739] {subprocess.py:89} INFO - 	found org.abego.treelayout#org.abego.treelayout.core;1.0.3 in central
[2022-07-22 16:50:02,756] {subprocess.py:89} INFO - 	found org.glassfish#javax.json;1.0.4 in central
[2022-07-22 16:50:02,777] {subprocess.py:89} INFO - 	found com.ibm.icu#icu4j;58.2 in central
[2022-07-22 16:50:02,803] {subprocess.py:89} INFO - :: resolution report :: resolve 247ms :: artifacts dl 9ms
[2022-07-22 16:50:02,803] {subprocess.py:89} INFO - 	:: modules in use:
[2022-07-22 16:50:02,803] {subprocess.py:89} INFO - 	com.ibm.icu#icu4j;58.2 from central in [default]
[2022-07-22 16:50:02,803] {subprocess.py:89} INFO - 	io.delta#delta-core_2.12;1.0.0 from central in [default]
[2022-07-22 16:50:02,803] {subprocess.py:89} INFO - 	org.abego.treelayout#org.abego.treelayout.core;1.0.3 from central in [default]
[2022-07-22 16:50:02,803] {subprocess.py:89} INFO - 	org.antlr#ST4;4.0.8 from central in [default]
[2022-07-22 16:50:02,803] {subprocess.py:89} INFO - 	org.antlr#antlr-runtime;3.5.2 from central in [default]
[2022-07-22 16:50:02,803] {subprocess.py:89} INFO - 	org.antlr#antlr4;4.7 from central in [default]
[2022-07-22 16:50:02,803] {subprocess.py:89} INFO - 	org.antlr#antlr4-runtime;4.7 from central in [default]
[2022-07-22 16:50:02,803] {subprocess.py:89} INFO - 	org.glassfish#javax.json;1.0.4 from central in [default]
[2022-07-22 16:50:02,804] {subprocess.py:89} INFO - 	---------------------------------------------------------------------
[2022-07-22 16:50:02,804] {subprocess.py:89} INFO - 	|                  |            modules            ||   artifacts   |
[2022-07-22 16:50:02,804] {subprocess.py:89} INFO - 	|       conf       | number| search|dwnlded|evicted|| number|dwnlded|
[2022-07-22 16:50:02,804] {subprocess.py:89} INFO - 	---------------------------------------------------------------------
[2022-07-22 16:50:02,804] {subprocess.py:89} INFO - 	|      default     |   8   |   0   |   0   |   0   ||   8   |   0   |
[2022-07-22 16:50:02,804] {subprocess.py:89} INFO - 	---------------------------------------------------------------------
[2022-07-22 16:50:02,807] {subprocess.py:89} INFO - :: retrieving :: org.apache.spark#spark-submit-parent-82208b52-f994-4eaa-9b1c-cf85b70e1818
[2022-07-22 16:50:02,808] {subprocess.py:89} INFO - 	confs: [default]
[2022-07-22 16:50:02,817] {subprocess.py:89} INFO - 	0 artifacts copied, 8 already retrieved (0kB/9ms)
[2022-07-22 16:50:03,033] {subprocess.py:89} INFO - 22/07/22 16:50:03 WARN NativeCodeLoader: Unable to load native-hadoop library for your platform... using builtin-java classes where applicable
[2022-07-22 16:50:03,395] {subprocess.py:89} INFO - /usr/local/bin/python3
[2022-07-22 16:50:03,817] {subprocess.py:89} INFO - Using Spark's default log4j profile: org/apache/spark/log4j-defaults.properties
[2022-07-22 16:50:03,825] {subprocess.py:89} INFO - 22/07/22 16:50:03 INFO SparkContext: Running Spark version 3.1.2
[2022-07-22 16:50:03,876] {subprocess.py:89} INFO - 22/07/22 16:50:03 INFO ResourceUtils: ==============================================================
[2022-07-22 16:50:03,878] {subprocess.py:89} INFO - 22/07/22 16:50:03 INFO ResourceUtils: No custom resources configured for spark.driver.
[2022-07-22 16:50:03,878] {subprocess.py:89} INFO - 22/07/22 16:50:03 INFO ResourceUtils: ==============================================================
[2022-07-22 16:50:03,878] {subprocess.py:89} INFO - 22/07/22 16:50:03 INFO SparkContext: Submitted application: MyApp
[2022-07-22 16:50:03,914] {subprocess.py:89} INFO - 22/07/22 16:50:03 INFO ResourceProfile: Default ResourceProfile created, executor resources: Map(cores -> name: cores, amount: 1, script: , vendor: , memory -> name: memory, amount: 1024, script: , vendor: , offHeap -> name: offHeap, amount: 0, script: , vendor: ), task resources: Map(cpus -> name: cpus, amount: 1.0)
[2022-07-22 16:50:03,927] {subprocess.py:89} INFO - 22/07/22 16:50:03 INFO ResourceProfile: Limiting resource is cpu
[2022-07-22 16:50:03,928] {subprocess.py:89} INFO - 22/07/22 16:50:03 INFO ResourceProfileManager: Added ResourceProfile id: 0
[2022-07-22 16:50:04,002] {subprocess.py:89} INFO - 22/07/22 16:50:04 INFO SecurityManager: Changing view acls to: default
[2022-07-22 16:50:04,003] {subprocess.py:89} INFO - 22/07/22 16:50:04 INFO SecurityManager: Changing modify acls to: default
[2022-07-22 16:50:04,003] {subprocess.py:89} INFO - 22/07/22 16:50:04 INFO SecurityManager: Changing view acls groups to:
[2022-07-22 16:50:04,004] {subprocess.py:89} INFO - 22/07/22 16:50:04 INFO SecurityManager: Changing modify acls groups to:
[2022-07-22 16:50:04,004] {subprocess.py:89} INFO - 22/07/22 16:50:04 INFO SecurityManager: SecurityManager: authentication disabled; ui acls disabled; users  with view permissions: Set(default); groups with view permissions: Set(); users  with modify permissions: Set(default); groups with modify permissions: Set()
[2022-07-22 16:50:04,194] {subprocess.py:89} INFO - 22/07/22 16:50:04 INFO Utils: Successfully started service 'sparkDriver' on port 46433.
[2022-07-22 16:50:04,225] {subprocess.py:89} INFO - 22/07/22 16:50:04 INFO SparkEnv: Registering MapOutputTracker
[2022-07-22 16:50:04,252] {subprocess.py:89} INFO - 22/07/22 16:50:04 INFO SparkEnv: Registering BlockManagerMaster
[2022-07-22 16:50:04,271] {subprocess.py:89} INFO - 22/07/22 16:50:04 INFO BlockManagerMasterEndpoint: Using org.apache.spark.storage.DefaultTopologyMapper for getting topology information
[2022-07-22 16:50:04,272] {subprocess.py:89} INFO - 22/07/22 16:50:04 INFO BlockManagerMasterEndpoint: BlockManagerMasterEndpoint up
[2022-07-22 16:50:04,282] {subprocess.py:89} INFO - 22/07/22 16:50:04 INFO SparkEnv: Registering BlockManagerMasterHeartbeat
[2022-07-22 16:50:04,305] {subprocess.py:89} INFO - 22/07/22 16:50:04 INFO DiskBlockManager: Created local directory at /tmp/blockmgr-70943bf8-7743-401a-a80c-55a54233dff3
[2022-07-22 16:50:04,343] {subprocess.py:89} INFO - 22/07/22 16:50:04 INFO MemoryStore: MemoryStore started with capacity 366.3 MiB
[2022-07-22 16:50:04,359] {subprocess.py:89} INFO - 22/07/22 16:50:04 INFO SparkEnv: Registering OutputCommitCoordinator
[2022-07-22 16:50:04,747] {subprocess.py:89} INFO - 22/07/22 16:50:04 INFO Utils: Successfully started service 'SparkUI' on port 4040.
[2022-07-22 16:50:04,841] {subprocess.py:89} INFO - 22/07/22 16:50:04 INFO SparkUI: Bound SparkUI to 0.0.0.0, and started at http://156c91590481:4040
[2022-07-22 16:50:04,887] {subprocess.py:89} INFO - 22/07/22 16:50:04 INFO SparkContext: Added JAR file:///home/***/.ivy2/jars/io.delta_delta-core_2.12-1.0.0.jar at spark://156c91590481:46433/jars/io.delta_delta-core_2.12-1.0.0.jar with timestamp 1658508603814
[2022-07-22 16:50:04,888] {subprocess.py:89} INFO - 22/07/22 16:50:04 INFO SparkContext: Added JAR file:///home/***/.ivy2/jars/org.antlr_antlr4-4.7.jar at spark://156c91590481:46433/jars/org.antlr_antlr4-4.7.jar with timestamp 1658508603814
[2022-07-22 16:50:04,889] {subprocess.py:89} INFO - 22/07/22 16:50:04 INFO SparkContext: Added JAR file:///home/***/.ivy2/jars/org.antlr_antlr4-runtime-4.7.jar at spark://156c91590481:46433/jars/org.antlr_antlr4-runtime-4.7.jar with timestamp 1658508603814
[2022-07-22 16:50:04,894] {subprocess.py:89} INFO - 22/07/22 16:50:04 INFO SparkContext: Added JAR file:///home/***/.ivy2/jars/org.antlr_antlr-runtime-3.5.2.jar at spark://156c91590481:46433/jars/org.antlr_antlr-runtime-3.5.2.jar with timestamp 1658508603814
[2022-07-22 16:50:04,895] {subprocess.py:89} INFO - 22/07/22 16:50:04 INFO SparkContext: Added JAR file:///home/***/.ivy2/jars/org.antlr_ST4-4.0.8.jar at spark://156c91590481:46433/jars/org.antlr_ST4-4.0.8.jar with timestamp 1658508603814
[2022-07-22 16:50:04,895] {subprocess.py:89} INFO - 22/07/22 16:50:04 INFO SparkContext: Added JAR file:///home/***/.ivy2/jars/org.abego.treelayout_org.abego.treelayout.core-1.0.3.jar at spark://156c91590481:46433/jars/org.abego.treelayout_org.abego.treelayout.core-1.0.3.jar with timestamp 1658508603814
[2022-07-22 16:50:04,896] {subprocess.py:89} INFO - 22/07/22 16:50:04 INFO SparkContext: Added JAR file:///home/***/.ivy2/jars/org.glassfish_javax.json-1.0.4.jar at spark://156c91590481:46433/jars/org.glassfish_javax.json-1.0.4.jar with timestamp 1658508603814
[2022-07-22 16:50:04,900] {subprocess.py:89} INFO - 22/07/22 16:50:04 INFO SparkContext: Added JAR file:///home/***/.ivy2/jars/com.ibm.icu_icu4j-58.2.jar at spark://156c91590481:46433/jars/com.ibm.icu_icu4j-58.2.jar with timestamp 1658508603814
[2022-07-22 16:50:04,903] {subprocess.py:89} INFO - 22/07/22 16:50:04 INFO SparkContext: Added file file:///home/***/.ivy2/jars/io.delta_delta-core_2.12-1.0.0.jar at file:///home/***/.ivy2/jars/io.delta_delta-core_2.12-1.0.0.jar with timestamp 1658508603814
[2022-07-22 16:50:04,905] {subprocess.py:89} INFO - 22/07/22 16:50:04 INFO Utils: Copying /home/***/.ivy2/jars/io.delta_delta-core_2.12-1.0.0.jar to /tmp/spark-12a26902-2816-4f9b-9484-03600b6defd3/userFiles-6f9e9fb1-0bdd-41fa-af24-7f94698b09e9/io.delta_delta-core_2.12-1.0.0.jar
[2022-07-22 16:50:04,923] {subprocess.py:89} INFO - 22/07/22 16:50:04 INFO SparkContext: Added file file:///home/***/.ivy2/jars/org.antlr_antlr4-4.7.jar at file:///home/***/.ivy2/jars/org.antlr_antlr4-4.7.jar with timestamp 1658508603814
[2022-07-22 16:50:04,923] {subprocess.py:89} INFO - 22/07/22 16:50:04 INFO Utils: Copying /home/***/.ivy2/jars/org.antlr_antlr4-4.7.jar to /tmp/spark-12a26902-2816-4f9b-9484-03600b6defd3/userFiles-6f9e9fb1-0bdd-41fa-af24-7f94698b09e9/org.antlr_antlr4-4.7.jar
[2022-07-22 16:50:04,946] {subprocess.py:89} INFO - 22/07/22 16:50:04 INFO SparkContext: Added file file:///home/***/.ivy2/jars/org.antlr_antlr4-runtime-4.7.jar at file:///home/***/.ivy2/jars/org.antlr_antlr4-runtime-4.7.jar with timestamp 1658508603814
[2022-07-22 16:50:04,947] {subprocess.py:89} INFO - 22/07/22 16:50:04 INFO Utils: Copying /home/***/.ivy2/jars/org.antlr_antlr4-runtime-4.7.jar to /tmp/spark-12a26902-2816-4f9b-9484-03600b6defd3/userFiles-6f9e9fb1-0bdd-41fa-af24-7f94698b09e9/org.antlr_antlr4-runtime-4.7.jar
[2022-07-22 16:50:04,966] {subprocess.py:89} INFO - 22/07/22 16:50:04 INFO SparkContext: Added file file:///home/***/.ivy2/jars/org.antlr_antlr-runtime-3.5.2.jar at file:///home/***/.ivy2/jars/org.antlr_antlr-runtime-3.5.2.jar with timestamp 1658508603814
[2022-07-22 16:50:04,967] {subprocess.py:89} INFO - 22/07/22 16:50:04 INFO Utils: Copying /home/***/.ivy2/jars/org.antlr_antlr-runtime-3.5.2.jar to /tmp/spark-12a26902-2816-4f9b-9484-03600b6defd3/userFiles-6f9e9fb1-0bdd-41fa-af24-7f94698b09e9/org.antlr_antlr-runtime-3.5.2.jar
[2022-07-22 16:50:04,981] {subprocess.py:89} INFO - 22/07/22 16:50:04 INFO SparkContext: Added file file:///home/***/.ivy2/jars/org.antlr_ST4-4.0.8.jar at file:///home/***/.ivy2/jars/org.antlr_ST4-4.0.8.jar with timestamp 1658508603814
[2022-07-22 16:50:04,981] {subprocess.py:89} INFO - 22/07/22 16:50:04 INFO Utils: Copying /home/***/.ivy2/jars/org.antlr_ST4-4.0.8.jar to /tmp/spark-12a26902-2816-4f9b-9484-03600b6defd3/userFiles-6f9e9fb1-0bdd-41fa-af24-7f94698b09e9/org.antlr_ST4-4.0.8.jar
[2022-07-22 16:50:04,994] {subprocess.py:89} INFO - 22/07/22 16:50:04 INFO SparkContext: Added file file:///home/***/.ivy2/jars/org.abego.treelayout_org.abego.treelayout.core-1.0.3.jar at file:///home/***/.ivy2/jars/org.abego.treelayout_org.abego.treelayout.core-1.0.3.jar with timestamp 1658508603814
[2022-07-22 16:50:04,997] {subprocess.py:89} INFO - 22/07/22 16:50:04 INFO Utils: Copying /home/***/.ivy2/jars/org.abego.treelayout_org.abego.treelayout.core-1.0.3.jar to /tmp/spark-12a26902-2816-4f9b-9484-03600b6defd3/userFiles-6f9e9fb1-0bdd-41fa-af24-7f94698b09e9/org.abego.treelayout_org.abego.treelayout.core-1.0.3.jar
[2022-07-22 16:50:05,018] {subprocess.py:89} INFO - 22/07/22 16:50:05 INFO SparkContext: Added file file:///home/***/.ivy2/jars/org.glassfish_javax.json-1.0.4.jar at file:///home/***/.ivy2/jars/org.glassfish_javax.json-1.0.4.jar with timestamp 1658508603814
[2022-07-22 16:50:05,018] {subprocess.py:89} INFO - 22/07/22 16:50:05 INFO Utils: Copying /home/***/.ivy2/jars/org.glassfish_javax.json-1.0.4.jar to /tmp/spark-12a26902-2816-4f9b-9484-03600b6defd3/userFiles-6f9e9fb1-0bdd-41fa-af24-7f94698b09e9/org.glassfish_javax.json-1.0.4.jar
[2022-07-22 16:50:05,040] {subprocess.py:89} INFO - 22/07/22 16:50:05 INFO SparkContext: Added file file:///home/***/.ivy2/jars/com.ibm.icu_icu4j-58.2.jar at file:///home/***/.ivy2/jars/com.ibm.icu_icu4j-58.2.jar with timestamp 1658508603814
[2022-07-22 16:50:05,041] {subprocess.py:89} INFO - 22/07/22 16:50:05 INFO Utils: Copying /home/***/.ivy2/jars/com.ibm.icu_icu4j-58.2.jar to /tmp/spark-12a26902-2816-4f9b-9484-03600b6defd3/userFiles-6f9e9fb1-0bdd-41fa-af24-7f94698b09e9/com.ibm.icu_icu4j-58.2.jar
[2022-07-22 16:50:05,384] {subprocess.py:89} INFO - 22/07/22 16:50:05 INFO Executor: Starting executor ID driver on host 156c91590481
[2022-07-22 16:50:05,425] {subprocess.py:89} INFO - 22/07/22 16:50:05 INFO Executor: Fetching file:///home/***/.ivy2/jars/com.ibm.icu_icu4j-58.2.jar with timestamp 1658508603814
[2022-07-22 16:50:05,472] {subprocess.py:89} INFO - 22/07/22 16:50:05 INFO Utils: /home/***/.ivy2/jars/com.ibm.icu_icu4j-58.2.jar has been previously copied to /tmp/spark-12a26902-2816-4f9b-9484-03600b6defd3/userFiles-6f9e9fb1-0bdd-41fa-af24-7f94698b09e9/com.ibm.icu_icu4j-58.2.jar
[2022-07-22 16:50:05,485] {subprocess.py:89} INFO - 22/07/22 16:50:05 INFO Executor: Fetching file:///home/***/.ivy2/jars/org.abego.treelayout_org.abego.treelayout.core-1.0.3.jar with timestamp 1658508603814
[2022-07-22 16:50:05,486] {subprocess.py:89} INFO - 22/07/22 16:50:05 INFO Utils: /home/***/.ivy2/jars/org.abego.treelayout_org.abego.treelayout.core-1.0.3.jar has been previously copied to /tmp/spark-12a26902-2816-4f9b-9484-03600b6defd3/userFiles-6f9e9fb1-0bdd-41fa-af24-7f94698b09e9/org.abego.treelayout_org.abego.treelayout.core-1.0.3.jar
[2022-07-22 16:50:05,490] {subprocess.py:89} INFO - 22/07/22 16:50:05 INFO Executor: Fetching file:///home/***/.ivy2/jars/org.antlr_antlr-runtime-3.5.2.jar with timestamp 1658508603814
[2022-07-22 16:50:05,490] {subprocess.py:89} INFO - 22/07/22 16:50:05 INFO Utils: /home/***/.ivy2/jars/org.antlr_antlr-runtime-3.5.2.jar has been previously copied to /tmp/spark-12a26902-2816-4f9b-9484-03600b6defd3/userFiles-6f9e9fb1-0bdd-41fa-af24-7f94698b09e9/org.antlr_antlr-runtime-3.5.2.jar
[2022-07-22 16:50:05,493] {subprocess.py:89} INFO - 22/07/22 16:50:05 INFO Executor: Fetching file:///home/***/.ivy2/jars/org.glassfish_javax.json-1.0.4.jar with timestamp 1658508603814
[2022-07-22 16:50:05,493] {subprocess.py:89} INFO - 22/07/22 16:50:05 INFO Utils: /home/***/.ivy2/jars/org.glassfish_javax.json-1.0.4.jar has been previously copied to /tmp/spark-12a26902-2816-4f9b-9484-03600b6defd3/userFiles-6f9e9fb1-0bdd-41fa-af24-7f94698b09e9/org.glassfish_javax.json-1.0.4.jar
[2022-07-22 16:50:05,502] {subprocess.py:89} INFO - 22/07/22 16:50:05 INFO Executor: Fetching file:///home/***/.ivy2/jars/org.antlr_antlr4-runtime-4.7.jar with timestamp 1658508603814
[2022-07-22 16:50:05,502] {subprocess.py:89} INFO - 22/07/22 16:50:05 INFO Utils: /home/***/.ivy2/jars/org.antlr_antlr4-runtime-4.7.jar has been previously copied to /tmp/spark-12a26902-2816-4f9b-9484-03600b6defd3/userFiles-6f9e9fb1-0bdd-41fa-af24-7f94698b09e9/org.antlr_antlr4-runtime-4.7.jar
[2022-07-22 16:50:05,512] {subprocess.py:89} INFO - 22/07/22 16:50:05 INFO Executor: Fetching file:///home/***/.ivy2/jars/org.antlr_antlr4-4.7.jar with timestamp 1658508603814
[2022-07-22 16:50:05,516] {subprocess.py:89} INFO - 22/07/22 16:50:05 INFO Utils: /home/***/.ivy2/jars/org.antlr_antlr4-4.7.jar has been previously copied to /tmp/spark-12a26902-2816-4f9b-9484-03600b6defd3/userFiles-6f9e9fb1-0bdd-41fa-af24-7f94698b09e9/org.antlr_antlr4-4.7.jar
[2022-07-22 16:50:05,521] {subprocess.py:89} INFO - 22/07/22 16:50:05 INFO Executor: Fetching file:///home/***/.ivy2/jars/org.antlr_ST4-4.0.8.jar with timestamp 1658508603814
[2022-07-22 16:50:05,522] {subprocess.py:89} INFO - 22/07/22 16:50:05 INFO Utils: /home/***/.ivy2/jars/org.antlr_ST4-4.0.8.jar has been previously copied to /tmp/spark-12a26902-2816-4f9b-9484-03600b6defd3/userFiles-6f9e9fb1-0bdd-41fa-af24-7f94698b09e9/org.antlr_ST4-4.0.8.jar
[2022-07-22 16:50:05,526] {subprocess.py:89} INFO - 22/07/22 16:50:05 INFO Executor: Fetching file:///home/***/.ivy2/jars/io.delta_delta-core_2.12-1.0.0.jar with timestamp 1658508603814
[2022-07-22 16:50:05,529] {subprocess.py:89} INFO - 22/07/22 16:50:05 INFO Utils: /home/***/.ivy2/jars/io.delta_delta-core_2.12-1.0.0.jar has been previously copied to /tmp/spark-12a26902-2816-4f9b-9484-03600b6defd3/userFiles-6f9e9fb1-0bdd-41fa-af24-7f94698b09e9/io.delta_delta-core_2.12-1.0.0.jar
[2022-07-22 16:50:05,536] {subprocess.py:89} INFO - 22/07/22 16:50:05 INFO Executor: Fetching spark://156c91590481:46433/jars/org.antlr_antlr4-4.7.jar with timestamp 1658508603814
[2022-07-22 16:50:05,576] {subprocess.py:89} INFO - 22/07/22 16:50:05 INFO TransportClientFactory: Successfully created connection to 156c91590481/172.19.0.8:46433 after 29 ms (0 ms spent in bootstraps)
[2022-07-22 16:50:05,587] {subprocess.py:89} INFO - 22/07/22 16:50:05 INFO Utils: Fetching spark://156c91590481:46433/jars/org.antlr_antlr4-4.7.jar to /tmp/spark-12a26902-2816-4f9b-9484-03600b6defd3/userFiles-6f9e9fb1-0bdd-41fa-af24-7f94698b09e9/fetchFileTemp5501856709158574918.tmp
[2022-07-22 16:50:05,611] {subprocess.py:89} INFO - 22/07/22 16:50:05 INFO Utils: /tmp/spark-12a26902-2816-4f9b-9484-03600b6defd3/userFiles-6f9e9fb1-0bdd-41fa-af24-7f94698b09e9/fetchFileTemp5501856709158574918.tmp has been previously copied to /tmp/spark-12a26902-2816-4f9b-9484-03600b6defd3/userFiles-6f9e9fb1-0bdd-41fa-af24-7f94698b09e9/org.antlr_antlr4-4.7.jar
[2022-07-22 16:50:05,614] {subprocess.py:89} INFO - 22/07/22 16:50:05 INFO Executor: Adding file:/tmp/spark-12a26902-2816-4f9b-9484-03600b6defd3/userFiles-6f9e9fb1-0bdd-41fa-af24-7f94698b09e9/org.antlr_antlr4-4.7.jar to class loader
[2022-07-22 16:50:05,614] {subprocess.py:89} INFO - 22/07/22 16:50:05 INFO Executor: Fetching spark://156c91590481:46433/jars/org.abego.treelayout_org.abego.treelayout.core-1.0.3.jar with timestamp 1658508603814
[2022-07-22 16:50:05,615] {subprocess.py:89} INFO - 22/07/22 16:50:05 INFO Utils: Fetching spark://156c91590481:46433/jars/org.abego.treelayout_org.abego.treelayout.core-1.0.3.jar to /tmp/spark-12a26902-2816-4f9b-9484-03600b6defd3/userFiles-6f9e9fb1-0bdd-41fa-af24-7f94698b09e9/fetchFileTemp7391055046844349623.tmp
[2022-07-22 16:50:05,617] {subprocess.py:89} INFO - 22/07/22 16:50:05 INFO Utils: /tmp/spark-12a26902-2816-4f9b-9484-03600b6defd3/userFiles-6f9e9fb1-0bdd-41fa-af24-7f94698b09e9/fetchFileTemp7391055046844349623.tmp has been previously copied to /tmp/spark-12a26902-2816-4f9b-9484-03600b6defd3/userFiles-6f9e9fb1-0bdd-41fa-af24-7f94698b09e9/org.abego.treelayout_org.abego.treelayout.core-1.0.3.jar
[2022-07-22 16:50:05,621] {subprocess.py:89} INFO - 22/07/22 16:50:05 INFO Executor: Adding file:/tmp/spark-12a26902-2816-4f9b-9484-03600b6defd3/userFiles-6f9e9fb1-0bdd-41fa-af24-7f94698b09e9/org.abego.treelayout_org.abego.treelayout.core-1.0.3.jar to class loader
[2022-07-22 16:50:05,621] {subprocess.py:89} INFO - 22/07/22 16:50:05 INFO Executor: Fetching spark://156c91590481:46433/jars/org.glassfish_javax.json-1.0.4.jar with timestamp 1658508603814
[2022-07-22 16:50:05,622] {subprocess.py:89} INFO - 22/07/22 16:50:05 INFO Utils: Fetching spark://156c91590481:46433/jars/org.glassfish_javax.json-1.0.4.jar to /tmp/spark-12a26902-2816-4f9b-9484-03600b6defd3/userFiles-6f9e9fb1-0bdd-41fa-af24-7f94698b09e9/fetchFileTemp1389559121549595079.tmp
[2022-07-22 16:50:05,623] {subprocess.py:89} INFO - 22/07/22 16:50:05 INFO Utils: /tmp/spark-12a26902-2816-4f9b-9484-03600b6defd3/userFiles-6f9e9fb1-0bdd-41fa-af24-7f94698b09e9/fetchFileTemp1389559121549595079.tmp has been previously copied to /tmp/spark-12a26902-2816-4f9b-9484-03600b6defd3/userFiles-6f9e9fb1-0bdd-41fa-af24-7f94698b09e9/org.glassfish_javax.json-1.0.4.jar
[2022-07-22 16:50:05,626] {subprocess.py:89} INFO - 22/07/22 16:50:05 INFO Executor: Adding file:/tmp/spark-12a26902-2816-4f9b-9484-03600b6defd3/userFiles-6f9e9fb1-0bdd-41fa-af24-7f94698b09e9/org.glassfish_javax.json-1.0.4.jar to class loader
[2022-07-22 16:50:05,626] {subprocess.py:89} INFO - 22/07/22 16:50:05 INFO Executor: Fetching spark://156c91590481:46433/jars/org.antlr_antlr4-runtime-4.7.jar with timestamp 1658508603814
[2022-07-22 16:50:05,627] {subprocess.py:89} INFO - 22/07/22 16:50:05 INFO Utils: Fetching spark://156c91590481:46433/jars/org.antlr_antlr4-runtime-4.7.jar to /tmp/spark-12a26902-2816-4f9b-9484-03600b6defd3/userFiles-6f9e9fb1-0bdd-41fa-af24-7f94698b09e9/fetchFileTemp1877134384965883250.tmp
[2022-07-22 16:50:05,631] {subprocess.py:89} INFO - 22/07/22 16:50:05 INFO Utils: /tmp/spark-12a26902-2816-4f9b-9484-03600b6defd3/userFiles-6f9e9fb1-0bdd-41fa-af24-7f94698b09e9/fetchFileTemp1877134384965883250.tmp has been previously copied to /tmp/spark-12a26902-2816-4f9b-9484-03600b6defd3/userFiles-6f9e9fb1-0bdd-41fa-af24-7f94698b09e9/org.antlr_antlr4-runtime-4.7.jar
[2022-07-22 16:50:05,634] {subprocess.py:89} INFO - 22/07/22 16:50:05 INFO Executor: Adding file:/tmp/spark-12a26902-2816-4f9b-9484-03600b6defd3/userFiles-6f9e9fb1-0bdd-41fa-af24-7f94698b09e9/org.antlr_antlr4-runtime-4.7.jar to class loader
[2022-07-22 16:50:05,634] {subprocess.py:89} INFO - 22/07/22 16:50:05 INFO Executor: Fetching spark://156c91590481:46433/jars/com.ibm.icu_icu4j-58.2.jar with timestamp 1658508603814
[2022-07-22 16:50:05,635] {subprocess.py:89} INFO - 22/07/22 16:50:05 INFO Utils: Fetching spark://156c91590481:46433/jars/com.ibm.icu_icu4j-58.2.jar to /tmp/spark-12a26902-2816-4f9b-9484-03600b6defd3/userFiles-6f9e9fb1-0bdd-41fa-af24-7f94698b09e9/fetchFileTemp4127979986731705370.tmp
[2022-07-22 16:50:05,694] {subprocess.py:89} INFO - 22/07/22 16:50:05 INFO Utils: /tmp/spark-12a26902-2816-4f9b-9484-03600b6defd3/userFiles-6f9e9fb1-0bdd-41fa-af24-7f94698b09e9/fetchFileTemp4127979986731705370.tmp has been previously copied to /tmp/spark-12a26902-2816-4f9b-9484-03600b6defd3/userFiles-6f9e9fb1-0bdd-41fa-af24-7f94698b09e9/com.ibm.icu_icu4j-58.2.jar
[2022-07-22 16:50:05,702] {subprocess.py:89} INFO - 22/07/22 16:50:05 INFO Executor: Adding file:/tmp/spark-12a26902-2816-4f9b-9484-03600b6defd3/userFiles-6f9e9fb1-0bdd-41fa-af24-7f94698b09e9/com.ibm.icu_icu4j-58.2.jar to class loader
[2022-07-22 16:50:05,703] {subprocess.py:89} INFO - 22/07/22 16:50:05 INFO Executor: Fetching spark://156c91590481:46433/jars/org.antlr_antlr-runtime-3.5.2.jar with timestamp 1658508603814
[2022-07-22 16:50:05,703] {subprocess.py:89} INFO - 22/07/22 16:50:05 INFO Utils: Fetching spark://156c91590481:46433/jars/org.antlr_antlr-runtime-3.5.2.jar to /tmp/spark-12a26902-2816-4f9b-9484-03600b6defd3/userFiles-6f9e9fb1-0bdd-41fa-af24-7f94698b09e9/fetchFileTemp6002259920986175074.tmp
[2022-07-22 16:50:05,707] {subprocess.py:89} INFO - 22/07/22 16:50:05 INFO Utils: /tmp/spark-12a26902-2816-4f9b-9484-03600b6defd3/userFiles-6f9e9fb1-0bdd-41fa-af24-7f94698b09e9/fetchFileTemp6002259920986175074.tmp has been previously copied to /tmp/spark-12a26902-2816-4f9b-9484-03600b6defd3/userFiles-6f9e9fb1-0bdd-41fa-af24-7f94698b09e9/org.antlr_antlr-runtime-3.5.2.jar
[2022-07-22 16:50:05,710] {subprocess.py:89} INFO - 22/07/22 16:50:05 INFO Executor: Adding file:/tmp/spark-12a26902-2816-4f9b-9484-03600b6defd3/userFiles-6f9e9fb1-0bdd-41fa-af24-7f94698b09e9/org.antlr_antlr-runtime-3.5.2.jar to class loader
[2022-07-22 16:50:05,711] {subprocess.py:89} INFO - 22/07/22 16:50:05 INFO Executor: Fetching spark://156c91590481:46433/jars/io.delta_delta-core_2.12-1.0.0.jar with timestamp 1658508603814
[2022-07-22 16:50:05,711] {subprocess.py:89} INFO - 22/07/22 16:50:05 INFO Utils: Fetching spark://156c91590481:46433/jars/io.delta_delta-core_2.12-1.0.0.jar to /tmp/spark-12a26902-2816-4f9b-9484-03600b6defd3/userFiles-6f9e9fb1-0bdd-41fa-af24-7f94698b09e9/fetchFileTemp7649510927158563556.tmp
[2022-07-22 16:50:05,723] {subprocess.py:89} INFO - 22/07/22 16:50:05 INFO Utils: /tmp/spark-12a26902-2816-4f9b-9484-03600b6defd3/userFiles-6f9e9fb1-0bdd-41fa-af24-7f94698b09e9/fetchFileTemp7649510927158563556.tmp has been previously copied to /tmp/spark-12a26902-2816-4f9b-9484-03600b6defd3/userFiles-6f9e9fb1-0bdd-41fa-af24-7f94698b09e9/io.delta_delta-core_2.12-1.0.0.jar
[2022-07-22 16:50:05,726] {subprocess.py:89} INFO - 22/07/22 16:50:05 INFO Executor: Adding file:/tmp/spark-12a26902-2816-4f9b-9484-03600b6defd3/userFiles-6f9e9fb1-0bdd-41fa-af24-7f94698b09e9/io.delta_delta-core_2.12-1.0.0.jar to class loader
[2022-07-22 16:50:05,727] {subprocess.py:89} INFO - 22/07/22 16:50:05 INFO Executor: Fetching spark://156c91590481:46433/jars/org.antlr_ST4-4.0.8.jar with timestamp 1658508603814
[2022-07-22 16:50:05,727] {subprocess.py:89} INFO - 22/07/22 16:50:05 INFO Utils: Fetching spark://156c91590481:46433/jars/org.antlr_ST4-4.0.8.jar to /tmp/spark-12a26902-2816-4f9b-9484-03600b6defd3/userFiles-6f9e9fb1-0bdd-41fa-af24-7f94698b09e9/fetchFileTemp7443856511071284047.tmp
[2022-07-22 16:50:05,729] {subprocess.py:89} INFO - 22/07/22 16:50:05 INFO Utils: /tmp/spark-12a26902-2816-4f9b-9484-03600b6defd3/userFiles-6f9e9fb1-0bdd-41fa-af24-7f94698b09e9/fetchFileTemp7443856511071284047.tmp has been previously copied to /tmp/spark-12a26902-2816-4f9b-9484-03600b6defd3/userFiles-6f9e9fb1-0bdd-41fa-af24-7f94698b09e9/org.antlr_ST4-4.0.8.jar
[2022-07-22 16:50:05,732] {subprocess.py:89} INFO - 22/07/22 16:50:05 INFO Executor: Adding file:/tmp/spark-12a26902-2816-4f9b-9484-03600b6defd3/userFiles-6f9e9fb1-0bdd-41fa-af24-7f94698b09e9/org.antlr_ST4-4.0.8.jar to class loader
[2022-07-22 16:50:05,739] {subprocess.py:89} INFO - 22/07/22 16:50:05 INFO Utils: Successfully started service 'org.apache.spark.network.netty.NettyBlockTransferService' on port 41445.
[2022-07-22 16:50:05,740] {subprocess.py:89} INFO - 22/07/22 16:50:05 INFO NettyBlockTransferService: Server created on 156c91590481:41445
[2022-07-22 16:50:05,741] {subprocess.py:89} INFO - 22/07/22 16:50:05 INFO BlockManager: Using org.apache.spark.storage.RandomBlockReplicationPolicy for block replication policy
[2022-07-22 16:50:05,747] {subprocess.py:89} INFO - 22/07/22 16:50:05 INFO BlockManagerMaster: Registering BlockManager BlockManagerId(driver, 156c91590481, 41445, None)
[2022-07-22 16:50:05,749] {subprocess.py:89} INFO - 22/07/22 16:50:05 INFO BlockManagerMasterEndpoint: Registering block manager 156c91590481:41445 with 366.3 MiB RAM, BlockManagerId(driver, 156c91590481, 41445, None)
[2022-07-22 16:50:05,752] {subprocess.py:89} INFO - 22/07/22 16:50:05 INFO BlockManagerMaster: Registered BlockManager BlockManagerId(driver, 156c91590481, 41445, None)
[2022-07-22 16:50:05,754] {subprocess.py:89} INFO - 22/07/22 16:50:05 INFO BlockManager: Initialized BlockManager: BlockManagerId(driver, 156c91590481, 41445, None)
[2022-07-22 16:50:06,126] {subprocess.py:89} INFO - 22/07/22 16:50:06 INFO SharedState: Setting hive.metastore.warehouse.dir ('null') to the value of spark.sql.warehouse.dir ('file:/tmp/***tmpky968hr1/spark-warehouse').
[2022-07-22 16:50:06,126] {subprocess.py:89} INFO - 22/07/22 16:50:06 INFO SharedState: Warehouse path is 'file:/tmp/***tmpky968hr1/spark-warehouse'.
[2022-07-22 16:50:06,242] {local_task_job.py:212} WARNING - State of this instance has been externally set to skipped. Terminating instance.
[2022-07-22 16:50:06,244] {process_utils.py:124} INFO - Sending Signals.SIGTERM to group 6677. PIDs of all processes in the group: [6678, 6726, 6677]
[2022-07-22 16:50:06,244] {process_utils.py:75} INFO - Sending the signal Signals.SIGTERM to group 6677
[2022-07-22 16:50:06,244] {taskinstance.py:1408} ERROR - Received SIGTERM. Terminating subprocesses.
[2022-07-22 16:50:06,244] {subprocess.py:99} INFO - Sending SIGTERM signal to process group
[2022-07-22 16:50:06,250] {process_utils.py:70} INFO - Process psutil.Process(pid=6726, status='terminated', started='16:50:02') (6726) terminated with exit code None
[2022-07-22 16:50:06,594] {process_utils.py:70} INFO - Process psutil.Process(pid=6677, status='terminated', exitcode=0, started='16:50:00') (6677) terminated with exit code 0
[2022-07-22 16:50:06,738] {process_utils.py:70} INFO - Process psutil.Process(pid=6678, status='terminated', started='16:50:00') (6678) terminated with exit code None
