[2022-06-20 07:08:55,348] {taskinstance.py:1032} INFO - Dependencies all met for <TaskInstance: DM-COUNT-account-turnover.START_COUNT_BY_DAY_8 scheduled__2022-06-18T21:27:30.430782+00:00 [queued]>
[2022-06-20 07:08:55,358] {taskinstance.py:1032} INFO - Dependencies all met for <TaskInstance: DM-COUNT-account-turnover.START_COUNT_BY_DAY_8 scheduled__2022-06-18T21:27:30.430782+00:00 [queued]>
[2022-06-20 07:08:55,358] {taskinstance.py:1238} INFO - 
--------------------------------------------------------------------------------
[2022-06-20 07:08:55,358] {taskinstance.py:1239} INFO - Starting attempt 2 of 2
[2022-06-20 07:08:55,358] {taskinstance.py:1240} INFO - 
--------------------------------------------------------------------------------
[2022-06-20 07:08:55,370] {taskinstance.py:1259} INFO - Executing <Task(PostgresOperator): START_COUNT_BY_DAY_8> on 2022-06-18 21:27:30.430782+00:00
[2022-06-20 07:08:55,374] {standard_task_runner.py:52} INFO - Started process 414 to run task
[2022-06-20 07:08:55,378] {standard_task_runner.py:76} INFO - Running: ['***', 'tasks', 'run', 'DM-COUNT-account-turnover', 'START_COUNT_BY_DAY_8', 'scheduled__2022-06-18T21:27:30.430782+00:00', '--job-id', '431', '--raw', '--subdir', 'DAGS_FOLDER/dm_fill_account_turnover.py', '--cfg-path', '/tmp/tmpq6y6t4t8', '--error-file', '/tmp/tmpo2gzkqey']
[2022-06-20 07:08:55,378] {standard_task_runner.py:77} INFO - Job 431: Subtask START_COUNT_BY_DAY_8
[2022-06-20 07:08:55,436] {logging_mixin.py:109} INFO - Running <TaskInstance: DM-COUNT-account-turnover.START_COUNT_BY_DAY_8 scheduled__2022-06-18T21:27:30.430782+00:00 [running]> on host c087b85f9f15
[2022-06-20 07:08:55,481] {taskinstance.py:1426} INFO - Exporting the following env vars:
AIRFLOW_CTX_DAG_OWNER=***
AIRFLOW_CTX_DAG_ID=DM-COUNT-account-turnover
AIRFLOW_CTX_TASK_ID=START_COUNT_BY_DAY_8
AIRFLOW_CTX_EXECUTION_DATE=2022-06-18T21:27:30.430782+00:00
AIRFLOW_CTX_DAG_RUN_ID=scheduled__2022-06-18T21:27:30.430782+00:00
[2022-06-20 07:08:55,488] {base.py:79} INFO - Using connection to: id: postgres. Host: postgres, Port: 5432, Schema: postgres, Login: ***, Password: ***, extra: {}
[2022-06-20 07:08:55,491] {dbapi.py:225} INFO - Running statement: CALL ds.fill_account_turnover_f (%(date)s::date);, parameters: {'date': '2018-01-8'}
[2022-06-20 07:08:55,515] {taskinstance.py:1277} INFO - Marking task as SUCCESS. dag_id=DM-COUNT-account-turnover, task_id=START_COUNT_BY_DAY_8, execution_date=20220618T212730, start_date=20220620T070855, end_date=20220620T070855
[2022-06-20 07:08:55,555] {local_task_job.py:154} INFO - Task exited with return code 0
[2022-06-20 07:08:55,588] {local_task_job.py:264} INFO - 0 downstream tasks scheduled from follow-on schedule check
