[2022-06-06 10:51:38,797] {taskinstance.py:1159} INFO - Dependencies all met for <TaskInstance: CSV_TO_DS.SEND_DS_ft_balance_f manual__2022-06-06T10:51:32.770689+00:00 [queued]>
[2022-06-06 10:51:38,833] {taskinstance.py:1159} INFO - Dependencies all met for <TaskInstance: CSV_TO_DS.SEND_DS_ft_balance_f manual__2022-06-06T10:51:32.770689+00:00 [queued]>
[2022-06-06 10:51:38,833] {taskinstance.py:1356} INFO - 
--------------------------------------------------------------------------------
[2022-06-06 10:51:38,834] {taskinstance.py:1357} INFO - Starting attempt 1 of 2
[2022-06-06 10:51:38,834] {taskinstance.py:1358} INFO - 
--------------------------------------------------------------------------------
[2022-06-06 10:51:38,884] {taskinstance.py:1377} INFO - Executing <Task(PythonOperator): SEND_DS_ft_balance_f> on 2022-06-06 10:51:32.770689+00:00
[2022-06-06 10:51:38,900] {standard_task_runner.py:52} INFO - Started process 2021 to run task
[2022-06-06 10:51:38,906] {standard_task_runner.py:79} INFO - Running: ['***', 'tasks', 'run', 'CSV_TO_DS', 'SEND_DS_ft_balance_f', 'manual__2022-06-06T10:51:32.770689+00:00', '--job-id', '36', '--raw', '--subdir', 'DAGS_FOLDER/csv_to_ds.py', '--cfg-path', '/tmp/tmpityut_xp', '--error-file', '/tmp/tmpgkvffbd4']
[2022-06-06 10:51:38,921] {standard_task_runner.py:80} INFO - Job 36: Subtask SEND_DS_ft_balance_f
[2022-06-06 10:51:39,100] {task_command.py:370} INFO - Running <TaskInstance: CSV_TO_DS.SEND_DS_ft_balance_f manual__2022-06-06T10:51:32.770689+00:00 [running]> on host 33a1fdf44d41
[2022-06-06 10:51:39,243] {taskinstance.py:1571} INFO - Exporting the following env vars:
AIRFLOW_CTX_DAG_OWNER=***
AIRFLOW_CTX_DAG_ID=CSV_TO_DS
AIRFLOW_CTX_TASK_ID=SEND_DS_ft_balance_f
AIRFLOW_CTX_EXECUTION_DATE=2022-06-06T10:51:32.770689+00:00
AIRFLOW_CTX_TRY_NUMBER=1
AIRFLOW_CTX_DAG_RUN_ID=manual__2022-06-06T10:51:32.770689+00:00
[2022-06-06 10:51:39,260] {base.py:68} INFO - Using connection ID 'postgres' for task execution.
[2022-06-06 10:51:39,276] {csv_to_ds.py:42} INFO - Table ft_balance_f read in pandas.
[2022-06-06 10:51:39,335] {csv_to_ds.py:50} INFO - Table ft_balance_f in ds schema has updated.
[2022-06-06 10:51:39,335] {python.py:173} INFO - Done. Returned value was: None
[2022-06-06 10:51:39,353] {taskinstance.py:1400} INFO - Marking task as SUCCESS. dag_id=CSV_TO_DS, task_id=SEND_DS_ft_balance_f, execution_date=20220606T105132, start_date=20220606T105138, end_date=20220606T105139
[2022-06-06 10:51:39,389] {local_task_job.py:156} INFO - Task exited with return code 0
[2022-06-06 10:51:39,441] {local_task_job.py:273} INFO - 1 downstream tasks scheduled from follow-on schedule check
