[2022-07-17 09:23:53,989] {taskinstance.py:1032} INFO - Dependencies all met for <TaskInstance: DM-COUNT-account-turnover.START_COUNT_BY_DAY_20 scheduled__2022-06-26T19:41:59.779564+00:00 [queued]>
[2022-07-17 09:23:54,114] {taskinstance.py:1032} INFO - Dependencies all met for <TaskInstance: DM-COUNT-account-turnover.START_COUNT_BY_DAY_20 scheduled__2022-06-26T19:41:59.779564+00:00 [queued]>
[2022-07-17 09:23:54,115] {taskinstance.py:1238} INFO - 
--------------------------------------------------------------------------------
[2022-07-17 09:23:54,115] {taskinstance.py:1239} INFO - Starting attempt 1 of 2
[2022-07-17 09:23:54,117] {taskinstance.py:1240} INFO - 
--------------------------------------------------------------------------------
[2022-07-17 09:23:54,286] {taskinstance.py:1259} INFO - Executing <Task(PostgresOperator): START_COUNT_BY_DAY_20> on 2022-06-26 19:41:59.779564+00:00
[2022-07-17 09:23:54,443] {standard_task_runner.py:52} INFO - Started process 222 to run task
[2022-07-17 09:23:54,475] {standard_task_runner.py:76} INFO - Running: ['***', 'tasks', 'run', 'DM-COUNT-account-turnover', 'START_COUNT_BY_DAY_20', 'scheduled__2022-06-26T19:41:59.779564+00:00', '--job-id', '1552', '--raw', '--subdir', 'DAGS_FOLDER/dm_fill_account_turnover.py', '--cfg-path', '/tmp/tmp4d1ud3nj', '--error-file', '/tmp/tmpgayrx6_b']
[2022-07-17 09:23:54,517] {standard_task_runner.py:77} INFO - Job 1552: Subtask START_COUNT_BY_DAY_20
[2022-07-17 09:23:55,506] {logging_mixin.py:109} INFO - Running <TaskInstance: DM-COUNT-account-turnover.START_COUNT_BY_DAY_20 scheduled__2022-06-26T19:41:59.779564+00:00 [running]> on host a04da3f4ff4b
[2022-07-17 09:23:56,375] {taskinstance.py:1426} INFO - Exporting the following env vars:
AIRFLOW_CTX_DAG_OWNER=***
AIRFLOW_CTX_DAG_ID=DM-COUNT-account-turnover
AIRFLOW_CTX_TASK_ID=START_COUNT_BY_DAY_20
AIRFLOW_CTX_EXECUTION_DATE=2022-06-26T19:41:59.779564+00:00
AIRFLOW_CTX_DAG_RUN_ID=scheduled__2022-06-26T19:41:59.779564+00:00
[2022-07-17 09:23:56,441] {base.py:79} INFO - Using connection to: id: postgres. Host: postgres, Port: 5432, Schema: postgres, Login: ***, Password: ***, extra: {}
[2022-07-17 09:23:56,494] {dbapi.py:225} INFO - Running statement: CALL ds.fill_account_turnover_f (%(date)s::date);, parameters: {'date': '2018-01-20'}
[2022-07-17 09:23:56,812] {taskinstance.py:1277} INFO - Marking task as SUCCESS. dag_id=DM-COUNT-account-turnover, task_id=START_COUNT_BY_DAY_20, execution_date=20220626T194159, start_date=20220717T092354, end_date=20220717T092356
[2022-07-17 09:23:57,216] {local_task_job.py:154} INFO - Task exited with return code 0
[2022-07-17 09:23:58,052] {local_task_job.py:264} INFO - 0 downstream tasks scheduled from follow-on schedule check
