[2022-06-18 16:36:52,471] {taskinstance.py:1032} INFO - Dependencies all met for <TaskInstance: DM-COUNT-f101_round_f.count_f101-18 manual__2022-06-18T16:36:43.363666+00:00 [queued]>
[2022-06-18 16:36:52,539] {taskinstance.py:1032} INFO - Dependencies all met for <TaskInstance: DM-COUNT-f101_round_f.count_f101-18 manual__2022-06-18T16:36:43.363666+00:00 [queued]>
[2022-06-18 16:36:52,539] {taskinstance.py:1238} INFO - 
--------------------------------------------------------------------------------
[2022-06-18 16:36:52,539] {taskinstance.py:1239} INFO - Starting attempt 1 of 2
[2022-06-18 16:36:52,539] {taskinstance.py:1240} INFO - 
--------------------------------------------------------------------------------
[2022-06-18 16:36:52,591] {taskinstance.py:1259} INFO - Executing <Task(PostgresOperator): count_f101-18> on 2022-06-18 16:36:43.363666+00:00
[2022-06-18 16:36:52,596] {standard_task_runner.py:52} INFO - Started process 5724 to run task
[2022-06-18 16:36:52,617] {standard_task_runner.py:76} INFO - Running: ['***', 'tasks', 'run', 'DM-COUNT-f101_round_f', 'count_f101-18', 'manual__2022-06-18T16:36:43.363666+00:00', '--job-id', '223', '--raw', '--subdir', 'DAGS_FOLDER/f_101_round_f.py', '--cfg-path', '/tmp/tmpbgwe8n29', '--error-file', '/tmp/tmpzzw22fwa']
[2022-06-18 16:36:52,618] {standard_task_runner.py:77} INFO - Job 223: Subtask count_f101-18
[2022-06-18 16:36:53,040] {logging_mixin.py:109} INFO - Running <TaskInstance: DM-COUNT-f101_round_f.count_f101-18 manual__2022-06-18T16:36:43.363666+00:00 [running]> on host 191dd4d3d1ba
[2022-06-18 16:36:53,489] {taskinstance.py:1426} INFO - Exporting the following env vars:
AIRFLOW_CTX_DAG_OWNER=***
AIRFLOW_CTX_DAG_ID=DM-COUNT-f101_round_f
AIRFLOW_CTX_TASK_ID=count_f101-18
AIRFLOW_CTX_EXECUTION_DATE=2022-06-18T16:36:43.363666+00:00
AIRFLOW_CTX_DAG_RUN_ID=manual__2022-06-18T16:36:43.363666+00:00
[2022-06-18 16:36:53,522] {base.py:79} INFO - Using connection to: id: postgres. Host: postgres, Port: 5432, Schema: postgres, Login: ***, Password: ***, extra: {}
[2022-06-18 16:36:53,531] {dbapi.py:225} INFO - Running statement: CALL dm.fill_f101_round_f (%(date)s::date);, parameters: {'date': '2018-01-18'}
[2022-06-18 16:36:54,044] {taskinstance.py:1277} INFO - Marking task as SUCCESS. dag_id=DM-COUNT-f101_round_f, task_id=count_f101-18, execution_date=20220618T163643, start_date=20220618T163652, end_date=20220618T163654
[2022-06-18 16:36:54,123] {local_task_job.py:154} INFO - Task exited with return code 0
[2022-06-18 16:36:54,489] {local_task_job.py:264} INFO - 0 downstream tasks scheduled from follow-on schedule check
