[2022-06-20 07:08:56,522] {taskinstance.py:1032} INFO - Dependencies all met for <TaskInstance: DM-COUNT-account-turnover.START_COUNT_BY_DAY_14 scheduled__2022-06-18T21:27:30.430782+00:00 [queued]>
[2022-06-20 07:08:56,530] {taskinstance.py:1032} INFO - Dependencies all met for <TaskInstance: DM-COUNT-account-turnover.START_COUNT_BY_DAY_14 scheduled__2022-06-18T21:27:30.430782+00:00 [queued]>
[2022-06-20 07:08:56,530] {taskinstance.py:1238} INFO - 
--------------------------------------------------------------------------------
[2022-06-20 07:08:56,530] {taskinstance.py:1239} INFO - Starting attempt 2 of 2
[2022-06-20 07:08:56,530] {taskinstance.py:1240} INFO - 
--------------------------------------------------------------------------------
[2022-06-20 07:08:56,538] {taskinstance.py:1259} INFO - Executing <Task(PostgresOperator): START_COUNT_BY_DAY_14> on 2022-06-18 21:27:30.430782+00:00
[2022-06-20 07:08:56,542] {standard_task_runner.py:52} INFO - Started process 419 to run task
[2022-06-20 07:08:56,545] {standard_task_runner.py:76} INFO - Running: ['***', 'tasks', 'run', 'DM-COUNT-account-turnover', 'START_COUNT_BY_DAY_14', 'scheduled__2022-06-18T21:27:30.430782+00:00', '--job-id', '432', '--raw', '--subdir', 'DAGS_FOLDER/dm_fill_account_turnover.py', '--cfg-path', '/tmp/tmpblgbvsu6', '--error-file', '/tmp/tmpklk1swbe']
[2022-06-20 07:08:56,545] {standard_task_runner.py:77} INFO - Job 432: Subtask START_COUNT_BY_DAY_14
[2022-06-20 07:08:56,599] {logging_mixin.py:109} INFO - Running <TaskInstance: DM-COUNT-account-turnover.START_COUNT_BY_DAY_14 scheduled__2022-06-18T21:27:30.430782+00:00 [running]> on host c087b85f9f15
[2022-06-20 07:08:56,644] {taskinstance.py:1426} INFO - Exporting the following env vars:
AIRFLOW_CTX_DAG_OWNER=***
AIRFLOW_CTX_DAG_ID=DM-COUNT-account-turnover
AIRFLOW_CTX_TASK_ID=START_COUNT_BY_DAY_14
AIRFLOW_CTX_EXECUTION_DATE=2022-06-18T21:27:30.430782+00:00
AIRFLOW_CTX_DAG_RUN_ID=scheduled__2022-06-18T21:27:30.430782+00:00
[2022-06-20 07:08:56,650] {base.py:79} INFO - Using connection to: id: postgres. Host: postgres, Port: 5432, Schema: postgres, Login: ***, Password: ***, extra: {}
[2022-06-20 07:08:56,654] {dbapi.py:225} INFO - Running statement: CALL ds.fill_account_turnover_f (%(date)s::date);, parameters: {'date': '2018-01-14'}
[2022-06-20 07:08:56,677] {taskinstance.py:1277} INFO - Marking task as SUCCESS. dag_id=DM-COUNT-account-turnover, task_id=START_COUNT_BY_DAY_14, execution_date=20220618T212730, start_date=20220620T070856, end_date=20220620T070856
[2022-06-20 07:08:56,717] {local_task_job.py:154} INFO - Task exited with return code 0
[2022-06-20 07:08:56,747] {local_task_job.py:264} INFO - 1 downstream tasks scheduled from follow-on schedule check
