[2022-06-18 15:14:21,208] {taskinstance.py:1032} INFO - Dependencies all met for <TaskInstance: DM-COUNT-account-turnover.START_COUNT_BY_DAY_28 manual__2022-06-18T15:14:12.504350+00:00 [queued]>
[2022-06-18 15:14:21,231] {taskinstance.py:1032} INFO - Dependencies all met for <TaskInstance: DM-COUNT-account-turnover.START_COUNT_BY_DAY_28 manual__2022-06-18T15:14:12.504350+00:00 [queued]>
[2022-06-18 15:14:21,231] {taskinstance.py:1238} INFO - 
--------------------------------------------------------------------------------
[2022-06-18 15:14:21,231] {taskinstance.py:1239} INFO - Starting attempt 1 of 2
[2022-06-18 15:14:21,231] {taskinstance.py:1240} INFO - 
--------------------------------------------------------------------------------
[2022-06-18 15:14:21,275] {taskinstance.py:1259} INFO - Executing <Task(PostgresOperator): START_COUNT_BY_DAY_28> on 2022-06-18 15:14:12.504350+00:00
[2022-06-18 15:14:21,285] {standard_task_runner.py:52} INFO - Started process 1738 to run task
[2022-06-18 15:14:21,308] {standard_task_runner.py:76} INFO - Running: ['***', 'tasks', 'run', 'DM-COUNT-account-turnover', 'START_COUNT_BY_DAY_28', 'manual__2022-06-18T15:14:12.504350+00:00', '--job-id', '136', '--raw', '--subdir', 'DAGS_FOLDER/dm_fill_account_turnover.py', '--cfg-path', '/tmp/tmpmow1y0bi', '--error-file', '/tmp/tmpabzdq1ff']
[2022-06-18 15:14:21,311] {standard_task_runner.py:77} INFO - Job 136: Subtask START_COUNT_BY_DAY_28
[2022-06-18 15:14:21,606] {logging_mixin.py:109} INFO - Running <TaskInstance: DM-COUNT-account-turnover.START_COUNT_BY_DAY_28 manual__2022-06-18T15:14:12.504350+00:00 [running]> on host 191dd4d3d1ba
[2022-06-18 15:14:22,146] {taskinstance.py:1426} INFO - Exporting the following env vars:
AIRFLOW_CTX_DAG_OWNER=***
AIRFLOW_CTX_DAG_ID=DM-COUNT-account-turnover
AIRFLOW_CTX_TASK_ID=START_COUNT_BY_DAY_28
AIRFLOW_CTX_EXECUTION_DATE=2022-06-18T15:14:12.504350+00:00
AIRFLOW_CTX_DAG_RUN_ID=manual__2022-06-18T15:14:12.504350+00:00
[2022-06-18 15:14:22,202] {base.py:79} INFO - Using connection to: id: postgres. Host: postgres, Port: 5432, Schema: postgres, Login: ***, Password: ***, extra: {}
[2022-06-18 15:14:22,257] {dbapi.py:225} INFO - Running statement: CALL ds.fill_account_turnover_f (%(date)s::date);, parameters: {'date': '2018-01-28'}
[2022-06-18 15:14:23,054] {taskinstance.py:1277} INFO - Marking task as SUCCESS. dag_id=DM-COUNT-account-turnover, task_id=START_COUNT_BY_DAY_28, execution_date=20220618T151412, start_date=20220618T151421, end_date=20220618T151423
[2022-06-18 15:14:23,167] {local_task_job.py:154} INFO - Task exited with return code 0
[2022-06-18 15:14:24,235] {local_task_job.py:264} INFO - 0 downstream tasks scheduled from follow-on schedule check
