[2022-06-22 09:54:21,661] {taskinstance.py:1032} INFO - Dependencies all met for <TaskInstance: CSV_TO_DS.SEND_DS_md_account_d manual__2022-06-22T09:54:16.085618+00:00 [queued]>
[2022-06-22 09:54:21,674] {taskinstance.py:1032} INFO - Dependencies all met for <TaskInstance: CSV_TO_DS.SEND_DS_md_account_d manual__2022-06-22T09:54:16.085618+00:00 [queued]>
[2022-06-22 09:54:21,675] {taskinstance.py:1238} INFO - 
--------------------------------------------------------------------------------
[2022-06-22 09:54:21,675] {taskinstance.py:1239} INFO - Starting attempt 1 of 2
[2022-06-22 09:54:21,675] {taskinstance.py:1240} INFO - 
--------------------------------------------------------------------------------
[2022-06-22 09:54:21,697] {taskinstance.py:1259} INFO - Executing <Task(PythonOperator): SEND_DS_md_account_d> on 2022-06-22 09:54:16.085618+00:00
[2022-06-22 09:54:21,701] {standard_task_runner.py:52} INFO - Started process 234 to run task
[2022-06-22 09:54:21,716] {standard_task_runner.py:76} INFO - Running: ['***', 'tasks', 'run', 'CSV_TO_DS', 'SEND_DS_md_account_d', 'manual__2022-06-22T09:54:16.085618+00:00', '--job-id', '1101', '--raw', '--subdir', 'DAGS_FOLDER/csv_to_ds.py', '--cfg-path', '/tmp/tmpr179vhig', '--error-file', '/tmp/tmpq2wshf6f']
[2022-06-22 09:54:21,727] {standard_task_runner.py:77} INFO - Job 1101: Subtask SEND_DS_md_account_d
[2022-06-22 09:54:21,821] {logging_mixin.py:109} INFO - Running <TaskInstance: CSV_TO_DS.SEND_DS_md_account_d manual__2022-06-22T09:54:16.085618+00:00 [running]> on host bc39be91d060
[2022-06-22 09:54:21,950] {taskinstance.py:1426} INFO - Exporting the following env vars:
AIRFLOW_CTX_DAG_OWNER=***
AIRFLOW_CTX_DAG_ID=CSV_TO_DS
AIRFLOW_CTX_TASK_ID=SEND_DS_md_account_d
AIRFLOW_CTX_EXECUTION_DATE=2022-06-22T09:54:16.085618+00:00
AIRFLOW_CTX_DAG_RUN_ID=manual__2022-06-22T09:54:16.085618+00:00
[2022-06-22 09:54:21,985] {FromLocal.py:52} INFO - Column data_actual_date changed date-time format
[2022-06-22 09:54:21,987] {FromLocal.py:52} INFO - Column data_actual_end_date changed date-time format
[2022-06-22 09:54:21,987] {FromLocal.py:58} INFO - Table md_account_d read in pandas success. 
[2022-06-22 09:54:22,000] {FromLocal.py:59} INFO - 
   data_actual_date data_actual_end_date  ...  currency_rk currency_code
0       2018-01-01           2018-01-31  ...           35           840
1       2018-01-01           2018-01-31  ...           35           840
2       2018-01-01           2018-01-31  ...           34           643
3       2018-01-01           2018-01-31  ...           34           643
4       2018-01-01           2018-01-31  ...           34           643

[5 rows x 7 columns]
[2022-06-22 09:54:22,092] {FromLocal.py:84} INFO -  Table md_account_d in ds schema has updated success. 
[2022-06-22 09:54:27,099] {python.py:175} INFO - Done. Returned value was: None
[2022-06-22 09:54:27,203] {taskinstance.py:1277} INFO - Marking task as SUCCESS. dag_id=CSV_TO_DS, task_id=SEND_DS_md_account_d, execution_date=20220622T095416, start_date=20220622T095421, end_date=20220622T095427
[2022-06-22 09:54:27,242] {local_task_job.py:154} INFO - Task exited with return code 0
[2022-06-22 09:54:27,269] {local_task_job.py:264} INFO - 0 downstream tasks scheduled from follow-on schedule check
