[2022-06-12 21:38:18,908] {taskinstance.py:1159} INFO - Dependencies all met for <TaskInstance: CSV_TO_DS.SEND_DS_ft_balance_f manual__2022-06-12T21:33:12.867995+00:00 [queued]>
[2022-06-12 21:38:18,917] {taskinstance.py:1159} INFO - Dependencies all met for <TaskInstance: CSV_TO_DS.SEND_DS_ft_balance_f manual__2022-06-12T21:33:12.867995+00:00 [queued]>
[2022-06-12 21:38:18,917] {taskinstance.py:1356} INFO - 
--------------------------------------------------------------------------------
[2022-06-12 21:38:18,917] {taskinstance.py:1357} INFO - Starting attempt 2 of 2
[2022-06-12 21:38:18,917] {taskinstance.py:1358} INFO - 
--------------------------------------------------------------------------------
[2022-06-12 21:38:18,929] {taskinstance.py:1377} INFO - Executing <Task(PythonOperator): SEND_DS_ft_balance_f> on 2022-06-12 21:33:12.867995+00:00
[2022-06-12 21:38:18,933] {standard_task_runner.py:52} INFO - Started process 1891 to run task
[2022-06-12 21:38:18,936] {standard_task_runner.py:79} INFO - Running: ['***', 'tasks', 'run', 'CSV_TO_DS', 'SEND_DS_ft_balance_f', 'manual__2022-06-12T21:33:12.867995+00:00', '--job-id', '14', '--raw', '--subdir', 'DAGS_FOLDER/csv_to_ds.py', '--cfg-path', '/tmp/tmpup6s3kcg', '--error-file', '/tmp/tmpv57bjs6p']
[2022-06-12 21:38:18,937] {standard_task_runner.py:80} INFO - Job 14: Subtask SEND_DS_ft_balance_f
[2022-06-12 21:38:18,985] {task_command.py:370} INFO - Running <TaskInstance: CSV_TO_DS.SEND_DS_ft_balance_f manual__2022-06-12T21:33:12.867995+00:00 [running]> on host 0088cb39c00f
[2022-06-12 21:38:19,064] {taskinstance.py:1571} INFO - Exporting the following env vars:
AIRFLOW_CTX_DAG_OWNER=***
AIRFLOW_CTX_DAG_ID=CSV_TO_DS
AIRFLOW_CTX_TASK_ID=SEND_DS_ft_balance_f
AIRFLOW_CTX_EXECUTION_DATE=2022-06-12T21:33:12.867995+00:00
AIRFLOW_CTX_TRY_NUMBER=2
AIRFLOW_CTX_DAG_RUN_ID=manual__2022-06-12T21:33:12.867995+00:00
[2022-06-12 21:38:19,072] {base.py:68} INFO - Using connection ID 'postgres' for task execution.
[2022-06-12 21:38:19,073] {logging_mixin.py:115} WARNING - --- Logging error ---
[2022-06-12 21:38:19,073] {logging_mixin.py:115} WARNING - Traceback (most recent call last):
[2022-06-12 21:38:19,073] {logging_mixin.py:115} WARNING -   File "/usr/local/lib/python3.7/logging/__init__.py", line 1025, in emit
    msg = self.format(record)
[2022-06-12 21:38:19,073] {logging_mixin.py:115} WARNING -   File "/usr/local/lib/python3.7/logging/__init__.py", line 869, in format
    return fmt.format(record)
[2022-06-12 21:38:19,073] {logging_mixin.py:115} WARNING -   File "/usr/local/lib/python3.7/logging/__init__.py", line 608, in format
    record.message = record.getMessage()
[2022-06-12 21:38:19,073] {logging_mixin.py:115} WARNING -   File "/usr/local/lib/python3.7/logging/__init__.py", line 369, in getMessage
    msg = msg % self.args
[2022-06-12 21:38:19,074] {logging_mixin.py:115} WARNING - TypeError: not all arguments converted during string formatting
[2022-06-12 21:38:19,074] {logging_mixin.py:115} WARNING - Call stack:
[2022-06-12 21:38:19,078] {logging_mixin.py:115} WARNING -   File "/home/***/.local/bin/***", line 8, in <module>
    sys.exit(main())
[2022-06-12 21:38:19,078] {logging_mixin.py:115} WARNING -   File "/home/***/.local/lib/python3.7/site-packages/***/__main__.py", line 38, in main
    args.func(args)
[2022-06-12 21:38:19,078] {logging_mixin.py:115} WARNING -   File "/home/***/.local/lib/python3.7/site-packages/***/cli/cli_parser.py", line 51, in command
    return func(*args, **kwargs)
[2022-06-12 21:38:19,078] {logging_mixin.py:115} WARNING -   File "/home/***/.local/lib/python3.7/site-packages/***/utils/cli.py", line 99, in wrapper
    return f(*args, **kwargs)
[2022-06-12 21:38:19,078] {logging_mixin.py:115} WARNING -   File "/home/***/.local/lib/python3.7/site-packages/***/cli/commands/celery_command.py", line 194, in worker
    _run_worker(options=options, skip_serve_logs=skip_serve_logs)
[2022-06-12 21:38:19,078] {logging_mixin.py:115} WARNING -   File "/home/***/.local/lib/python3.7/site-packages/***/cli/commands/celery_command.py", line 94, in _run_worker
    celery_app.worker_main(options)
[2022-06-12 21:38:19,078] {logging_mixin.py:115} WARNING -   File "/home/***/.local/lib/python3.7/site-packages/celery/app/base.py", line 391, in worker_main
    self.start(argv=argv)
[2022-06-12 21:38:19,078] {logging_mixin.py:115} WARNING -   File "/home/***/.local/lib/python3.7/site-packages/celery/app/base.py", line 371, in start
    celery.main(args=argv, standalone_mode=False)
[2022-06-12 21:38:19,079] {logging_mixin.py:115} WARNING -   File "/home/***/.local/lib/python3.7/site-packages/click/core.py", line 1055, in main
    rv = self.invoke(ctx)
[2022-06-12 21:38:19,079] {logging_mixin.py:115} WARNING -   File "/home/***/.local/lib/python3.7/site-packages/click/core.py", line 1657, in invoke
    return _process_result(sub_ctx.command.invoke(sub_ctx))
[2022-06-12 21:38:19,079] {logging_mixin.py:115} WARNING -   File "/home/***/.local/lib/python3.7/site-packages/click/core.py", line 1404, in invoke
    return ctx.invoke(self.callback, **ctx.params)
[2022-06-12 21:38:19,079] {logging_mixin.py:115} WARNING -   File "/home/***/.local/lib/python3.7/site-packages/click/core.py", line 760, in invoke
    return __callback(*args, **kwargs)
[2022-06-12 21:38:19,079] {logging_mixin.py:115} WARNING -   File "/home/***/.local/lib/python3.7/site-packages/click/decorators.py", line 26, in new_func
    return f(get_current_context(), *args, **kwargs)
[2022-06-12 21:38:19,079] {logging_mixin.py:115} WARNING -   File "/home/***/.local/lib/python3.7/site-packages/celery/bin/base.py", line 134, in caller
    return f(ctx, *args, **kwargs)
[2022-06-12 21:38:19,079] {logging_mixin.py:115} WARNING -   File "/home/***/.local/lib/python3.7/site-packages/celery/bin/worker.py", line 351, in worker
    worker.start()
[2022-06-12 21:38:19,079] {logging_mixin.py:115} WARNING -   File "/home/***/.local/lib/python3.7/site-packages/celery/worker/worker.py", line 203, in start
    self.blueprint.start(self)
[2022-06-12 21:38:19,079] {logging_mixin.py:115} WARNING -   File "/home/***/.local/lib/python3.7/site-packages/celery/bootsteps.py", line 116, in start
    step.start(parent)
[2022-06-12 21:38:19,079] {logging_mixin.py:115} WARNING -   File "/home/***/.local/lib/python3.7/site-packages/celery/bootsteps.py", line 365, in start
    return self.obj.start()
[2022-06-12 21:38:19,079] {logging_mixin.py:115} WARNING -   File "/home/***/.local/lib/python3.7/site-packages/celery/concurrency/base.py", line 129, in start
    self.on_start()
[2022-06-12 21:38:19,079] {logging_mixin.py:115} WARNING -   File "/home/***/.local/lib/python3.7/site-packages/celery/concurrency/prefork.py", line 115, in on_start
    **self.options)
[2022-06-12 21:38:19,079] {logging_mixin.py:115} WARNING -   File "/home/***/.local/lib/python3.7/site-packages/celery/concurrency/asynpool.py", line 463, in __init__
    super().__init__(processes, *args, **kwargs)
[2022-06-12 21:38:19,079] {logging_mixin.py:115} WARNING -   File "/home/***/.local/lib/python3.7/site-packages/billiard/pool.py", line 1046, in __init__
    self._create_worker_process(i)
[2022-06-12 21:38:19,079] {logging_mixin.py:115} WARNING -   File "/home/***/.local/lib/python3.7/site-packages/celery/concurrency/asynpool.py", line 480, in _create_worker_process
    return super()._create_worker_process(i)
[2022-06-12 21:38:19,079] {logging_mixin.py:115} WARNING -   File "/home/***/.local/lib/python3.7/site-packages/billiard/pool.py", line 1158, in _create_worker_process
    w.start()
[2022-06-12 21:38:19,079] {logging_mixin.py:115} WARNING -   File "/home/***/.local/lib/python3.7/site-packages/billiard/process.py", line 124, in start
    self._popen = self._Popen(self)
[2022-06-12 21:38:19,079] {logging_mixin.py:115} WARNING -   File "/home/***/.local/lib/python3.7/site-packages/billiard/context.py", line 333, in _Popen
    return Popen(process_obj)
[2022-06-12 21:38:19,079] {logging_mixin.py:115} WARNING -   File "/home/***/.local/lib/python3.7/site-packages/billiard/popen_fork.py", line 24, in __init__
    self._launch(process_obj)
[2022-06-12 21:38:19,079] {logging_mixin.py:115} WARNING -   File "/home/***/.local/lib/python3.7/site-packages/billiard/popen_fork.py", line 79, in _launch
    code = process_obj._bootstrap()
[2022-06-12 21:38:19,079] {logging_mixin.py:115} WARNING -   File "/home/***/.local/lib/python3.7/site-packages/billiard/process.py", line 327, in _bootstrap
    self.run()
[2022-06-12 21:38:19,079] {logging_mixin.py:115} WARNING -   File "/home/***/.local/lib/python3.7/site-packages/billiard/process.py", line 114, in run
    self._target(*self._args, **self._kwargs)
[2022-06-12 21:38:19,080] {logging_mixin.py:115} WARNING -   File "/home/***/.local/lib/python3.7/site-packages/billiard/pool.py", line 292, in __call__
    sys.exit(self.workloop(pid=pid))
[2022-06-12 21:38:19,080] {logging_mixin.py:115} WARNING -   File "/home/***/.local/lib/python3.7/site-packages/billiard/pool.py", line 362, in workloop
    result = (True, prepare_result(fun(*args, **kwargs)))
[2022-06-12 21:38:19,080] {logging_mixin.py:115} WARNING -   File "/home/***/.local/lib/python3.7/site-packages/celery/app/trace.py", line 650, in fast_trace_task
    uuid, args, kwargs, request,
[2022-06-12 21:38:19,080] {logging_mixin.py:115} WARNING -   File "/home/***/.local/lib/python3.7/site-packages/celery/app/trace.py", line 451, in trace_task
    R = retval = fun(*args, **kwargs)
[2022-06-12 21:38:19,080] {logging_mixin.py:115} WARNING -   File "/home/***/.local/lib/python3.7/site-packages/celery/app/trace.py", line 734, in __protected_call__
    return self.run(*args, **kwargs)
[2022-06-12 21:38:19,080] {logging_mixin.py:115} WARNING -   File "/home/***/.local/lib/python3.7/site-packages/***/executors/celery_executor.py", line 93, in execute_command
    _execute_in_fork(command_to_exec, celery_task_id)
[2022-06-12 21:38:19,080] {logging_mixin.py:115} WARNING -   File "/home/***/.local/lib/python3.7/site-packages/***/executors/celery_executor.py", line 128, in _execute_in_fork
    args.func(args)
[2022-06-12 21:38:19,080] {logging_mixin.py:115} WARNING -   File "/home/***/.local/lib/python3.7/site-packages/***/cli/cli_parser.py", line 51, in command
    return func(*args, **kwargs)
[2022-06-12 21:38:19,080] {logging_mixin.py:115} WARNING -   File "/home/***/.local/lib/python3.7/site-packages/***/utils/cli.py", line 99, in wrapper
    return f(*args, **kwargs)
[2022-06-12 21:38:19,080] {logging_mixin.py:115} WARNING -   File "/home/***/.local/lib/python3.7/site-packages/***/cli/commands/task_command.py", line 376, in task_run
    _run_task_by_selected_method(args, dag, ti)
[2022-06-12 21:38:19,080] {logging_mixin.py:115} WARNING -   File "/home/***/.local/lib/python3.7/site-packages/***/cli/commands/task_command.py", line 182, in _run_task_by_selected_method
    _run_task_by_local_task_job(args, ti)
[2022-06-12 21:38:19,080] {logging_mixin.py:115} WARNING -   File "/home/***/.local/lib/python3.7/site-packages/***/cli/commands/task_command.py", line 240, in _run_task_by_local_task_job
    run_job.run()
[2022-06-12 21:38:19,080] {logging_mixin.py:115} WARNING -   File "/home/***/.local/lib/python3.7/site-packages/***/jobs/base_job.py", line 244, in run
    self._execute()
[2022-06-12 21:38:19,080] {logging_mixin.py:115} WARNING -   File "/home/***/.local/lib/python3.7/site-packages/***/jobs/local_task_job.py", line 105, in _execute
    self.task_runner.start()
[2022-06-12 21:38:19,080] {logging_mixin.py:115} WARNING -   File "/home/***/.local/lib/python3.7/site-packages/***/task/task_runner/standard_task_runner.py", line 41, in start
    self.process = self._start_by_fork()
[2022-06-12 21:38:19,080] {logging_mixin.py:115} WARNING -   File "/home/***/.local/lib/python3.7/site-packages/***/task/task_runner/standard_task_runner.py", line 88, in _start_by_fork
    args.func(args, dag=self.dag)
[2022-06-12 21:38:19,080] {logging_mixin.py:115} WARNING -   File "/home/***/.local/lib/python3.7/site-packages/***/cli/cli_parser.py", line 51, in command
    return func(*args, **kwargs)
[2022-06-12 21:38:19,080] {logging_mixin.py:115} WARNING -   File "/home/***/.local/lib/python3.7/site-packages/***/utils/cli.py", line 99, in wrapper
    return f(*args, **kwargs)
[2022-06-12 21:38:19,080] {logging_mixin.py:115} WARNING -   File "/home/***/.local/lib/python3.7/site-packages/***/cli/commands/task_command.py", line 376, in task_run
    _run_task_by_selected_method(args, dag, ti)
[2022-06-12 21:38:19,080] {logging_mixin.py:115} WARNING -   File "/home/***/.local/lib/python3.7/site-packages/***/cli/commands/task_command.py", line 184, in _run_task_by_selected_method
    _run_raw_task(args, ti)
[2022-06-12 21:38:19,080] {logging_mixin.py:115} WARNING -   File "/home/***/.local/lib/python3.7/site-packages/***/cli/commands/task_command.py", line 261, in _run_raw_task
    error_file=args.error_file,
[2022-06-12 21:38:19,081] {logging_mixin.py:115} WARNING -   File "/home/***/.local/lib/python3.7/site-packages/***/utils/session.py", line 71, in wrapper
    return func(*args, session=session, **kwargs)
[2022-06-12 21:38:19,081] {logging_mixin.py:115} WARNING -   File "/home/***/.local/lib/python3.7/site-packages/***/models/taskinstance.py", line 1451, in _run_raw_task
    self._execute_task_with_callbacks(context, test_mode)
[2022-06-12 21:38:19,081] {logging_mixin.py:115} WARNING -   File "/home/***/.local/lib/python3.7/site-packages/***/models/taskinstance.py", line 1598, in _execute_task_with_callbacks
    result = self._execute_task(context, task_orig)
[2022-06-12 21:38:19,081] {logging_mixin.py:115} WARNING -   File "/home/***/.local/lib/python3.7/site-packages/***/models/taskinstance.py", line 1659, in _execute_task
    result = execute_callable(context=context)
[2022-06-12 21:38:19,081] {logging_mixin.py:115} WARNING -   File "/home/***/.local/lib/python3.7/site-packages/***/operators/python.py", line 171, in execute
    return_value = self.execute_callable()
[2022-06-12 21:38:19,081] {logging_mixin.py:115} WARNING -   File "/home/***/.local/lib/python3.7/site-packages/***/operators/python.py", line 189, in execute_callable
    return self.python_callable(*self.op_args, **self.op_kwargs)
[2022-06-12 21:38:19,081] {logging_mixin.py:115} WARNING -   File "/opt/***/dags/csv_to_ds.py", line 71, in send_csv_to_ds
    engine, LogsLoadCsvToDs = get_log_conn()
[2022-06-12 21:38:19,081] {logging_mixin.py:115} WARNING -   File "/opt/***/dags/csv_to_ds.py", line 42, in get_log_conn
    logging.info(conn_object.login, conn_object.password, conn_object.host, conn_object.port, conn_object.schema)
[2022-06-12 21:38:19,081] {logging_mixin.py:115} WARNING -   File "/usr/local/lib/python3.7/logging/__init__.py", line 1992, in info
    root.info(msg, *args, **kwargs)
[2022-06-12 21:38:19,081] {logging_mixin.py:115} WARNING -   File "/usr/local/lib/python3.7/logging/__init__.py", line 1378, in info
    self._log(INFO, msg, args, **kwargs)
[2022-06-12 21:38:19,081] {logging_mixin.py:115} WARNING -   File "/usr/local/lib/python3.7/logging/__init__.py", line 1514, in _log
    self.handle(record)
[2022-06-12 21:38:19,081] {logging_mixin.py:115} WARNING -   File "/usr/local/lib/python3.7/logging/__init__.py", line 1524, in handle
    self.callHandlers(record)
[2022-06-12 21:38:19,081] {logging_mixin.py:115} WARNING -   File "/usr/local/lib/python3.7/logging/__init__.py", line 1586, in callHandlers
    hdlr.handle(record)
[2022-06-12 21:38:19,081] {logging_mixin.py:115} WARNING -   File "/usr/local/lib/python3.7/logging/__init__.py", line 894, in handle
    self.emit(record)
[2022-06-12 21:38:19,081] {logging_mixin.py:115} WARNING -   File "/home/***/.local/lib/python3.7/site-packages/***/utils/log/file_task_handler.py", line 67, in emit
    self.handler.emit(record)
[2022-06-12 21:38:19,081] {logging_mixin.py:115} WARNING - Message: '***'
Arguments: ('***', 'postgres', None, 'postgres')
[2022-06-12 21:38:19,081] {taskinstance.py:1889} ERROR - Task failed with exception
Traceback (most recent call last):
  File "/home/airflow/.local/lib/python3.7/site-packages/airflow/operators/python.py", line 171, in execute
    return_value = self.execute_callable()
  File "/home/airflow/.local/lib/python3.7/site-packages/airflow/operators/python.py", line 189, in execute_callable
    return self.python_callable(*self.op_args, **self.op_kwargs)
  File "/opt/airflow/dags/csv_to_ds.py", line 71, in send_csv_to_ds
    engine, LogsLoadCsvToDs = get_log_conn()
  File "/opt/airflow/dags/csv_to_ds.py", line 45, in get_log_conn
    engine = create_engine(jdbc_url)
  File "<string>", line 2, in create_engine
  File "/home/airflow/.local/lib/python3.7/site-packages/sqlalchemy/util/deprecations.py", line 298, in warned
    return fn(*args, **kwargs)
  File "/home/airflow/.local/lib/python3.7/site-packages/sqlalchemy/engine/create.py", line 518, in create_engine
    u = _url.make_url(url)
  File "/home/airflow/.local/lib/python3.7/site-packages/sqlalchemy/engine/url.py", line 711, in make_url
    return _parse_rfc1738_args(name_or_url)
  File "/home/airflow/.local/lib/python3.7/site-packages/sqlalchemy/engine/url.py", line 772, in _parse_rfc1738_args
    components["port"] = int(components["port"])
ValueError: invalid literal for int() with base 10: 'None'
[2022-06-12 21:38:19,089] {taskinstance.py:1400} INFO - Marking task as FAILED. dag_id=CSV_TO_DS, task_id=SEND_DS_ft_balance_f, execution_date=20220612T213312, start_date=20220612T213818, end_date=20220612T213819
[2022-06-12 21:38:19,098] {standard_task_runner.py:97} ERROR - Failed to execute job 14 for task SEND_DS_ft_balance_f (invalid literal for int() with base 10: 'None'; 1891)
[2022-06-12 21:38:19,110] {local_task_job.py:156} INFO - Task exited with return code 1
[2022-06-12 21:38:19,166] {local_task_job.py:273} INFO - 0 downstream tasks scheduled from follow-on schedule check
