[2022-06-12 21:33:17,406] {taskinstance.py:1159} INFO - Dependencies all met for <TaskInstance: CSV_TO_DS.SEND_DS_ft_balance_f manual__2022-06-12T21:33:12.867995+00:00 [queued]>
[2022-06-12 21:33:17,416] {taskinstance.py:1159} INFO - Dependencies all met for <TaskInstance: CSV_TO_DS.SEND_DS_ft_balance_f manual__2022-06-12T21:33:12.867995+00:00 [queued]>
[2022-06-12 21:33:17,416] {taskinstance.py:1356} INFO - 
--------------------------------------------------------------------------------
[2022-06-12 21:33:17,416] {taskinstance.py:1357} INFO - Starting attempt 1 of 2
[2022-06-12 21:33:17,417] {taskinstance.py:1358} INFO - 
--------------------------------------------------------------------------------
[2022-06-12 21:33:17,433] {taskinstance.py:1377} INFO - Executing <Task(PythonOperator): SEND_DS_ft_balance_f> on 2022-06-12 21:33:12.867995+00:00
[2022-06-12 21:33:17,437] {standard_task_runner.py:52} INFO - Started process 1656 to run task
[2022-06-12 21:33:17,440] {standard_task_runner.py:79} INFO - Running: ['***', 'tasks', 'run', 'CSV_TO_DS', 'SEND_DS_ft_balance_f', 'manual__2022-06-12T21:33:12.867995+00:00', '--job-id', '13', '--raw', '--subdir', 'DAGS_FOLDER/csv_to_ds.py', '--cfg-path', '/tmp/tmp9vu_f69s', '--error-file', '/tmp/tmpk766cufb']
[2022-06-12 21:33:17,440] {standard_task_runner.py:80} INFO - Job 13: Subtask SEND_DS_ft_balance_f
[2022-06-12 21:33:17,507] {task_command.py:370} INFO - Running <TaskInstance: CSV_TO_DS.SEND_DS_ft_balance_f manual__2022-06-12T21:33:12.867995+00:00 [running]> on host 0088cb39c00f
[2022-06-12 21:33:17,575] {taskinstance.py:1571} INFO - Exporting the following env vars:
AIRFLOW_CTX_DAG_OWNER=***
AIRFLOW_CTX_DAG_ID=CSV_TO_DS
AIRFLOW_CTX_TASK_ID=SEND_DS_ft_balance_f
AIRFLOW_CTX_EXECUTION_DATE=2022-06-12T21:33:12.867995+00:00
AIRFLOW_CTX_TRY_NUMBER=1
AIRFLOW_CTX_DAG_RUN_ID=manual__2022-06-12T21:33:12.867995+00:00
[2022-06-12 21:33:17,583] {base.py:68} INFO - Using connection ID 'postgres' for task execution.
[2022-06-12 21:33:17,584] {taskinstance.py:1889} ERROR - Task failed with exception
Traceback (most recent call last):
  File "/home/airflow/.local/lib/python3.7/site-packages/airflow/operators/python.py", line 171, in execute
    return_value = self.execute_callable()
  File "/home/airflow/.local/lib/python3.7/site-packages/airflow/operators/python.py", line 189, in execute_callable
    return self.python_callable(*self.op_args, **self.op_kwargs)
  File "/opt/airflow/dags/csv_to_ds.py", line 70, in send_csv_to_ds
    engine, LogsLoadCsvToDs = get_log_conn()
  File "/opt/airflow/dags/csv_to_ds.py", line 44, in get_log_conn
    engine = create_engine(jdbc_url)
  File "<string>", line 2, in create_engine
  File "/home/airflow/.local/lib/python3.7/site-packages/sqlalchemy/util/deprecations.py", line 298, in warned
    return fn(*args, **kwargs)
  File "/home/airflow/.local/lib/python3.7/site-packages/sqlalchemy/engine/create.py", line 518, in create_engine
    u = _url.make_url(url)
  File "/home/airflow/.local/lib/python3.7/site-packages/sqlalchemy/engine/url.py", line 711, in make_url
    return _parse_rfc1738_args(name_or_url)
  File "/home/airflow/.local/lib/python3.7/site-packages/sqlalchemy/engine/url.py", line 772, in _parse_rfc1738_args
    components["port"] = int(components["port"])
ValueError: invalid literal for int() with base 10: 'None'
[2022-06-12 21:33:17,592] {taskinstance.py:1400} INFO - Marking task as UP_FOR_RETRY. dag_id=CSV_TO_DS, task_id=SEND_DS_ft_balance_f, execution_date=20220612T213312, start_date=20220612T213317, end_date=20220612T213317
[2022-06-12 21:33:17,602] {standard_task_runner.py:97} ERROR - Failed to execute job 13 for task SEND_DS_ft_balance_f (invalid literal for int() with base 10: 'None'; 1656)
[2022-06-12 21:33:17,614] {local_task_job.py:156} INFO - Task exited with return code 1
[2022-06-12 21:33:17,648] {local_task_job.py:273} INFO - 0 downstream tasks scheduled from follow-on schedule check
