[2022-06-21 14:19:23,446] {taskinstance.py:1032} INFO - Dependencies all met for <TaskInstance: CSV_TO_DS.SEND_DS_ft_posting_f manual__2022-06-21T14:19:19.650119+00:00 [queued]>
[2022-06-21 14:19:23,458] {taskinstance.py:1032} INFO - Dependencies all met for <TaskInstance: CSV_TO_DS.SEND_DS_ft_posting_f manual__2022-06-21T14:19:19.650119+00:00 [queued]>
[2022-06-21 14:19:23,458] {taskinstance.py:1238} INFO - 
--------------------------------------------------------------------------------
[2022-06-21 14:19:23,458] {taskinstance.py:1239} INFO - Starting attempt 1 of 2
[2022-06-21 14:19:23,458] {taskinstance.py:1240} INFO - 
--------------------------------------------------------------------------------
[2022-06-21 14:19:23,470] {taskinstance.py:1259} INFO - Executing <Task(PythonOperator): SEND_DS_ft_posting_f> on 2022-06-21 14:19:19.650119+00:00
[2022-06-21 14:19:23,480] {standard_task_runner.py:52} INFO - Started process 1652 to run task
[2022-06-21 14:19:23,486] {standard_task_runner.py:76} INFO - Running: ['***', 'tasks', 'run', 'CSV_TO_DS', 'SEND_DS_ft_posting_f', 'manual__2022-06-21T14:19:19.650119+00:00', '--job-id', '597', '--raw', '--subdir', 'DAGS_FOLDER/csv_to_ds.py', '--cfg-path', '/tmp/tmp9u_av2ay', '--error-file', '/tmp/tmp0oofa32z']
[2022-06-21 14:19:23,488] {standard_task_runner.py:77} INFO - Job 597: Subtask SEND_DS_ft_posting_f
[2022-06-21 14:19:23,614] {logging_mixin.py:109} INFO - Running <TaskInstance: CSV_TO_DS.SEND_DS_ft_posting_f manual__2022-06-21T14:19:19.650119+00:00 [running]> on host c087b85f9f15
[2022-06-21 14:19:23,734] {taskinstance.py:1426} INFO - Exporting the following env vars:
AIRFLOW_CTX_DAG_OWNER=***
AIRFLOW_CTX_DAG_ID=CSV_TO_DS
AIRFLOW_CTX_TASK_ID=SEND_DS_ft_posting_f
AIRFLOW_CTX_EXECUTION_DATE=2022-06-21T14:19:19.650119+00:00
AIRFLOW_CTX_DAG_RUN_ID=manual__2022-06-21T14:19:19.650119+00:00
[2022-06-21 14:19:23,837] {CsvToDs.py:49} INFO -    id   OPER_DATE  ...  CREDIT_AMOUNT  DEBET_AMOUNT
0   1  2018-01-09  ...       94333.93      18337.76
1   2  2018-01-09  ...       68294.14      31542.06
2   3  2018-01-09  ...        2192.96      98734.33
3   4  2018-01-09  ...       44179.86      98544.65
4   5  2018-01-09  ...       18843.05        889.74

[5 rows x 6 columns]
[2022-06-21 14:19:23,864] {CsvToDs.py:58} INFO - Column oper_date changed date-time format
[2022-06-21 14:19:23,865] {CsvToDs.py:64} INFO - Table ft_posting_f read in pandas success. 
[2022-06-21 14:19:23,876] {CsvToDs.py:65} INFO - 
    id  oper_date  ...  credit_amount  debet_amount
0   1 2018-01-09  ...       94333.93      18337.76
1   2 2018-01-09  ...       68294.14      31542.06
2   3 2018-01-09  ...        2192.96      98734.33
3   4 2018-01-09  ...       44179.86      98544.65
4   5 2018-01-09  ...       18843.05        889.74

[5 rows x 6 columns]
[2022-06-21 14:19:30,628] {CsvToDs.py:108} INFO -  Table ft_posting_f in ds schema has updated success. 
[2022-06-21 14:19:35,645] {python.py:175} INFO - Done. Returned value was: None
[2022-06-21 14:19:35,658] {taskinstance.py:1277} INFO - Marking task as SUCCESS. dag_id=CSV_TO_DS, task_id=SEND_DS_ft_posting_f, execution_date=20220621T141919, start_date=20220621T141923, end_date=20220621T141935
[2022-06-21 14:19:35,715] {local_task_job.py:154} INFO - Task exited with return code 0
[2022-06-21 14:19:35,748] {local_task_job.py:264} INFO - 1 downstream tasks scheduled from follow-on schedule check
