[2022-06-25 19:41:45,416] {taskinstance.py:1032} INFO - Dependencies all met for <TaskInstance: DM-COUNT-account-turnover.START_COUNT_BY_DAY_3 scheduled__2022-06-22T21:27:30.430782+00:00 [queued]>
[2022-06-25 19:41:45,469] {taskinstance.py:1032} INFO - Dependencies all met for <TaskInstance: DM-COUNT-account-turnover.START_COUNT_BY_DAY_3 scheduled__2022-06-22T21:27:30.430782+00:00 [queued]>
[2022-06-25 19:41:45,469] {taskinstance.py:1238} INFO - 
--------------------------------------------------------------------------------
[2022-06-25 19:41:45,469] {taskinstance.py:1239} INFO - Starting attempt 1 of 2
[2022-06-25 19:41:45,469] {taskinstance.py:1240} INFO - 
--------------------------------------------------------------------------------
[2022-06-25 19:41:45,530] {taskinstance.py:1259} INFO - Executing <Task(PostgresOperator): START_COUNT_BY_DAY_3> on 2022-06-22 21:27:30.430782+00:00
[2022-06-25 19:41:45,545] {standard_task_runner.py:52} INFO - Started process 188 to run task
[2022-06-25 19:41:45,559] {standard_task_runner.py:76} INFO - Running: ['***', 'tasks', 'run', 'DM-COUNT-account-turnover', 'START_COUNT_BY_DAY_3', 'scheduled__2022-06-22T21:27:30.430782+00:00', '--job-id', '1283', '--raw', '--subdir', 'DAGS_FOLDER/dm_fill_account_turnover.py', '--cfg-path', '/tmp/tmpm31apn4w', '--error-file', '/tmp/tmpa_r0x51q']
[2022-06-25 19:41:45,560] {standard_task_runner.py:77} INFO - Job 1283: Subtask START_COUNT_BY_DAY_3
[2022-06-25 19:41:45,791] {logging_mixin.py:109} INFO - Running <TaskInstance: DM-COUNT-account-turnover.START_COUNT_BY_DAY_3 scheduled__2022-06-22T21:27:30.430782+00:00 [running]> on host 1a36ba6d0ffa
[2022-06-25 19:41:45,972] {taskinstance.py:1426} INFO - Exporting the following env vars:
AIRFLOW_CTX_DAG_OWNER=***
AIRFLOW_CTX_DAG_ID=DM-COUNT-account-turnover
AIRFLOW_CTX_TASK_ID=START_COUNT_BY_DAY_3
AIRFLOW_CTX_EXECUTION_DATE=2022-06-22T21:27:30.430782+00:00
AIRFLOW_CTX_DAG_RUN_ID=scheduled__2022-06-22T21:27:30.430782+00:00
[2022-06-25 19:41:45,990] {base.py:79} INFO - Using connection to: id: postgres. Host: postgres, Port: 5432, Schema: postgres, Login: ***, Password: ***, extra: {}
[2022-06-25 19:41:46,002] {dbapi.py:225} INFO - Running statement: CALL ds.fill_account_turnover_f (%(date)s::date);, parameters: {'date': '2018-01-3'}
[2022-06-25 19:41:46,147] {taskinstance.py:1277} INFO - Marking task as SUCCESS. dag_id=DM-COUNT-account-turnover, task_id=START_COUNT_BY_DAY_3, execution_date=20220622T212730, start_date=20220625T194145, end_date=20220625T194146
[2022-06-25 19:41:46,228] {local_task_job.py:154} INFO - Task exited with return code 0
[2022-06-25 19:41:46,721] {local_task_job.py:264} INFO - 0 downstream tasks scheduled from follow-on schedule check
