[2022-06-06 08:28:51,133] {taskinstance.py:1159} INFO - Dependencies all met for <TaskInstance: CSV_TO_DS.SEND_DS_ft_balance_f manual__2022-06-06T08:23:08.868848+00:00 [queued]>
[2022-06-06 08:28:51,160] {taskinstance.py:1159} INFO - Dependencies all met for <TaskInstance: CSV_TO_DS.SEND_DS_ft_balance_f manual__2022-06-06T08:23:08.868848+00:00 [queued]>
[2022-06-06 08:28:51,160] {taskinstance.py:1356} INFO - 
--------------------------------------------------------------------------------
[2022-06-06 08:28:51,160] {taskinstance.py:1357} INFO - Starting attempt 2 of 2
[2022-06-06 08:28:51,160] {taskinstance.py:1358} INFO - 
--------------------------------------------------------------------------------
[2022-06-06 08:28:51,199] {taskinstance.py:1377} INFO - Executing <Task(PythonOperator): SEND_DS_ft_balance_f> on 2022-06-06 08:23:08.868848+00:00
[2022-06-06 08:28:51,202] {standard_task_runner.py:52} INFO - Started process 78 to run task
[2022-06-06 08:28:51,225] {standard_task_runner.py:79} INFO - Running: ['***', 'tasks', 'run', 'CSV_TO_DS', 'SEND_DS_ft_balance_f', 'manual__2022-06-06T08:23:08.868848+00:00', '--job-id', '25', '--raw', '--subdir', 'DAGS_FOLDER/csv_to_ds.py', '--cfg-path', '/tmp/tmpzm_2h0qx', '--error-file', '/tmp/tmpwcyzpgx8']
[2022-06-06 08:28:51,233] {standard_task_runner.py:80} INFO - Job 25: Subtask SEND_DS_ft_balance_f
[2022-06-06 08:28:51,411] {task_command.py:370} INFO - Running <TaskInstance: CSV_TO_DS.SEND_DS_ft_balance_f manual__2022-06-06T08:23:08.868848+00:00 [running]> on host ba04cdc05c54
[2022-06-06 08:28:51,628] {taskinstance.py:1571} INFO - Exporting the following env vars:
AIRFLOW_CTX_DAG_OWNER=***
AIRFLOW_CTX_DAG_ID=CSV_TO_DS
AIRFLOW_CTX_TASK_ID=SEND_DS_ft_balance_f
AIRFLOW_CTX_EXECUTION_DATE=2022-06-06T08:23:08.868848+00:00
AIRFLOW_CTX_TRY_NUMBER=2
AIRFLOW_CTX_DAG_RUN_ID=manual__2022-06-06T08:23:08.868848+00:00
[2022-06-06 08:28:51,651] {base.py:68} INFO - Using connection ID 'postgres' for task execution.
[2022-06-06 08:28:51,852] {python.py:173} INFO - Done. Returned value was: None
[2022-06-06 08:28:51,887] {taskinstance.py:1400} INFO - Marking task as SUCCESS. dag_id=CSV_TO_DS, task_id=SEND_DS_ft_balance_f, execution_date=20220606T082308, start_date=20220606T082851, end_date=20220606T082851
[2022-06-06 08:28:51,958] {local_task_job.py:156} INFO - Task exited with return code 0
[2022-06-06 08:28:52,041] {local_task_job.py:273} INFO - 1 downstream tasks scheduled from follow-on schedule check
