[2022-06-06 08:23:16,974] {taskinstance.py:1159} INFO - Dependencies all met for <TaskInstance: CSV_TO_DS.SEND_DS_ft_balance_f manual__2022-06-06T08:23:08.868848+00:00 [queued]>
[2022-06-06 08:23:17,139] {taskinstance.py:1159} INFO - Dependencies all met for <TaskInstance: CSV_TO_DS.SEND_DS_ft_balance_f manual__2022-06-06T08:23:08.868848+00:00 [queued]>
[2022-06-06 08:23:17,140] {taskinstance.py:1356} INFO - 
--------------------------------------------------------------------------------
[2022-06-06 08:23:17,140] {taskinstance.py:1357} INFO - Starting attempt 1 of 2
[2022-06-06 08:23:17,140] {taskinstance.py:1358} INFO - 
--------------------------------------------------------------------------------
[2022-06-06 08:23:17,392] {taskinstance.py:1377} INFO - Executing <Task(PythonOperator): SEND_DS_ft_balance_f> on 2022-06-06 08:23:08.868848+00:00
[2022-06-06 08:23:17,453] {standard_task_runner.py:52} INFO - Started process 1983 to run task
[2022-06-06 08:23:17,534] {standard_task_runner.py:79} INFO - Running: ['***', 'tasks', 'run', 'CSV_TO_DS', 'SEND_DS_ft_balance_f', 'manual__2022-06-06T08:23:08.868848+00:00', '--job-id', '22', '--raw', '--subdir', 'DAGS_FOLDER/csv_to_ds.py', '--cfg-path', '/tmp/tmpehi69jfd', '--error-file', '/tmp/tmp7s0u_w5c']
[2022-06-06 08:23:17,534] {standard_task_runner.py:80} INFO - Job 22: Subtask SEND_DS_ft_balance_f
[2022-06-06 08:23:17,817] {task_command.py:370} INFO - Running <TaskInstance: CSV_TO_DS.SEND_DS_ft_balance_f manual__2022-06-06T08:23:08.868848+00:00 [running]> on host 1d689ce05a02
[2022-06-06 08:23:18,089] {taskinstance.py:1571} INFO - Exporting the following env vars:
AIRFLOW_CTX_DAG_OWNER=***
AIRFLOW_CTX_DAG_ID=CSV_TO_DS
AIRFLOW_CTX_TASK_ID=SEND_DS_ft_balance_f
AIRFLOW_CTX_EXECUTION_DATE=2022-06-06T08:23:08.868848+00:00
AIRFLOW_CTX_TRY_NUMBER=1
AIRFLOW_CTX_DAG_RUN_ID=manual__2022-06-06T08:23:08.868848+00:00
[2022-06-06 08:23:18,119] {base.py:68} INFO - Using connection ID 'postgres' for task execution.
[2022-06-06 08:23:18,121] {taskinstance.py:1889} ERROR - Task failed with exception
Traceback (most recent call last):
  File "/home/airflow/.local/lib/python3.7/site-packages/airflow/operators/python.py", line 171, in execute
    return_value = self.execute_callable()
  File "/home/airflow/.local/lib/python3.7/site-packages/airflow/operators/python.py", line 189, in execute_callable
    return self.python_callable(*self.op_args, **self.op_kwargs)
  File "/opt/airflow/dags/csv_to_ds.py", line 36, in send_csv_to_ds
    df = pd.read_csv(csv_path)
  File "/home/airflow/.local/lib/python3.7/site-packages/pandas/util/_decorators.py", line 311, in wrapper
    return func(*args, **kwargs)
  File "/home/airflow/.local/lib/python3.7/site-packages/pandas/io/parsers/readers.py", line 586, in read_csv
    return _read(filepath_or_buffer, kwds)
  File "/home/airflow/.local/lib/python3.7/site-packages/pandas/io/parsers/readers.py", line 482, in _read
    parser = TextFileReader(filepath_or_buffer, **kwds)
  File "/home/airflow/.local/lib/python3.7/site-packages/pandas/io/parsers/readers.py", line 811, in __init__
    self._engine = self._make_engine(self.engine)
  File "/home/airflow/.local/lib/python3.7/site-packages/pandas/io/parsers/readers.py", line 1040, in _make_engine
    return mapping[engine](self.f, **self.options)  # type: ignore[call-arg]
  File "/home/airflow/.local/lib/python3.7/site-packages/pandas/io/parsers/c_parser_wrapper.py", line 51, in __init__
    self._open_handles(src, kwds)
  File "/home/airflow/.local/lib/python3.7/site-packages/pandas/io/parsers/base_parser.py", line 229, in _open_handles
    errors=kwds.get("encoding_errors", "strict"),
  File "/home/airflow/.local/lib/python3.7/site-packages/pandas/io/common.py", line 707, in get_handle
    newline="",
FileNotFoundError: [Errno 2] No such file or directory: '/opt/airflow/csv/ft_balance_f.csv'
[2022-06-06 08:23:18,149] {taskinstance.py:1400} INFO - Marking task as UP_FOR_RETRY. dag_id=CSV_TO_DS, task_id=SEND_DS_ft_balance_f, execution_date=20220606T082308, start_date=20220606T082316, end_date=20220606T082318
[2022-06-06 08:23:18,199] {standard_task_runner.py:97} ERROR - Failed to execute job 22 for task SEND_DS_ft_balance_f ([Errno 2] No such file or directory: '/opt/airflow/csv/ft_balance_f.csv'; 1983)
[2022-06-06 08:23:18,230] {local_task_job.py:156} INFO - Task exited with return code 1
[2022-06-06 08:23:18,337] {local_task_job.py:273} INFO - 0 downstream tasks scheduled from follow-on schedule check
