[2022-06-27 09:41:43,988] {taskinstance.py:1032} INFO - Dependencies all met for <TaskInstance: f101_to_csv.download_f101_dm_csv manual__2022-06-27T09:41:40.359389+00:00 [queued]>
[2022-06-27 09:41:44,000] {taskinstance.py:1032} INFO - Dependencies all met for <TaskInstance: f101_to_csv.download_f101_dm_csv manual__2022-06-27T09:41:40.359389+00:00 [queued]>
[2022-06-27 09:41:44,000] {taskinstance.py:1238} INFO - 
--------------------------------------------------------------------------------
[2022-06-27 09:41:44,001] {taskinstance.py:1239} INFO - Starting attempt 1 of 2
[2022-06-27 09:41:44,001] {taskinstance.py:1240} INFO - 
--------------------------------------------------------------------------------
[2022-06-27 09:41:44,011] {taskinstance.py:1259} INFO - Executing <Task(PythonOperator): download_f101_dm_csv> on 2022-06-27 09:41:40.359389+00:00
[2022-06-27 09:41:44,015] {standard_task_runner.py:52} INFO - Started process 1028 to run task
[2022-06-27 09:41:44,019] {standard_task_runner.py:76} INFO - Running: ['***', 'tasks', 'run', 'f101_to_csv', 'download_f101_dm_csv', 'manual__2022-06-27T09:41:40.359389+00:00', '--job-id', '1502', '--raw', '--subdir', 'DAGS_FOLDER/f101_to_local.py', '--cfg-path', '/tmp/tmpmyk7hf12', '--error-file', '/tmp/tmpfxwq4jra']
[2022-06-27 09:41:44,019] {standard_task_runner.py:77} INFO - Job 1502: Subtask download_f101_dm_csv
[2022-06-27 09:41:44,092] {logging_mixin.py:109} INFO - Running <TaskInstance: f101_to_csv.download_f101_dm_csv manual__2022-06-27T09:41:40.359389+00:00 [running]> on host be311433c4da
[2022-06-27 09:41:44,161] {taskinstance.py:1426} INFO - Exporting the following env vars:
AIRFLOW_CTX_DAG_OWNER=***
AIRFLOW_CTX_DAG_ID=f101_to_csv
AIRFLOW_CTX_TASK_ID=download_f101_dm_csv
AIRFLOW_CTX_EXECUTION_DATE=2022-06-27T09:41:40.359389+00:00
AIRFLOW_CTX_DAG_RUN_ID=manual__2022-06-27T09:41:40.359389+00:00
[2022-06-27 09:41:44,279] {ToLocal.py:46} INFO - Table dm_f101_round_f has alredy downloaded in /opt/***/csv/dm/dm_f101_round_f.csv. 
[2022-06-27 09:41:44,286] {python.py:175} INFO - Done. Returned value was: None
[2022-06-27 09:41:44,301] {taskinstance.py:1277} INFO - Marking task as SUCCESS. dag_id=f101_to_csv, task_id=download_f101_dm_csv, execution_date=20220627T094140, start_date=20220627T094143, end_date=20220627T094144
[2022-06-27 09:41:44,354] {local_task_job.py:154} INFO - Task exited with return code 0
[2022-06-27 09:41:44,402] {local_task_job.py:264} INFO - 1 downstream tasks scheduled from follow-on schedule check
