[2022-07-19 09:38:06,324] {taskinstance.py:1032} INFO - Dependencies all met for <TaskInstance: MIRR_MD_ACCOUNT_D.load_mirror_md_account_d manual__2022-07-19T09:37:58.319739+00:00 [queued]>
[2022-07-19 09:38:06,335] {taskinstance.py:1032} INFO - Dependencies all met for <TaskInstance: MIRR_MD_ACCOUNT_D.load_mirror_md_account_d manual__2022-07-19T09:37:58.319739+00:00 [queued]>
[2022-07-19 09:38:06,336] {taskinstance.py:1238} INFO - 
--------------------------------------------------------------------------------
[2022-07-19 09:38:06,336] {taskinstance.py:1239} INFO - Starting attempt 1 of 2
[2022-07-19 09:38:06,336] {taskinstance.py:1240} INFO - 
--------------------------------------------------------------------------------
[2022-07-19 09:38:06,348] {taskinstance.py:1259} INFO - Executing <Task(BashOperator): load_mirror_md_account_d> on 2022-07-19 09:37:58.319739+00:00
[2022-07-19 09:38:06,351] {standard_task_runner.py:52} INFO - Started process 183 to run task
[2022-07-19 09:38:06,355] {standard_task_runner.py:76} INFO - Running: ['***', 'tasks', 'run', 'MIRR_MD_ACCOUNT_D', 'load_mirror_md_account_d', 'manual__2022-07-19T09:37:58.319739+00:00', '--job-id', '4', '--raw', '--subdir', 'DAGS_FOLDER/mirror_calc.py', '--cfg-path', '/tmp/tmp71absrm3', '--error-file', '/tmp/tmpd0bl4i10']
[2022-07-19 09:38:06,355] {standard_task_runner.py:77} INFO - Job 4: Subtask load_mirror_md_account_d
[2022-07-19 09:38:06,429] {logging_mixin.py:109} INFO - Running <TaskInstance: MIRR_MD_ACCOUNT_D.load_mirror_md_account_d manual__2022-07-19T09:37:58.319739+00:00 [running]> on host 3eb752791ed4
[2022-07-19 09:38:06,491] {taskinstance.py:1426} INFO - Exporting the following env vars:
AIRFLOW_CTX_DAG_OWNER=***
AIRFLOW_CTX_DAG_ID=MIRR_MD_ACCOUNT_D
AIRFLOW_CTX_TASK_ID=load_mirror_md_account_d
AIRFLOW_CTX_EXECUTION_DATE=2022-07-19T09:37:58.319739+00:00
AIRFLOW_CTX_DAG_RUN_ID=manual__2022-07-19T09:37:58.319739+00:00
[2022-07-19 09:38:06,492] {subprocess.py:62} INFO - Tmp dir root location: 
 /tmp
[2022-07-19 09:38:06,492] {subprocess.py:74} INFO - Running command: ['bash', '-c', '"${SPARK_HOME}/bin/spark-submit" --master spark://spark:7077 /opt/***/spark_scripts/mirr_md_account_d.py']
[2022-07-19 09:38:06,500] {subprocess.py:85} INFO - Output:
[2022-07-19 09:38:08,206] {subprocess.py:89} INFO - 22/07/19 09:38:08 WARN NativeCodeLoader: Unable to load native-hadoop library for your platform... using builtin-java classes where applicable
[2022-07-19 09:38:08,365] {subprocess.py:89} INFO - /usr/local/bin/python3
[2022-07-19 09:38:09,813] {subprocess.py:89} INFO - [[34m2022-07-19 09:38:09,813[0m] {[34mbase.py:[0m79} INFO[0m - Using connection to: id: postgres. Host: postgres, Port: 5432, Schema: postgres, Login: ***, Password: ***, extra: {}[0m
[2022-07-19 09:38:10,790] {subprocess.py:89} INFO - Traceback (most recent call last):
[2022-07-19 09:38:10,791] {subprocess.py:89} INFO -   File "/opt/***/spark_scripts/mirr_md_account_d.py", line 6, in <module>
[2022-07-19 09:38:10,791] {subprocess.py:89} INFO -     from core import Mirror, AIRFLOW_HOME
[2022-07-19 09:38:10,791] {subprocess.py:89} INFO -   File "/usr/local/lib/python3.7/site-packages/core/__init__.py", line 6, in <module>
[2022-07-19 09:38:10,791] {subprocess.py:89} INFO -     from core.Mirror import Mirror
[2022-07-19 09:38:10,791] {subprocess.py:89} INFO -   File "/usr/local/lib/python3.7/site-packages/core/Mirror.py", line 1, in <module>
[2022-07-19 09:38:10,791] {subprocess.py:89} INFO -     from pyspark.sql import SparkSession
[2022-07-19 09:38:10,791] {subprocess.py:89} INFO - ModuleNotFoundError: No module named 'pyspark'
[2022-07-19 09:38:11,031] {subprocess.py:89} INFO - log4j:WARN No appenders could be found for logger (org.apache.spark.util.ShutdownHookManager).
[2022-07-19 09:38:11,031] {subprocess.py:89} INFO - log4j:WARN Please initialize the log4j system properly.
[2022-07-19 09:38:11,031] {subprocess.py:89} INFO - log4j:WARN See http://logging.apache.org/log4j/1.2/faq.html#noconfig for more info.
[2022-07-19 09:38:11,059] {subprocess.py:93} INFO - Command exited with return code 1
[2022-07-19 09:38:11,207] {local_task_job.py:154} INFO - Task exited with return code 0
[2022-07-19 09:38:11,242] {local_task_job.py:264} INFO - 0 downstream tasks scheduled from follow-on schedule check
