[2022-06-22 21:27:43,884] {taskinstance.py:1032} INFO - Dependencies all met for <TaskInstance: DM-COUNT-account-turnover.update_if_null scheduled__2022-06-21T21:27:30.430782+00:00 [queued]>
[2022-06-22 21:27:43,894] {taskinstance.py:1032} INFO - Dependencies all met for <TaskInstance: DM-COUNT-account-turnover.update_if_null scheduled__2022-06-21T21:27:30.430782+00:00 [queued]>
[2022-06-22 21:27:43,894] {taskinstance.py:1238} INFO - 
--------------------------------------------------------------------------------
[2022-06-22 21:27:43,894] {taskinstance.py:1239} INFO - Starting attempt 1 of 2
[2022-06-22 21:27:43,894] {taskinstance.py:1240} INFO - 
--------------------------------------------------------------------------------
[2022-06-22 21:27:43,905] {taskinstance.py:1259} INFO - Executing <Task(PostgresOperator): update_if_null> on 2022-06-21 21:27:30.430782+00:00
[2022-06-22 21:27:43,908] {standard_task_runner.py:52} INFO - Started process 5568 to run task
[2022-06-22 21:27:43,912] {standard_task_runner.py:76} INFO - Running: ['***', 'tasks', 'run', 'DM-COUNT-account-turnover', 'update_if_null', 'scheduled__2022-06-21T21:27:30.430782+00:00', '--job-id', '1202', '--raw', '--subdir', 'DAGS_FOLDER/dm_fill_account_turnover.py', '--cfg-path', '/tmp/tmp4ayxvsqp', '--error-file', '/tmp/tmpsku9w5xw']
[2022-06-22 21:27:43,912] {standard_task_runner.py:77} INFO - Job 1202: Subtask update_if_null
[2022-06-22 21:27:43,957] {logging_mixin.py:109} INFO - Running <TaskInstance: DM-COUNT-account-turnover.update_if_null scheduled__2022-06-21T21:27:30.430782+00:00 [running]> on host bc39be91d060
[2022-06-22 21:27:43,998] {taskinstance.py:1426} INFO - Exporting the following env vars:
AIRFLOW_CTX_DAG_OWNER=***
AIRFLOW_CTX_DAG_ID=DM-COUNT-account-turnover
AIRFLOW_CTX_TASK_ID=update_if_null
AIRFLOW_CTX_EXECUTION_DATE=2022-06-21T21:27:30.430782+00:00
AIRFLOW_CTX_DAG_RUN_ID=scheduled__2022-06-21T21:27:30.430782+00:00
[2022-06-22 21:27:44,005] {base.py:79} INFO - Using connection to: id: postgres. Host: postgres, Port: 5432, Schema: postgres, Login: ***, Password: ***, extra: {}
[2022-06-22 21:27:44,008] {dbapi.py:225} INFO - Running statement: update dm.dm_account_turnover_f
set credit_amount = 0
where credit_amount is null;

update dm.dm_account_turnover_f
set credit_amount_rub = 0
where credit_amount_rub is null;

update dm.dm_account_turnover_f
set debet_amount = 0
where debet_amount is null;

update dm.dm_account_turnover_f
set debet_amount_rub = 0
where debet_amount_rub is null;, parameters: None
[2022-06-22 21:27:44,010] {dbapi.py:233} INFO - Rows affected: 369
[2022-06-22 21:27:44,020] {taskinstance.py:1277} INFO - Marking task as SUCCESS. dag_id=DM-COUNT-account-turnover, task_id=update_if_null, execution_date=20220621T212730, start_date=20220622T212743, end_date=20220622T212744
[2022-06-22 21:27:44,048] {local_task_job.py:154} INFO - Task exited with return code 0
[2022-06-22 21:27:44,073] {local_task_job.py:264} INFO - 1 downstream tasks scheduled from follow-on schedule check
