[2022-06-22 08:37:59,591] {taskinstance.py:1032} INFO - Dependencies all met for <TaskInstance: DM-COUNT-account-turnover.create_dm_schema_and_tables manual__2022-06-22T08:37:57.153993+00:00 [queued]>
[2022-06-22 08:37:59,618] {taskinstance.py:1032} INFO - Dependencies all met for <TaskInstance: DM-COUNT-account-turnover.create_dm_schema_and_tables manual__2022-06-22T08:37:57.153993+00:00 [queued]>
[2022-06-22 08:37:59,618] {taskinstance.py:1238} INFO - 
--------------------------------------------------------------------------------
[2022-06-22 08:37:59,619] {taskinstance.py:1239} INFO - Starting attempt 1 of 2
[2022-06-22 08:37:59,619] {taskinstance.py:1240} INFO - 
--------------------------------------------------------------------------------
[2022-06-22 08:37:59,634] {taskinstance.py:1259} INFO - Executing <Task(PostgresOperator): create_dm_schema_and_tables> on 2022-06-22 08:37:57.153993+00:00
[2022-06-22 08:37:59,642] {standard_task_runner.py:52} INFO - Started process 2844 to run task
[2022-06-22 08:37:59,652] {standard_task_runner.py:76} INFO - Running: ['***', 'tasks', 'run', 'DM-COUNT-account-turnover', 'create_dm_schema_and_tables', 'manual__2022-06-22T08:37:57.153993+00:00', '--job-id', '1027', '--raw', '--subdir', 'DAGS_FOLDER/dm_fill_account_turnover.py', '--cfg-path', '/tmp/tmpm4h3898_', '--error-file', '/tmp/tmpc5__72tt']
[2022-06-22 08:37:59,653] {standard_task_runner.py:77} INFO - Job 1027: Subtask create_dm_schema_and_tables
[2022-06-22 08:37:59,768] {logging_mixin.py:109} INFO - Running <TaskInstance: DM-COUNT-account-turnover.create_dm_schema_and_tables manual__2022-06-22T08:37:57.153993+00:00 [running]> on host a0a302277daf
[2022-06-22 08:37:59,889] {taskinstance.py:1426} INFO - Exporting the following env vars:
AIRFLOW_CTX_DAG_OWNER=***
AIRFLOW_CTX_DAG_ID=DM-COUNT-account-turnover
AIRFLOW_CTX_TASK_ID=create_dm_schema_and_tables
AIRFLOW_CTX_EXECUTION_DATE=2022-06-22T08:37:57.153993+00:00
AIRFLOW_CTX_DAG_RUN_ID=manual__2022-06-22T08:37:57.153993+00:00
[2022-06-22 08:37:59,907] {base.py:79} INFO - Using connection to: id: postgres. Host: postgres, Port: 5432, Schema: postgres, Login: ***, Password: ***, extra: {}
[2022-06-22 08:37:59,915] {dbapi.py:225} INFO - Running statement: CREATE SCHEMA IF NOT EXISTS dm;


-- dm.dm_account_turnover_f 
CREATE TABLE IF NOT EXISTS dm.dm_account_turnover_f (
    on_date DATE,
    account_rk NUMERIC,
    credit_amount NUMERIC(23,8),
    credit_amount_rub NUMERIC(23,8),
    debet_amount NUMERIC(23,8),
    debet_amount_rub NUMERIC(23,8)
);


-- dm.dm_f101_round_f
CREATE TABLE IF NOT EXISTS dm.dm_f101_round_f (
    FROM_DATE DATE,
    TO_DATE DATE,
    CHAPTER	VARCHAR(1),
    LEDGER_ACCOUNT VARCHAR(5),
    CHARACTERISTIC VARCHAR(1),
    BALANCE_IN_RUB NUMERIC(23,8),
    R_BALANCE_IN_RUB NUMERIC(23,8),
    BALANCE_IN_VAL NUMERIC(23,8),
    R_BALANCE_IN_VAL NUMERIC(23,8),
    BALANCE_IN_TOTAL NUMERIC(23,8),
    R_BALANCE_IN_TOTAL NUMERIC(23,8),
    TURN_DEB_RUB NUMERIC(23,8),
    R_TURN_DEB_RUB NUMERIC(23,8),
    TURN_DEB_VAL NUMERIC(23,8),
    R_TURN_DEB_VAL NUMERIC(23,8),
    TURN_DEB_TOTAL NUMERIC(23,8),
    R_TURN_DEB_TOTAL NUMERIC(23,8),
    TURN_CRE_RUB NUMERIC(23,8),
    R_TURN_CRE_RUB NUMERIC(23,8),
    TURN_CRE_VAL NUMERIC(23,8),
    R_TURN_CRE_VAL NUMERIC(23,8),
    TURN_CRE_TOTAL NUMERIC(23,8),
    R_TURN_CRE_TOTAL NUMERIC(23,8),
    BALANCE_OUT_RUB NUMERIC(23,8),
    R_BALANCE_OUT_RUB NUMERIC(23,8),
    BALANCE_OUT_VAL NUMERIC(23,8),
    R_BALANCE_OUT_VAL NUMERIC(23,8),
    BALANCE_OUT_TOTAL NUMERIC(23,8),
    R_BALANCE_OUT_TOTAL NUMERIC(23,8)
);, parameters: None
[2022-06-22 08:37:59,991] {taskinstance.py:1277} INFO - Marking task as SUCCESS. dag_id=DM-COUNT-account-turnover, task_id=create_dm_schema_and_tables, execution_date=20220622T083757, start_date=20220622T083759, end_date=20220622T083759
[2022-06-22 08:38:00,044] {local_task_job.py:154} INFO - Task exited with return code 0
[2022-06-22 08:38:00,221] {local_task_job.py:264} INFO - 0 downstream tasks scheduled from follow-on schedule check
