[2022-06-18 15:14:15,519] {taskinstance.py:1032} INFO - Dependencies all met for <TaskInstance: DM-COUNT-account-turnover.create_dm_schema_and_tables manual__2022-06-18T15:14:12.504350+00:00 [queued]>
[2022-06-18 15:14:15,552] {taskinstance.py:1032} INFO - Dependencies all met for <TaskInstance: DM-COUNT-account-turnover.create_dm_schema_and_tables manual__2022-06-18T15:14:12.504350+00:00 [queued]>
[2022-06-18 15:14:15,553] {taskinstance.py:1238} INFO - 
--------------------------------------------------------------------------------
[2022-06-18 15:14:15,553] {taskinstance.py:1239} INFO - Starting attempt 1 of 2
[2022-06-18 15:14:15,553] {taskinstance.py:1240} INFO - 
--------------------------------------------------------------------------------
[2022-06-18 15:14:15,573] {taskinstance.py:1259} INFO - Executing <Task(PostgresOperator): create_dm_schema_and_tables> on 2022-06-18 15:14:12.504350+00:00
[2022-06-18 15:14:15,580] {standard_task_runner.py:52} INFO - Started process 1690 to run task
[2022-06-18 15:14:15,609] {standard_task_runner.py:76} INFO - Running: ['***', 'tasks', 'run', 'DM-COUNT-account-turnover', 'create_dm_schema_and_tables', 'manual__2022-06-18T15:14:12.504350+00:00', '--job-id', '121', '--raw', '--subdir', 'DAGS_FOLDER/dm_fill_account_turnover.py', '--cfg-path', '/tmp/tmpmn0v_s3b', '--error-file', '/tmp/tmpzsmfy76l']
[2022-06-18 15:14:15,616] {standard_task_runner.py:77} INFO - Job 121: Subtask create_dm_schema_and_tables
[2022-06-18 15:14:15,845] {logging_mixin.py:109} INFO - Running <TaskInstance: DM-COUNT-account-turnover.create_dm_schema_and_tables manual__2022-06-18T15:14:12.504350+00:00 [running]> on host 191dd4d3d1ba
[2022-06-18 15:14:16,125] {taskinstance.py:1426} INFO - Exporting the following env vars:
AIRFLOW_CTX_DAG_OWNER=***
AIRFLOW_CTX_DAG_ID=DM-COUNT-account-turnover
AIRFLOW_CTX_TASK_ID=create_dm_schema_and_tables
AIRFLOW_CTX_EXECUTION_DATE=2022-06-18T15:14:12.504350+00:00
AIRFLOW_CTX_DAG_RUN_ID=manual__2022-06-18T15:14:12.504350+00:00
[2022-06-18 15:14:16,168] {base.py:79} INFO - Using connection to: id: postgres. Host: postgres, Port: 5432, Schema: postgres, Login: ***, Password: ***, extra: {}
[2022-06-18 15:14:16,189] {dbapi.py:225} INFO - Running statement: CREATE SCHEMA IF NOT EXISTS dm;


-- dm.dm_account_turnover_f 
CREATE TABLE IF NOT EXISTS dm.dm_account_turnover_f (
    on_date DATE,
    account_rk NUMERIC,
    credit_amount NUMERIC(23,8),
    credit_amount_rub NUMERIC(23,8),
    debet_amount NUMERIC(23,8),
    debet_amount_rub NUMERIC(23,8)
);


-- dm.dm_f101_round_f
CREATE TABLE IF NOT EXISTS dm.dm_f101_round_f (
    FROM_DATE DATE,
    TO_DATE DATE,
    CHAPTER	VARCHAR(1),
    LEDGER_ACCOUNT VARCHAR(5),
    CHARACTERISTIC VARCHAR(1),
    BALANCE_IN_RUB NUMERIC(23,8),
    R_BALANCE_IN_RUB NUMERIC(23,8),
    BALANCE_IN_VAL NUMERIC(23,8),
    R_BALANCE_IN_VAL NUMERIC(23,8),
    BALANCE_IN_TOTAL NUMERIC(23,8),
    R_BALANCE_IN_TOTAL NUMERIC(23,8),
    TURN_DEB_RUB NUMERIC(23,8),
    R_TURN_DEB_RUB NUMERIC(23,8),
    TURN_DEB_VAL NUMERIC(23,8),
    R_TURN_DEB_VAL NUMERIC(23,8),
    TURN_DEB_TOTAL NUMERIC(23,8),
    R_TURN_DEB_TOTAL NUMERIC(23,8),
    TURN_CRE_RUB NUMERIC(23,8),
    R_TURN_CRE_RUB NUMERIC(23,8),
    TURN_CRE_VAL NUMERIC(23,8),
    R_TURN_CRE_VAL NUMERIC(23,8),
    TURN_CRE_TOTAL NUMERIC(23,8),
    R_TURN_CRE_TOTAL NUMERIC(23,8),
    BALANCE_OUT_RUB NUMERIC(23,8),
    R_BALANCE_OUT_RUB NUMERIC(23,8),
    BALANCE_OUT_VAL NUMERIC(23,8),
    R_BALANCE_OUT_VAL NUMERIC(23,8),
    BALANCE_OUT_TOTAL NUMERIC(23,8),
    R_BALANCE_OUT_TOTAL NUMERIC(23,8)
);, parameters: None
[2022-06-18 15:14:16,193] {postgres.py:71} INFO - NOTICE:  schema "dm" already exists, skipping

[2022-06-18 15:14:16,193] {postgres.py:71} INFO - NOTICE:  relation "dm_account_turnover_f" already exists, skipping

[2022-06-18 15:14:16,193] {postgres.py:71} INFO - NOTICE:  relation "dm_f101_round_f" already exists, skipping

[2022-06-18 15:14:16,224] {taskinstance.py:1277} INFO - Marking task as SUCCESS. dag_id=DM-COUNT-account-turnover, task_id=create_dm_schema_and_tables, execution_date=20220618T151412, start_date=20220618T151415, end_date=20220618T151416
[2022-06-18 15:14:16,282] {local_task_job.py:154} INFO - Task exited with return code 0
[2022-06-18 15:14:16,399] {local_task_job.py:264} INFO - 0 downstream tasks scheduled from follow-on schedule check
