[2022-06-11 08:52:55,416] {taskinstance.py:1159} INFO - Dependencies all met for <TaskInstance: CSV_TO_DS.SEND_DS_ft_balance_f scheduled__2022-06-10T08:52:48.002230+00:00 [queued]>
[2022-06-11 08:52:55,426] {taskinstance.py:1159} INFO - Dependencies all met for <TaskInstance: CSV_TO_DS.SEND_DS_ft_balance_f scheduled__2022-06-10T08:52:48.002230+00:00 [queued]>
[2022-06-11 08:52:55,427] {taskinstance.py:1356} INFO - 
--------------------------------------------------------------------------------
[2022-06-11 08:52:55,427] {taskinstance.py:1357} INFO - Starting attempt 1 of 2
[2022-06-11 08:52:55,427] {taskinstance.py:1358} INFO - 
--------------------------------------------------------------------------------
[2022-06-11 08:52:55,441] {taskinstance.py:1377} INFO - Executing <Task(PythonOperator): SEND_DS_ft_balance_f> on 2022-06-10 08:52:48.002230+00:00
[2022-06-11 08:52:55,445] {standard_task_runner.py:52} INFO - Started process 75 to run task
[2022-06-11 08:52:55,448] {standard_task_runner.py:79} INFO - Running: ['***', 'tasks', 'run', 'CSV_TO_DS', 'SEND_DS_ft_balance_f', 'scheduled__2022-06-10T08:52:48.002230+00:00', '--job-id', '214', '--raw', '--subdir', 'DAGS_FOLDER/csv_to_ds.py', '--cfg-path', '/tmp/tmp_6eqi51l', '--error-file', '/tmp/tmpciusoiin']
[2022-06-11 08:52:55,449] {standard_task_runner.py:80} INFO - Job 214: Subtask SEND_DS_ft_balance_f
[2022-06-11 08:52:55,502] {task_command.py:370} INFO - Running <TaskInstance: CSV_TO_DS.SEND_DS_ft_balance_f scheduled__2022-06-10T08:52:48.002230+00:00 [running]> on host 33a1fdf44d41
[2022-06-11 08:52:55,578] {taskinstance.py:1571} INFO - Exporting the following env vars:
AIRFLOW_CTX_DAG_OWNER=***
AIRFLOW_CTX_DAG_ID=CSV_TO_DS
AIRFLOW_CTX_TASK_ID=SEND_DS_ft_balance_f
AIRFLOW_CTX_EXECUTION_DATE=2022-06-10T08:52:48.002230+00:00
AIRFLOW_CTX_TRY_NUMBER=1
AIRFLOW_CTX_DAG_RUN_ID=scheduled__2022-06-10T08:52:48.002230+00:00
[2022-06-11 08:52:55,587] {base.py:68} INFO - Using connection ID 'postgres' for task execution.
[2022-06-11 08:52:55,701] {base.py:68} INFO - Using connection ID 'postgres' for task execution.
[2022-06-11 08:52:55,725] {csv_to_ds.py:94} INFO - Column on_date changed date-time format
[2022-06-11 08:52:55,725] {csv_to_ds.py:101} INFO - Table ft_balance_f read in pandas success.
[2022-06-11 08:52:55,735] {csv_to_ds.py:102} INFO - 
      on_date  account_rk  currency_rk  balance_out
0 2017-12-31    36237725           35     38318.14
1 2017-12-31       24656           35     80533.62
2 2017-12-31    18849846           34     63891.96
3 2017-12-31     1972647           34     87732.10
4 2017-12-31    34157174           34     97806.90
[2022-06-11 08:52:55,745] {csv_to_ds.py:109} INFO - 'Insert' object has no attribute 'on_duplicate_key_update'
[2022-06-11 08:53:00,762] {python.py:173} INFO - Done. Returned value was: None
[2022-06-11 08:53:00,772] {taskinstance.py:1400} INFO - Marking task as SUCCESS. dag_id=CSV_TO_DS, task_id=SEND_DS_ft_balance_f, execution_date=20220610T085248, start_date=20220611T085255, end_date=20220611T085300
[2022-06-11 08:53:00,833] {local_task_job.py:156} INFO - Task exited with return code 0
[2022-06-11 08:53:00,866] {local_task_job.py:273} INFO - 1 downstream tasks scheduled from follow-on schedule check
