[2022-06-22 08:39:25,954] {taskinstance.py:1032} INFO - Dependencies all met for <TaskInstance: DM-COUNT-f101_round_f.count_f101-24 manual__2022-06-22T08:39:18.536800+00:00 [queued]>
[2022-06-22 08:39:26,182] {taskinstance.py:1032} INFO - Dependencies all met for <TaskInstance: DM-COUNT-f101_round_f.count_f101-24 manual__2022-06-22T08:39:18.536800+00:00 [queued]>
[2022-06-22 08:39:26,205] {taskinstance.py:1238} INFO - 
--------------------------------------------------------------------------------
[2022-06-22 08:39:26,205] {taskinstance.py:1239} INFO - Starting attempt 1 of 2
[2022-06-22 08:39:26,206] {taskinstance.py:1240} INFO - 
--------------------------------------------------------------------------------
[2022-06-22 08:39:26,328] {taskinstance.py:1259} INFO - Executing <Task(PostgresOperator): count_f101-24> on 2022-06-22 08:39:18.536800+00:00
[2022-06-22 08:39:26,360] {standard_task_runner.py:52} INFO - Started process 3038 to run task
[2022-06-22 08:39:26,386] {standard_task_runner.py:76} INFO - Running: ['***', 'tasks', 'run', 'DM-COUNT-f101_round_f', 'count_f101-24', 'manual__2022-06-22T08:39:18.536800+00:00', '--job-id', '1065', '--raw', '--subdir', 'DAGS_FOLDER/f_101_round_f.py', '--cfg-path', '/tmp/tmpeiut7i0n', '--error-file', '/tmp/tmpfeib7ing']
[2022-06-22 08:39:26,387] {standard_task_runner.py:77} INFO - Job 1065: Subtask count_f101-24
[2022-06-22 08:39:26,817] {logging_mixin.py:109} INFO - Running <TaskInstance: DM-COUNT-f101_round_f.count_f101-24 manual__2022-06-22T08:39:18.536800+00:00 [running]> on host a0a302277daf
[2022-06-22 08:39:27,048] {taskinstance.py:1426} INFO - Exporting the following env vars:
AIRFLOW_CTX_DAG_OWNER=***
AIRFLOW_CTX_DAG_ID=DM-COUNT-f101_round_f
AIRFLOW_CTX_TASK_ID=count_f101-24
AIRFLOW_CTX_EXECUTION_DATE=2022-06-22T08:39:18.536800+00:00
AIRFLOW_CTX_DAG_RUN_ID=manual__2022-06-22T08:39:18.536800+00:00
[2022-06-22 08:39:27,079] {base.py:79} INFO - Using connection to: id: postgres. Host: postgres, Port: 5432, Schema: postgres, Login: ***, Password: ***, extra: {}
[2022-06-22 08:39:27,099] {dbapi.py:225} INFO - Running statement: CALL dm.fill_f101_round_f (%(date)s::date);, parameters: {'date': '2018-01-24'}
[2022-06-22 08:39:27,901] {taskinstance.py:1277} INFO - Marking task as SUCCESS. dag_id=DM-COUNT-f101_round_f, task_id=count_f101-24, execution_date=20220622T083918, start_date=20220622T083925, end_date=20220622T083927
[2022-06-22 08:39:28,058] {local_task_job.py:154} INFO - Task exited with return code 0
[2022-06-22 08:39:28,528] {local_task_job.py:264} INFO - 0 downstream tasks scheduled from follow-on schedule check
