[2022-07-19 08:07:00,313] {taskinstance.py:1032} INFO - Dependencies all met for <TaskInstance: MIRR_MD_ACCOUNT_D.load_mirror_md_account_d scheduled__2022-07-19T08:00:00+00:00 [queued]>
[2022-07-19 08:07:00,334] {taskinstance.py:1032} INFO - Dependencies all met for <TaskInstance: MIRR_MD_ACCOUNT_D.load_mirror_md_account_d scheduled__2022-07-19T08:00:00+00:00 [queued]>
[2022-07-19 08:07:00,334] {taskinstance.py:1238} INFO - 
--------------------------------------------------------------------------------
[2022-07-19 08:07:00,334] {taskinstance.py:1239} INFO - Starting attempt 1 of 2
[2022-07-19 08:07:00,334] {taskinstance.py:1240} INFO - 
--------------------------------------------------------------------------------
[2022-07-19 08:07:00,353] {taskinstance.py:1259} INFO - Executing <Task(BashOperator): load_mirror_md_account_d> on 2022-07-19 08:00:00+00:00
[2022-07-19 08:07:00,356] {standard_task_runner.py:52} INFO - Started process 63 to run task
[2022-07-19 08:07:00,358] {standard_task_runner.py:76} INFO - Running: ['***', 'tasks', 'run', 'MIRR_MD_ACCOUNT_D', 'load_mirror_md_account_d', 'scheduled__2022-07-19T08:00:00+00:00', '--job-id', '63', '--raw', '--subdir', 'DAGS_FOLDER/mirror_calc.py', '--cfg-path', '/tmp/tmpl02hg1yn', '--error-file', '/tmp/tmpdri8ybue']
[2022-07-19 08:07:00,359] {standard_task_runner.py:77} INFO - Job 63: Subtask load_mirror_md_account_d
[2022-07-19 08:07:00,452] {logging_mixin.py:109} INFO - Running <TaskInstance: MIRR_MD_ACCOUNT_D.load_mirror_md_account_d scheduled__2022-07-19T08:00:00+00:00 [running]> on host 8d3b1a73e6d4
[2022-07-19 08:07:00,545] {taskinstance.py:1426} INFO - Exporting the following env vars:
AIRFLOW_CTX_DAG_OWNER=***
AIRFLOW_CTX_DAG_ID=MIRR_MD_ACCOUNT_D
AIRFLOW_CTX_TASK_ID=load_mirror_md_account_d
AIRFLOW_CTX_EXECUTION_DATE=2022-07-19T08:00:00+00:00
AIRFLOW_CTX_DAG_RUN_ID=scheduled__2022-07-19T08:00:00+00:00
[2022-07-19 08:07:00,546] {subprocess.py:62} INFO - Tmp dir root location: 
 /tmp
[2022-07-19 08:07:00,546] {subprocess.py:74} INFO - Running command: ['bash', '-c', '"${SPARK_HOME}/bin/spark-submit" --master spark://spark:7077 /opt/***/spark_scripts/mirr_md_account_d.py']
[2022-07-19 08:07:00,564] {subprocess.py:85} INFO - Output:
[2022-07-19 08:07:03,413] {subprocess.py:89} INFO - 22/07/19 08:07:03 WARN NativeCodeLoader: Unable to load native-hadoop library for your platform... using builtin-java classes where applicable
[2022-07-19 08:07:05,425] {local_task_job.py:212} WARNING - State of this instance has been externally set to skipped. Terminating instance.
[2022-07-19 08:07:05,427] {process_utils.py:124} INFO - Sending Signals.SIGTERM to group 63. PIDs of all processes in the group: [64, 103, 63]
[2022-07-19 08:07:05,427] {process_utils.py:75} INFO - Sending the signal Signals.SIGTERM to group 63
[2022-07-19 08:07:05,428] {taskinstance.py:1408} ERROR - Received SIGTERM. Terminating subprocesses.
[2022-07-19 08:07:05,428] {subprocess.py:99} INFO - Sending SIGTERM signal to process group
[2022-07-19 08:07:05,522] {process_utils.py:70} INFO - Process psutil.Process(pid=63, status='terminated', exitcode=0, started='08:06:59') (63) terminated with exit code 0
[2022-07-19 08:07:05,523] {process_utils.py:70} INFO - Process psutil.Process(pid=64, status='terminated', started='08:06:59') (64) terminated with exit code None
[2022-07-19 08:07:05,523] {process_utils.py:70} INFO - Process psutil.Process(pid=103, status='terminated', started='08:07:03') (103) terminated with exit code None
