[2022-06-21 13:55:09,019] {taskinstance.py:1032} INFO - Dependencies all met for <TaskInstance: CSV_TO_DS.SEND_DS_ft_balance_f manual__2022-06-21T13:55:04.876444+00:00 [queued]>
[2022-06-21 13:55:09,041] {taskinstance.py:1032} INFO - Dependencies all met for <TaskInstance: CSV_TO_DS.SEND_DS_ft_balance_f manual__2022-06-21T13:55:04.876444+00:00 [queued]>
[2022-06-21 13:55:09,041] {taskinstance.py:1238} INFO - 
--------------------------------------------------------------------------------
[2022-06-21 13:55:09,041] {taskinstance.py:1239} INFO - Starting attempt 1 of 2
[2022-06-21 13:55:09,041] {taskinstance.py:1240} INFO - 
--------------------------------------------------------------------------------
[2022-06-21 13:55:09,056] {taskinstance.py:1259} INFO - Executing <Task(PythonOperator): SEND_DS_ft_balance_f> on 2022-06-21 13:55:04.876444+00:00
[2022-06-21 13:55:09,064] {standard_task_runner.py:52} INFO - Started process 334 to run task
[2022-06-21 13:55:09,080] {standard_task_runner.py:76} INFO - Running: ['***', 'tasks', 'run', 'CSV_TO_DS', 'SEND_DS_ft_balance_f', 'manual__2022-06-21T13:55:04.876444+00:00', '--job-id', '520', '--raw', '--subdir', 'DAGS_FOLDER/csv_to_ds.py', '--cfg-path', '/tmp/tmpi3e2vihx', '--error-file', '/tmp/tmpgk0oqc7i']
[2022-06-21 13:55:09,082] {standard_task_runner.py:77} INFO - Job 520: Subtask SEND_DS_ft_balance_f
[2022-06-21 13:55:09,181] {logging_mixin.py:109} INFO - Running <TaskInstance: CSV_TO_DS.SEND_DS_ft_balance_f manual__2022-06-21T13:55:04.876444+00:00 [running]> on host c087b85f9f15
[2022-06-21 13:55:09,276] {taskinstance.py:1426} INFO - Exporting the following env vars:
AIRFLOW_CTX_DAG_OWNER=***
AIRFLOW_CTX_DAG_ID=CSV_TO_DS
AIRFLOW_CTX_TASK_ID=SEND_DS_ft_balance_f
AIRFLOW_CTX_EXECUTION_DATE=2022-06-21T13:55:04.876444+00:00
AIRFLOW_CTX_DAG_RUN_ID=manual__2022-06-21T13:55:04.876444+00:00
[2022-06-21 13:55:09,342] {CsvToDs.py:58} INFO - Column on_date changed date-time format
[2022-06-21 13:55:09,342] {CsvToDs.py:64} INFO - Table ft_balance_f read in pandas success. 
[2022-06-21 13:55:09,364] {CsvToDs.py:65} INFO - 
      on_date  account_rk  currency_rk  balance_out
0 2017-12-31    36237725           35     38318.17
1 2017-12-31       24656           35     80533.62
2 2017-12-31    18849846           34     63891.96
3 2017-12-31     1972647           34     87732.10
4 2017-12-31    34157174           34     97806.90
[2022-06-21 13:55:09,526] {CsvToDs.py:108} INFO -  Table ft_balance_f in ds schema has updated success. 
[2022-06-21 13:55:14,533] {python.py:175} INFO - Done. Returned value was: None
[2022-06-21 13:55:14,582] {taskinstance.py:1277} INFO - Marking task as SUCCESS. dag_id=CSV_TO_DS, task_id=SEND_DS_ft_balance_f, execution_date=20220621T135504, start_date=20220621T135509, end_date=20220621T135514
[2022-06-21 13:55:14,665] {local_task_job.py:154} INFO - Task exited with return code 0
[2022-06-21 13:55:14,857] {local_task_job.py:264} INFO - 0 downstream tasks scheduled from follow-on schedule check
