[2022-06-07 21:57:46,268] {taskinstance.py:1159} INFO - Dependencies all met for <TaskInstance: CSV_TO_DS.SEND_DS_ft_balance_f manual__2022-06-07T21:57:42.342725+00:00 [queued]>
[2022-06-07 21:57:46,278] {taskinstance.py:1159} INFO - Dependencies all met for <TaskInstance: CSV_TO_DS.SEND_DS_ft_balance_f manual__2022-06-07T21:57:42.342725+00:00 [queued]>
[2022-06-07 21:57:46,278] {taskinstance.py:1356} INFO - 
--------------------------------------------------------------------------------
[2022-06-07 21:57:46,278] {taskinstance.py:1357} INFO - Starting attempt 1 of 2
[2022-06-07 21:57:46,278] {taskinstance.py:1358} INFO - 
--------------------------------------------------------------------------------
[2022-06-07 21:57:46,291] {taskinstance.py:1377} INFO - Executing <Task(PythonOperator): SEND_DS_ft_balance_f> on 2022-06-07 21:57:42.342725+00:00
[2022-06-07 21:57:46,296] {standard_task_runner.py:52} INFO - Started process 3914 to run task
[2022-06-07 21:57:46,300] {standard_task_runner.py:79} INFO - Running: ['***', 'tasks', 'run', 'CSV_TO_DS', 'SEND_DS_ft_balance_f', 'manual__2022-06-07T21:57:42.342725+00:00', '--job-id', '116', '--raw', '--subdir', 'DAGS_FOLDER/csv_to_ds.py', '--cfg-path', '/tmp/tmp4lc16uvu', '--error-file', '/tmp/tmp0_ni6u0q']
[2022-06-07 21:57:46,300] {standard_task_runner.py:80} INFO - Job 116: Subtask SEND_DS_ft_balance_f
[2022-06-07 21:57:46,361] {task_command.py:370} INFO - Running <TaskInstance: CSV_TO_DS.SEND_DS_ft_balance_f manual__2022-06-07T21:57:42.342725+00:00 [running]> on host 33a1fdf44d41
[2022-06-07 21:57:46,433] {taskinstance.py:1571} INFO - Exporting the following env vars:
AIRFLOW_CTX_DAG_OWNER=***
AIRFLOW_CTX_DAG_ID=CSV_TO_DS
AIRFLOW_CTX_TASK_ID=SEND_DS_ft_balance_f
AIRFLOW_CTX_EXECUTION_DATE=2022-06-07T21:57:42.342725+00:00
AIRFLOW_CTX_TRY_NUMBER=1
AIRFLOW_CTX_DAG_RUN_ID=manual__2022-06-07T21:57:42.342725+00:00
[2022-06-07 21:57:46,442] {base.py:68} INFO - Using connection ID 'postgres' for task execution.
[2022-06-07 21:57:46,453] {csv_to_ds.py:46} INFO - Column on_date changed date-time format
[2022-06-07 21:57:46,453] {csv_to_ds.py:51} INFO - Table ft_balance_f read in pandas success.
[2022-06-07 21:57:46,454] {csv_to_ds.py:52} INFO -      on_date  account_rk  currency_rk  balance_out
0 2017-12-31    36237725           35     38318.13
1 2017-12-31       24656           35     80533.62
2 2017-12-31    18849846           34     63891.96
3 2017-12-31     1972647           34     87732.10
4 2017-12-31    34157174           34     97806.90
[2022-06-07 21:57:46,482] {csv_to_ds.py:60} INFO - Table ft_balance_f in ds schema has updated success.
[2022-06-07 21:57:46,482] {python.py:173} INFO - Done. Returned value was: None
[2022-06-07 21:57:46,493] {taskinstance.py:1400} INFO - Marking task as SUCCESS. dag_id=CSV_TO_DS, task_id=SEND_DS_ft_balance_f, execution_date=20220607T215742, start_date=20220607T215746, end_date=20220607T215746
[2022-06-07 21:57:46,513] {local_task_job.py:156} INFO - Task exited with return code 0
[2022-06-07 21:57:46,574] {local_task_job.py:273} INFO - 1 downstream tasks scheduled from follow-on schedule check
