[2022-06-21 14:04:31,918] {taskinstance.py:1032} INFO - Dependencies all met for <TaskInstance: DM-COUNT-account-turnover.START_COUNT_BY_DAY_5 manual__2022-06-21T14:04:26.269664+00:00 [queued]>
[2022-06-21 14:04:31,967] {taskinstance.py:1032} INFO - Dependencies all met for <TaskInstance: DM-COUNT-account-turnover.START_COUNT_BY_DAY_5 manual__2022-06-21T14:04:26.269664+00:00 [queued]>
[2022-06-21 14:04:31,975] {taskinstance.py:1238} INFO - 
--------------------------------------------------------------------------------
[2022-06-21 14:04:31,976] {taskinstance.py:1239} INFO - Starting attempt 1 of 2
[2022-06-21 14:04:31,977] {taskinstance.py:1240} INFO - 
--------------------------------------------------------------------------------
[2022-06-21 14:04:32,004] {taskinstance.py:1259} INFO - Executing <Task(PostgresOperator): START_COUNT_BY_DAY_5> on 2022-06-21 14:04:26.269664+00:00
[2022-06-21 14:04:32,044] {standard_task_runner.py:76} INFO - Running: ['***', 'tasks', 'run', 'DM-COUNT-account-turnover', 'START_COUNT_BY_DAY_5', 'manual__2022-06-21T14:04:26.269664+00:00', '--job-id', '532', '--raw', '--subdir', 'DAGS_FOLDER/dm_fill_account_turnover.py', '--cfg-path', '/tmp/tmpeyrfd797', '--error-file', '/tmp/tmpsawh2pgb']
[2022-06-21 14:04:32,046] {standard_task_runner.py:77} INFO - Job 532: Subtask START_COUNT_BY_DAY_5
[2022-06-21 14:04:32,033] {standard_task_runner.py:52} INFO - Started process 809 to run task
[2022-06-21 14:04:32,249] {logging_mixin.py:109} INFO - Running <TaskInstance: DM-COUNT-account-turnover.START_COUNT_BY_DAY_5 manual__2022-06-21T14:04:26.269664+00:00 [running]> on host c087b85f9f15
[2022-06-21 14:04:32,424] {taskinstance.py:1426} INFO - Exporting the following env vars:
AIRFLOW_CTX_DAG_OWNER=***
AIRFLOW_CTX_DAG_ID=DM-COUNT-account-turnover
AIRFLOW_CTX_TASK_ID=START_COUNT_BY_DAY_5
AIRFLOW_CTX_EXECUTION_DATE=2022-06-21T14:04:26.269664+00:00
AIRFLOW_CTX_DAG_RUN_ID=manual__2022-06-21T14:04:26.269664+00:00
[2022-06-21 14:04:32,452] {base.py:79} INFO - Using connection to: id: postgres. Host: postgres, Port: 5432, Schema: postgres, Login: ***, Password: ***, extra: {}
[2022-06-21 14:04:32,463] {dbapi.py:225} INFO - Running statement: CALL ds.fill_account_turnover_f (%(date)s::date);, parameters: {'date': '2018-01-5'}
[2022-06-21 14:04:32,754] {taskinstance.py:1277} INFO - Marking task as SUCCESS. dag_id=DM-COUNT-account-turnover, task_id=START_COUNT_BY_DAY_5, execution_date=20220621T140426, start_date=20220621T140431, end_date=20220621T140432
[2022-06-21 14:04:32,814] {local_task_job.py:154} INFO - Task exited with return code 0
[2022-06-21 14:04:33,028] {local_task_job.py:264} INFO - 0 downstream tasks scheduled from follow-on schedule check
