[2022-06-06 08:20:36,465] {taskinstance.py:1159} INFO - Dependencies all met for <TaskInstance: CSV_TO_DS.SEND_DS_ft_balance_f manual__2022-06-06T08:20:30.536954+00:00 [queued]>
[2022-06-06 08:20:36,478] {taskinstance.py:1159} INFO - Dependencies all met for <TaskInstance: CSV_TO_DS.SEND_DS_ft_balance_f manual__2022-06-06T08:20:30.536954+00:00 [queued]>
[2022-06-06 08:20:36,479] {taskinstance.py:1356} INFO - 
--------------------------------------------------------------------------------
[2022-06-06 08:20:36,479] {taskinstance.py:1357} INFO - Starting attempt 1 of 2
[2022-06-06 08:20:36,479] {taskinstance.py:1358} INFO - 
--------------------------------------------------------------------------------
[2022-06-06 08:20:36,516] {taskinstance.py:1377} INFO - Executing <Task(PythonOperator): SEND_DS_ft_balance_f> on 2022-06-06 08:20:30.536954+00:00
[2022-06-06 08:20:36,520] {standard_task_runner.py:52} INFO - Started process 1866 to run task
[2022-06-06 08:20:36,530] {standard_task_runner.py:79} INFO - Running: ['***', 'tasks', 'run', 'CSV_TO_DS', 'SEND_DS_ft_balance_f', 'manual__2022-06-06T08:20:30.536954+00:00', '--job-id', '20', '--raw', '--subdir', 'DAGS_FOLDER/csv_to_ds.py', '--cfg-path', '/tmp/tmpg9mg7c76', '--error-file', '/tmp/tmpeyy92upu']
[2022-06-06 08:20:36,536] {standard_task_runner.py:80} INFO - Job 20: Subtask SEND_DS_ft_balance_f
[2022-06-06 08:20:36,616] {task_command.py:370} INFO - Running <TaskInstance: CSV_TO_DS.SEND_DS_ft_balance_f manual__2022-06-06T08:20:30.536954+00:00 [running]> on host 1d689ce05a02
[2022-06-06 08:20:36,782] {taskinstance.py:1571} INFO - Exporting the following env vars:
AIRFLOW_CTX_DAG_OWNER=***
AIRFLOW_CTX_DAG_ID=CSV_TO_DS
AIRFLOW_CTX_TASK_ID=SEND_DS_ft_balance_f
AIRFLOW_CTX_EXECUTION_DATE=2022-06-06T08:20:30.536954+00:00
AIRFLOW_CTX_TRY_NUMBER=1
AIRFLOW_CTX_DAG_RUN_ID=manual__2022-06-06T08:20:30.536954+00:00
[2022-06-06 08:20:36,796] {taskinstance.py:1889} ERROR - Task failed with exception
Traceback (most recent call last):
  File "/home/airflow/.local/lib/python3.7/site-packages/airflow/operators/python.py", line 171, in execute
    return_value = self.execute_callable()
  File "/home/airflow/.local/lib/python3.7/site-packages/airflow/operators/python.py", line 189, in execute_callable
    return self.python_callable(*self.op_args, **self.op_kwargs)
TypeError: send_csv_to_ds() missing 1 required positional argument: 'csv_path'
[2022-06-06 08:20:36,809] {taskinstance.py:1400} INFO - Marking task as UP_FOR_RETRY. dag_id=CSV_TO_DS, task_id=SEND_DS_ft_balance_f, execution_date=20220606T082030, start_date=20220606T082036, end_date=20220606T082036
[2022-06-06 08:20:36,839] {standard_task_runner.py:97} ERROR - Failed to execute job 20 for task SEND_DS_ft_balance_f (send_csv_to_ds() missing 1 required positional argument: 'csv_path'; 1866)
[2022-06-06 08:20:36,868] {local_task_job.py:156} INFO - Task exited with return code 1
[2022-06-06 08:20:36,938] {local_task_job.py:273} INFO - 0 downstream tasks scheduled from follow-on schedule check
