[2022-06-22 08:39:31,383] {taskinstance.py:1032} INFO - Dependencies all met for <TaskInstance: DM-COUNT-f101_round_f.count_f101-15 manual__2022-06-22T08:39:18.536800+00:00 [queued]>
[2022-06-22 08:39:31,612] {taskinstance.py:1032} INFO - Dependencies all met for <TaskInstance: DM-COUNT-f101_round_f.count_f101-15 manual__2022-06-22T08:39:18.536800+00:00 [queued]>
[2022-06-22 08:39:31,612] {taskinstance.py:1238} INFO - 
--------------------------------------------------------------------------------
[2022-06-22 08:39:31,679] {taskinstance.py:1239} INFO - Starting attempt 1 of 2
[2022-06-22 08:39:31,679] {taskinstance.py:1240} INFO - 
--------------------------------------------------------------------------------
[2022-06-22 08:39:31,904] {taskinstance.py:1259} INFO - Executing <Task(PostgresOperator): count_f101-15> on 2022-06-22 08:39:18.536800+00:00
[2022-06-22 08:39:31,928] {standard_task_runner.py:52} INFO - Started process 3080 to run task
[2022-06-22 08:39:31,953] {standard_task_runner.py:76} INFO - Running: ['***', 'tasks', 'run', 'DM-COUNT-f101_round_f', 'count_f101-15', 'manual__2022-06-22T08:39:18.536800+00:00', '--job-id', '1082', '--raw', '--subdir', 'DAGS_FOLDER/f_101_round_f.py', '--cfg-path', '/tmp/tmpeseu9hhf', '--error-file', '/tmp/tmpyy9p_ahe']
[2022-06-22 08:39:31,964] {standard_task_runner.py:77} INFO - Job 1082: Subtask count_f101-15
[2022-06-22 08:39:32,467] {logging_mixin.py:109} INFO - Running <TaskInstance: DM-COUNT-f101_round_f.count_f101-15 manual__2022-06-22T08:39:18.536800+00:00 [running]> on host a0a302277daf
[2022-06-22 08:39:33,163] {taskinstance.py:1426} INFO - Exporting the following env vars:
AIRFLOW_CTX_DAG_OWNER=***
AIRFLOW_CTX_DAG_ID=DM-COUNT-f101_round_f
AIRFLOW_CTX_TASK_ID=count_f101-15
AIRFLOW_CTX_EXECUTION_DATE=2022-06-22T08:39:18.536800+00:00
AIRFLOW_CTX_DAG_RUN_ID=manual__2022-06-22T08:39:18.536800+00:00
[2022-06-22 08:39:33,208] {base.py:79} INFO - Using connection to: id: postgres. Host: postgres, Port: 5432, Schema: postgres, Login: ***, Password: ***, extra: {}
[2022-06-22 08:39:33,255] {dbapi.py:225} INFO - Running statement: CALL dm.fill_f101_round_f (%(date)s::date);, parameters: {'date': '2018-01-15'}
[2022-06-22 08:39:34,053] {taskinstance.py:1277} INFO - Marking task as SUCCESS. dag_id=DM-COUNT-f101_round_f, task_id=count_f101-15, execution_date=20220622T083918, start_date=20220622T083931, end_date=20220622T083934
[2022-06-22 08:39:34,194] {local_task_job.py:154} INFO - Task exited with return code 0
[2022-06-22 08:39:35,024] {local_task_job.py:264} INFO - 0 downstream tasks scheduled from follow-on schedule check
