[2022-06-21 14:48:02,894] {taskinstance.py:1032} INFO - Dependencies all met for <TaskInstance: DM-COUNT-f101_round_f.count_f101-29 manual__2022-06-21T14:47:57.014896+00:00 [queued]>
[2022-06-21 14:48:02,992] {taskinstance.py:1032} INFO - Dependencies all met for <TaskInstance: DM-COUNT-f101_round_f.count_f101-29 manual__2022-06-21T14:47:57.014896+00:00 [queued]>
[2022-06-21 14:48:02,994] {taskinstance.py:1238} INFO - 
--------------------------------------------------------------------------------
[2022-06-21 14:48:03,008] {taskinstance.py:1239} INFO - Starting attempt 1 of 2
[2022-06-21 14:48:03,009] {taskinstance.py:1240} INFO - 
--------------------------------------------------------------------------------
[2022-06-21 14:48:03,084] {taskinstance.py:1259} INFO - Executing <Task(PostgresOperator): count_f101-29> on 2022-06-21 14:47:57.014896+00:00
[2022-06-21 14:48:03,118] {standard_task_runner.py:76} INFO - Running: ['***', 'tasks', 'run', 'DM-COUNT-f101_round_f', 'count_f101-29', 'manual__2022-06-21T14:47:57.014896+00:00', '--job-id', '842', '--raw', '--subdir', 'DAGS_FOLDER/f_101_round_f.py', '--cfg-path', '/tmp/tmpdl7tjk8i', '--error-file', '/tmp/tmp4zkio2uk']
[2022-06-21 14:48:03,126] {standard_task_runner.py:52} INFO - Started process 3664 to run task
[2022-06-21 14:48:03,129] {standard_task_runner.py:77} INFO - Job 842: Subtask count_f101-29
[2022-06-21 14:48:03,367] {logging_mixin.py:109} INFO - Running <TaskInstance: DM-COUNT-f101_round_f.count_f101-29 manual__2022-06-21T14:47:57.014896+00:00 [running]> on host c087b85f9f15
[2022-06-21 14:48:03,525] {taskinstance.py:1426} INFO - Exporting the following env vars:
AIRFLOW_CTX_DAG_OWNER=***
AIRFLOW_CTX_DAG_ID=DM-COUNT-f101_round_f
AIRFLOW_CTX_TASK_ID=count_f101-29
AIRFLOW_CTX_EXECUTION_DATE=2022-06-21T14:47:57.014896+00:00
AIRFLOW_CTX_DAG_RUN_ID=manual__2022-06-21T14:47:57.014896+00:00
[2022-06-21 14:48:03,558] {base.py:79} INFO - Using connection to: id: postgres. Host: postgres, Port: 5432, Schema: postgres, Login: ***, Password: ***, extra: {}
[2022-06-21 14:48:03,573] {dbapi.py:225} INFO - Running statement: CALL dm.fill_f101_round_f (%(date)s::date);, parameters: {'date': '2018-01-29'}
[2022-06-21 14:48:04,764] {taskinstance.py:1277} INFO - Marking task as SUCCESS. dag_id=DM-COUNT-f101_round_f, task_id=count_f101-29, execution_date=20220621T144757, start_date=20220621T144802, end_date=20220621T144804
[2022-06-21 14:48:04,802] {local_task_job.py:154} INFO - Task exited with return code 0
[2022-06-21 14:48:05,354] {local_task_job.py:264} INFO - 0 downstream tasks scheduled from follow-on schedule check
