[2022-06-22 07:50:28,646] {taskinstance.py:1032} INFO - Dependencies all met for <TaskInstance: CSV_TO_DS.SEND_DS_md_account_d scheduled__2022-06-20T21:26:59.328971+00:00 [queued]>
[2022-06-22 07:50:28,659] {taskinstance.py:1032} INFO - Dependencies all met for <TaskInstance: CSV_TO_DS.SEND_DS_md_account_d scheduled__2022-06-20T21:26:59.328971+00:00 [queued]>
[2022-06-22 07:50:28,660] {taskinstance.py:1238} INFO - 
--------------------------------------------------------------------------------
[2022-06-22 07:50:28,660] {taskinstance.py:1239} INFO - Starting attempt 2 of 2
[2022-06-22 07:50:28,660] {taskinstance.py:1240} INFO - 
--------------------------------------------------------------------------------
[2022-06-22 07:50:28,671] {taskinstance.py:1259} INFO - Executing <Task(PythonOperator): SEND_DS_md_account_d> on 2022-06-20 21:26:59.328971+00:00
[2022-06-22 07:50:28,675] {standard_task_runner.py:52} INFO - Started process 531 to run task
[2022-06-22 07:50:28,679] {standard_task_runner.py:76} INFO - Running: ['***', 'tasks', 'run', 'CSV_TO_DS', 'SEND_DS_md_account_d', 'scheduled__2022-06-20T21:26:59.328971+00:00', '--job-id', '951', '--raw', '--subdir', 'DAGS_FOLDER/csv_to_ds.py', '--cfg-path', '/tmp/tmp9uowo2c9', '--error-file', '/tmp/tmp49_scigu']
[2022-06-22 07:50:28,680] {standard_task_runner.py:77} INFO - Job 951: Subtask SEND_DS_md_account_d
[2022-06-22 07:50:28,744] {logging_mixin.py:109} INFO - Running <TaskInstance: CSV_TO_DS.SEND_DS_md_account_d scheduled__2022-06-20T21:26:59.328971+00:00 [running]> on host a0a302277daf
[2022-06-22 07:50:28,846] {taskinstance.py:1426} INFO - Exporting the following env vars:
AIRFLOW_CTX_DAG_OWNER=***
AIRFLOW_CTX_DAG_ID=CSV_TO_DS
AIRFLOW_CTX_TASK_ID=SEND_DS_md_account_d
AIRFLOW_CTX_EXECUTION_DATE=2022-06-20T21:26:59.328971+00:00
AIRFLOW_CTX_DAG_RUN_ID=scheduled__2022-06-20T21:26:59.328971+00:00
[2022-06-22 07:50:28,890] {CsvToDs.py:58} INFO - Column data_actual_date changed date-time format
[2022-06-22 07:50:28,891] {CsvToDs.py:58} INFO - Column data_actual_end_date changed date-time format
[2022-06-22 07:50:28,891] {CsvToDs.py:64} INFO - Table md_account_d read in pandas success. 
[2022-06-22 07:50:28,902] {CsvToDs.py:65} INFO - 
   data_actual_date data_actual_end_date  ...  currency_rk currency_code
0       2018-01-01           2018-01-31  ...           35           840
1       2018-01-01           2018-01-31  ...           35           840
2       2018-01-01           2018-01-31  ...           34           643
3       2018-01-01           2018-01-31  ...           34           643
4       2018-01-01           2018-01-31  ...           34           643

[5 rows x 7 columns]
[2022-06-22 07:50:28,953] {CsvToDs.py:108} INFO -  Table md_account_d in ds schema has updated success. 
[2022-06-22 07:50:33,961] {python.py:175} INFO - Done. Returned value was: None
[2022-06-22 07:50:33,970] {taskinstance.py:1277} INFO - Marking task as SUCCESS. dag_id=CSV_TO_DS, task_id=SEND_DS_md_account_d, execution_date=20220620T212659, start_date=20220622T075028, end_date=20220622T075033
[2022-06-22 07:50:34,031] {local_task_job.py:154} INFO - Task exited with return code 0
[2022-06-22 07:50:34,059] {local_task_job.py:264} INFO - 1 downstream tasks scheduled from follow-on schedule check
