[2022-06-22 21:27:39,996] {taskinstance.py:1032} INFO - Dependencies all met for <TaskInstance: DM-COUNT-account-turnover.START_COUNT_BY_DAY_7 scheduled__2022-06-21T21:27:30.430782+00:00 [queued]>
[2022-06-22 21:27:40,043] {taskinstance.py:1032} INFO - Dependencies all met for <TaskInstance: DM-COUNT-account-turnover.START_COUNT_BY_DAY_7 scheduled__2022-06-21T21:27:30.430782+00:00 [queued]>
[2022-06-22 21:27:40,044] {taskinstance.py:1238} INFO - 
--------------------------------------------------------------------------------
[2022-06-22 21:27:40,044] {taskinstance.py:1239} INFO - Starting attempt 1 of 2
[2022-06-22 21:27:40,044] {taskinstance.py:1240} INFO - 
--------------------------------------------------------------------------------
[2022-06-22 21:27:40,245] {taskinstance.py:1259} INFO - Executing <Task(PostgresOperator): START_COUNT_BY_DAY_7> on 2022-06-21 21:27:30.430782+00:00
[2022-06-22 21:27:40,309] {standard_task_runner.py:52} INFO - Started process 5556 to run task
[2022-06-22 21:27:40,345] {standard_task_runner.py:76} INFO - Running: ['***', 'tasks', 'run', 'DM-COUNT-account-turnover', 'START_COUNT_BY_DAY_7', 'scheduled__2022-06-21T21:27:30.430782+00:00', '--job-id', '1192', '--raw', '--subdir', 'DAGS_FOLDER/dm_fill_account_turnover.py', '--cfg-path', '/tmp/tmp8mon98gv', '--error-file', '/tmp/tmpa_4kotif']
[2022-06-22 21:27:40,347] {standard_task_runner.py:77} INFO - Job 1192: Subtask START_COUNT_BY_DAY_7
[2022-06-22 21:27:40,562] {logging_mixin.py:109} INFO - Running <TaskInstance: DM-COUNT-account-turnover.START_COUNT_BY_DAY_7 scheduled__2022-06-21T21:27:30.430782+00:00 [running]> on host bc39be91d060
[2022-06-22 21:27:41,590] {taskinstance.py:1426} INFO - Exporting the following env vars:
AIRFLOW_CTX_DAG_OWNER=***
AIRFLOW_CTX_DAG_ID=DM-COUNT-account-turnover
AIRFLOW_CTX_TASK_ID=START_COUNT_BY_DAY_7
AIRFLOW_CTX_EXECUTION_DATE=2022-06-21T21:27:30.430782+00:00
AIRFLOW_CTX_DAG_RUN_ID=scheduled__2022-06-21T21:27:30.430782+00:00
[2022-06-22 21:27:41,600] {base.py:79} INFO - Using connection to: id: postgres. Host: postgres, Port: 5432, Schema: postgres, Login: ***, Password: ***, extra: {}
[2022-06-22 21:27:41,606] {dbapi.py:225} INFO - Running statement: CALL ds.fill_account_turnover_f (%(date)s::date);, parameters: {'date': '2018-01-7'}
[2022-06-22 21:27:42,198] {taskinstance.py:1277} INFO - Marking task as SUCCESS. dag_id=DM-COUNT-account-turnover, task_id=START_COUNT_BY_DAY_7, execution_date=20220621T212730, start_date=20220622T212739, end_date=20220622T212742
[2022-06-22 21:27:42,297] {local_task_job.py:154} INFO - Task exited with return code 0
[2022-06-22 21:27:42,689] {local_task_job.py:264} INFO - 0 downstream tasks scheduled from follow-on schedule check
