[2022-06-22 08:21:32,963] {taskinstance.py:1032} INFO - Dependencies all met for <TaskInstance: DM-COUNT-f101_round_f.log_procedure_create manual__2022-06-22T08:21:30.607444+00:00 [queued]>
[2022-06-22 08:21:32,982] {taskinstance.py:1032} INFO - Dependencies all met for <TaskInstance: DM-COUNT-f101_round_f.log_procedure_create manual__2022-06-22T08:21:30.607444+00:00 [queued]>
[2022-06-22 08:21:32,982] {taskinstance.py:1238} INFO - 
--------------------------------------------------------------------------------
[2022-06-22 08:21:32,982] {taskinstance.py:1239} INFO - Starting attempt 1 of 2
[2022-06-22 08:21:32,982] {taskinstance.py:1240} INFO - 
--------------------------------------------------------------------------------
[2022-06-22 08:21:33,003] {taskinstance.py:1259} INFO - Executing <Task(PostgresOperator): log_procedure_create> on 2022-06-22 08:21:30.607444+00:00
[2022-06-22 08:21:33,012] {standard_task_runner.py:52} INFO - Started process 2021 to run task
[2022-06-22 08:21:33,023] {standard_task_runner.py:76} INFO - Running: ['***', 'tasks', 'run', 'DM-COUNT-f101_round_f', 'log_procedure_create', 'manual__2022-06-22T08:21:30.607444+00:00', '--job-id', '989', '--raw', '--subdir', 'DAGS_FOLDER/f_101_round_f.py', '--cfg-path', '/tmp/tmpb0fvdg6l', '--error-file', '/tmp/tmpne0l4pd0']
[2022-06-22 08:21:33,024] {standard_task_runner.py:77} INFO - Job 989: Subtask log_procedure_create
[2022-06-22 08:21:33,122] {logging_mixin.py:109} INFO - Running <TaskInstance: DM-COUNT-f101_round_f.log_procedure_create manual__2022-06-22T08:21:30.607444+00:00 [running]> on host a0a302277daf
[2022-06-22 08:21:33,254] {taskinstance.py:1426} INFO - Exporting the following env vars:
AIRFLOW_CTX_DAG_OWNER=***
AIRFLOW_CTX_DAG_ID=DM-COUNT-f101_round_f
AIRFLOW_CTX_TASK_ID=log_procedure_create
AIRFLOW_CTX_EXECUTION_DATE=2022-06-22T08:21:30.607444+00:00
AIRFLOW_CTX_DAG_RUN_ID=manual__2022-06-22T08:21:30.607444+00:00
[2022-06-22 08:21:33,270] {base.py:79} INFO - Using connection to: id: postgres. Host: postgres, Port: 5432, Schema: postgres, Login: ***, Password: ***, extra: {}
[2022-06-22 08:21:33,288] {dbapi.py:225} INFO - Running statement: create or replace procedure logs.writelog (
   i_message		varchar,
   i_messageType	int
)
language plpgsql    
as $$
declare
	log_NOTICE            constant int := 1;
	log_WARNING           constant int := 2;
	log_ERROR             constant int := 3;
	log_DEBUG             constant int := 4;

	c_splitToTable        constant int := 4000;
	c_splitToDbmsOutput   constant int := 900;

	v_logDate           timestamp;
	v_callerType        varchar;
	v_callerOwner       varchar;
	v_caller            varchar;
	v_line              numeric;
	v_message           varchar;
begin
    v_logDate := now();
    -- split to log table
    v_message := i_message;
	i_messageType	:= log_NOTICE;
    while length(v_message) > 0 loop
      insert into logs.lg_messages_dm ( 	
		record_id,
		date_time,
		pid,
		message,
		message_type,
		usename, 
		datname, 
		client_addr, 
		application_name,
		backend_start
    )
	select 	
			nextval('logs.seq_lg_messages'),
			now(),
			pid,
			substr(v_message, 1, c_splitToTable),
			i_messageType,
			usename, 
			datname, 
			client_addr, 
			application_name,
			backend_start
	 from pg_stat_activity
	where pid = pg_backend_pid();
      v_message := substr(v_message, c_splitToTable + 1);
    end loop;

    commit;
end;$$, parameters: None
[2022-06-22 08:21:33,346] {taskinstance.py:1277} INFO - Marking task as SUCCESS. dag_id=DM-COUNT-f101_round_f, task_id=log_procedure_create, execution_date=20220622T082130, start_date=20220622T082132, end_date=20220622T082133
[2022-06-22 08:21:33,408] {local_task_job.py:154} INFO - Task exited with return code 0
[2022-06-22 08:21:33,533] {local_task_job.py:264} INFO - 0 downstream tasks scheduled from follow-on schedule check
