[2022-06-23 20:36:09,154] {taskinstance.py:1032} INFO - Dependencies all met for <TaskInstance: f101_to_csv.download_f101_dm_csv scheduled__2022-06-22T20:36:06.966050+00:00 [queued]>
[2022-06-23 20:36:09,161] {taskinstance.py:1032} INFO - Dependencies all met for <TaskInstance: f101_to_csv.download_f101_dm_csv scheduled__2022-06-22T20:36:06.966050+00:00 [queued]>
[2022-06-23 20:36:09,161] {taskinstance.py:1238} INFO - 
--------------------------------------------------------------------------------
[2022-06-23 20:36:09,162] {taskinstance.py:1239} INFO - Starting attempt 1 of 2
[2022-06-23 20:36:09,162] {taskinstance.py:1240} INFO - 
--------------------------------------------------------------------------------
[2022-06-23 20:36:09,170] {taskinstance.py:1259} INFO - Executing <Task(PythonOperator): download_f101_dm_csv> on 2022-06-22 20:36:06.966050+00:00
[2022-06-23 20:36:09,174] {standard_task_runner.py:52} INFO - Started process 1201 to run task
[2022-06-23 20:36:09,177] {standard_task_runner.py:76} INFO - Running: ['***', 'tasks', 'run', 'f101_to_csv', 'download_f101_dm_csv', 'scheduled__2022-06-22T20:36:06.966050+00:00', '--job-id', '1247', '--raw', '--subdir', 'DAGS_FOLDER/f101_to_local.py', '--cfg-path', '/tmp/tmpsbp5nxdv', '--error-file', '/tmp/tmp2c2l6k4_']
[2022-06-23 20:36:09,178] {standard_task_runner.py:77} INFO - Job 1247: Subtask download_f101_dm_csv
[2022-06-23 20:36:09,220] {logging_mixin.py:109} INFO - Running <TaskInstance: f101_to_csv.download_f101_dm_csv scheduled__2022-06-22T20:36:06.966050+00:00 [running]> on host 1a36ba6d0ffa
[2022-06-23 20:36:09,258] {taskinstance.py:1426} INFO - Exporting the following env vars:
AIRFLOW_CTX_DAG_OWNER=***
AIRFLOW_CTX_DAG_ID=f101_to_csv
AIRFLOW_CTX_TASK_ID=download_f101_dm_csv
AIRFLOW_CTX_EXECUTION_DATE=2022-06-22T20:36:06.966050+00:00
AIRFLOW_CTX_DAG_RUN_ID=scheduled__2022-06-22T20:36:06.966050+00:00
[2022-06-23 20:36:09,299] {ToLocal.py:46} INFO - Table dm_f101_round_f has alredy downloaded in /opt/***/csv/dm/dm_f101_round_f.csv. 
[2022-06-23 20:36:09,302] {python.py:175} INFO - Done. Returned value was: None
[2022-06-23 20:36:09,310] {taskinstance.py:1277} INFO - Marking task as SUCCESS. dag_id=f101_to_csv, task_id=download_f101_dm_csv, execution_date=20220622T203606, start_date=20220623T203609, end_date=20220623T203609
[2022-06-23 20:36:09,352] {local_task_job.py:154} INFO - Task exited with return code 0
[2022-06-23 20:36:09,399] {local_task_job.py:264} INFO - 1 downstream tasks scheduled from follow-on schedule check
