[2022-06-21 14:04:35,132] {taskinstance.py:1032} INFO - Dependencies all met for <TaskInstance: DM-COUNT-account-turnover.START_COUNT_BY_DAY_25 manual__2022-06-21T14:04:26.269664+00:00 [queued]>
[2022-06-21 14:04:35,178] {taskinstance.py:1032} INFO - Dependencies all met for <TaskInstance: DM-COUNT-account-turnover.START_COUNT_BY_DAY_25 manual__2022-06-21T14:04:26.269664+00:00 [queued]>
[2022-06-21 14:04:35,179] {taskinstance.py:1238} INFO - 
--------------------------------------------------------------------------------
[2022-06-21 14:04:35,179] {taskinstance.py:1239} INFO - Starting attempt 1 of 2
[2022-06-21 14:04:35,179] {taskinstance.py:1240} INFO - 
--------------------------------------------------------------------------------
[2022-06-21 14:04:35,212] {taskinstance.py:1259} INFO - Executing <Task(PostgresOperator): START_COUNT_BY_DAY_25> on 2022-06-21 14:04:26.269664+00:00
[2022-06-21 14:04:35,217] {standard_task_runner.py:52} INFO - Started process 854 to run task
[2022-06-21 14:04:35,227] {standard_task_runner.py:76} INFO - Running: ['***', 'tasks', 'run', 'DM-COUNT-account-turnover', 'START_COUNT_BY_DAY_25', 'manual__2022-06-21T14:04:26.269664+00:00', '--job-id', '548', '--raw', '--subdir', 'DAGS_FOLDER/dm_fill_account_turnover.py', '--cfg-path', '/tmp/tmp3bqd8y98', '--error-file', '/tmp/tmpxu5wisjc']
[2022-06-21 14:04:35,229] {standard_task_runner.py:77} INFO - Job 548: Subtask START_COUNT_BY_DAY_25
[2022-06-21 14:04:35,337] {logging_mixin.py:109} INFO - Running <TaskInstance: DM-COUNT-account-turnover.START_COUNT_BY_DAY_25 manual__2022-06-21T14:04:26.269664+00:00 [running]> on host c087b85f9f15
[2022-06-21 14:04:35,430] {taskinstance.py:1426} INFO - Exporting the following env vars:
AIRFLOW_CTX_DAG_OWNER=***
AIRFLOW_CTX_DAG_ID=DM-COUNT-account-turnover
AIRFLOW_CTX_TASK_ID=START_COUNT_BY_DAY_25
AIRFLOW_CTX_EXECUTION_DATE=2022-06-21T14:04:26.269664+00:00
AIRFLOW_CTX_DAG_RUN_ID=manual__2022-06-21T14:04:26.269664+00:00
[2022-06-21 14:04:35,444] {base.py:79} INFO - Using connection to: id: postgres. Host: postgres, Port: 5432, Schema: postgres, Login: ***, Password: ***, extra: {}
[2022-06-21 14:04:35,451] {dbapi.py:225} INFO - Running statement: CALL ds.fill_account_turnover_f (%(date)s::date);, parameters: {'date': '2018-01-25'}
[2022-06-21 14:04:35,739] {taskinstance.py:1277} INFO - Marking task as SUCCESS. dag_id=DM-COUNT-account-turnover, task_id=START_COUNT_BY_DAY_25, execution_date=20220621T140426, start_date=20220621T140435, end_date=20220621T140435
[2022-06-21 14:04:35,810] {local_task_job.py:154} INFO - Task exited with return code 0
[2022-06-21 14:04:35,970] {local_task_job.py:264} INFO - 0 downstream tasks scheduled from follow-on schedule check
