[2022-07-22 16:25:01,804] {taskinstance.py:1032} INFO - Dependencies all met for <TaskInstance: MIRR_MD_ACCOUNT_D.load_mirror_md_account_d scheduled__2022-07-22T16:20:00+00:00 [queued]>
[2022-07-22 16:25:01,811] {taskinstance.py:1032} INFO - Dependencies all met for <TaskInstance: MIRR_MD_ACCOUNT_D.load_mirror_md_account_d scheduled__2022-07-22T16:20:00+00:00 [queued]>
[2022-07-22 16:25:01,812] {taskinstance.py:1238} INFO - 
--------------------------------------------------------------------------------
[2022-07-22 16:25:01,812] {taskinstance.py:1239} INFO - Starting attempt 1 of 2
[2022-07-22 16:25:01,812] {taskinstance.py:1240} INFO - 
--------------------------------------------------------------------------------
[2022-07-22 16:25:01,821] {taskinstance.py:1259} INFO - Executing <Task(BashOperator): load_mirror_md_account_d> on 2022-07-22 16:20:00+00:00
[2022-07-22 16:25:01,824] {standard_task_runner.py:52} INFO - Started process 2985 to run task
[2022-07-22 16:25:01,827] {standard_task_runner.py:76} INFO - Running: ['***', 'tasks', 'run', 'MIRR_MD_ACCOUNT_D', 'load_mirror_md_account_d', 'scheduled__2022-07-22T16:20:00+00:00', '--job-id', '100', '--raw', '--subdir', 'DAGS_FOLDER/mirror_calc.py', '--cfg-path', '/tmp/tmpou6hginq', '--error-file', '/tmp/tmp1hrj5kk8']
[2022-07-22 16:25:01,828] {standard_task_runner.py:77} INFO - Job 100: Subtask load_mirror_md_account_d
[2022-07-22 16:25:01,872] {logging_mixin.py:109} INFO - Running <TaskInstance: MIRR_MD_ACCOUNT_D.load_mirror_md_account_d scheduled__2022-07-22T16:20:00+00:00 [running]> on host 156c91590481
[2022-07-22 16:25:01,912] {taskinstance.py:1426} INFO - Exporting the following env vars:
AIRFLOW_CTX_DAG_OWNER=***
AIRFLOW_CTX_DAG_ID=MIRR_MD_ACCOUNT_D
AIRFLOW_CTX_TASK_ID=load_mirror_md_account_d
AIRFLOW_CTX_EXECUTION_DATE=2022-07-22T16:20:00+00:00
AIRFLOW_CTX_DAG_RUN_ID=scheduled__2022-07-22T16:20:00+00:00
[2022-07-22 16:25:01,913] {subprocess.py:62} INFO - Tmp dir root location: 
 /tmp
[2022-07-22 16:25:01,913] {subprocess.py:74} INFO - Running command: ['bash', '-c', 'spark-submit --packages io.delta:delta-core_2.12:1.0.0 --conf "spark.sql.extensions=io.delta.sql.DeltaSparkSessionExtension" --conf "spark.sql.catalog.spark_catalog=org.apache.spark.sql.delta.catalog.DeltaCatalog"  /opt/***/core/show.py']
[2022-07-22 16:25:01,921] {subprocess.py:85} INFO - Output:
[2022-07-22 16:25:03,031] {subprocess.py:89} INFO - :: loading settings :: url = jar:file:/usr/local/spark/assembly/target/scala-2.12/jars/ivy-2.4.0.jar!/org/apache/ivy/core/settings/ivysettings.xml
[2022-07-22 16:25:03,093] {subprocess.py:89} INFO - Ivy Default Cache set to: /home/***/.ivy2/cache
[2022-07-22 16:25:03,093] {subprocess.py:89} INFO - The jars for the packages stored in: /home/***/.ivy2/jars
[2022-07-22 16:25:03,102] {subprocess.py:89} INFO - io.delta#delta-core_2.12 added as a dependency
[2022-07-22 16:25:03,104] {subprocess.py:89} INFO - :: resolving dependencies :: org.apache.spark#spark-submit-parent-0295aa55-c5fd-49a7-84e3-98a646d349b5;1.0
[2022-07-22 16:25:03,105] {subprocess.py:89} INFO - 	confs: [default]
[2022-07-22 16:25:03,209] {subprocess.py:89} INFO - 	found io.delta#delta-core_2.12;1.0.0 in central
[2022-07-22 16:25:03,233] {subprocess.py:89} INFO - 	found org.antlr#antlr4;4.7 in central
[2022-07-22 16:25:03,263] {subprocess.py:89} INFO - 	found org.antlr#antlr4-runtime;4.7 in central
[2022-07-22 16:25:03,286] {subprocess.py:89} INFO - 	found org.antlr#antlr-runtime;3.5.2 in central
[2022-07-22 16:25:03,305] {subprocess.py:89} INFO - 	found org.antlr#ST4;4.0.8 in central
[2022-07-22 16:25:03,330] {subprocess.py:89} INFO - 	found org.abego.treelayout#org.abego.treelayout.core;1.0.3 in central
[2022-07-22 16:25:03,348] {subprocess.py:89} INFO - 	found org.glassfish#javax.json;1.0.4 in central
[2022-07-22 16:25:03,363] {subprocess.py:89} INFO - 	found com.ibm.icu#icu4j;58.2 in central
[2022-07-22 16:25:03,390] {subprocess.py:89} INFO - :: resolution report :: resolve 277ms :: artifacts dl 9ms
[2022-07-22 16:25:03,390] {subprocess.py:89} INFO - 	:: modules in use:
[2022-07-22 16:25:03,390] {subprocess.py:89} INFO - 	com.ibm.icu#icu4j;58.2 from central in [default]
[2022-07-22 16:25:03,391] {subprocess.py:89} INFO - 	io.delta#delta-core_2.12;1.0.0 from central in [default]
[2022-07-22 16:25:03,391] {subprocess.py:89} INFO - 	org.abego.treelayout#org.abego.treelayout.core;1.0.3 from central in [default]
[2022-07-22 16:25:03,391] {subprocess.py:89} INFO - 	org.antlr#ST4;4.0.8 from central in [default]
[2022-07-22 16:25:03,391] {subprocess.py:89} INFO - 	org.antlr#antlr-runtime;3.5.2 from central in [default]
[2022-07-22 16:25:03,391] {subprocess.py:89} INFO - 	org.antlr#antlr4;4.7 from central in [default]
[2022-07-22 16:25:03,391] {subprocess.py:89} INFO - 	org.antlr#antlr4-runtime;4.7 from central in [default]
[2022-07-22 16:25:03,391] {subprocess.py:89} INFO - 	org.glassfish#javax.json;1.0.4 from central in [default]
[2022-07-22 16:25:03,391] {subprocess.py:89} INFO - 	---------------------------------------------------------------------
[2022-07-22 16:25:03,391] {subprocess.py:89} INFO - 	|                  |            modules            ||   artifacts   |
[2022-07-22 16:25:03,391] {subprocess.py:89} INFO - 	|       conf       | number| search|dwnlded|evicted|| number|dwnlded|
[2022-07-22 16:25:03,391] {subprocess.py:89} INFO - 	---------------------------------------------------------------------
[2022-07-22 16:25:03,391] {subprocess.py:89} INFO - 	|      default     |   8   |   0   |   0   |   0   ||   8   |   0   |
[2022-07-22 16:25:03,391] {subprocess.py:89} INFO - 	---------------------------------------------------------------------
[2022-07-22 16:25:03,395] {subprocess.py:89} INFO - :: retrieving :: org.apache.spark#spark-submit-parent-0295aa55-c5fd-49a7-84e3-98a646d349b5
[2022-07-22 16:25:03,396] {subprocess.py:89} INFO - 	confs: [default]
[2022-07-22 16:25:03,403] {subprocess.py:89} INFO - 	0 artifacts copied, 8 already retrieved (0kB/7ms)
[2022-07-22 16:25:03,667] {subprocess.py:89} INFO - 22/07/22 16:25:03 WARN NativeCodeLoader: Unable to load native-hadoop library for your platform... using builtin-java classes where applicable
[2022-07-22 16:25:04,058] {subprocess.py:89} INFO - /usr/local/bin/python3
[2022-07-22 16:25:04,517] {subprocess.py:89} INFO - Using Spark's default log4j profile: org/apache/spark/log4j-defaults.properties
[2022-07-22 16:25:04,529] {subprocess.py:89} INFO - 22/07/22 16:25:04 INFO SparkContext: Running Spark version 3.1.2
[2022-07-22 16:25:04,581] {subprocess.py:89} INFO - 22/07/22 16:25:04 INFO ResourceUtils: ==============================================================
[2022-07-22 16:25:04,581] {subprocess.py:89} INFO - 22/07/22 16:25:04 INFO ResourceUtils: No custom resources configured for spark.driver.
[2022-07-22 16:25:04,581] {subprocess.py:89} INFO - 22/07/22 16:25:04 INFO ResourceUtils: ==============================================================
[2022-07-22 16:25:04,581] {subprocess.py:89} INFO - 22/07/22 16:25:04 INFO SparkContext: Submitted application: MyApp
[2022-07-22 16:25:04,642] {subprocess.py:89} INFO - 22/07/22 16:25:04 INFO ResourceProfile: Default ResourceProfile created, executor resources: Map(cores -> name: cores, amount: 1, script: , vendor: , memory -> name: memory, amount: 1024, script: , vendor: , offHeap -> name: offHeap, amount: 0, script: , vendor: ), task resources: Map(cpus -> name: cpus, amount: 1.0)
[2022-07-22 16:25:04,657] {subprocess.py:89} INFO - 22/07/22 16:25:04 INFO ResourceProfile: Limiting resource is cpu
[2022-07-22 16:25:04,657] {subprocess.py:89} INFO - 22/07/22 16:25:04 INFO ResourceProfileManager: Added ResourceProfile id: 0
[2022-07-22 16:25:04,740] {subprocess.py:89} INFO - 22/07/22 16:25:04 INFO SecurityManager: Changing view acls to: default
[2022-07-22 16:25:04,740] {subprocess.py:89} INFO - 22/07/22 16:25:04 INFO SecurityManager: Changing modify acls to: default
[2022-07-22 16:25:04,740] {subprocess.py:89} INFO - 22/07/22 16:25:04 INFO SecurityManager: Changing view acls groups to:
[2022-07-22 16:25:04,740] {subprocess.py:89} INFO - 22/07/22 16:25:04 INFO SecurityManager: Changing modify acls groups to:
[2022-07-22 16:25:04,741] {subprocess.py:89} INFO - 22/07/22 16:25:04 INFO SecurityManager: SecurityManager: authentication disabled; ui acls disabled; users  with view permissions: Set(default); groups with view permissions: Set(); users  with modify permissions: Set(default); groups with modify permissions: Set()
[2022-07-22 16:25:04,987] {subprocess.py:89} INFO - 22/07/22 16:25:04 INFO Utils: Successfully started service 'sparkDriver' on port 35023.
[2022-07-22 16:25:05,022] {subprocess.py:89} INFO - 22/07/22 16:25:05 INFO SparkEnv: Registering MapOutputTracker
[2022-07-22 16:25:05,047] {subprocess.py:89} INFO - 22/07/22 16:25:05 INFO SparkEnv: Registering BlockManagerMaster
[2022-07-22 16:25:05,065] {subprocess.py:89} INFO - 22/07/22 16:25:05 INFO BlockManagerMasterEndpoint: Using org.apache.spark.storage.DefaultTopologyMapper for getting topology information
[2022-07-22 16:25:05,065] {subprocess.py:89} INFO - 22/07/22 16:25:05 INFO BlockManagerMasterEndpoint: BlockManagerMasterEndpoint up
[2022-07-22 16:25:05,068] {subprocess.py:89} INFO - 22/07/22 16:25:05 INFO SparkEnv: Registering BlockManagerMasterHeartbeat
[2022-07-22 16:25:05,080] {subprocess.py:89} INFO - 22/07/22 16:25:05 INFO DiskBlockManager: Created local directory at /tmp/blockmgr-de251b28-d392-4ba3-b3fd-3291eab4028a
[2022-07-22 16:25:05,102] {subprocess.py:89} INFO - 22/07/22 16:25:05 INFO MemoryStore: MemoryStore started with capacity 366.3 MiB
[2022-07-22 16:25:05,115] {subprocess.py:89} INFO - 22/07/22 16:25:05 INFO SparkEnv: Registering OutputCommitCoordinator
[2022-07-22 16:25:05,329] {subprocess.py:89} INFO - 22/07/22 16:25:05 INFO Utils: Successfully started service 'SparkUI' on port 4040.
[2022-07-22 16:25:05,386] {subprocess.py:89} INFO - 22/07/22 16:25:05 INFO SparkUI: Bound SparkUI to 0.0.0.0, and started at http://156c91590481:4040
[2022-07-22 16:25:05,399] {subprocess.py:89} INFO - 22/07/22 16:25:05 INFO SparkContext: Added JAR file:///home/***/.ivy2/jars/io.delta_delta-core_2.12-1.0.0.jar at spark://156c91590481:35023/jars/io.delta_delta-core_2.12-1.0.0.jar with timestamp 1658507104515
[2022-07-22 16:25:05,399] {subprocess.py:89} INFO - 22/07/22 16:25:05 INFO SparkContext: Added JAR file:///home/***/.ivy2/jars/org.antlr_antlr4-4.7.jar at spark://156c91590481:35023/jars/org.antlr_antlr4-4.7.jar with timestamp 1658507104515
[2022-07-22 16:25:05,399] {subprocess.py:89} INFO - 22/07/22 16:25:05 INFO SparkContext: Added JAR file:///home/***/.ivy2/jars/org.antlr_antlr4-runtime-4.7.jar at spark://156c91590481:35023/jars/org.antlr_antlr4-runtime-4.7.jar with timestamp 1658507104515
[2022-07-22 16:25:05,399] {subprocess.py:89} INFO - 22/07/22 16:25:05 INFO SparkContext: Added JAR file:///home/***/.ivy2/jars/org.antlr_antlr-runtime-3.5.2.jar at spark://156c91590481:35023/jars/org.antlr_antlr-runtime-3.5.2.jar with timestamp 1658507104515
[2022-07-22 16:25:05,399] {subprocess.py:89} INFO - 22/07/22 16:25:05 INFO SparkContext: Added JAR file:///home/***/.ivy2/jars/org.antlr_ST4-4.0.8.jar at spark://156c91590481:35023/jars/org.antlr_ST4-4.0.8.jar with timestamp 1658507104515
[2022-07-22 16:25:05,399] {subprocess.py:89} INFO - 22/07/22 16:25:05 INFO SparkContext: Added JAR file:///home/***/.ivy2/jars/org.abego.treelayout_org.abego.treelayout.core-1.0.3.jar at spark://156c91590481:35023/jars/org.abego.treelayout_org.abego.treelayout.core-1.0.3.jar with timestamp 1658507104515
[2022-07-22 16:25:05,399] {subprocess.py:89} INFO - 22/07/22 16:25:05 INFO SparkContext: Added JAR file:///home/***/.ivy2/jars/org.glassfish_javax.json-1.0.4.jar at spark://156c91590481:35023/jars/org.glassfish_javax.json-1.0.4.jar with timestamp 1658507104515
[2022-07-22 16:25:05,399] {subprocess.py:89} INFO - 22/07/22 16:25:05 INFO SparkContext: Added JAR file:///home/***/.ivy2/jars/com.ibm.icu_icu4j-58.2.jar at spark://156c91590481:35023/jars/com.ibm.icu_icu4j-58.2.jar with timestamp 1658507104515
[2022-07-22 16:25:05,401] {subprocess.py:89} INFO - 22/07/22 16:25:05 INFO SparkContext: Added file file:///home/***/.ivy2/jars/io.delta_delta-core_2.12-1.0.0.jar at file:///home/***/.ivy2/jars/io.delta_delta-core_2.12-1.0.0.jar with timestamp 1658507104515
[2022-07-22 16:25:05,402] {subprocess.py:89} INFO - 22/07/22 16:25:05 INFO Utils: Copying /home/***/.ivy2/jars/io.delta_delta-core_2.12-1.0.0.jar to /tmp/spark-228b88fe-f5bf-4a67-a6e8-b737a521047e/userFiles-bf36cd49-a276-4318-937b-9179af145685/io.delta_delta-core_2.12-1.0.0.jar
[2022-07-22 16:25:05,413] {subprocess.py:89} INFO - 22/07/22 16:25:05 INFO SparkContext: Added file file:///home/***/.ivy2/jars/org.antlr_antlr4-4.7.jar at file:///home/***/.ivy2/jars/org.antlr_antlr4-4.7.jar with timestamp 1658507104515
[2022-07-22 16:25:05,413] {subprocess.py:89} INFO - 22/07/22 16:25:05 INFO Utils: Copying /home/***/.ivy2/jars/org.antlr_antlr4-4.7.jar to /tmp/spark-228b88fe-f5bf-4a67-a6e8-b737a521047e/userFiles-bf36cd49-a276-4318-937b-9179af145685/org.antlr_antlr4-4.7.jar
[2022-07-22 16:25:05,414] {subprocess.py:89} INFO - 22/07/22 16:25:05 INFO SparkContext: Added file file:///home/***/.ivy2/jars/org.antlr_antlr4-runtime-4.7.jar at file:///home/***/.ivy2/jars/org.antlr_antlr4-runtime-4.7.jar with timestamp 1658507104515
[2022-07-22 16:25:05,414] {subprocess.py:89} INFO - 22/07/22 16:25:05 INFO Utils: Copying /home/***/.ivy2/jars/org.antlr_antlr4-runtime-4.7.jar to /tmp/spark-228b88fe-f5bf-4a67-a6e8-b737a521047e/userFiles-bf36cd49-a276-4318-937b-9179af145685/org.antlr_antlr4-runtime-4.7.jar
[2022-07-22 16:25:05,420] {subprocess.py:89} INFO - 22/07/22 16:25:05 INFO SparkContext: Added file file:///home/***/.ivy2/jars/org.antlr_antlr-runtime-3.5.2.jar at file:///home/***/.ivy2/jars/org.antlr_antlr-runtime-3.5.2.jar with timestamp 1658507104515
[2022-07-22 16:25:05,420] {subprocess.py:89} INFO - 22/07/22 16:25:05 INFO Utils: Copying /home/***/.ivy2/jars/org.antlr_antlr-runtime-3.5.2.jar to /tmp/spark-228b88fe-f5bf-4a67-a6e8-b737a521047e/userFiles-bf36cd49-a276-4318-937b-9179af145685/org.antlr_antlr-runtime-3.5.2.jar
[2022-07-22 16:25:05,423] {subprocess.py:89} INFO - 22/07/22 16:25:05 INFO SparkContext: Added file file:///home/***/.ivy2/jars/org.antlr_ST4-4.0.8.jar at file:///home/***/.ivy2/jars/org.antlr_ST4-4.0.8.jar with timestamp 1658507104515
[2022-07-22 16:25:05,423] {subprocess.py:89} INFO - 22/07/22 16:25:05 INFO Utils: Copying /home/***/.ivy2/jars/org.antlr_ST4-4.0.8.jar to /tmp/spark-228b88fe-f5bf-4a67-a6e8-b737a521047e/userFiles-bf36cd49-a276-4318-937b-9179af145685/org.antlr_ST4-4.0.8.jar
[2022-07-22 16:25:05,426] {subprocess.py:89} INFO - 22/07/22 16:25:05 INFO SparkContext: Added file file:///home/***/.ivy2/jars/org.abego.treelayout_org.abego.treelayout.core-1.0.3.jar at file:///home/***/.ivy2/jars/org.abego.treelayout_org.abego.treelayout.core-1.0.3.jar with timestamp 1658507104515
[2022-07-22 16:25:05,426] {subprocess.py:89} INFO - 22/07/22 16:25:05 INFO Utils: Copying /home/***/.ivy2/jars/org.abego.treelayout_org.abego.treelayout.core-1.0.3.jar to /tmp/spark-228b88fe-f5bf-4a67-a6e8-b737a521047e/userFiles-bf36cd49-a276-4318-937b-9179af145685/org.abego.treelayout_org.abego.treelayout.core-1.0.3.jar
[2022-07-22 16:25:05,429] {subprocess.py:89} INFO - 22/07/22 16:25:05 INFO SparkContext: Added file file:///home/***/.ivy2/jars/org.glassfish_javax.json-1.0.4.jar at file:///home/***/.ivy2/jars/org.glassfish_javax.json-1.0.4.jar with timestamp 1658507104515
[2022-07-22 16:25:05,429] {subprocess.py:89} INFO - 22/07/22 16:25:05 INFO Utils: Copying /home/***/.ivy2/jars/org.glassfish_javax.json-1.0.4.jar to /tmp/spark-228b88fe-f5bf-4a67-a6e8-b737a521047e/userFiles-bf36cd49-a276-4318-937b-9179af145685/org.glassfish_javax.json-1.0.4.jar
[2022-07-22 16:25:05,432] {subprocess.py:89} INFO - 22/07/22 16:25:05 INFO SparkContext: Added file file:///home/***/.ivy2/jars/com.ibm.icu_icu4j-58.2.jar at file:///home/***/.ivy2/jars/com.ibm.icu_icu4j-58.2.jar with timestamp 1658507104515
[2022-07-22 16:25:05,432] {subprocess.py:89} INFO - 22/07/22 16:25:05 INFO Utils: Copying /home/***/.ivy2/jars/com.ibm.icu_icu4j-58.2.jar to /tmp/spark-228b88fe-f5bf-4a67-a6e8-b737a521047e/userFiles-bf36cd49-a276-4318-937b-9179af145685/com.ibm.icu_icu4j-58.2.jar
[2022-07-22 16:25:05,598] {subprocess.py:89} INFO - 22/07/22 16:25:05 INFO Executor: Starting executor ID driver on host 156c91590481
[2022-07-22 16:25:05,615] {subprocess.py:89} INFO - 22/07/22 16:25:05 INFO Executor: Fetching file:///home/***/.ivy2/jars/com.ibm.icu_icu4j-58.2.jar with timestamp 1658507104515
[2022-07-22 16:25:05,660] {subprocess.py:89} INFO - 22/07/22 16:25:05 INFO Utils: /home/***/.ivy2/jars/com.ibm.icu_icu4j-58.2.jar has been previously copied to /tmp/spark-228b88fe-f5bf-4a67-a6e8-b737a521047e/userFiles-bf36cd49-a276-4318-937b-9179af145685/com.ibm.icu_icu4j-58.2.jar
[2022-07-22 16:25:05,663] {subprocess.py:89} INFO - 22/07/22 16:25:05 INFO Executor: Fetching file:///home/***/.ivy2/jars/org.abego.treelayout_org.abego.treelayout.core-1.0.3.jar with timestamp 1658507104515
[2022-07-22 16:25:05,664] {subprocess.py:89} INFO - 22/07/22 16:25:05 INFO Utils: /home/***/.ivy2/jars/org.abego.treelayout_org.abego.treelayout.core-1.0.3.jar has been previously copied to /tmp/spark-228b88fe-f5bf-4a67-a6e8-b737a521047e/userFiles-bf36cd49-a276-4318-937b-9179af145685/org.abego.treelayout_org.abego.treelayout.core-1.0.3.jar
[2022-07-22 16:25:05,667] {subprocess.py:89} INFO - 22/07/22 16:25:05 INFO Executor: Fetching file:///home/***/.ivy2/jars/org.antlr_antlr-runtime-3.5.2.jar with timestamp 1658507104515
[2022-07-22 16:25:05,668] {subprocess.py:89} INFO - 22/07/22 16:25:05 INFO Utils: /home/***/.ivy2/jars/org.antlr_antlr-runtime-3.5.2.jar has been previously copied to /tmp/spark-228b88fe-f5bf-4a67-a6e8-b737a521047e/userFiles-bf36cd49-a276-4318-937b-9179af145685/org.antlr_antlr-runtime-3.5.2.jar
[2022-07-22 16:25:05,670] {subprocess.py:89} INFO - 22/07/22 16:25:05 INFO Executor: Fetching file:///home/***/.ivy2/jars/org.glassfish_javax.json-1.0.4.jar with timestamp 1658507104515
[2022-07-22 16:25:05,670] {subprocess.py:89} INFO - 22/07/22 16:25:05 INFO Utils: /home/***/.ivy2/jars/org.glassfish_javax.json-1.0.4.jar has been previously copied to /tmp/spark-228b88fe-f5bf-4a67-a6e8-b737a521047e/userFiles-bf36cd49-a276-4318-937b-9179af145685/org.glassfish_javax.json-1.0.4.jar
[2022-07-22 16:25:05,672] {subprocess.py:89} INFO - 22/07/22 16:25:05 INFO Executor: Fetching file:///home/***/.ivy2/jars/org.antlr_antlr4-runtime-4.7.jar with timestamp 1658507104515
[2022-07-22 16:25:05,673] {subprocess.py:89} INFO - 22/07/22 16:25:05 INFO Utils: /home/***/.ivy2/jars/org.antlr_antlr4-runtime-4.7.jar has been previously copied to /tmp/spark-228b88fe-f5bf-4a67-a6e8-b737a521047e/userFiles-bf36cd49-a276-4318-937b-9179af145685/org.antlr_antlr4-runtime-4.7.jar
[2022-07-22 16:25:05,675] {subprocess.py:89} INFO - 22/07/22 16:25:05 INFO Executor: Fetching file:///home/***/.ivy2/jars/org.antlr_antlr4-4.7.jar with timestamp 1658507104515
[2022-07-22 16:25:05,677] {subprocess.py:89} INFO - 22/07/22 16:25:05 INFO Utils: /home/***/.ivy2/jars/org.antlr_antlr4-4.7.jar has been previously copied to /tmp/spark-228b88fe-f5bf-4a67-a6e8-b737a521047e/userFiles-bf36cd49-a276-4318-937b-9179af145685/org.antlr_antlr4-4.7.jar
[2022-07-22 16:25:05,679] {subprocess.py:89} INFO - 22/07/22 16:25:05 INFO Executor: Fetching file:///home/***/.ivy2/jars/org.antlr_ST4-4.0.8.jar with timestamp 1658507104515
[2022-07-22 16:25:05,680] {subprocess.py:89} INFO - 22/07/22 16:25:05 INFO Utils: /home/***/.ivy2/jars/org.antlr_ST4-4.0.8.jar has been previously copied to /tmp/spark-228b88fe-f5bf-4a67-a6e8-b737a521047e/userFiles-bf36cd49-a276-4318-937b-9179af145685/org.antlr_ST4-4.0.8.jar
[2022-07-22 16:25:05,682] {subprocess.py:89} INFO - 22/07/22 16:25:05 INFO Executor: Fetching file:///home/***/.ivy2/jars/io.delta_delta-core_2.12-1.0.0.jar with timestamp 1658507104515
[2022-07-22 16:25:05,684] {subprocess.py:89} INFO - 22/07/22 16:25:05 INFO Utils: /home/***/.ivy2/jars/io.delta_delta-core_2.12-1.0.0.jar has been previously copied to /tmp/spark-228b88fe-f5bf-4a67-a6e8-b737a521047e/userFiles-bf36cd49-a276-4318-937b-9179af145685/io.delta_delta-core_2.12-1.0.0.jar
[2022-07-22 16:25:05,688] {subprocess.py:89} INFO - 22/07/22 16:25:05 INFO Executor: Fetching spark://156c91590481:35023/jars/org.antlr_antlr-runtime-3.5.2.jar with timestamp 1658507104515
[2022-07-22 16:25:05,727] {subprocess.py:89} INFO - 22/07/22 16:25:05 INFO TransportClientFactory: Successfully created connection to 156c91590481/172.19.0.8:35023 after 28 ms (0 ms spent in bootstraps)
[2022-07-22 16:25:05,732] {subprocess.py:89} INFO - 22/07/22 16:25:05 INFO Utils: Fetching spark://156c91590481:35023/jars/org.antlr_antlr-runtime-3.5.2.jar to /tmp/spark-228b88fe-f5bf-4a67-a6e8-b737a521047e/userFiles-bf36cd49-a276-4318-937b-9179af145685/fetchFileTemp7177270749004518419.tmp
[2022-07-22 16:25:05,784] {subprocess.py:89} INFO - 22/07/22 16:25:05 INFO Utils: /tmp/spark-228b88fe-f5bf-4a67-a6e8-b737a521047e/userFiles-bf36cd49-a276-4318-937b-9179af145685/fetchFileTemp7177270749004518419.tmp has been previously copied to /tmp/spark-228b88fe-f5bf-4a67-a6e8-b737a521047e/userFiles-bf36cd49-a276-4318-937b-9179af145685/org.antlr_antlr-runtime-3.5.2.jar
[2022-07-22 16:25:05,785] {subprocess.py:89} INFO - 22/07/22 16:25:05 INFO Executor: Adding file:/tmp/spark-228b88fe-f5bf-4a67-a6e8-b737a521047e/userFiles-bf36cd49-a276-4318-937b-9179af145685/org.antlr_antlr-runtime-3.5.2.jar to class loader
[2022-07-22 16:25:05,785] {subprocess.py:89} INFO - 22/07/22 16:25:05 INFO Executor: Fetching spark://156c91590481:35023/jars/org.antlr_ST4-4.0.8.jar with timestamp 1658507104515
[2022-07-22 16:25:05,785] {subprocess.py:89} INFO - 22/07/22 16:25:05 INFO Utils: Fetching spark://156c91590481:35023/jars/org.antlr_ST4-4.0.8.jar to /tmp/spark-228b88fe-f5bf-4a67-a6e8-b737a521047e/userFiles-bf36cd49-a276-4318-937b-9179af145685/fetchFileTemp5412388750435345681.tmp
[2022-07-22 16:25:05,788] {subprocess.py:89} INFO - 22/07/22 16:25:05 INFO Utils: /tmp/spark-228b88fe-f5bf-4a67-a6e8-b737a521047e/userFiles-bf36cd49-a276-4318-937b-9179af145685/fetchFileTemp5412388750435345681.tmp has been previously copied to /tmp/spark-228b88fe-f5bf-4a67-a6e8-b737a521047e/userFiles-bf36cd49-a276-4318-937b-9179af145685/org.antlr_ST4-4.0.8.jar
[2022-07-22 16:25:05,791] {subprocess.py:89} INFO - 22/07/22 16:25:05 INFO Executor: Adding file:/tmp/spark-228b88fe-f5bf-4a67-a6e8-b737a521047e/userFiles-bf36cd49-a276-4318-937b-9179af145685/org.antlr_ST4-4.0.8.jar to class loader
[2022-07-22 16:25:05,792] {subprocess.py:89} INFO - 22/07/22 16:25:05 INFO Executor: Fetching spark://156c91590481:35023/jars/org.glassfish_javax.json-1.0.4.jar with timestamp 1658507104515
[2022-07-22 16:25:05,792] {subprocess.py:89} INFO - 22/07/22 16:25:05 INFO Utils: Fetching spark://156c91590481:35023/jars/org.glassfish_javax.json-1.0.4.jar to /tmp/spark-228b88fe-f5bf-4a67-a6e8-b737a521047e/userFiles-bf36cd49-a276-4318-937b-9179af145685/fetchFileTemp1800371863514786521.tmp
[2022-07-22 16:25:05,794] {subprocess.py:89} INFO - 22/07/22 16:25:05 INFO Utils: /tmp/spark-228b88fe-f5bf-4a67-a6e8-b737a521047e/userFiles-bf36cd49-a276-4318-937b-9179af145685/fetchFileTemp1800371863514786521.tmp has been previously copied to /tmp/spark-228b88fe-f5bf-4a67-a6e8-b737a521047e/userFiles-bf36cd49-a276-4318-937b-9179af145685/org.glassfish_javax.json-1.0.4.jar
[2022-07-22 16:25:05,797] {subprocess.py:89} INFO - 22/07/22 16:25:05 INFO Executor: Adding file:/tmp/spark-228b88fe-f5bf-4a67-a6e8-b737a521047e/userFiles-bf36cd49-a276-4318-937b-9179af145685/org.glassfish_javax.json-1.0.4.jar to class loader
[2022-07-22 16:25:05,797] {subprocess.py:89} INFO - 22/07/22 16:25:05 INFO Executor: Fetching spark://156c91590481:35023/jars/org.abego.treelayout_org.abego.treelayout.core-1.0.3.jar with timestamp 1658507104515
[2022-07-22 16:25:05,797] {subprocess.py:89} INFO - 22/07/22 16:25:05 INFO Utils: Fetching spark://156c91590481:35023/jars/org.abego.treelayout_org.abego.treelayout.core-1.0.3.jar to /tmp/spark-228b88fe-f5bf-4a67-a6e8-b737a521047e/userFiles-bf36cd49-a276-4318-937b-9179af145685/fetchFileTemp1087612857883494242.tmp
[2022-07-22 16:25:05,798] {subprocess.py:89} INFO - 22/07/22 16:25:05 INFO Utils: /tmp/spark-228b88fe-f5bf-4a67-a6e8-b737a521047e/userFiles-bf36cd49-a276-4318-937b-9179af145685/fetchFileTemp1087612857883494242.tmp has been previously copied to /tmp/spark-228b88fe-f5bf-4a67-a6e8-b737a521047e/userFiles-bf36cd49-a276-4318-937b-9179af145685/org.abego.treelayout_org.abego.treelayout.core-1.0.3.jar
[2022-07-22 16:25:05,804] {subprocess.py:89} INFO - 22/07/22 16:25:05 INFO Executor: Adding file:/tmp/spark-228b88fe-f5bf-4a67-a6e8-b737a521047e/userFiles-bf36cd49-a276-4318-937b-9179af145685/org.abego.treelayout_org.abego.treelayout.core-1.0.3.jar to class loader
[2022-07-22 16:25:05,804] {subprocess.py:89} INFO - 22/07/22 16:25:05 INFO Executor: Fetching spark://156c91590481:35023/jars/org.antlr_antlr4-runtime-4.7.jar with timestamp 1658507104515
[2022-07-22 16:25:05,804] {subprocess.py:89} INFO - 22/07/22 16:25:05 INFO Utils: Fetching spark://156c91590481:35023/jars/org.antlr_antlr4-runtime-4.7.jar to /tmp/spark-228b88fe-f5bf-4a67-a6e8-b737a521047e/userFiles-bf36cd49-a276-4318-937b-9179af145685/fetchFileTemp4344679101144184018.tmp
[2022-07-22 16:25:05,804] {subprocess.py:89} INFO - 22/07/22 16:25:05 INFO Utils: /tmp/spark-228b88fe-f5bf-4a67-a6e8-b737a521047e/userFiles-bf36cd49-a276-4318-937b-9179af145685/fetchFileTemp4344679101144184018.tmp has been previously copied to /tmp/spark-228b88fe-f5bf-4a67-a6e8-b737a521047e/userFiles-bf36cd49-a276-4318-937b-9179af145685/org.antlr_antlr4-runtime-4.7.jar
[2022-07-22 16:25:05,808] {subprocess.py:89} INFO - 22/07/22 16:25:05 INFO Executor: Adding file:/tmp/spark-228b88fe-f5bf-4a67-a6e8-b737a521047e/userFiles-bf36cd49-a276-4318-937b-9179af145685/org.antlr_antlr4-runtime-4.7.jar to class loader
[2022-07-22 16:25:05,808] {subprocess.py:89} INFO - 22/07/22 16:25:05 INFO Executor: Fetching spark://156c91590481:35023/jars/org.antlr_antlr4-4.7.jar with timestamp 1658507104515
[2022-07-22 16:25:05,808] {subprocess.py:89} INFO - 22/07/22 16:25:05 INFO Utils: Fetching spark://156c91590481:35023/jars/org.antlr_antlr4-4.7.jar to /tmp/spark-228b88fe-f5bf-4a67-a6e8-b737a521047e/userFiles-bf36cd49-a276-4318-937b-9179af145685/fetchFileTemp8137414768562718140.tmp
[2022-07-22 16:25:05,820] {subprocess.py:89} INFO - 22/07/22 16:25:05 INFO Utils: /tmp/spark-228b88fe-f5bf-4a67-a6e8-b737a521047e/userFiles-bf36cd49-a276-4318-937b-9179af145685/fetchFileTemp8137414768562718140.tmp has been previously copied to /tmp/spark-228b88fe-f5bf-4a67-a6e8-b737a521047e/userFiles-bf36cd49-a276-4318-937b-9179af145685/org.antlr_antlr4-4.7.jar
[2022-07-22 16:25:05,821] {subprocess.py:89} INFO - 22/07/22 16:25:05 INFO Executor: Adding file:/tmp/spark-228b88fe-f5bf-4a67-a6e8-b737a521047e/userFiles-bf36cd49-a276-4318-937b-9179af145685/org.antlr_antlr4-4.7.jar to class loader
[2022-07-22 16:25:05,821] {subprocess.py:89} INFO - 22/07/22 16:25:05 INFO Executor: Fetching spark://156c91590481:35023/jars/io.delta_delta-core_2.12-1.0.0.jar with timestamp 1658507104515
[2022-07-22 16:25:05,821] {subprocess.py:89} INFO - 22/07/22 16:25:05 INFO Utils: Fetching spark://156c91590481:35023/jars/io.delta_delta-core_2.12-1.0.0.jar to /tmp/spark-228b88fe-f5bf-4a67-a6e8-b737a521047e/userFiles-bf36cd49-a276-4318-937b-9179af145685/fetchFileTemp8958393111801006944.tmp
[2022-07-22 16:25:05,837] {subprocess.py:89} INFO - 22/07/22 16:25:05 INFO Utils: /tmp/spark-228b88fe-f5bf-4a67-a6e8-b737a521047e/userFiles-bf36cd49-a276-4318-937b-9179af145685/fetchFileTemp8958393111801006944.tmp has been previously copied to /tmp/spark-228b88fe-f5bf-4a67-a6e8-b737a521047e/userFiles-bf36cd49-a276-4318-937b-9179af145685/io.delta_delta-core_2.12-1.0.0.jar
[2022-07-22 16:25:05,841] {subprocess.py:89} INFO - 22/07/22 16:25:05 INFO Executor: Adding file:/tmp/spark-228b88fe-f5bf-4a67-a6e8-b737a521047e/userFiles-bf36cd49-a276-4318-937b-9179af145685/io.delta_delta-core_2.12-1.0.0.jar to class loader
[2022-07-22 16:25:05,841] {subprocess.py:89} INFO - 22/07/22 16:25:05 INFO Executor: Fetching spark://156c91590481:35023/jars/com.ibm.icu_icu4j-58.2.jar with timestamp 1658507104515
[2022-07-22 16:25:05,841] {subprocess.py:89} INFO - 22/07/22 16:25:05 INFO Utils: Fetching spark://156c91590481:35023/jars/com.ibm.icu_icu4j-58.2.jar to /tmp/spark-228b88fe-f5bf-4a67-a6e8-b737a521047e/userFiles-bf36cd49-a276-4318-937b-9179af145685/fetchFileTemp3939083747688948678.tmp
[2022-07-22 16:25:05,880] {subprocess.py:89} INFO - 22/07/22 16:25:05 INFO Utils: /tmp/spark-228b88fe-f5bf-4a67-a6e8-b737a521047e/userFiles-bf36cd49-a276-4318-937b-9179af145685/fetchFileTemp3939083747688948678.tmp has been previously copied to /tmp/spark-228b88fe-f5bf-4a67-a6e8-b737a521047e/userFiles-bf36cd49-a276-4318-937b-9179af145685/com.ibm.icu_icu4j-58.2.jar
[2022-07-22 16:25:05,912] {subprocess.py:89} INFO - 22/07/22 16:25:05 INFO Executor: Adding file:/tmp/spark-228b88fe-f5bf-4a67-a6e8-b737a521047e/userFiles-bf36cd49-a276-4318-937b-9179af145685/com.ibm.icu_icu4j-58.2.jar to class loader
[2022-07-22 16:25:05,918] {subprocess.py:89} INFO - 22/07/22 16:25:05 INFO Utils: Successfully started service 'org.apache.spark.network.netty.NettyBlockTransferService' on port 36655.
[2022-07-22 16:25:05,919] {subprocess.py:89} INFO - 22/07/22 16:25:05 INFO NettyBlockTransferService: Server created on 156c91590481:36655
[2022-07-22 16:25:05,920] {subprocess.py:89} INFO - 22/07/22 16:25:05 INFO BlockManager: Using org.apache.spark.storage.RandomBlockReplicationPolicy for block replication policy
[2022-07-22 16:25:05,926] {subprocess.py:89} INFO - 22/07/22 16:25:05 INFO BlockManagerMaster: Registering BlockManager BlockManagerId(driver, 156c91590481, 36655, None)
[2022-07-22 16:25:05,930] {subprocess.py:89} INFO - 22/07/22 16:25:05 INFO BlockManagerMasterEndpoint: Registering block manager 156c91590481:36655 with 366.3 MiB RAM, BlockManagerId(driver, 156c91590481, 36655, None)
[2022-07-22 16:25:05,932] {subprocess.py:89} INFO - 22/07/22 16:25:05 INFO BlockManagerMaster: Registered BlockManager BlockManagerId(driver, 156c91590481, 36655, None)
[2022-07-22 16:25:05,933] {subprocess.py:89} INFO - 22/07/22 16:25:05 INFO BlockManager: Initialized BlockManager: BlockManagerId(driver, 156c91590481, 36655, None)
[2022-07-22 16:25:06,335] {subprocess.py:89} INFO - 22/07/22 16:25:06 INFO SharedState: Setting hive.metastore.warehouse.dir ('null') to the value of spark.sql.warehouse.dir ('file:/tmp/***tmpu7bmofha/spark-warehouse').
[2022-07-22 16:25:06,336] {subprocess.py:89} INFO - 22/07/22 16:25:06 INFO SharedState: Warehouse path is 'file:/tmp/***tmpu7bmofha/spark-warehouse'.
[2022-07-22 16:25:06,877] {local_task_job.py:212} WARNING - State of this instance has been externally set to skipped. Terminating instance.
[2022-07-22 16:25:06,878] {process_utils.py:124} INFO - Sending Signals.SIGTERM to group 2985. PIDs of all processes in the group: [2986, 3024, 2985]
[2022-07-22 16:25:06,878] {process_utils.py:75} INFO - Sending the signal Signals.SIGTERM to group 2985
[2022-07-22 16:25:06,879] {taskinstance.py:1408} ERROR - Received SIGTERM. Terminating subprocesses.
[2022-07-22 16:25:06,879] {subprocess.py:99} INFO - Sending SIGTERM signal to process group
[2022-07-22 16:25:06,906] {process_utils.py:70} INFO - Process psutil.Process(pid=2985, status='terminated', exitcode=0, started='16:25:01') (2985) terminated with exit code 0
[2022-07-22 16:25:07,249] {process_utils.py:70} INFO - Process psutil.Process(pid=3024, status='terminated', started='16:25:03') (3024) terminated with exit code None
[2022-07-22 16:25:07,401] {process_utils.py:70} INFO - Process psutil.Process(pid=2986, status='terminated', started='16:25:01') (2986) terminated with exit code None
