[2022-07-22 17:35:01,684] {taskinstance.py:1032} INFO - Dependencies all met for <TaskInstance: MIRR_MD_ACCOUNT_D.load_mirror_md_account_d scheduled__2022-07-22T17:30:00+00:00 [queued]>
[2022-07-22 17:35:01,692] {taskinstance.py:1032} INFO - Dependencies all met for <TaskInstance: MIRR_MD_ACCOUNT_D.load_mirror_md_account_d scheduled__2022-07-22T17:30:00+00:00 [queued]>
[2022-07-22 17:35:01,692] {taskinstance.py:1238} INFO - 
--------------------------------------------------------------------------------
[2022-07-22 17:35:01,692] {taskinstance.py:1239} INFO - Starting attempt 1 of 2
[2022-07-22 17:35:01,692] {taskinstance.py:1240} INFO - 
--------------------------------------------------------------------------------
[2022-07-22 17:35:01,701] {taskinstance.py:1259} INFO - Executing <Task(BashOperator): load_mirror_md_account_d> on 2022-07-22 17:30:00+00:00
[2022-07-22 17:35:01,704] {standard_task_runner.py:52} INFO - Started process 991 to run task
[2022-07-22 17:35:01,707] {standard_task_runner.py:76} INFO - Running: ['***', 'tasks', 'run', 'MIRR_MD_ACCOUNT_D', 'load_mirror_md_account_d', 'scheduled__2022-07-22T17:30:00+00:00', '--job-id', '118', '--raw', '--subdir', 'DAGS_FOLDER/mirror_calc.py', '--cfg-path', '/tmp/tmpliiokqas', '--error-file', '/tmp/tmp5dy6042z']
[2022-07-22 17:35:01,707] {standard_task_runner.py:77} INFO - Job 118: Subtask load_mirror_md_account_d
[2022-07-22 17:35:01,778] {logging_mixin.py:109} INFO - Running <TaskInstance: MIRR_MD_ACCOUNT_D.load_mirror_md_account_d scheduled__2022-07-22T17:30:00+00:00 [running]> on host 1c7b2e19b45f
[2022-07-22 17:35:01,818] {taskinstance.py:1426} INFO - Exporting the following env vars:
AIRFLOW_CTX_DAG_OWNER=***
AIRFLOW_CTX_DAG_ID=MIRR_MD_ACCOUNT_D
AIRFLOW_CTX_TASK_ID=load_mirror_md_account_d
AIRFLOW_CTX_EXECUTION_DATE=2022-07-22T17:30:00+00:00
AIRFLOW_CTX_DAG_RUN_ID=scheduled__2022-07-22T17:30:00+00:00
[2022-07-22 17:35:01,819] {subprocess.py:62} INFO - Tmp dir root location: 
 /tmp
[2022-07-22 17:35:01,819] {subprocess.py:74} INFO - Running command: ['bash', '-c', 'spark-submit --packages io.delta:delta-core_2.12:1.0.0 --conf "spark.sql.extensions=io.delta.sql.DeltaSparkSessionExtension" --conf "spark.sql.catalog.spark_catalog=org.apache.spark.sql.delta.catalog.DeltaCatalog" /opt/***/core/test.py']
[2022-07-22 17:35:01,827] {subprocess.py:85} INFO - Output:
[2022-07-22 17:35:02,995] {subprocess.py:89} INFO - :: loading settings :: url = jar:file:/usr/local/spark/assembly/target/scala-2.12/jars/ivy-2.4.0.jar!/org/apache/ivy/core/settings/ivysettings.xml
[2022-07-22 17:35:03,072] {subprocess.py:89} INFO - Ivy Default Cache set to: /home/***/.ivy2/cache
[2022-07-22 17:35:03,073] {subprocess.py:89} INFO - The jars for the packages stored in: /home/***/.ivy2/jars
[2022-07-22 17:35:03,079] {subprocess.py:89} INFO - io.delta#delta-core_2.12 added as a dependency
[2022-07-22 17:35:03,081] {subprocess.py:89} INFO - :: resolving dependencies :: org.apache.spark#spark-submit-parent-688aaa3d-f0fb-4b6e-80b6-73df5ff8315f;1.0
[2022-07-22 17:35:03,081] {subprocess.py:89} INFO - 	confs: [default]
[2022-07-22 17:35:03,189] {subprocess.py:89} INFO - 	found io.delta#delta-core_2.12;1.0.0 in central
[2022-07-22 17:35:03,218] {subprocess.py:89} INFO - 	found org.antlr#antlr4;4.7 in central
[2022-07-22 17:35:03,268] {subprocess.py:89} INFO - 	found org.antlr#antlr4-runtime;4.7 in central
[2022-07-22 17:35:03,326] {subprocess.py:89} INFO - 	found org.antlr#antlr-runtime;3.5.2 in central
[2022-07-22 17:35:03,343] {subprocess.py:89} INFO - 	found org.antlr#ST4;4.0.8 in central
[2022-07-22 17:35:03,363] {subprocess.py:89} INFO - 	found org.abego.treelayout#org.abego.treelayout.core;1.0.3 in central
[2022-07-22 17:35:03,381] {subprocess.py:89} INFO - 	found org.glassfish#javax.json;1.0.4 in central
[2022-07-22 17:35:03,395] {subprocess.py:89} INFO - 	found com.ibm.icu#icu4j;58.2 in central
[2022-07-22 17:35:03,425] {subprocess.py:89} INFO - :: resolution report :: resolve 335ms :: artifacts dl 10ms
[2022-07-22 17:35:03,425] {subprocess.py:89} INFO - 	:: modules in use:
[2022-07-22 17:35:03,426] {subprocess.py:89} INFO - 	com.ibm.icu#icu4j;58.2 from central in [default]
[2022-07-22 17:35:03,426] {subprocess.py:89} INFO - 	io.delta#delta-core_2.12;1.0.0 from central in [default]
[2022-07-22 17:35:03,427] {subprocess.py:89} INFO - 	org.abego.treelayout#org.abego.treelayout.core;1.0.3 from central in [default]
[2022-07-22 17:35:03,427] {subprocess.py:89} INFO - 	org.antlr#ST4;4.0.8 from central in [default]
[2022-07-22 17:35:03,427] {subprocess.py:89} INFO - 	org.antlr#antlr-runtime;3.5.2 from central in [default]
[2022-07-22 17:35:03,427] {subprocess.py:89} INFO - 	org.antlr#antlr4;4.7 from central in [default]
[2022-07-22 17:35:03,427] {subprocess.py:89} INFO - 	org.antlr#antlr4-runtime;4.7 from central in [default]
[2022-07-22 17:35:03,428] {subprocess.py:89} INFO - 	org.glassfish#javax.json;1.0.4 from central in [default]
[2022-07-22 17:35:03,428] {subprocess.py:89} INFO - 	---------------------------------------------------------------------
[2022-07-22 17:35:03,428] {subprocess.py:89} INFO - 	|                  |            modules            ||   artifacts   |
[2022-07-22 17:35:03,429] {subprocess.py:89} INFO - 	|       conf       | number| search|dwnlded|evicted|| number|dwnlded|
[2022-07-22 17:35:03,429] {subprocess.py:89} INFO - 	---------------------------------------------------------------------
[2022-07-22 17:35:03,429] {subprocess.py:89} INFO - 	|      default     |   8   |   0   |   0   |   0   ||   8   |   0   |
[2022-07-22 17:35:03,429] {subprocess.py:89} INFO - 	---------------------------------------------------------------------
[2022-07-22 17:35:03,445] {subprocess.py:89} INFO - :: retrieving :: org.apache.spark#spark-submit-parent-688aaa3d-f0fb-4b6e-80b6-73df5ff8315f
[2022-07-22 17:35:03,446] {subprocess.py:89} INFO - 	confs: [default]
[2022-07-22 17:35:03,454] {subprocess.py:89} INFO - 	0 artifacts copied, 8 already retrieved (0kB/8ms)
[2022-07-22 17:35:03,751] {subprocess.py:89} INFO - 22/07/22 17:35:03 WARN NativeCodeLoader: Unable to load native-hadoop library for your platform... using builtin-java classes where applicable
[2022-07-22 17:35:04,177] {subprocess.py:89} INFO - /usr/local/bin/python3
[2022-07-22 17:35:04,662] {subprocess.py:89} INFO - Using Spark's default log4j profile: org/apache/spark/log4j-defaults.properties
[2022-07-22 17:35:04,672] {subprocess.py:89} INFO - 22/07/22 17:35:04 INFO SparkContext: Running Spark version 3.1.2
[2022-07-22 17:35:04,726] {subprocess.py:89} INFO - 22/07/22 17:35:04 INFO ResourceUtils: ==============================================================
[2022-07-22 17:35:04,726] {subprocess.py:89} INFO - 22/07/22 17:35:04 INFO ResourceUtils: No custom resources configured for spark.driver.
[2022-07-22 17:35:04,727] {subprocess.py:89} INFO - 22/07/22 17:35:04 INFO ResourceUtils: ==============================================================
[2022-07-22 17:35:04,727] {subprocess.py:89} INFO - 22/07/22 17:35:04 INFO SparkContext: Submitted application: MyApp
[2022-07-22 17:35:04,765] {subprocess.py:89} INFO - 22/07/22 17:35:04 INFO ResourceProfile: Default ResourceProfile created, executor resources: Map(cores -> name: cores, amount: 1, script: , vendor: , memory -> name: memory, amount: 1024, script: , vendor: , offHeap -> name: offHeap, amount: 0, script: , vendor: ), task resources: Map(cpus -> name: cpus, amount: 1.0)
[2022-07-22 17:35:04,780] {subprocess.py:89} INFO - 22/07/22 17:35:04 INFO ResourceProfile: Limiting resource is cpu
[2022-07-22 17:35:04,780] {subprocess.py:89} INFO - 22/07/22 17:35:04 INFO ResourceProfileManager: Added ResourceProfile id: 0
[2022-07-22 17:35:04,845] {subprocess.py:89} INFO - 22/07/22 17:35:04 INFO SecurityManager: Changing view acls to: default
[2022-07-22 17:35:04,845] {subprocess.py:89} INFO - 22/07/22 17:35:04 INFO SecurityManager: Changing modify acls to: default
[2022-07-22 17:35:04,845] {subprocess.py:89} INFO - 22/07/22 17:35:04 INFO SecurityManager: Changing view acls groups to:
[2022-07-22 17:35:04,846] {subprocess.py:89} INFO - 22/07/22 17:35:04 INFO SecurityManager: Changing modify acls groups to:
[2022-07-22 17:35:04,846] {subprocess.py:89} INFO - 22/07/22 17:35:04 INFO SecurityManager: SecurityManager: authentication disabled; ui acls disabled; users  with view permissions: Set(default); groups with view permissions: Set(); users  with modify permissions: Set(default); groups with modify permissions: Set()
[2022-07-22 17:35:05,095] {subprocess.py:89} INFO - 22/07/22 17:35:05 INFO Utils: Successfully started service 'sparkDriver' on port 33979.
[2022-07-22 17:35:05,138] {subprocess.py:89} INFO - 22/07/22 17:35:05 INFO SparkEnv: Registering MapOutputTracker
[2022-07-22 17:35:05,176] {subprocess.py:89} INFO - 22/07/22 17:35:05 INFO SparkEnv: Registering BlockManagerMaster
[2022-07-22 17:35:05,200] {subprocess.py:89} INFO - 22/07/22 17:35:05 INFO BlockManagerMasterEndpoint: Using org.apache.spark.storage.DefaultTopologyMapper for getting topology information
[2022-07-22 17:35:05,201] {subprocess.py:89} INFO - 22/07/22 17:35:05 INFO BlockManagerMasterEndpoint: BlockManagerMasterEndpoint up
[2022-07-22 17:35:05,205] {subprocess.py:89} INFO - 22/07/22 17:35:05 INFO SparkEnv: Registering BlockManagerMasterHeartbeat
[2022-07-22 17:35:05,219] {subprocess.py:89} INFO - 22/07/22 17:35:05 INFO DiskBlockManager: Created local directory at /tmp/blockmgr-d417a734-6ebd-424b-8117-5dce3322a767
[2022-07-22 17:35:05,245] {subprocess.py:89} INFO - 22/07/22 17:35:05 INFO MemoryStore: MemoryStore started with capacity 366.3 MiB
[2022-07-22 17:35:05,264] {subprocess.py:89} INFO - 22/07/22 17:35:05 INFO SparkEnv: Registering OutputCommitCoordinator
[2022-07-22 17:35:05,647] {subprocess.py:89} INFO - 22/07/22 17:35:05 INFO Utils: Successfully started service 'SparkUI' on port 4040.
[2022-07-22 17:35:05,717] {subprocess.py:89} INFO - 22/07/22 17:35:05 INFO SparkUI: Bound SparkUI to 0.0.0.0, and started at http://1c7b2e19b45f:4040
[2022-07-22 17:35:05,746] {subprocess.py:89} INFO - 22/07/22 17:35:05 INFO SparkContext: Added JAR file:///home/***/.ivy2/jars/io.delta_delta-core_2.12-1.0.0.jar at spark://1c7b2e19b45f:33979/jars/io.delta_delta-core_2.12-1.0.0.jar with timestamp 1658511304660
[2022-07-22 17:35:05,746] {subprocess.py:89} INFO - 22/07/22 17:35:05 INFO SparkContext: Added JAR file:///home/***/.ivy2/jars/org.antlr_antlr4-4.7.jar at spark://1c7b2e19b45f:33979/jars/org.antlr_antlr4-4.7.jar with timestamp 1658511304660
[2022-07-22 17:35:05,746] {subprocess.py:89} INFO - 22/07/22 17:35:05 INFO SparkContext: Added JAR file:///home/***/.ivy2/jars/org.antlr_antlr4-runtime-4.7.jar at spark://1c7b2e19b45f:33979/jars/org.antlr_antlr4-runtime-4.7.jar with timestamp 1658511304660
[2022-07-22 17:35:05,747] {subprocess.py:89} INFO - 22/07/22 17:35:05 INFO SparkContext: Added JAR file:///home/***/.ivy2/jars/org.antlr_antlr-runtime-3.5.2.jar at spark://1c7b2e19b45f:33979/jars/org.antlr_antlr-runtime-3.5.2.jar with timestamp 1658511304660
[2022-07-22 17:35:05,747] {subprocess.py:89} INFO - 22/07/22 17:35:05 INFO SparkContext: Added JAR file:///home/***/.ivy2/jars/org.antlr_ST4-4.0.8.jar at spark://1c7b2e19b45f:33979/jars/org.antlr_ST4-4.0.8.jar with timestamp 1658511304660
[2022-07-22 17:35:05,747] {subprocess.py:89} INFO - 22/07/22 17:35:05 INFO SparkContext: Added JAR file:///home/***/.ivy2/jars/org.abego.treelayout_org.abego.treelayout.core-1.0.3.jar at spark://1c7b2e19b45f:33979/jars/org.abego.treelayout_org.abego.treelayout.core-1.0.3.jar with timestamp 1658511304660
[2022-07-22 17:35:05,747] {subprocess.py:89} INFO - 22/07/22 17:35:05 INFO SparkContext: Added JAR file:///home/***/.ivy2/jars/org.glassfish_javax.json-1.0.4.jar at spark://1c7b2e19b45f:33979/jars/org.glassfish_javax.json-1.0.4.jar with timestamp 1658511304660
[2022-07-22 17:35:05,747] {subprocess.py:89} INFO - 22/07/22 17:35:05 INFO SparkContext: Added JAR file:///home/***/.ivy2/jars/com.ibm.icu_icu4j-58.2.jar at spark://1c7b2e19b45f:33979/jars/com.ibm.icu_icu4j-58.2.jar with timestamp 1658511304660
[2022-07-22 17:35:05,749] {subprocess.py:89} INFO - 22/07/22 17:35:05 INFO SparkContext: Added file file:///home/***/.ivy2/jars/io.delta_delta-core_2.12-1.0.0.jar at file:///home/***/.ivy2/jars/io.delta_delta-core_2.12-1.0.0.jar with timestamp 1658511304660
[2022-07-22 17:35:05,751] {subprocess.py:89} INFO - 22/07/22 17:35:05 INFO Utils: Copying /home/***/.ivy2/jars/io.delta_delta-core_2.12-1.0.0.jar to /tmp/spark-35b4c5b4-b48e-4842-b53f-7ff5681e02a7/userFiles-a3e36112-560a-402b-b064-f00eeac3ecef/io.delta_delta-core_2.12-1.0.0.jar
[2022-07-22 17:35:05,763] {subprocess.py:89} INFO - 22/07/22 17:35:05 INFO SparkContext: Added file file:///home/***/.ivy2/jars/org.antlr_antlr4-4.7.jar at file:///home/***/.ivy2/jars/org.antlr_antlr4-4.7.jar with timestamp 1658511304660
[2022-07-22 17:35:05,763] {subprocess.py:89} INFO - 22/07/22 17:35:05 INFO Utils: Copying /home/***/.ivy2/jars/org.antlr_antlr4-4.7.jar to /tmp/spark-35b4c5b4-b48e-4842-b53f-7ff5681e02a7/userFiles-a3e36112-560a-402b-b064-f00eeac3ecef/org.antlr_antlr4-4.7.jar
[2022-07-22 17:35:05,797] {subprocess.py:89} INFO - 22/07/22 17:35:05 INFO SparkContext: Added file file:///home/***/.ivy2/jars/org.antlr_antlr4-runtime-4.7.jar at file:///home/***/.ivy2/jars/org.antlr_antlr4-runtime-4.7.jar with timestamp 1658511304660
[2022-07-22 17:35:05,797] {subprocess.py:89} INFO - 22/07/22 17:35:05 INFO Utils: Copying /home/***/.ivy2/jars/org.antlr_antlr4-runtime-4.7.jar to /tmp/spark-35b4c5b4-b48e-4842-b53f-7ff5681e02a7/userFiles-a3e36112-560a-402b-b064-f00eeac3ecef/org.antlr_antlr4-runtime-4.7.jar
[2022-07-22 17:35:05,818] {subprocess.py:89} INFO - 22/07/22 17:35:05 INFO SparkContext: Added file file:///home/***/.ivy2/jars/org.antlr_antlr-runtime-3.5.2.jar at file:///home/***/.ivy2/jars/org.antlr_antlr-runtime-3.5.2.jar with timestamp 1658511304660
[2022-07-22 17:35:05,819] {subprocess.py:89} INFO - 22/07/22 17:35:05 INFO Utils: Copying /home/***/.ivy2/jars/org.antlr_antlr-runtime-3.5.2.jar to /tmp/spark-35b4c5b4-b48e-4842-b53f-7ff5681e02a7/userFiles-a3e36112-560a-402b-b064-f00eeac3ecef/org.antlr_antlr-runtime-3.5.2.jar
[2022-07-22 17:35:05,825] {subprocess.py:89} INFO - 22/07/22 17:35:05 INFO SparkContext: Added file file:///home/***/.ivy2/jars/org.antlr_ST4-4.0.8.jar at file:///home/***/.ivy2/jars/org.antlr_ST4-4.0.8.jar with timestamp 1658511304660
[2022-07-22 17:35:05,825] {subprocess.py:89} INFO - 22/07/22 17:35:05 INFO Utils: Copying /home/***/.ivy2/jars/org.antlr_ST4-4.0.8.jar to /tmp/spark-35b4c5b4-b48e-4842-b53f-7ff5681e02a7/userFiles-a3e36112-560a-402b-b064-f00eeac3ecef/org.antlr_ST4-4.0.8.jar
[2022-07-22 17:35:05,829] {subprocess.py:89} INFO - 22/07/22 17:35:05 INFO SparkContext: Added file file:///home/***/.ivy2/jars/org.abego.treelayout_org.abego.treelayout.core-1.0.3.jar at file:///home/***/.ivy2/jars/org.abego.treelayout_org.abego.treelayout.core-1.0.3.jar with timestamp 1658511304660
[2022-07-22 17:35:05,830] {subprocess.py:89} INFO - 22/07/22 17:35:05 INFO Utils: Copying /home/***/.ivy2/jars/org.abego.treelayout_org.abego.treelayout.core-1.0.3.jar to /tmp/spark-35b4c5b4-b48e-4842-b53f-7ff5681e02a7/userFiles-a3e36112-560a-402b-b064-f00eeac3ecef/org.abego.treelayout_org.abego.treelayout.core-1.0.3.jar
[2022-07-22 17:35:05,845] {subprocess.py:89} INFO - 22/07/22 17:35:05 INFO SparkContext: Added file file:///home/***/.ivy2/jars/org.glassfish_javax.json-1.0.4.jar at file:///home/***/.ivy2/jars/org.glassfish_javax.json-1.0.4.jar with timestamp 1658511304660
[2022-07-22 17:35:05,845] {subprocess.py:89} INFO - 22/07/22 17:35:05 INFO Utils: Copying /home/***/.ivy2/jars/org.glassfish_javax.json-1.0.4.jar to /tmp/spark-35b4c5b4-b48e-4842-b53f-7ff5681e02a7/userFiles-a3e36112-560a-402b-b064-f00eeac3ecef/org.glassfish_javax.json-1.0.4.jar
[2022-07-22 17:35:05,858] {subprocess.py:89} INFO - 22/07/22 17:35:05 INFO SparkContext: Added file file:///home/***/.ivy2/jars/com.ibm.icu_icu4j-58.2.jar at file:///home/***/.ivy2/jars/com.ibm.icu_icu4j-58.2.jar with timestamp 1658511304660
[2022-07-22 17:35:05,859] {subprocess.py:89} INFO - 22/07/22 17:35:05 INFO Utils: Copying /home/***/.ivy2/jars/com.ibm.icu_icu4j-58.2.jar to /tmp/spark-35b4c5b4-b48e-4842-b53f-7ff5681e02a7/userFiles-a3e36112-560a-402b-b064-f00eeac3ecef/com.ibm.icu_icu4j-58.2.jar
[2022-07-22 17:35:06,109] {subprocess.py:89} INFO - 22/07/22 17:35:06 INFO Executor: Starting executor ID driver on host 1c7b2e19b45f
[2022-07-22 17:35:06,134] {subprocess.py:89} INFO - 22/07/22 17:35:06 INFO Executor: Fetching file:///home/***/.ivy2/jars/com.ibm.icu_icu4j-58.2.jar with timestamp 1658511304660
[2022-07-22 17:35:06,172] {subprocess.py:89} INFO - 22/07/22 17:35:06 INFO Utils: /home/***/.ivy2/jars/com.ibm.icu_icu4j-58.2.jar has been previously copied to /tmp/spark-35b4c5b4-b48e-4842-b53f-7ff5681e02a7/userFiles-a3e36112-560a-402b-b064-f00eeac3ecef/com.ibm.icu_icu4j-58.2.jar
[2022-07-22 17:35:06,184] {subprocess.py:89} INFO - 22/07/22 17:35:06 INFO Executor: Fetching file:///home/***/.ivy2/jars/org.abego.treelayout_org.abego.treelayout.core-1.0.3.jar with timestamp 1658511304660
[2022-07-22 17:35:06,185] {subprocess.py:89} INFO - 22/07/22 17:35:06 INFO Utils: /home/***/.ivy2/jars/org.abego.treelayout_org.abego.treelayout.core-1.0.3.jar has been previously copied to /tmp/spark-35b4c5b4-b48e-4842-b53f-7ff5681e02a7/userFiles-a3e36112-560a-402b-b064-f00eeac3ecef/org.abego.treelayout_org.abego.treelayout.core-1.0.3.jar
[2022-07-22 17:35:06,190] {subprocess.py:89} INFO - 22/07/22 17:35:06 INFO Executor: Fetching file:///home/***/.ivy2/jars/org.antlr_antlr-runtime-3.5.2.jar with timestamp 1658511304660
[2022-07-22 17:35:06,191] {subprocess.py:89} INFO - 22/07/22 17:35:06 INFO Utils: /home/***/.ivy2/jars/org.antlr_antlr-runtime-3.5.2.jar has been previously copied to /tmp/spark-35b4c5b4-b48e-4842-b53f-7ff5681e02a7/userFiles-a3e36112-560a-402b-b064-f00eeac3ecef/org.antlr_antlr-runtime-3.5.2.jar
[2022-07-22 17:35:06,201] {subprocess.py:89} INFO - 22/07/22 17:35:06 INFO Executor: Fetching file:///home/***/.ivy2/jars/org.glassfish_javax.json-1.0.4.jar with timestamp 1658511304660
[2022-07-22 17:35:06,202] {subprocess.py:89} INFO - 22/07/22 17:35:06 INFO Utils: /home/***/.ivy2/jars/org.glassfish_javax.json-1.0.4.jar has been previously copied to /tmp/spark-35b4c5b4-b48e-4842-b53f-7ff5681e02a7/userFiles-a3e36112-560a-402b-b064-f00eeac3ecef/org.glassfish_javax.json-1.0.4.jar
[2022-07-22 17:35:06,206] {subprocess.py:89} INFO - 22/07/22 17:35:06 INFO Executor: Fetching file:///home/***/.ivy2/jars/org.antlr_antlr4-runtime-4.7.jar with timestamp 1658511304660
[2022-07-22 17:35:06,206] {subprocess.py:89} INFO - 22/07/22 17:35:06 INFO Utils: /home/***/.ivy2/jars/org.antlr_antlr4-runtime-4.7.jar has been previously copied to /tmp/spark-35b4c5b4-b48e-4842-b53f-7ff5681e02a7/userFiles-a3e36112-560a-402b-b064-f00eeac3ecef/org.antlr_antlr4-runtime-4.7.jar
[2022-07-22 17:35:06,210] {subprocess.py:89} INFO - 22/07/22 17:35:06 INFO Executor: Fetching file:///home/***/.ivy2/jars/org.antlr_antlr4-4.7.jar with timestamp 1658511304660
[2022-07-22 17:35:06,212] {subprocess.py:89} INFO - 22/07/22 17:35:06 INFO Utils: /home/***/.ivy2/jars/org.antlr_antlr4-4.7.jar has been previously copied to /tmp/spark-35b4c5b4-b48e-4842-b53f-7ff5681e02a7/userFiles-a3e36112-560a-402b-b064-f00eeac3ecef/org.antlr_antlr4-4.7.jar
[2022-07-22 17:35:06,215] {subprocess.py:89} INFO - 22/07/22 17:35:06 INFO Executor: Fetching file:///home/***/.ivy2/jars/org.antlr_ST4-4.0.8.jar with timestamp 1658511304660
[2022-07-22 17:35:06,216] {subprocess.py:89} INFO - 22/07/22 17:35:06 INFO Utils: /home/***/.ivy2/jars/org.antlr_ST4-4.0.8.jar has been previously copied to /tmp/spark-35b4c5b4-b48e-4842-b53f-7ff5681e02a7/userFiles-a3e36112-560a-402b-b064-f00eeac3ecef/org.antlr_ST4-4.0.8.jar
[2022-07-22 17:35:06,219] {subprocess.py:89} INFO - 22/07/22 17:35:06 INFO Executor: Fetching file:///home/***/.ivy2/jars/io.delta_delta-core_2.12-1.0.0.jar with timestamp 1658511304660
[2022-07-22 17:35:06,222] {subprocess.py:89} INFO - 22/07/22 17:35:06 INFO Utils: /home/***/.ivy2/jars/io.delta_delta-core_2.12-1.0.0.jar has been previously copied to /tmp/spark-35b4c5b4-b48e-4842-b53f-7ff5681e02a7/userFiles-a3e36112-560a-402b-b064-f00eeac3ecef/io.delta_delta-core_2.12-1.0.0.jar
[2022-07-22 17:35:06,228] {subprocess.py:89} INFO - 22/07/22 17:35:06 INFO Executor: Fetching spark://1c7b2e19b45f:33979/jars/io.delta_delta-core_2.12-1.0.0.jar with timestamp 1658511304660
[2022-07-22 17:35:06,271] {subprocess.py:89} INFO - 22/07/22 17:35:06 INFO TransportClientFactory: Successfully created connection to 1c7b2e19b45f/172.20.0.10:33979 after 30 ms (0 ms spent in bootstraps)
[2022-07-22 17:35:06,284] {subprocess.py:89} INFO - 22/07/22 17:35:06 INFO Utils: Fetching spark://1c7b2e19b45f:33979/jars/io.delta_delta-core_2.12-1.0.0.jar to /tmp/spark-35b4c5b4-b48e-4842-b53f-7ff5681e02a7/userFiles-a3e36112-560a-402b-b064-f00eeac3ecef/fetchFileTemp5348669390352908612.tmp
[2022-07-22 17:35:06,324] {subprocess.py:89} INFO - 22/07/22 17:35:06 INFO Utils: /tmp/spark-35b4c5b4-b48e-4842-b53f-7ff5681e02a7/userFiles-a3e36112-560a-402b-b064-f00eeac3ecef/fetchFileTemp5348669390352908612.tmp has been previously copied to /tmp/spark-35b4c5b4-b48e-4842-b53f-7ff5681e02a7/userFiles-a3e36112-560a-402b-b064-f00eeac3ecef/io.delta_delta-core_2.12-1.0.0.jar
[2022-07-22 17:35:06,329] {subprocess.py:89} INFO - 22/07/22 17:35:06 INFO Executor: Adding file:/tmp/spark-35b4c5b4-b48e-4842-b53f-7ff5681e02a7/userFiles-a3e36112-560a-402b-b064-f00eeac3ecef/io.delta_delta-core_2.12-1.0.0.jar to class loader
[2022-07-22 17:35:06,329] {subprocess.py:89} INFO - 22/07/22 17:35:06 INFO Executor: Fetching spark://1c7b2e19b45f:33979/jars/org.abego.treelayout_org.abego.treelayout.core-1.0.3.jar with timestamp 1658511304660
[2022-07-22 17:35:06,329] {subprocess.py:89} INFO - 22/07/22 17:35:06 INFO Utils: Fetching spark://1c7b2e19b45f:33979/jars/org.abego.treelayout_org.abego.treelayout.core-1.0.3.jar to /tmp/spark-35b4c5b4-b48e-4842-b53f-7ff5681e02a7/userFiles-a3e36112-560a-402b-b064-f00eeac3ecef/fetchFileTemp2129501800649412851.tmp
[2022-07-22 17:35:06,332] {subprocess.py:89} INFO - 22/07/22 17:35:06 INFO Utils: /tmp/spark-35b4c5b4-b48e-4842-b53f-7ff5681e02a7/userFiles-a3e36112-560a-402b-b064-f00eeac3ecef/fetchFileTemp2129501800649412851.tmp has been previously copied to /tmp/spark-35b4c5b4-b48e-4842-b53f-7ff5681e02a7/userFiles-a3e36112-560a-402b-b064-f00eeac3ecef/org.abego.treelayout_org.abego.treelayout.core-1.0.3.jar
[2022-07-22 17:35:06,342] {subprocess.py:89} INFO - 22/07/22 17:35:06 INFO Executor: Adding file:/tmp/spark-35b4c5b4-b48e-4842-b53f-7ff5681e02a7/userFiles-a3e36112-560a-402b-b064-f00eeac3ecef/org.abego.treelayout_org.abego.treelayout.core-1.0.3.jar to class loader
[2022-07-22 17:35:06,342] {subprocess.py:89} INFO - 22/07/22 17:35:06 INFO Executor: Fetching spark://1c7b2e19b45f:33979/jars/org.antlr_antlr4-4.7.jar with timestamp 1658511304660
[2022-07-22 17:35:06,342] {subprocess.py:89} INFO - 22/07/22 17:35:06 INFO Utils: Fetching spark://1c7b2e19b45f:33979/jars/org.antlr_antlr4-4.7.jar to /tmp/spark-35b4c5b4-b48e-4842-b53f-7ff5681e02a7/userFiles-a3e36112-560a-402b-b064-f00eeac3ecef/fetchFileTemp4950741892039532768.tmp
[2022-07-22 17:35:06,351] {subprocess.py:89} INFO - 22/07/22 17:35:06 INFO Utils: /tmp/spark-35b4c5b4-b48e-4842-b53f-7ff5681e02a7/userFiles-a3e36112-560a-402b-b064-f00eeac3ecef/fetchFileTemp4950741892039532768.tmp has been previously copied to /tmp/spark-35b4c5b4-b48e-4842-b53f-7ff5681e02a7/userFiles-a3e36112-560a-402b-b064-f00eeac3ecef/org.antlr_antlr4-4.7.jar
[2022-07-22 17:35:06,355] {subprocess.py:89} INFO - 22/07/22 17:35:06 INFO Executor: Adding file:/tmp/spark-35b4c5b4-b48e-4842-b53f-7ff5681e02a7/userFiles-a3e36112-560a-402b-b064-f00eeac3ecef/org.antlr_antlr4-4.7.jar to class loader
[2022-07-22 17:35:06,355] {subprocess.py:89} INFO - 22/07/22 17:35:06 INFO Executor: Fetching spark://1c7b2e19b45f:33979/jars/org.antlr_ST4-4.0.8.jar with timestamp 1658511304660
[2022-07-22 17:35:06,358] {subprocess.py:89} INFO - 22/07/22 17:35:06 INFO Utils: Fetching spark://1c7b2e19b45f:33979/jars/org.antlr_ST4-4.0.8.jar to /tmp/spark-35b4c5b4-b48e-4842-b53f-7ff5681e02a7/userFiles-a3e36112-560a-402b-b064-f00eeac3ecef/fetchFileTemp7695054438874768130.tmp
[2022-07-22 17:35:06,360] {subprocess.py:89} INFO - 22/07/22 17:35:06 INFO Utils: /tmp/spark-35b4c5b4-b48e-4842-b53f-7ff5681e02a7/userFiles-a3e36112-560a-402b-b064-f00eeac3ecef/fetchFileTemp7695054438874768130.tmp has been previously copied to /tmp/spark-35b4c5b4-b48e-4842-b53f-7ff5681e02a7/userFiles-a3e36112-560a-402b-b064-f00eeac3ecef/org.antlr_ST4-4.0.8.jar
[2022-07-22 17:35:06,364] {subprocess.py:89} INFO - 22/07/22 17:35:06 INFO Executor: Adding file:/tmp/spark-35b4c5b4-b48e-4842-b53f-7ff5681e02a7/userFiles-a3e36112-560a-402b-b064-f00eeac3ecef/org.antlr_ST4-4.0.8.jar to class loader
[2022-07-22 17:35:06,364] {subprocess.py:89} INFO - 22/07/22 17:35:06 INFO Executor: Fetching spark://1c7b2e19b45f:33979/jars/org.glassfish_javax.json-1.0.4.jar with timestamp 1658511304660
[2022-07-22 17:35:06,364] {subprocess.py:89} INFO - 22/07/22 17:35:06 INFO Utils: Fetching spark://1c7b2e19b45f:33979/jars/org.glassfish_javax.json-1.0.4.jar to /tmp/spark-35b4c5b4-b48e-4842-b53f-7ff5681e02a7/userFiles-a3e36112-560a-402b-b064-f00eeac3ecef/fetchFileTemp6911575858337921242.tmp
[2022-07-22 17:35:06,366] {subprocess.py:89} INFO - 22/07/22 17:35:06 INFO Utils: /tmp/spark-35b4c5b4-b48e-4842-b53f-7ff5681e02a7/userFiles-a3e36112-560a-402b-b064-f00eeac3ecef/fetchFileTemp6911575858337921242.tmp has been previously copied to /tmp/spark-35b4c5b4-b48e-4842-b53f-7ff5681e02a7/userFiles-a3e36112-560a-402b-b064-f00eeac3ecef/org.glassfish_javax.json-1.0.4.jar
[2022-07-22 17:35:06,376] {subprocess.py:89} INFO - 22/07/22 17:35:06 INFO Executor: Adding file:/tmp/spark-35b4c5b4-b48e-4842-b53f-7ff5681e02a7/userFiles-a3e36112-560a-402b-b064-f00eeac3ecef/org.glassfish_javax.json-1.0.4.jar to class loader
[2022-07-22 17:35:06,377] {subprocess.py:89} INFO - 22/07/22 17:35:06 INFO Executor: Fetching spark://1c7b2e19b45f:33979/jars/org.antlr_antlr-runtime-3.5.2.jar with timestamp 1658511304660
[2022-07-22 17:35:06,377] {subprocess.py:89} INFO - 22/07/22 17:35:06 INFO Utils: Fetching spark://1c7b2e19b45f:33979/jars/org.antlr_antlr-runtime-3.5.2.jar to /tmp/spark-35b4c5b4-b48e-4842-b53f-7ff5681e02a7/userFiles-a3e36112-560a-402b-b064-f00eeac3ecef/fetchFileTemp4022846143105497941.tmp
[2022-07-22 17:35:06,379] {subprocess.py:89} INFO - 22/07/22 17:35:06 INFO Utils: /tmp/spark-35b4c5b4-b48e-4842-b53f-7ff5681e02a7/userFiles-a3e36112-560a-402b-b064-f00eeac3ecef/fetchFileTemp4022846143105497941.tmp has been previously copied to /tmp/spark-35b4c5b4-b48e-4842-b53f-7ff5681e02a7/userFiles-a3e36112-560a-402b-b064-f00eeac3ecef/org.antlr_antlr-runtime-3.5.2.jar
[2022-07-22 17:35:06,383] {subprocess.py:89} INFO - 22/07/22 17:35:06 INFO Executor: Adding file:/tmp/spark-35b4c5b4-b48e-4842-b53f-7ff5681e02a7/userFiles-a3e36112-560a-402b-b064-f00eeac3ecef/org.antlr_antlr-runtime-3.5.2.jar to class loader
[2022-07-22 17:35:06,384] {subprocess.py:89} INFO - 22/07/22 17:35:06 INFO Executor: Fetching spark://1c7b2e19b45f:33979/jars/org.antlr_antlr4-runtime-4.7.jar with timestamp 1658511304660
[2022-07-22 17:35:06,385] {subprocess.py:89} INFO - 22/07/22 17:35:06 INFO Utils: Fetching spark://1c7b2e19b45f:33979/jars/org.antlr_antlr4-runtime-4.7.jar to /tmp/spark-35b4c5b4-b48e-4842-b53f-7ff5681e02a7/userFiles-a3e36112-560a-402b-b064-f00eeac3ecef/fetchFileTemp7788697851894040164.tmp
[2022-07-22 17:35:06,388] {subprocess.py:89} INFO - 22/07/22 17:35:06 INFO Utils: /tmp/spark-35b4c5b4-b48e-4842-b53f-7ff5681e02a7/userFiles-a3e36112-560a-402b-b064-f00eeac3ecef/fetchFileTemp7788697851894040164.tmp has been previously copied to /tmp/spark-35b4c5b4-b48e-4842-b53f-7ff5681e02a7/userFiles-a3e36112-560a-402b-b064-f00eeac3ecef/org.antlr_antlr4-runtime-4.7.jar
[2022-07-22 17:35:06,391] {subprocess.py:89} INFO - 22/07/22 17:35:06 INFO Executor: Adding file:/tmp/spark-35b4c5b4-b48e-4842-b53f-7ff5681e02a7/userFiles-a3e36112-560a-402b-b064-f00eeac3ecef/org.antlr_antlr4-runtime-4.7.jar to class loader
[2022-07-22 17:35:06,391] {subprocess.py:89} INFO - 22/07/22 17:35:06 INFO Executor: Fetching spark://1c7b2e19b45f:33979/jars/com.ibm.icu_icu4j-58.2.jar with timestamp 1658511304660
[2022-07-22 17:35:06,391] {subprocess.py:89} INFO - 22/07/22 17:35:06 INFO Utils: Fetching spark://1c7b2e19b45f:33979/jars/com.ibm.icu_icu4j-58.2.jar to /tmp/spark-35b4c5b4-b48e-4842-b53f-7ff5681e02a7/userFiles-a3e36112-560a-402b-b064-f00eeac3ecef/fetchFileTemp9094093732879794576.tmp
[2022-07-22 17:35:06,446] {subprocess.py:89} INFO - 22/07/22 17:35:06 INFO Utils: /tmp/spark-35b4c5b4-b48e-4842-b53f-7ff5681e02a7/userFiles-a3e36112-560a-402b-b064-f00eeac3ecef/fetchFileTemp9094093732879794576.tmp has been previously copied to /tmp/spark-35b4c5b4-b48e-4842-b53f-7ff5681e02a7/userFiles-a3e36112-560a-402b-b064-f00eeac3ecef/com.ibm.icu_icu4j-58.2.jar
[2022-07-22 17:35:06,464] {subprocess.py:89} INFO - 22/07/22 17:35:06 INFO Executor: Adding file:/tmp/spark-35b4c5b4-b48e-4842-b53f-7ff5681e02a7/userFiles-a3e36112-560a-402b-b064-f00eeac3ecef/com.ibm.icu_icu4j-58.2.jar to class loader
[2022-07-22 17:35:06,478] {subprocess.py:89} INFO - 22/07/22 17:35:06 INFO Utils: Successfully started service 'org.apache.spark.network.netty.NettyBlockTransferService' on port 36543.
[2022-07-22 17:35:06,478] {subprocess.py:89} INFO - 22/07/22 17:35:06 INFO NettyBlockTransferService: Server created on 1c7b2e19b45f:36543
[2022-07-22 17:35:06,479] {subprocess.py:89} INFO - 22/07/22 17:35:06 INFO BlockManager: Using org.apache.spark.storage.RandomBlockReplicationPolicy for block replication policy
[2022-07-22 17:35:06,487] {subprocess.py:89} INFO - 22/07/22 17:35:06 INFO BlockManagerMaster: Registering BlockManager BlockManagerId(driver, 1c7b2e19b45f, 36543, None)
[2022-07-22 17:35:06,490] {subprocess.py:89} INFO - 22/07/22 17:35:06 INFO BlockManagerMasterEndpoint: Registering block manager 1c7b2e19b45f:36543 with 366.3 MiB RAM, BlockManagerId(driver, 1c7b2e19b45f, 36543, None)
[2022-07-22 17:35:06,496] {subprocess.py:89} INFO - 22/07/22 17:35:06 INFO BlockManagerMaster: Registered BlockManager BlockManagerId(driver, 1c7b2e19b45f, 36543, None)
[2022-07-22 17:35:06,502] {subprocess.py:89} INFO - 22/07/22 17:35:06 INFO BlockManager: Initialized BlockManager: BlockManagerId(driver, 1c7b2e19b45f, 36543, None)
[2022-07-22 17:35:06,791] {local_task_job.py:212} WARNING - State of this instance has been externally set to skipped. Terminating instance.
[2022-07-22 17:35:06,792] {process_utils.py:124} INFO - Sending Signals.SIGTERM to group 991. PIDs of all processes in the group: [992, 1030, 991]
[2022-07-22 17:35:06,792] {process_utils.py:75} INFO - Sending the signal Signals.SIGTERM to group 991
[2022-07-22 17:35:06,793] {taskinstance.py:1408} ERROR - Received SIGTERM. Terminating subprocesses.
[2022-07-22 17:35:06,793] {subprocess.py:99} INFO - Sending SIGTERM signal to process group
[2022-07-22 17:35:06,820] {process_utils.py:70} INFO - Process psutil.Process(pid=1030, status='terminated', started='17:35:03') (1030) terminated with exit code None
[2022-07-22 17:35:06,877] {process_utils.py:70} INFO - Process psutil.Process(pid=991, status='terminated', exitcode=0, started='17:35:01') (991) terminated with exit code 0
[2022-07-22 17:35:07,274] {process_utils.py:70} INFO - Process psutil.Process(pid=992, status='terminated', started='17:35:01') (992) terminated with exit code None
