[2022-06-21 14:19:21,300] {taskinstance.py:1032} INFO - Dependencies all met for <TaskInstance: CSV_TO_DS.create_schema_and_tables_logs manual__2022-06-21T14:19:19.650119+00:00 [queued]>
[2022-06-21 14:19:21,308] {taskinstance.py:1032} INFO - Dependencies all met for <TaskInstance: CSV_TO_DS.create_schema_and_tables_logs manual__2022-06-21T14:19:19.650119+00:00 [queued]>
[2022-06-21 14:19:21,309] {taskinstance.py:1238} INFO - 
--------------------------------------------------------------------------------
[2022-06-21 14:19:21,309] {taskinstance.py:1239} INFO - Starting attempt 1 of 2
[2022-06-21 14:19:21,309] {taskinstance.py:1240} INFO - 
--------------------------------------------------------------------------------
[2022-06-21 14:19:21,328] {taskinstance.py:1259} INFO - Executing <Task(PostgresOperator): create_schema_and_tables_logs> on 2022-06-21 14:19:19.650119+00:00
[2022-06-21 14:19:21,332] {standard_task_runner.py:52} INFO - Started process 1633 to run task
[2022-06-21 14:19:21,335] {standard_task_runner.py:76} INFO - Running: ['***', 'tasks', 'run', 'CSV_TO_DS', 'create_schema_and_tables_logs', 'manual__2022-06-21T14:19:19.650119+00:00', '--job-id', '590', '--raw', '--subdir', 'DAGS_FOLDER/csv_to_ds.py', '--cfg-path', '/tmp/tmp5tp3_8tk', '--error-file', '/tmp/tmp483a14z6']
[2022-06-21 14:19:21,336] {standard_task_runner.py:77} INFO - Job 590: Subtask create_schema_and_tables_logs
[2022-06-21 14:19:21,395] {logging_mixin.py:109} INFO - Running <TaskInstance: CSV_TO_DS.create_schema_and_tables_logs manual__2022-06-21T14:19:19.650119+00:00 [running]> on host c087b85f9f15
[2022-06-21 14:19:21,447] {taskinstance.py:1426} INFO - Exporting the following env vars:
AIRFLOW_CTX_DAG_OWNER=***
AIRFLOW_CTX_DAG_ID=CSV_TO_DS
AIRFLOW_CTX_TASK_ID=create_schema_and_tables_logs
AIRFLOW_CTX_EXECUTION_DATE=2022-06-21T14:19:19.650119+00:00
AIRFLOW_CTX_DAG_RUN_ID=manual__2022-06-21T14:19:19.650119+00:00
[2022-06-21 14:19:21,454] {base.py:79} INFO - Using connection to: id: postgres. Host: postgres, Port: 5432, Schema: postgres, Login: ***, Password: ***, extra: {}
[2022-06-21 14:19:21,458] {dbapi.py:225} INFO - Running statement: CREATE SCHEMA IF NOT EXISTS logs;
-- CREATE SCHEMA IF NOT EXISTS dm;
CREATE SEQUENCE IF NOT EXISTS logs.seq_lg_messages INCREMENT 1 START 1;


CREATE TABLE IF NOT EXISTS logs.load_csv_to_ds (
    ID SERIAL PRIMARY KEY,
    TABLE_NAME VARCHAR(30),
    CSV_PATH TEXT,
    TIME_START_LOAD TIMESTAMP DEFAULT CURRENT_TIMESTAMP(0),
    TIME_END_LOAD TIMESTAMP,
    condition TEXT
);


CREATE TABLE IF NOT EXISTS logs.lg_messages_dm ( 	
    record_id INT,
    date_time TIMESTAMP,
    pid TEXT,
    message TEXT,
    message_type TEXT,
    usename TEXT, 
    datname TEXT, 
    client_addr TEXT, 
    application_name TEXT,
    backend_start TEXT
);, parameters: None
[2022-06-21 14:19:21,484] {taskinstance.py:1277} INFO - Marking task as SUCCESS. dag_id=CSV_TO_DS, task_id=create_schema_and_tables_logs, execution_date=20220621T141919, start_date=20220621T141921, end_date=20220621T141921
[2022-06-21 14:19:21,507] {local_task_job.py:154} INFO - Task exited with return code 0
[2022-06-21 14:19:21,546] {local_task_job.py:264} INFO - 0 downstream tasks scheduled from follow-on schedule check
