[2022-06-21 14:05:03,064] {taskinstance.py:1032} INFO - Dependencies all met for <TaskInstance: DM-COUNT-f101_round_f.count_f101-24 manual__2022-06-21T14:04:57.882879+00:00 [queued]>
[2022-06-21 14:05:03,103] {taskinstance.py:1032} INFO - Dependencies all met for <TaskInstance: DM-COUNT-f101_round_f.count_f101-24 manual__2022-06-21T14:04:57.882879+00:00 [queued]>
[2022-06-21 14:05:03,106] {taskinstance.py:1238} INFO - 
--------------------------------------------------------------------------------
[2022-06-21 14:05:03,106] {taskinstance.py:1239} INFO - Starting attempt 1 of 2
[2022-06-21 14:05:03,107] {taskinstance.py:1240} INFO - 
--------------------------------------------------------------------------------
[2022-06-21 14:05:03,164] {taskinstance.py:1259} INFO - Executing <Task(PostgresOperator): count_f101-24> on 2022-06-21 14:04:57.882879+00:00
[2022-06-21 14:05:03,169] {standard_task_runner.py:52} INFO - Started process 926 to run task
[2022-06-21 14:05:03,232] {standard_task_runner.py:76} INFO - Running: ['***', 'tasks', 'run', 'DM-COUNT-f101_round_f', 'count_f101-24', 'manual__2022-06-21T14:04:57.882879+00:00', '--job-id', '566', '--raw', '--subdir', 'DAGS_FOLDER/f_101_round_f.py', '--cfg-path', '/tmp/tmp9c1ys3dx', '--error-file', '/tmp/tmp588x_3zh']
[2022-06-21 14:05:03,236] {standard_task_runner.py:77} INFO - Job 566: Subtask count_f101-24
[2022-06-21 14:05:03,469] {logging_mixin.py:109} INFO - Running <TaskInstance: DM-COUNT-f101_round_f.count_f101-24 manual__2022-06-21T14:04:57.882879+00:00 [running]> on host c087b85f9f15
[2022-06-21 14:05:03,703] {taskinstance.py:1426} INFO - Exporting the following env vars:
AIRFLOW_CTX_DAG_OWNER=***
AIRFLOW_CTX_DAG_ID=DM-COUNT-f101_round_f
AIRFLOW_CTX_TASK_ID=count_f101-24
AIRFLOW_CTX_EXECUTION_DATE=2022-06-21T14:04:57.882879+00:00
AIRFLOW_CTX_DAG_RUN_ID=manual__2022-06-21T14:04:57.882879+00:00
[2022-06-21 14:05:03,724] {base.py:79} INFO - Using connection to: id: postgres. Host: postgres, Port: 5432, Schema: postgres, Login: ***, Password: ***, extra: {}
[2022-06-21 14:05:03,751] {dbapi.py:225} INFO - Running statement: CALL dm.fill_f101_round_f (%(date)s::date);, parameters: {'date': '2018-01-24'}
[2022-06-21 14:05:04,338] {taskinstance.py:1277} INFO - Marking task as SUCCESS. dag_id=DM-COUNT-f101_round_f, task_id=count_f101-24, execution_date=20220621T140457, start_date=20220621T140503, end_date=20220621T140504
[2022-06-21 14:05:04,389] {local_task_job.py:154} INFO - Task exited with return code 0
[2022-06-21 14:05:04,764] {local_task_job.py:264} INFO - 0 downstream tasks scheduled from follow-on schedule check
