[2022-06-18 16:36:48,503] {taskinstance.py:1032} INFO - Dependencies all met for <TaskInstance: DM-COUNT-f101_round_f.count_f101-19 manual__2022-06-18T16:36:43.363666+00:00 [queued]>
[2022-06-18 16:36:48,554] {taskinstance.py:1032} INFO - Dependencies all met for <TaskInstance: DM-COUNT-f101_round_f.count_f101-19 manual__2022-06-18T16:36:43.363666+00:00 [queued]>
[2022-06-18 16:36:48,554] {taskinstance.py:1238} INFO - 
--------------------------------------------------------------------------------
[2022-06-18 16:36:48,554] {taskinstance.py:1239} INFO - Starting attempt 1 of 2
[2022-06-18 16:36:48,555] {taskinstance.py:1240} INFO - 
--------------------------------------------------------------------------------
[2022-06-18 16:36:48,581] {taskinstance.py:1259} INFO - Executing <Task(PostgresOperator): count_f101-19> on 2022-06-18 16:36:43.363666+00:00
[2022-06-18 16:36:48,587] {standard_task_runner.py:52} INFO - Started process 5686 to run task
[2022-06-18 16:36:48,593] {standard_task_runner.py:76} INFO - Running: ['***', 'tasks', 'run', 'DM-COUNT-f101_round_f', 'count_f101-19', 'manual__2022-06-18T16:36:43.363666+00:00', '--job-id', '215', '--raw', '--subdir', 'DAGS_FOLDER/f_101_round_f.py', '--cfg-path', '/tmp/tmpr6xdw1nh', '--error-file', '/tmp/tmpe5brft2v']
[2022-06-18 16:36:48,594] {standard_task_runner.py:77} INFO - Job 215: Subtask count_f101-19
[2022-06-18 16:36:48,708] {logging_mixin.py:109} INFO - Running <TaskInstance: DM-COUNT-f101_round_f.count_f101-19 manual__2022-06-18T16:36:43.363666+00:00 [running]> on host 191dd4d3d1ba
[2022-06-18 16:36:48,791] {taskinstance.py:1426} INFO - Exporting the following env vars:
AIRFLOW_CTX_DAG_OWNER=***
AIRFLOW_CTX_DAG_ID=DM-COUNT-f101_round_f
AIRFLOW_CTX_TASK_ID=count_f101-19
AIRFLOW_CTX_EXECUTION_DATE=2022-06-18T16:36:43.363666+00:00
AIRFLOW_CTX_DAG_RUN_ID=manual__2022-06-18T16:36:43.363666+00:00
[2022-06-18 16:36:48,801] {base.py:79} INFO - Using connection to: id: postgres. Host: postgres, Port: 5432, Schema: postgres, Login: ***, Password: ***, extra: {}
[2022-06-18 16:36:48,820] {dbapi.py:225} INFO - Running statement: CALL dm.fill_f101_round_f (%(date)s::date);, parameters: {'date': '2018-01-19'}
[2022-06-18 16:36:49,461] {taskinstance.py:1277} INFO - Marking task as SUCCESS. dag_id=DM-COUNT-f101_round_f, task_id=count_f101-19, execution_date=20220618T163643, start_date=20220618T163648, end_date=20220618T163649
[2022-06-18 16:36:49,544] {local_task_job.py:154} INFO - Task exited with return code 0
[2022-06-18 16:36:50,141] {local_task_job.py:264} INFO - 0 downstream tasks scheduled from follow-on schedule check
