[2022-06-18 21:27:04,776] {taskinstance.py:1032} INFO - Dependencies all met for <TaskInstance: CSV_TO_DS.SEND_DS_md_account_d scheduled__2022-06-17T21:26:59.328971+00:00 [queued]>
[2022-06-18 21:27:04,800] {taskinstance.py:1032} INFO - Dependencies all met for <TaskInstance: CSV_TO_DS.SEND_DS_md_account_d scheduled__2022-06-17T21:26:59.328971+00:00 [queued]>
[2022-06-18 21:27:04,800] {taskinstance.py:1238} INFO - 
--------------------------------------------------------------------------------
[2022-06-18 21:27:04,800] {taskinstance.py:1239} INFO - Starting attempt 1 of 2
[2022-06-18 21:27:04,800] {taskinstance.py:1240} INFO - 
--------------------------------------------------------------------------------
[2022-06-18 21:27:04,836] {taskinstance.py:1259} INFO - Executing <Task(PythonOperator): SEND_DS_md_account_d> on 2022-06-17 21:26:59.328971+00:00
[2022-06-18 21:27:04,846] {standard_task_runner.py:52} INFO - Started process 578 to run task
[2022-06-18 21:27:04,873] {standard_task_runner.py:76} INFO - Running: ['***', 'tasks', 'run', 'CSV_TO_DS', 'SEND_DS_md_account_d', 'scheduled__2022-06-17T21:26:59.328971+00:00', '--job-id', '310', '--raw', '--subdir', 'DAGS_FOLDER/csv_to_ds.py', '--cfg-path', '/tmp/tmpoorfwtdm', '--error-file', '/tmp/tmp3_hwowj1']
[2022-06-18 21:27:04,876] {standard_task_runner.py:77} INFO - Job 310: Subtask SEND_DS_md_account_d
[2022-06-18 21:27:05,060] {logging_mixin.py:109} INFO - Running <TaskInstance: CSV_TO_DS.SEND_DS_md_account_d scheduled__2022-06-17T21:26:59.328971+00:00 [running]> on host c087b85f9f15
[2022-06-18 21:27:05,222] {taskinstance.py:1426} INFO - Exporting the following env vars:
AIRFLOW_CTX_DAG_OWNER=***
AIRFLOW_CTX_DAG_ID=CSV_TO_DS
AIRFLOW_CTX_TASK_ID=SEND_DS_md_account_d
AIRFLOW_CTX_EXECUTION_DATE=2022-06-17T21:26:59.328971+00:00
AIRFLOW_CTX_DAG_RUN_ID=scheduled__2022-06-17T21:26:59.328971+00:00
[2022-06-18 21:27:05,344] {CsvToDs.py:58} INFO - Column data_actual_date changed date-time format
[2022-06-18 21:27:05,345] {CsvToDs.py:58} INFO - Column data_actual_end_date changed date-time format
[2022-06-18 21:27:05,345] {CsvToDs.py:64} INFO - Table md_account_d read in pandas success. 
[2022-06-18 21:27:05,371] {CsvToDs.py:65} INFO - 
   data_actual_date data_actual_end_date  ...  currency_rk currency_code
0       2018-01-01           2018-01-31  ...           35           840
1       2018-01-01           2018-01-31  ...           35           840
2       2018-01-01           2018-01-31  ...           34           643
3       2018-01-01           2018-01-31  ...           34           643
4       2018-01-01           2018-01-31  ...           34           643

[5 rows x 7 columns]
[2022-06-18 21:27:05,655] {CsvToDs.py:108} INFO -  Table md_account_d in ds schema has updated success. 
[2022-06-18 21:27:10,663] {python.py:175} INFO - Done. Returned value was: None
[2022-06-18 21:27:10,808] {taskinstance.py:1277} INFO - Marking task as SUCCESS. dag_id=CSV_TO_DS, task_id=SEND_DS_md_account_d, execution_date=20220617T212659, start_date=20220618T212704, end_date=20220618T212710
[2022-06-18 21:27:10,875] {local_task_job.py:154} INFO - Task exited with return code 0
[2022-06-18 21:27:10,950] {local_task_job.py:264} INFO - 0 downstream tasks scheduled from follow-on schedule check
