[2022-06-26 21:17:31,478] {taskinstance.py:1032} INFO - Dependencies all met for <TaskInstance: DM-COUNT-f101_round_f.count_f101-25 scheduled__2022-06-25T19:47:05.358363+00:00 [queued]>
[2022-06-26 21:17:31,545] {taskinstance.py:1032} INFO - Dependencies all met for <TaskInstance: DM-COUNT-f101_round_f.count_f101-25 scheduled__2022-06-25T19:47:05.358363+00:00 [queued]>
[2022-06-26 21:17:31,546] {taskinstance.py:1238} INFO - 
--------------------------------------------------------------------------------
[2022-06-26 21:17:31,546] {taskinstance.py:1239} INFO - Starting attempt 1 of 2
[2022-06-26 21:17:31,546] {taskinstance.py:1240} INFO - 
--------------------------------------------------------------------------------
[2022-06-26 21:17:31,637] {taskinstance.py:1259} INFO - Executing <Task(PostgresOperator): count_f101-25> on 2022-06-25 19:47:05.358363+00:00
[2022-06-26 21:17:31,648] {standard_task_runner.py:52} INFO - Started process 234 to run task
[2022-06-26 21:17:31,786] {standard_task_runner.py:76} INFO - Running: ['***', 'tasks', 'run', 'DM-COUNT-f101_round_f', 'count_f101-25', 'scheduled__2022-06-25T19:47:05.358363+00:00', '--job-id', '1471', '--raw', '--subdir', 'DAGS_FOLDER/f_101_round_f.py', '--cfg-path', '/tmp/tmppmk6spow', '--error-file', '/tmp/tmp84tprbyl']
[2022-06-26 21:17:31,787] {standard_task_runner.py:77} INFO - Job 1471: Subtask count_f101-25
[2022-06-26 21:17:32,300] {logging_mixin.py:109} INFO - Running <TaskInstance: DM-COUNT-f101_round_f.count_f101-25 scheduled__2022-06-25T19:47:05.358363+00:00 [running]> on host 8dd6b2950340
[2022-06-26 21:17:32,578] {taskinstance.py:1426} INFO - Exporting the following env vars:
AIRFLOW_CTX_DAG_OWNER=***
AIRFLOW_CTX_DAG_ID=DM-COUNT-f101_round_f
AIRFLOW_CTX_TASK_ID=count_f101-25
AIRFLOW_CTX_EXECUTION_DATE=2022-06-25T19:47:05.358363+00:00
AIRFLOW_CTX_DAG_RUN_ID=scheduled__2022-06-25T19:47:05.358363+00:00
[2022-06-26 21:17:32,609] {base.py:79} INFO - Using connection to: id: postgres. Host: postgres, Port: 5432, Schema: postgres, Login: ***, Password: ***, extra: {}
[2022-06-26 21:17:32,620] {dbapi.py:225} INFO - Running statement: CALL dm.fill_f101_round_f (%(date)s::date);, parameters: {'date': '2018-01-25'}
[2022-06-26 21:17:32,685] {taskinstance.py:1277} INFO - Marking task as SUCCESS. dag_id=DM-COUNT-f101_round_f, task_id=count_f101-25, execution_date=20220625T194705, start_date=20220626T211731, end_date=20220626T211732
[2022-06-26 21:17:32,758] {local_task_job.py:154} INFO - Task exited with return code 0
[2022-06-26 21:17:33,033] {local_task_job.py:264} INFO - 0 downstream tasks scheduled from follow-on schedule check
