[2022-07-17 09:23:52,082] {taskinstance.py:1032} INFO - Dependencies all met for <TaskInstance: CSV_TO_DS.SEND_DS_ft_balance_f scheduled__2022-06-26T19:41:58.423963+00:00 [queued]>
[2022-07-17 09:23:52,126] {taskinstance.py:1032} INFO - Dependencies all met for <TaskInstance: CSV_TO_DS.SEND_DS_ft_balance_f scheduled__2022-06-26T19:41:58.423963+00:00 [queued]>
[2022-07-17 09:23:52,127] {taskinstance.py:1238} INFO - 
--------------------------------------------------------------------------------
[2022-07-17 09:23:52,127] {taskinstance.py:1239} INFO - Starting attempt 1 of 2
[2022-07-17 09:23:52,127] {taskinstance.py:1240} INFO - 
--------------------------------------------------------------------------------
[2022-07-17 09:23:52,156] {taskinstance.py:1259} INFO - Executing <Task(PythonOperator): SEND_DS_ft_balance_f> on 2022-06-26 19:41:58.423963+00:00
[2022-07-17 09:23:52,162] {standard_task_runner.py:52} INFO - Started process 213 to run task
[2022-07-17 09:23:52,173] {standard_task_runner.py:76} INFO - Running: ['***', 'tasks', 'run', 'CSV_TO_DS', 'SEND_DS_ft_balance_f', 'scheduled__2022-06-26T19:41:58.423963+00:00', '--job-id', '1551', '--raw', '--subdir', 'DAGS_FOLDER/csv_to_ds.py', '--cfg-path', '/tmp/tmp_4g47u10', '--error-file', '/tmp/tmpp1pzy0m_']
[2022-07-17 09:23:52,174] {standard_task_runner.py:77} INFO - Job 1551: Subtask SEND_DS_ft_balance_f
[2022-07-17 09:23:52,569] {logging_mixin.py:109} INFO - Running <TaskInstance: CSV_TO_DS.SEND_DS_ft_balance_f scheduled__2022-06-26T19:41:58.423963+00:00 [running]> on host a04da3f4ff4b
[2022-07-17 09:23:52,884] {taskinstance.py:1426} INFO - Exporting the following env vars:
AIRFLOW_CTX_DAG_OWNER=***
AIRFLOW_CTX_DAG_ID=CSV_TO_DS
AIRFLOW_CTX_TASK_ID=SEND_DS_ft_balance_f
AIRFLOW_CTX_EXECUTION_DATE=2022-06-26T19:41:58.423963+00:00
AIRFLOW_CTX_DAG_RUN_ID=scheduled__2022-06-26T19:41:58.423963+00:00
[2022-07-17 09:23:53,985] {FromLocal.py:71} INFO - Table ft_balance_f read in pandas success. 
[2022-07-17 09:23:54,380] {FromLocal.py:72} INFO - 
       on_date  account_rk  currency_rk  balance_out
0  31.12.2017    36237725           35     38318.17
1  31.12.2017       24656           35     80533.62
2  31.12.2017    18849846           34     63891.96
3  31.12.2017     1972647           34     87732.10
4  31.12.2017    34157174           34     97806.90
[2022-07-17 09:23:54,518] {FromLocal.py:96} INFO - (psycopg2.errors.DatatypeMismatch) column "on_date" is of type date but expression is of type text
LINE 2:     SELECT DISTINCT ON (ON_DATE ,ACCOUNT_RK) *
                                                     ^
HINT:  You will need to rewrite or cast the expression.

[SQL: INSERT INTO ds.ft_balance_f
    SELECT DISTINCT ON (ON_DATE ,ACCOUNT_RK) *
    FROM temp.ft_balance_f        
ON CONFLICT (ON_DATE ,ACCOUNT_RK)
DO UPDATE 
	SET 
		CURRENCY_RK = excluded.CURRENCY_RK,
		BALANCE_OUT = excluded.BALANCE_OUT;]
(Background on this error at: http://sqlalche.me/e/13/f405)
[2022-07-17 09:23:59,539] {python.py:175} INFO - Done. Returned value was: None
[2022-07-17 09:23:59,600] {taskinstance.py:1277} INFO - Marking task as SUCCESS. dag_id=CSV_TO_DS, task_id=SEND_DS_ft_balance_f, execution_date=20220626T194158, start_date=20220717T092352, end_date=20220717T092359
[2022-07-17 09:23:59,717] {local_task_job.py:154} INFO - Task exited with return code 0
[2022-07-17 09:23:59,806] {local_task_job.py:264} INFO - 0 downstream tasks scheduled from follow-on schedule check
