[2022-07-17 09:24:10,584] {taskinstance.py:1032} INFO - Dependencies all met for <TaskInstance: DM-COUNT-f101_round_f.count_f101-9 scheduled__2022-06-26T19:47:05.358363+00:00 [queued]>
[2022-07-17 09:24:10,608] {taskinstance.py:1032} INFO - Dependencies all met for <TaskInstance: DM-COUNT-f101_round_f.count_f101-9 scheduled__2022-06-26T19:47:05.358363+00:00 [queued]>
[2022-07-17 09:24:10,608] {taskinstance.py:1238} INFO - 
--------------------------------------------------------------------------------
[2022-07-17 09:24:10,608] {taskinstance.py:1239} INFO - Starting attempt 1 of 2
[2022-07-17 09:24:10,608] {taskinstance.py:1240} INFO - 
--------------------------------------------------------------------------------
[2022-07-17 09:24:10,674] {taskinstance.py:1259} INFO - Executing <Task(PostgresOperator): count_f101-9> on 2022-06-26 19:47:05.358363+00:00
[2022-07-17 09:24:10,685] {standard_task_runner.py:52} INFO - Started process 318 to run task
[2022-07-17 09:24:10,717] {standard_task_runner.py:76} INFO - Running: ['***', 'tasks', 'run', 'DM-COUNT-f101_round_f', 'count_f101-9', 'scheduled__2022-06-26T19:47:05.358363+00:00', '--job-id', '1585', '--raw', '--subdir', 'DAGS_FOLDER/f_101_round_f.py', '--cfg-path', '/tmp/tmpip69x2p8', '--error-file', '/tmp/tmphghw1h5v']
[2022-07-17 09:24:10,719] {standard_task_runner.py:77} INFO - Job 1585: Subtask count_f101-9
[2022-07-17 09:24:10,971] {logging_mixin.py:109} INFO - Running <TaskInstance: DM-COUNT-f101_round_f.count_f101-9 scheduled__2022-06-26T19:47:05.358363+00:00 [running]> on host a04da3f4ff4b
[2022-07-17 09:24:11,187] {taskinstance.py:1426} INFO - Exporting the following env vars:
AIRFLOW_CTX_DAG_OWNER=***
AIRFLOW_CTX_DAG_ID=DM-COUNT-f101_round_f
AIRFLOW_CTX_TASK_ID=count_f101-9
AIRFLOW_CTX_EXECUTION_DATE=2022-06-26T19:47:05.358363+00:00
AIRFLOW_CTX_DAG_RUN_ID=scheduled__2022-06-26T19:47:05.358363+00:00
[2022-07-17 09:24:11,239] {base.py:79} INFO - Using connection to: id: postgres. Host: postgres, Port: 5432, Schema: postgres, Login: ***, Password: ***, extra: {}
[2022-07-17 09:24:11,260] {dbapi.py:225} INFO - Running statement: CALL dm.fill_f101_round_f (%(date)s::date);, parameters: {'date': '2018-01-9'}
[2022-07-17 09:24:11,382] {taskinstance.py:1277} INFO - Marking task as SUCCESS. dag_id=DM-COUNT-f101_round_f, task_id=count_f101-9, execution_date=20220626T194705, start_date=20220717T092410, end_date=20220717T092411
[2022-07-17 09:24:11,501] {local_task_job.py:154} INFO - Task exited with return code 0
[2022-07-17 09:24:11,685] {local_task_job.py:264} INFO - 0 downstream tasks scheduled from follow-on schedule check
