[2022-06-25 19:41:45,177] {taskinstance.py:1032} INFO - Dependencies all met for <TaskInstance: CSV_TO_DS.SEND_DS_ft_balance_f scheduled__2022-06-22T21:26:59.328971+00:00 [queued]>
[2022-06-25 19:41:45,223] {taskinstance.py:1032} INFO - Dependencies all met for <TaskInstance: CSV_TO_DS.SEND_DS_ft_balance_f scheduled__2022-06-22T21:26:59.328971+00:00 [queued]>
[2022-06-25 19:41:45,223] {taskinstance.py:1238} INFO - 
--------------------------------------------------------------------------------
[2022-06-25 19:41:45,223] {taskinstance.py:1239} INFO - Starting attempt 1 of 2
[2022-06-25 19:41:45,223] {taskinstance.py:1240} INFO - 
--------------------------------------------------------------------------------
[2022-06-25 19:41:45,283] {taskinstance.py:1259} INFO - Executing <Task(PythonOperator): SEND_DS_ft_balance_f> on 2022-06-22 21:26:59.328971+00:00
[2022-06-25 19:41:45,288] {standard_task_runner.py:52} INFO - Started process 184 to run task
[2022-06-25 19:41:45,302] {standard_task_runner.py:76} INFO - Running: ['***', 'tasks', 'run', 'CSV_TO_DS', 'SEND_DS_ft_balance_f', 'scheduled__2022-06-22T21:26:59.328971+00:00', '--job-id', '1280', '--raw', '--subdir', 'DAGS_FOLDER/csv_to_ds.py', '--cfg-path', '/tmp/tmpn6l6n_75', '--error-file', '/tmp/tmpziqjm4z7']
[2022-06-25 19:41:45,303] {standard_task_runner.py:77} INFO - Job 1280: Subtask SEND_DS_ft_balance_f
[2022-06-25 19:41:45,635] {logging_mixin.py:109} INFO - Running <TaskInstance: CSV_TO_DS.SEND_DS_ft_balance_f scheduled__2022-06-22T21:26:59.328971+00:00 [running]> on host 1a36ba6d0ffa
[2022-06-25 19:41:45,922] {taskinstance.py:1426} INFO - Exporting the following env vars:
AIRFLOW_CTX_DAG_OWNER=***
AIRFLOW_CTX_DAG_ID=CSV_TO_DS
AIRFLOW_CTX_TASK_ID=SEND_DS_ft_balance_f
AIRFLOW_CTX_EXECUTION_DATE=2022-06-22T21:26:59.328971+00:00
AIRFLOW_CTX_DAG_RUN_ID=scheduled__2022-06-22T21:26:59.328971+00:00
[2022-06-25 19:41:46,142] {FromLocal.py:71} INFO - Table ft_balance_f read in pandas success. 
[2022-06-25 19:41:46,230] {FromLocal.py:72} INFO - 
       on_date  account_rk  currency_rk  balance_out
0  31.12.2017    36237725           35     38318.17
1  31.12.2017       24656           35     80533.62
2  31.12.2017    18849846           34     63891.96
3  31.12.2017     1972647           34     87732.10
4  31.12.2017    34157174           34     97806.90
[2022-06-25 19:41:46,532] {FromLocal.py:96} INFO - (psycopg2.errors.DatatypeMismatch) column "on_date" is of type date but expression is of type text
LINE 2:     SELECT DISTINCT ON (ON_DATE ,ACCOUNT_RK) *
                                                     ^
HINT:  You will need to rewrite or cast the expression.

[SQL: INSERT INTO ds.ft_balance_f
    SELECT DISTINCT ON (ON_DATE ,ACCOUNT_RK) *
    FROM temp.ft_balance_f        
ON CONFLICT (ON_DATE ,ACCOUNT_RK)
DO UPDATE 
	SET 
		CURRENCY_RK = excluded.CURRENCY_RK,
		BALANCE_OUT = excluded.BALANCE_OUT;]
(Background on this error at: http://sqlalche.me/e/13/f405)
[2022-06-25 19:41:51,546] {python.py:175} INFO - Done. Returned value was: None
[2022-06-25 19:41:51,657] {taskinstance.py:1277} INFO - Marking task as SUCCESS. dag_id=CSV_TO_DS, task_id=SEND_DS_ft_balance_f, execution_date=20220622T212659, start_date=20220625T194145, end_date=20220625T194151
[2022-06-25 19:41:51,706] {local_task_job.py:154} INFO - Task exited with return code 0
[2022-06-25 19:41:51,786] {local_task_job.py:264} INFO - 0 downstream tasks scheduled from follow-on schedule check
