[2022-06-26 21:17:19,963] {taskinstance.py:1032} INFO - Dependencies all met for <TaskInstance: DM-COUNT-account-turnover.START_COUNT_BY_DAY_16 scheduled__2022-06-25T19:41:59.779564+00:00 [queued]>
[2022-06-26 21:17:20,000] {taskinstance.py:1032} INFO - Dependencies all met for <TaskInstance: DM-COUNT-account-turnover.START_COUNT_BY_DAY_16 scheduled__2022-06-25T19:41:59.779564+00:00 [queued]>
[2022-06-26 21:17:20,001] {taskinstance.py:1238} INFO - 
--------------------------------------------------------------------------------
[2022-06-26 21:17:20,001] {taskinstance.py:1239} INFO - Starting attempt 1 of 2
[2022-06-26 21:17:20,001] {taskinstance.py:1240} INFO - 
--------------------------------------------------------------------------------
[2022-06-26 21:17:20,059] {taskinstance.py:1259} INFO - Executing <Task(PostgresOperator): START_COUNT_BY_DAY_16> on 2022-06-25 19:41:59.779564+00:00
[2022-06-26 21:17:20,090] {standard_task_runner.py:52} INFO - Started process 143 to run task
[2022-06-26 21:17:20,128] {standard_task_runner.py:76} INFO - Running: ['***', 'tasks', 'run', 'DM-COUNT-account-turnover', 'START_COUNT_BY_DAY_16', 'scheduled__2022-06-25T19:41:59.779564+00:00', '--job-id', '1438', '--raw', '--subdir', 'DAGS_FOLDER/dm_fill_account_turnover.py', '--cfg-path', '/tmp/tmptsawg3rz', '--error-file', '/tmp/tmp2_lpxfng']
[2022-06-26 21:17:20,129] {standard_task_runner.py:77} INFO - Job 1438: Subtask START_COUNT_BY_DAY_16
[2022-06-26 21:17:20,614] {logging_mixin.py:109} INFO - Running <TaskInstance: DM-COUNT-account-turnover.START_COUNT_BY_DAY_16 scheduled__2022-06-25T19:41:59.779564+00:00 [running]> on host 8dd6b2950340
[2022-06-26 21:17:21,016] {taskinstance.py:1426} INFO - Exporting the following env vars:
AIRFLOW_CTX_DAG_OWNER=***
AIRFLOW_CTX_DAG_ID=DM-COUNT-account-turnover
AIRFLOW_CTX_TASK_ID=START_COUNT_BY_DAY_16
AIRFLOW_CTX_EXECUTION_DATE=2022-06-25T19:41:59.779564+00:00
AIRFLOW_CTX_DAG_RUN_ID=scheduled__2022-06-25T19:41:59.779564+00:00
[2022-06-26 21:17:21,086] {base.py:79} INFO - Using connection to: id: postgres. Host: postgres, Port: 5432, Schema: postgres, Login: ***, Password: ***, extra: {}
[2022-06-26 21:17:21,098] {dbapi.py:225} INFO - Running statement: CALL ds.fill_account_turnover_f (%(date)s::date);, parameters: {'date': '2018-01-16'}
[2022-06-26 21:17:21,924] {taskinstance.py:1277} INFO - Marking task as SUCCESS. dag_id=DM-COUNT-account-turnover, task_id=START_COUNT_BY_DAY_16, execution_date=20220625T194159, start_date=20220626T211719, end_date=20220626T211721
[2022-06-26 21:17:22,032] {local_task_job.py:154} INFO - Task exited with return code 0
[2022-06-26 21:17:22,986] {local_task_job.py:264} INFO - 0 downstream tasks scheduled from follow-on schedule check
