[2022-06-22 08:39:33,030] {taskinstance.py:1032} INFO - Dependencies all met for <TaskInstance: DM-COUNT-f101_round_f.count_f101-1 manual__2022-06-22T08:39:18.536800+00:00 [queued]>
[2022-06-22 08:39:33,169] {taskinstance.py:1032} INFO - Dependencies all met for <TaskInstance: DM-COUNT-f101_round_f.count_f101-1 manual__2022-06-22T08:39:18.536800+00:00 [queued]>
[2022-06-22 08:39:33,170] {taskinstance.py:1238} INFO - 
--------------------------------------------------------------------------------
[2022-06-22 08:39:33,170] {taskinstance.py:1239} INFO - Starting attempt 1 of 2
[2022-06-22 08:39:33,170] {taskinstance.py:1240} INFO - 
--------------------------------------------------------------------------------
[2022-06-22 08:39:33,311] {taskinstance.py:1259} INFO - Executing <Task(PostgresOperator): count_f101-1> on 2022-06-22 08:39:18.536800+00:00
[2022-06-22 08:39:33,371] {standard_task_runner.py:52} INFO - Started process 3091 to run task
[2022-06-22 08:39:33,407] {standard_task_runner.py:76} INFO - Running: ['***', 'tasks', 'run', 'DM-COUNT-f101_round_f', 'count_f101-1', 'manual__2022-06-22T08:39:18.536800+00:00', '--job-id', '1084', '--raw', '--subdir', 'DAGS_FOLDER/f_101_round_f.py', '--cfg-path', '/tmp/tmpu45xi_91', '--error-file', '/tmp/tmpzjw6bp8q']
[2022-06-22 08:39:33,409] {standard_task_runner.py:77} INFO - Job 1084: Subtask count_f101-1
[2022-06-22 08:39:33,687] {logging_mixin.py:109} INFO - Running <TaskInstance: DM-COUNT-f101_round_f.count_f101-1 manual__2022-06-22T08:39:18.536800+00:00 [running]> on host a0a302277daf
[2022-06-22 08:39:34,074] {taskinstance.py:1426} INFO - Exporting the following env vars:
AIRFLOW_CTX_DAG_OWNER=***
AIRFLOW_CTX_DAG_ID=DM-COUNT-f101_round_f
AIRFLOW_CTX_TASK_ID=count_f101-1
AIRFLOW_CTX_EXECUTION_DATE=2022-06-22T08:39:18.536800+00:00
AIRFLOW_CTX_DAG_RUN_ID=manual__2022-06-22T08:39:18.536800+00:00
[2022-06-22 08:39:34,165] {base.py:79} INFO - Using connection to: id: postgres. Host: postgres, Port: 5432, Schema: postgres, Login: ***, Password: ***, extra: {}
[2022-06-22 08:39:34,222] {dbapi.py:225} INFO - Running statement: CALL dm.fill_f101_round_f (%(date)s::date);, parameters: {'date': '2018-01-1'}
[2022-06-22 08:39:35,002] {taskinstance.py:1277} INFO - Marking task as SUCCESS. dag_id=DM-COUNT-f101_round_f, task_id=count_f101-1, execution_date=20220622T083918, start_date=20220622T083933, end_date=20220622T083935
[2022-06-22 08:39:35,085] {local_task_job.py:154} INFO - Task exited with return code 0
[2022-06-22 08:39:35,420] {local_task_job.py:264} INFO - 0 downstream tasks scheduled from follow-on schedule check
