[2022-07-22 16:35:02,143] {taskinstance.py:1032} INFO - Dependencies all met for <TaskInstance: MIRR_MD_ACCOUNT_D.load_mirror_md_account_d scheduled__2022-07-22T16:30:00+00:00 [queued]>
[2022-07-22 16:35:02,156] {taskinstance.py:1032} INFO - Dependencies all met for <TaskInstance: MIRR_MD_ACCOUNT_D.load_mirror_md_account_d scheduled__2022-07-22T16:30:00+00:00 [queued]>
[2022-07-22 16:35:02,156] {taskinstance.py:1238} INFO - 
--------------------------------------------------------------------------------
[2022-07-22 16:35:02,156] {taskinstance.py:1239} INFO - Starting attempt 1 of 2
[2022-07-22 16:35:02,156] {taskinstance.py:1240} INFO - 
--------------------------------------------------------------------------------
[2022-07-22 16:35:02,169] {taskinstance.py:1259} INFO - Executing <Task(BashOperator): load_mirror_md_account_d> on 2022-07-22 16:30:00+00:00
[2022-07-22 16:35:02,172] {standard_task_runner.py:52} INFO - Started process 4683 to run task
[2022-07-22 16:35:02,186] {standard_task_runner.py:76} INFO - Running: ['***', 'tasks', 'run', 'MIRR_MD_ACCOUNT_D', 'load_mirror_md_account_d', 'scheduled__2022-07-22T16:30:00+00:00', '--job-id', '103', '--raw', '--subdir', 'DAGS_FOLDER/mirror_calc.py', '--cfg-path', '/tmp/tmpk568wisf', '--error-file', '/tmp/tmpbohane0q']
[2022-07-22 16:35:02,187] {standard_task_runner.py:77} INFO - Job 103: Subtask load_mirror_md_account_d
[2022-07-22 16:35:02,267] {logging_mixin.py:109} INFO - Running <TaskInstance: MIRR_MD_ACCOUNT_D.load_mirror_md_account_d scheduled__2022-07-22T16:30:00+00:00 [running]> on host 156c91590481
[2022-07-22 16:35:02,338] {taskinstance.py:1426} INFO - Exporting the following env vars:
AIRFLOW_CTX_DAG_OWNER=***
AIRFLOW_CTX_DAG_ID=MIRR_MD_ACCOUNT_D
AIRFLOW_CTX_TASK_ID=load_mirror_md_account_d
AIRFLOW_CTX_EXECUTION_DATE=2022-07-22T16:30:00+00:00
AIRFLOW_CTX_DAG_RUN_ID=scheduled__2022-07-22T16:30:00+00:00
[2022-07-22 16:35:02,338] {subprocess.py:62} INFO - Tmp dir root location: 
 /tmp
[2022-07-22 16:35:02,339] {subprocess.py:74} INFO - Running command: ['bash', '-c', 'spark-submit --packages io.delta:delta-core_2.12:1.0.0 --conf "spark.sql.extensions=io.delta.sql.DeltaSparkSessionExtension" --conf "spark.sql.catalog.spark_catalog=org.apache.spark.sql.delta.catalog.DeltaCatalog"/opt/***/core/show.py']
[2022-07-22 16:35:02,347] {subprocess.py:85} INFO - Output:
[2022-07-22 16:35:02,718] {subprocess.py:89} INFO - Error: Missing application resource.
[2022-07-22 16:35:02,718] {subprocess.py:89} INFO - 
[2022-07-22 16:35:04,100] {subprocess.py:89} INFO - Usage: spark-submit [options] <app jar | python file | R file> [app arguments]
[2022-07-22 16:35:04,101] {subprocess.py:89} INFO - Usage: spark-submit --kill [submission ID] --master [spark://...]
[2022-07-22 16:35:04,101] {subprocess.py:89} INFO - Usage: spark-submit --status [submission ID] --master [spark://...]
[2022-07-22 16:35:04,101] {subprocess.py:89} INFO - Usage: spark-submit run-example [options] example-class [example args]
[2022-07-22 16:35:04,104] {subprocess.py:89} INFO - 
[2022-07-22 16:35:04,104] {subprocess.py:89} INFO - Options:
[2022-07-22 16:35:04,104] {subprocess.py:89} INFO -   --master MASTER_URL         spark://host:port, mesos://host:port, yarn,
[2022-07-22 16:35:04,104] {subprocess.py:89} INFO -                               k8s://https://host:port, or local (Default: local[*]).
[2022-07-22 16:35:04,104] {subprocess.py:89} INFO -   --deploy-mode DEPLOY_MODE   Whether to launch the driver program locally ("client") or
[2022-07-22 16:35:04,104] {subprocess.py:89} INFO -                               on one of the worker machines inside the cluster ("cluster")
[2022-07-22 16:35:04,104] {subprocess.py:89} INFO -                               (Default: client).
[2022-07-22 16:35:04,105] {subprocess.py:89} INFO -   --class CLASS_NAME          Your application's main class (for Java / Scala apps).
[2022-07-22 16:35:04,105] {subprocess.py:89} INFO -   --name NAME                 A name of your application.
[2022-07-22 16:35:04,105] {subprocess.py:89} INFO -   --jars JARS                 Comma-separated list of jars to include on the driver
[2022-07-22 16:35:04,105] {subprocess.py:89} INFO -                               and executor classpaths.
[2022-07-22 16:35:04,105] {subprocess.py:89} INFO -   --packages                  Comma-separated list of maven coordinates of jars to include
[2022-07-22 16:35:04,105] {subprocess.py:89} INFO -                               on the driver and executor classpaths. Will search the local
[2022-07-22 16:35:04,105] {subprocess.py:89} INFO -                               maven repo, then maven central and any additional remote
[2022-07-22 16:35:04,105] {subprocess.py:89} INFO -                               repositories given by --repositories. The format for the
[2022-07-22 16:35:04,106] {subprocess.py:89} INFO -                               coordinates should be groupId:artifactId:version.
[2022-07-22 16:35:04,106] {subprocess.py:89} INFO -   --exclude-packages          Comma-separated list of groupId:artifactId, to exclude while
[2022-07-22 16:35:04,106] {subprocess.py:89} INFO -                               resolving the dependencies provided in --packages to avoid
[2022-07-22 16:35:04,106] {subprocess.py:89} INFO -                               dependency conflicts.
[2022-07-22 16:35:04,106] {subprocess.py:89} INFO -   --repositories              Comma-separated list of additional remote repositories to
[2022-07-22 16:35:04,106] {subprocess.py:89} INFO -                               search for the maven coordinates given with --packages.
[2022-07-22 16:35:04,106] {subprocess.py:89} INFO -   --py-files PY_FILES         Comma-separated list of .zip, .egg, or .py files to place
[2022-07-22 16:35:04,106] {subprocess.py:89} INFO -                               on the PYTHONPATH for Python apps.
[2022-07-22 16:35:04,106] {subprocess.py:89} INFO -   --files FILES               Comma-separated list of files to be placed in the working
[2022-07-22 16:35:04,106] {subprocess.py:89} INFO -                               directory of each executor. File paths of these files
[2022-07-22 16:35:04,106] {subprocess.py:89} INFO -                               in executors can be accessed via SparkFiles.get(fileName).
[2022-07-22 16:35:04,107] {subprocess.py:89} INFO -   --archives ARCHIVES         Comma-separated list of archives to be extracted into the
[2022-07-22 16:35:04,107] {subprocess.py:89} INFO -                               working directory of each executor.
[2022-07-22 16:35:04,107] {subprocess.py:89} INFO - 
[2022-07-22 16:35:04,107] {subprocess.py:89} INFO -   --conf, -c PROP=VALUE       Arbitrary Spark configuration property.
[2022-07-22 16:35:04,107] {subprocess.py:89} INFO -   --properties-file FILE      Path to a file from which to load extra properties. If not
[2022-07-22 16:35:04,107] {subprocess.py:89} INFO -                               specified, this will look for conf/spark-defaults.conf.
[2022-07-22 16:35:04,107] {subprocess.py:89} INFO - 
[2022-07-22 16:35:04,107] {subprocess.py:89} INFO -   --driver-memory MEM         Memory for driver (e.g. 1000M, 2G) (Default: 1024M).
[2022-07-22 16:35:04,107] {subprocess.py:89} INFO -   --driver-java-options       Extra Java options to pass to the driver.
[2022-07-22 16:35:04,107] {subprocess.py:89} INFO -   --driver-library-path       Extra library path entries to pass to the driver.
[2022-07-22 16:35:04,107] {subprocess.py:89} INFO -   --driver-class-path         Extra class path entries to pass to the driver. Note that
[2022-07-22 16:35:04,108] {subprocess.py:89} INFO -                               jars added with --jars are automatically included in the
[2022-07-22 16:35:04,108] {subprocess.py:89} INFO -                               classpath.
[2022-07-22 16:35:04,108] {subprocess.py:89} INFO - 
[2022-07-22 16:35:04,108] {subprocess.py:89} INFO -   --executor-memory MEM       Memory per executor (e.g. 1000M, 2G) (Default: 1G).
[2022-07-22 16:35:04,108] {subprocess.py:89} INFO - 
[2022-07-22 16:35:04,108] {subprocess.py:89} INFO -   --proxy-user NAME           User to impersonate when submitting the application.
[2022-07-22 16:35:04,108] {subprocess.py:89} INFO -                               This argument does not work with --principal / --keytab.
[2022-07-22 16:35:04,108] {subprocess.py:89} INFO - 
[2022-07-22 16:35:04,108] {subprocess.py:89} INFO -   --help, -h                  Show this help message and exit.
[2022-07-22 16:35:04,108] {subprocess.py:89} INFO -   --verbose, -v               Print additional debug output.
[2022-07-22 16:35:04,109] {subprocess.py:89} INFO -   --version,                  Print the version of current Spark.
[2022-07-22 16:35:04,109] {subprocess.py:89} INFO - 
[2022-07-22 16:35:04,109] {subprocess.py:89} INFO -  Cluster deploy mode only:
[2022-07-22 16:35:04,109] {subprocess.py:89} INFO -   --driver-cores NUM          Number of cores used by the driver, only in cluster mode
[2022-07-22 16:35:04,109] {subprocess.py:89} INFO -                               (Default: 1).
[2022-07-22 16:35:04,109] {subprocess.py:89} INFO - 
[2022-07-22 16:35:04,109] {subprocess.py:89} INFO -  Spark standalone or Mesos with cluster deploy mode only:
[2022-07-22 16:35:04,109] {subprocess.py:89} INFO -   --supervise                 If given, restarts the driver on failure.
[2022-07-22 16:35:04,109] {subprocess.py:89} INFO - 
[2022-07-22 16:35:04,109] {subprocess.py:89} INFO -  Spark standalone, Mesos or K8s with cluster deploy mode only:
[2022-07-22 16:35:04,110] {subprocess.py:89} INFO -   --kill SUBMISSION_ID        If given, kills the driver specified.
[2022-07-22 16:35:04,110] {subprocess.py:89} INFO -   --status SUBMISSION_ID      If given, requests the status of the driver specified.
[2022-07-22 16:35:04,110] {subprocess.py:89} INFO - 
[2022-07-22 16:35:04,110] {subprocess.py:89} INFO -  Spark standalone, Mesos and Kubernetes only:
[2022-07-22 16:35:04,110] {subprocess.py:89} INFO -   --total-executor-cores NUM  Total cores for all executors.
[2022-07-22 16:35:04,110] {subprocess.py:89} INFO - 
[2022-07-22 16:35:04,110] {subprocess.py:89} INFO -  Spark standalone, YARN and Kubernetes only:
[2022-07-22 16:35:04,110] {subprocess.py:89} INFO -   --executor-cores NUM        Number of cores used by each executor. (Default: 1 in
[2022-07-22 16:35:04,110] {subprocess.py:89} INFO -                               YARN and K8S modes, or all available cores on the worker
[2022-07-22 16:35:04,110] {subprocess.py:89} INFO -                               in standalone mode).
[2022-07-22 16:35:04,110] {subprocess.py:89} INFO - 
[2022-07-22 16:35:04,111] {subprocess.py:89} INFO -  Spark on YARN and Kubernetes only:
[2022-07-22 16:35:04,111] {subprocess.py:89} INFO -   --num-executors NUM         Number of executors to launch (Default: 2).
[2022-07-22 16:35:04,111] {subprocess.py:89} INFO -                               If dynamic allocation is enabled, the initial number of
[2022-07-22 16:35:04,111] {subprocess.py:89} INFO -                               executors will be at least NUM.
[2022-07-22 16:35:04,111] {subprocess.py:89} INFO -   --principal PRINCIPAL       Principal to be used to login to KDC.
[2022-07-22 16:35:04,111] {subprocess.py:89} INFO -   --keytab KEYTAB             The full path to the file that contains the keytab for the
[2022-07-22 16:35:04,111] {subprocess.py:89} INFO -                               principal specified above.
[2022-07-22 16:35:04,111] {subprocess.py:89} INFO - 
[2022-07-22 16:35:04,111] {subprocess.py:89} INFO -  Spark on YARN only:
[2022-07-22 16:35:04,111] {subprocess.py:89} INFO -   --queue QUEUE_NAME          The YARN queue to submit to (Default: "default").
[2022-07-22 16:35:04,111] {subprocess.py:89} INFO - 
[2022-07-22 16:35:04,122] {subprocess.py:93} INFO - Command exited with return code 1
[2022-07-22 16:35:04,135] {taskinstance.py:1700} ERROR - Task failed with exception
Traceback (most recent call last):
  File "/home/airflow/.local/lib/python3.7/site-packages/airflow/models/taskinstance.py", line 1329, in _run_raw_task
    self._execute_task_with_callbacks(context)
  File "/home/airflow/.local/lib/python3.7/site-packages/airflow/models/taskinstance.py", line 1455, in _execute_task_with_callbacks
    result = self._execute_task(context, self.task)
  File "/home/airflow/.local/lib/python3.7/site-packages/airflow/models/taskinstance.py", line 1511, in _execute_task
    result = execute_callable(context=context)
  File "/home/airflow/.local/lib/python3.7/site-packages/airflow/operators/bash.py", line 188, in execute
    f'Bash command failed. The command returned a non-zero exit code {result.exit_code}.'
airflow.exceptions.AirflowException: Bash command failed. The command returned a non-zero exit code 1.
[2022-07-22 16:35:04,141] {taskinstance.py:1277} INFO - Marking task as UP_FOR_RETRY. dag_id=MIRR_MD_ACCOUNT_D, task_id=load_mirror_md_account_d, execution_date=20220722T163000, start_date=20220722T163502, end_date=20220722T163504
[2022-07-22 16:35:04,161] {standard_task_runner.py:92} ERROR - Failed to execute job 103 for task load_mirror_md_account_d
Traceback (most recent call last):
  File "/home/airflow/.local/lib/python3.7/site-packages/airflow/task/task_runner/standard_task_runner.py", line 85, in _start_by_fork
    args.func(args, dag=self.dag)
  File "/home/airflow/.local/lib/python3.7/site-packages/airflow/cli/cli_parser.py", line 48, in command
    return func(*args, **kwargs)
  File "/home/airflow/.local/lib/python3.7/site-packages/airflow/utils/cli.py", line 92, in wrapper
    return f(*args, **kwargs)
  File "/home/airflow/.local/lib/python3.7/site-packages/airflow/cli/commands/task_command.py", line 298, in task_run
    _run_task_by_selected_method(args, dag, ti)
  File "/home/airflow/.local/lib/python3.7/site-packages/airflow/cli/commands/task_command.py", line 107, in _run_task_by_selected_method
    _run_raw_task(args, ti)
  File "/home/airflow/.local/lib/python3.7/site-packages/airflow/cli/commands/task_command.py", line 184, in _run_raw_task
    error_file=args.error_file,
  File "/home/airflow/.local/lib/python3.7/site-packages/airflow/utils/session.py", line 70, in wrapper
    return func(*args, session=session, **kwargs)
  File "/home/airflow/.local/lib/python3.7/site-packages/airflow/models/taskinstance.py", line 1329, in _run_raw_task
    self._execute_task_with_callbacks(context)
  File "/home/airflow/.local/lib/python3.7/site-packages/airflow/models/taskinstance.py", line 1455, in _execute_task_with_callbacks
    result = self._execute_task(context, self.task)
  File "/home/airflow/.local/lib/python3.7/site-packages/airflow/models/taskinstance.py", line 1511, in _execute_task
    result = execute_callable(context=context)
  File "/home/airflow/.local/lib/python3.7/site-packages/airflow/operators/bash.py", line 188, in execute
    f'Bash command failed. The command returned a non-zero exit code {result.exit_code}.'
airflow.exceptions.AirflowException: Bash command failed. The command returned a non-zero exit code 1.
[2022-07-22 16:35:04,173] {local_task_job.py:154} INFO - Task exited with return code 1
[2022-07-22 16:35:04,245] {local_task_job.py:264} INFO - 0 downstream tasks scheduled from follow-on schedule check
