[2022-06-17 21:36:16,704] {taskinstance.py:1032} INFO - Dependencies all met for <TaskInstance: CSV_TO_DS.create_schema_and_tables_ds manual__2022-06-17T21:36:15.359694+00:00 [queued]>
[2022-06-17 21:36:16,713] {taskinstance.py:1032} INFO - Dependencies all met for <TaskInstance: CSV_TO_DS.create_schema_and_tables_ds manual__2022-06-17T21:36:15.359694+00:00 [queued]>
[2022-06-17 21:36:16,713] {taskinstance.py:1238} INFO - 
--------------------------------------------------------------------------------
[2022-06-17 21:36:16,713] {taskinstance.py:1239} INFO - Starting attempt 1 of 2
[2022-06-17 21:36:16,713] {taskinstance.py:1240} INFO - 
--------------------------------------------------------------------------------
[2022-06-17 21:36:16,721] {taskinstance.py:1259} INFO - Executing <Task(PostgresOperator): create_schema_and_tables_ds> on 2022-06-17 21:36:15.359694+00:00
[2022-06-17 21:36:16,725] {standard_task_runner.py:52} INFO - Started process 320 to run task
[2022-06-17 21:36:16,728] {standard_task_runner.py:76} INFO - Running: ['***', 'tasks', 'run', 'CSV_TO_DS', 'create_schema_and_tables_ds', 'manual__2022-06-17T21:36:15.359694+00:00', '--job-id', '18', '--raw', '--subdir', 'DAGS_FOLDER/csv_to_ds.py', '--cfg-path', '/tmp/tmpxnr1tib7', '--error-file', '/tmp/tmpppiy7xh9']
[2022-06-17 21:36:16,729] {standard_task_runner.py:77} INFO - Job 18: Subtask create_schema_and_tables_ds
[2022-06-17 21:36:16,779] {logging_mixin.py:109} INFO - Running <TaskInstance: CSV_TO_DS.create_schema_and_tables_ds manual__2022-06-17T21:36:15.359694+00:00 [running]> on host 191dd4d3d1ba
[2022-06-17 21:36:16,849] {taskinstance.py:1426} INFO - Exporting the following env vars:
AIRFLOW_CTX_DAG_OWNER=***
AIRFLOW_CTX_DAG_ID=CSV_TO_DS
AIRFLOW_CTX_TASK_ID=create_schema_and_tables_ds
AIRFLOW_CTX_EXECUTION_DATE=2022-06-17T21:36:15.359694+00:00
AIRFLOW_CTX_DAG_RUN_ID=manual__2022-06-17T21:36:15.359694+00:00
[2022-06-17 21:36:16,861] {base.py:79} INFO - Using connection to: id: postgres. Host: postgres, Port: 5432, Schema: postgres, Login: ***, Password: ***, extra: {}
[2022-06-17 21:36:16,864] {dbapi.py:225} INFO - Running statement: CREATE SCHEMA IF NOT EXISTS ds;
CREATE SCHEMA IF NOT EXISTS temp;
-- DROP SCHEMA IF EXISTS ds CASCADE;

-- ft_balance_f – остатки средств на счетах;
CREATE TABLE IF NOT EXISTS ds.ft_balance_f (
    ON_DATE  DATE,
    ACCOUNT_RK NUMERIC,
    CURRENCY_RK NUMERIC,
    BALANCE_OUT DECIMAL,
    PRIMARY KEY (ON_DATE, ACCOUNT_RK)
);


-- ft_posting_f – проводки (движениясредств) по счетам;
CREATE TABLE IF NOT EXISTS ds.ft_posting_f (
    ID SERIAL,
    OPER_DATE  DATE,
    CREDIT_ACCOUNT_RK NUMERIC,
    DEBET_ACCOUNT_RK NUMERIC,
    CREDIT_AMOUNT DECIMAL,
    DEBET_AMOUNT DECIMAL,
    PRIMARY KEY (ID, OPER_DATE, CREDIT_ACCOUNT_RK, DEBET_ACCOUNT_RK)
);


-- md_account_d – информация о счетах клиентов
CREATE TABLE IF NOT EXISTS ds.md_account_d (
    DATA_ACTUAL_DATE  DATE,
    DATA_ACTUAL_END_DATE DATE NOT NULL,
    ACCOUNT_RK NUMERIC,
    ACCOUNT_NUMBER VARCHAR(20)  NOT NULL,
    CHAR_TYPE VARCHAR(1)  NOT NULL,
    CURRENCY_RK NUMERIC  NOT NULL,
    CURRENCY_CODE VARCHAR(3)  NOT NULL,
    PRIMARY KEY (DATA_ACTUAL_DATE, ACCOUNT_RK)
);


-- md_currency_d – справочник валют;
CREATE TABLE IF NOT EXISTS ds.md_currency_d (
    CURRENCY_RK  NUMERIC,
    DATA_ACTUAL_DATE DATE,
    DATA_ACTUAL_END_DATE DATE,
    CURRENCY_CODE VARCHAR(3),
    CODE_ISO_CHAR VARCHAR(3),
    PRIMARY KEY (CURRENCY_RK, DATA_ACTUAL_DATE)
);


-- md_exchange_rate_d – курсы валют.
CREATE TABLE IF NOT EXISTS ds.md_exchange_rate_d (
    ID SERIAL,
    DATA_ACTUAL_DATE  DATE,
    DATA_ACTUAL_END_DATE DATE,
    CURRENCY_RK NUMERIC,
    REDUCED_COURCE DECIMAL,
    CODE_ISO_NUM VARCHAR(3),
    PRIMARY KEY (ID, DATA_ACTUAL_DATE, CURRENCY_RK)
);


-- md_ledger_account_s - справочник балансовых счётов
CREATE TABLE IF NOT EXISTS ds.md_ledger_account_s (
    CHAPTER  VARCHAR(1),
    CHAPTER_NAME VARCHAR(16),
    SECTION_NUMBER INT,
    SECTION_NAME VARCHAR(22),
    SUBSECTION_NAME VARCHAR(21),
    LEDGER1_ACCOUNT INT,
    LEDGER1_ACCOUNT_NAME VARCHAR(47),
    LEDGER_ACCOUNT INT,
    LEDGER_ACCOUNT_NAME  VARCHAR(153),
    CHARACTERISTIC VARCHAR(1),
    IS_RESIDENT INT,
    IS_RESERVE INT,
    IS_RESERVED INT,
    IS_LOAN INT,
    IS_RESERVED_ASSETS INT,
    IS_OVERDUE INT,
    IS_INTEREST INT,
    PAIR_ACCOUNT VARCHAR(5),
    START_DATE DATE,
    END_DATE DATE,
    IS_RUB_ONLY INT,
    MIN_TERM VARCHAR(1),
    MIN_TERM_MEASURE VARCHAR(1),
    MAX_TERM VARCHAR(1),
    MAX_TERM_MEASURE VARCHAR(1),
    LEDGER_ACC_FULL_NAME_TRANSLIT VARCHAR(1),
    IS_REVALUATION VARCHAR(1),
    IS_CORRECT VARCHAR(1),
    PRIMARY KEY (LEDGER_ACCOUNT, START_DATE)
);, parameters: None
[2022-06-17 21:36:16,865] {postgres.py:71} INFO - NOTICE:  schema "ds" already exists, skipping

[2022-06-17 21:36:16,866] {postgres.py:71} INFO - NOTICE:  schema "temp" already exists, skipping

[2022-06-17 21:36:16,866] {postgres.py:71} INFO - NOTICE:  relation "ft_balance_f" already exists, skipping

[2022-06-17 21:36:16,866] {postgres.py:71} INFO - NOTICE:  relation "ft_posting_f" already exists, skipping

[2022-06-17 21:36:16,866] {postgres.py:71} INFO - NOTICE:  relation "md_account_d" already exists, skipping

[2022-06-17 21:36:16,866] {postgres.py:71} INFO - NOTICE:  relation "md_currency_d" already exists, skipping

[2022-06-17 21:36:16,866] {postgres.py:71} INFO - NOTICE:  relation "md_exchange_rate_d" already exists, skipping

[2022-06-17 21:36:16,866] {postgres.py:71} INFO - NOTICE:  relation "md_ledger_account_s" already exists, skipping

[2022-06-17 21:36:16,874] {taskinstance.py:1277} INFO - Marking task as SUCCESS. dag_id=CSV_TO_DS, task_id=create_schema_and_tables_ds, execution_date=20220617T213615, start_date=20220617T213616, end_date=20220617T213616
[2022-06-17 21:36:16,901] {local_task_job.py:154} INFO - Task exited with return code 0
[2022-06-17 21:36:16,935] {local_task_job.py:264} INFO - 1 downstream tasks scheduled from follow-on schedule check
