[2022-06-22 08:21:43,733] {taskinstance.py:1032} INFO - Dependencies all met for <TaskInstance: DM-COUNT-f101_round_f.count_f101-11 manual__2022-06-22T08:21:30.607444+00:00 [queued]>
[2022-06-22 08:21:43,781] {taskinstance.py:1032} INFO - Dependencies all met for <TaskInstance: DM-COUNT-f101_round_f.count_f101-11 manual__2022-06-22T08:21:30.607444+00:00 [queued]>
[2022-06-22 08:21:43,781] {taskinstance.py:1238} INFO - 
--------------------------------------------------------------------------------
[2022-06-22 08:21:43,781] {taskinstance.py:1239} INFO - Starting attempt 1 of 2
[2022-06-22 08:21:43,781] {taskinstance.py:1240} INFO - 
--------------------------------------------------------------------------------
[2022-06-22 08:21:43,847] {taskinstance.py:1259} INFO - Executing <Task(PostgresOperator): count_f101-11> on 2022-06-22 08:21:30.607444+00:00
[2022-06-22 08:21:43,858] {standard_task_runner.py:52} INFO - Started process 2111 to run task
[2022-06-22 08:21:43,871] {standard_task_runner.py:76} INFO - Running: ['***', 'tasks', 'run', 'DM-COUNT-f101_round_f', 'count_f101-11', 'manual__2022-06-22T08:21:30.607444+00:00', '--job-id', '1013', '--raw', '--subdir', 'DAGS_FOLDER/f_101_round_f.py', '--cfg-path', '/tmp/tmp3o52ztiz', '--error-file', '/tmp/tmpmo64ivcg']
[2022-06-22 08:21:43,873] {standard_task_runner.py:77} INFO - Job 1013: Subtask count_f101-11
[2022-06-22 08:21:44,071] {logging_mixin.py:109} INFO - Running <TaskInstance: DM-COUNT-f101_round_f.count_f101-11 manual__2022-06-22T08:21:30.607444+00:00 [running]> on host a0a302277daf
[2022-06-22 08:21:44,341] {taskinstance.py:1426} INFO - Exporting the following env vars:
AIRFLOW_CTX_DAG_OWNER=***
AIRFLOW_CTX_DAG_ID=DM-COUNT-f101_round_f
AIRFLOW_CTX_TASK_ID=count_f101-11
AIRFLOW_CTX_EXECUTION_DATE=2022-06-22T08:21:30.607444+00:00
AIRFLOW_CTX_DAG_RUN_ID=manual__2022-06-22T08:21:30.607444+00:00
[2022-06-22 08:21:44,454] {base.py:79} INFO - Using connection to: id: postgres. Host: postgres, Port: 5432, Schema: postgres, Login: ***, Password: ***, extra: {}
[2022-06-22 08:21:44,463] {dbapi.py:225} INFO - Running statement: CALL dm.fill_f101_round_f (%(date)s::date);, parameters: {'date': '2018-01-11'}
[2022-06-22 08:21:45,333] {taskinstance.py:1277} INFO - Marking task as SUCCESS. dag_id=DM-COUNT-f101_round_f, task_id=count_f101-11, execution_date=20220622T082130, start_date=20220622T082143, end_date=20220622T082145
[2022-06-22 08:21:45,438] {local_task_job.py:154} INFO - Task exited with return code 0
[2022-06-22 08:21:45,871] {local_task_job.py:264} INFO - 0 downstream tasks scheduled from follow-on schedule check
