[2022-06-21 14:22:59,530] {taskinstance.py:1032} INFO - Dependencies all met for <TaskInstance: DM-COUNT-account-turnover.START_COUNT_BY_DAY_21 manual__2022-06-21T14:22:49.367507+00:00 [queued]>
[2022-06-21 14:22:59,593] {taskinstance.py:1032} INFO - Dependencies all met for <TaskInstance: DM-COUNT-account-turnover.START_COUNT_BY_DAY_21 manual__2022-06-21T14:22:49.367507+00:00 [queued]>
[2022-06-21 14:22:59,593] {taskinstance.py:1238} INFO - 
--------------------------------------------------------------------------------
[2022-06-21 14:22:59,593] {taskinstance.py:1239} INFO - Starting attempt 1 of 2
[2022-06-21 14:22:59,594] {taskinstance.py:1240} INFO - 
--------------------------------------------------------------------------------
[2022-06-21 14:22:59,677] {taskinstance.py:1259} INFO - Executing <Task(PostgresOperator): START_COUNT_BY_DAY_21> on 2022-06-21 14:22:49.367507+00:00
[2022-06-21 14:22:59,689] {standard_task_runner.py:52} INFO - Started process 1906 to run task
[2022-06-21 14:22:59,738] {standard_task_runner.py:76} INFO - Running: ['***', 'tasks', 'run', 'DM-COUNT-account-turnover', 'START_COUNT_BY_DAY_21', 'manual__2022-06-21T14:22:49.367507+00:00', '--job-id', '623', '--raw', '--subdir', 'DAGS_FOLDER/dm_fill_account_turnover.py', '--cfg-path', '/tmp/tmprfq_ra6m', '--error-file', '/tmp/tmp9d2o54qb']
[2022-06-21 14:22:59,739] {standard_task_runner.py:77} INFO - Job 623: Subtask START_COUNT_BY_DAY_21
[2022-06-21 14:23:00,035] {logging_mixin.py:109} INFO - Running <TaskInstance: DM-COUNT-account-turnover.START_COUNT_BY_DAY_21 manual__2022-06-21T14:22:49.367507+00:00 [running]> on host c087b85f9f15
[2022-06-21 14:23:00,328] {taskinstance.py:1426} INFO - Exporting the following env vars:
AIRFLOW_CTX_DAG_OWNER=***
AIRFLOW_CTX_DAG_ID=DM-COUNT-account-turnover
AIRFLOW_CTX_TASK_ID=START_COUNT_BY_DAY_21
AIRFLOW_CTX_EXECUTION_DATE=2022-06-21T14:22:49.367507+00:00
AIRFLOW_CTX_DAG_RUN_ID=manual__2022-06-21T14:22:49.367507+00:00
[2022-06-21 14:23:00,366] {base.py:79} INFO - Using connection to: id: postgres. Host: postgres, Port: 5432, Schema: postgres, Login: ***, Password: ***, extra: {}
[2022-06-21 14:23:00,376] {dbapi.py:225} INFO - Running statement: CALL ds.fill_account_turnover_f (%(date)s::date);, parameters: {'date': '2018-01-21'}
[2022-06-21 14:23:01,175] {taskinstance.py:1277} INFO - Marking task as SUCCESS. dag_id=DM-COUNT-account-turnover, task_id=START_COUNT_BY_DAY_21, execution_date=20220621T142249, start_date=20220621T142259, end_date=20220621T142301
[2022-06-21 14:23:01,267] {local_task_job.py:154} INFO - Task exited with return code 0
[2022-06-21 14:23:01,935] {local_task_job.py:264} INFO - 0 downstream tasks scheduled from follow-on schedule check
