[2022-06-17 21:30:29,976] {processor.py:163} INFO - Started process (PID=29) to work on /opt/airflow/dags/dm_fill_account_turnover.py
[2022-06-17 21:30:29,982] {processor.py:642} INFO - Processing file /opt/airflow/dags/dm_fill_account_turnover.py for tasks to queue
[2022-06-17 21:30:29,983] {logging_mixin.py:109} INFO - [2022-06-17 21:30:29,983] {dagbag.py:500} INFO - Filling up the DagBag from /opt/airflow/dags/dm_fill_account_turnover.py
[2022-06-17 21:30:30,034] {logging_mixin.py:109} INFO - [2022-06-17 21:30:30,034] {base.py:79} INFO - Using connection to: id: postgres. Host: postgres, Port: 5432, Schema: postgres, Login: airflow, Password: airflow, extra: {}
[2022-06-17 21:30:32,244] {processor.py:654} INFO - DAG(s) dict_keys(['DM-COUNT-account-turnover']) retrieved from /opt/airflow/dags/dm_fill_account_turnover.py
[2022-06-17 21:30:32,272] {logging_mixin.py:109} INFO - [2022-06-17 21:30:32,271] {dag.py:2396} INFO - Sync 1 DAGs
[2022-06-17 21:30:32,308] {logging_mixin.py:109} INFO - [2022-06-17 21:30:32,308] {dag.py:2935} INFO - Setting next_dagrun for DM-COUNT-account-turnover to 2022-06-17T21:27:30.430782+00:00
[2022-06-17 21:30:32,332] {processor.py:171} INFO - Processing /opt/airflow/dags/dm_fill_account_turnover.py took 2.359 seconds
[2022-06-17 21:31:02,465] {processor.py:163} INFO - Started process (PID=74) to work on /opt/airflow/dags/dm_fill_account_turnover.py
[2022-06-17 21:31:02,466] {processor.py:642} INFO - Processing file /opt/airflow/dags/dm_fill_account_turnover.py for tasks to queue
[2022-06-17 21:31:02,466] {logging_mixin.py:109} INFO - [2022-06-17 21:31:02,466] {dagbag.py:500} INFO - Filling up the DagBag from /opt/airflow/dags/dm_fill_account_turnover.py
[2022-06-17 21:31:02,486] {logging_mixin.py:109} INFO - [2022-06-17 21:31:02,486] {base.py:79} INFO - Using connection to: id: postgres. Host: postgres, Port: 5432, Schema: postgres, Login: airflow, Password: airflow, extra: {}
[2022-06-17 21:31:02,796] {processor.py:654} INFO - DAG(s) dict_keys(['DM-COUNT-account-turnover']) retrieved from /opt/airflow/dags/dm_fill_account_turnover.py
[2022-06-17 21:31:02,804] {logging_mixin.py:109} INFO - [2022-06-17 21:31:02,804] {dag.py:2396} INFO - Sync 1 DAGs
[2022-06-17 21:31:02,819] {logging_mixin.py:109} INFO - [2022-06-17 21:31:02,819] {dag.py:2935} INFO - Setting next_dagrun for DM-COUNT-account-turnover to 2022-06-17T21:27:30.430782+00:00
[2022-06-17 21:31:02,834] {processor.py:171} INFO - Processing /opt/airflow/dags/dm_fill_account_turnover.py took 0.372 seconds
[2022-06-17 21:31:32,938] {processor.py:163} INFO - Started process (PID=115) to work on /opt/airflow/dags/dm_fill_account_turnover.py
[2022-06-17 21:31:32,939] {processor.py:642} INFO - Processing file /opt/airflow/dags/dm_fill_account_turnover.py for tasks to queue
[2022-06-17 21:31:32,939] {logging_mixin.py:109} INFO - [2022-06-17 21:31:32,939] {dagbag.py:500} INFO - Filling up the DagBag from /opt/airflow/dags/dm_fill_account_turnover.py
[2022-06-17 21:31:32,959] {logging_mixin.py:109} INFO - [2022-06-17 21:31:32,959] {base.py:79} INFO - Using connection to: id: postgres. Host: postgres, Port: 5432, Schema: postgres, Login: airflow, Password: airflow, extra: {}
[2022-06-17 21:31:33,274] {processor.py:654} INFO - DAG(s) dict_keys(['DM-COUNT-account-turnover']) retrieved from /opt/airflow/dags/dm_fill_account_turnover.py
[2022-06-17 21:31:33,280] {logging_mixin.py:109} INFO - [2022-06-17 21:31:33,280] {dag.py:2396} INFO - Sync 1 DAGs
[2022-06-17 21:31:33,291] {logging_mixin.py:109} INFO - [2022-06-17 21:31:33,291] {dag.py:2935} INFO - Setting next_dagrun for DM-COUNT-account-turnover to 2022-06-17T21:27:30.430782+00:00
[2022-06-17 21:31:33,305] {processor.py:171} INFO - Processing /opt/airflow/dags/dm_fill_account_turnover.py took 0.370 seconds
[2022-06-17 21:32:03,438] {processor.py:163} INFO - Started process (PID=145) to work on /opt/airflow/dags/dm_fill_account_turnover.py
[2022-06-17 21:32:03,439] {processor.py:642} INFO - Processing file /opt/airflow/dags/dm_fill_account_turnover.py for tasks to queue
[2022-06-17 21:32:03,440] {logging_mixin.py:109} INFO - [2022-06-17 21:32:03,440] {dagbag.py:500} INFO - Filling up the DagBag from /opt/airflow/dags/dm_fill_account_turnover.py
[2022-06-17 21:32:03,460] {logging_mixin.py:109} INFO - [2022-06-17 21:32:03,460] {base.py:79} INFO - Using connection to: id: postgres. Host: postgres, Port: 5432, Schema: postgres, Login: airflow, Password: airflow, extra: {}
[2022-06-17 21:32:03,774] {processor.py:654} INFO - DAG(s) dict_keys(['DM-COUNT-account-turnover']) retrieved from /opt/airflow/dags/dm_fill_account_turnover.py
[2022-06-17 21:32:03,780] {logging_mixin.py:109} INFO - [2022-06-17 21:32:03,780] {dag.py:2396} INFO - Sync 1 DAGs
[2022-06-17 21:32:03,790] {logging_mixin.py:109} INFO - [2022-06-17 21:32:03,790] {dag.py:2935} INFO - Setting next_dagrun for DM-COUNT-account-turnover to 2022-06-17T21:27:30.430782+00:00
[2022-06-17 21:32:03,801] {processor.py:171} INFO - Processing /opt/airflow/dags/dm_fill_account_turnover.py took 0.365 seconds
[2022-06-17 21:32:33,920] {processor.py:163} INFO - Started process (PID=184) to work on /opt/airflow/dags/dm_fill_account_turnover.py
[2022-06-17 21:32:33,921] {processor.py:642} INFO - Processing file /opt/airflow/dags/dm_fill_account_turnover.py for tasks to queue
[2022-06-17 21:32:33,922] {logging_mixin.py:109} INFO - [2022-06-17 21:32:33,922] {dagbag.py:500} INFO - Filling up the DagBag from /opt/airflow/dags/dm_fill_account_turnover.py
[2022-06-17 21:32:33,942] {logging_mixin.py:109} INFO - [2022-06-17 21:32:33,942] {base.py:79} INFO - Using connection to: id: postgres. Host: postgres, Port: 5432, Schema: postgres, Login: airflow, Password: airflow, extra: {}
[2022-06-17 21:32:34,298] {processor.py:654} INFO - DAG(s) dict_keys(['DM-COUNT-account-turnover']) retrieved from /opt/airflow/dags/dm_fill_account_turnover.py
[2022-06-17 21:32:34,304] {logging_mixin.py:109} INFO - [2022-06-17 21:32:34,304] {dag.py:2396} INFO - Sync 1 DAGs
[2022-06-17 21:32:34,315] {logging_mixin.py:109} INFO - [2022-06-17 21:32:34,315] {dag.py:2935} INFO - Setting next_dagrun for DM-COUNT-account-turnover to 2022-06-17T21:27:30.430782+00:00
[2022-06-17 21:32:34,327] {processor.py:171} INFO - Processing /opt/airflow/dags/dm_fill_account_turnover.py took 0.409 seconds
[2022-06-17 21:33:04,423] {processor.py:163} INFO - Started process (PID=225) to work on /opt/airflow/dags/dm_fill_account_turnover.py
[2022-06-17 21:33:04,429] {processor.py:642} INFO - Processing file /opt/airflow/dags/dm_fill_account_turnover.py for tasks to queue
[2022-06-17 21:33:04,430] {logging_mixin.py:109} INFO - [2022-06-17 21:33:04,430] {dagbag.py:500} INFO - Filling up the DagBag from /opt/airflow/dags/dm_fill_account_turnover.py
[2022-06-17 21:33:04,449] {logging_mixin.py:109} INFO - [2022-06-17 21:33:04,449] {base.py:79} INFO - Using connection to: id: postgres. Host: postgres, Port: 5432, Schema: postgres, Login: airflow, Password: airflow, extra: {}
[2022-06-17 21:33:04,801] {processor.py:654} INFO - DAG(s) dict_keys(['DM-COUNT-account-turnover']) retrieved from /opt/airflow/dags/dm_fill_account_turnover.py
[2022-06-17 21:33:04,807] {logging_mixin.py:109} INFO - [2022-06-17 21:33:04,807] {dag.py:2396} INFO - Sync 1 DAGs
[2022-06-17 21:33:04,818] {logging_mixin.py:109} INFO - [2022-06-17 21:33:04,818] {dag.py:2935} INFO - Setting next_dagrun for DM-COUNT-account-turnover to 2022-06-17T21:27:30.430782+00:00
[2022-06-17 21:33:04,831] {processor.py:171} INFO - Processing /opt/airflow/dags/dm_fill_account_turnover.py took 0.410 seconds
[2022-06-17 21:33:34,932] {processor.py:163} INFO - Started process (PID=256) to work on /opt/airflow/dags/dm_fill_account_turnover.py
[2022-06-17 21:33:34,933] {processor.py:642} INFO - Processing file /opt/airflow/dags/dm_fill_account_turnover.py for tasks to queue
[2022-06-17 21:33:34,933] {logging_mixin.py:109} INFO - [2022-06-17 21:33:34,933] {dagbag.py:500} INFO - Filling up the DagBag from /opt/airflow/dags/dm_fill_account_turnover.py
[2022-06-17 21:33:34,955] {logging_mixin.py:109} INFO - [2022-06-17 21:33:34,955] {base.py:79} INFO - Using connection to: id: postgres. Host: postgres, Port: 5432, Schema: postgres, Login: airflow, Password: airflow, extra: {}
[2022-06-17 21:33:35,287] {processor.py:654} INFO - DAG(s) dict_keys(['DM-COUNT-account-turnover']) retrieved from /opt/airflow/dags/dm_fill_account_turnover.py
[2022-06-17 21:33:35,294] {logging_mixin.py:109} INFO - [2022-06-17 21:33:35,294] {dag.py:2396} INFO - Sync 1 DAGs
[2022-06-17 21:33:35,304] {logging_mixin.py:109} INFO - [2022-06-17 21:33:35,304] {dag.py:2935} INFO - Setting next_dagrun for DM-COUNT-account-turnover to 2022-06-17T21:27:30.430782+00:00
[2022-06-17 21:33:35,316] {processor.py:171} INFO - Processing /opt/airflow/dags/dm_fill_account_turnover.py took 0.386 seconds
[2022-06-17 21:34:05,419] {processor.py:163} INFO - Started process (PID=294) to work on /opt/airflow/dags/dm_fill_account_turnover.py
[2022-06-17 21:34:05,420] {processor.py:642} INFO - Processing file /opt/airflow/dags/dm_fill_account_turnover.py for tasks to queue
[2022-06-17 21:34:05,421] {logging_mixin.py:109} INFO - [2022-06-17 21:34:05,421] {dagbag.py:500} INFO - Filling up the DagBag from /opt/airflow/dags/dm_fill_account_turnover.py
[2022-06-17 21:34:05,442] {logging_mixin.py:109} INFO - [2022-06-17 21:34:05,442] {base.py:79} INFO - Using connection to: id: postgres. Host: postgres, Port: 5432, Schema: postgres, Login: airflow, Password: airflow, extra: {}
[2022-06-17 21:34:05,793] {processor.py:654} INFO - DAG(s) dict_keys(['DM-COUNT-account-turnover']) retrieved from /opt/airflow/dags/dm_fill_account_turnover.py
[2022-06-17 21:34:05,801] {logging_mixin.py:109} INFO - [2022-06-17 21:34:05,801] {dag.py:2396} INFO - Sync 1 DAGs
[2022-06-17 21:34:05,813] {logging_mixin.py:109} INFO - [2022-06-17 21:34:05,813] {dag.py:2935} INFO - Setting next_dagrun for DM-COUNT-account-turnover to 2022-06-17T21:27:30.430782+00:00
[2022-06-17 21:34:05,829] {processor.py:171} INFO - Processing /opt/airflow/dags/dm_fill_account_turnover.py took 0.412 seconds
[2022-06-17 21:34:35,921] {processor.py:163} INFO - Started process (PID=324) to work on /opt/airflow/dags/dm_fill_account_turnover.py
[2022-06-17 21:34:35,922] {processor.py:642} INFO - Processing file /opt/airflow/dags/dm_fill_account_turnover.py for tasks to queue
[2022-06-17 21:34:35,922] {logging_mixin.py:109} INFO - [2022-06-17 21:34:35,922] {dagbag.py:500} INFO - Filling up the DagBag from /opt/airflow/dags/dm_fill_account_turnover.py
[2022-06-17 21:34:35,942] {logging_mixin.py:109} INFO - [2022-06-17 21:34:35,942] {base.py:79} INFO - Using connection to: id: postgres. Host: postgres, Port: 5432, Schema: postgres, Login: airflow, Password: airflow, extra: {}
[2022-06-17 21:34:36,295] {processor.py:654} INFO - DAG(s) dict_keys(['DM-COUNT-account-turnover']) retrieved from /opt/airflow/dags/dm_fill_account_turnover.py
[2022-06-17 21:34:36,303] {logging_mixin.py:109} INFO - [2022-06-17 21:34:36,303] {dag.py:2396} INFO - Sync 1 DAGs
[2022-06-17 21:34:36,315] {logging_mixin.py:109} INFO - [2022-06-17 21:34:36,315] {dag.py:2935} INFO - Setting next_dagrun for DM-COUNT-account-turnover to 2022-06-17T21:27:30.430782+00:00
[2022-06-17 21:34:36,328] {processor.py:171} INFO - Processing /opt/airflow/dags/dm_fill_account_turnover.py took 0.409 seconds
[2022-06-17 21:35:06,398] {processor.py:163} INFO - Started process (PID=364) to work on /opt/airflow/dags/dm_fill_account_turnover.py
[2022-06-17 21:35:06,399] {processor.py:642} INFO - Processing file /opt/airflow/dags/dm_fill_account_turnover.py for tasks to queue
[2022-06-17 21:35:06,399] {logging_mixin.py:109} INFO - [2022-06-17 21:35:06,399] {dagbag.py:500} INFO - Filling up the DagBag from /opt/airflow/dags/dm_fill_account_turnover.py
[2022-06-17 21:35:06,419] {logging_mixin.py:109} INFO - [2022-06-17 21:35:06,418] {base.py:79} INFO - Using connection to: id: postgres. Host: postgres, Port: 5432, Schema: postgres, Login: airflow, Password: airflow, extra: {}
[2022-06-17 21:35:06,757] {processor.py:654} INFO - DAG(s) dict_keys(['DM-COUNT-account-turnover']) retrieved from /opt/airflow/dags/dm_fill_account_turnover.py
[2022-06-17 21:35:06,763] {logging_mixin.py:109} INFO - [2022-06-17 21:35:06,763] {dag.py:2396} INFO - Sync 1 DAGs
[2022-06-17 21:35:06,777] {logging_mixin.py:109} INFO - [2022-06-17 21:35:06,777] {dag.py:2935} INFO - Setting next_dagrun for DM-COUNT-account-turnover to 2022-06-17T21:27:30.430782+00:00
[2022-06-17 21:35:06,792] {processor.py:171} INFO - Processing /opt/airflow/dags/dm_fill_account_turnover.py took 0.396 seconds
[2022-06-17 21:35:36,906] {processor.py:163} INFO - Started process (PID=403) to work on /opt/airflow/dags/dm_fill_account_turnover.py
[2022-06-17 21:35:36,907] {processor.py:642} INFO - Processing file /opt/airflow/dags/dm_fill_account_turnover.py for tasks to queue
[2022-06-17 21:35:36,907] {logging_mixin.py:109} INFO - [2022-06-17 21:35:36,907] {dagbag.py:500} INFO - Filling up the DagBag from /opt/airflow/dags/dm_fill_account_turnover.py
[2022-06-17 21:35:36,930] {logging_mixin.py:109} INFO - [2022-06-17 21:35:36,930] {base.py:79} INFO - Using connection to: id: postgres. Host: postgres, Port: 5432, Schema: postgres, Login: airflow, Password: airflow, extra: {}
[2022-06-17 21:35:37,294] {processor.py:654} INFO - DAG(s) dict_keys(['DM-COUNT-account-turnover']) retrieved from /opt/airflow/dags/dm_fill_account_turnover.py
[2022-06-17 21:35:37,300] {logging_mixin.py:109} INFO - [2022-06-17 21:35:37,300] {dag.py:2396} INFO - Sync 1 DAGs
[2022-06-17 21:35:37,311] {logging_mixin.py:109} INFO - [2022-06-17 21:35:37,311] {dag.py:2935} INFO - Setting next_dagrun for DM-COUNT-account-turnover to 2022-06-17T21:27:30.430782+00:00
[2022-06-17 21:35:37,321] {processor.py:171} INFO - Processing /opt/airflow/dags/dm_fill_account_turnover.py took 0.418 seconds
[2022-06-17 21:36:07,429] {processor.py:163} INFO - Started process (PID=433) to work on /opt/airflow/dags/dm_fill_account_turnover.py
[2022-06-17 21:36:07,430] {processor.py:642} INFO - Processing file /opt/airflow/dags/dm_fill_account_turnover.py for tasks to queue
[2022-06-17 21:36:07,430] {logging_mixin.py:109} INFO - [2022-06-17 21:36:07,430] {dagbag.py:500} INFO - Filling up the DagBag from /opt/airflow/dags/dm_fill_account_turnover.py
[2022-06-17 21:36:07,454] {logging_mixin.py:109} INFO - [2022-06-17 21:36:07,454] {base.py:79} INFO - Using connection to: id: postgres. Host: postgres, Port: 5432, Schema: postgres, Login: airflow, Password: airflow, extra: {}
[2022-06-17 21:36:07,843] {processor.py:654} INFO - DAG(s) dict_keys(['DM-COUNT-account-turnover']) retrieved from /opt/airflow/dags/dm_fill_account_turnover.py
[2022-06-17 21:36:07,851] {logging_mixin.py:109} INFO - [2022-06-17 21:36:07,851] {dag.py:2396} INFO - Sync 1 DAGs
[2022-06-17 21:36:07,865] {logging_mixin.py:109} INFO - [2022-06-17 21:36:07,865] {dag.py:2935} INFO - Setting next_dagrun for DM-COUNT-account-turnover to 2022-06-17T21:27:30.430782+00:00
[2022-06-17 21:36:07,879] {processor.py:171} INFO - Processing /opt/airflow/dags/dm_fill_account_turnover.py took 0.453 seconds
[2022-06-17 21:36:38,029] {processor.py:163} INFO - Started process (PID=482) to work on /opt/airflow/dags/dm_fill_account_turnover.py
[2022-06-17 21:36:38,030] {processor.py:642} INFO - Processing file /opt/airflow/dags/dm_fill_account_turnover.py for tasks to queue
[2022-06-17 21:36:38,031] {logging_mixin.py:109} INFO - [2022-06-17 21:36:38,030] {dagbag.py:500} INFO - Filling up the DagBag from /opt/airflow/dags/dm_fill_account_turnover.py
[2022-06-17 21:36:38,086] {logging_mixin.py:109} INFO - [2022-06-17 21:36:38,086] {base.py:79} INFO - Using connection to: id: postgres. Host: postgres, Port: 5432, Schema: postgres, Login: airflow, Password: airflow, extra: {}
[2022-06-17 21:36:39,029] {processor.py:654} INFO - DAG(s) dict_keys(['DM-COUNT-account-turnover']) retrieved from /opt/airflow/dags/dm_fill_account_turnover.py
[2022-06-17 21:36:39,051] {logging_mixin.py:109} INFO - [2022-06-17 21:36:39,050] {dag.py:2396} INFO - Sync 1 DAGs
[2022-06-17 21:36:39,065] {logging_mixin.py:109} INFO - [2022-06-17 21:36:39,065] {dag.py:2935} INFO - Setting next_dagrun for DM-COUNT-account-turnover to 2022-06-17T21:27:30.430782+00:00
[2022-06-17 21:36:39,074] {processor.py:171} INFO - Processing /opt/airflow/dags/dm_fill_account_turnover.py took 1.047 seconds
[2022-06-17 21:37:09,180] {processor.py:163} INFO - Started process (PID=518) to work on /opt/airflow/dags/dm_fill_account_turnover.py
[2022-06-17 21:37:09,181] {processor.py:642} INFO - Processing file /opt/airflow/dags/dm_fill_account_turnover.py for tasks to queue
[2022-06-17 21:37:09,182] {logging_mixin.py:109} INFO - [2022-06-17 21:37:09,182] {dagbag.py:500} INFO - Filling up the DagBag from /opt/airflow/dags/dm_fill_account_turnover.py
[2022-06-17 21:37:09,205] {logging_mixin.py:109} INFO - [2022-06-17 21:37:09,204] {base.py:79} INFO - Using connection to: id: postgres. Host: postgres, Port: 5432, Schema: postgres, Login: airflow, Password: airflow, extra: {}
[2022-06-17 21:37:09,576] {processor.py:654} INFO - DAG(s) dict_keys(['DM-COUNT-account-turnover']) retrieved from /opt/airflow/dags/dm_fill_account_turnover.py
[2022-06-17 21:37:09,588] {logging_mixin.py:109} INFO - [2022-06-17 21:37:09,587] {dag.py:2396} INFO - Sync 1 DAGs
[2022-06-17 21:37:09,600] {logging_mixin.py:109} INFO - [2022-06-17 21:37:09,600] {dag.py:2935} INFO - Setting next_dagrun for DM-COUNT-account-turnover to 2022-06-17T21:27:30.430782+00:00
[2022-06-17 21:37:09,610] {processor.py:171} INFO - Processing /opt/airflow/dags/dm_fill_account_turnover.py took 0.433 seconds
[2022-06-17 21:37:40,287] {processor.py:163} INFO - Started process (PID=557) to work on /opt/airflow/dags/dm_fill_account_turnover.py
[2022-06-17 21:37:40,288] {processor.py:642} INFO - Processing file /opt/airflow/dags/dm_fill_account_turnover.py for tasks to queue
[2022-06-17 21:37:40,289] {logging_mixin.py:109} INFO - [2022-06-17 21:37:40,289] {dagbag.py:500} INFO - Filling up the DagBag from /opt/airflow/dags/dm_fill_account_turnover.py
[2022-06-17 21:37:40,310] {logging_mixin.py:109} INFO - [2022-06-17 21:37:40,310] {base.py:79} INFO - Using connection to: id: postgres. Host: postgres, Port: 5432, Schema: postgres, Login: airflow, Password: airflow, extra: {}
[2022-06-17 21:37:40,646] {processor.py:654} INFO - DAG(s) dict_keys(['DM-COUNT-account-turnover']) retrieved from /opt/airflow/dags/dm_fill_account_turnover.py
[2022-06-17 21:37:40,652] {logging_mixin.py:109} INFO - [2022-06-17 21:37:40,652] {dag.py:2396} INFO - Sync 1 DAGs
[2022-06-17 21:37:40,662] {logging_mixin.py:109} INFO - [2022-06-17 21:37:40,662] {dag.py:2935} INFO - Setting next_dagrun for DM-COUNT-account-turnover to 2022-06-17T21:27:30.430782+00:00
[2022-06-17 21:37:40,677] {processor.py:171} INFO - Processing /opt/airflow/dags/dm_fill_account_turnover.py took 0.397 seconds
[2022-06-17 21:38:10,806] {processor.py:163} INFO - Started process (PID=596) to work on /opt/airflow/dags/dm_fill_account_turnover.py
[2022-06-17 21:38:10,807] {processor.py:642} INFO - Processing file /opt/airflow/dags/dm_fill_account_turnover.py for tasks to queue
[2022-06-17 21:38:10,807] {logging_mixin.py:109} INFO - [2022-06-17 21:38:10,807] {dagbag.py:500} INFO - Filling up the DagBag from /opt/airflow/dags/dm_fill_account_turnover.py
[2022-06-17 21:38:10,828] {logging_mixin.py:109} INFO - [2022-06-17 21:38:10,827] {base.py:79} INFO - Using connection to: id: postgres. Host: postgres, Port: 5432, Schema: postgres, Login: airflow, Password: airflow, extra: {}
[2022-06-17 21:38:11,185] {processor.py:654} INFO - DAG(s) dict_keys(['DM-COUNT-account-turnover']) retrieved from /opt/airflow/dags/dm_fill_account_turnover.py
[2022-06-17 21:38:11,192] {logging_mixin.py:109} INFO - [2022-06-17 21:38:11,192] {dag.py:2396} INFO - Sync 1 DAGs
[2022-06-17 21:38:11,204] {logging_mixin.py:109} INFO - [2022-06-17 21:38:11,204] {dag.py:2935} INFO - Setting next_dagrun for DM-COUNT-account-turnover to 2022-06-17T21:27:30.430782+00:00
[2022-06-17 21:38:11,211] {processor.py:171} INFO - Processing /opt/airflow/dags/dm_fill_account_turnover.py took 0.407 seconds
[2022-06-17 21:38:41,329] {processor.py:163} INFO - Started process (PID=626) to work on /opt/airflow/dags/dm_fill_account_turnover.py
[2022-06-17 21:38:41,330] {processor.py:642} INFO - Processing file /opt/airflow/dags/dm_fill_account_turnover.py for tasks to queue
[2022-06-17 21:38:41,331] {logging_mixin.py:109} INFO - [2022-06-17 21:38:41,331] {dagbag.py:500} INFO - Filling up the DagBag from /opt/airflow/dags/dm_fill_account_turnover.py
[2022-06-17 21:38:41,351] {logging_mixin.py:109} INFO - [2022-06-17 21:38:41,351] {base.py:79} INFO - Using connection to: id: postgres. Host: postgres, Port: 5432, Schema: postgres, Login: airflow, Password: airflow, extra: {}
[2022-06-17 21:38:41,696] {processor.py:654} INFO - DAG(s) dict_keys(['DM-COUNT-account-turnover']) retrieved from /opt/airflow/dags/dm_fill_account_turnover.py
[2022-06-17 21:38:41,705] {logging_mixin.py:109} INFO - [2022-06-17 21:38:41,705] {dag.py:2396} INFO - Sync 1 DAGs
[2022-06-17 21:38:41,716] {logging_mixin.py:109} INFO - [2022-06-17 21:38:41,716] {dag.py:2935} INFO - Setting next_dagrun for DM-COUNT-account-turnover to 2022-06-17T21:27:30.430782+00:00
[2022-06-17 21:38:41,730] {processor.py:171} INFO - Processing /opt/airflow/dags/dm_fill_account_turnover.py took 0.403 seconds
[2022-06-17 21:39:11,853] {processor.py:163} INFO - Started process (PID=665) to work on /opt/airflow/dags/dm_fill_account_turnover.py
[2022-06-17 21:39:11,853] {processor.py:642} INFO - Processing file /opt/airflow/dags/dm_fill_account_turnover.py for tasks to queue
[2022-06-17 21:39:11,854] {logging_mixin.py:109} INFO - [2022-06-17 21:39:11,854] {dagbag.py:500} INFO - Filling up the DagBag from /opt/airflow/dags/dm_fill_account_turnover.py
[2022-06-17 21:39:11,874] {logging_mixin.py:109} INFO - [2022-06-17 21:39:11,874] {base.py:79} INFO - Using connection to: id: postgres. Host: postgres, Port: 5432, Schema: postgres, Login: airflow, Password: airflow, extra: {}
[2022-06-17 21:39:12,201] {processor.py:654} INFO - DAG(s) dict_keys(['DM-COUNT-account-turnover']) retrieved from /opt/airflow/dags/dm_fill_account_turnover.py
[2022-06-17 21:39:12,207] {logging_mixin.py:109} INFO - [2022-06-17 21:39:12,206] {dag.py:2396} INFO - Sync 1 DAGs
[2022-06-17 21:39:12,218] {logging_mixin.py:109} INFO - [2022-06-17 21:39:12,218] {dag.py:2935} INFO - Setting next_dagrun for DM-COUNT-account-turnover to 2022-06-17T21:27:30.430782+00:00
[2022-06-17 21:39:12,237] {processor.py:171} INFO - Processing /opt/airflow/dags/dm_fill_account_turnover.py took 0.387 seconds
[2022-06-17 21:39:42,348] {processor.py:163} INFO - Started process (PID=704) to work on /opt/airflow/dags/dm_fill_account_turnover.py
[2022-06-17 21:39:42,349] {processor.py:642} INFO - Processing file /opt/airflow/dags/dm_fill_account_turnover.py for tasks to queue
[2022-06-17 21:39:42,349] {logging_mixin.py:109} INFO - [2022-06-17 21:39:42,349] {dagbag.py:500} INFO - Filling up the DagBag from /opt/airflow/dags/dm_fill_account_turnover.py
[2022-06-17 21:39:42,370] {logging_mixin.py:109} INFO - [2022-06-17 21:39:42,370] {base.py:79} INFO - Using connection to: id: postgres. Host: postgres, Port: 5432, Schema: postgres, Login: airflow, Password: airflow, extra: {}
[2022-06-17 21:39:42,768] {processor.py:654} INFO - DAG(s) dict_keys(['DM-COUNT-account-turnover']) retrieved from /opt/airflow/dags/dm_fill_account_turnover.py
[2022-06-17 21:39:42,776] {logging_mixin.py:109} INFO - [2022-06-17 21:39:42,775] {dag.py:2396} INFO - Sync 1 DAGs
[2022-06-17 21:39:42,788] {logging_mixin.py:109} INFO - [2022-06-17 21:39:42,788] {dag.py:2935} INFO - Setting next_dagrun for DM-COUNT-account-turnover to 2022-06-17T21:27:30.430782+00:00
[2022-06-17 21:39:42,801] {processor.py:171} INFO - Processing /opt/airflow/dags/dm_fill_account_turnover.py took 0.456 seconds
[2022-06-17 21:40:12,900] {processor.py:163} INFO - Started process (PID=734) to work on /opt/airflow/dags/dm_fill_account_turnover.py
[2022-06-17 21:40:12,901] {processor.py:642} INFO - Processing file /opt/airflow/dags/dm_fill_account_turnover.py for tasks to queue
[2022-06-17 21:40:12,901] {logging_mixin.py:109} INFO - [2022-06-17 21:40:12,901] {dagbag.py:500} INFO - Filling up the DagBag from /opt/airflow/dags/dm_fill_account_turnover.py
[2022-06-17 21:40:12,924] {logging_mixin.py:109} INFO - [2022-06-17 21:40:12,924] {base.py:79} INFO - Using connection to: id: postgres. Host: postgres, Port: 5432, Schema: postgres, Login: airflow, Password: airflow, extra: {}
[2022-06-17 21:40:13,254] {processor.py:654} INFO - DAG(s) dict_keys(['DM-COUNT-account-turnover']) retrieved from /opt/airflow/dags/dm_fill_account_turnover.py
[2022-06-17 21:40:13,261] {logging_mixin.py:109} INFO - [2022-06-17 21:40:13,260] {dag.py:2396} INFO - Sync 1 DAGs
[2022-06-17 21:40:13,270] {logging_mixin.py:109} INFO - [2022-06-17 21:40:13,270] {dag.py:2935} INFO - Setting next_dagrun for DM-COUNT-account-turnover to 2022-06-17T21:27:30.430782+00:00
[2022-06-17 21:40:13,282] {processor.py:171} INFO - Processing /opt/airflow/dags/dm_fill_account_turnover.py took 0.385 seconds
[2022-06-17 21:40:43,396] {processor.py:163} INFO - Started process (PID=773) to work on /opt/airflow/dags/dm_fill_account_turnover.py
[2022-06-17 21:40:43,402] {processor.py:642} INFO - Processing file /opt/airflow/dags/dm_fill_account_turnover.py for tasks to queue
[2022-06-17 21:40:43,403] {logging_mixin.py:109} INFO - [2022-06-17 21:40:43,403] {dagbag.py:500} INFO - Filling up the DagBag from /opt/airflow/dags/dm_fill_account_turnover.py
[2022-06-17 21:40:43,424] {logging_mixin.py:109} INFO - [2022-06-17 21:40:43,423] {base.py:79} INFO - Using connection to: id: postgres. Host: postgres, Port: 5432, Schema: postgres, Login: airflow, Password: airflow, extra: {}
[2022-06-17 21:40:43,785] {processor.py:654} INFO - DAG(s) dict_keys(['DM-COUNT-account-turnover']) retrieved from /opt/airflow/dags/dm_fill_account_turnover.py
[2022-06-17 21:40:43,792] {logging_mixin.py:109} INFO - [2022-06-17 21:40:43,792] {dag.py:2396} INFO - Sync 1 DAGs
[2022-06-17 21:40:43,803] {logging_mixin.py:109} INFO - [2022-06-17 21:40:43,802] {dag.py:2935} INFO - Setting next_dagrun for DM-COUNT-account-turnover to 2022-06-17T21:27:30.430782+00:00
[2022-06-17 21:40:43,819] {processor.py:171} INFO - Processing /opt/airflow/dags/dm_fill_account_turnover.py took 0.426 seconds
[2022-06-17 21:40:55,872] {processor.py:163} INFO - Started process (PID=794) to work on /opt/airflow/dags/dm_fill_account_turnover.py
[2022-06-17 21:40:55,873] {processor.py:642} INFO - Processing file /opt/airflow/dags/dm_fill_account_turnover.py for tasks to queue
[2022-06-17 21:40:55,874] {logging_mixin.py:109} INFO - [2022-06-17 21:40:55,873] {dagbag.py:500} INFO - Filling up the DagBag from /opt/airflow/dags/dm_fill_account_turnover.py
[2022-06-17 21:40:55,895] {logging_mixin.py:109} INFO - [2022-06-17 21:40:55,895] {base.py:79} INFO - Using connection to: id: postgres. Host: postgres, Port: 5432, Schema: postgres, Login: airflow, Password: airflow, extra: {}
[2022-06-17 21:40:56,247] {processor.py:654} INFO - DAG(s) dict_keys(['DM-COUNT-account-turnover']) retrieved from /opt/airflow/dags/dm_fill_account_turnover.py
[2022-06-17 21:40:56,680] {logging_mixin.py:109} INFO - [2022-06-17 21:40:56,680] {dag.py:2396} INFO - Sync 1 DAGs
[2022-06-17 21:40:56,695] {logging_mixin.py:109} INFO - [2022-06-17 21:40:56,694] {dag.py:2935} INFO - Setting next_dagrun for DM-COUNT-account-turnover to 2022-06-17T21:27:30.430782+00:00
[2022-06-17 21:40:56,710] {processor.py:171} INFO - Processing /opt/airflow/dags/dm_fill_account_turnover.py took 0.840 seconds
[2022-06-17 21:41:26,799] {processor.py:163} INFO - Started process (PID=839) to work on /opt/airflow/dags/dm_fill_account_turnover.py
[2022-06-17 21:41:26,800] {processor.py:642} INFO - Processing file /opt/airflow/dags/dm_fill_account_turnover.py for tasks to queue
[2022-06-17 21:41:26,801] {logging_mixin.py:109} INFO - [2022-06-17 21:41:26,801] {dagbag.py:500} INFO - Filling up the DagBag from /opt/airflow/dags/dm_fill_account_turnover.py
[2022-06-17 21:41:26,837] {logging_mixin.py:109} INFO - [2022-06-17 21:41:26,837] {base.py:79} INFO - Using connection to: id: postgres. Host: postgres, Port: 5432, Schema: postgres, Login: airflow, Password: airflow, extra: {}
[2022-06-17 21:41:27,293] {processor.py:654} INFO - DAG(s) dict_keys(['DM-COUNT-account-turnover']) retrieved from /opt/airflow/dags/dm_fill_account_turnover.py
[2022-06-17 21:41:27,301] {logging_mixin.py:109} INFO - [2022-06-17 21:41:27,301] {dag.py:2396} INFO - Sync 1 DAGs
[2022-06-17 21:41:27,313] {logging_mixin.py:109} INFO - [2022-06-17 21:41:27,313] {dag.py:2935} INFO - Setting next_dagrun for DM-COUNT-account-turnover to 2022-06-17T21:27:30.430782+00:00
[2022-06-17 21:41:27,321] {processor.py:171} INFO - Processing /opt/airflow/dags/dm_fill_account_turnover.py took 0.525 seconds
[2022-06-17 21:41:57,403] {processor.py:163} INFO - Started process (PID=869) to work on /opt/airflow/dags/dm_fill_account_turnover.py
[2022-06-17 21:41:57,403] {processor.py:642} INFO - Processing file /opt/airflow/dags/dm_fill_account_turnover.py for tasks to queue
[2022-06-17 21:41:57,404] {logging_mixin.py:109} INFO - [2022-06-17 21:41:57,404] {dagbag.py:500} INFO - Filling up the DagBag from /opt/airflow/dags/dm_fill_account_turnover.py
[2022-06-17 21:41:57,424] {logging_mixin.py:109} INFO - [2022-06-17 21:41:57,424] {base.py:79} INFO - Using connection to: id: postgres. Host: postgres, Port: 5432, Schema: postgres, Login: airflow, Password: airflow, extra: {}
[2022-06-17 21:41:57,785] {processor.py:654} INFO - DAG(s) dict_keys(['DM-COUNT-account-turnover']) retrieved from /opt/airflow/dags/dm_fill_account_turnover.py
[2022-06-17 21:41:57,792] {logging_mixin.py:109} INFO - [2022-06-17 21:41:57,792] {dag.py:2396} INFO - Sync 1 DAGs
[2022-06-17 21:41:57,802] {logging_mixin.py:109} INFO - [2022-06-17 21:41:57,802] {dag.py:2935} INFO - Setting next_dagrun for DM-COUNT-account-turnover to 2022-06-17T21:27:30.430782+00:00
[2022-06-17 21:41:57,815] {processor.py:171} INFO - Processing /opt/airflow/dags/dm_fill_account_turnover.py took 0.415 seconds
[2022-06-17 21:42:27,894] {processor.py:163} INFO - Started process (PID=908) to work on /opt/airflow/dags/dm_fill_account_turnover.py
[2022-06-17 21:42:27,900] {processor.py:642} INFO - Processing file /opt/airflow/dags/dm_fill_account_turnover.py for tasks to queue
[2022-06-17 21:42:27,900] {logging_mixin.py:109} INFO - [2022-06-17 21:42:27,900] {dagbag.py:500} INFO - Filling up the DagBag from /opt/airflow/dags/dm_fill_account_turnover.py
[2022-06-17 21:42:27,921] {logging_mixin.py:109} INFO - [2022-06-17 21:42:27,920] {base.py:79} INFO - Using connection to: id: postgres. Host: postgres, Port: 5432, Schema: postgres, Login: airflow, Password: airflow, extra: {}
[2022-06-17 21:42:28,260] {processor.py:654} INFO - DAG(s) dict_keys(['DM-COUNT-account-turnover']) retrieved from /opt/airflow/dags/dm_fill_account_turnover.py
[2022-06-17 21:42:28,266] {logging_mixin.py:109} INFO - [2022-06-17 21:42:28,266] {dag.py:2396} INFO - Sync 1 DAGs
[2022-06-17 21:42:28,276] {logging_mixin.py:109} INFO - [2022-06-17 21:42:28,276] {dag.py:2935} INFO - Setting next_dagrun for DM-COUNT-account-turnover to 2022-06-17T21:27:30.430782+00:00
[2022-06-17 21:42:28,292] {processor.py:171} INFO - Processing /opt/airflow/dags/dm_fill_account_turnover.py took 0.401 seconds
[2022-06-17 21:42:58,394] {processor.py:163} INFO - Started process (PID=938) to work on /opt/airflow/dags/dm_fill_account_turnover.py
[2022-06-17 21:42:58,395] {processor.py:642} INFO - Processing file /opt/airflow/dags/dm_fill_account_turnover.py for tasks to queue
[2022-06-17 21:42:58,395] {logging_mixin.py:109} INFO - [2022-06-17 21:42:58,395] {dagbag.py:500} INFO - Filling up the DagBag from /opt/airflow/dags/dm_fill_account_turnover.py
[2022-06-17 21:42:58,417] {logging_mixin.py:109} INFO - [2022-06-17 21:42:58,417] {base.py:79} INFO - Using connection to: id: postgres. Host: postgres, Port: 5432, Schema: postgres, Login: airflow, Password: airflow, extra: {}
[2022-06-17 21:42:58,777] {processor.py:654} INFO - DAG(s) dict_keys(['DM-COUNT-account-turnover']) retrieved from /opt/airflow/dags/dm_fill_account_turnover.py
[2022-06-17 21:42:58,784] {logging_mixin.py:109} INFO - [2022-06-17 21:42:58,784] {dag.py:2396} INFO - Sync 1 DAGs
[2022-06-17 21:42:58,795] {logging_mixin.py:109} INFO - [2022-06-17 21:42:58,794] {dag.py:2935} INFO - Setting next_dagrun for DM-COUNT-account-turnover to 2022-06-17T21:27:30.430782+00:00
[2022-06-17 21:42:58,806] {processor.py:171} INFO - Processing /opt/airflow/dags/dm_fill_account_turnover.py took 0.415 seconds
[2022-06-17 21:43:28,895] {processor.py:163} INFO - Started process (PID=977) to work on /opt/airflow/dags/dm_fill_account_turnover.py
[2022-06-17 21:43:28,896] {processor.py:642} INFO - Processing file /opt/airflow/dags/dm_fill_account_turnover.py for tasks to queue
[2022-06-17 21:43:28,896] {logging_mixin.py:109} INFO - [2022-06-17 21:43:28,896] {dagbag.py:500} INFO - Filling up the DagBag from /opt/airflow/dags/dm_fill_account_turnover.py
[2022-06-17 21:43:28,917] {logging_mixin.py:109} INFO - [2022-06-17 21:43:28,917] {base.py:79} INFO - Using connection to: id: postgres. Host: postgres, Port: 5432, Schema: postgres, Login: airflow, Password: airflow, extra: {}
[2022-06-17 21:43:29,260] {processor.py:654} INFO - DAG(s) dict_keys(['DM-COUNT-account-turnover']) retrieved from /opt/airflow/dags/dm_fill_account_turnover.py
[2022-06-17 21:43:29,266] {logging_mixin.py:109} INFO - [2022-06-17 21:43:29,266] {dag.py:2396} INFO - Sync 1 DAGs
[2022-06-17 21:43:29,276] {logging_mixin.py:109} INFO - [2022-06-17 21:43:29,276] {dag.py:2935} INFO - Setting next_dagrun for DM-COUNT-account-turnover to 2022-06-17T21:27:30.430782+00:00
[2022-06-17 21:43:29,288] {processor.py:171} INFO - Processing /opt/airflow/dags/dm_fill_account_turnover.py took 0.395 seconds
[2022-06-17 21:43:59,384] {processor.py:163} INFO - Started process (PID=1016) to work on /opt/airflow/dags/dm_fill_account_turnover.py
[2022-06-17 21:43:59,385] {processor.py:642} INFO - Processing file /opt/airflow/dags/dm_fill_account_turnover.py for tasks to queue
[2022-06-17 21:43:59,385] {logging_mixin.py:109} INFO - [2022-06-17 21:43:59,385] {dagbag.py:500} INFO - Filling up the DagBag from /opt/airflow/dags/dm_fill_account_turnover.py
[2022-06-17 21:43:59,406] {logging_mixin.py:109} INFO - [2022-06-17 21:43:59,406] {base.py:79} INFO - Using connection to: id: postgres. Host: postgres, Port: 5432, Schema: postgres, Login: airflow, Password: airflow, extra: {}
[2022-06-17 21:43:59,751] {processor.py:654} INFO - DAG(s) dict_keys(['DM-COUNT-account-turnover']) retrieved from /opt/airflow/dags/dm_fill_account_turnover.py
[2022-06-17 21:43:59,757] {logging_mixin.py:109} INFO - [2022-06-17 21:43:59,757] {dag.py:2396} INFO - Sync 1 DAGs
[2022-06-17 21:43:59,777] {logging_mixin.py:109} INFO - [2022-06-17 21:43:59,776] {dag.py:2935} INFO - Setting next_dagrun for DM-COUNT-account-turnover to 2022-06-17T21:27:30.430782+00:00
[2022-06-17 21:43:59,789] {processor.py:171} INFO - Processing /opt/airflow/dags/dm_fill_account_turnover.py took 0.408 seconds
[2022-06-17 21:44:29,882] {processor.py:163} INFO - Started process (PID=1046) to work on /opt/airflow/dags/dm_fill_account_turnover.py
[2022-06-17 21:44:29,883] {processor.py:642} INFO - Processing file /opt/airflow/dags/dm_fill_account_turnover.py for tasks to queue
[2022-06-17 21:44:29,884] {logging_mixin.py:109} INFO - [2022-06-17 21:44:29,884] {dagbag.py:500} INFO - Filling up the DagBag from /opt/airflow/dags/dm_fill_account_turnover.py
[2022-06-17 21:44:29,905] {logging_mixin.py:109} INFO - [2022-06-17 21:44:29,905] {base.py:79} INFO - Using connection to: id: postgres. Host: postgres, Port: 5432, Schema: postgres, Login: airflow, Password: airflow, extra: {}
[2022-06-17 21:44:30,264] {processor.py:654} INFO - DAG(s) dict_keys(['DM-COUNT-account-turnover']) retrieved from /opt/airflow/dags/dm_fill_account_turnover.py
[2022-06-17 21:44:30,271] {logging_mixin.py:109} INFO - [2022-06-17 21:44:30,271] {dag.py:2396} INFO - Sync 1 DAGs
[2022-06-17 21:44:30,281] {logging_mixin.py:109} INFO - [2022-06-17 21:44:30,281] {dag.py:2935} INFO - Setting next_dagrun for DM-COUNT-account-turnover to 2022-06-17T21:27:30.430782+00:00
[2022-06-17 21:44:30,293] {processor.py:171} INFO - Processing /opt/airflow/dags/dm_fill_account_turnover.py took 0.413 seconds
[2022-06-17 21:45:00,363] {processor.py:163} INFO - Started process (PID=1085) to work on /opt/airflow/dags/dm_fill_account_turnover.py
[2022-06-17 21:45:00,363] {processor.py:642} INFO - Processing file /opt/airflow/dags/dm_fill_account_turnover.py for tasks to queue
[2022-06-17 21:45:00,364] {logging_mixin.py:109} INFO - [2022-06-17 21:45:00,364] {dagbag.py:500} INFO - Filling up the DagBag from /opt/airflow/dags/dm_fill_account_turnover.py
[2022-06-17 21:45:00,385] {logging_mixin.py:109} INFO - [2022-06-17 21:45:00,385] {base.py:79} INFO - Using connection to: id: postgres. Host: postgres, Port: 5432, Schema: postgres, Login: airflow, Password: airflow, extra: {}
[2022-06-17 21:45:00,739] {processor.py:654} INFO - DAG(s) dict_keys(['DM-COUNT-account-turnover']) retrieved from /opt/airflow/dags/dm_fill_account_turnover.py
[2022-06-17 21:45:00,930] {logging_mixin.py:109} INFO - [2022-06-17 21:45:00,929] {dag.py:2396} INFO - Sync 1 DAGs
[2022-06-17 21:45:00,940] {logging_mixin.py:109} INFO - [2022-06-17 21:45:00,940] {dag.py:2935} INFO - Setting next_dagrun for DM-COUNT-account-turnover to 2022-06-17T21:27:30.430782+00:00
[2022-06-17 21:45:00,954] {processor.py:171} INFO - Processing /opt/airflow/dags/dm_fill_account_turnover.py took 0.593 seconds
[2022-06-17 21:45:31,050] {processor.py:163} INFO - Started process (PID=1124) to work on /opt/airflow/dags/dm_fill_account_turnover.py
[2022-06-17 21:45:31,051] {processor.py:642} INFO - Processing file /opt/airflow/dags/dm_fill_account_turnover.py for tasks to queue
[2022-06-17 21:45:31,051] {logging_mixin.py:109} INFO - [2022-06-17 21:45:31,051] {dagbag.py:500} INFO - Filling up the DagBag from /opt/airflow/dags/dm_fill_account_turnover.py
[2022-06-17 21:45:31,071] {logging_mixin.py:109} INFO - [2022-06-17 21:45:31,071] {base.py:79} INFO - Using connection to: id: postgres. Host: postgres, Port: 5432, Schema: postgres, Login: airflow, Password: airflow, extra: {}
[2022-06-17 21:45:31,465] {processor.py:654} INFO - DAG(s) dict_keys(['DM-COUNT-account-turnover']) retrieved from /opt/airflow/dags/dm_fill_account_turnover.py
[2022-06-17 21:45:31,475] {logging_mixin.py:109} INFO - [2022-06-17 21:45:31,475] {dag.py:2396} INFO - Sync 1 DAGs
[2022-06-17 21:45:31,488] {logging_mixin.py:109} INFO - [2022-06-17 21:45:31,488] {dag.py:2935} INFO - Setting next_dagrun for DM-COUNT-account-turnover to 2022-06-17T21:27:30.430782+00:00
[2022-06-17 21:45:31,503] {processor.py:171} INFO - Processing /opt/airflow/dags/dm_fill_account_turnover.py took 0.455 seconds
[2022-06-17 21:46:01,573] {processor.py:163} INFO - Started process (PID=1155) to work on /opt/airflow/dags/dm_fill_account_turnover.py
[2022-06-17 21:46:01,574] {processor.py:642} INFO - Processing file /opt/airflow/dags/dm_fill_account_turnover.py for tasks to queue
[2022-06-17 21:46:01,575] {logging_mixin.py:109} INFO - [2022-06-17 21:46:01,575] {dagbag.py:500} INFO - Filling up the DagBag from /opt/airflow/dags/dm_fill_account_turnover.py
[2022-06-17 21:46:01,607] {logging_mixin.py:109} INFO - [2022-06-17 21:46:01,607] {base.py:79} INFO - Using connection to: id: postgres. Host: postgres, Port: 5432, Schema: postgres, Login: airflow, Password: airflow, extra: {}
[2022-06-17 21:46:01,970] {processor.py:654} INFO - DAG(s) dict_keys(['DM-COUNT-account-turnover']) retrieved from /opt/airflow/dags/dm_fill_account_turnover.py
[2022-06-17 21:46:01,977] {logging_mixin.py:109} INFO - [2022-06-17 21:46:01,976] {dag.py:2396} INFO - Sync 1 DAGs
[2022-06-17 21:46:01,987] {logging_mixin.py:109} INFO - [2022-06-17 21:46:01,987] {dag.py:2935} INFO - Setting next_dagrun for DM-COUNT-account-turnover to 2022-06-17T21:27:30.430782+00:00
[2022-06-17 21:46:01,994] {processor.py:171} INFO - Processing /opt/airflow/dags/dm_fill_account_turnover.py took 0.424 seconds
[2022-06-17 21:46:32,072] {processor.py:163} INFO - Started process (PID=1200) to work on /opt/airflow/dags/dm_fill_account_turnover.py
[2022-06-17 21:46:32,074] {processor.py:642} INFO - Processing file /opt/airflow/dags/dm_fill_account_turnover.py for tasks to queue
[2022-06-17 21:46:32,074] {logging_mixin.py:109} INFO - [2022-06-17 21:46:32,074] {dagbag.py:500} INFO - Filling up the DagBag from /opt/airflow/dags/dm_fill_account_turnover.py
[2022-06-17 21:46:32,096] {logging_mixin.py:109} INFO - [2022-06-17 21:46:32,096] {base.py:79} INFO - Using connection to: id: postgres. Host: postgres, Port: 5432, Schema: postgres, Login: airflow, Password: airflow, extra: {}
[2022-06-17 21:46:32,452] {processor.py:654} INFO - DAG(s) dict_keys(['DM-COUNT-account-turnover']) retrieved from /opt/airflow/dags/dm_fill_account_turnover.py
[2022-06-17 21:46:32,460] {logging_mixin.py:109} INFO - [2022-06-17 21:46:32,459] {dag.py:2396} INFO - Sync 1 DAGs
[2022-06-17 21:46:32,470] {logging_mixin.py:109} INFO - [2022-06-17 21:46:32,470] {dag.py:2935} INFO - Setting next_dagrun for DM-COUNT-account-turnover to 2022-06-17T21:27:30.430782+00:00
[2022-06-17 21:46:32,482] {processor.py:171} INFO - Processing /opt/airflow/dags/dm_fill_account_turnover.py took 0.413 seconds
[2022-06-17 21:47:02,554] {processor.py:163} INFO - Started process (PID=1230) to work on /opt/airflow/dags/dm_fill_account_turnover.py
[2022-06-17 21:47:02,555] {processor.py:642} INFO - Processing file /opt/airflow/dags/dm_fill_account_turnover.py for tasks to queue
[2022-06-17 21:47:02,555] {logging_mixin.py:109} INFO - [2022-06-17 21:47:02,555] {dagbag.py:500} INFO - Filling up the DagBag from /opt/airflow/dags/dm_fill_account_turnover.py
[2022-06-17 21:47:02,575] {logging_mixin.py:109} INFO - [2022-06-17 21:47:02,575] {base.py:79} INFO - Using connection to: id: postgres. Host: postgres, Port: 5432, Schema: postgres, Login: airflow, Password: airflow, extra: {}
[2022-06-17 21:47:02,930] {processor.py:654} INFO - DAG(s) dict_keys(['DM-COUNT-account-turnover']) retrieved from /opt/airflow/dags/dm_fill_account_turnover.py
[2022-06-17 21:47:02,937] {logging_mixin.py:109} INFO - [2022-06-17 21:47:02,936] {dag.py:2396} INFO - Sync 1 DAGs
[2022-06-17 21:47:02,947] {logging_mixin.py:109} INFO - [2022-06-17 21:47:02,947] {dag.py:2935} INFO - Setting next_dagrun for DM-COUNT-account-turnover to 2022-06-17T21:27:30.430782+00:00
[2022-06-17 21:47:02,959] {processor.py:171} INFO - Processing /opt/airflow/dags/dm_fill_account_turnover.py took 0.408 seconds
[2022-06-17 21:47:33,036] {processor.py:163} INFO - Started process (PID=1269) to work on /opt/airflow/dags/dm_fill_account_turnover.py
[2022-06-17 21:47:33,037] {processor.py:642} INFO - Processing file /opt/airflow/dags/dm_fill_account_turnover.py for tasks to queue
[2022-06-17 21:47:33,037] {logging_mixin.py:109} INFO - [2022-06-17 21:47:33,037] {dagbag.py:500} INFO - Filling up the DagBag from /opt/airflow/dags/dm_fill_account_turnover.py
[2022-06-17 21:47:33,057] {logging_mixin.py:109} INFO - [2022-06-17 21:47:33,056] {base.py:79} INFO - Using connection to: id: postgres. Host: postgres, Port: 5432, Schema: postgres, Login: airflow, Password: airflow, extra: {}
[2022-06-17 21:47:33,423] {processor.py:654} INFO - DAG(s) dict_keys(['DM-COUNT-account-turnover']) retrieved from /opt/airflow/dags/dm_fill_account_turnover.py
[2022-06-17 21:47:33,430] {logging_mixin.py:109} INFO - [2022-06-17 21:47:33,430] {dag.py:2396} INFO - Sync 1 DAGs
[2022-06-17 21:47:33,441] {logging_mixin.py:109} INFO - [2022-06-17 21:47:33,441] {dag.py:2935} INFO - Setting next_dagrun for DM-COUNT-account-turnover to 2022-06-17T21:27:30.430782+00:00
[2022-06-17 21:47:33,453] {processor.py:171} INFO - Processing /opt/airflow/dags/dm_fill_account_turnover.py took 0.420 seconds
[2022-06-17 21:48:03,527] {processor.py:163} INFO - Started process (PID=1308) to work on /opt/airflow/dags/dm_fill_account_turnover.py
[2022-06-17 21:48:03,528] {processor.py:642} INFO - Processing file /opt/airflow/dags/dm_fill_account_turnover.py for tasks to queue
[2022-06-17 21:48:03,528] {logging_mixin.py:109} INFO - [2022-06-17 21:48:03,528] {dagbag.py:500} INFO - Filling up the DagBag from /opt/airflow/dags/dm_fill_account_turnover.py
[2022-06-17 21:48:03,551] {logging_mixin.py:109} INFO - [2022-06-17 21:48:03,551] {base.py:79} INFO - Using connection to: id: postgres. Host: postgres, Port: 5432, Schema: postgres, Login: airflow, Password: airflow, extra: {}
[2022-06-17 21:48:03,928] {processor.py:654} INFO - DAG(s) dict_keys(['DM-COUNT-account-turnover']) retrieved from /opt/airflow/dags/dm_fill_account_turnover.py
[2022-06-17 21:48:03,936] {logging_mixin.py:109} INFO - [2022-06-17 21:48:03,935] {dag.py:2396} INFO - Sync 1 DAGs
[2022-06-17 21:48:03,948] {logging_mixin.py:109} INFO - [2022-06-17 21:48:03,948] {dag.py:2935} INFO - Setting next_dagrun for DM-COUNT-account-turnover to 2022-06-17T21:27:30.430782+00:00
[2022-06-17 21:48:03,955] {processor.py:171} INFO - Processing /opt/airflow/dags/dm_fill_account_turnover.py took 0.430 seconds
[2022-06-17 21:48:34,027] {processor.py:163} INFO - Started process (PID=1338) to work on /opt/airflow/dags/dm_fill_account_turnover.py
[2022-06-17 21:48:34,028] {processor.py:642} INFO - Processing file /opt/airflow/dags/dm_fill_account_turnover.py for tasks to queue
[2022-06-17 21:48:34,028] {logging_mixin.py:109} INFO - [2022-06-17 21:48:34,028] {dagbag.py:500} INFO - Filling up the DagBag from /opt/airflow/dags/dm_fill_account_turnover.py
[2022-06-17 21:48:34,053] {logging_mixin.py:109} INFO - [2022-06-17 21:48:34,053] {base.py:79} INFO - Using connection to: id: postgres. Host: postgres, Port: 5432, Schema: postgres, Login: airflow, Password: airflow, extra: {}
[2022-06-17 21:48:34,481] {processor.py:654} INFO - DAG(s) dict_keys(['DM-COUNT-account-turnover']) retrieved from /opt/airflow/dags/dm_fill_account_turnover.py
[2022-06-17 21:48:34,488] {logging_mixin.py:109} INFO - [2022-06-17 21:48:34,487] {dag.py:2396} INFO - Sync 1 DAGs
[2022-06-17 21:48:34,500] {logging_mixin.py:109} INFO - [2022-06-17 21:48:34,500] {dag.py:2935} INFO - Setting next_dagrun for DM-COUNT-account-turnover to 2022-06-17T21:27:30.430782+00:00
[2022-06-17 21:48:34,508] {processor.py:171} INFO - Processing /opt/airflow/dags/dm_fill_account_turnover.py took 0.484 seconds
[2022-06-17 21:49:04,581] {processor.py:163} INFO - Started process (PID=1377) to work on /opt/airflow/dags/dm_fill_account_turnover.py
[2022-06-17 21:49:04,582] {processor.py:642} INFO - Processing file /opt/airflow/dags/dm_fill_account_turnover.py for tasks to queue
[2022-06-17 21:49:04,582] {logging_mixin.py:109} INFO - [2022-06-17 21:49:04,582] {dagbag.py:500} INFO - Filling up the DagBag from /opt/airflow/dags/dm_fill_account_turnover.py
[2022-06-17 21:49:04,604] {logging_mixin.py:109} INFO - [2022-06-17 21:49:04,604] {base.py:79} INFO - Using connection to: id: postgres. Host: postgres, Port: 5432, Schema: postgres, Login: airflow, Password: airflow, extra: {}
[2022-06-17 21:49:05,006] {processor.py:654} INFO - DAG(s) dict_keys(['DM-COUNT-account-turnover']) retrieved from /opt/airflow/dags/dm_fill_account_turnover.py
[2022-06-17 21:49:05,015] {logging_mixin.py:109} INFO - [2022-06-17 21:49:05,014] {dag.py:2396} INFO - Sync 1 DAGs
[2022-06-17 21:49:05,028] {logging_mixin.py:109} INFO - [2022-06-17 21:49:05,027] {dag.py:2935} INFO - Setting next_dagrun for DM-COUNT-account-turnover to 2022-06-17T21:27:30.430782+00:00
[2022-06-17 21:49:05,049] {processor.py:171} INFO - Processing /opt/airflow/dags/dm_fill_account_turnover.py took 0.470 seconds
[2022-06-17 21:49:35,113] {processor.py:163} INFO - Started process (PID=1406) to work on /opt/airflow/dags/dm_fill_account_turnover.py
[2022-06-17 21:49:35,114] {processor.py:642} INFO - Processing file /opt/airflow/dags/dm_fill_account_turnover.py for tasks to queue
[2022-06-17 21:49:35,114] {logging_mixin.py:109} INFO - [2022-06-17 21:49:35,114] {dagbag.py:500} INFO - Filling up the DagBag from /opt/airflow/dags/dm_fill_account_turnover.py
[2022-06-17 21:49:35,137] {logging_mixin.py:109} INFO - [2022-06-17 21:49:35,137] {base.py:79} INFO - Using connection to: id: postgres. Host: postgres, Port: 5432, Schema: postgres, Login: airflow, Password: airflow, extra: {}
[2022-06-17 21:49:35,563] {processor.py:654} INFO - DAG(s) dict_keys(['DM-COUNT-account-turnover']) retrieved from /opt/airflow/dags/dm_fill_account_turnover.py
[2022-06-17 21:49:35,572] {logging_mixin.py:109} INFO - [2022-06-17 21:49:35,571] {dag.py:2396} INFO - Sync 1 DAGs
[2022-06-17 21:49:35,585] {logging_mixin.py:109} INFO - [2022-06-17 21:49:35,585] {dag.py:2935} INFO - Setting next_dagrun for DM-COUNT-account-turnover to 2022-06-17T21:27:30.430782+00:00
[2022-06-17 21:49:35,598] {processor.py:171} INFO - Processing /opt/airflow/dags/dm_fill_account_turnover.py took 0.487 seconds
[2022-06-17 21:50:05,671] {processor.py:163} INFO - Started process (PID=1445) to work on /opt/airflow/dags/dm_fill_account_turnover.py
[2022-06-17 21:50:05,672] {processor.py:642} INFO - Processing file /opt/airflow/dags/dm_fill_account_turnover.py for tasks to queue
[2022-06-17 21:50:05,673] {logging_mixin.py:109} INFO - [2022-06-17 21:50:05,673] {dagbag.py:500} INFO - Filling up the DagBag from /opt/airflow/dags/dm_fill_account_turnover.py
[2022-06-17 21:50:05,697] {logging_mixin.py:109} INFO - [2022-06-17 21:50:05,697] {base.py:79} INFO - Using connection to: id: postgres. Host: postgres, Port: 5432, Schema: postgres, Login: airflow, Password: airflow, extra: {}
[2022-06-17 21:50:06,140] {processor.py:654} INFO - DAG(s) dict_keys(['DM-COUNT-account-turnover']) retrieved from /opt/airflow/dags/dm_fill_account_turnover.py
[2022-06-17 21:50:06,150] {logging_mixin.py:109} INFO - [2022-06-17 21:50:06,150] {dag.py:2396} INFO - Sync 1 DAGs
[2022-06-17 21:50:06,163] {logging_mixin.py:109} INFO - [2022-06-17 21:50:06,163] {dag.py:2935} INFO - Setting next_dagrun for DM-COUNT-account-turnover to 2022-06-17T21:27:30.430782+00:00
[2022-06-17 21:50:06,177] {processor.py:171} INFO - Processing /opt/airflow/dags/dm_fill_account_turnover.py took 0.508 seconds
[2022-06-17 21:50:36,248] {processor.py:163} INFO - Started process (PID=1484) to work on /opt/airflow/dags/dm_fill_account_turnover.py
[2022-06-17 21:50:36,249] {processor.py:642} INFO - Processing file /opt/airflow/dags/dm_fill_account_turnover.py for tasks to queue
[2022-06-17 21:50:36,250] {logging_mixin.py:109} INFO - [2022-06-17 21:50:36,250] {dagbag.py:500} INFO - Filling up the DagBag from /opt/airflow/dags/dm_fill_account_turnover.py
[2022-06-17 21:50:36,279] {logging_mixin.py:109} INFO - [2022-06-17 21:50:36,278] {base.py:79} INFO - Using connection to: id: postgres. Host: postgres, Port: 5432, Schema: postgres, Login: airflow, Password: airflow, extra: {}
[2022-06-17 21:50:36,812] {processor.py:654} INFO - DAG(s) dict_keys(['DM-COUNT-account-turnover']) retrieved from /opt/airflow/dags/dm_fill_account_turnover.py
[2022-06-17 21:50:36,830] {logging_mixin.py:109} INFO - [2022-06-17 21:50:36,830] {dag.py:2396} INFO - Sync 1 DAGs
[2022-06-17 21:50:36,847] {logging_mixin.py:109} INFO - [2022-06-17 21:50:36,847] {dag.py:2935} INFO - Setting next_dagrun for DM-COUNT-account-turnover to 2022-06-17T21:27:30.430782+00:00
[2022-06-17 21:50:36,864] {processor.py:171} INFO - Processing /opt/airflow/dags/dm_fill_account_turnover.py took 0.618 seconds
[2022-06-17 21:51:06,945] {processor.py:163} INFO - Started process (PID=1514) to work on /opt/airflow/dags/dm_fill_account_turnover.py
[2022-06-17 21:51:06,947] {processor.py:642} INFO - Processing file /opt/airflow/dags/dm_fill_account_turnover.py for tasks to queue
[2022-06-17 21:51:06,947] {logging_mixin.py:109} INFO - [2022-06-17 21:51:06,947] {dagbag.py:500} INFO - Filling up the DagBag from /opt/airflow/dags/dm_fill_account_turnover.py
[2022-06-17 21:51:06,974] {logging_mixin.py:109} INFO - [2022-06-17 21:51:06,974] {base.py:79} INFO - Using connection to: id: postgres. Host: postgres, Port: 5432, Schema: postgres, Login: airflow, Password: airflow, extra: {}
[2022-06-17 21:51:07,465] {processor.py:654} INFO - DAG(s) dict_keys(['DM-COUNT-account-turnover']) retrieved from /opt/airflow/dags/dm_fill_account_turnover.py
[2022-06-17 21:51:07,476] {logging_mixin.py:109} INFO - [2022-06-17 21:51:07,475] {dag.py:2396} INFO - Sync 1 DAGs
[2022-06-17 21:51:07,491] {logging_mixin.py:109} INFO - [2022-06-17 21:51:07,491] {dag.py:2935} INFO - Setting next_dagrun for DM-COUNT-account-turnover to 2022-06-17T21:27:30.430782+00:00
[2022-06-17 21:51:07,502] {processor.py:171} INFO - Processing /opt/airflow/dags/dm_fill_account_turnover.py took 0.559 seconds
[2022-06-17 21:51:37,582] {processor.py:163} INFO - Started process (PID=1553) to work on /opt/airflow/dags/dm_fill_account_turnover.py
[2022-06-17 21:51:37,582] {processor.py:642} INFO - Processing file /opt/airflow/dags/dm_fill_account_turnover.py for tasks to queue
[2022-06-17 21:51:37,583] {logging_mixin.py:109} INFO - [2022-06-17 21:51:37,583] {dagbag.py:500} INFO - Filling up the DagBag from /opt/airflow/dags/dm_fill_account_turnover.py
[2022-06-17 21:51:37,616] {logging_mixin.py:109} INFO - [2022-06-17 21:51:37,616] {base.py:79} INFO - Using connection to: id: postgres. Host: postgres, Port: 5432, Schema: postgres, Login: airflow, Password: airflow, extra: {}
[2022-06-17 21:51:38,087] {processor.py:654} INFO - DAG(s) dict_keys(['DM-COUNT-account-turnover']) retrieved from /opt/airflow/dags/dm_fill_account_turnover.py
[2022-06-17 21:51:38,095] {logging_mixin.py:109} INFO - [2022-06-17 21:51:38,095] {dag.py:2396} INFO - Sync 1 DAGs
[2022-06-17 21:51:38,110] {logging_mixin.py:109} INFO - [2022-06-17 21:51:38,109] {dag.py:2935} INFO - Setting next_dagrun for DM-COUNT-account-turnover to 2022-06-17T21:27:30.430782+00:00
[2022-06-17 21:51:38,123] {processor.py:171} INFO - Processing /opt/airflow/dags/dm_fill_account_turnover.py took 0.545 seconds
[2022-06-17 21:52:08,217] {processor.py:163} INFO - Started process (PID=1583) to work on /opt/airflow/dags/dm_fill_account_turnover.py
[2022-06-17 21:52:08,218] {processor.py:642} INFO - Processing file /opt/airflow/dags/dm_fill_account_turnover.py for tasks to queue
[2022-06-17 21:52:08,218] {logging_mixin.py:109} INFO - [2022-06-17 21:52:08,218] {dagbag.py:500} INFO - Filling up the DagBag from /opt/airflow/dags/dm_fill_account_turnover.py
[2022-06-17 21:52:08,245] {logging_mixin.py:109} INFO - [2022-06-17 21:52:08,245] {base.py:79} INFO - Using connection to: id: postgres. Host: postgres, Port: 5432, Schema: postgres, Login: airflow, Password: airflow, extra: {}
[2022-06-17 21:52:08,661] {processor.py:654} INFO - DAG(s) dict_keys(['DM-COUNT-account-turnover']) retrieved from /opt/airflow/dags/dm_fill_account_turnover.py
[2022-06-17 21:52:08,669] {logging_mixin.py:109} INFO - [2022-06-17 21:52:08,669] {dag.py:2396} INFO - Sync 1 DAGs
[2022-06-17 21:52:08,682] {logging_mixin.py:109} INFO - [2022-06-17 21:52:08,682] {dag.py:2935} INFO - Setting next_dagrun for DM-COUNT-account-turnover to 2022-06-17T21:27:30.430782+00:00
[2022-06-17 21:52:08,695] {processor.py:171} INFO - Processing /opt/airflow/dags/dm_fill_account_turnover.py took 0.481 seconds
[2022-06-17 21:52:38,758] {processor.py:163} INFO - Started process (PID=1622) to work on /opt/airflow/dags/dm_fill_account_turnover.py
[2022-06-17 21:52:38,759] {processor.py:642} INFO - Processing file /opt/airflow/dags/dm_fill_account_turnover.py for tasks to queue
[2022-06-17 21:52:38,759] {logging_mixin.py:109} INFO - [2022-06-17 21:52:38,759] {dagbag.py:500} INFO - Filling up the DagBag from /opt/airflow/dags/dm_fill_account_turnover.py
[2022-06-17 21:52:38,782] {logging_mixin.py:109} INFO - [2022-06-17 21:52:38,782] {base.py:79} INFO - Using connection to: id: postgres. Host: postgres, Port: 5432, Schema: postgres, Login: airflow, Password: airflow, extra: {}
[2022-06-17 21:52:39,208] {processor.py:654} INFO - DAG(s) dict_keys(['DM-COUNT-account-turnover']) retrieved from /opt/airflow/dags/dm_fill_account_turnover.py
[2022-06-17 21:52:39,216] {logging_mixin.py:109} INFO - [2022-06-17 21:52:39,216] {dag.py:2396} INFO - Sync 1 DAGs
[2022-06-17 21:52:39,229] {logging_mixin.py:109} INFO - [2022-06-17 21:52:39,228] {dag.py:2935} INFO - Setting next_dagrun for DM-COUNT-account-turnover to 2022-06-17T21:27:30.430782+00:00
[2022-06-17 21:52:39,242] {processor.py:171} INFO - Processing /opt/airflow/dags/dm_fill_account_turnover.py took 0.486 seconds
[2022-06-17 21:53:09,296] {processor.py:163} INFO - Started process (PID=1652) to work on /opt/airflow/dags/dm_fill_account_turnover.py
[2022-06-17 21:53:09,298] {processor.py:642} INFO - Processing file /opt/airflow/dags/dm_fill_account_turnover.py for tasks to queue
[2022-06-17 21:53:09,298] {logging_mixin.py:109} INFO - [2022-06-17 21:53:09,298] {dagbag.py:500} INFO - Filling up the DagBag from /opt/airflow/dags/dm_fill_account_turnover.py
[2022-06-17 21:53:09,322] {logging_mixin.py:109} INFO - [2022-06-17 21:53:09,322] {base.py:79} INFO - Using connection to: id: postgres. Host: postgres, Port: 5432, Schema: postgres, Login: airflow, Password: airflow, extra: {}
[2022-06-17 21:53:09,818] {processor.py:654} INFO - DAG(s) dict_keys(['DM-COUNT-account-turnover']) retrieved from /opt/airflow/dags/dm_fill_account_turnover.py
[2022-06-17 21:53:09,828] {logging_mixin.py:109} INFO - [2022-06-17 21:53:09,827] {dag.py:2396} INFO - Sync 1 DAGs
[2022-06-17 21:53:09,841] {logging_mixin.py:109} INFO - [2022-06-17 21:53:09,841] {dag.py:2935} INFO - Setting next_dagrun for DM-COUNT-account-turnover to 2022-06-17T21:27:30.430782+00:00
[2022-06-17 21:53:09,852] {processor.py:171} INFO - Processing /opt/airflow/dags/dm_fill_account_turnover.py took 0.559 seconds
[2022-06-17 21:53:39,921] {processor.py:163} INFO - Started process (PID=1690) to work on /opt/airflow/dags/dm_fill_account_turnover.py
[2022-06-17 21:53:39,922] {processor.py:642} INFO - Processing file /opt/airflow/dags/dm_fill_account_turnover.py for tasks to queue
[2022-06-17 21:53:39,923] {logging_mixin.py:109} INFO - [2022-06-17 21:53:39,923] {dagbag.py:500} INFO - Filling up the DagBag from /opt/airflow/dags/dm_fill_account_turnover.py
[2022-06-17 21:53:39,945] {logging_mixin.py:109} INFO - [2022-06-17 21:53:39,945] {base.py:79} INFO - Using connection to: id: postgres. Host: postgres, Port: 5432, Schema: postgres, Login: airflow, Password: airflow, extra: {}
[2022-06-17 21:53:40,377] {processor.py:654} INFO - DAG(s) dict_keys(['DM-COUNT-account-turnover']) retrieved from /opt/airflow/dags/dm_fill_account_turnover.py
[2022-06-17 21:53:40,386] {logging_mixin.py:109} INFO - [2022-06-17 21:53:40,385] {dag.py:2396} INFO - Sync 1 DAGs
[2022-06-17 21:53:40,398] {logging_mixin.py:109} INFO - [2022-06-17 21:53:40,398] {dag.py:2935} INFO - Setting next_dagrun for DM-COUNT-account-turnover to 2022-06-17T21:27:30.430782+00:00
[2022-06-17 21:53:40,411] {processor.py:171} INFO - Processing /opt/airflow/dags/dm_fill_account_turnover.py took 0.493 seconds
[2022-06-17 21:54:10,500] {processor.py:163} INFO - Started process (PID=1720) to work on /opt/airflow/dags/dm_fill_account_turnover.py
[2022-06-17 21:54:10,501] {processor.py:642} INFO - Processing file /opt/airflow/dags/dm_fill_account_turnover.py for tasks to queue
[2022-06-17 21:54:10,502] {logging_mixin.py:109} INFO - [2022-06-17 21:54:10,502] {dagbag.py:500} INFO - Filling up the DagBag from /opt/airflow/dags/dm_fill_account_turnover.py
[2022-06-17 21:54:10,526] {logging_mixin.py:109} INFO - [2022-06-17 21:54:10,526] {base.py:79} INFO - Using connection to: id: postgres. Host: postgres, Port: 5432, Schema: postgres, Login: airflow, Password: airflow, extra: {}
[2022-06-17 21:54:10,948] {processor.py:654} INFO - DAG(s) dict_keys(['DM-COUNT-account-turnover']) retrieved from /opt/airflow/dags/dm_fill_account_turnover.py
[2022-06-17 21:54:10,956] {logging_mixin.py:109} INFO - [2022-06-17 21:54:10,956] {dag.py:2396} INFO - Sync 1 DAGs
[2022-06-17 21:54:10,968] {logging_mixin.py:109} INFO - [2022-06-17 21:54:10,968] {dag.py:2935} INFO - Setting next_dagrun for DM-COUNT-account-turnover to 2022-06-17T21:27:30.430782+00:00
[2022-06-17 21:54:10,981] {processor.py:171} INFO - Processing /opt/airflow/dags/dm_fill_account_turnover.py took 0.484 seconds
[2022-06-17 21:54:41,047] {processor.py:163} INFO - Started process (PID=1758) to work on /opt/airflow/dags/dm_fill_account_turnover.py
[2022-06-17 21:54:41,048] {processor.py:642} INFO - Processing file /opt/airflow/dags/dm_fill_account_turnover.py for tasks to queue
[2022-06-17 21:54:41,048] {logging_mixin.py:109} INFO - [2022-06-17 21:54:41,048] {dagbag.py:500} INFO - Filling up the DagBag from /opt/airflow/dags/dm_fill_account_turnover.py
[2022-06-17 21:54:41,069] {logging_mixin.py:109} INFO - [2022-06-17 21:54:41,069] {base.py:79} INFO - Using connection to: id: postgres. Host: postgres, Port: 5432, Schema: postgres, Login: airflow, Password: airflow, extra: {}
[2022-06-17 21:54:41,504] {processor.py:654} INFO - DAG(s) dict_keys(['DM-COUNT-account-turnover']) retrieved from /opt/airflow/dags/dm_fill_account_turnover.py
[2022-06-17 21:54:41,512] {logging_mixin.py:109} INFO - [2022-06-17 21:54:41,511] {dag.py:2396} INFO - Sync 1 DAGs
[2022-06-17 21:54:41,524] {logging_mixin.py:109} INFO - [2022-06-17 21:54:41,524] {dag.py:2935} INFO - Setting next_dagrun for DM-COUNT-account-turnover to 2022-06-17T21:27:30.430782+00:00
[2022-06-17 21:54:41,537] {processor.py:171} INFO - Processing /opt/airflow/dags/dm_fill_account_turnover.py took 0.493 seconds
[2022-06-17 21:55:11,596] {processor.py:163} INFO - Started process (PID=1797) to work on /opt/airflow/dags/dm_fill_account_turnover.py
[2022-06-17 21:55:11,603] {processor.py:642} INFO - Processing file /opt/airflow/dags/dm_fill_account_turnover.py for tasks to queue
[2022-06-17 21:55:11,603] {logging_mixin.py:109} INFO - [2022-06-17 21:55:11,603] {dagbag.py:500} INFO - Filling up the DagBag from /opt/airflow/dags/dm_fill_account_turnover.py
[2022-06-17 21:55:11,626] {logging_mixin.py:109} INFO - [2022-06-17 21:55:11,626] {base.py:79} INFO - Using connection to: id: postgres. Host: postgres, Port: 5432, Schema: postgres, Login: airflow, Password: airflow, extra: {}
[2022-06-17 21:55:12,039] {processor.py:654} INFO - DAG(s) dict_keys(['DM-COUNT-account-turnover']) retrieved from /opt/airflow/dags/dm_fill_account_turnover.py
[2022-06-17 21:55:12,047] {logging_mixin.py:109} INFO - [2022-06-17 21:55:12,047] {dag.py:2396} INFO - Sync 1 DAGs
[2022-06-17 21:55:12,058] {logging_mixin.py:109} INFO - [2022-06-17 21:55:12,058] {dag.py:2935} INFO - Setting next_dagrun for DM-COUNT-account-turnover to 2022-06-17T21:27:30.430782+00:00
[2022-06-17 21:55:12,071] {processor.py:171} INFO - Processing /opt/airflow/dags/dm_fill_account_turnover.py took 0.477 seconds
[2022-06-17 21:55:42,151] {processor.py:163} INFO - Started process (PID=1827) to work on /opt/airflow/dags/dm_fill_account_turnover.py
[2022-06-17 21:55:42,151] {processor.py:642} INFO - Processing file /opt/airflow/dags/dm_fill_account_turnover.py for tasks to queue
[2022-06-17 21:55:42,152] {logging_mixin.py:109} INFO - [2022-06-17 21:55:42,152] {dagbag.py:500} INFO - Filling up the DagBag from /opt/airflow/dags/dm_fill_account_turnover.py
[2022-06-17 21:55:42,179] {logging_mixin.py:109} INFO - [2022-06-17 21:55:42,179] {base.py:79} INFO - Using connection to: id: postgres. Host: postgres, Port: 5432, Schema: postgres, Login: airflow, Password: airflow, extra: {}
[2022-06-17 21:55:42,612] {processor.py:654} INFO - DAG(s) dict_keys(['DM-COUNT-account-turnover']) retrieved from /opt/airflow/dags/dm_fill_account_turnover.py
[2022-06-17 21:55:42,621] {logging_mixin.py:109} INFO - [2022-06-17 21:55:42,621] {dag.py:2396} INFO - Sync 1 DAGs
[2022-06-17 21:55:42,633] {logging_mixin.py:109} INFO - [2022-06-17 21:55:42,633] {dag.py:2935} INFO - Setting next_dagrun for DM-COUNT-account-turnover to 2022-06-17T21:27:30.430782+00:00
[2022-06-17 21:55:42,646] {processor.py:171} INFO - Processing /opt/airflow/dags/dm_fill_account_turnover.py took 0.499 seconds
[2022-06-17 21:56:12,749] {processor.py:163} INFO - Started process (PID=1866) to work on /opt/airflow/dags/dm_fill_account_turnover.py
[2022-06-17 21:56:12,750] {processor.py:642} INFO - Processing file /opt/airflow/dags/dm_fill_account_turnover.py for tasks to queue
[2022-06-17 21:56:12,750] {logging_mixin.py:109} INFO - [2022-06-17 21:56:12,750] {dagbag.py:500} INFO - Filling up the DagBag from /opt/airflow/dags/dm_fill_account_turnover.py
[2022-06-17 21:56:12,771] {logging_mixin.py:109} INFO - [2022-06-17 21:56:12,771] {base.py:79} INFO - Using connection to: id: postgres. Host: postgres, Port: 5432, Schema: postgres, Login: airflow, Password: airflow, extra: {}
[2022-06-17 21:56:13,216] {processor.py:654} INFO - DAG(s) dict_keys(['DM-COUNT-account-turnover']) retrieved from /opt/airflow/dags/dm_fill_account_turnover.py
[2022-06-17 21:56:13,223] {logging_mixin.py:109} INFO - [2022-06-17 21:56:13,223] {dag.py:2396} INFO - Sync 1 DAGs
[2022-06-17 21:56:13,235] {logging_mixin.py:109} INFO - [2022-06-17 21:56:13,235] {dag.py:2935} INFO - Setting next_dagrun for DM-COUNT-account-turnover to 2022-06-17T21:27:30.430782+00:00
[2022-06-17 21:56:13,242] {processor.py:171} INFO - Processing /opt/airflow/dags/dm_fill_account_turnover.py took 0.496 seconds
[2022-06-17 21:56:43,313] {processor.py:163} INFO - Started process (PID=1895) to work on /opt/airflow/dags/dm_fill_account_turnover.py
[2022-06-17 21:56:43,314] {processor.py:642} INFO - Processing file /opt/airflow/dags/dm_fill_account_turnover.py for tasks to queue
[2022-06-17 21:56:43,314] {logging_mixin.py:109} INFO - [2022-06-17 21:56:43,314] {dagbag.py:500} INFO - Filling up the DagBag from /opt/airflow/dags/dm_fill_account_turnover.py
[2022-06-17 21:56:43,356] {logging_mixin.py:109} INFO - [2022-06-17 21:56:43,356] {base.py:79} INFO - Using connection to: id: postgres. Host: postgres, Port: 5432, Schema: postgres, Login: airflow, Password: airflow, extra: {}
[2022-06-17 21:56:43,809] {processor.py:654} INFO - DAG(s) dict_keys(['DM-COUNT-account-turnover']) retrieved from /opt/airflow/dags/dm_fill_account_turnover.py
[2022-06-17 21:56:43,817] {logging_mixin.py:109} INFO - [2022-06-17 21:56:43,816] {dag.py:2396} INFO - Sync 1 DAGs
[2022-06-17 21:56:43,829] {logging_mixin.py:109} INFO - [2022-06-17 21:56:43,829] {dag.py:2935} INFO - Setting next_dagrun for DM-COUNT-account-turnover to 2022-06-17T21:27:30.430782+00:00
[2022-06-17 21:56:43,836] {processor.py:171} INFO - Processing /opt/airflow/dags/dm_fill_account_turnover.py took 0.526 seconds
[2022-06-17 21:57:13,943] {processor.py:163} INFO - Started process (PID=1929) to work on /opt/airflow/dags/dm_fill_account_turnover.py
[2022-06-17 21:57:13,944] {processor.py:642} INFO - Processing file /opt/airflow/dags/dm_fill_account_turnover.py for tasks to queue
[2022-06-17 21:57:13,944] {logging_mixin.py:109} INFO - [2022-06-17 21:57:13,944] {dagbag.py:500} INFO - Filling up the DagBag from /opt/airflow/dags/dm_fill_account_turnover.py
[2022-06-17 21:57:13,966] {logging_mixin.py:109} INFO - [2022-06-17 21:57:13,965] {base.py:79} INFO - Using connection to: id: postgres. Host: postgres, Port: 5432, Schema: postgres, Login: airflow, Password: airflow, extra: {}
[2022-06-17 21:57:14,374] {processor.py:654} INFO - DAG(s) dict_keys(['DM-COUNT-account-turnover']) retrieved from /opt/airflow/dags/dm_fill_account_turnover.py
[2022-06-17 21:57:14,382] {logging_mixin.py:109} INFO - [2022-06-17 21:57:14,382] {dag.py:2396} INFO - Sync 1 DAGs
[2022-06-17 21:57:14,395] {logging_mixin.py:109} INFO - [2022-06-17 21:57:14,395] {dag.py:2935} INFO - Setting next_dagrun for DM-COUNT-account-turnover to 2022-06-17T21:27:30.430782+00:00
[2022-06-17 21:57:14,408] {processor.py:171} INFO - Processing /opt/airflow/dags/dm_fill_account_turnover.py took 0.468 seconds
[2022-06-17 21:57:44,507] {processor.py:163} INFO - Started process (PID=1968) to work on /opt/airflow/dags/dm_fill_account_turnover.py
[2022-06-17 21:57:44,508] {processor.py:642} INFO - Processing file /opt/airflow/dags/dm_fill_account_turnover.py for tasks to queue
[2022-06-17 21:57:44,509] {logging_mixin.py:109} INFO - [2022-06-17 21:57:44,508] {dagbag.py:500} INFO - Filling up the DagBag from /opt/airflow/dags/dm_fill_account_turnover.py
[2022-06-17 21:57:44,533] {logging_mixin.py:109} INFO - [2022-06-17 21:57:44,533] {base.py:79} INFO - Using connection to: id: postgres. Host: postgres, Port: 5432, Schema: postgres, Login: airflow, Password: airflow, extra: {}
[2022-06-17 21:57:45,052] {processor.py:654} INFO - DAG(s) dict_keys(['DM-COUNT-account-turnover']) retrieved from /opt/airflow/dags/dm_fill_account_turnover.py
[2022-06-17 21:57:45,062] {logging_mixin.py:109} INFO - [2022-06-17 21:57:45,061] {dag.py:2396} INFO - Sync 1 DAGs
[2022-06-17 21:57:45,076] {logging_mixin.py:109} INFO - [2022-06-17 21:57:45,076] {dag.py:2935} INFO - Setting next_dagrun for DM-COUNT-account-turnover to 2022-06-17T21:27:30.430782+00:00
[2022-06-17 21:57:45,085] {processor.py:171} INFO - Processing /opt/airflow/dags/dm_fill_account_turnover.py took 0.580 seconds
[2022-06-17 21:58:15,153] {processor.py:163} INFO - Started process (PID=1997) to work on /opt/airflow/dags/dm_fill_account_turnover.py
[2022-06-17 21:58:15,154] {processor.py:642} INFO - Processing file /opt/airflow/dags/dm_fill_account_turnover.py for tasks to queue
[2022-06-17 21:58:15,154] {logging_mixin.py:109} INFO - [2022-06-17 21:58:15,154] {dagbag.py:500} INFO - Filling up the DagBag from /opt/airflow/dags/dm_fill_account_turnover.py
[2022-06-17 21:58:15,177] {logging_mixin.py:109} INFO - [2022-06-17 21:58:15,177] {base.py:79} INFO - Using connection to: id: postgres. Host: postgres, Port: 5432, Schema: postgres, Login: airflow, Password: airflow, extra: {}
[2022-06-17 21:58:15,589] {processor.py:654} INFO - DAG(s) dict_keys(['DM-COUNT-account-turnover']) retrieved from /opt/airflow/dags/dm_fill_account_turnover.py
[2022-06-17 21:58:15,600] {logging_mixin.py:109} INFO - [2022-06-17 21:58:15,600] {dag.py:2396} INFO - Sync 1 DAGs
[2022-06-17 21:58:15,638] {logging_mixin.py:109} INFO - [2022-06-17 21:58:15,638] {dag.py:2935} INFO - Setting next_dagrun for DM-COUNT-account-turnover to 2022-06-17T21:27:30.430782+00:00
[2022-06-17 21:58:15,664] {processor.py:171} INFO - Processing /opt/airflow/dags/dm_fill_account_turnover.py took 0.514 seconds
[2022-06-17 21:58:45,748] {processor.py:163} INFO - Started process (PID=2035) to work on /opt/airflow/dags/dm_fill_account_turnover.py
[2022-06-17 21:58:45,748] {processor.py:642} INFO - Processing file /opt/airflow/dags/dm_fill_account_turnover.py for tasks to queue
[2022-06-17 21:58:45,749] {logging_mixin.py:109} INFO - [2022-06-17 21:58:45,749] {dagbag.py:500} INFO - Filling up the DagBag from /opt/airflow/dags/dm_fill_account_turnover.py
[2022-06-17 21:58:45,771] {logging_mixin.py:109} INFO - [2022-06-17 21:58:45,771] {base.py:79} INFO - Using connection to: id: postgres. Host: postgres, Port: 5432, Schema: postgres, Login: airflow, Password: airflow, extra: {}
[2022-06-17 21:58:46,195] {processor.py:654} INFO - DAG(s) dict_keys(['DM-COUNT-account-turnover']) retrieved from /opt/airflow/dags/dm_fill_account_turnover.py
[2022-06-17 21:58:46,203] {logging_mixin.py:109} INFO - [2022-06-17 21:58:46,202] {dag.py:2396} INFO - Sync 1 DAGs
[2022-06-17 21:58:46,215] {logging_mixin.py:109} INFO - [2022-06-17 21:58:46,215] {dag.py:2935} INFO - Setting next_dagrun for DM-COUNT-account-turnover to 2022-06-17T21:27:30.430782+00:00
[2022-06-17 21:58:46,228] {processor.py:171} INFO - Processing /opt/airflow/dags/dm_fill_account_turnover.py took 0.483 seconds
[2022-06-17 21:59:16,326] {processor.py:163} INFO - Started process (PID=2065) to work on /opt/airflow/dags/dm_fill_account_turnover.py
[2022-06-17 21:59:16,327] {processor.py:642} INFO - Processing file /opt/airflow/dags/dm_fill_account_turnover.py for tasks to queue
[2022-06-17 21:59:16,328] {logging_mixin.py:109} INFO - [2022-06-17 21:59:16,328] {dagbag.py:500} INFO - Filling up the DagBag from /opt/airflow/dags/dm_fill_account_turnover.py
[2022-06-17 21:59:16,349] {logging_mixin.py:109} INFO - [2022-06-17 21:59:16,349] {base.py:79} INFO - Using connection to: id: postgres. Host: postgres, Port: 5432, Schema: postgres, Login: airflow, Password: airflow, extra: {}
[2022-06-17 21:59:16,776] {processor.py:654} INFO - DAG(s) dict_keys(['DM-COUNT-account-turnover']) retrieved from /opt/airflow/dags/dm_fill_account_turnover.py
[2022-06-17 21:59:16,784] {logging_mixin.py:109} INFO - [2022-06-17 21:59:16,784] {dag.py:2396} INFO - Sync 1 DAGs
[2022-06-17 21:59:16,796] {logging_mixin.py:109} INFO - [2022-06-17 21:59:16,796] {dag.py:2935} INFO - Setting next_dagrun for DM-COUNT-account-turnover to 2022-06-17T21:27:30.430782+00:00
[2022-06-17 21:59:16,810] {processor.py:171} INFO - Processing /opt/airflow/dags/dm_fill_account_turnover.py took 0.486 seconds
[2022-06-17 21:59:46,903] {processor.py:163} INFO - Started process (PID=2104) to work on /opt/airflow/dags/dm_fill_account_turnover.py
[2022-06-17 21:59:46,904] {processor.py:642} INFO - Processing file /opt/airflow/dags/dm_fill_account_turnover.py for tasks to queue
[2022-06-17 21:59:46,904] {logging_mixin.py:109} INFO - [2022-06-17 21:59:46,904] {dagbag.py:500} INFO - Filling up the DagBag from /opt/airflow/dags/dm_fill_account_turnover.py
[2022-06-17 21:59:46,926] {logging_mixin.py:109} INFO - [2022-06-17 21:59:46,926] {base.py:79} INFO - Using connection to: id: postgres. Host: postgres, Port: 5432, Schema: postgres, Login: airflow, Password: airflow, extra: {}
[2022-06-17 21:59:47,349] {processor.py:654} INFO - DAG(s) dict_keys(['DM-COUNT-account-turnover']) retrieved from /opt/airflow/dags/dm_fill_account_turnover.py
[2022-06-17 21:59:47,356] {logging_mixin.py:109} INFO - [2022-06-17 21:59:47,356] {dag.py:2396} INFO - Sync 1 DAGs
[2022-06-17 21:59:47,368] {logging_mixin.py:109} INFO - [2022-06-17 21:59:47,368] {dag.py:2935} INFO - Setting next_dagrun for DM-COUNT-account-turnover to 2022-06-17T21:27:30.430782+00:00
[2022-06-17 21:59:47,381] {processor.py:171} INFO - Processing /opt/airflow/dags/dm_fill_account_turnover.py took 0.480 seconds
[2022-06-17 22:00:17,442] {processor.py:163} INFO - Started process (PID=2142) to work on /opt/airflow/dags/dm_fill_account_turnover.py
[2022-06-17 22:00:17,443] {processor.py:642} INFO - Processing file /opt/airflow/dags/dm_fill_account_turnover.py for tasks to queue
[2022-06-17 22:00:17,444] {logging_mixin.py:109} INFO - [2022-06-17 22:00:17,444] {dagbag.py:500} INFO - Filling up the DagBag from /opt/airflow/dags/dm_fill_account_turnover.py
[2022-06-17 22:00:17,467] {logging_mixin.py:109} INFO - [2022-06-17 22:00:17,467] {base.py:79} INFO - Using connection to: id: postgres. Host: postgres, Port: 5432, Schema: postgres, Login: airflow, Password: airflow, extra: {}
[2022-06-17 22:00:17,828] {processor.py:654} INFO - DAG(s) dict_keys(['DM-COUNT-account-turnover']) retrieved from /opt/airflow/dags/dm_fill_account_turnover.py
[2022-06-17 22:00:17,836] {logging_mixin.py:109} INFO - [2022-06-17 22:00:17,836] {dag.py:2396} INFO - Sync 1 DAGs
[2022-06-17 22:00:17,848] {logging_mixin.py:109} INFO - [2022-06-17 22:00:17,848] {dag.py:2935} INFO - Setting next_dagrun for DM-COUNT-account-turnover to 2022-06-17T21:27:30.430782+00:00
[2022-06-17 22:00:17,860] {processor.py:171} INFO - Processing /opt/airflow/dags/dm_fill_account_turnover.py took 0.421 seconds
[2022-06-17 22:00:47,955] {processor.py:163} INFO - Started process (PID=2172) to work on /opt/airflow/dags/dm_fill_account_turnover.py
[2022-06-17 22:00:47,956] {processor.py:642} INFO - Processing file /opt/airflow/dags/dm_fill_account_turnover.py for tasks to queue
[2022-06-17 22:00:47,956] {logging_mixin.py:109} INFO - [2022-06-17 22:00:47,956] {dagbag.py:500} INFO - Filling up the DagBag from /opt/airflow/dags/dm_fill_account_turnover.py
[2022-06-17 22:00:48,053] {logging_mixin.py:109} INFO - [2022-06-17 22:00:48,053] {base.py:79} INFO - Using connection to: id: postgres. Host: postgres, Port: 5432, Schema: postgres, Login: airflow, Password: airflow, extra: {}
[2022-06-17 22:00:48,386] {processor.py:654} INFO - DAG(s) dict_keys(['DM-COUNT-account-turnover']) retrieved from /opt/airflow/dags/dm_fill_account_turnover.py
[2022-06-17 22:00:48,395] {logging_mixin.py:109} INFO - [2022-06-17 22:00:48,394] {dag.py:2396} INFO - Sync 1 DAGs
[2022-06-17 22:00:48,408] {logging_mixin.py:109} INFO - [2022-06-17 22:00:48,408] {dag.py:2935} INFO - Setting next_dagrun for DM-COUNT-account-turnover to 2022-06-17T21:27:30.430782+00:00
[2022-06-17 22:00:48,428] {processor.py:171} INFO - Processing /opt/airflow/dags/dm_fill_account_turnover.py took 0.476 seconds
                                                                                                                                                                                                                                                                                                                                                                                                                                                                                                                         