[2022-06-25 19:41:47,097] {taskinstance.py:1032} INFO - Dependencies all met for <TaskInstance: DM-COUNT-account-turnover.START_COUNT_BY_DAY_7 scheduled__2022-06-22T21:27:30.430782+00:00 [queued]>
[2022-06-25 19:41:47,119] {taskinstance.py:1032} INFO - Dependencies all met for <TaskInstance: DM-COUNT-account-turnover.START_COUNT_BY_DAY_7 scheduled__2022-06-22T21:27:30.430782+00:00 [queued]>
[2022-06-25 19:41:47,120] {taskinstance.py:1238} INFO - 
--------------------------------------------------------------------------------
[2022-06-25 19:41:47,120] {taskinstance.py:1239} INFO - Starting attempt 1 of 2
[2022-06-25 19:41:47,120] {taskinstance.py:1240} INFO - 
--------------------------------------------------------------------------------
[2022-06-25 19:41:47,163] {taskinstance.py:1259} INFO - Executing <Task(PostgresOperator): START_COUNT_BY_DAY_7> on 2022-06-22 21:27:30.430782+00:00
[2022-06-25 19:41:47,168] {standard_task_runner.py:52} INFO - Started process 206 to run task
[2022-06-25 19:41:47,176] {standard_task_runner.py:76} INFO - Running: ['***', 'tasks', 'run', 'DM-COUNT-account-turnover', 'START_COUNT_BY_DAY_7', 'scheduled__2022-06-22T21:27:30.430782+00:00', '--job-id', '1291', '--raw', '--subdir', 'DAGS_FOLDER/dm_fill_account_turnover.py', '--cfg-path', '/tmp/tmp4p4iv29k', '--error-file', '/tmp/tmp8r4p1hkx']
[2022-06-25 19:41:47,177] {standard_task_runner.py:77} INFO - Job 1291: Subtask START_COUNT_BY_DAY_7
[2022-06-25 19:41:47,354] {logging_mixin.py:109} INFO - Running <TaskInstance: DM-COUNT-account-turnover.START_COUNT_BY_DAY_7 scheduled__2022-06-22T21:27:30.430782+00:00 [running]> on host 1a36ba6d0ffa
[2022-06-25 19:41:47,471] {taskinstance.py:1426} INFO - Exporting the following env vars:
AIRFLOW_CTX_DAG_OWNER=***
AIRFLOW_CTX_DAG_ID=DM-COUNT-account-turnover
AIRFLOW_CTX_TASK_ID=START_COUNT_BY_DAY_7
AIRFLOW_CTX_EXECUTION_DATE=2022-06-22T21:27:30.430782+00:00
AIRFLOW_CTX_DAG_RUN_ID=scheduled__2022-06-22T21:27:30.430782+00:00
[2022-06-25 19:41:47,489] {base.py:79} INFO - Using connection to: id: postgres. Host: postgres, Port: 5432, Schema: postgres, Login: ***, Password: ***, extra: {}
[2022-06-25 19:41:47,496] {dbapi.py:225} INFO - Running statement: CALL ds.fill_account_turnover_f (%(date)s::date);, parameters: {'date': '2018-01-7'}
[2022-06-25 19:41:47,778] {taskinstance.py:1277} INFO - Marking task as SUCCESS. dag_id=DM-COUNT-account-turnover, task_id=START_COUNT_BY_DAY_7, execution_date=20220622T212730, start_date=20220625T194147, end_date=20220625T194147
[2022-06-25 19:41:47,863] {local_task_job.py:154} INFO - Task exited with return code 0
[2022-06-25 19:41:48,161] {local_task_job.py:264} INFO - 0 downstream tasks scheduled from follow-on schedule check
