[2022-07-17 09:24:57,230] {taskinstance.py:1032} INFO - Dependencies all met for <TaskInstance: DM-COUNT-account-turnover.update_if_null scheduled__2022-07-16T09:24:31.887335+00:00 [queued]>
[2022-07-17 09:24:57,335] {taskinstance.py:1032} INFO - Dependencies all met for <TaskInstance: DM-COUNT-account-turnover.update_if_null scheduled__2022-07-16T09:24:31.887335+00:00 [queued]>
[2022-07-17 09:24:57,337] {taskinstance.py:1238} INFO - 
--------------------------------------------------------------------------------
[2022-07-17 09:24:57,338] {taskinstance.py:1239} INFO - Starting attempt 1 of 2
[2022-07-17 09:24:57,338] {taskinstance.py:1240} INFO - 
--------------------------------------------------------------------------------
[2022-07-17 09:24:57,428] {taskinstance.py:1259} INFO - Executing <Task(PostgresOperator): update_if_null> on 2022-07-16 09:24:31.887335+00:00
[2022-07-17 09:24:57,465] {standard_task_runner.py:52} INFO - Started process 577 to run task
[2022-07-17 09:24:57,514] {standard_task_runner.py:76} INFO - Running: ['***', 'tasks', 'run', 'DM-COUNT-account-turnover', 'update_if_null', 'scheduled__2022-07-16T09:24:31.887335+00:00', '--job-id', '1659', '--raw', '--subdir', 'DAGS_FOLDER/dm_fill_account_turnover.py', '--cfg-path', '/tmp/tmpwd6vez91', '--error-file', '/tmp/tmpsg5we1h1']
[2022-07-17 09:24:57,515] {standard_task_runner.py:77} INFO - Job 1659: Subtask update_if_null
[2022-07-17 09:24:58,218] {logging_mixin.py:109} INFO - Running <TaskInstance: DM-COUNT-account-turnover.update_if_null scheduled__2022-07-16T09:24:31.887335+00:00 [running]> on host a04da3f4ff4b
[2022-07-17 09:25:00,085] {taskinstance.py:1426} INFO - Exporting the following env vars:
AIRFLOW_CTX_DAG_OWNER=***
AIRFLOW_CTX_DAG_ID=DM-COUNT-account-turnover
AIRFLOW_CTX_TASK_ID=update_if_null
AIRFLOW_CTX_EXECUTION_DATE=2022-07-16T09:24:31.887335+00:00
AIRFLOW_CTX_DAG_RUN_ID=scheduled__2022-07-16T09:24:31.887335+00:00
[2022-07-17 09:25:00,100] {base.py:79} INFO - Using connection to: id: postgres. Host: postgres, Port: 5432, Schema: postgres, Login: ***, Password: ***, extra: {}
[2022-07-17 09:25:00,112] {dbapi.py:225} INFO - Running statement: update dm.dm_account_turnover_f
set credit_amount = 0
where credit_amount is null;

update dm.dm_account_turnover_f
set credit_amount_rub = 0
where credit_amount_rub is null;

update dm.dm_account_turnover_f
set debet_amount = 0
where debet_amount is null;

update dm.dm_account_turnover_f
set debet_amount_rub = 0
where debet_amount_rub is null;, parameters: None
[2022-07-17 09:25:00,463] {dbapi.py:233} INFO - Rows affected: 369
[2022-07-17 09:25:00,585] {taskinstance.py:1277} INFO - Marking task as SUCCESS. dag_id=DM-COUNT-account-turnover, task_id=update_if_null, execution_date=20220716T092431, start_date=20220717T092457, end_date=20220717T092500
[2022-07-17 09:25:00,784] {local_task_job.py:154} INFO - Task exited with return code 0
[2022-07-17 09:25:00,961] {local_task_job.py:264} INFO - 1 downstream tasks scheduled from follow-on schedule check
