[2022-06-18 21:27:40,162] {taskinstance.py:1032} INFO - Dependencies all met for <TaskInstance: DM-COUNT-account-turnover.START_COUNT_BY_DAY_7 scheduled__2022-06-17T21:27:30.430782+00:00 [queued]>
[2022-06-18 21:27:40,182] {taskinstance.py:1032} INFO - Dependencies all met for <TaskInstance: DM-COUNT-account-turnover.START_COUNT_BY_DAY_7 scheduled__2022-06-17T21:27:30.430782+00:00 [queued]>
[2022-06-18 21:27:40,182] {taskinstance.py:1238} INFO - 
--------------------------------------------------------------------------------
[2022-06-18 21:27:40,183] {taskinstance.py:1239} INFO - Starting attempt 1 of 2
[2022-06-18 21:27:40,183] {taskinstance.py:1240} INFO - 
--------------------------------------------------------------------------------
[2022-06-18 21:27:40,214] {taskinstance.py:1259} INFO - Executing <Task(PostgresOperator): START_COUNT_BY_DAY_7> on 2022-06-17 21:27:30.430782+00:00
[2022-06-18 21:27:40,221] {standard_task_runner.py:52} INFO - Started process 704 to run task
[2022-06-18 21:27:40,228] {standard_task_runner.py:76} INFO - Running: ['***', 'tasks', 'run', 'DM-COUNT-account-turnover', 'START_COUNT_BY_DAY_7', 'scheduled__2022-06-17T21:27:30.430782+00:00', '--job-id', '340', '--raw', '--subdir', 'DAGS_FOLDER/dm_fill_account_turnover.py', '--cfg-path', '/tmp/tmp87z1o5ty', '--error-file', '/tmp/tmpbqgb4oga']
[2022-06-18 21:27:40,233] {standard_task_runner.py:77} INFO - Job 340: Subtask START_COUNT_BY_DAY_7
[2022-06-18 21:27:40,330] {logging_mixin.py:109} INFO - Running <TaskInstance: DM-COUNT-account-turnover.START_COUNT_BY_DAY_7 scheduled__2022-06-17T21:27:30.430782+00:00 [running]> on host c087b85f9f15
[2022-06-18 21:27:40,406] {taskinstance.py:1426} INFO - Exporting the following env vars:
AIRFLOW_CTX_DAG_OWNER=***
AIRFLOW_CTX_DAG_ID=DM-COUNT-account-turnover
AIRFLOW_CTX_TASK_ID=START_COUNT_BY_DAY_7
AIRFLOW_CTX_EXECUTION_DATE=2022-06-17T21:27:30.430782+00:00
AIRFLOW_CTX_DAG_RUN_ID=scheduled__2022-06-17T21:27:30.430782+00:00
[2022-06-18 21:27:40,418] {base.py:79} INFO - Using connection to: id: postgres. Host: postgres, Port: 5432, Schema: postgres, Login: ***, Password: ***, extra: {}
[2022-06-18 21:27:40,429] {dbapi.py:225} INFO - Running statement: CALL ds.fill_account_turnover_f (%(date)s::date);, parameters: {'date': '2018-01-7'}
[2022-06-18 21:27:40,764] {taskinstance.py:1277} INFO - Marking task as SUCCESS. dag_id=DM-COUNT-account-turnover, task_id=START_COUNT_BY_DAY_7, execution_date=20220617T212730, start_date=20220618T212740, end_date=20220618T212740
[2022-06-18 21:27:40,806] {local_task_job.py:154} INFO - Task exited with return code 0
[2022-06-18 21:27:41,037] {local_task_job.py:264} INFO - 0 downstream tasks scheduled from follow-on schedule check
