[2022-06-26 21:17:03,247] {processor.py:163} INFO - Started process (PID=57) to work on /opt/airflow/dags/f_101_round_f.py
[2022-06-26 21:17:03,248] {processor.py:642} INFO - Processing file /opt/airflow/dags/f_101_round_f.py for tasks to queue
[2022-06-26 21:17:03,248] {logging_mixin.py:109} INFO - [2022-06-26 21:17:03,248] {dagbag.py:500} INFO - Filling up the DagBag from /opt/airflow/dags/f_101_round_f.py
[2022-06-26 21:17:03,389] {logging_mixin.py:109} INFO - [2022-06-26 21:17:03,389] {base.py:79} INFO - Using connection to: id: postgres. Host: postgres, Port: 5432, Schema: postgres, Login: airflow, Password: airflow, extra: {}
[2022-06-26 21:17:04,684] {processor.py:654} INFO - DAG(s) dict_keys(['DM-COUNT-f101_round_f']) retrieved from /opt/airflow/dags/f_101_round_f.py
[2022-06-26 21:17:04,701] {logging_mixin.py:109} INFO - [2022-06-26 21:17:04,700] {dag.py:2396} INFO - Sync 1 DAGs
[2022-06-26 21:17:04,806] {processor.py:171} INFO - Processing /opt/airflow/dags/f_101_round_f.py took 1.564 seconds
[2022-06-26 21:17:37,029] {processor.py:163} INFO - Started process (PID=175) to work on /opt/airflow/dags/f_101_round_f.py
[2022-06-26 21:17:37,033] {processor.py:642} INFO - Processing file /opt/airflow/dags/f_101_round_f.py for tasks to queue
[2022-06-26 21:17:37,034] {logging_mixin.py:109} INFO - [2022-06-26 21:17:37,034] {dagbag.py:500} INFO - Filling up the DagBag from /opt/airflow/dags/f_101_round_f.py
[2022-06-26 21:17:37,110] {logging_mixin.py:109} INFO - [2022-06-26 21:17:37,109] {base.py:79} INFO - Using connection to: id: postgres. Host: postgres, Port: 5432, Schema: postgres, Login: airflow, Password: airflow, extra: {}
[2022-06-26 21:17:38,859] {processor.py:654} INFO - DAG(s) dict_keys(['DM-COUNT-f101_round_f']) retrieved from /opt/airflow/dags/f_101_round_f.py
[2022-06-26 21:17:38,905] {logging_mixin.py:109} INFO - [2022-06-26 21:17:38,901] {dag.py:2396} INFO - Sync 1 DAGs
[2022-06-26 21:17:38,981] {processor.py:171} INFO - Processing /opt/airflow/dags/f_101_round_f.py took 1.964 seconds
[2022-06-26 21:18:09,758] {processor.py:163} INFO - Started process (PID=236) to work on /opt/airflow/dags/f_101_round_f.py
[2022-06-26 21:18:09,759] {processor.py:642} INFO - Processing file /opt/airflow/dags/f_101_round_f.py for tasks to queue
[2022-06-26 21:18:09,760] {logging_mixin.py:109} INFO - [2022-06-26 21:18:09,760] {dagbag.py:500} INFO - Filling up the DagBag from /opt/airflow/dags/f_101_round_f.py
[2022-06-26 21:18:09,780] {logging_mixin.py:109} INFO - [2022-06-26 21:18:09,780] {base.py:79} INFO - Using connection to: id: postgres. Host: postgres, Port: 5432, Schema: postgres, Login: airflow, Password: airflow, extra: {}
[2022-06-26 21:18:10,149] {processor.py:654} INFO - DAG(s) dict_keys(['DM-COUNT-f101_round_f']) retrieved from /opt/airflow/dags/f_101_round_f.py
[2022-06-26 21:18:10,160] {logging_mixin.py:109} INFO - [2022-06-26 21:18:10,160] {dag.py:2396} INFO - Sync 1 DAGs
[2022-06-26 21:18:10,172] {logging_mixin.py:109} INFO - [2022-06-26 21:18:10,172] {dag.py:2935} INFO - Setting next_dagrun for DM-COUNT-f101_round_f to 2022-06-26T19:47:05.358363+00:00
[2022-06-26 21:18:10,186] {processor.py:171} INFO - Processing /opt/airflow/dags/f_101_round_f.py took 0.430 seconds
[2022-06-26 21:18:40,291] {processor.py:163} INFO - Started process (PID=283) to work on /opt/airflow/dags/f_101_round_f.py
[2022-06-26 21:18:40,292] {processor.py:642} INFO - Processing file /opt/airflow/dags/f_101_round_f.py for tasks to queue
[2022-06-26 21:18:40,292] {logging_mixin.py:109} INFO - [2022-06-26 21:18:40,292] {dagbag.py:500} INFO - Filling up the DagBag from /opt/airflow/dags/f_101_round_f.py
[2022-06-26 21:18:40,312] {logging_mixin.py:109} INFO - [2022-06-26 21:18:40,312] {base.py:79} INFO - Using connection to: id: postgres. Host: postgres, Port: 5432, Schema: postgres, Login: airflow, Password: airflow, extra: {}
[2022-06-26 21:18:40,654] {processor.py:654} INFO - DAG(s) dict_keys(['DM-COUNT-f101_round_f']) retrieved from /opt/airflow/dags/f_101_round_f.py
[2022-06-26 21:18:40,665] {logging_mixin.py:109} INFO - [2022-06-26 21:18:40,665] {dag.py:2396} INFO - Sync 1 DAGs
[2022-06-26 21:18:40,681] {logging_mixin.py:109} INFO - [2022-06-26 21:18:40,681] {dag.py:2935} INFO - Setting next_dagrun for DM-COUNT-f101_round_f to 2022-06-26T19:47:05.358363+00:00
[2022-06-26 21:18:40,694] {processor.py:171} INFO - Processing /opt/airflow/dags/f_101_round_f.py took 0.405 seconds
[2022-06-26 21:19:10,816] {processor.py:163} INFO - Started process (PID=339) to work on /opt/airflow/dags/f_101_round_f.py
[2022-06-26 21:19:10,816] {processor.py:642} INFO - Processing file /opt/airflow/dags/f_101_round_f.py for tasks to queue
[2022-06-26 21:19:10,817] {logging_mixin.py:109} INFO - [2022-06-26 21:19:10,817] {dagbag.py:500} INFO - Filling up the DagBag from /opt/airflow/dags/f_101_round_f.py
[2022-06-26 21:19:10,836] {logging_mixin.py:109} INFO - [2022-06-26 21:19:10,836] {base.py:79} INFO - Using connection to: id: postgres. Host: postgres, Port: 5432, Schema: postgres, Login: airflow, Password: airflow, extra: {}
[2022-06-26 21:19:11,175] {processor.py:654} INFO - DAG(s) dict_keys(['DM-COUNT-f101_round_f']) retrieved from /opt/airflow/dags/f_101_round_f.py
[2022-06-26 21:19:11,185] {logging_mixin.py:109} INFO - [2022-06-26 21:19:11,185] {dag.py:2396} INFO - Sync 1 DAGs
[2022-06-26 21:19:11,195] {logging_mixin.py:109} INFO - [2022-06-26 21:19:11,195] {dag.py:2935} INFO - Setting next_dagrun for DM-COUNT-f101_round_f to 2022-06-26T19:47:05.358363+00:00
[2022-06-26 21:19:11,207] {processor.py:171} INFO - Processing /opt/airflow/dags/f_101_round_f.py took 0.394 seconds
[2022-06-26 21:19:41,884] {processor.py:163} INFO - Started process (PID=396) to work on /opt/airflow/dags/f_101_round_f.py
[2022-06-26 21:19:41,885] {processor.py:642} INFO - Processing file /opt/airflow/dags/f_101_round_f.py for tasks to queue
[2022-06-26 21:19:41,885] {logging_mixin.py:109} INFO - [2022-06-26 21:19:41,885] {dagbag.py:500} INFO - Filling up the DagBag from /opt/airflow/dags/f_101_round_f.py
[2022-06-26 21:19:41,911] {logging_mixin.py:109} INFO - [2022-06-26 21:19:41,911] {base.py:79} INFO - Using connection to: id: postgres. Host: postgres, Port: 5432, Schema: postgres, Login: airflow, Password: airflow, extra: {}
[2022-06-26 21:19:42,316] {processor.py:654} INFO - DAG(s) dict_keys(['DM-COUNT-f101_round_f']) retrieved from /opt/airflow/dags/f_101_round_f.py
[2022-06-26 21:19:42,329] {logging_mixin.py:109} INFO - [2022-06-26 21:19:42,328] {dag.py:2396} INFO - Sync 1 DAGs
[2022-06-26 21:19:42,343] {logging_mixin.py:109} INFO - [2022-06-26 21:19:42,343] {dag.py:2935} INFO - Setting next_dagrun for DM-COUNT-f101_round_f to 2022-06-26T19:47:05.358363+00:00
[2022-06-26 21:19:42,351] {processor.py:171} INFO - Processing /opt/airflow/dags/f_101_round_f.py took 0.470 seconds
[2022-06-26 21:20:12,665] {processor.py:163} INFO - Started process (PID=443) to work on /opt/airflow/dags/f_101_round_f.py
[2022-06-26 21:20:12,666] {processor.py:642} INFO - Processing file /opt/airflow/dags/f_101_round_f.py for tasks to queue
[2022-06-26 21:20:12,666] {logging_mixin.py:109} INFO - [2022-06-26 21:20:12,666] {dagbag.py:500} INFO - Filling up the DagBag from /opt/airflow/dags/f_101_round_f.py
[2022-06-26 21:20:12,687] {logging_mixin.py:109} INFO - [2022-06-26 21:20:12,687] {base.py:79} INFO - Using connection to: id: postgres. Host: postgres, Port: 5432, Schema: postgres, Login: airflow, Password: airflow, extra: {}
[2022-06-26 21:20:13,075] {processor.py:654} INFO - DAG(s) dict_keys(['DM-COUNT-f101_round_f']) retrieved from /opt/airflow/dags/f_101_round_f.py
[2022-06-26 21:20:13,085] {logging_mixin.py:109} INFO - [2022-06-26 21:20:13,085] {dag.py:2396} INFO - Sync 1 DAGs
[2022-06-26 21:20:13,096] {logging_mixin.py:109} INFO - [2022-06-26 21:20:13,096] {dag.py:2935} INFO - Setting next_dagrun for DM-COUNT-f101_round_f to 2022-06-26T19:47:05.358363+00:00
[2022-06-26 21:20:13,105] {processor.py:171} INFO - Processing /opt/airflow/dags/f_101_round_f.py took 0.443 seconds
[2022-06-26 21:20:43,384] {processor.py:163} INFO - Started process (PID=501) to work on /opt/airflow/dags/f_101_round_f.py
[2022-06-26 21:20:43,385] {processor.py:642} INFO - Processing file /opt/airflow/dags/f_101_round_f.py for tasks to queue
[2022-06-26 21:20:43,386] {logging_mixin.py:109} INFO - [2022-06-26 21:20:43,386] {dagbag.py:500} INFO - Filling up the DagBag from /opt/airflow/dags/f_101_round_f.py
[2022-06-26 21:20:43,408] {logging_mixin.py:109} INFO - [2022-06-26 21:20:43,408] {base.py:79} INFO - Using connection to: id: postgres. Host: postgres, Port: 5432, Schema: postgres, Login: airflow, Password: airflow, extra: {}
[2022-06-26 21:20:43,802] {processor.py:654} INFO - DAG(s) dict_keys(['DM-COUNT-f101_round_f']) retrieved from /opt/airflow/dags/f_101_round_f.py
[2022-06-26 21:20:43,813] {logging_mixin.py:109} INFO - [2022-06-26 21:20:43,813] {dag.py:2396} INFO - Sync 1 DAGs
[2022-06-26 21:20:43,828] {logging_mixin.py:109} INFO - [2022-06-26 21:20:43,828] {dag.py:2935} INFO - Setting next_dagrun for DM-COUNT-f101_round_f to 2022-06-26T19:47:05.358363+00:00
[2022-06-26 21:20:43,840] {processor.py:171} INFO - Processing /opt/airflow/dags/f_101_round_f.py took 0.459 seconds
[2022-06-26 21:21:14,047] {processor.py:163} INFO - Started process (PID=549) to work on /opt/airflow/dags/f_101_round_f.py
[2022-06-26 21:21:14,048] {processor.py:642} INFO - Processing file /opt/airflow/dags/f_101_round_f.py for tasks to queue
[2022-06-26 21:21:14,048] {logging_mixin.py:109} INFO - [2022-06-26 21:21:14,048] {dagbag.py:500} INFO - Filling up the DagBag from /opt/airflow/dags/f_101_round_f.py
[2022-06-26 21:21:14,069] {logging_mixin.py:109} INFO - [2022-06-26 21:21:14,069] {base.py:79} INFO - Using connection to: id: postgres. Host: postgres, Port: 5432, Schema: postgres, Login: airflow, Password: airflow, extra: {}
[2022-06-26 21:21:14,454] {processor.py:654} INFO - DAG(s) dict_keys(['DM-COUNT-f101_round_f']) retrieved from /opt/airflow/dags/f_101_round_f.py
[2022-06-26 21:21:14,465] {logging_mixin.py:109} INFO - [2022-06-26 21:21:14,464] {dag.py:2396} INFO - Sync 1 DAGs
[2022-06-26 21:21:14,476] {logging_mixin.py:109} INFO - [2022-06-26 21:21:14,476] {dag.py:2935} INFO - Setting next_dagrun for DM-COUNT-f101_round_f to 2022-06-26T19:47:05.358363+00:00
[2022-06-26 21:21:14,483] {processor.py:171} INFO - Processing /opt/airflow/dags/f_101_round_f.py took 0.439 seconds
[2022-06-26 21:21:44,763] {processor.py:163} INFO - Started process (PID=606) to work on /opt/airflow/dags/f_101_round_f.py
[2022-06-26 21:21:44,765] {processor.py:642} INFO - Processing file /opt/airflow/dags/f_101_round_f.py for tasks to queue
[2022-06-26 21:21:44,766] {logging_mixin.py:109} INFO - [2022-06-26 21:21:44,766] {dagbag.py:500} INFO - Filling up the DagBag from /opt/airflow/dags/f_101_round_f.py
[2022-06-26 21:21:44,804] {logging_mixin.py:109} INFO - [2022-06-26 21:21:44,804] {base.py:79} INFO - Using connection to: id: postgres. Host: postgres, Port: 5432, Schema: postgres, Login: airflow, Password: airflow, extra: {}
[2022-06-26 21:21:45,179] {processor.py:654} INFO - DAG(s) dict_keys(['DM-COUNT-f101_round_f']) retrieved from /opt/airflow/dags/f_101_round_f.py
[2022-06-26 21:21:45,190] {logging_mixin.py:109} INFO - [2022-06-26 21:21:45,190] {dag.py:2396} INFO - Sync 1 DAGs
[2022-06-26 21:21:45,202] {logging_mixin.py:109} INFO - [2022-06-26 21:21:45,202] {dag.py:2935} INFO - Setting next_dagrun for DM-COUNT-f101_round_f to 2022-06-26T19:47:05.358363+00:00
[2022-06-26 21:21:45,215] {processor.py:171} INFO - Processing /opt/airflow/dags/f_101_round_f.py took 0.456 seconds
[2022-06-26 21:22:15,449] {processor.py:163} INFO - Started process (PID=663) to work on /opt/airflow/dags/f_101_round_f.py
[2022-06-26 21:22:15,450] {processor.py:642} INFO - Processing file /opt/airflow/dags/f_101_round_f.py for tasks to queue
[2022-06-26 21:22:15,450] {logging_mixin.py:109} INFO - [2022-06-26 21:22:15,450] {dagbag.py:500} INFO - Filling up the DagBag from /opt/airflow/dags/f_101_round_f.py
[2022-06-26 21:22:15,469] {logging_mixin.py:109} INFO - [2022-06-26 21:22:15,469] {base.py:79} INFO - Using connection to: id: postgres. Host: postgres, Port: 5432, Schema: postgres, Login: airflow, Password: airflow, extra: {}
[2022-06-26 21:22:15,846] {processor.py:654} INFO - DAG(s) dict_keys(['DM-COUNT-f101_round_f']) retrieved from /opt/airflow/dags/f_101_round_f.py
[2022-06-26 21:22:15,856] {logging_mixin.py:109} INFO - [2022-06-26 21:22:15,856] {dag.py:2396} INFO - Sync 1 DAGs
[2022-06-26 21:22:15,867] {logging_mixin.py:109} INFO - [2022-06-26 21:22:15,867] {dag.py:2935} INFO - Setting next_dagrun for DM-COUNT-f101_round_f to 2022-06-26T19:47:05.358363+00:00
[2022-06-26 21:22:15,881] {processor.py:171} INFO - Processing /opt/airflow/dags/f_101_round_f.py took 0.435 seconds
[2022-06-26 21:22:46,045] {processor.py:163} INFO - Started process (PID=711) to work on /opt/airflow/dags/f_101_round_f.py
[2022-06-26 21:22:46,052] {processor.py:642} INFO - Processing file /opt/airflow/dags/f_101_round_f.py for tasks to queue
[2022-06-26 21:22:46,052] {logging_mixin.py:109} INFO - [2022-06-26 21:22:46,052] {dagbag.py:500} INFO - Filling up the DagBag from /opt/airflow/dags/f_101_round_f.py
[2022-06-26 21:22:46,075] {logging_mixin.py:109} INFO - [2022-06-26 21:22:46,075] {base.py:79} INFO - Using connection to: id: postgres. Host: postgres, Port: 5432, Schema: postgres, Login: airflow, Password: airflow, extra: {}
[2022-06-26 21:22:46,471] {processor.py:654} INFO - DAG(s) dict_keys(['DM-COUNT-f101_round_f']) retrieved from /opt/airflow/dags/f_101_round_f.py
[2022-06-26 21:22:46,482] {logging_mixin.py:109} INFO - [2022-06-26 21:22:46,481] {dag.py:2396} INFO - Sync 1 DAGs
[2022-06-26 21:22:46,494] {logging_mixin.py:109} INFO - [2022-06-26 21:22:46,493] {dag.py:2935} INFO - Setting next_dagrun for DM-COUNT-f101_round_f to 2022-06-26T19:47:05.358363+00:00
[2022-06-26 21:22:46,508] {processor.py:171} INFO - Processing /opt/airflow/dags/f_101_round_f.py took 0.465 seconds
[2022-06-26 21:23:16,634] {processor.py:163} INFO - Started process (PID=768) to work on /opt/airflow/dags/f_101_round_f.py
[2022-06-26 21:23:16,635] {processor.py:642} INFO - Processing file /opt/airflow/dags/f_101_round_f.py for tasks to queue
[2022-06-26 21:23:16,635] {logging_mixin.py:109} INFO - [2022-06-26 21:23:16,635] {dagbag.py:500} INFO - Filling up the DagBag from /opt/airflow/dags/f_101_round_f.py
[2022-06-26 21:23:16,655] {logging_mixin.py:109} INFO - [2022-06-26 21:23:16,655] {base.py:79} INFO - Using connection to: id: postgres. Host: postgres, Port: 5432, Schema: postgres, Login: airflow, Password: airflow, extra: {}
[2022-06-26 21:23:17,033] {processor.py:654} INFO - DAG(s) dict_keys(['DM-COUNT-f101_round_f']) retrieved from /opt/airflow/dags/f_101_round_f.py
[2022-06-26 21:23:17,043] {logging_mixin.py:109} INFO - [2022-06-26 21:23:17,043] {dag.py:2396} INFO - Sync 1 DAGs
[2022-06-26 21:23:17,054] {logging_mixin.py:109} INFO - [2022-06-26 21:23:17,054] {dag.py:2935} INFO - Setting next_dagrun for DM-COUNT-f101_round_f to 2022-06-26T19:47:05.358363+00:00
[2022-06-26 21:23:17,067] {processor.py:171} INFO - Processing /opt/airflow/dags/f_101_round_f.py took 0.436 seconds
[2022-06-26 21:23:47,380] {processor.py:163} INFO - Started process (PID=825) to work on /opt/airflow/dags/f_101_round_f.py
[2022-06-26 21:23:47,381] {processor.py:642} INFO - Processing file /opt/airflow/dags/f_101_round_f.py for tasks to queue
[2022-06-26 21:23:47,381] {logging_mixin.py:109} INFO - [2022-06-26 21:23:47,381] {dagbag.py:500} INFO - Filling up the DagBag from /opt/airflow/dags/f_101_round_f.py
[2022-06-26 21:23:47,405] {logging_mixin.py:109} INFO - [2022-06-26 21:23:47,405] {base.py:79} INFO - Using connection to: id: postgres. Host: postgres, Port: 5432, Schema: postgres, Login: airflow, Password: airflow, extra: {}
[2022-06-26 21:23:47,846] {processor.py:654} INFO - DAG(s) dict_keys(['DM-COUNT-f101_round_f']) retrieved from /opt/airflow/dags/f_101_round_f.py
[2022-06-26 21:23:47,856] {logging_mixin.py:109} INFO - [2022-06-26 21:23:47,856] {dag.py:2396} INFO - Sync 1 DAGs
[2022-06-26 21:23:47,867] {logging_mixin.py:109} INFO - [2022-06-26 21:23:47,867] {dag.py:2935} INFO - Setting next_dagrun for DM-COUNT-f101_round_f to 2022-06-26T19:47:05.358363+00:00
[2022-06-26 21:23:47,880] {processor.py:171} INFO - Processing /opt/airflow/dags/f_101_round_f.py took 0.503 seconds
[2022-06-26 21:24:18,213] {processor.py:163} INFO - Started process (PID=873) to work on /opt/airflow/dags/f_101_round_f.py
[2022-06-26 21:24:18,214] {processor.py:642} INFO - Processing file /opt/airflow/dags/f_101_round_f.py for tasks to queue
[2022-06-26 21:24:18,215] {logging_mixin.py:109} INFO - [2022-06-26 21:24:18,215] {dagbag.py:500} INFO - Filling up the DagBag from /opt/airflow/dags/f_101_round_f.py
[2022-06-26 21:24:18,236] {logging_mixin.py:109} INFO - [2022-06-26 21:24:18,236] {base.py:79} INFO - Using connection to: id: postgres. Host: postgres, Port: 5432, Schema: postgres, Login: airflow, Password: airflow, extra: {}
[2022-06-26 21:24:18,617] {processor.py:654} INFO - DAG(s) dict_keys(['DM-COUNT-f101_round_f']) retrieved from /opt/airflow/dags/f_101_round_f.py
[2022-06-26 21:24:18,628] {logging_mixin.py:109} INFO - [2022-06-26 21:24:18,627] {dag.py:2396} INFO - Sync 1 DAGs
[2022-06-26 21:24:18,639] {logging_mixin.py:109} INFO - [2022-06-26 21:24:18,639] {dag.py:2935} INFO - Setting next_dagrun for DM-COUNT-f101_round_f to 2022-06-26T19:47:05.358363+00:00
[2022-06-26 21:24:18,664] {processor.py:171} INFO - Processing /opt/airflow/dags/f_101_round_f.py took 0.453 seconds
[2022-06-26 21:24:48,936] {processor.py:163} INFO - Started process (PID=930) to work on /opt/airflow/dags/f_101_round_f.py
[2022-06-26 21:24:48,937] {processor.py:642} INFO - Processing file /opt/airflow/dags/f_101_round_f.py for tasks to queue
[2022-06-26 21:24:48,937] {logging_mixin.py:109} INFO - [2022-06-26 21:24:48,937] {dagbag.py:500} INFO - Filling up the DagBag from /opt/airflow/dags/f_101_round_f.py
[2022-06-26 21:24:48,961] {logging_mixin.py:109} INFO - [2022-06-26 21:24:48,961] {base.py:79} INFO - Using connection to: id: postgres. Host: postgres, Port: 5432, Schema: postgres, Login: airflow, Password: airflow, extra: {}
[2022-06-26 21:24:49,370] {processor.py:654} INFO - DAG(s) dict_keys(['DM-COUNT-f101_round_f']) retrieved from /opt/airflow/dags/f_101_round_f.py
[2022-06-26 21:24:49,381] {logging_mixin.py:109} INFO - [2022-06-26 21:24:49,380] {dag.py:2396} INFO - Sync 1 DAGs
[2022-06-26 21:24:49,392] {logging_mixin.py:109} INFO - [2022-06-26 21:24:49,392] {dag.py:2935} INFO - Setting next_dagrun for DM-COUNT-f101_round_f to 2022-06-26T19:47:05.358363+00:00
[2022-06-26 21:24:49,399] {processor.py:171} INFO - Processing /opt/airflow/dags/f_101_round_f.py took 0.467 seconds
[2022-06-26 21:25:19,677] {processor.py:163} INFO - Started process (PID=987) to work on /opt/airflow/dags/f_101_round_f.py
[2022-06-26 21:25:19,678] {processor.py:642} INFO - Processing file /opt/airflow/dags/f_101_round_f.py for tasks to queue
[2022-06-26 21:25:19,679] {logging_mixin.py:109} INFO - [2022-06-26 21:25:19,679] {dagbag.py:500} INFO - Filling up the DagBag from /opt/airflow/dags/f_101_round_f.py
[2022-06-26 21:25:19,702] {logging_mixin.py:109} INFO - [2022-06-26 21:25:19,702] {base.py:79} INFO - Using connection to: id: postgres. Host: postgres, Port: 5432, Schema: postgres, Login: airflow, Password: airflow, extra: {}
[2022-06-26 21:25:20,076] {processor.py:654} INFO - DAG(s) dict_keys(['DM-COUNT-f101_round_f']) retrieved from /opt/airflow/dags/f_101_round_f.py
[2022-06-26 21:25:20,087] {logging_mixin.py:109} INFO - [2022-06-26 21:25:20,087] {dag.py:2396} INFO - Sync 1 DAGs
[2022-06-26 21:25:20,099] {logging_mixin.py:109} INFO - [2022-06-26 21:25:20,099] {dag.py:2935} INFO - Setting next_dagrun for DM-COUNT-f101_round_f to 2022-06-26T19:47:05.358363+00:00
[2022-06-26 21:25:20,107] {processor.py:171} INFO - Processing /opt/airflow/dags/f_101_round_f.py took 0.432 seconds
[2022-06-26 21:25:50,444] {processor.py:163} INFO - Started process (PID=1034) to work on /opt/airflow/dags/f_101_round_f.py
[2022-06-26 21:25:50,445] {processor.py:642} INFO - Processing file /opt/airflow/dags/f_101_round_f.py for tasks to queue
[2022-06-26 21:25:50,445] {logging_mixin.py:109} INFO - [2022-06-26 21:25:50,445] {dagbag.py:500} INFO - Filling up the DagBag from /opt/airflow/dags/f_101_round_f.py
[2022-06-26 21:25:50,465] {logging_mixin.py:109} INFO - [2022-06-26 21:25:50,465] {base.py:79} INFO - Using connection to: id: postgres. Host: postgres, Port: 5432, Schema: postgres, Login: airflow, Password: airflow, extra: {}
[2022-06-26 21:25:50,860] {processor.py:654} INFO - DAG(s) dict_keys(['DM-COUNT-f101_round_f']) retrieved from /opt/airflow/dags/f_101_round_f.py
[2022-06-26 21:25:50,870] {logging_mixin.py:109} INFO - [2022-06-26 21:25:50,870] {dag.py:2396} INFO - Sync 1 DAGs
[2022-06-26 21:25:50,880] {logging_mixin.py:109} INFO - [2022-06-26 21:25:50,880] {dag.py:2935} INFO - Setting next_dagrun for DM-COUNT-f101_round_f to 2022-06-26T19:47:05.358363+00:00
[2022-06-26 21:25:50,889] {processor.py:171} INFO - Processing /opt/airflow/dags/f_101_round_f.py took 0.449 seconds
[2022-06-26 21:26:21,213] {processor.py:163} INFO - Started process (PID=1091) to work on /opt/airflow/dags/f_101_round_f.py
[2022-06-26 21:26:21,215] {processor.py:642} INFO - Processing file /opt/airflow/dags/f_101_round_f.py for tasks to queue
[2022-06-26 21:26:21,215] {logging_mixin.py:109} INFO - [2022-06-26 21:26:21,215] {dagbag.py:500} INFO - Filling up the DagBag from /opt/airflow/dags/f_101_round_f.py
[2022-06-26 21:26:21,239] {logging_mixin.py:109} INFO - [2022-06-26 21:26:21,238] {base.py:79} INFO - Using connection to: id: postgres. Host: postgres, Port: 5432, Schema: postgres, Login: airflow, Password: airflow, extra: {}
[2022-06-26 21:26:21,715] {processor.py:654} INFO - DAG(s) dict_keys(['DM-COUNT-f101_round_f']) retrieved from /opt/airflow/dags/f_101_round_f.py
[2022-06-26 21:26:21,729] {logging_mixin.py:109} INFO - [2022-06-26 21:26:21,729] {dag.py:2396} INFO - Sync 1 DAGs
[2022-06-26 21:26:21,741] {logging_mixin.py:109} INFO - [2022-06-26 21:26:21,741] {dag.py:2935} INFO - Setting next_dagrun for DM-COUNT-f101_round_f to 2022-06-26T19:47:05.358363+00:00
[2022-06-26 21:26:21,751] {processor.py:171} INFO - Processing /opt/airflow/dags/f_101_round_f.py took 0.541 seconds
[2022-06-26 21:26:52,339] {processor.py:163} INFO - Started process (PID=1139) to work on /opt/airflow/dags/f_101_round_f.py
[2022-06-26 21:26:52,340] {processor.py:642} INFO - Processing file /opt/airflow/dags/f_101_round_f.py for tasks to queue
[2022-06-26 21:26:52,341] {logging_mixin.py:109} INFO - [2022-06-26 21:26:52,340] {dagbag.py:500} INFO - Filling up the DagBag from /opt/airflow/dags/f_101_round_f.py
[2022-06-26 21:26:52,360] {logging_mixin.py:109} INFO - [2022-06-26 21:26:52,360] {base.py:79} INFO - Using connection to: id: postgres. Host: postgres, Port: 5432, Schema: postgres, Login: airflow, Password: airflow, extra: {}
[2022-06-26 21:26:52,750] {processor.py:654} INFO - DAG(s) dict_keys(['DM-COUNT-f101_round_f']) retrieved from /opt/airflow/dags/f_101_round_f.py
[2022-06-26 21:26:52,761] {logging_mixin.py:109} INFO - [2022-06-26 21:26:52,761] {dag.py:2396} INFO - Sync 1 DAGs
[2022-06-26 21:26:52,772] {logging_mixin.py:109} INFO - [2022-06-26 21:26:52,772] {dag.py:2935} INFO - Setting next_dagrun for DM-COUNT-f101_round_f to 2022-06-26T19:47:05.358363+00:00
[2022-06-26 21:26:52,785] {processor.py:171} INFO - Processing /opt/airflow/dags/f_101_round_f.py took 0.449 seconds
[2022-06-26 21:27:23,233] {processor.py:163} INFO - Started process (PID=1196) to work on /opt/airflow/dags/f_101_round_f.py
[2022-06-26 21:27:23,234] {processor.py:642} INFO - Processing file /opt/airflow/dags/f_101_round_f.py for tasks to queue
[2022-06-26 21:27:23,235] {logging_mixin.py:109} INFO - [2022-06-26 21:27:23,235] {dagbag.py:500} INFO - Filling up the DagBag from /opt/airflow/dags/f_101_round_f.py
[2022-06-26 21:27:23,255] {logging_mixin.py:109} INFO - [2022-06-26 21:27:23,255] {base.py:79} INFO - Using connection to: id: postgres. Host: postgres, Port: 5432, Schema: postgres, Login: airflow, Password: airflow, extra: {}
[2022-06-26 21:27:23,651] {processor.py:654} INFO - DAG(s) dict_keys(['DM-COUNT-f101_round_f']) retrieved from /opt/airflow/dags/f_101_round_f.py
[2022-06-26 21:27:23,666] {logging_mixin.py:109} INFO - [2022-06-26 21:27:23,666] {dag.py:2396} INFO - Sync 1 DAGs
[2022-06-26 21:27:23,676] {logging_mixin.py:109} INFO - [2022-06-26 21:27:23,676] {dag.py:2935} INFO - Setting next_dagrun for DM-COUNT-f101_round_f to 2022-06-26T19:47:05.358363+00:00
[2022-06-26 21:27:23,683] {processor.py:171} INFO - Processing /opt/airflow/dags/f_101_round_f.py took 0.453 seconds
[2022-06-26 21:27:53,958] {processor.py:163} INFO - Started process (PID=1254) to work on /opt/airflow/dags/f_101_round_f.py
[2022-06-26 21:27:53,959] {processor.py:642} INFO - Processing file /opt/airflow/dags/f_101_round_f.py for tasks to queue
[2022-06-26 21:27:53,960] {logging_mixin.py:109} INFO - [2022-06-26 21:27:53,960] {dagbag.py:500} INFO - Filling up the DagBag from /opt/airflow/dags/f_101_round_f.py
[2022-06-26 21:27:53,980] {logging_mixin.py:109} INFO - [2022-06-26 21:27:53,980] {base.py:79} INFO - Using connection to: id: postgres. Host: postgres, Port: 5432, Schema: postgres, Login: airflow, Password: airflow, extra: {}
[2022-06-26 21:27:54,385] {processor.py:654} INFO - DAG(s) dict_keys(['DM-COUNT-f101_round_f']) retrieved from /opt/airflow/dags/f_101_round_f.py
[2022-06-26 21:27:54,396] {logging_mixin.py:109} INFO - [2022-06-26 21:27:54,395] {dag.py:2396} INFO - Sync 1 DAGs
[2022-06-26 21:27:54,406] {logging_mixin.py:109} INFO - [2022-06-26 21:27:54,406] {dag.py:2935} INFO - Setting next_dagrun for DM-COUNT-f101_round_f to 2022-06-26T19:47:05.358363+00:00
[2022-06-26 21:27:54,415] {processor.py:171} INFO - Processing /opt/airflow/dags/f_101_round_f.py took 0.460 seconds
[2022-06-26 21:28:24,611] {processor.py:163} INFO - Started process (PID=1302) to work on /opt/airflow/dags/f_101_round_f.py
[2022-06-26 21:28:24,612] {processor.py:642} INFO - Processing file /opt/airflow/dags/f_101_round_f.py for tasks to queue
[2022-06-26 21:28:24,613] {logging_mixin.py:109} INFO - [2022-06-26 21:28:24,613] {dagbag.py:500} INFO - Filling up the DagBag from /opt/airflow/dags/f_101_round_f.py
[2022-06-26 21:28:24,633] {logging_mixin.py:109} INFO - [2022-06-26 21:28:24,633] {base.py:79} INFO - Using connection to: id: postgres. Host: postgres, Port: 5432, Schema: postgres, Login: airflow, Password: airflow, extra: {}
[2022-06-26 21:28:25,017] {processor.py:654} INFO - DAG(s) dict_keys(['DM-COUNT-f101_round_f']) retrieved from /opt/airflow/dags/f_101_round_f.py
[2022-06-26 21:28:25,027] {logging_mixin.py:109} INFO - [2022-06-26 21:28:25,027] {dag.py:2396} INFO - Sync 1 DAGs
[2022-06-26 21:28:25,038] {logging_mixin.py:109} INFO - [2022-06-26 21:28:25,037] {dag.py:2935} INFO - Setting next_dagrun for DM-COUNT-f101_round_f to 2022-06-26T19:47:05.358363+00:00
[2022-06-26 21:28:25,050] {processor.py:171} INFO - Processing /opt/airflow/dags/f_101_round_f.py took 0.442 seconds
[2022-06-26 21:28:55,370] {processor.py:163} INFO - Started process (PID=1359) to work on /opt/airflow/dags/f_101_round_f.py
[2022-06-26 21:28:55,371] {processor.py:642} INFO - Processing file /opt/airflow/dags/f_101_round_f.py for tasks to queue
[2022-06-26 21:28:55,372] {logging_mixin.py:109} INFO - [2022-06-26 21:28:55,372] {dagbag.py:500} INFO - Filling up the DagBag from /opt/airflow/dags/f_101_round_f.py
[2022-06-26 21:28:55,393] {logging_mixin.py:109} INFO - [2022-06-26 21:28:55,393] {base.py:79} INFO - Using connection to: id: postgres. Host: postgres, Port: 5432, Schema: postgres, Login: airflow, Password: airflow, extra: {}
[2022-06-26 21:28:55,786] {processor.py:654} INFO - DAG(s) dict_keys(['DM-COUNT-f101_round_f']) retrieved from /opt/airflow/dags/f_101_round_f.py
[2022-06-26 21:28:55,797] {logging_mixin.py:109} INFO - [2022-06-26 21:28:55,796] {dag.py:2396} INFO - Sync 1 DAGs
[2022-06-26 21:28:55,808] {logging_mixin.py:109} INFO - [2022-06-26 21:28:55,808] {dag.py:2935} INFO - Setting next_dagrun for DM-COUNT-f101_round_f to 2022-06-26T19:47:05.358363+00:00
[2022-06-26 21:28:55,820] {processor.py:171} INFO - Processing /opt/airflow/dags/f_101_round_f.py took 0.453 seconds
[2022-06-26 21:29:26,167] {processor.py:163} INFO - Started process (PID=1416) to work on /opt/airflow/dags/f_101_round_f.py
[2022-06-26 21:29:26,168] {processor.py:642} INFO - Processing file /opt/airflow/dags/f_101_round_f.py for tasks to queue
[2022-06-26 21:29:26,169] {logging_mixin.py:109} INFO - [2022-06-26 21:29:26,168] {dagbag.py:500} INFO - Filling up the DagBag from /opt/airflow/dags/f_101_round_f.py
[2022-06-26 21:29:26,190] {logging_mixin.py:109} INFO - [2022-06-26 21:29:26,190] {base.py:79} INFO - Using connection to: id: postgres. Host: postgres, Port: 5432, Schema: postgres, Login: airflow, Password: airflow, extra: {}
[2022-06-26 21:29:26,590] {processor.py:654} INFO - DAG(s) dict_keys(['DM-COUNT-f101_round_f']) retrieved from /opt/airflow/dags/f_101_round_f.py
[2022-06-26 21:29:26,601] {logging_mixin.py:109} INFO - [2022-06-26 21:29:26,600] {dag.py:2396} INFO - Sync 1 DAGs
[2022-06-26 21:29:26,611] {logging_mixin.py:109} INFO - [2022-06-26 21:29:26,611] {dag.py:2935} INFO - Setting next_dagrun for DM-COUNT-f101_round_f to 2022-06-26T19:47:05.358363+00:00
[2022-06-26 21:29:26,619] {processor.py:171} INFO - Processing /opt/airflow/dags/f_101_round_f.py took 0.454 seconds
[2022-06-26 21:29:56,920] {processor.py:163} INFO - Started process (PID=1464) to work on /opt/airflow/dags/f_101_round_f.py
[2022-06-26 21:29:56,928] {processor.py:642} INFO - Processing file /opt/airflow/dags/f_101_round_f.py for tasks to queue
[2022-06-26 21:29:56,929] {logging_mixin.py:109} INFO - [2022-06-26 21:29:56,929] {dagbag.py:500} INFO - Filling up the DagBag from /opt/airflow/dags/f_101_round_f.py
[2022-06-26 21:29:56,966] {logging_mixin.py:109} INFO - [2022-06-26 21:29:56,966] {base.py:79} INFO - Using connection to: id: postgres. Host: postgres, Port: 5432, Schema: postgres, Login: airflow, Password: airflow, extra: {}
[2022-06-26 21:29:57,352] {processor.py:654} INFO - DAG(s) dict_keys(['DM-COUNT-f101_round_f']) retrieved from /opt/airflow/dags/f_101_round_f.py
[2022-06-26 21:29:57,363] {logging_mixin.py:109} INFO - [2022-06-26 21:29:57,363] {dag.py:2396} INFO - Sync 1 DAGs
[2022-06-26 21:29:57,374] {logging_mixin.py:109} INFO - [2022-06-26 21:29:57,373] {dag.py:2935} INFO - Setting next_dagrun for DM-COUNT-f101_round_f to 2022-06-26T19:47:05.358363+00:00
[2022-06-26 21:29:57,386] {processor.py:171} INFO - Processing /opt/airflow/dags/f_101_round_f.py took 0.469 seconds
[2022-06-26 21:30:27,650] {processor.py:163} INFO - Started process (PID=1521) to work on /opt/airflow/dags/f_101_round_f.py
[2022-06-26 21:30:27,651] {processor.py:642} INFO - Processing file /opt/airflow/dags/f_101_round_f.py for tasks to queue
[2022-06-26 21:30:27,652] {logging_mixin.py:109} INFO - [2022-06-26 21:30:27,652] {dagbag.py:500} INFO - Filling up the DagBag from /opt/airflow/dags/f_101_round_f.py
[2022-06-26 21:30:27,672] {logging_mixin.py:109} INFO - [2022-06-26 21:30:27,672] {base.py:79} INFO - Using connection to: id: postgres. Host: postgres, Port: 5432, Schema: postgres, Login: airflow, Password: airflow, extra: {}
[2022-06-26 21:30:28,075] {processor.py:654} INFO - DAG(s) dict_keys(['DM-COUNT-f101_round_f']) retrieved from /opt/airflow/dags/f_101_round_f.py
[2022-06-26 21:30:28,087] {logging_mixin.py:109} INFO - [2022-06-26 21:30:28,086] {dag.py:2396} INFO - Sync 1 DAGs
[2022-06-26 21:30:28,097] {logging_mixin.py:109} INFO - [2022-06-26 21:30:28,097] {dag.py:2935} INFO - Setting next_dagrun for DM-COUNT-f101_round_f to 2022-06-26T19:47:05.358363+00:00
[2022-06-26 21:30:28,105] {processor.py:171} INFO - Processing /opt/airflow/dags/f_101_round_f.py took 0.457 seconds
[2022-06-26 21:30:58,386] {processor.py:163} INFO - Started process (PID=1578) to work on /opt/airflow/dags/f_101_round_f.py
[2022-06-26 21:30:58,387] {processor.py:642} INFO - Processing file /opt/airflow/dags/f_101_round_f.py for tasks to queue
[2022-06-26 21:30:58,388] {logging_mixin.py:109} INFO - [2022-06-26 21:30:58,388] {dagbag.py:500} INFO - Filling up the DagBag from /opt/airflow/dags/f_101_round_f.py
[2022-06-26 21:30:58,407] {logging_mixin.py:109} INFO - [2022-06-26 21:30:58,407] {base.py:79} INFO - Using connection to: id: postgres. Host: postgres, Port: 5432, Schema: postgres, Login: airflow, Password: airflow, extra: {}
[2022-06-26 21:30:58,787] {processor.py:654} INFO - DAG(s) dict_keys(['DM-COUNT-f101_round_f']) retrieved from /opt/airflow/dags/f_101_round_f.py
[2022-06-26 21:30:58,797] {logging_mixin.py:109} INFO - [2022-06-26 21:30:58,797] {dag.py:2396} INFO - Sync 1 DAGs
[2022-06-26 21:30:58,807] {logging_mixin.py:109} INFO - [2022-06-26 21:30:58,807] {dag.py:2935} INFO - Setting next_dagrun for DM-COUNT-f101_round_f to 2022-06-26T19:47:05.358363+00:00
[2022-06-26 21:30:58,819] {processor.py:171} INFO - Processing /opt/airflow/dags/f_101_round_f.py took 0.436 seconds
[2022-06-26 21:31:29,157] {processor.py:163} INFO - Started process (PID=1627) to work on /opt/airflow/dags/f_101_round_f.py
[2022-06-26 21:31:29,158] {processor.py:642} INFO - Processing file /opt/airflow/dags/f_101_round_f.py for tasks to queue
[2022-06-26 21:31:29,159] {logging_mixin.py:109} INFO - [2022-06-26 21:31:29,159] {dagbag.py:500} INFO - Filling up the DagBag from /opt/airflow/dags/f_101_round_f.py
[2022-06-26 21:31:29,184] {logging_mixin.py:109} INFO - [2022-06-26 21:31:29,184] {base.py:79} INFO - Using connection to: id: postgres. Host: postgres, Port: 5432, Schema: postgres, Login: airflow, Password: airflow, extra: {}
[2022-06-26 21:31:29,571] {processor.py:654} INFO - DAG(s) dict_keys(['DM-COUNT-f101_round_f']) retrieved from /opt/airflow/dags/f_101_round_f.py
[2022-06-26 21:31:29,583] {logging_mixin.py:109} INFO - [2022-06-26 21:31:29,583] {dag.py:2396} INFO - Sync 1 DAGs
[2022-06-26 21:31:29,596] {logging_mixin.py:109} INFO - [2022-06-26 21:31:29,595] {dag.py:2935} INFO - Setting next_dagrun for DM-COUNT-f101_round_f to 2022-06-26T19:47:05.358363+00:00
[2022-06-26 21:31:29,611] {processor.py:171} INFO - Processing /opt/airflow/dags/f_101_round_f.py took 0.457 seconds
[2022-06-26 21:31:59,844] {processor.py:163} INFO - Started process (PID=1684) to work on /opt/airflow/dags/f_101_round_f.py
[2022-06-26 21:31:59,859] {processor.py:642} INFO - Processing file /opt/airflow/dags/f_101_round_f.py for tasks to queue
[2022-06-26 21:31:59,860] {logging_mixin.py:109} INFO - [2022-06-26 21:31:59,860] {dagbag.py:500} INFO - Filling up the DagBag from /opt/airflow/dags/f_101_round_f.py
[2022-06-26 21:31:59,882] {logging_mixin.py:109} INFO - [2022-06-26 21:31:59,882] {base.py:79} INFO - Using connection to: id: postgres. Host: postgres, Port: 5432, Schema: postgres, Login: airflow, Password: airflow, extra: {}
[2022-06-26 21:32:00,277] {processor.py:654} INFO - DAG(s) dict_keys(['DM-COUNT-f101_round_f']) retrieved from /opt/airflow/dags/f_101_round_f.py
[2022-06-26 21:32:00,288] {logging_mixin.py:109} INFO - [2022-06-26 21:32:00,287] {dag.py:2396} INFO - Sync 1 DAGs
[2022-06-26 21:32:00,299] {logging_mixin.py:109} INFO - [2022-06-26 21:32:00,298] {dag.py:2935} INFO - Setting next_dagrun for DM-COUNT-f101_round_f to 2022-06-26T19:47:05.358363+00:00
[2022-06-26 21:32:00,315] {processor.py:171} INFO - Processing /opt/airflow/dags/f_101_round_f.py took 0.473 seconds
[2022-06-26 21:32:30,484] {processor.py:163} INFO - Started process (PID=1742) to work on /opt/airflow/dags/f_101_round_f.py
[2022-06-26 21:32:30,485] {processor.py:642} INFO - Processing file /opt/airflow/dags/f_101_round_f.py for tasks to queue
[2022-06-26 21:32:30,486] {logging_mixin.py:109} INFO - [2022-06-26 21:32:30,486] {dagbag.py:500} INFO - Filling up the DagBag from /opt/airflow/dags/f_101_round_f.py
[2022-06-26 21:32:30,508] {logging_mixin.py:109} INFO - [2022-06-26 21:32:30,508] {base.py:79} INFO - Using connection to: id: postgres. Host: postgres, Port: 5432, Schema: postgres, Login: airflow, Password: airflow, extra: {}
[2022-06-26 21:32:30,904] {processor.py:654} INFO - DAG(s) dict_keys(['DM-COUNT-f101_round_f']) retrieved from /opt/airflow/dags/f_101_round_f.py
[2022-06-26 21:32:30,915] {logging_mixin.py:109} INFO - [2022-06-26 21:32:30,914] {dag.py:2396} INFO - Sync 1 DAGs
[2022-06-26 21:32:30,926] {logging_mixin.py:109} INFO - [2022-06-26 21:32:30,926] {dag.py:2935} INFO - Setting next_dagrun for DM-COUNT-f101_round_f to 2022-06-26T19:47:05.358363+00:00
[2022-06-26 21:32:30,936] {processor.py:171} INFO - Processing /opt/airflow/dags/f_101_round_f.py took 0.456 seconds
[2022-06-26 21:33:01,252] {processor.py:163} INFO - Started process (PID=1789) to work on /opt/airflow/dags/f_101_round_f.py
[2022-06-26 21:33:01,266] {processor.py:642} INFO - Processing file /opt/airflow/dags/f_101_round_f.py for tasks to queue
[2022-06-26 21:33:01,267] {logging_mixin.py:109} INFO - [2022-06-26 21:33:01,267] {dagbag.py:500} INFO - Filling up the DagBag from /opt/airflow/dags/f_101_round_f.py
[2022-06-26 21:33:01,286] {logging_mixin.py:109} INFO - [2022-06-26 21:33:01,286] {base.py:79} INFO - Using connection to: id: postgres. Host: postgres, Port: 5432, Schema: postgres, Login: airflow, Password: airflow, extra: {}
[2022-06-26 21:33:01,673] {processor.py:654} INFO - DAG(s) dict_keys(['DM-COUNT-f101_round_f']) retrieved from /opt/airflow/dags/f_101_round_f.py
[2022-06-26 21:33:01,683] {logging_mixin.py:109} INFO - [2022-06-26 21:33:01,683] {dag.py:2396} INFO - Sync 1 DAGs
[2022-06-26 21:33:01,695] {logging_mixin.py:109} INFO - [2022-06-26 21:33:01,695] {dag.py:2935} INFO - Setting next_dagrun for DM-COUNT-f101_round_f to 2022-06-26T19:47:05.358363+00:00
[2022-06-26 21:33:01,706] {processor.py:171} INFO - Processing /opt/airflow/dags/f_101_round_f.py took 0.456 seconds
[2022-06-26 21:33:31,950] {processor.py:163} INFO - Started process (PID=1845) to work on /opt/airflow/dags/f_101_round_f.py
[2022-06-26 21:33:31,951] {processor.py:642} INFO - Processing file /opt/airflow/dags/f_101_round_f.py for tasks to queue
[2022-06-26 21:33:31,952] {logging_mixin.py:109} INFO - [2022-06-26 21:33:31,952] {dagbag.py:500} INFO - Filling up the DagBag from /opt/airflow/dags/f_101_round_f.py
[2022-06-26 21:33:31,972] {logging_mixin.py:109} INFO - [2022-06-26 21:33:31,972] {base.py:79} INFO - Using connection to: id: postgres. Host: postgres, Port: 5432, Schema: postgres, Login: airflow, Password: airflow, extra: {}
[2022-06-26 21:33:32,351] {processor.py:654} INFO - DAG(s) dict_keys(['DM-COUNT-f101_round_f']) retrieved from /opt/airflow/dags/f_101_round_f.py
[2022-06-26 21:33:32,361] {logging_mixin.py:109} INFO - [2022-06-26 21:33:32,361] {dag.py:2396} INFO - Sync 1 DAGs
[2022-06-26 21:33:32,372] {logging_mixin.py:109} INFO - [2022-06-26 21:33:32,372] {dag.py:2935} INFO - Setting next_dagrun for DM-COUNT-f101_round_f to 2022-06-26T19:47:05.358363+00:00
[2022-06-26 21:33:32,386] {processor.py:171} INFO - Processing /opt/airflow/dags/f_101_round_f.py took 0.439 seconds
[2022-06-26 21:34:02,718] {processor.py:163} INFO - Started process (PID=1902) to work on /opt/airflow/dags/f_101_round_f.py
[2022-06-26 21:34:02,719] {processor.py:642} INFO - Processing file /opt/airflow/dags/f_101_round_f.py for tasks to queue
[2022-06-26 21:34:02,720] {logging_mixin.py:109} INFO - [2022-06-26 21:34:02,720] {dagbag.py:500} INFO - Filling up the DagBag from /opt/airflow/dags/f_101_round_f.py
[2022-06-26 21:34:02,742] {logging_mixin.py:109} INFO - [2022-06-26 21:34:02,742] {base.py:79} INFO - Using connection to: id: postgres. Host: postgres, Port: 5432, Schema: postgres, Login: airflow, Password: airflow, extra: {}
[2022-06-26 21:34:03,131] {processor.py:654} INFO - DAG(s) dict_keys(['DM-COUNT-f101_round_f']) retrieved from /opt/airflow/dags/f_101_round_f.py
[2022-06-26 21:34:03,142] {logging_mixin.py:109} INFO - [2022-06-26 21:34:03,141] {dag.py:2396} INFO - Sync 1 DAGs
[2022-06-26 21:34:03,154] {logging_mixin.py:109} INFO - [2022-06-26 21:34:03,154] {dag.py:2935} INFO - Setting next_dagrun for DM-COUNT-f101_round_f to 2022-06-26T19:47:05.358363+00:00
[2022-06-26 21:34:03,167] {processor.py:171} INFO - Processing /opt/airflow/dags/f_101_round_f.py took 0.452 seconds
[2022-06-26 21:34:33,443] {processor.py:163} INFO - Started process (PID=1950) to work on /opt/airflow/dags/f_101_round_f.py
[2022-06-26 21:34:33,444] {processor.py:642} INFO - Processing file /opt/airflow/dags/f_101_round_f.py for tasks to queue
[2022-06-26 21:34:33,444] {logging_mixin.py:109} INFO - [2022-06-26 21:34:33,444] {dagbag.py:500} INFO - Filling up the DagBag from /opt/airflow/dags/f_101_round_f.py
[2022-06-26 21:34:33,465] {logging_mixin.py:109} INFO - [2022-06-26 21:34:33,465] {base.py:79} INFO - Using connection to: id: postgres. Host: postgres, Port: 5432, Schema: postgres, Login: airflow, Password: airflow, extra: {}
[2022-06-26 21:34:33,858] {processor.py:654} INFO - DAG(s) dict_keys(['DM-COUNT-f101_round_f']) retrieved from /opt/airflow/dags/f_101_round_f.py
[2022-06-26 21:34:33,869] {logging_mixin.py:109} INFO - [2022-06-26 21:34:33,869] {dag.py:2396} INFO - Sync 1 DAGs
[2022-06-26 21:34:33,880] {logging_mixin.py:109} INFO - [2022-06-26 21:34:33,880] {dag.py:2935} INFO - Setting next_dagrun for DM-COUNT-f101_round_f to 2022-06-26T19:47:05.358363+00:00
[2022-06-26 21:34:33,890] {processor.py:171} INFO - Processing /opt/airflow/dags/f_101_round_f.py took 0.450 seconds
[2022-06-26 21:35:04,244] {processor.py:163} INFO - Started process (PID=2007) to work on /opt/airflow/dags/f_101_round_f.py
[2022-06-26 21:35:04,250] {processor.py:642} INFO - Processing file /opt/airflow/dags/f_101_round_f.py for tasks to queue
[2022-06-26 21:35:04,251] {logging_mixin.py:109} INFO - [2022-06-26 21:35:04,251] {dagbag.py:500} INFO - Filling up the DagBag from /opt/airflow/dags/f_101_round_f.py
[2022-06-26 21:35:04,273] {logging_mixin.py:109} INFO - [2022-06-26 21:35:04,273] {base.py:79} INFO - Using connection to: id: postgres. Host: postgres, Port: 5432, Schema: postgres, Login: airflow, Password: airflow, extra: {}
[2022-06-26 21:35:04,717] {processor.py:654} INFO - DAG(s) dict_keys(['DM-COUNT-f101_round_f']) retrieved from /opt/airflow/dags/f_101_round_f.py
[2022-06-26 21:35:04,730] {logging_mixin.py:109} INFO - [2022-06-26 21:35:04,730] {dag.py:2396} INFO - Sync 1 DAGs
[2022-06-26 21:35:04,744] {logging_mixin.py:109} INFO - [2022-06-26 21:35:04,744] {dag.py:2935} INFO - Setting next_dagrun for DM-COUNT-f101_round_f to 2022-06-26T19:47:05.358363+00:00
[2022-06-26 21:35:04,758] {processor.py:171} INFO - Processing /opt/airflow/dags/f_101_round_f.py took 0.517 seconds
