[2022-06-22 07:45:26,590] {taskinstance.py:1032} INFO - Dependencies all met for <TaskInstance: DM-COUNT-f101_round_f.count_f101-21 scheduled__2022-06-20T16:20:07.188456+00:00 [queued]>
[2022-06-22 07:45:26,639] {taskinstance.py:1032} INFO - Dependencies all met for <TaskInstance: DM-COUNT-f101_round_f.count_f101-21 scheduled__2022-06-20T16:20:07.188456+00:00 [queued]>
[2022-06-22 07:45:26,639] {taskinstance.py:1238} INFO - 
--------------------------------------------------------------------------------
[2022-06-22 07:45:26,639] {taskinstance.py:1239} INFO - Starting attempt 1 of 2
[2022-06-22 07:45:26,639] {taskinstance.py:1240} INFO - 
--------------------------------------------------------------------------------
[2022-06-22 07:45:26,696] {taskinstance.py:1259} INFO - Executing <Task(PostgresOperator): count_f101-21> on 2022-06-20 16:20:07.188456+00:00
[2022-06-22 07:45:26,705] {standard_task_runner.py:52} INFO - Started process 286 to run task
[2022-06-22 07:45:26,722] {standard_task_runner.py:76} INFO - Running: ['***', 'tasks', 'run', 'DM-COUNT-f101_round_f', 'count_f101-21', 'scheduled__2022-06-20T16:20:07.188456+00:00', '--job-id', '937', '--raw', '--subdir', 'DAGS_FOLDER/f_101_round_f.py', '--cfg-path', '/tmp/tmpjisn1q6o', '--error-file', '/tmp/tmpa0k8yp6f']
[2022-06-22 07:45:26,723] {standard_task_runner.py:77} INFO - Job 937: Subtask count_f101-21
[2022-06-22 07:45:26,924] {logging_mixin.py:109} INFO - Running <TaskInstance: DM-COUNT-f101_round_f.count_f101-21 scheduled__2022-06-20T16:20:07.188456+00:00 [running]> on host a0a302277daf
[2022-06-22 07:45:27,197] {taskinstance.py:1426} INFO - Exporting the following env vars:
AIRFLOW_CTX_DAG_OWNER=***
AIRFLOW_CTX_DAG_ID=DM-COUNT-f101_round_f
AIRFLOW_CTX_TASK_ID=count_f101-21
AIRFLOW_CTX_EXECUTION_DATE=2022-06-20T16:20:07.188456+00:00
AIRFLOW_CTX_DAG_RUN_ID=scheduled__2022-06-20T16:20:07.188456+00:00
[2022-06-22 07:45:27,247] {base.py:79} INFO - Using connection to: id: postgres. Host: postgres, Port: 5432, Schema: postgres, Login: ***, Password: ***, extra: {}
[2022-06-22 07:45:27,261] {dbapi.py:225} INFO - Running statement: CALL dm.fill_f101_round_f (%(date)s::date);, parameters: {'date': '2018-01-21'}
[2022-06-22 07:45:27,514] {taskinstance.py:1277} INFO - Marking task as SUCCESS. dag_id=DM-COUNT-f101_round_f, task_id=count_f101-21, execution_date=20220620T162007, start_date=20220622T074526, end_date=20220622T074527
[2022-06-22 07:45:27,608] {local_task_job.py:154} INFO - Task exited with return code 0
[2022-06-22 07:45:27,827] {local_task_job.py:264} INFO - 0 downstream tasks scheduled from follow-on schedule check
