[2022-06-26 21:17:29,455] {taskinstance.py:1032} INFO - Dependencies all met for <TaskInstance: DM-COUNT-f101_round_f.count_f101-27 scheduled__2022-06-25T19:47:05.358363+00:00 [queued]>
[2022-06-26 21:17:29,562] {taskinstance.py:1032} INFO - Dependencies all met for <TaskInstance: DM-COUNT-f101_round_f.count_f101-27 scheduled__2022-06-25T19:47:05.358363+00:00 [queued]>
[2022-06-26 21:17:29,563] {taskinstance.py:1238} INFO - 
--------------------------------------------------------------------------------
[2022-06-26 21:17:29,563] {taskinstance.py:1239} INFO - Starting attempt 1 of 2
[2022-06-26 21:17:29,563] {taskinstance.py:1240} INFO - 
--------------------------------------------------------------------------------
[2022-06-26 21:17:29,835] {taskinstance.py:1259} INFO - Executing <Task(PostgresOperator): count_f101-27> on 2022-06-25 19:47:05.358363+00:00
[2022-06-26 21:17:29,934] {standard_task_runner.py:76} INFO - Running: ['***', 'tasks', 'run', 'DM-COUNT-f101_round_f', 'count_f101-27', 'scheduled__2022-06-25T19:47:05.358363+00:00', '--job-id', '1462', '--raw', '--subdir', 'DAGS_FOLDER/f_101_round_f.py', '--cfg-path', '/tmp/tmpy0_m3g1m', '--error-file', '/tmp/tmpbk3irefe']
[2022-06-26 21:17:29,936] {standard_task_runner.py:77} INFO - Job 1462: Subtask count_f101-27
[2022-06-26 21:17:29,957] {standard_task_runner.py:52} INFO - Started process 222 to run task
[2022-06-26 21:17:30,095] {logging_mixin.py:109} INFO - Running <TaskInstance: DM-COUNT-f101_round_f.count_f101-27 scheduled__2022-06-25T19:47:05.358363+00:00 [running]> on host 8dd6b2950340
[2022-06-26 21:17:30,616] {taskinstance.py:1426} INFO - Exporting the following env vars:
AIRFLOW_CTX_DAG_OWNER=***
AIRFLOW_CTX_DAG_ID=DM-COUNT-f101_round_f
AIRFLOW_CTX_TASK_ID=count_f101-27
AIRFLOW_CTX_EXECUTION_DATE=2022-06-25T19:47:05.358363+00:00
AIRFLOW_CTX_DAG_RUN_ID=scheduled__2022-06-25T19:47:05.358363+00:00
[2022-06-26 21:17:30,656] {base.py:79} INFO - Using connection to: id: postgres. Host: postgres, Port: 5432, Schema: postgres, Login: ***, Password: ***, extra: {}
[2022-06-26 21:17:30,684] {dbapi.py:225} INFO - Running statement: CALL dm.fill_f101_round_f (%(date)s::date);, parameters: {'date': '2018-01-27'}
[2022-06-26 21:17:30,927] {taskinstance.py:1277} INFO - Marking task as SUCCESS. dag_id=DM-COUNT-f101_round_f, task_id=count_f101-27, execution_date=20220625T194705, start_date=20220626T211729, end_date=20220626T211730
[2022-06-26 21:17:31,001] {local_task_job.py:154} INFO - Task exited with return code 0
[2022-06-26 21:17:31,162] {local_task_job.py:264} INFO - 0 downstream tasks scheduled from follow-on schedule check
