[2022-06-26 21:22:32,229] {taskinstance.py:1032} INFO - Dependencies all met for <TaskInstance: DM-COUNT-account-turnover.START_COUNT_BY_DAY_3 scheduled__2022-06-25T19:41:59.779564+00:00 [queued]>
[2022-06-26 21:22:32,237] {taskinstance.py:1032} INFO - Dependencies all met for <TaskInstance: DM-COUNT-account-turnover.START_COUNT_BY_DAY_3 scheduled__2022-06-25T19:41:59.779564+00:00 [queued]>
[2022-06-26 21:22:32,237] {taskinstance.py:1238} INFO - 
--------------------------------------------------------------------------------
[2022-06-26 21:22:32,237] {taskinstance.py:1239} INFO - Starting attempt 2 of 2
[2022-06-26 21:22:32,237] {taskinstance.py:1240} INFO - 
--------------------------------------------------------------------------------
[2022-06-26 21:22:32,245] {taskinstance.py:1259} INFO - Executing <Task(PostgresOperator): START_COUNT_BY_DAY_3> on 2022-06-25 19:41:59.779564+00:00
[2022-06-26 21:22:32,250] {standard_task_runner.py:52} INFO - Started process 538 to run task
[2022-06-26 21:22:32,253] {standard_task_runner.py:76} INFO - Running: ['***', 'tasks', 'run', 'DM-COUNT-account-turnover', 'START_COUNT_BY_DAY_3', 'scheduled__2022-06-25T19:41:59.779564+00:00', '--job-id', '1498', '--raw', '--subdir', 'DAGS_FOLDER/dm_fill_account_turnover.py', '--cfg-path', '/tmp/tmprtl7bawl', '--error-file', '/tmp/tmpggfgebnj']
[2022-06-26 21:22:32,254] {standard_task_runner.py:77} INFO - Job 1498: Subtask START_COUNT_BY_DAY_3
[2022-06-26 21:22:32,300] {logging_mixin.py:109} INFO - Running <TaskInstance: DM-COUNT-account-turnover.START_COUNT_BY_DAY_3 scheduled__2022-06-25T19:41:59.779564+00:00 [running]> on host 8dd6b2950340
[2022-06-26 21:22:32,340] {taskinstance.py:1426} INFO - Exporting the following env vars:
AIRFLOW_CTX_DAG_OWNER=***
AIRFLOW_CTX_DAG_ID=DM-COUNT-account-turnover
AIRFLOW_CTX_TASK_ID=START_COUNT_BY_DAY_3
AIRFLOW_CTX_EXECUTION_DATE=2022-06-25T19:41:59.779564+00:00
AIRFLOW_CTX_DAG_RUN_ID=scheduled__2022-06-25T19:41:59.779564+00:00
[2022-06-26 21:22:32,346] {base.py:79} INFO - Using connection to: id: postgres. Host: postgres, Port: 5432, Schema: postgres, Login: ***, Password: ***, extra: {}
[2022-06-26 21:22:32,349] {dbapi.py:225} INFO - Running statement: CALL ds.fill_account_turnover_f (%(date)s::date);, parameters: {'date': '2018-01-3'}
[2022-06-26 21:22:32,371] {taskinstance.py:1277} INFO - Marking task as SUCCESS. dag_id=DM-COUNT-account-turnover, task_id=START_COUNT_BY_DAY_3, execution_date=20220625T194159, start_date=20220626T212232, end_date=20220626T212232
[2022-06-26 21:22:32,386] {local_task_job.py:154} INFO - Task exited with return code 0
[2022-06-26 21:22:32,419] {local_task_job.py:264} INFO - 1 downstream tasks scheduled from follow-on schedule check
