[2022-06-12 22:03:16,660] {taskinstance.py:1159} INFO - Dependencies all met for <TaskInstance: CSV_TO_DS.SEND_DS_ft_balance_f manual__2022-06-12T22:03:12.808407+00:00 [queued]>
[2022-06-12 22:03:16,671] {taskinstance.py:1159} INFO - Dependencies all met for <TaskInstance: CSV_TO_DS.SEND_DS_ft_balance_f manual__2022-06-12T22:03:12.808407+00:00 [queued]>
[2022-06-12 22:03:16,671] {taskinstance.py:1356} INFO - 
--------------------------------------------------------------------------------
[2022-06-12 22:03:16,671] {taskinstance.py:1357} INFO - Starting attempt 1 of 2
[2022-06-12 22:03:16,671] {taskinstance.py:1358} INFO - 
--------------------------------------------------------------------------------
[2022-06-12 22:03:16,685] {taskinstance.py:1377} INFO - Executing <Task(PythonOperator): SEND_DS_ft_balance_f> on 2022-06-12 22:03:12.808407+00:00
[2022-06-12 22:03:16,689] {standard_task_runner.py:52} INFO - Started process 3120 to run task
[2022-06-12 22:03:16,692] {standard_task_runner.py:79} INFO - Running: ['***', 'tasks', 'run', 'CSV_TO_DS', 'SEND_DS_ft_balance_f', 'manual__2022-06-12T22:03:12.808407+00:00', '--job-id', '29', '--raw', '--subdir', 'DAGS_FOLDER/csv_to_ds.py', '--cfg-path', '/tmp/tmpvc9w3y9u', '--error-file', '/tmp/tmpza84j7ox']
[2022-06-12 22:03:16,693] {standard_task_runner.py:80} INFO - Job 29: Subtask SEND_DS_ft_balance_f
[2022-06-12 22:03:16,747] {task_command.py:370} INFO - Running <TaskInstance: CSV_TO_DS.SEND_DS_ft_balance_f manual__2022-06-12T22:03:12.808407+00:00 [running]> on host 0088cb39c00f
[2022-06-12 22:03:16,827] {taskinstance.py:1571} INFO - Exporting the following env vars:
AIRFLOW_CTX_DAG_OWNER=***
AIRFLOW_CTX_DAG_ID=CSV_TO_DS
AIRFLOW_CTX_TASK_ID=SEND_DS_ft_balance_f
AIRFLOW_CTX_EXECUTION_DATE=2022-06-12T22:03:12.808407+00:00
AIRFLOW_CTX_TRY_NUMBER=1
AIRFLOW_CTX_DAG_RUN_ID=manual__2022-06-12T22:03:12.808407+00:00
[2022-06-12 22:03:16,836] {base.py:68} INFO - Using connection ID 'postgres' for task execution.
[2022-06-12 22:03:16,836] {csv_to_ds.py:42} INFO - ***, ***, postgres, 5432, postgres
[2022-06-12 22:03:16,869] {csv_to_ds.py:95} INFO - Column on_date changed date-time format
[2022-06-12 22:03:16,870] {csv_to_ds.py:102} INFO - Table ft_balance_f read in pandas success.
[2022-06-12 22:03:16,877] {csv_to_ds.py:103} INFO - 
      on_date  account_rk  currency_rk  balance_out
0 2017-12-31    36237725           35     38318.13
1 2017-12-31       24656           35     80533.62
2 2017-12-31    18849846           34     63891.96
3 2017-12-31     1972647           34     87732.10
4 2017-12-31    34157174           34     97806.90
[2022-06-12 22:03:16,904] {csv_to_ds.py:114} INFO - Table ft_balance_f in temp schema has updated success.
[2022-06-12 22:03:21,910] {python.py:173} INFO - Done. Returned value was: None
[2022-06-12 22:03:21,924] {taskinstance.py:1400} INFO - Marking task as SUCCESS. dag_id=CSV_TO_DS, task_id=SEND_DS_ft_balance_f, execution_date=20220612T220312, start_date=20220612T220316, end_date=20220612T220321
[2022-06-12 22:03:21,992] {local_task_job.py:156} INFO - Task exited with return code 0
[2022-06-12 22:03:22,024] {local_task_job.py:273} INFO - 1 downstream tasks scheduled from follow-on schedule check
