[2022-06-08 13:40:55,929] {taskinstance.py:1159} INFO - Dependencies all met for <TaskInstance: CSV_TO_DS.SEND_DS_ft_balance_f manual__2022-06-08T13:40:52.578315+00:00 [queued]>
[2022-06-08 13:40:55,938] {taskinstance.py:1159} INFO - Dependencies all met for <TaskInstance: CSV_TO_DS.SEND_DS_ft_balance_f manual__2022-06-08T13:40:52.578315+00:00 [queued]>
[2022-06-08 13:40:55,939] {taskinstance.py:1356} INFO - 
--------------------------------------------------------------------------------
[2022-06-08 13:40:55,939] {taskinstance.py:1357} INFO - Starting attempt 1 of 2
[2022-06-08 13:40:55,939] {taskinstance.py:1358} INFO - 
--------------------------------------------------------------------------------
[2022-06-08 13:40:55,951] {taskinstance.py:1377} INFO - Executing <Task(PythonOperator): SEND_DS_ft_balance_f> on 2022-06-08 13:40:52.578315+00:00
[2022-06-08 13:40:55,955] {standard_task_runner.py:52} INFO - Started process 13160 to run task
[2022-06-08 13:40:55,959] {standard_task_runner.py:79} INFO - Running: ['***', 'tasks', 'run', 'CSV_TO_DS', 'SEND_DS_ft_balance_f', 'manual__2022-06-08T13:40:52.578315+00:00', '--job-id', '174', '--raw', '--subdir', 'DAGS_FOLDER/csv_to_ds.py', '--cfg-path', '/tmp/tmppoz9xpw5', '--error-file', '/tmp/tmplfm1jhq3']
[2022-06-08 13:40:55,959] {standard_task_runner.py:80} INFO - Job 174: Subtask SEND_DS_ft_balance_f
[2022-06-08 13:40:56,044] {task_command.py:370} INFO - Running <TaskInstance: CSV_TO_DS.SEND_DS_ft_balance_f manual__2022-06-08T13:40:52.578315+00:00 [running]> on host 33a1fdf44d41
[2022-06-08 13:40:56,129] {taskinstance.py:1571} INFO - Exporting the following env vars:
AIRFLOW_CTX_DAG_OWNER=***
AIRFLOW_CTX_DAG_ID=CSV_TO_DS
AIRFLOW_CTX_TASK_ID=SEND_DS_ft_balance_f
AIRFLOW_CTX_EXECUTION_DATE=2022-06-08T13:40:52.578315+00:00
AIRFLOW_CTX_TRY_NUMBER=1
AIRFLOW_CTX_DAG_RUN_ID=manual__2022-06-08T13:40:52.578315+00:00
[2022-06-08 13:40:56,138] {base.py:68} INFO - Using connection ID 'postgres' for task execution.
[2022-06-08 13:40:56,170] {base.py:68} INFO - Using connection ID 'postgres' for task execution.
[2022-06-08 13:40:56,183] {csv_to_ds.py:94} INFO - Column on_date changed date-time format
[2022-06-08 13:40:56,183] {csv_to_ds.py:101} INFO - Table ft_balance_f read in pandas success.
[2022-06-08 13:40:56,193] {csv_to_ds.py:102} INFO - 
      on_date  account_rk  currency_rk  balance_out
0 2017-12-31    36237725           35     38318.14
1 2017-12-31       24656           35     80533.62
2 2017-12-31    18849846           34     63891.96
3 2017-12-31     1972647           34     87732.10
4 2017-12-31    34157174           34     97806.90
[2022-06-08 13:40:56,203] {csv_to_ds.py:109} INFO - 'Insert' object has no attribute 'on_duplicate_key_update'
[2022-06-08 13:41:01,222] {python.py:173} INFO - Done. Returned value was: None
[2022-06-08 13:41:01,233] {taskinstance.py:1400} INFO - Marking task as SUCCESS. dag_id=CSV_TO_DS, task_id=SEND_DS_ft_balance_f, execution_date=20220608T134052, start_date=20220608T134055, end_date=20220608T134101
[2022-06-08 13:41:01,279] {local_task_job.py:156} INFO - Task exited with return code 0
[2022-06-08 13:41:01,306] {local_task_job.py:273} INFO - 1 downstream tasks scheduled from follow-on schedule check
