[2022-06-22 21:27:03,803] {taskinstance.py:1032} INFO - Dependencies all met for <TaskInstance: CSV_TO_DS.SEND_DS_ft_balance_f scheduled__2022-06-21T21:26:59.328971+00:00 [queued]>
[2022-06-22 21:27:03,873] {taskinstance.py:1032} INFO - Dependencies all met for <TaskInstance: CSV_TO_DS.SEND_DS_ft_balance_f scheduled__2022-06-21T21:26:59.328971+00:00 [queued]>
[2022-06-22 21:27:03,873] {taskinstance.py:1238} INFO - 
--------------------------------------------------------------------------------
[2022-06-22 21:27:03,873] {taskinstance.py:1239} INFO - Starting attempt 1 of 2
[2022-06-22 21:27:03,874] {taskinstance.py:1240} INFO - 
--------------------------------------------------------------------------------
[2022-06-22 21:27:03,927] {taskinstance.py:1259} INFO - Executing <Task(PythonOperator): SEND_DS_ft_balance_f> on 2022-06-21 21:26:59.328971+00:00
[2022-06-22 21:27:03,931] {standard_task_runner.py:52} INFO - Started process 5438 to run task
[2022-06-22 21:27:03,952] {standard_task_runner.py:76} INFO - Running: ['***', 'tasks', 'run', 'CSV_TO_DS', 'SEND_DS_ft_balance_f', 'scheduled__2022-06-21T21:26:59.328971+00:00', '--job-id', '1167', '--raw', '--subdir', 'DAGS_FOLDER/csv_to_ds.py', '--cfg-path', '/tmp/tmp28ygdxbm', '--error-file', '/tmp/tmpgsfu7xmd']
[2022-06-22 21:27:03,953] {standard_task_runner.py:77} INFO - Job 1167: Subtask SEND_DS_ft_balance_f
[2022-06-22 21:27:04,174] {logging_mixin.py:109} INFO - Running <TaskInstance: CSV_TO_DS.SEND_DS_ft_balance_f scheduled__2022-06-21T21:26:59.328971+00:00 [running]> on host bc39be91d060
[2022-06-22 21:27:04,418] {taskinstance.py:1426} INFO - Exporting the following env vars:
AIRFLOW_CTX_DAG_OWNER=***
AIRFLOW_CTX_DAG_ID=CSV_TO_DS
AIRFLOW_CTX_TASK_ID=SEND_DS_ft_balance_f
AIRFLOW_CTX_EXECUTION_DATE=2022-06-21T21:26:59.328971+00:00
AIRFLOW_CTX_DAG_RUN_ID=scheduled__2022-06-21T21:26:59.328971+00:00
[2022-06-22 21:27:04,763] {FromLocal.py:52} INFO - Column on_date changed date-time format
[2022-06-22 21:27:04,763] {FromLocal.py:58} INFO - Table ft_balance_f read in pandas success. 
[2022-06-22 21:27:04,776] {FromLocal.py:59} INFO - 
      on_date  account_rk  currency_rk  balance_out
0 2017-12-31    36237725           35     38318.17
1 2017-12-31       24656           35     80533.62
2 2017-12-31    18849846           34     63891.96
3 2017-12-31     1972647           34     87732.10
4 2017-12-31    34157174           34     97806.90
[2022-06-22 21:27:05,139] {FromLocal.py:84} INFO -  Table ft_balance_f in ds schema has updated success. 
[2022-06-22 21:27:10,151] {python.py:175} INFO - Done. Returned value was: None
[2022-06-22 21:27:10,161] {taskinstance.py:1277} INFO - Marking task as SUCCESS. dag_id=CSV_TO_DS, task_id=SEND_DS_ft_balance_f, execution_date=20220621T212659, start_date=20220622T212703, end_date=20220622T212710
[2022-06-22 21:27:10,230] {local_task_job.py:154} INFO - Task exited with return code 0
[2022-06-22 21:27:10,267] {local_task_job.py:264} INFO - 0 downstream tasks scheduled from follow-on schedule check
