[2022-06-25 19:41:48,713] {taskinstance.py:1032} INFO - Dependencies all met for <TaskInstance: CSV_TO_DS.SEND_DS_md_account_d scheduled__2022-06-22T21:26:59.328971+00:00 [queued]>
[2022-06-25 19:41:48,742] {taskinstance.py:1032} INFO - Dependencies all met for <TaskInstance: CSV_TO_DS.SEND_DS_md_account_d scheduled__2022-06-22T21:26:59.328971+00:00 [queued]>
[2022-06-25 19:41:48,742] {taskinstance.py:1238} INFO - 
--------------------------------------------------------------------------------
[2022-06-25 19:41:48,742] {taskinstance.py:1239} INFO - Starting attempt 1 of 2
[2022-06-25 19:41:48,742] {taskinstance.py:1240} INFO - 
--------------------------------------------------------------------------------
[2022-06-25 19:41:48,788] {taskinstance.py:1259} INFO - Executing <Task(PythonOperator): SEND_DS_md_account_d> on 2022-06-22 21:26:59.328971+00:00
[2022-06-25 19:41:48,797] {standard_task_runner.py:52} INFO - Started process 228 to run task
[2022-06-25 19:41:48,821] {standard_task_runner.py:76} INFO - Running: ['***', 'tasks', 'run', 'CSV_TO_DS', 'SEND_DS_md_account_d', 'scheduled__2022-06-22T21:26:59.328971+00:00', '--job-id', '1296', '--raw', '--subdir', 'DAGS_FOLDER/csv_to_ds.py', '--cfg-path', '/tmp/tmpzulmctq6', '--error-file', '/tmp/tmp7osnqrq_']
[2022-06-25 19:41:48,822] {standard_task_runner.py:77} INFO - Job 1296: Subtask SEND_DS_md_account_d
[2022-06-25 19:41:49,108] {logging_mixin.py:109} INFO - Running <TaskInstance: CSV_TO_DS.SEND_DS_md_account_d scheduled__2022-06-22T21:26:59.328971+00:00 [running]> on host 1a36ba6d0ffa
[2022-06-25 19:41:49,342] {taskinstance.py:1426} INFO - Exporting the following env vars:
AIRFLOW_CTX_DAG_OWNER=***
AIRFLOW_CTX_DAG_ID=CSV_TO_DS
AIRFLOW_CTX_TASK_ID=SEND_DS_md_account_d
AIRFLOW_CTX_EXECUTION_DATE=2022-06-22T21:26:59.328971+00:00
AIRFLOW_CTX_DAG_RUN_ID=scheduled__2022-06-22T21:26:59.328971+00:00
[2022-06-25 19:41:49,514] {FromLocal.py:71} INFO - Table md_account_d read in pandas success. 
[2022-06-25 19:41:49,555] {FromLocal.py:72} INFO - 
   data_actual_date data_actual_end_date  ...  currency_rk currency_code
0       2018-01-01           2018-01-31  ...           35           840
1       2018-01-01           2018-01-31  ...           35           840
2       2018-01-01           2018-01-31  ...           34           643
3       2018-01-01           2018-01-31  ...           34           643
4       2018-01-01           2018-01-31  ...           34           643

[5 rows x 7 columns]
[2022-06-25 19:41:49,809] {FromLocal.py:96} INFO - (psycopg2.errors.DatatypeMismatch) column "data_actual_date" is of type date but expression is of type text
LINE 2:     SELECT DISTINCT ON (DATA_ACTUAL_DATE, ACCOUNT_RK)*
                                                             ^
HINT:  You will need to rewrite or cast the expression.

[SQL: INSERT INTO ds.md_account_d
    SELECT DISTINCT ON (DATA_ACTUAL_DATE, ACCOUNT_RK)*
    FROM temp.md_account_d        
ON CONFLICT (DATA_ACTUAL_DATE, ACCOUNT_RK)
DO UPDATE 
	SET 
		DATA_ACTUAL_END_DATE = excluded.DATA_ACTUAL_END_DATE,
		ACCOUNT_NUMBER = excluded.ACCOUNT_NUMBER,
		CHAR_TYPE = excluded.CHAR_TYPE,
		CURRENCY_RK = excluded.CURRENCY_RK,
		CURRENCY_CODE = excluded.CURRENCY_CODE;]
(Background on this error at: http://sqlalche.me/e/13/f405)
[2022-06-25 19:41:54,841] {python.py:175} INFO - Done. Returned value was: None
[2022-06-25 19:41:55,345] {taskinstance.py:1277} INFO - Marking task as SUCCESS. dag_id=CSV_TO_DS, task_id=SEND_DS_md_account_d, execution_date=20220622T212659, start_date=20220625T194148, end_date=20220625T194155
[2022-06-25 19:41:55,457] {local_task_job.py:154} INFO - Task exited with return code 0
[2022-06-25 19:41:55,540] {local_task_job.py:264} INFO - 0 downstream tasks scheduled from follow-on schedule check
