[2022-06-18 15:04:03,500] {taskinstance.py:1032} INFO - Dependencies all met for <TaskInstance: DM-COUNT-account-turnover.START_COUNT manual__2022-06-18T15:03:59.734139+00:00 [queued]>
[2022-06-18 15:04:03,509] {taskinstance.py:1032} INFO - Dependencies all met for <TaskInstance: DM-COUNT-account-turnover.START_COUNT manual__2022-06-18T15:03:59.734139+00:00 [queued]>
[2022-06-18 15:04:03,509] {taskinstance.py:1238} INFO - 
--------------------------------------------------------------------------------
[2022-06-18 15:04:03,509] {taskinstance.py:1239} INFO - Starting attempt 1 of 2
[2022-06-18 15:04:03,509] {taskinstance.py:1240} INFO - 
--------------------------------------------------------------------------------
[2022-06-18 15:04:03,518] {taskinstance.py:1259} INFO - Executing <Task(PostgresOperator): START_COUNT> on 2022-06-18 15:03:59.734139+00:00
[2022-06-18 15:04:03,521] {standard_task_runner.py:52} INFO - Started process 1212 to run task
[2022-06-18 15:04:03,525] {standard_task_runner.py:76} INFO - Running: ['***', 'tasks', 'run', 'DM-COUNT-account-turnover', 'START_COUNT', 'manual__2022-06-18T15:03:59.734139+00:00', '--job-id', '118', '--raw', '--subdir', 'DAGS_FOLDER/dm_fill_account_turnover.py', '--cfg-path', '/tmp/tmpj8rzb2hx', '--error-file', '/tmp/tmpnlocnpos']
[2022-06-18 15:04:03,526] {standard_task_runner.py:77} INFO - Job 118: Subtask START_COUNT
[2022-06-18 15:04:03,581] {logging_mixin.py:109} INFO - Running <TaskInstance: DM-COUNT-account-turnover.START_COUNT manual__2022-06-18T15:03:59.734139+00:00 [running]> on host 191dd4d3d1ba
[2022-06-18 15:04:03,621] {taskinstance.py:1426} INFO - Exporting the following env vars:
AIRFLOW_CTX_DAG_OWNER=***
AIRFLOW_CTX_DAG_ID=DM-COUNT-account-turnover
AIRFLOW_CTX_TASK_ID=START_COUNT
AIRFLOW_CTX_EXECUTION_DATE=2022-06-18T15:03:59.734139+00:00
AIRFLOW_CTX_DAG_RUN_ID=manual__2022-06-18T15:03:59.734139+00:00
[2022-06-18 15:04:03,629] {base.py:79} INFO - Using connection to: id: postgres. Host: postgres, Port: 5432, Schema: postgres, Login: ***, Password: ***, extra: {}
[2022-06-18 15:04:03,632] {dbapi.py:225} INFO - Running statement: CALL ds.fill_account_turnover_f (%(date)s::date);, parameters: {'date': '2018-01-30'}
[2022-06-18 15:04:03,659] {taskinstance.py:1277} INFO - Marking task as SUCCESS. dag_id=DM-COUNT-account-turnover, task_id=START_COUNT, execution_date=20220618T150359, start_date=20220618T150403, end_date=20220618T150403
[2022-06-18 15:04:03,703] {local_task_job.py:154} INFO - Task exited with return code 0
[2022-06-18 15:04:03,728] {local_task_job.py:264} INFO - 1 downstream tasks scheduled from follow-on schedule check
