[2022-06-22 07:45:09,630] {taskinstance.py:1032} INFO - Dependencies all met for <TaskInstance: DM-COUNT-account-turnover.START_COUNT_BY_DAY_19 scheduled__2022-06-20T21:27:30.430782+00:00 [queued]>
[2022-06-22 07:45:09,784] {taskinstance.py:1032} INFO - Dependencies all met for <TaskInstance: DM-COUNT-account-turnover.START_COUNT_BY_DAY_19 scheduled__2022-06-20T21:27:30.430782+00:00 [queued]>
[2022-06-22 07:45:09,784] {taskinstance.py:1238} INFO - 
--------------------------------------------------------------------------------
[2022-06-22 07:45:09,784] {taskinstance.py:1239} INFO - Starting attempt 1 of 2
[2022-06-22 07:45:09,784] {taskinstance.py:1240} INFO - 
--------------------------------------------------------------------------------
[2022-06-22 07:45:09,903] {taskinstance.py:1259} INFO - Executing <Task(PostgresOperator): START_COUNT_BY_DAY_19> on 2022-06-20 21:27:30.430782+00:00
[2022-06-22 07:45:09,982] {standard_task_runner.py:76} INFO - Running: ['***', 'tasks', 'run', 'DM-COUNT-account-turnover', 'START_COUNT_BY_DAY_19', 'scheduled__2022-06-20T21:27:30.430782+00:00', '--job-id', '883', '--raw', '--subdir', 'DAGS_FOLDER/dm_fill_account_turnover.py', '--cfg-path', '/tmp/tmp794tb9to', '--error-file', '/tmp/tmp0s80zi0g']
[2022-06-22 07:45:10,001] {standard_task_runner.py:77} INFO - Job 883: Subtask START_COUNT_BY_DAY_19
[2022-06-22 07:45:09,969] {standard_task_runner.py:52} INFO - Started process 130 to run task
[2022-06-22 07:45:10,242] {logging_mixin.py:109} INFO - Running <TaskInstance: DM-COUNT-account-turnover.START_COUNT_BY_DAY_19 scheduled__2022-06-20T21:27:30.430782+00:00 [running]> on host a0a302277daf
[2022-06-22 07:45:10,702] {taskinstance.py:1426} INFO - Exporting the following env vars:
AIRFLOW_CTX_DAG_OWNER=***
AIRFLOW_CTX_DAG_ID=DM-COUNT-account-turnover
AIRFLOW_CTX_TASK_ID=START_COUNT_BY_DAY_19
AIRFLOW_CTX_EXECUTION_DATE=2022-06-20T21:27:30.430782+00:00
AIRFLOW_CTX_DAG_RUN_ID=scheduled__2022-06-20T21:27:30.430782+00:00
[2022-06-22 07:45:10,774] {base.py:79} INFO - Using connection to: id: postgres. Host: postgres, Port: 5432, Schema: postgres, Login: ***, Password: ***, extra: {}
[2022-06-22 07:45:10,846] {dbapi.py:225} INFO - Running statement: CALL ds.fill_account_turnover_f (%(date)s::date);, parameters: {'date': '2018-01-19'}
[2022-06-22 07:45:11,900] {taskinstance.py:1277} INFO - Marking task as SUCCESS. dag_id=DM-COUNT-account-turnover, task_id=START_COUNT_BY_DAY_19, execution_date=20220620T212730, start_date=20220622T074509, end_date=20220622T074511
[2022-06-22 07:45:12,058] {local_task_job.py:154} INFO - Task exited with return code 0
[2022-06-22 07:45:13,104] {local_task_job.py:264} INFO - 0 downstream tasks scheduled from follow-on schedule check
