[2022-07-19 10:00:01,439] {taskinstance.py:1032} INFO - Dependencies all met for <TaskInstance: MIRR_MD_ACCOUNT_D.load_mirror_md_account_d scheduled__2022-07-19T09:55:00+00:00 [queued]>
[2022-07-19 10:00:01,447] {taskinstance.py:1032} INFO - Dependencies all met for <TaskInstance: MIRR_MD_ACCOUNT_D.load_mirror_md_account_d scheduled__2022-07-19T09:55:00+00:00 [queued]>
[2022-07-19 10:00:01,447] {taskinstance.py:1238} INFO - 
--------------------------------------------------------------------------------
[2022-07-19 10:00:01,447] {taskinstance.py:1239} INFO - Starting attempt 1 of 2
[2022-07-19 10:00:01,448] {taskinstance.py:1240} INFO - 
--------------------------------------------------------------------------------
[2022-07-19 10:00:01,460] {taskinstance.py:1259} INFO - Executing <Task(BashOperator): load_mirror_md_account_d> on 2022-07-19 09:55:00+00:00
[2022-07-19 10:00:01,463] {standard_task_runner.py:52} INFO - Started process 1526 to run task
[2022-07-19 10:00:01,465] {standard_task_runner.py:76} INFO - Running: ['***', 'tasks', 'run', 'MIRR_MD_ACCOUNT_D', 'load_mirror_md_account_d', 'scheduled__2022-07-19T09:55:00+00:00', '--job-id', '10', '--raw', '--subdir', 'DAGS_FOLDER/mirror_calc.py', '--cfg-path', '/tmp/tmpictsf9zb', '--error-file', '/tmp/tmpjsiajcdu']
[2022-07-19 10:00:01,466] {standard_task_runner.py:77} INFO - Job 10: Subtask load_mirror_md_account_d
[2022-07-19 10:00:01,510] {logging_mixin.py:109} INFO - Running <TaskInstance: MIRR_MD_ACCOUNT_D.load_mirror_md_account_d scheduled__2022-07-19T09:55:00+00:00 [running]> on host 3eb752791ed4
[2022-07-19 10:00:01,557] {taskinstance.py:1426} INFO - Exporting the following env vars:
AIRFLOW_CTX_DAG_OWNER=***
AIRFLOW_CTX_DAG_ID=MIRR_MD_ACCOUNT_D
AIRFLOW_CTX_TASK_ID=load_mirror_md_account_d
AIRFLOW_CTX_EXECUTION_DATE=2022-07-19T09:55:00+00:00
AIRFLOW_CTX_DAG_RUN_ID=scheduled__2022-07-19T09:55:00+00:00
[2022-07-19 10:00:01,558] {subprocess.py:62} INFO - Tmp dir root location: 
 /tmp
[2022-07-19 10:00:01,558] {subprocess.py:74} INFO - Running command: ['bash', '-c', '"${SPARK_HOME}/bin/spark-submit" --master spark://spark:7077 /opt/***/spark_scripts/mirr_md_account_d.py']
[2022-07-19 10:00:01,568] {subprocess.py:85} INFO - Output:
[2022-07-19 10:00:04,416] {subprocess.py:89} INFO - 22/07/19 10:00:04 WARN NativeCodeLoader: Unable to load native-hadoop library for your platform... using builtin-java classes where applicable
[2022-07-19 10:00:04,658] {subprocess.py:89} INFO - /usr/local/bin/python3
[2022-07-19 10:00:06,020] {subprocess.py:89} INFO - [[34m2022-07-19 10:00:06,019[0m] {[34mbase.py:[0m79} INFO[0m - Using connection to: id: postgres. Host: postgres, Port: 5432, Schema: postgres, Login: ***, Password: ***, extra: {}[0m
[2022-07-19 10:00:06,406] {subprocess.py:89} INFO - Traceback (most recent call last):
[2022-07-19 10:00:06,406] {subprocess.py:89} INFO -   File "/opt/***/spark_scripts/mirr_md_account_d.py", line 6, in <module>
[2022-07-19 10:00:06,406] {subprocess.py:89} INFO -     from core import Mirror, AIRFLOW_HOME
[2022-07-19 10:00:06,406] {subprocess.py:89} INFO -   File "/usr/local/lib/python3.7/site-packages/core/__init__.py", line 6, in <module>
[2022-07-19 10:00:06,406] {subprocess.py:89} INFO -     from core.Mirror import Mirror
[2022-07-19 10:00:06,406] {subprocess.py:89} INFO -   File "/usr/local/lib/python3.7/site-packages/core/Mirror.py", line 1, in <module>
[2022-07-19 10:00:06,406] {subprocess.py:89} INFO -     from pyspark.sql import SparkSession
[2022-07-19 10:00:06,406] {subprocess.py:89} INFO - ModuleNotFoundError: No module named 'pyspark'
[2022-07-19 10:00:06,512] {local_task_job.py:212} WARNING - State of this instance has been externally set to skipped. Terminating instance.
[2022-07-19 10:00:06,513] {process_utils.py:124} INFO - Sending Signals.SIGTERM to group 1526. PIDs of all processes in the group: [1527, 1566, 1526]
[2022-07-19 10:00:06,514] {process_utils.py:75} INFO - Sending the signal Signals.SIGTERM to group 1526
[2022-07-19 10:00:06,514] {taskinstance.py:1408} ERROR - Received SIGTERM. Terminating subprocesses.
[2022-07-19 10:00:06,514] {subprocess.py:99} INFO - Sending SIGTERM signal to process group
[2022-07-19 10:00:06,528] {process_utils.py:70} INFO - Process psutil.Process(pid=1566, status='terminated', started='10:00:03') (1566) terminated with exit code None
[2022-07-19 10:00:06,582] {process_utils.py:70} INFO - Process psutil.Process(pid=1527, status='terminated', started='10:00:00') (1527) terminated with exit code None
[2022-07-19 10:00:06,582] {process_utils.py:70} INFO - Process psutil.Process(pid=1526, status='terminated', exitcode=0, started='10:00:00') (1526) terminated with exit code 0
