[2022-06-18 16:36:53,219] {taskinstance.py:1032} INFO - Dependencies all met for <TaskInstance: DM-COUNT-f101_round_f.count_f101-15 manual__2022-06-18T16:36:43.363666+00:00 [queued]>
[2022-06-18 16:36:53,270] {taskinstance.py:1032} INFO - Dependencies all met for <TaskInstance: DM-COUNT-f101_round_f.count_f101-15 manual__2022-06-18T16:36:43.363666+00:00 [queued]>
[2022-06-18 16:36:53,270] {taskinstance.py:1238} INFO - 
--------------------------------------------------------------------------------
[2022-06-18 16:36:53,270] {taskinstance.py:1239} INFO - Starting attempt 1 of 2
[2022-06-18 16:36:53,271] {taskinstance.py:1240} INFO - 
--------------------------------------------------------------------------------
[2022-06-18 16:36:53,297] {taskinstance.py:1259} INFO - Executing <Task(PostgresOperator): count_f101-15> on 2022-06-18 16:36:43.363666+00:00
[2022-06-18 16:36:53,303] {standard_task_runner.py:52} INFO - Started process 5729 to run task
[2022-06-18 16:36:53,311] {standard_task_runner.py:76} INFO - Running: ['***', 'tasks', 'run', 'DM-COUNT-f101_round_f', 'count_f101-15', 'manual__2022-06-18T16:36:43.363666+00:00', '--job-id', '227', '--raw', '--subdir', 'DAGS_FOLDER/f_101_round_f.py', '--cfg-path', '/tmp/tmp__8ptabk', '--error-file', '/tmp/tmpjy_649_w']
[2022-06-18 16:36:53,313] {standard_task_runner.py:77} INFO - Job 227: Subtask count_f101-15
[2022-06-18 16:36:53,617] {logging_mixin.py:109} INFO - Running <TaskInstance: DM-COUNT-f101_round_f.count_f101-15 manual__2022-06-18T16:36:43.363666+00:00 [running]> on host 191dd4d3d1ba
[2022-06-18 16:36:53,826] {taskinstance.py:1426} INFO - Exporting the following env vars:
AIRFLOW_CTX_DAG_OWNER=***
AIRFLOW_CTX_DAG_ID=DM-COUNT-f101_round_f
AIRFLOW_CTX_TASK_ID=count_f101-15
AIRFLOW_CTX_EXECUTION_DATE=2022-06-18T16:36:43.363666+00:00
AIRFLOW_CTX_DAG_RUN_ID=manual__2022-06-18T16:36:43.363666+00:00
[2022-06-18 16:36:53,872] {base.py:79} INFO - Using connection to: id: postgres. Host: postgres, Port: 5432, Schema: postgres, Login: ***, Password: ***, extra: {}
[2022-06-18 16:36:53,896] {dbapi.py:225} INFO - Running statement: CALL dm.fill_f101_round_f (%(date)s::date);, parameters: {'date': '2018-01-15'}
[2022-06-18 16:36:54,238] {taskinstance.py:1277} INFO - Marking task as SUCCESS. dag_id=DM-COUNT-f101_round_f, task_id=count_f101-15, execution_date=20220618T163643, start_date=20220618T163653, end_date=20220618T163654
[2022-06-18 16:36:54,312] {local_task_job.py:154} INFO - Task exited with return code 0
[2022-06-18 16:36:54,631] {local_task_job.py:264} INFO - 0 downstream tasks scheduled from follow-on schedule check
