[2022-06-22 08:21:42,149] {taskinstance.py:1032} INFO - Dependencies all met for <TaskInstance: DM-COUNT-f101_round_f.count_f101-14 manual__2022-06-22T08:21:30.607444+00:00 [queued]>
[2022-06-22 08:21:42,211] {taskinstance.py:1032} INFO - Dependencies all met for <TaskInstance: DM-COUNT-f101_round_f.count_f101-14 manual__2022-06-22T08:21:30.607444+00:00 [queued]>
[2022-06-22 08:21:42,216] {taskinstance.py:1238} INFO - 
--------------------------------------------------------------------------------
[2022-06-22 08:21:42,221] {taskinstance.py:1239} INFO - Starting attempt 1 of 2
[2022-06-22 08:21:42,221] {taskinstance.py:1240} INFO - 
--------------------------------------------------------------------------------
[2022-06-22 08:21:42,285] {taskinstance.py:1259} INFO - Executing <Task(PostgresOperator): count_f101-14> on 2022-06-22 08:21:30.607444+00:00
[2022-06-22 08:21:42,293] {standard_task_runner.py:52} INFO - Started process 2105 to run task
[2022-06-22 08:21:42,349] {standard_task_runner.py:76} INFO - Running: ['***', 'tasks', 'run', 'DM-COUNT-f101_round_f', 'count_f101-14', 'manual__2022-06-22T08:21:30.607444+00:00', '--job-id', '1009', '--raw', '--subdir', 'DAGS_FOLDER/f_101_round_f.py', '--cfg-path', '/tmp/tmpb1223d2j', '--error-file', '/tmp/tmp940or99z']
[2022-06-22 08:21:42,353] {standard_task_runner.py:77} INFO - Job 1009: Subtask count_f101-14
[2022-06-22 08:21:42,698] {logging_mixin.py:109} INFO - Running <TaskInstance: DM-COUNT-f101_round_f.count_f101-14 manual__2022-06-22T08:21:30.607444+00:00 [running]> on host a0a302277daf
[2022-06-22 08:21:43,245] {taskinstance.py:1426} INFO - Exporting the following env vars:
AIRFLOW_CTX_DAG_OWNER=***
AIRFLOW_CTX_DAG_ID=DM-COUNT-f101_round_f
AIRFLOW_CTX_TASK_ID=count_f101-14
AIRFLOW_CTX_EXECUTION_DATE=2022-06-22T08:21:30.607444+00:00
AIRFLOW_CTX_DAG_RUN_ID=manual__2022-06-22T08:21:30.607444+00:00
[2022-06-22 08:21:43,272] {base.py:79} INFO - Using connection to: id: postgres. Host: postgres, Port: 5432, Schema: postgres, Login: ***, Password: ***, extra: {}
[2022-06-22 08:21:43,297] {dbapi.py:225} INFO - Running statement: CALL dm.fill_f101_round_f (%(date)s::date);, parameters: {'date': '2018-01-14'}
[2022-06-22 08:21:43,983] {taskinstance.py:1277} INFO - Marking task as SUCCESS. dag_id=DM-COUNT-f101_round_f, task_id=count_f101-14, execution_date=20220622T082130, start_date=20220622T082142, end_date=20220622T082143
[2022-06-22 08:21:44,047] {local_task_job.py:154} INFO - Task exited with return code 0
[2022-06-22 08:21:45,198] {local_task_job.py:264} INFO - 0 downstream tasks scheduled from follow-on schedule check
