[2022-06-22 07:45:23,436] {taskinstance.py:1032} INFO - Dependencies all met for <TaskInstance: DM-COUNT-f101_round_f.count_f101-7 scheduled__2022-06-20T16:20:07.188456+00:00 [queued]>
[2022-06-22 07:45:23,460] {taskinstance.py:1032} INFO - Dependencies all met for <TaskInstance: DM-COUNT-f101_round_f.count_f101-7 scheduled__2022-06-20T16:20:07.188456+00:00 [queued]>
[2022-06-22 07:45:23,460] {taskinstance.py:1238} INFO - 
--------------------------------------------------------------------------------
[2022-06-22 07:45:23,461] {taskinstance.py:1239} INFO - Starting attempt 1 of 2
[2022-06-22 07:45:23,461] {taskinstance.py:1240} INFO - 
--------------------------------------------------------------------------------
[2022-06-22 07:45:23,496] {taskinstance.py:1259} INFO - Executing <Task(PostgresOperator): count_f101-7> on 2022-06-20 16:20:07.188456+00:00
[2022-06-22 07:45:23,507] {standard_task_runner.py:52} INFO - Started process 251 to run task
[2022-06-22 07:45:23,521] {standard_task_runner.py:76} INFO - Running: ['***', 'tasks', 'run', 'DM-COUNT-f101_round_f', 'count_f101-7', 'scheduled__2022-06-20T16:20:07.188456+00:00', '--job-id', '932', '--raw', '--subdir', 'DAGS_FOLDER/f_101_round_f.py', '--cfg-path', '/tmp/tmpju3id3yq', '--error-file', '/tmp/tmpbsk3zedq']
[2022-06-22 07:45:23,523] {standard_task_runner.py:77} INFO - Job 932: Subtask count_f101-7
[2022-06-22 07:45:23,810] {logging_mixin.py:109} INFO - Running <TaskInstance: DM-COUNT-f101_round_f.count_f101-7 scheduled__2022-06-20T16:20:07.188456+00:00 [running]> on host a0a302277daf
[2022-06-22 07:45:24,764] {taskinstance.py:1426} INFO - Exporting the following env vars:
AIRFLOW_CTX_DAG_OWNER=***
AIRFLOW_CTX_DAG_ID=DM-COUNT-f101_round_f
AIRFLOW_CTX_TASK_ID=count_f101-7
AIRFLOW_CTX_EXECUTION_DATE=2022-06-20T16:20:07.188456+00:00
AIRFLOW_CTX_DAG_RUN_ID=scheduled__2022-06-20T16:20:07.188456+00:00
[2022-06-22 07:45:24,808] {base.py:79} INFO - Using connection to: id: postgres. Host: postgres, Port: 5432, Schema: postgres, Login: ***, Password: ***, extra: {}
[2022-06-22 07:45:24,831] {dbapi.py:225} INFO - Running statement: CALL dm.fill_f101_round_f (%(date)s::date);, parameters: {'date': '2018-01-7'}
[2022-06-22 07:45:25,162] {taskinstance.py:1277} INFO - Marking task as SUCCESS. dag_id=DM-COUNT-f101_round_f, task_id=count_f101-7, execution_date=20220620T162007, start_date=20220622T074523, end_date=20220622T074525
[2022-06-22 07:45:25,218] {local_task_job.py:154} INFO - Task exited with return code 0
[2022-06-22 07:45:25,409] {local_task_job.py:264} INFO - 0 downstream tasks scheduled from follow-on schedule check
