[2022-06-21 14:32:22,726] {taskinstance.py:1032} INFO - Dependencies all met for <TaskInstance: DM-COUNT-f101_round_f.count_f101-7 manual__2022-06-21T14:32:11.929204+00:00 [queued]>
[2022-06-21 14:32:22,946] {taskinstance.py:1032} INFO - Dependencies all met for <TaskInstance: DM-COUNT-f101_round_f.count_f101-7 manual__2022-06-21T14:32:11.929204+00:00 [queued]>
[2022-06-21 14:32:22,949] {taskinstance.py:1238} INFO - 
--------------------------------------------------------------------------------
[2022-06-21 14:32:22,953] {taskinstance.py:1239} INFO - Starting attempt 1 of 2
[2022-06-21 14:32:22,955] {taskinstance.py:1240} INFO - 
--------------------------------------------------------------------------------
[2022-06-21 14:32:23,047] {taskinstance.py:1259} INFO - Executing <Task(PostgresOperator): count_f101-7> on 2022-06-21 14:32:11.929204+00:00
[2022-06-21 14:32:23,092] {standard_task_runner.py:76} INFO - Running: ['***', 'tasks', 'run', 'DM-COUNT-f101_round_f', 'count_f101-7', 'manual__2022-06-21T14:32:11.929204+00:00', '--job-id', '758', '--raw', '--subdir', 'DAGS_FOLDER/f_101_round_f.py', '--cfg-path', '/tmp/tmpcawc4gax', '--error-file', '/tmp/tmp4ue7x849']
[2022-06-21 14:32:23,095] {standard_task_runner.py:77} INFO - Job 758: Subtask count_f101-7
[2022-06-21 14:32:23,084] {standard_task_runner.py:52} INFO - Started process 2720 to run task
[2022-06-21 14:32:23,534] {logging_mixin.py:109} INFO - Running <TaskInstance: DM-COUNT-f101_round_f.count_f101-7 manual__2022-06-21T14:32:11.929204+00:00 [running]> on host c087b85f9f15
[2022-06-21 14:32:23,846] {taskinstance.py:1426} INFO - Exporting the following env vars:
AIRFLOW_CTX_DAG_OWNER=***
AIRFLOW_CTX_DAG_ID=DM-COUNT-f101_round_f
AIRFLOW_CTX_TASK_ID=count_f101-7
AIRFLOW_CTX_EXECUTION_DATE=2022-06-21T14:32:11.929204+00:00
AIRFLOW_CTX_DAG_RUN_ID=manual__2022-06-21T14:32:11.929204+00:00
[2022-06-21 14:32:23,932] {base.py:79} INFO - Using connection to: id: postgres. Host: postgres, Port: 5432, Schema: postgres, Login: ***, Password: ***, extra: {}
[2022-06-21 14:32:23,941] {dbapi.py:225} INFO - Running statement: CALL dm.fill_f101_round_f (%(date)s::date);, parameters: {'date': '2018-01-7'}
[2022-06-21 14:32:24,355] {taskinstance.py:1277} INFO - Marking task as SUCCESS. dag_id=DM-COUNT-f101_round_f, task_id=count_f101-7, execution_date=20220621T143211, start_date=20220621T143222, end_date=20220621T143224
[2022-06-21 14:32:24,410] {local_task_job.py:154} INFO - Task exited with return code 0
[2022-06-21 14:32:24,766] {local_task_job.py:264} INFO - 0 downstream tasks scheduled from follow-on schedule check
