[2022-06-11 08:53:04,502] {taskinstance.py:1159} INFO - Dependencies all met for <TaskInstance: CSV_TO_DS.SEND_DS_ft_balance_f scheduled__2022-06-10T08:53:01.044874+00:00 [queued]>
[2022-06-11 08:53:04,512] {taskinstance.py:1159} INFO - Dependencies all met for <TaskInstance: CSV_TO_DS.SEND_DS_ft_balance_f scheduled__2022-06-10T08:53:01.044874+00:00 [queued]>
[2022-06-11 08:53:04,512] {taskinstance.py:1356} INFO - 
--------------------------------------------------------------------------------
[2022-06-11 08:53:04,512] {taskinstance.py:1357} INFO - Starting attempt 1 of 2
[2022-06-11 08:53:04,512] {taskinstance.py:1358} INFO - 
--------------------------------------------------------------------------------
[2022-06-11 08:53:04,526] {taskinstance.py:1377} INFO - Executing <Task(PythonOperator): SEND_DS_ft_balance_f> on 2022-06-10 08:53:01.044874+00:00
[2022-06-11 08:53:04,530] {standard_task_runner.py:52} INFO - Started process 94 to run task
[2022-06-11 08:53:04,533] {standard_task_runner.py:79} INFO - Running: ['***', 'tasks', 'run', 'CSV_TO_DS', 'SEND_DS_ft_balance_f', 'scheduled__2022-06-10T08:53:01.044874+00:00', '--job-id', '218', '--raw', '--subdir', 'DAGS_FOLDER/csv_to_ds.py', '--cfg-path', '/tmp/tmpv02wd0ov', '--error-file', '/tmp/tmp0k0lscl5']
[2022-06-11 08:53:04,534] {standard_task_runner.py:80} INFO - Job 218: Subtask SEND_DS_ft_balance_f
[2022-06-11 08:53:04,586] {task_command.py:370} INFO - Running <TaskInstance: CSV_TO_DS.SEND_DS_ft_balance_f scheduled__2022-06-10T08:53:01.044874+00:00 [running]> on host 33a1fdf44d41
[2022-06-11 08:53:04,669] {taskinstance.py:1571} INFO - Exporting the following env vars:
AIRFLOW_CTX_DAG_OWNER=***
AIRFLOW_CTX_DAG_ID=CSV_TO_DS
AIRFLOW_CTX_TASK_ID=SEND_DS_ft_balance_f
AIRFLOW_CTX_EXECUTION_DATE=2022-06-10T08:53:01.044874+00:00
AIRFLOW_CTX_TRY_NUMBER=1
AIRFLOW_CTX_DAG_RUN_ID=scheduled__2022-06-10T08:53:01.044874+00:00
[2022-06-11 08:53:04,678] {base.py:68} INFO - Using connection ID 'postgres' for task execution.
[2022-06-11 08:53:04,723] {base.py:68} INFO - Using connection ID 'postgres' for task execution.
[2022-06-11 08:53:04,733] {csv_to_ds.py:94} INFO - Column on_date changed date-time format
[2022-06-11 08:53:04,733] {csv_to_ds.py:101} INFO - Table ft_balance_f read in pandas success.
[2022-06-11 08:53:04,741] {csv_to_ds.py:102} INFO - 
      on_date  account_rk  currency_rk  balance_out
0 2017-12-31    36237725           35     38318.14
1 2017-12-31       24656           35     80533.62
2 2017-12-31    18849846           34     63891.96
3 2017-12-31     1972647           34     87732.10
4 2017-12-31    34157174           34     97806.90
[2022-06-11 08:53:04,750] {csv_to_ds.py:109} INFO - 'Insert' object has no attribute 'on_duplicate_key_update'
[2022-06-11 08:53:09,763] {python.py:173} INFO - Done. Returned value was: None
[2022-06-11 08:53:09,775] {taskinstance.py:1400} INFO - Marking task as SUCCESS. dag_id=CSV_TO_DS, task_id=SEND_DS_ft_balance_f, execution_date=20220610T085301, start_date=20220611T085304, end_date=20220611T085309
[2022-06-11 08:53:09,804] {local_task_job.py:156} INFO - Task exited with return code 0
[2022-06-11 08:53:09,834] {local_task_job.py:273} INFO - 1 downstream tasks scheduled from follow-on schedule check
