[2022-06-22 08:20:03,794] {taskinstance.py:1032} INFO - Dependencies all met for <TaskInstance: DM-COUNT-account-turnover.START_COUNT_BY_DAY_12 manual__2022-06-22T08:19:49.731523+00:00 [queued]>
[2022-06-22 08:20:03,827] {taskinstance.py:1032} INFO - Dependencies all met for <TaskInstance: DM-COUNT-account-turnover.START_COUNT_BY_DAY_12 manual__2022-06-22T08:19:49.731523+00:00 [queued]>
[2022-06-22 08:20:03,827] {taskinstance.py:1238} INFO - 
--------------------------------------------------------------------------------
[2022-06-22 08:20:03,827] {taskinstance.py:1239} INFO - Starting attempt 1 of 2
[2022-06-22 08:20:03,827] {taskinstance.py:1240} INFO - 
--------------------------------------------------------------------------------
[2022-06-22 08:20:03,878] {taskinstance.py:1259} INFO - Executing <Task(PostgresOperator): START_COUNT_BY_DAY_12> on 2022-06-22 08:19:49.731523+00:00
[2022-06-22 08:20:03,906] {standard_task_runner.py:52} INFO - Started process 1933 to run task
[2022-06-22 08:20:03,961] {standard_task_runner.py:76} INFO - Running: ['***', 'tasks', 'run', 'DM-COUNT-account-turnover', 'START_COUNT_BY_DAY_12', 'manual__2022-06-22T08:19:49.731523+00:00', '--job-id', '974', '--raw', '--subdir', 'DAGS_FOLDER/dm_fill_account_turnover.py', '--cfg-path', '/tmp/tmpni5opjuw', '--error-file', '/tmp/tmpicu6i4bg']
[2022-06-22 08:20:03,973] {standard_task_runner.py:77} INFO - Job 974: Subtask START_COUNT_BY_DAY_12
[2022-06-22 08:20:04,442] {logging_mixin.py:109} INFO - Running <TaskInstance: DM-COUNT-account-turnover.START_COUNT_BY_DAY_12 manual__2022-06-22T08:19:49.731523+00:00 [running]> on host a0a302277daf
[2022-06-22 08:20:04,857] {taskinstance.py:1426} INFO - Exporting the following env vars:
AIRFLOW_CTX_DAG_OWNER=***
AIRFLOW_CTX_DAG_ID=DM-COUNT-account-turnover
AIRFLOW_CTX_TASK_ID=START_COUNT_BY_DAY_12
AIRFLOW_CTX_EXECUTION_DATE=2022-06-22T08:19:49.731523+00:00
AIRFLOW_CTX_DAG_RUN_ID=manual__2022-06-22T08:19:49.731523+00:00
[2022-06-22 08:20:04,919] {base.py:79} INFO - Using connection to: id: postgres. Host: postgres, Port: 5432, Schema: postgres, Login: ***, Password: ***, extra: {}
[2022-06-22 08:20:04,934] {dbapi.py:225} INFO - Running statement: CALL ds.fill_account_turnover_f (%(date)s::date);, parameters: {'date': '2018-01-12'}
[2022-06-22 08:20:05,890] {taskinstance.py:1277} INFO - Marking task as SUCCESS. dag_id=DM-COUNT-account-turnover, task_id=START_COUNT_BY_DAY_12, execution_date=20220622T081949, start_date=20220622T082003, end_date=20220622T082005
[2022-06-22 08:20:05,963] {local_task_job.py:154} INFO - Task exited with return code 0
[2022-06-22 08:20:06,932] {local_task_job.py:264} INFO - 0 downstream tasks scheduled from follow-on schedule check
