[2022-06-06 10:37:16,711] {taskinstance.py:1159} INFO - Dependencies all met for <TaskInstance: CSV_TO_DS.SEND_DS_ft_balance_f manual__2022-06-06T10:37:06.587093+00:00 [queued]>
[2022-06-06 10:37:16,747] {taskinstance.py:1159} INFO - Dependencies all met for <TaskInstance: CSV_TO_DS.SEND_DS_ft_balance_f manual__2022-06-06T10:37:06.587093+00:00 [queued]>
[2022-06-06 10:37:16,748] {taskinstance.py:1356} INFO - 
--------------------------------------------------------------------------------
[2022-06-06 10:37:16,748] {taskinstance.py:1357} INFO - Starting attempt 1 of 2
[2022-06-06 10:37:16,749] {taskinstance.py:1358} INFO - 
--------------------------------------------------------------------------------
[2022-06-06 10:37:16,802] {taskinstance.py:1377} INFO - Executing <Task(PythonOperator): SEND_DS_ft_balance_f> on 2022-06-06 10:37:06.587093+00:00
[2022-06-06 10:37:16,810] {standard_task_runner.py:52} INFO - Started process 1399 to run task
[2022-06-06 10:37:16,826] {standard_task_runner.py:79} INFO - Running: ['***', 'tasks', 'run', 'CSV_TO_DS', 'SEND_DS_ft_balance_f', 'manual__2022-06-06T10:37:06.587093+00:00', '--job-id', '30', '--raw', '--subdir', 'DAGS_FOLDER/csv_to_ds.py', '--cfg-path', '/tmp/tmp93khesf8', '--error-file', '/tmp/tmp2dv_6xsy']
[2022-06-06 10:37:16,840] {standard_task_runner.py:80} INFO - Job 30: Subtask SEND_DS_ft_balance_f
[2022-06-06 10:37:17,019] {task_command.py:370} INFO - Running <TaskInstance: CSV_TO_DS.SEND_DS_ft_balance_f manual__2022-06-06T10:37:06.587093+00:00 [running]> on host 33a1fdf44d41
[2022-06-06 10:37:17,211] {taskinstance.py:1571} INFO - Exporting the following env vars:
AIRFLOW_CTX_DAG_OWNER=***
AIRFLOW_CTX_DAG_ID=CSV_TO_DS
AIRFLOW_CTX_TASK_ID=SEND_DS_ft_balance_f
AIRFLOW_CTX_EXECUTION_DATE=2022-06-06T10:37:06.587093+00:00
AIRFLOW_CTX_TRY_NUMBER=1
AIRFLOW_CTX_DAG_RUN_ID=manual__2022-06-06T10:37:06.587093+00:00
[2022-06-06 10:37:17,229] {base.py:68} INFO - Using connection ID 'postgres' for task execution.
[2022-06-06 10:37:17,295] {python.py:173} INFO - Done. Returned value was: None
[2022-06-06 10:37:17,317] {taskinstance.py:1400} INFO - Marking task as SUCCESS. dag_id=CSV_TO_DS, task_id=SEND_DS_ft_balance_f, execution_date=20220606T103706, start_date=20220606T103716, end_date=20220606T103717
[2022-06-06 10:37:17,346] {local_task_job.py:156} INFO - Task exited with return code 0
[2022-06-06 10:37:17,400] {local_task_job.py:273} INFO - 1 downstream tasks scheduled from follow-on schedule check
