[2022-06-08 12:22:47,322] {taskinstance.py:1159} INFO - Dependencies all met for <TaskInstance: CSV_TO_DS.SEND_DS_ft_balance_f manual__2022-06-08T12:22:42.852798+00:00 [queued]>
[2022-06-08 12:22:47,330] {taskinstance.py:1159} INFO - Dependencies all met for <TaskInstance: CSV_TO_DS.SEND_DS_ft_balance_f manual__2022-06-08T12:22:42.852798+00:00 [queued]>
[2022-06-08 12:22:47,331] {taskinstance.py:1356} INFO - 
--------------------------------------------------------------------------------
[2022-06-08 12:22:47,331] {taskinstance.py:1357} INFO - Starting attempt 1 of 2
[2022-06-08 12:22:47,331] {taskinstance.py:1358} INFO - 
--------------------------------------------------------------------------------
[2022-06-08 12:22:47,342] {taskinstance.py:1377} INFO - Executing <Task(PythonOperator): SEND_DS_ft_balance_f> on 2022-06-08 12:22:42.852798+00:00
[2022-06-08 12:22:47,349] {standard_task_runner.py:52} INFO - Started process 9404 to run task
[2022-06-08 12:22:47,356] {standard_task_runner.py:79} INFO - Running: ['***', 'tasks', 'run', 'CSV_TO_DS', 'SEND_DS_ft_balance_f', 'manual__2022-06-08T12:22:42.852798+00:00', '--job-id', '156', '--raw', '--subdir', 'DAGS_FOLDER/csv_to_ds.py', '--cfg-path', '/tmp/tmp8xz7pssa', '--error-file', '/tmp/tmptigkcoa3']
[2022-06-08 12:22:47,357] {standard_task_runner.py:80} INFO - Job 156: Subtask SEND_DS_ft_balance_f
[2022-06-08 12:22:47,433] {task_command.py:370} INFO - Running <TaskInstance: CSV_TO_DS.SEND_DS_ft_balance_f manual__2022-06-08T12:22:42.852798+00:00 [running]> on host 33a1fdf44d41
[2022-06-08 12:22:47,515] {taskinstance.py:1571} INFO - Exporting the following env vars:
AIRFLOW_CTX_DAG_OWNER=***
AIRFLOW_CTX_DAG_ID=CSV_TO_DS
AIRFLOW_CTX_TASK_ID=SEND_DS_ft_balance_f
AIRFLOW_CTX_EXECUTION_DATE=2022-06-08T12:22:42.852798+00:00
AIRFLOW_CTX_TRY_NUMBER=1
AIRFLOW_CTX_DAG_RUN_ID=manual__2022-06-08T12:22:42.852798+00:00
[2022-06-08 12:22:47,526] {base.py:68} INFO - Using connection ID 'postgres' for task execution.
[2022-06-08 12:22:47,564] {base.py:68} INFO - Using connection ID 'postgres' for task execution.
[2022-06-08 12:22:47,577] {csv_to_ds.py:85} INFO - Column on_date changed date-time format
[2022-06-08 12:22:47,578] {csv_to_ds.py:92} INFO - Table ft_balance_f read in pandas success.
[2022-06-08 12:22:47,589] {csv_to_ds.py:93} INFO - 
      on_date  account_rk  currency_rk  balance_out
0 2017-12-31    36237725           35     38318.13
1 2017-12-31       24656           35     80533.62
2 2017-12-31    18849846           34     63891.96
3 2017-12-31     1972647           34     87732.10
4 2017-12-31    34157174           34     97806.90
[2022-06-08 12:22:47,607] {csv_to_ds.py:105} INFO - (psycopg2.errors.UniqueViolation) duplicate key value violates unique constraint "ft_balance_f_pkey"
DETAIL:  Key (on_date, account_rk)=(2017-12-31, 36237725) already exists.

[SQL: INSERT INTO ds.ft_balance_f (on_date, account_rk, currency_rk, balance_out) VALUES (%(on_date)s, %(account_rk)s, %(currency_rk)s, %(balance_out)s)]
[parameters: ({'on_date': datetime.datetime(2017, 12, 31, 0, 0), 'account_rk': 36237725, 'currency_rk': 35, 'balance_out': 38318.13}, {'on_date': datetime.datetime(2017, 12, 31, 0, 0), 'account_rk': 24656, 'currency_rk': 35, 'balance_out': 80533.62}, {'on_date': datetime.datetime(2017, 12, 31, 0, 0), 'account_rk': 18849846, 'currency_rk': 34, 'balance_out': 63891.96}, {'on_date': datetime.datetime(2017, 12, 31, 0, 0), 'account_rk': 1972647, 'currency_rk': 34, 'balance_out': 87732.1}, {'on_date': datetime.datetime(2017, 12, 31, 0, 0), 'account_rk': 34157174, 'currency_rk': 34, 'balance_out': 97806.9}, {'on_date': datetime.datetime(2017, 12, 31, 0, 0), 'account_rk': 48829156, 'currency_rk': 34, 'balance_out': 87620.47}, {'on_date': datetime.datetime(2017, 12, 31, 0, 0), 'account_rk': 13905, 'currency_rk': 34, 'balance_out': 29554.0}, {'on_date': datetime.datetime(2017, 12, 31, 0, 0), 'account_rk': 17244, 'currency_rk': 34, 'balance_out': 25852.49}  ... displaying 10 of 112 total bound parameter sets ...  {'on_date': datetime.datetime(2017, 12, 31, 0, 0), 'account_rk': 18007, 'currency_rk': 34, 'balance_out': 58966.57}, {'on_date': datetime.datetime(2017, 12, 31, 0, 0), 'account_rk': 44195, 'currency_rk': 44, 'balance_out': 3818.77})]
(Background on this error at: http://sqlalche.me/e/14/gkpj)
[2022-06-08 12:22:52,621] {python.py:173} INFO - Done. Returned value was: None
[2022-06-08 12:22:52,633] {taskinstance.py:1400} INFO - Marking task as SUCCESS. dag_id=CSV_TO_DS, task_id=SEND_DS_ft_balance_f, execution_date=20220608T122242, start_date=20220608T122247, end_date=20220608T122252
[2022-06-08 12:22:52,670] {local_task_job.py:156} INFO - Task exited with return code 0
[2022-06-08 12:22:52,696] {local_task_job.py:273} INFO - 1 downstream tasks scheduled from follow-on schedule check
