[2022-06-25 19:42:09,634] {taskinstance.py:1032} INFO - Dependencies all met for <TaskInstance: DM-COUNT-account-turnover.START_COUNT_BY_DAY_8 scheduled__2022-06-24T19:41:59.779564+00:00 [queued]>
[2022-06-25 19:42:09,651] {taskinstance.py:1032} INFO - Dependencies all met for <TaskInstance: DM-COUNT-account-turnover.START_COUNT_BY_DAY_8 scheduled__2022-06-24T19:41:59.779564+00:00 [queued]>
[2022-06-25 19:42:09,651] {taskinstance.py:1238} INFO - 
--------------------------------------------------------------------------------
[2022-06-25 19:42:09,651] {taskinstance.py:1239} INFO - Starting attempt 1 of 2
[2022-06-25 19:42:09,651] {taskinstance.py:1240} INFO - 
--------------------------------------------------------------------------------
[2022-06-25 19:42:09,666] {taskinstance.py:1259} INFO - Executing <Task(PostgresOperator): START_COUNT_BY_DAY_8> on 2022-06-24 19:41:59.779564+00:00
[2022-06-25 19:42:09,674] {standard_task_runner.py:52} INFO - Started process 438 to run task
[2022-06-25 19:42:09,680] {standard_task_runner.py:76} INFO - Running: ['***', 'tasks', 'run', 'DM-COUNT-account-turnover', 'START_COUNT_BY_DAY_8', 'scheduled__2022-06-24T19:41:59.779564+00:00', '--job-id', '1366', '--raw', '--subdir', 'DAGS_FOLDER/dm_fill_account_turnover.py', '--cfg-path', '/tmp/tmpravgx7up', '--error-file', '/tmp/tmpos2p9xqb']
[2022-06-25 19:42:09,684] {standard_task_runner.py:77} INFO - Job 1366: Subtask START_COUNT_BY_DAY_8
[2022-06-25 19:42:09,777] {logging_mixin.py:109} INFO - Running <TaskInstance: DM-COUNT-account-turnover.START_COUNT_BY_DAY_8 scheduled__2022-06-24T19:41:59.779564+00:00 [running]> on host 1a36ba6d0ffa
[2022-06-25 19:42:09,864] {taskinstance.py:1426} INFO - Exporting the following env vars:
AIRFLOW_CTX_DAG_OWNER=***
AIRFLOW_CTX_DAG_ID=DM-COUNT-account-turnover
AIRFLOW_CTX_TASK_ID=START_COUNT_BY_DAY_8
AIRFLOW_CTX_EXECUTION_DATE=2022-06-24T19:41:59.779564+00:00
AIRFLOW_CTX_DAG_RUN_ID=scheduled__2022-06-24T19:41:59.779564+00:00
[2022-06-25 19:42:09,884] {base.py:79} INFO - Using connection to: id: postgres. Host: postgres, Port: 5432, Schema: postgres, Login: ***, Password: ***, extra: {}
[2022-06-25 19:42:09,894] {dbapi.py:225} INFO - Running statement: CALL ds.fill_account_turnover_f (%(date)s::date);, parameters: {'date': '2018-01-8'}
[2022-06-25 19:42:09,934] {taskinstance.py:1277} INFO - Marking task as SUCCESS. dag_id=DM-COUNT-account-turnover, task_id=START_COUNT_BY_DAY_8, execution_date=20220624T194159, start_date=20220625T194209, end_date=20220625T194209
[2022-06-25 19:42:09,974] {local_task_job.py:154} INFO - Task exited with return code 0
[2022-06-25 19:42:10,027] {local_task_job.py:264} INFO - 0 downstream tasks scheduled from follow-on schedule check
