[2022-07-17 09:24:38,693] {taskinstance.py:1032} INFO - Dependencies all met for <TaskInstance: DM-COUNT-account-turnover.START_COUNT_BY_DAY_14 scheduled__2022-07-16T09:24:31.887335+00:00 [queued]>
[2022-07-17 09:24:38,740] {taskinstance.py:1032} INFO - Dependencies all met for <TaskInstance: DM-COUNT-account-turnover.START_COUNT_BY_DAY_14 scheduled__2022-07-16T09:24:31.887335+00:00 [queued]>
[2022-07-17 09:24:38,740] {taskinstance.py:1238} INFO - 
--------------------------------------------------------------------------------
[2022-07-17 09:24:38,740] {taskinstance.py:1239} INFO - Starting attempt 1 of 2
[2022-07-17 09:24:38,741] {taskinstance.py:1240} INFO - 
--------------------------------------------------------------------------------
[2022-07-17 09:24:38,788] {taskinstance.py:1259} INFO - Executing <Task(PostgresOperator): START_COUNT_BY_DAY_14> on 2022-07-16 09:24:31.887335+00:00
[2022-07-17 09:24:38,828] {standard_task_runner.py:52} INFO - Started process 423 to run task
[2022-07-17 09:24:38,857] {standard_task_runner.py:76} INFO - Running: ['***', 'tasks', 'run', 'DM-COUNT-account-turnover', 'START_COUNT_BY_DAY_14', 'scheduled__2022-07-16T09:24:31.887335+00:00', '--job-id', '1609', '--raw', '--subdir', 'DAGS_FOLDER/dm_fill_account_turnover.py', '--cfg-path', '/tmp/tmp7_u0yhxm', '--error-file', '/tmp/tmpmsnfu52g']
[2022-07-17 09:24:38,858] {standard_task_runner.py:77} INFO - Job 1609: Subtask START_COUNT_BY_DAY_14
[2022-07-17 09:24:39,195] {logging_mixin.py:109} INFO - Running <TaskInstance: DM-COUNT-account-turnover.START_COUNT_BY_DAY_14 scheduled__2022-07-16T09:24:31.887335+00:00 [running]> on host a04da3f4ff4b
[2022-07-17 09:24:39,439] {taskinstance.py:1426} INFO - Exporting the following env vars:
AIRFLOW_CTX_DAG_OWNER=***
AIRFLOW_CTX_DAG_ID=DM-COUNT-account-turnover
AIRFLOW_CTX_TASK_ID=START_COUNT_BY_DAY_14
AIRFLOW_CTX_EXECUTION_DATE=2022-07-16T09:24:31.887335+00:00
AIRFLOW_CTX_DAG_RUN_ID=scheduled__2022-07-16T09:24:31.887335+00:00
[2022-07-17 09:24:39,466] {base.py:79} INFO - Using connection to: id: postgres. Host: postgres, Port: 5432, Schema: postgres, Login: ***, Password: ***, extra: {}
[2022-07-17 09:24:39,474] {dbapi.py:225} INFO - Running statement: CALL ds.fill_account_turnover_f (%(date)s::date);, parameters: {'date': '2018-01-14'}
[2022-07-17 09:24:39,530] {taskinstance.py:1277} INFO - Marking task as SUCCESS. dag_id=DM-COUNT-account-turnover, task_id=START_COUNT_BY_DAY_14, execution_date=20220716T092431, start_date=20220717T092438, end_date=20220717T092439
[2022-07-17 09:24:39,612] {local_task_job.py:154} INFO - Task exited with return code 0
[2022-07-17 09:24:40,514] {local_task_job.py:264} INFO - 0 downstream tasks scheduled from follow-on schedule check
