[2022-06-12 23:09:53,906] {processor.py:153} INFO - Started process (PID=6871) to work on /opt/airflow/dags/sack.py
[2022-06-12 23:09:53,906] {processor.py:641} INFO - Processing file /opt/airflow/dags/sack.py for tasks to queue
[2022-06-12 23:09:53,907] {logging_mixin.py:115} INFO - [2022-06-12 23:09:53,907] {dagbag.py:507} INFO - Filling up the DagBag from /opt/airflow/dags/sack.py
[2022-06-12 23:09:53,919] {logging_mixin.py:115} INFO - [2022-06-12 23:09:53,918] {dagbag.py:320} ERROR - Failed to import: /opt/airflow/dags/sack.py
Traceback (most recent call last):
  File "/home/airflow/.local/lib/python3.7/site-packages/airflow/models/dagbag.py", line 317, in parse
    loader.exec_module(new_module)
  File "<frozen importlib._bootstrap_external>", line 728, in exec_module
  File "<frozen importlib._bootstrap>", line 219, in _call_with_frames_removed
  File "/opt/airflow/dags/sack.py", line 11, in <module>
    import core
ModuleNotFoundError: No module named 'core'
[2022-06-12 23:09:53,919] {processor.py:653} WARNING - No viable dags retrieved from /opt/airflow/dags/sack.py
[2022-06-12 23:09:53,942] {processor.py:161} INFO - Processing /opt/airflow/dags/sack.py took 0.040 seconds
[2022-06-12 23:10:24,039] {processor.py:153} INFO - Started process (PID=6901) to work on /opt/airflow/dags/sack.py
[2022-06-12 23:10:24,045] {processor.py:641} INFO - Processing file /opt/airflow/dags/sack.py for tasks to queue
[2022-06-12 23:10:24,046] {logging_mixin.py:115} INFO - [2022-06-12 23:10:24,046] {dagbag.py:507} INFO - Filling up the DagBag from /opt/airflow/dags/sack.py
[2022-06-12 23:10:24,060] {logging_mixin.py:115} INFO - [2022-06-12 23:10:24,059] {dagbag.py:320} ERROR - Failed to import: /opt/airflow/dags/sack.py
Traceback (most recent call last):
  File "/home/airflow/.local/lib/python3.7/site-packages/airflow/models/dagbag.py", line 317, in parse
    loader.exec_module(new_module)
  File "<frozen importlib._bootstrap_external>", line 728, in exec_module
  File "<frozen importlib._bootstrap>", line 219, in _call_with_frames_removed
  File "/opt/airflow/dags/sack.py", line 11, in <module>
    import core
ModuleNotFoundError: No module named 'core'
[2022-06-12 23:10:24,060] {processor.py:653} WARNING - No viable dags retrieved from /opt/airflow/dags/sack.py
[2022-06-12 23:10:24,081] {processor.py:161} INFO - Processing /opt/airflow/dags/sack.py took 0.045 seconds
[2022-06-12 23:10:54,183] {processor.py:153} INFO - Started process (PID=6932) to work on /opt/airflow/dags/sack.py
[2022-06-12 23:10:54,183] {processor.py:641} INFO - Processing file /opt/airflow/dags/sack.py for tasks to queue
[2022-06-12 23:10:54,184] {logging_mixin.py:115} INFO - [2022-06-12 23:10:54,184] {dagbag.py:507} INFO - Filling up the DagBag from /opt/airflow/dags/sack.py
[2022-06-12 23:10:54,198] {logging_mixin.py:115} INFO - [2022-06-12 23:10:54,197] {dagbag.py:320} ERROR - Failed to import: /opt/airflow/dags/sack.py
Traceback (most recent call last):
  File "/home/airflow/.local/lib/python3.7/site-packages/airflow/models/dagbag.py", line 317, in parse
    loader.exec_module(new_module)
  File "<frozen importlib._bootstrap_external>", line 728, in exec_module
  File "<frozen importlib._bootstrap>", line 219, in _call_with_frames_removed
  File "/opt/airflow/dags/sack.py", line 11, in <module>
    import core
ModuleNotFoundError: No module named 'core'
[2022-06-12 23:10:54,198] {processor.py:653} WARNING - No viable dags retrieved from /opt/airflow/dags/sack.py
[2022-06-12 23:10:54,216] {processor.py:161} INFO - Processing /opt/airflow/dags/sack.py took 0.039 seconds
[2022-06-12 23:11:24,302] {processor.py:153} INFO - Started process (PID=6953) to work on /opt/airflow/dags/sack.py
[2022-06-12 23:11:24,303] {processor.py:641} INFO - Processing file /opt/airflow/dags/sack.py for tasks to queue
[2022-06-12 23:11:24,304] {logging_mixin.py:115} INFO - [2022-06-12 23:11:24,304] {dagbag.py:507} INFO - Filling up the DagBag from /opt/airflow/dags/sack.py
[2022-06-12 23:11:24,314] {logging_mixin.py:115} INFO - [2022-06-12 23:11:24,313] {dagbag.py:320} ERROR - Failed to import: /opt/airflow/dags/sack.py
Traceback (most recent call last):
  File "/home/airflow/.local/lib/python3.7/site-packages/airflow/models/dagbag.py", line 317, in parse
    loader.exec_module(new_module)
  File "<frozen importlib._bootstrap_external>", line 728, in exec_module
  File "<frozen importlib._bootstrap>", line 219, in _call_with_frames_removed
  File "/opt/airflow/dags/sack.py", line 11, in <module>
    import core
ModuleNotFoundError: No module named 'core'
[2022-06-12 23:11:24,314] {processor.py:653} WARNING - No viable dags retrieved from /opt/airflow/dags/sack.py
[2022-06-12 23:11:24,337] {processor.py:161} INFO - Processing /opt/airflow/dags/sack.py took 0.037 seconds
