[2022-06-21 14:22:58,464] {taskinstance.py:1032} INFO - Dependencies all met for <TaskInstance: DM-COUNT-account-turnover.START_COUNT_BY_DAY_2 manual__2022-06-21T14:22:49.367507+00:00 [queued]>
[2022-06-21 14:22:58,595] {taskinstance.py:1032} INFO - Dependencies all met for <TaskInstance: DM-COUNT-account-turnover.START_COUNT_BY_DAY_2 manual__2022-06-21T14:22:49.367507+00:00 [queued]>
[2022-06-21 14:22:58,602] {taskinstance.py:1238} INFO - 
--------------------------------------------------------------------------------
[2022-06-21 14:22:58,602] {taskinstance.py:1239} INFO - Starting attempt 1 of 2
[2022-06-21 14:22:58,602] {taskinstance.py:1240} INFO - 
--------------------------------------------------------------------------------
[2022-06-21 14:22:58,702] {taskinstance.py:1259} INFO - Executing <Task(PostgresOperator): START_COUNT_BY_DAY_2> on 2022-06-21 14:22:49.367507+00:00
[2022-06-21 14:22:58,736] {standard_task_runner.py:52} INFO - Started process 1900 to run task
[2022-06-21 14:22:58,751] {standard_task_runner.py:76} INFO - Running: ['***', 'tasks', 'run', 'DM-COUNT-account-turnover', 'START_COUNT_BY_DAY_2', 'manual__2022-06-21T14:22:49.367507+00:00', '--job-id', '619', '--raw', '--subdir', 'DAGS_FOLDER/dm_fill_account_turnover.py', '--cfg-path', '/tmp/tmpdgnm_9jn', '--error-file', '/tmp/tmplfp4yex1']
[2022-06-21 14:22:58,752] {standard_task_runner.py:77} INFO - Job 619: Subtask START_COUNT_BY_DAY_2
[2022-06-21 14:22:58,913] {logging_mixin.py:109} INFO - Running <TaskInstance: DM-COUNT-account-turnover.START_COUNT_BY_DAY_2 manual__2022-06-21T14:22:49.367507+00:00 [running]> on host c087b85f9f15
[2022-06-21 14:22:59,145] {taskinstance.py:1426} INFO - Exporting the following env vars:
AIRFLOW_CTX_DAG_OWNER=***
AIRFLOW_CTX_DAG_ID=DM-COUNT-account-turnover
AIRFLOW_CTX_TASK_ID=START_COUNT_BY_DAY_2
AIRFLOW_CTX_EXECUTION_DATE=2022-06-21T14:22:49.367507+00:00
AIRFLOW_CTX_DAG_RUN_ID=manual__2022-06-21T14:22:49.367507+00:00
[2022-06-21 14:22:59,167] {base.py:79} INFO - Using connection to: id: postgres. Host: postgres, Port: 5432, Schema: postgres, Login: ***, Password: ***, extra: {}
[2022-06-21 14:22:59,202] {dbapi.py:225} INFO - Running statement: CALL ds.fill_account_turnover_f (%(date)s::date);, parameters: {'date': '2018-01-2'}
[2022-06-21 14:23:00,099] {taskinstance.py:1277} INFO - Marking task as SUCCESS. dag_id=DM-COUNT-account-turnover, task_id=START_COUNT_BY_DAY_2, execution_date=20220621T142249, start_date=20220621T142258, end_date=20220621T142300
[2022-06-21 14:23:00,168] {local_task_job.py:154} INFO - Task exited with return code 0
[2022-06-21 14:23:01,162] {local_task_job.py:264} INFO - 0 downstream tasks scheduled from follow-on schedule check
