[2022-06-21 14:25:23,850] {taskinstance.py:1032} INFO - Dependencies all met for <TaskInstance: DM-COUNT-f101_round_f.count_f101-3 manual__2022-06-21T14:25:11.483710+00:00 [queued]>
[2022-06-21 14:25:23,943] {taskinstance.py:1032} INFO - Dependencies all met for <TaskInstance: DM-COUNT-f101_round_f.count_f101-3 manual__2022-06-21T14:25:11.483710+00:00 [queued]>
[2022-06-21 14:25:23,943] {taskinstance.py:1238} INFO - 
--------------------------------------------------------------------------------
[2022-06-21 14:25:23,943] {taskinstance.py:1239} INFO - Starting attempt 1 of 2
[2022-06-21 14:25:23,943] {taskinstance.py:1240} INFO - 
--------------------------------------------------------------------------------
[2022-06-21 14:25:23,972] {taskinstance.py:1259} INFO - Executing <Task(PostgresOperator): count_f101-3> on 2022-06-21 14:25:11.483710+00:00
[2022-06-21 14:25:23,987] {standard_task_runner.py:52} INFO - Started process 2112 to run task
[2022-06-21 14:25:24,015] {standard_task_runner.py:76} INFO - Running: ['***', 'tasks', 'run', 'DM-COUNT-f101_round_f', 'count_f101-3', 'manual__2022-06-21T14:25:11.483710+00:00', '--job-id', '662', '--raw', '--subdir', 'DAGS_FOLDER/f_101_round_f.py', '--cfg-path', '/tmp/tmpio1rg37_', '--error-file', '/tmp/tmpzrjaovi7']
[2022-06-21 14:25:24,020] {standard_task_runner.py:77} INFO - Job 662: Subtask count_f101-3
[2022-06-21 14:25:24,304] {logging_mixin.py:109} INFO - Running <TaskInstance: DM-COUNT-f101_round_f.count_f101-3 manual__2022-06-21T14:25:11.483710+00:00 [running]> on host c087b85f9f15
[2022-06-21 14:25:24,776] {taskinstance.py:1426} INFO - Exporting the following env vars:
AIRFLOW_CTX_DAG_OWNER=***
AIRFLOW_CTX_DAG_ID=DM-COUNT-f101_round_f
AIRFLOW_CTX_TASK_ID=count_f101-3
AIRFLOW_CTX_EXECUTION_DATE=2022-06-21T14:25:11.483710+00:00
AIRFLOW_CTX_DAG_RUN_ID=manual__2022-06-21T14:25:11.483710+00:00
[2022-06-21 14:25:24,811] {base.py:79} INFO - Using connection to: id: postgres. Host: postgres, Port: 5432, Schema: postgres, Login: ***, Password: ***, extra: {}
[2022-06-21 14:25:24,839] {dbapi.py:225} INFO - Running statement: CALL dm.fill_f101_round_f (%(date)s::date);, parameters: {'date': '2018-01-3'}
[2022-06-21 14:25:25,085] {taskinstance.py:1277} INFO - Marking task as SUCCESS. dag_id=DM-COUNT-f101_round_f, task_id=count_f101-3, execution_date=20220621T142511, start_date=20220621T142523, end_date=20220621T142525
[2022-06-21 14:25:25,181] {local_task_job.py:154} INFO - Task exited with return code 0
[2022-06-21 14:25:25,370] {local_task_job.py:264} INFO - 0 downstream tasks scheduled from follow-on schedule check
