[2022-07-17 09:23:25,831] {taskinstance.py:1032} INFO - Dependencies all met for <TaskInstance: CSV_TO_DS.create_schema_and_tables_logs scheduled__2022-06-26T19:41:58.423963+00:00 [queued]>
[2022-07-17 09:23:25,886] {taskinstance.py:1032} INFO - Dependencies all met for <TaskInstance: CSV_TO_DS.create_schema_and_tables_logs scheduled__2022-06-26T19:41:58.423963+00:00 [queued]>
[2022-07-17 09:23:25,886] {taskinstance.py:1238} INFO - 
--------------------------------------------------------------------------------
[2022-07-17 09:23:25,886] {taskinstance.py:1239} INFO - Starting attempt 1 of 2
[2022-07-17 09:23:25,886] {taskinstance.py:1240} INFO - 
--------------------------------------------------------------------------------
[2022-07-17 09:23:26,113] {taskinstance.py:1259} INFO - Executing <Task(PostgresOperator): create_schema_and_tables_logs> on 2022-06-26 19:41:58.423963+00:00
[2022-07-17 09:23:26,132] {standard_task_runner.py:52} INFO - Started process 92 to run task
[2022-07-17 09:23:26,151] {standard_task_runner.py:76} INFO - Running: ['***', 'tasks', 'run', 'CSV_TO_DS', 'create_schema_and_tables_logs', 'scheduled__2022-06-26T19:41:58.423963+00:00', '--job-id', '1518', '--raw', '--subdir', 'DAGS_FOLDER/csv_to_ds.py', '--cfg-path', '/tmp/tmpghwad8ka', '--error-file', '/tmp/tmpefc1ekay']
[2022-07-17 09:23:26,152] {standard_task_runner.py:77} INFO - Job 1518: Subtask create_schema_and_tables_logs
[2022-07-17 09:23:26,309] {logging_mixin.py:109} INFO - Running <TaskInstance: CSV_TO_DS.create_schema_and_tables_logs scheduled__2022-06-26T19:41:58.423963+00:00 [running]> on host a04da3f4ff4b
[2022-07-17 09:23:26,992] {taskinstance.py:1426} INFO - Exporting the following env vars:
AIRFLOW_CTX_DAG_OWNER=***
AIRFLOW_CTX_DAG_ID=CSV_TO_DS
AIRFLOW_CTX_TASK_ID=create_schema_and_tables_logs
AIRFLOW_CTX_EXECUTION_DATE=2022-06-26T19:41:58.423963+00:00
AIRFLOW_CTX_DAG_RUN_ID=scheduled__2022-06-26T19:41:58.423963+00:00
[2022-07-17 09:23:27,004] {base.py:79} INFO - Using connection to: id: postgres. Host: postgres, Port: 5432, Schema: postgres, Login: ***, Password: ***, extra: {}
[2022-07-17 09:23:27,013] {dbapi.py:225} INFO - Running statement: CREATE SCHEMA IF NOT EXISTS logs;
CREATE SEQUENCE IF NOT EXISTS logs.seq_lg_messages INCREMENT 1 START 1;


CREATE TABLE IF NOT EXISTS logs.load_csv_to_ds (
    ID SERIAL PRIMARY KEY,
    TABLE_NAME VARCHAR(30),
    CSV_PATH TEXT,
    TIME_START_LOAD TIMESTAMP DEFAULT CURRENT_TIMESTAMP(0),
    TIME_END_LOAD TIMESTAMP,
    condition TEXT
);


CREATE TABLE IF NOT EXISTS logs.lg_messages_dm ( 	
    record_id INT,
    date_time TIMESTAMP,
    pid TEXT,
    message TEXT,
    message_type TEXT,
    usename TEXT, 
    datname TEXT, 
    client_addr TEXT, 
    application_name TEXT,
    backend_start TEXT
);, parameters: None
[2022-07-17 09:23:27,023] {postgres.py:71} INFO - NOTICE:  schema "logs" already exists, skipping

[2022-07-17 09:23:27,028] {postgres.py:71} INFO - NOTICE:  relation "seq_lg_messages" already exists, skipping

[2022-07-17 09:23:27,029] {postgres.py:71} INFO - NOTICE:  relation "load_csv_to_ds" already exists, skipping

[2022-07-17 09:23:27,031] {postgres.py:71} INFO - NOTICE:  relation "lg_messages_dm" already exists, skipping

[2022-07-17 09:23:27,558] {taskinstance.py:1277} INFO - Marking task as SUCCESS. dag_id=CSV_TO_DS, task_id=create_schema_and_tables_logs, execution_date=20220626T194158, start_date=20220717T092325, end_date=20220717T092327
[2022-07-17 09:23:27,972] {local_task_job.py:154} INFO - Task exited with return code 0
[2022-07-17 09:23:28,278] {local_task_job.py:264} INFO - 1 downstream tasks scheduled from follow-on schedule check
