[2022-07-17 09:24:53,568] {taskinstance.py:1032} INFO - Dependencies all met for <TaskInstance: DM-COUNT-f101_round_f.count_f101-14 scheduled__2022-07-16T09:24:29.811794+00:00 [queued]>
[2022-07-17 09:24:53,613] {taskinstance.py:1032} INFO - Dependencies all met for <TaskInstance: DM-COUNT-f101_round_f.count_f101-14 scheduled__2022-07-16T09:24:29.811794+00:00 [queued]>
[2022-07-17 09:24:53,614] {taskinstance.py:1238} INFO - 
--------------------------------------------------------------------------------
[2022-07-17 09:24:53,614] {taskinstance.py:1239} INFO - Starting attempt 1 of 2
[2022-07-17 09:24:53,614] {taskinstance.py:1240} INFO - 
--------------------------------------------------------------------------------
[2022-07-17 09:24:53,692] {taskinstance.py:1259} INFO - Executing <Task(PostgresOperator): count_f101-14> on 2022-07-16 09:24:29.811794+00:00
[2022-07-17 09:24:53,716] {standard_task_runner.py:52} INFO - Started process 542 to run task
[2022-07-17 09:24:53,739] {standard_task_runner.py:76} INFO - Running: ['***', 'tasks', 'run', 'DM-COUNT-f101_round_f', 'count_f101-14', 'scheduled__2022-07-16T09:24:29.811794+00:00', '--job-id', '1651', '--raw', '--subdir', 'DAGS_FOLDER/f_101_round_f.py', '--cfg-path', '/tmp/tmpp92xwlh7', '--error-file', '/tmp/tmp6pdy10nq']
[2022-07-17 09:24:53,743] {standard_task_runner.py:77} INFO - Job 1651: Subtask count_f101-14
[2022-07-17 09:24:54,121] {logging_mixin.py:109} INFO - Running <TaskInstance: DM-COUNT-f101_round_f.count_f101-14 scheduled__2022-07-16T09:24:29.811794+00:00 [running]> on host a04da3f4ff4b
[2022-07-17 09:24:54,696] {taskinstance.py:1426} INFO - Exporting the following env vars:
AIRFLOW_CTX_DAG_OWNER=***
AIRFLOW_CTX_DAG_ID=DM-COUNT-f101_round_f
AIRFLOW_CTX_TASK_ID=count_f101-14
AIRFLOW_CTX_EXECUTION_DATE=2022-07-16T09:24:29.811794+00:00
AIRFLOW_CTX_DAG_RUN_ID=scheduled__2022-07-16T09:24:29.811794+00:00
[2022-07-17 09:24:54,720] {base.py:79} INFO - Using connection to: id: postgres. Host: postgres, Port: 5432, Schema: postgres, Login: ***, Password: ***, extra: {}
[2022-07-17 09:24:54,732] {dbapi.py:225} INFO - Running statement: CALL dm.fill_f101_round_f (%(date)s::date);, parameters: {'date': '2018-01-14'}
[2022-07-17 09:24:55,122] {taskinstance.py:1277} INFO - Marking task as SUCCESS. dag_id=DM-COUNT-f101_round_f, task_id=count_f101-14, execution_date=20220716T092429, start_date=20220717T092453, end_date=20220717T092455
[2022-07-17 09:24:55,183] {local_task_job.py:154} INFO - Task exited with return code 0
[2022-07-17 09:24:55,362] {local_task_job.py:264} INFO - 0 downstream tasks scheduled from follow-on schedule check
