[2022-07-22 16:17:30,440] {taskinstance.py:1032} INFO - Dependencies all met for <TaskInstance: MIRR_MD_ACCOUNT_D.load_mirror_md_account_d manual__2022-07-22T16:17:28.318076+00:00 [queued]>
[2022-07-22 16:17:30,448] {taskinstance.py:1032} INFO - Dependencies all met for <TaskInstance: MIRR_MD_ACCOUNT_D.load_mirror_md_account_d manual__2022-07-22T16:17:28.318076+00:00 [queued]>
[2022-07-22 16:17:30,448] {taskinstance.py:1238} INFO - 
--------------------------------------------------------------------------------
[2022-07-22 16:17:30,448] {taskinstance.py:1239} INFO - Starting attempt 1 of 2
[2022-07-22 16:17:30,448] {taskinstance.py:1240} INFO - 
--------------------------------------------------------------------------------
[2022-07-22 16:17:30,458] {taskinstance.py:1259} INFO - Executing <Task(BashOperator): load_mirror_md_account_d> on 2022-07-22 16:17:28.318076+00:00
[2022-07-22 16:17:30,462] {standard_task_runner.py:52} INFO - Started process 1919 to run task
[2022-07-22 16:17:30,465] {standard_task_runner.py:76} INFO - Running: ['***', 'tasks', 'run', 'MIRR_MD_ACCOUNT_D', 'load_mirror_md_account_d', 'manual__2022-07-22T16:17:28.318076+00:00', '--job-id', '95', '--raw', '--subdir', 'DAGS_FOLDER/mirror_calc.py', '--cfg-path', '/tmp/tmpttrd66d0', '--error-file', '/tmp/tmpyoyy11g8']
[2022-07-22 16:17:30,465] {standard_task_runner.py:77} INFO - Job 95: Subtask load_mirror_md_account_d
[2022-07-22 16:17:30,507] {logging_mixin.py:109} INFO - Running <TaskInstance: MIRR_MD_ACCOUNT_D.load_mirror_md_account_d manual__2022-07-22T16:17:28.318076+00:00 [running]> on host 156c91590481
[2022-07-22 16:17:30,549] {taskinstance.py:1426} INFO - Exporting the following env vars:
AIRFLOW_CTX_DAG_OWNER=***
AIRFLOW_CTX_DAG_ID=MIRR_MD_ACCOUNT_D
AIRFLOW_CTX_TASK_ID=load_mirror_md_account_d
AIRFLOW_CTX_EXECUTION_DATE=2022-07-22T16:17:28.318076+00:00
AIRFLOW_CTX_DAG_RUN_ID=manual__2022-07-22T16:17:28.318076+00:00
[2022-07-22 16:17:30,550] {subprocess.py:62} INFO - Tmp dir root location: 
 /tmp
[2022-07-22 16:17:30,550] {subprocess.py:74} INFO - Running command: ['bash', '-c', 'spark-submit --packages io.delta:delta-core_2.12:1.0.0 --conf "spark.sql.extensions=io.delta.sql.DeltaSparkSessionExtension" --conf "spark.sql.catalog.spark_catalog=org.apache.spark.sql.delta.catalog.DeltaCatalog"  /opt/***/core/test.py']
[2022-07-22 16:17:30,558] {subprocess.py:85} INFO - Output:
[2022-07-22 16:17:31,702] {subprocess.py:89} INFO - :: loading settings :: url = jar:file:/usr/local/spark/assembly/target/scala-2.12/jars/ivy-2.4.0.jar!/org/apache/ivy/core/settings/ivysettings.xml
[2022-07-22 16:17:31,754] {subprocess.py:89} INFO - Ivy Default Cache set to: /home/***/.ivy2/cache
[2022-07-22 16:17:31,755] {subprocess.py:89} INFO - The jars for the packages stored in: /home/***/.ivy2/jars
[2022-07-22 16:17:31,760] {subprocess.py:89} INFO - io.delta#delta-core_2.12 added as a dependency
[2022-07-22 16:17:31,762] {subprocess.py:89} INFO - :: resolving dependencies :: org.apache.spark#spark-submit-parent-f54b20e4-3038-423b-ae5f-7fabed80c7b7;1.0
[2022-07-22 16:17:31,762] {subprocess.py:89} INFO - 	confs: [default]
[2022-07-22 16:17:31,848] {subprocess.py:89} INFO - 	found io.delta#delta-core_2.12;1.0.0 in central
[2022-07-22 16:17:31,872] {subprocess.py:89} INFO - 	found org.antlr#antlr4;4.7 in central
[2022-07-22 16:17:31,895] {subprocess.py:89} INFO - 	found org.antlr#antlr4-runtime;4.7 in central
[2022-07-22 16:17:31,916] {subprocess.py:89} INFO - 	found org.antlr#antlr-runtime;3.5.2 in central
[2022-07-22 16:17:31,933] {subprocess.py:89} INFO - 	found org.antlr#ST4;4.0.8 in central
[2022-07-22 16:17:31,951] {subprocess.py:89} INFO - 	found org.abego.treelayout#org.abego.treelayout.core;1.0.3 in central
[2022-07-22 16:17:31,965] {subprocess.py:89} INFO - 	found org.glassfish#javax.json;1.0.4 in central
[2022-07-22 16:17:31,977] {subprocess.py:89} INFO - 	found com.ibm.icu#icu4j;58.2 in central
[2022-07-22 16:17:31,998] {subprocess.py:89} INFO - :: resolution report :: resolve 229ms :: artifacts dl 7ms
[2022-07-22 16:17:31,998] {subprocess.py:89} INFO - 	:: modules in use:
[2022-07-22 16:17:31,999] {subprocess.py:89} INFO - 	com.ibm.icu#icu4j;58.2 from central in [default]
[2022-07-22 16:17:31,999] {subprocess.py:89} INFO - 	io.delta#delta-core_2.12;1.0.0 from central in [default]
[2022-07-22 16:17:31,999] {subprocess.py:89} INFO - 	org.abego.treelayout#org.abego.treelayout.core;1.0.3 from central in [default]
[2022-07-22 16:17:31,999] {subprocess.py:89} INFO - 	org.antlr#ST4;4.0.8 from central in [default]
[2022-07-22 16:17:31,999] {subprocess.py:89} INFO - 	org.antlr#antlr-runtime;3.5.2 from central in [default]
[2022-07-22 16:17:31,999] {subprocess.py:89} INFO - 	org.antlr#antlr4;4.7 from central in [default]
[2022-07-22 16:17:31,999] {subprocess.py:89} INFO - 	org.antlr#antlr4-runtime;4.7 from central in [default]
[2022-07-22 16:17:31,999] {subprocess.py:89} INFO - 	org.glassfish#javax.json;1.0.4 from central in [default]
[2022-07-22 16:17:31,999] {subprocess.py:89} INFO - 	---------------------------------------------------------------------
[2022-07-22 16:17:31,999] {subprocess.py:89} INFO - 	|                  |            modules            ||   artifacts   |
[2022-07-22 16:17:31,999] {subprocess.py:89} INFO - 	|       conf       | number| search|dwnlded|evicted|| number|dwnlded|
[2022-07-22 16:17:31,999] {subprocess.py:89} INFO - 	---------------------------------------------------------------------
[2022-07-22 16:17:31,999] {subprocess.py:89} INFO - 	|      default     |   8   |   0   |   0   |   0   ||   8   |   0   |
[2022-07-22 16:17:32,000] {subprocess.py:89} INFO - 	---------------------------------------------------------------------
[2022-07-22 16:17:32,003] {subprocess.py:89} INFO - :: retrieving :: org.apache.spark#spark-submit-parent-f54b20e4-3038-423b-ae5f-7fabed80c7b7
[2022-07-22 16:17:32,003] {subprocess.py:89} INFO - 	confs: [default]
[2022-07-22 16:17:32,010] {subprocess.py:89} INFO - 	0 artifacts copied, 8 already retrieved (0kB/6ms)
[2022-07-22 16:17:32,314] {subprocess.py:89} INFO - 22/07/22 16:17:32 WARN NativeCodeLoader: Unable to load native-hadoop library for your platform... using builtin-java classes where applicable
[2022-07-22 16:17:32,787] {subprocess.py:89} INFO - /usr/local/bin/python3
[2022-07-22 16:17:33,397] {subprocess.py:89} INFO - Using Spark's default log4j profile: org/apache/spark/log4j-defaults.properties
[2022-07-22 16:17:33,411] {subprocess.py:89} INFO - 22/07/22 16:17:33 INFO SparkContext: Running Spark version 3.1.2
[2022-07-22 16:17:33,456] {subprocess.py:89} INFO - 22/07/22 16:17:33 INFO ResourceUtils: ==============================================================
[2022-07-22 16:17:33,457] {subprocess.py:89} INFO - 22/07/22 16:17:33 INFO ResourceUtils: No custom resources configured for spark.driver.
[2022-07-22 16:17:33,457] {subprocess.py:89} INFO - 22/07/22 16:17:33 INFO ResourceUtils: ==============================================================
[2022-07-22 16:17:33,457] {subprocess.py:89} INFO - 22/07/22 16:17:33 INFO SparkContext: Submitted application: MyApp
[2022-07-22 16:17:33,494] {subprocess.py:89} INFO - 22/07/22 16:17:33 INFO ResourceProfile: Default ResourceProfile created, executor resources: Map(cores -> name: cores, amount: 1, script: , vendor: , memory -> name: memory, amount: 1024, script: , vendor: , offHeap -> name: offHeap, amount: 0, script: , vendor: ), task resources: Map(cpus -> name: cpus, amount: 1.0)
[2022-07-22 16:17:33,509] {subprocess.py:89} INFO - 22/07/22 16:17:33 INFO ResourceProfile: Limiting resource is cpu
[2022-07-22 16:17:33,509] {subprocess.py:89} INFO - 22/07/22 16:17:33 INFO ResourceProfileManager: Added ResourceProfile id: 0
[2022-07-22 16:17:33,614] {subprocess.py:89} INFO - 22/07/22 16:17:33 INFO SecurityManager: Changing view acls to: default
[2022-07-22 16:17:33,614] {subprocess.py:89} INFO - 22/07/22 16:17:33 INFO SecurityManager: Changing modify acls to: default
[2022-07-22 16:17:33,615] {subprocess.py:89} INFO - 22/07/22 16:17:33 INFO SecurityManager: Changing view acls groups to:
[2022-07-22 16:17:33,615] {subprocess.py:89} INFO - 22/07/22 16:17:33 INFO SecurityManager: Changing modify acls groups to:
[2022-07-22 16:17:33,615] {subprocess.py:89} INFO - 22/07/22 16:17:33 INFO SecurityManager: SecurityManager: authentication disabled; ui acls disabled; users  with view permissions: Set(default); groups with view permissions: Set(); users  with modify permissions: Set(default); groups with modify permissions: Set()
[2022-07-22 16:17:33,949] {subprocess.py:89} INFO - 22/07/22 16:17:33 INFO Utils: Successfully started service 'sparkDriver' on port 37347.
[2022-07-22 16:17:33,998] {subprocess.py:89} INFO - 22/07/22 16:17:33 INFO SparkEnv: Registering MapOutputTracker
[2022-07-22 16:17:34,091] {subprocess.py:89} INFO - 22/07/22 16:17:34 INFO SparkEnv: Registering BlockManagerMaster
[2022-07-22 16:17:34,120] {subprocess.py:89} INFO - 22/07/22 16:17:34 INFO BlockManagerMasterEndpoint: Using org.apache.spark.storage.DefaultTopologyMapper for getting topology information
[2022-07-22 16:17:34,120] {subprocess.py:89} INFO - 22/07/22 16:17:34 INFO BlockManagerMasterEndpoint: BlockManagerMasterEndpoint up
[2022-07-22 16:17:34,124] {subprocess.py:89} INFO - 22/07/22 16:17:34 INFO SparkEnv: Registering BlockManagerMasterHeartbeat
[2022-07-22 16:17:34,146] {subprocess.py:89} INFO - 22/07/22 16:17:34 INFO DiskBlockManager: Created local directory at /tmp/blockmgr-f4db4d7a-93d4-434b-80b4-9f180f303d65
[2022-07-22 16:17:34,173] {subprocess.py:89} INFO - 22/07/22 16:17:34 INFO MemoryStore: MemoryStore started with capacity 366.3 MiB
[2022-07-22 16:17:34,194] {subprocess.py:89} INFO - 22/07/22 16:17:34 INFO SparkEnv: Registering OutputCommitCoordinator
[2022-07-22 16:17:34,672] {subprocess.py:89} INFO - 22/07/22 16:17:34 INFO Utils: Successfully started service 'SparkUI' on port 4040.
[2022-07-22 16:17:34,769] {subprocess.py:89} INFO - 22/07/22 16:17:34 INFO SparkUI: Bound SparkUI to 0.0.0.0, and started at http://156c91590481:4040
[2022-07-22 16:17:34,793] {subprocess.py:89} INFO - 22/07/22 16:17:34 INFO SparkContext: Added JAR file:///home/***/.ivy2/jars/io.delta_delta-core_2.12-1.0.0.jar at spark://156c91590481:37347/jars/io.delta_delta-core_2.12-1.0.0.jar with timestamp 1658506653396
[2022-07-22 16:17:34,798] {subprocess.py:89} INFO - 22/07/22 16:17:34 INFO SparkContext: Added JAR file:///home/***/.ivy2/jars/org.antlr_antlr4-4.7.jar at spark://156c91590481:37347/jars/org.antlr_antlr4-4.7.jar with timestamp 1658506653396
[2022-07-22 16:17:34,799] {subprocess.py:89} INFO - 22/07/22 16:17:34 INFO SparkContext: Added JAR file:///home/***/.ivy2/jars/org.antlr_antlr4-runtime-4.7.jar at spark://156c91590481:37347/jars/org.antlr_antlr4-runtime-4.7.jar with timestamp 1658506653396
[2022-07-22 16:17:34,799] {subprocess.py:89} INFO - 22/07/22 16:17:34 INFO SparkContext: Added JAR file:///home/***/.ivy2/jars/org.antlr_antlr-runtime-3.5.2.jar at spark://156c91590481:37347/jars/org.antlr_antlr-runtime-3.5.2.jar with timestamp 1658506653396
[2022-07-22 16:17:34,799] {subprocess.py:89} INFO - 22/07/22 16:17:34 INFO SparkContext: Added JAR file:///home/***/.ivy2/jars/org.antlr_ST4-4.0.8.jar at spark://156c91590481:37347/jars/org.antlr_ST4-4.0.8.jar with timestamp 1658506653396
[2022-07-22 16:17:34,800] {subprocess.py:89} INFO - 22/07/22 16:17:34 INFO SparkContext: Added JAR file:///home/***/.ivy2/jars/org.abego.treelayout_org.abego.treelayout.core-1.0.3.jar at spark://156c91590481:37347/jars/org.abego.treelayout_org.abego.treelayout.core-1.0.3.jar with timestamp 1658506653396
[2022-07-22 16:17:34,800] {subprocess.py:89} INFO - 22/07/22 16:17:34 INFO SparkContext: Added JAR file:///home/***/.ivy2/jars/org.glassfish_javax.json-1.0.4.jar at spark://156c91590481:37347/jars/org.glassfish_javax.json-1.0.4.jar with timestamp 1658506653396
[2022-07-22 16:17:34,800] {subprocess.py:89} INFO - 22/07/22 16:17:34 INFO SparkContext: Added JAR file:///home/***/.ivy2/jars/com.ibm.icu_icu4j-58.2.jar at spark://156c91590481:37347/jars/com.ibm.icu_icu4j-58.2.jar with timestamp 1658506653396
[2022-07-22 16:17:34,800] {subprocess.py:89} INFO - 22/07/22 16:17:34 INFO SparkContext: Added file file:///home/***/.ivy2/jars/io.delta_delta-core_2.12-1.0.0.jar at file:///home/***/.ivy2/jars/io.delta_delta-core_2.12-1.0.0.jar with timestamp 1658506653396
[2022-07-22 16:17:34,801] {subprocess.py:89} INFO - 22/07/22 16:17:34 INFO Utils: Copying /home/***/.ivy2/jars/io.delta_delta-core_2.12-1.0.0.jar to /tmp/spark-c91908f3-da6c-43d2-b51e-888610da15c9/userFiles-bf8c9d4e-67ed-44db-8de6-a1836b1f1e60/io.delta_delta-core_2.12-1.0.0.jar
[2022-07-22 16:17:34,860] {subprocess.py:89} INFO - 22/07/22 16:17:34 INFO SparkContext: Added file file:///home/***/.ivy2/jars/org.antlr_antlr4-4.7.jar at file:///home/***/.ivy2/jars/org.antlr_antlr4-4.7.jar with timestamp 1658506653396
[2022-07-22 16:17:34,860] {subprocess.py:89} INFO - 22/07/22 16:17:34 INFO Utils: Copying /home/***/.ivy2/jars/org.antlr_antlr4-4.7.jar to /tmp/spark-c91908f3-da6c-43d2-b51e-888610da15c9/userFiles-bf8c9d4e-67ed-44db-8de6-a1836b1f1e60/org.antlr_antlr4-4.7.jar
[2022-07-22 16:17:34,882] {subprocess.py:89} INFO - 22/07/22 16:17:34 INFO SparkContext: Added file file:///home/***/.ivy2/jars/org.antlr_antlr4-runtime-4.7.jar at file:///home/***/.ivy2/jars/org.antlr_antlr4-runtime-4.7.jar with timestamp 1658506653396
[2022-07-22 16:17:34,882] {subprocess.py:89} INFO - 22/07/22 16:17:34 INFO Utils: Copying /home/***/.ivy2/jars/org.antlr_antlr4-runtime-4.7.jar to /tmp/spark-c91908f3-da6c-43d2-b51e-888610da15c9/userFiles-bf8c9d4e-67ed-44db-8de6-a1836b1f1e60/org.antlr_antlr4-runtime-4.7.jar
[2022-07-22 16:17:34,898] {subprocess.py:89} INFO - 22/07/22 16:17:34 INFO SparkContext: Added file file:///home/***/.ivy2/jars/org.antlr_antlr-runtime-3.5.2.jar at file:///home/***/.ivy2/jars/org.antlr_antlr-runtime-3.5.2.jar with timestamp 1658506653396
[2022-07-22 16:17:34,898] {subprocess.py:89} INFO - 22/07/22 16:17:34 INFO Utils: Copying /home/***/.ivy2/jars/org.antlr_antlr-runtime-3.5.2.jar to /tmp/spark-c91908f3-da6c-43d2-b51e-888610da15c9/userFiles-bf8c9d4e-67ed-44db-8de6-a1836b1f1e60/org.antlr_antlr-runtime-3.5.2.jar
[2022-07-22 16:17:34,905] {subprocess.py:89} INFO - 22/07/22 16:17:34 INFO SparkContext: Added file file:///home/***/.ivy2/jars/org.antlr_ST4-4.0.8.jar at file:///home/***/.ivy2/jars/org.antlr_ST4-4.0.8.jar with timestamp 1658506653396
[2022-07-22 16:17:34,905] {subprocess.py:89} INFO - 22/07/22 16:17:34 INFO Utils: Copying /home/***/.ivy2/jars/org.antlr_ST4-4.0.8.jar to /tmp/spark-c91908f3-da6c-43d2-b51e-888610da15c9/userFiles-bf8c9d4e-67ed-44db-8de6-a1836b1f1e60/org.antlr_ST4-4.0.8.jar
[2022-07-22 16:17:34,914] {subprocess.py:89} INFO - 22/07/22 16:17:34 INFO SparkContext: Added file file:///home/***/.ivy2/jars/org.abego.treelayout_org.abego.treelayout.core-1.0.3.jar at file:///home/***/.ivy2/jars/org.abego.treelayout_org.abego.treelayout.core-1.0.3.jar with timestamp 1658506653396
[2022-07-22 16:17:34,915] {subprocess.py:89} INFO - 22/07/22 16:17:34 INFO Utils: Copying /home/***/.ivy2/jars/org.abego.treelayout_org.abego.treelayout.core-1.0.3.jar to /tmp/spark-c91908f3-da6c-43d2-b51e-888610da15c9/userFiles-bf8c9d4e-67ed-44db-8de6-a1836b1f1e60/org.abego.treelayout_org.abego.treelayout.core-1.0.3.jar
[2022-07-22 16:17:34,919] {subprocess.py:89} INFO - 22/07/22 16:17:34 INFO SparkContext: Added file file:///home/***/.ivy2/jars/org.glassfish_javax.json-1.0.4.jar at file:///home/***/.ivy2/jars/org.glassfish_javax.json-1.0.4.jar with timestamp 1658506653396
[2022-07-22 16:17:34,920] {subprocess.py:89} INFO - 22/07/22 16:17:34 INFO Utils: Copying /home/***/.ivy2/jars/org.glassfish_javax.json-1.0.4.jar to /tmp/spark-c91908f3-da6c-43d2-b51e-888610da15c9/userFiles-bf8c9d4e-67ed-44db-8de6-a1836b1f1e60/org.glassfish_javax.json-1.0.4.jar
[2022-07-22 16:17:34,926] {subprocess.py:89} INFO - 22/07/22 16:17:34 INFO SparkContext: Added file file:///home/***/.ivy2/jars/com.ibm.icu_icu4j-58.2.jar at file:///home/***/.ivy2/jars/com.ibm.icu_icu4j-58.2.jar with timestamp 1658506653396
[2022-07-22 16:17:34,926] {subprocess.py:89} INFO - 22/07/22 16:17:34 INFO Utils: Copying /home/***/.ivy2/jars/com.ibm.icu_icu4j-58.2.jar to /tmp/spark-c91908f3-da6c-43d2-b51e-888610da15c9/userFiles-bf8c9d4e-67ed-44db-8de6-a1836b1f1e60/com.ibm.icu_icu4j-58.2.jar
[2022-07-22 16:17:35,366] {subprocess.py:89} INFO - 22/07/22 16:17:35 INFO Executor: Starting executor ID driver on host 156c91590481
[2022-07-22 16:17:35,384] {subprocess.py:89} INFO - 22/07/22 16:17:35 INFO Executor: Fetching file:///home/***/.ivy2/jars/com.ibm.icu_icu4j-58.2.jar with timestamp 1658506653396
[2022-07-22 16:17:35,412] {subprocess.py:89} INFO - 22/07/22 16:17:35 INFO Utils: /home/***/.ivy2/jars/com.ibm.icu_icu4j-58.2.jar has been previously copied to /tmp/spark-c91908f3-da6c-43d2-b51e-888610da15c9/userFiles-bf8c9d4e-67ed-44db-8de6-a1836b1f1e60/com.ibm.icu_icu4j-58.2.jar
[2022-07-22 16:17:35,416] {subprocess.py:89} INFO - 22/07/22 16:17:35 INFO Executor: Fetching file:///home/***/.ivy2/jars/org.abego.treelayout_org.abego.treelayout.core-1.0.3.jar with timestamp 1658506653396
[2022-07-22 16:17:35,416] {subprocess.py:89} INFO - 22/07/22 16:17:35 INFO Utils: /home/***/.ivy2/jars/org.abego.treelayout_org.abego.treelayout.core-1.0.3.jar has been previously copied to /tmp/spark-c91908f3-da6c-43d2-b51e-888610da15c9/userFiles-bf8c9d4e-67ed-44db-8de6-a1836b1f1e60/org.abego.treelayout_org.abego.treelayout.core-1.0.3.jar
[2022-07-22 16:17:35,423] {subprocess.py:89} INFO - 22/07/22 16:17:35 INFO Executor: Fetching file:///home/***/.ivy2/jars/org.antlr_antlr-runtime-3.5.2.jar with timestamp 1658506653396
[2022-07-22 16:17:35,424] {subprocess.py:89} INFO - 22/07/22 16:17:35 INFO Utils: /home/***/.ivy2/jars/org.antlr_antlr-runtime-3.5.2.jar has been previously copied to /tmp/spark-c91908f3-da6c-43d2-b51e-888610da15c9/userFiles-bf8c9d4e-67ed-44db-8de6-a1836b1f1e60/org.antlr_antlr-runtime-3.5.2.jar
[2022-07-22 16:17:35,427] {subprocess.py:89} INFO - 22/07/22 16:17:35 INFO Executor: Fetching file:///home/***/.ivy2/jars/org.glassfish_javax.json-1.0.4.jar with timestamp 1658506653396
[2022-07-22 16:17:35,428] {subprocess.py:89} INFO - 22/07/22 16:17:35 INFO Utils: /home/***/.ivy2/jars/org.glassfish_javax.json-1.0.4.jar has been previously copied to /tmp/spark-c91908f3-da6c-43d2-b51e-888610da15c9/userFiles-bf8c9d4e-67ed-44db-8de6-a1836b1f1e60/org.glassfish_javax.json-1.0.4.jar
[2022-07-22 16:17:35,431] {subprocess.py:89} INFO - 22/07/22 16:17:35 INFO Executor: Fetching file:///home/***/.ivy2/jars/org.antlr_antlr4-runtime-4.7.jar with timestamp 1658506653396
[2022-07-22 16:17:35,432] {subprocess.py:89} INFO - 22/07/22 16:17:35 INFO Utils: /home/***/.ivy2/jars/org.antlr_antlr4-runtime-4.7.jar has been previously copied to /tmp/spark-c91908f3-da6c-43d2-b51e-888610da15c9/userFiles-bf8c9d4e-67ed-44db-8de6-a1836b1f1e60/org.antlr_antlr4-runtime-4.7.jar
[2022-07-22 16:17:35,435] {subprocess.py:89} INFO - 22/07/22 16:17:35 INFO Executor: Fetching file:///home/***/.ivy2/jars/org.antlr_antlr4-4.7.jar with timestamp 1658506653396
[2022-07-22 16:17:35,436] {subprocess.py:89} INFO - 22/07/22 16:17:35 INFO Utils: /home/***/.ivy2/jars/org.antlr_antlr4-4.7.jar has been previously copied to /tmp/spark-c91908f3-da6c-43d2-b51e-888610da15c9/userFiles-bf8c9d4e-67ed-44db-8de6-a1836b1f1e60/org.antlr_antlr4-4.7.jar
[2022-07-22 16:17:35,440] {subprocess.py:89} INFO - 22/07/22 16:17:35 INFO Executor: Fetching file:///home/***/.ivy2/jars/org.antlr_ST4-4.0.8.jar with timestamp 1658506653396
[2022-07-22 16:17:35,441] {subprocess.py:89} INFO - 22/07/22 16:17:35 INFO Utils: /home/***/.ivy2/jars/org.antlr_ST4-4.0.8.jar has been previously copied to /tmp/spark-c91908f3-da6c-43d2-b51e-888610da15c9/userFiles-bf8c9d4e-67ed-44db-8de6-a1836b1f1e60/org.antlr_ST4-4.0.8.jar
[2022-07-22 16:17:35,444] {subprocess.py:89} INFO - 22/07/22 16:17:35 INFO Executor: Fetching file:///home/***/.ivy2/jars/io.delta_delta-core_2.12-1.0.0.jar with timestamp 1658506653396
[2022-07-22 16:17:35,446] {subprocess.py:89} INFO - 22/07/22 16:17:35 INFO Utils: /home/***/.ivy2/jars/io.delta_delta-core_2.12-1.0.0.jar has been previously copied to /tmp/spark-c91908f3-da6c-43d2-b51e-888610da15c9/userFiles-bf8c9d4e-67ed-44db-8de6-a1836b1f1e60/io.delta_delta-core_2.12-1.0.0.jar
[2022-07-22 16:17:35,452] {subprocess.py:89} INFO - 22/07/22 16:17:35 INFO Executor: Fetching spark://156c91590481:37347/jars/org.antlr_ST4-4.0.8.jar with timestamp 1658506653396
[2022-07-22 16:17:35,502] {subprocess.py:89} INFO - 22/07/22 16:17:35 INFO TransportClientFactory: Successfully created connection to 156c91590481/172.19.0.8:37347 after 36 ms (0 ms spent in bootstraps)
[2022-07-22 16:17:35,512] {local_task_job.py:212} WARNING - State of this instance has been externally set to skipped. Terminating instance.
[2022-07-22 16:17:35,514] {process_utils.py:124} INFO - Sending Signals.SIGTERM to group 1919. PIDs of all processes in the group: [1920, 1965, 1919]
[2022-07-22 16:17:35,514] {process_utils.py:75} INFO - Sending the signal Signals.SIGTERM to group 1919
[2022-07-22 16:17:35,514] {taskinstance.py:1408} ERROR - Received SIGTERM. Terminating subprocesses.
[2022-07-22 16:17:35,514] {subprocess.py:99} INFO - Sending SIGTERM signal to process group
[2022-07-22 16:17:35,529] {process_utils.py:70} INFO - Process psutil.Process(pid=1965, status='terminated', started='16:17:32') (1965) terminated with exit code None
[2022-07-22 16:17:35,889] {process_utils.py:70} INFO - Process psutil.Process(pid=1919, status='terminated', exitcode=0, started='16:17:30') (1919) terminated with exit code 0
[2022-07-22 16:17:36,033] {process_utils.py:70} INFO - Process psutil.Process(pid=1920, status='terminated', started='16:17:30') (1920) terminated with exit code None
