[2022-06-18 15:14:21,719] {taskinstance.py:1032} INFO - Dependencies all met for <TaskInstance: DM-COUNT-account-turnover.START_COUNT_BY_DAY_23 manual__2022-06-18T15:14:12.504350+00:00 [queued]>
[2022-06-18 15:14:21,762] {taskinstance.py:1032} INFO - Dependencies all met for <TaskInstance: DM-COUNT-account-turnover.START_COUNT_BY_DAY_23 manual__2022-06-18T15:14:12.504350+00:00 [queued]>
[2022-06-18 15:14:21,762] {taskinstance.py:1238} INFO - 
--------------------------------------------------------------------------------
[2022-06-18 15:14:21,763] {taskinstance.py:1239} INFO - Starting attempt 1 of 2
[2022-06-18 15:14:21,763] {taskinstance.py:1240} INFO - 
--------------------------------------------------------------------------------
[2022-06-18 15:14:21,813] {taskinstance.py:1259} INFO - Executing <Task(PostgresOperator): START_COUNT_BY_DAY_23> on 2022-06-18 15:14:12.504350+00:00
[2022-06-18 15:14:21,825] {standard_task_runner.py:52} INFO - Started process 1742 to run task
[2022-06-18 15:14:21,855] {standard_task_runner.py:76} INFO - Running: ['***', 'tasks', 'run', 'DM-COUNT-account-turnover', 'START_COUNT_BY_DAY_23', 'manual__2022-06-18T15:14:12.504350+00:00', '--job-id', '139', '--raw', '--subdir', 'DAGS_FOLDER/dm_fill_account_turnover.py', '--cfg-path', '/tmp/tmp6u9i0hya', '--error-file', '/tmp/tmpk8otp6db']
[2022-06-18 15:14:21,857] {standard_task_runner.py:77} INFO - Job 139: Subtask START_COUNT_BY_DAY_23
[2022-06-18 15:14:22,451] {logging_mixin.py:109} INFO - Running <TaskInstance: DM-COUNT-account-turnover.START_COUNT_BY_DAY_23 manual__2022-06-18T15:14:12.504350+00:00 [running]> on host 191dd4d3d1ba
[2022-06-18 15:14:22,771] {taskinstance.py:1426} INFO - Exporting the following env vars:
AIRFLOW_CTX_DAG_OWNER=***
AIRFLOW_CTX_DAG_ID=DM-COUNT-account-turnover
AIRFLOW_CTX_TASK_ID=START_COUNT_BY_DAY_23
AIRFLOW_CTX_EXECUTION_DATE=2022-06-18T15:14:12.504350+00:00
AIRFLOW_CTX_DAG_RUN_ID=manual__2022-06-18T15:14:12.504350+00:00
[2022-06-18 15:14:22,834] {base.py:79} INFO - Using connection to: id: postgres. Host: postgres, Port: 5432, Schema: postgres, Login: ***, Password: ***, extra: {}
[2022-06-18 15:14:22,840] {dbapi.py:225} INFO - Running statement: CALL ds.fill_account_turnover_f (%(date)s::date);, parameters: {'date': '2018-01-23'}
[2022-06-18 15:14:23,107] {taskinstance.py:1277} INFO - Marking task as SUCCESS. dag_id=DM-COUNT-account-turnover, task_id=START_COUNT_BY_DAY_23, execution_date=20220618T151412, start_date=20220618T151421, end_date=20220618T151423
[2022-06-18 15:14:23,168] {local_task_job.py:154} INFO - Task exited with return code 0
[2022-06-18 15:14:23,355] {local_task_job.py:264} INFO - 0 downstream tasks scheduled from follow-on schedule check
