[2022-06-22 09:54:21,616] {taskinstance.py:1032} INFO - Dependencies all met for <TaskInstance: CSV_TO_DS.SEND_DS_md_exchange_rate_d manual__2022-06-22T09:54:16.085618+00:00 [queued]>
[2022-06-22 09:54:21,637] {taskinstance.py:1032} INFO - Dependencies all met for <TaskInstance: CSV_TO_DS.SEND_DS_md_exchange_rate_d manual__2022-06-22T09:54:16.085618+00:00 [queued]>
[2022-06-22 09:54:21,637] {taskinstance.py:1238} INFO - 
--------------------------------------------------------------------------------
[2022-06-22 09:54:21,638] {taskinstance.py:1239} INFO - Starting attempt 1 of 2
[2022-06-22 09:54:21,638] {taskinstance.py:1240} INFO - 
--------------------------------------------------------------------------------
[2022-06-22 09:54:21,664] {taskinstance.py:1259} INFO - Executing <Task(PythonOperator): SEND_DS_md_exchange_rate_d> on 2022-06-22 09:54:16.085618+00:00
[2022-06-22 09:54:21,670] {standard_task_runner.py:52} INFO - Started process 233 to run task
[2022-06-22 09:54:21,675] {standard_task_runner.py:76} INFO - Running: ['***', 'tasks', 'run', 'CSV_TO_DS', 'SEND_DS_md_exchange_rate_d', 'manual__2022-06-22T09:54:16.085618+00:00', '--job-id', '1100', '--raw', '--subdir', 'DAGS_FOLDER/csv_to_ds.py', '--cfg-path', '/tmp/tmptqy2rtro', '--error-file', '/tmp/tmpkd12n7j3']
[2022-06-22 09:54:21,676] {standard_task_runner.py:77} INFO - Job 1100: Subtask SEND_DS_md_exchange_rate_d
[2022-06-22 09:54:21,776] {logging_mixin.py:109} INFO - Running <TaskInstance: CSV_TO_DS.SEND_DS_md_exchange_rate_d manual__2022-06-22T09:54:16.085618+00:00 [running]> on host bc39be91d060
[2022-06-22 09:54:21,879] {taskinstance.py:1426} INFO - Exporting the following env vars:
AIRFLOW_CTX_DAG_OWNER=***
AIRFLOW_CTX_DAG_ID=CSV_TO_DS
AIRFLOW_CTX_TASK_ID=SEND_DS_md_exchange_rate_d
AIRFLOW_CTX_EXECUTION_DATE=2022-06-22T09:54:16.085618+00:00
AIRFLOW_CTX_DAG_RUN_ID=manual__2022-06-22T09:54:16.085618+00:00
[2022-06-22 09:54:21,952] {FromLocal.py:43} INFO -    id DATA_ACTUAL_DATE  ... REDUCED_COURCE  CODE_ISO_NUM
0   1       2018-01-31  ...       28.37980           933
1   2       2018-01-31  ...        7.11613           752
2   3       2018-01-31  ...       33.05430           944
3   4       2018-01-31  ...        8.87555           156
4   5       2018-01-31  ...        2.74512           203

[5 rows x 6 columns]
[2022-06-22 09:54:21,965] {FromLocal.py:52} INFO - Column data_actual_date changed date-time format
[2022-06-22 09:54:21,967] {FromLocal.py:52} INFO - Column data_actual_end_date changed date-time format
[2022-06-22 09:54:21,967] {FromLocal.py:58} INFO - Table md_exchange_rate_d read in pandas success. 
[2022-06-22 09:54:21,976] {FromLocal.py:59} INFO - 
    id data_actual_date  ... reduced_cource  code_iso_num
0   1       2018-01-31  ...       28.37980           933
1   2       2018-01-31  ...        7.11613           752
2   3       2018-01-31  ...       33.05430           944
3   4       2018-01-31  ...        8.87555           156
4   5       2018-01-31  ...        2.74512           203

[5 rows x 6 columns]
[2022-06-22 09:54:24,556] {FromLocal.py:84} INFO -  Table md_exchange_rate_d in ds schema has updated success. 
[2022-06-22 09:54:29,564] {python.py:175} INFO - Done. Returned value was: None
[2022-06-22 09:54:29,572] {taskinstance.py:1277} INFO - Marking task as SUCCESS. dag_id=CSV_TO_DS, task_id=SEND_DS_md_exchange_rate_d, execution_date=20220622T095416, start_date=20220622T095421, end_date=20220622T095429
[2022-06-22 09:54:29,608] {local_task_job.py:154} INFO - Task exited with return code 0
[2022-06-22 09:54:29,636] {local_task_job.py:264} INFO - 0 downstream tasks scheduled from follow-on schedule check
