[2022-06-25 19:42:06,501] {taskinstance.py:1032} INFO - Dependencies all met for <TaskInstance: DM-COUNT-account-turnover.START_COUNT_BY_DAY_20 scheduled__2022-06-24T19:41:59.779564+00:00 [queued]>
[2022-06-25 19:42:06,525] {taskinstance.py:1032} INFO - Dependencies all met for <TaskInstance: DM-COUNT-account-turnover.START_COUNT_BY_DAY_20 scheduled__2022-06-24T19:41:59.779564+00:00 [queued]>
[2022-06-25 19:42:06,526] {taskinstance.py:1238} INFO - 
--------------------------------------------------------------------------------
[2022-06-25 19:42:06,527] {taskinstance.py:1239} INFO - Starting attempt 1 of 2
[2022-06-25 19:42:06,527] {taskinstance.py:1240} INFO - 
--------------------------------------------------------------------------------
[2022-06-25 19:42:06,565] {taskinstance.py:1259} INFO - Executing <Task(PostgresOperator): START_COUNT_BY_DAY_20> on 2022-06-24 19:41:59.779564+00:00
[2022-06-25 19:42:06,572] {standard_task_runner.py:52} INFO - Started process 412 to run task
[2022-06-25 19:42:06,591] {standard_task_runner.py:76} INFO - Running: ['***', 'tasks', 'run', 'DM-COUNT-account-turnover', 'START_COUNT_BY_DAY_20', 'scheduled__2022-06-24T19:41:59.779564+00:00', '--job-id', '1353', '--raw', '--subdir', 'DAGS_FOLDER/dm_fill_account_turnover.py', '--cfg-path', '/tmp/tmp3c3xg_yr', '--error-file', '/tmp/tmp191sqy2e']
[2022-06-25 19:42:06,592] {standard_task_runner.py:77} INFO - Job 1353: Subtask START_COUNT_BY_DAY_20
[2022-06-25 19:42:06,707] {logging_mixin.py:109} INFO - Running <TaskInstance: DM-COUNT-account-turnover.START_COUNT_BY_DAY_20 scheduled__2022-06-24T19:41:59.779564+00:00 [running]> on host 1a36ba6d0ffa
[2022-06-25 19:42:06,890] {taskinstance.py:1426} INFO - Exporting the following env vars:
AIRFLOW_CTX_DAG_OWNER=***
AIRFLOW_CTX_DAG_ID=DM-COUNT-account-turnover
AIRFLOW_CTX_TASK_ID=START_COUNT_BY_DAY_20
AIRFLOW_CTX_EXECUTION_DATE=2022-06-24T19:41:59.779564+00:00
AIRFLOW_CTX_DAG_RUN_ID=scheduled__2022-06-24T19:41:59.779564+00:00
[2022-06-25 19:42:06,925] {base.py:79} INFO - Using connection to: id: postgres. Host: postgres, Port: 5432, Schema: postgres, Login: ***, Password: ***, extra: {}
[2022-06-25 19:42:06,930] {dbapi.py:225} INFO - Running statement: CALL ds.fill_account_turnover_f (%(date)s::date);, parameters: {'date': '2018-01-20'}
[2022-06-25 19:42:07,352] {taskinstance.py:1277} INFO - Marking task as SUCCESS. dag_id=DM-COUNT-account-turnover, task_id=START_COUNT_BY_DAY_20, execution_date=20220624T194159, start_date=20220625T194206, end_date=20220625T194207
[2022-06-25 19:42:07,460] {local_task_job.py:154} INFO - Task exited with return code 0
[2022-06-25 19:42:07,770] {local_task_job.py:264} INFO - 0 downstream tasks scheduled from follow-on schedule check
