[2022-06-21 14:32:22,404] {taskinstance.py:1032} INFO - Dependencies all met for <TaskInstance: DM-COUNT-f101_round_f.count_f101-5 manual__2022-06-21T14:32:11.929204+00:00 [queued]>
[2022-06-21 14:32:22,457] {taskinstance.py:1032} INFO - Dependencies all met for <TaskInstance: DM-COUNT-f101_round_f.count_f101-5 manual__2022-06-21T14:32:11.929204+00:00 [queued]>
[2022-06-21 14:32:22,458] {taskinstance.py:1238} INFO - 
--------------------------------------------------------------------------------
[2022-06-21 14:32:22,459] {taskinstance.py:1239} INFO - Starting attempt 1 of 2
[2022-06-21 14:32:22,459] {taskinstance.py:1240} INFO - 
--------------------------------------------------------------------------------
[2022-06-21 14:32:22,589] {taskinstance.py:1259} INFO - Executing <Task(PostgresOperator): count_f101-5> on 2022-06-21 14:32:11.929204+00:00
[2022-06-21 14:32:22,616] {standard_task_runner.py:52} INFO - Started process 2716 to run task
[2022-06-21 14:32:22,684] {standard_task_runner.py:76} INFO - Running: ['***', 'tasks', 'run', 'DM-COUNT-f101_round_f', 'count_f101-5', 'manual__2022-06-21T14:32:11.929204+00:00', '--job-id', '757', '--raw', '--subdir', 'DAGS_FOLDER/f_101_round_f.py', '--cfg-path', '/tmp/tmpzrkb_fck', '--error-file', '/tmp/tmpn2trlp6h']
[2022-06-21 14:32:22,745] {standard_task_runner.py:77} INFO - Job 757: Subtask count_f101-5
[2022-06-21 14:32:23,158] {logging_mixin.py:109} INFO - Running <TaskInstance: DM-COUNT-f101_round_f.count_f101-5 manual__2022-06-21T14:32:11.929204+00:00 [running]> on host c087b85f9f15
[2022-06-21 14:32:23,526] {taskinstance.py:1426} INFO - Exporting the following env vars:
AIRFLOW_CTX_DAG_OWNER=***
AIRFLOW_CTX_DAG_ID=DM-COUNT-f101_round_f
AIRFLOW_CTX_TASK_ID=count_f101-5
AIRFLOW_CTX_EXECUTION_DATE=2022-06-21T14:32:11.929204+00:00
AIRFLOW_CTX_DAG_RUN_ID=manual__2022-06-21T14:32:11.929204+00:00
[2022-06-21 14:32:23,582] {base.py:79} INFO - Using connection to: id: postgres. Host: postgres, Port: 5432, Schema: postgres, Login: ***, Password: ***, extra: {}
[2022-06-21 14:32:23,614] {dbapi.py:225} INFO - Running statement: CALL dm.fill_f101_round_f (%(date)s::date);, parameters: {'date': '2018-01-5'}
[2022-06-21 14:32:24,028] {taskinstance.py:1277} INFO - Marking task as SUCCESS. dag_id=DM-COUNT-f101_round_f, task_id=count_f101-5, execution_date=20220621T143211, start_date=20220621T143222, end_date=20220621T143224
[2022-06-21 14:32:24,111] {local_task_job.py:154} INFO - Task exited with return code 0
[2022-06-21 14:32:24,567] {local_task_job.py:264} INFO - 0 downstream tasks scheduled from follow-on schedule check
