[2022-06-21 14:47:24,384] {taskinstance.py:1032} INFO - Dependencies all met for <TaskInstance: DM-COUNT-account-turnover.START_COUNT_BY_DAY_5 manual__2022-06-21T14:47:12.417122+00:00 [queued]>
[2022-06-21 14:47:24,420] {taskinstance.py:1032} INFO - Dependencies all met for <TaskInstance: DM-COUNT-account-turnover.START_COUNT_BY_DAY_5 manual__2022-06-21T14:47:12.417122+00:00 [queued]>
[2022-06-21 14:47:24,440] {taskinstance.py:1238} INFO - 
--------------------------------------------------------------------------------
[2022-06-21 14:47:24,440] {taskinstance.py:1239} INFO - Starting attempt 1 of 2
[2022-06-21 14:47:24,441] {taskinstance.py:1240} INFO - 
--------------------------------------------------------------------------------
[2022-06-21 14:47:24,479] {taskinstance.py:1259} INFO - Executing <Task(PostgresOperator): START_COUNT_BY_DAY_5> on 2022-06-21 14:47:12.417122+00:00
[2022-06-21 14:47:24,485] {standard_task_runner.py:52} INFO - Started process 3584 to run task
[2022-06-21 14:47:24,556] {standard_task_runner.py:76} INFO - Running: ['***', 'tasks', 'run', 'DM-COUNT-account-turnover', 'START_COUNT_BY_DAY_5', 'manual__2022-06-21T14:47:12.417122+00:00', '--job-id', '828', '--raw', '--subdir', 'DAGS_FOLDER/dm_fill_account_turnover.py', '--cfg-path', '/tmp/tmprt5pqtn1', '--error-file', '/tmp/tmpc6nhwezu']
[2022-06-21 14:47:24,589] {standard_task_runner.py:77} INFO - Job 828: Subtask START_COUNT_BY_DAY_5
[2022-06-21 14:47:24,964] {logging_mixin.py:109} INFO - Running <TaskInstance: DM-COUNT-account-turnover.START_COUNT_BY_DAY_5 manual__2022-06-21T14:47:12.417122+00:00 [running]> on host c087b85f9f15
[2022-06-21 14:47:25,168] {taskinstance.py:1426} INFO - Exporting the following env vars:
AIRFLOW_CTX_DAG_OWNER=***
AIRFLOW_CTX_DAG_ID=DM-COUNT-account-turnover
AIRFLOW_CTX_TASK_ID=START_COUNT_BY_DAY_5
AIRFLOW_CTX_EXECUTION_DATE=2022-06-21T14:47:12.417122+00:00
AIRFLOW_CTX_DAG_RUN_ID=manual__2022-06-21T14:47:12.417122+00:00
[2022-06-21 14:47:25,179] {base.py:79} INFO - Using connection to: id: postgres. Host: postgres, Port: 5432, Schema: postgres, Login: ***, Password: ***, extra: {}
[2022-06-21 14:47:25,189] {dbapi.py:225} INFO - Running statement: CALL ds.fill_account_turnover_f (%(date)s::date);, parameters: {'date': '2018-01-5'}
[2022-06-21 14:47:25,778] {taskinstance.py:1277} INFO - Marking task as SUCCESS. dag_id=DM-COUNT-account-turnover, task_id=START_COUNT_BY_DAY_5, execution_date=20220621T144712, start_date=20220621T144724, end_date=20220621T144725
[2022-06-21 14:47:25,887] {local_task_job.py:154} INFO - Task exited with return code 0
[2022-06-21 14:47:26,358] {local_task_job.py:264} INFO - 0 downstream tasks scheduled from follow-on schedule check
