[2022-07-22 17:25:59,042] {taskinstance.py:1032} INFO - Dependencies all met for <TaskInstance: MIRR_MD_ACCOUNT_D.load_mirror_md_account_d scheduled__2022-07-22T17:20:00+00:00 [queued]>
[2022-07-22 17:25:59,051] {taskinstance.py:1032} INFO - Dependencies all met for <TaskInstance: MIRR_MD_ACCOUNT_D.load_mirror_md_account_d scheduled__2022-07-22T17:20:00+00:00 [queued]>
[2022-07-22 17:25:59,051] {taskinstance.py:1238} INFO - 
--------------------------------------------------------------------------------
[2022-07-22 17:25:59,051] {taskinstance.py:1239} INFO - Starting attempt 1 of 2
[2022-07-22 17:25:59,051] {taskinstance.py:1240} INFO - 
--------------------------------------------------------------------------------
[2022-07-22 17:25:59,060] {taskinstance.py:1259} INFO - Executing <Task(BashOperator): load_mirror_md_account_d> on 2022-07-22 17:20:00+00:00
[2022-07-22 17:25:59,064] {standard_task_runner.py:52} INFO - Started process 188 to run task
[2022-07-22 17:25:59,067] {standard_task_runner.py:76} INFO - Running: ['***', 'tasks', 'run', 'MIRR_MD_ACCOUNT_D', 'load_mirror_md_account_d', 'scheduled__2022-07-22T17:20:00+00:00', '--job-id', '115', '--raw', '--subdir', 'DAGS_FOLDER/mirror_calc.py', '--cfg-path', '/tmp/tmpwn2aqgu2', '--error-file', '/tmp/tmp0kwnfsr2']
[2022-07-22 17:25:59,067] {standard_task_runner.py:77} INFO - Job 115: Subtask load_mirror_md_account_d
[2022-07-22 17:25:59,114] {logging_mixin.py:109} INFO - Running <TaskInstance: MIRR_MD_ACCOUNT_D.load_mirror_md_account_d scheduled__2022-07-22T17:20:00+00:00 [running]> on host 1c7b2e19b45f
[2022-07-22 17:25:59,207] {taskinstance.py:1426} INFO - Exporting the following env vars:
AIRFLOW_CTX_DAG_OWNER=***
AIRFLOW_CTX_DAG_ID=MIRR_MD_ACCOUNT_D
AIRFLOW_CTX_TASK_ID=load_mirror_md_account_d
AIRFLOW_CTX_EXECUTION_DATE=2022-07-22T17:20:00+00:00
AIRFLOW_CTX_DAG_RUN_ID=scheduled__2022-07-22T17:20:00+00:00
[2022-07-22 17:25:59,208] {subprocess.py:62} INFO - Tmp dir root location: 
 /tmp
[2022-07-22 17:25:59,209] {subprocess.py:74} INFO - Running command: ['bash', '-c', 'spark-submit --packages io.delta:delta-core_2.12:1.0.0 --conf "spark.sql.extensions=io.delta.sql.DeltaSparkSessionExtension" --conf "spark.sql.catalog.spark_catalog=org.apache.spark.sql.delta.catalog.DeltaCatalog" /opt/***/core/test.py']
[2022-07-22 17:25:59,218] {subprocess.py:85} INFO - Output:
[2022-07-22 17:26:00,803] {subprocess.py:89} INFO - :: loading settings :: url = jar:file:/usr/local/spark/assembly/target/scala-2.12/jars/ivy-2.4.0.jar!/org/apache/ivy/core/settings/ivysettings.xml
[2022-07-22 17:26:00,906] {subprocess.py:89} INFO - Ivy Default Cache set to: /home/***/.ivy2/cache
[2022-07-22 17:26:00,906] {subprocess.py:89} INFO - The jars for the packages stored in: /home/***/.ivy2/jars
[2022-07-22 17:26:00,912] {subprocess.py:89} INFO - io.delta#delta-core_2.12 added as a dependency
[2022-07-22 17:26:00,913] {subprocess.py:89} INFO - :: resolving dependencies :: org.apache.spark#spark-submit-parent-2c172869-e38e-492c-ab95-19b51f422621;1.0
[2022-07-22 17:26:00,914] {subprocess.py:89} INFO - 	confs: [default]
[2022-07-22 17:26:01,780] {subprocess.py:89} INFO - 	found io.delta#delta-core_2.12;1.0.0 in central
[2022-07-22 17:26:03,202] {subprocess.py:89} INFO - 	found org.antlr#antlr4;4.7 in central
[2022-07-22 17:26:03,420] {subprocess.py:89} INFO - 	found org.antlr#antlr4-runtime;4.7 in central
[2022-07-22 17:26:04,108] {local_task_job.py:212} WARNING - State of this instance has been externally set to skipped. Terminating instance.
[2022-07-22 17:26:04,109] {process_utils.py:124} INFO - Sending Signals.SIGTERM to group 188. PIDs of all processes in the group: [189, 188]
[2022-07-22 17:26:04,109] {process_utils.py:75} INFO - Sending the signal Signals.SIGTERM to group 188
[2022-07-22 17:26:04,110] {taskinstance.py:1408} ERROR - Received SIGTERM. Terminating subprocesses.
[2022-07-22 17:26:04,110] {subprocess.py:99} INFO - Sending SIGTERM signal to process group
[2022-07-22 17:26:04,324] {process_utils.py:70} INFO - Process psutil.Process(pid=189, status='terminated', started='17:25:58') (189) terminated with exit code None
[2022-07-22 17:26:04,324] {process_utils.py:70} INFO - Process psutil.Process(pid=188, status='terminated', exitcode=0, started='17:25:58') (188) terminated with exit code 0
