[2022-06-21 14:19:23,412] {taskinstance.py:1032} INFO - Dependencies all met for <TaskInstance: CSV_TO_DS.SEND_DS_md_ledger_account_s manual__2022-06-21T14:19:19.650119+00:00 [queued]>
[2022-06-21 14:19:23,423] {taskinstance.py:1032} INFO - Dependencies all met for <TaskInstance: CSV_TO_DS.SEND_DS_md_ledger_account_s manual__2022-06-21T14:19:19.650119+00:00 [queued]>
[2022-06-21 14:19:23,423] {taskinstance.py:1238} INFO - 
--------------------------------------------------------------------------------
[2022-06-21 14:19:23,424] {taskinstance.py:1239} INFO - Starting attempt 1 of 2
[2022-06-21 14:19:23,424] {taskinstance.py:1240} INFO - 
--------------------------------------------------------------------------------
[2022-06-21 14:19:23,440] {taskinstance.py:1259} INFO - Executing <Task(PythonOperator): SEND_DS_md_ledger_account_s> on 2022-06-21 14:19:19.650119+00:00
[2022-06-21 14:19:23,444] {standard_task_runner.py:52} INFO - Started process 1651 to run task
[2022-06-21 14:19:23,450] {standard_task_runner.py:76} INFO - Running: ['***', 'tasks', 'run', 'CSV_TO_DS', 'SEND_DS_md_ledger_account_s', 'manual__2022-06-21T14:19:19.650119+00:00', '--job-id', '595', '--raw', '--subdir', 'DAGS_FOLDER/csv_to_ds.py', '--cfg-path', '/tmp/tmpw5p69cgz', '--error-file', '/tmp/tmpjq0_eo14']
[2022-06-21 14:19:23,451] {standard_task_runner.py:77} INFO - Job 595: Subtask SEND_DS_md_ledger_account_s
[2022-06-21 14:19:23,553] {logging_mixin.py:109} INFO - Running <TaskInstance: CSV_TO_DS.SEND_DS_md_ledger_account_s manual__2022-06-21T14:19:19.650119+00:00 [running]> on host c087b85f9f15
[2022-06-21 14:19:23,639] {taskinstance.py:1426} INFO - Exporting the following env vars:
AIRFLOW_CTX_DAG_OWNER=***
AIRFLOW_CTX_DAG_ID=CSV_TO_DS
AIRFLOW_CTX_TASK_ID=SEND_DS_md_ledger_account_s
AIRFLOW_CTX_EXECUTION_DATE=2022-06-21T14:19:19.650119+00:00
AIRFLOW_CTX_DAG_RUN_ID=manual__2022-06-21T14:19:19.650119+00:00
[2022-06-21 14:19:23,706] {CsvToDs.py:58} INFO - Column start_date changed date-time format
[2022-06-21 14:19:23,707] {CsvToDs.py:58} INFO - Column end_date changed date-time format
[2022-06-21 14:19:23,708] {CsvToDs.py:64} INFO - Table md_ledger_account_s read in pandas success. 
[2022-06-21 14:19:23,743] {CsvToDs.py:65} INFO - 
   chapter      chapter_name  ...  is_revaluation is_correct
0       А  Балансовые счета  ...             NaN        NaN
1       А  Балансовые счета  ...             NaN        NaN
2       А  Балансовые счета  ...             NaN        NaN
3       А  Балансовые счета  ...             NaN        NaN
4       А  Балансовые счета  ...             NaN        NaN

[5 rows x 28 columns]
[2022-06-21 14:19:23,911] {CsvToDs.py:108} INFO -  Table md_ledger_account_s in ds schema has updated success. 
[2022-06-21 14:19:28,917] {python.py:175} INFO - Done. Returned value was: None
[2022-06-21 14:19:28,928] {taskinstance.py:1277} INFO - Marking task as SUCCESS. dag_id=CSV_TO_DS, task_id=SEND_DS_md_ledger_account_s, execution_date=20220621T141919, start_date=20220621T141923, end_date=20220621T141928
[2022-06-21 14:19:28,973] {local_task_job.py:154} INFO - Task exited with return code 0
[2022-06-21 14:19:29,006] {local_task_job.py:264} INFO - 0 downstream tasks scheduled from follow-on schedule check
