[2022-07-22 16:24:16,758] {taskinstance.py:1032} INFO - Dependencies all met for <TaskInstance: MIRR_MD_ACCOUNT_D.load_mirror_md_account_d manual__2022-07-22T16:24:15.527056+00:00 [queued]>
[2022-07-22 16:24:16,767] {taskinstance.py:1032} INFO - Dependencies all met for <TaskInstance: MIRR_MD_ACCOUNT_D.load_mirror_md_account_d manual__2022-07-22T16:24:15.527056+00:00 [queued]>
[2022-07-22 16:24:16,767] {taskinstance.py:1238} INFO - 
--------------------------------------------------------------------------------
[2022-07-22 16:24:16,767] {taskinstance.py:1239} INFO - Starting attempt 1 of 2
[2022-07-22 16:24:16,768] {taskinstance.py:1240} INFO - 
--------------------------------------------------------------------------------
[2022-07-22 16:24:16,778] {taskinstance.py:1259} INFO - Executing <Task(BashOperator): load_mirror_md_account_d> on 2022-07-22 16:24:15.527056+00:00
[2022-07-22 16:24:16,781] {standard_task_runner.py:52} INFO - Started process 2794 to run task
[2022-07-22 16:24:16,785] {standard_task_runner.py:76} INFO - Running: ['***', 'tasks', 'run', 'MIRR_MD_ACCOUNT_D', 'load_mirror_md_account_d', 'manual__2022-07-22T16:24:15.527056+00:00', '--job-id', '99', '--raw', '--subdir', 'DAGS_FOLDER/mirror_calc.py', '--cfg-path', '/tmp/tmpcah94fra', '--error-file', '/tmp/tmpttxtpby8']
[2022-07-22 16:24:16,785] {standard_task_runner.py:77} INFO - Job 99: Subtask load_mirror_md_account_d
[2022-07-22 16:24:16,835] {logging_mixin.py:109} INFO - Running <TaskInstance: MIRR_MD_ACCOUNT_D.load_mirror_md_account_d manual__2022-07-22T16:24:15.527056+00:00 [running]> on host 156c91590481
[2022-07-22 16:24:16,881] {taskinstance.py:1426} INFO - Exporting the following env vars:
AIRFLOW_CTX_DAG_OWNER=***
AIRFLOW_CTX_DAG_ID=MIRR_MD_ACCOUNT_D
AIRFLOW_CTX_TASK_ID=load_mirror_md_account_d
AIRFLOW_CTX_EXECUTION_DATE=2022-07-22T16:24:15.527056+00:00
AIRFLOW_CTX_DAG_RUN_ID=manual__2022-07-22T16:24:15.527056+00:00
[2022-07-22 16:24:16,882] {subprocess.py:62} INFO - Tmp dir root location: 
 /tmp
[2022-07-22 16:24:16,883] {subprocess.py:74} INFO - Running command: ['bash', '-c', 'spark-submit --packages io.delta:delta-core_2.12:1.0.0 --conf "spark.sql.extensions=io.delta.sql.DeltaSparkSessionExtension" --conf "spark.sql.catalog.spark_catalog=org.apache.spark.sql.delta.catalog.DeltaCatalog"  /opt/***/core/show.py']
[2022-07-22 16:24:16,891] {subprocess.py:85} INFO - Output:
[2022-07-22 16:24:18,194] {subprocess.py:89} INFO - :: loading settings :: url = jar:file:/usr/local/spark/assembly/target/scala-2.12/jars/ivy-2.4.0.jar!/org/apache/ivy/core/settings/ivysettings.xml
[2022-07-22 16:24:18,274] {subprocess.py:89} INFO - Ivy Default Cache set to: /home/***/.ivy2/cache
[2022-07-22 16:24:18,274] {subprocess.py:89} INFO - The jars for the packages stored in: /home/***/.ivy2/jars
[2022-07-22 16:24:18,281] {subprocess.py:89} INFO - io.delta#delta-core_2.12 added as a dependency
[2022-07-22 16:24:18,282] {subprocess.py:89} INFO - :: resolving dependencies :: org.apache.spark#spark-submit-parent-61ebb389-beb0-46c5-9d39-f31bd049899b;1.0
[2022-07-22 16:24:18,283] {subprocess.py:89} INFO - 	confs: [default]
[2022-07-22 16:24:18,393] {subprocess.py:89} INFO - 	found io.delta#delta-core_2.12;1.0.0 in central
[2022-07-22 16:24:18,418] {subprocess.py:89} INFO - 	found org.antlr#antlr4;4.7 in central
[2022-07-22 16:24:18,443] {subprocess.py:89} INFO - 	found org.antlr#antlr4-runtime;4.7 in central
[2022-07-22 16:24:18,468] {subprocess.py:89} INFO - 	found org.antlr#antlr-runtime;3.5.2 in central
[2022-07-22 16:24:18,485] {subprocess.py:89} INFO - 	found org.antlr#ST4;4.0.8 in central
[2022-07-22 16:24:18,503] {subprocess.py:89} INFO - 	found org.abego.treelayout#org.abego.treelayout.core;1.0.3 in central
[2022-07-22 16:24:18,517] {subprocess.py:89} INFO - 	found org.glassfish#javax.json;1.0.4 in central
[2022-07-22 16:24:18,530] {subprocess.py:89} INFO - 	found com.ibm.icu#icu4j;58.2 in central
[2022-07-22 16:24:18,559] {subprocess.py:89} INFO - :: resolution report :: resolve 263ms :: artifacts dl 13ms
[2022-07-22 16:24:18,559] {subprocess.py:89} INFO - 	:: modules in use:
[2022-07-22 16:24:18,560] {subprocess.py:89} INFO - 	com.ibm.icu#icu4j;58.2 from central in [default]
[2022-07-22 16:24:18,560] {subprocess.py:89} INFO - 	io.delta#delta-core_2.12;1.0.0 from central in [default]
[2022-07-22 16:24:18,560] {subprocess.py:89} INFO - 	org.abego.treelayout#org.abego.treelayout.core;1.0.3 from central in [default]
[2022-07-22 16:24:18,560] {subprocess.py:89} INFO - 	org.antlr#ST4;4.0.8 from central in [default]
[2022-07-22 16:24:18,561] {subprocess.py:89} INFO - 	org.antlr#antlr-runtime;3.5.2 from central in [default]
[2022-07-22 16:24:18,561] {subprocess.py:89} INFO - 	org.antlr#antlr4;4.7 from central in [default]
[2022-07-22 16:24:18,561] {subprocess.py:89} INFO - 	org.antlr#antlr4-runtime;4.7 from central in [default]
[2022-07-22 16:24:18,561] {subprocess.py:89} INFO - 	org.glassfish#javax.json;1.0.4 from central in [default]
[2022-07-22 16:24:18,561] {subprocess.py:89} INFO - 	---------------------------------------------------------------------
[2022-07-22 16:24:18,562] {subprocess.py:89} INFO - 	|                  |            modules            ||   artifacts   |
[2022-07-22 16:24:18,562] {subprocess.py:89} INFO - 	|       conf       | number| search|dwnlded|evicted|| number|dwnlded|
[2022-07-22 16:24:18,562] {subprocess.py:89} INFO - 	---------------------------------------------------------------------
[2022-07-22 16:24:18,562] {subprocess.py:89} INFO - 	|      default     |   8   |   0   |   0   |   0   ||   8   |   0   |
[2022-07-22 16:24:18,562] {subprocess.py:89} INFO - 	---------------------------------------------------------------------
[2022-07-22 16:24:18,565] {subprocess.py:89} INFO - :: retrieving :: org.apache.spark#spark-submit-parent-61ebb389-beb0-46c5-9d39-f31bd049899b
[2022-07-22 16:24:18,566] {subprocess.py:89} INFO - 	confs: [default]
[2022-07-22 16:24:18,575] {subprocess.py:89} INFO - 	0 artifacts copied, 8 already retrieved (0kB/9ms)
[2022-07-22 16:24:18,806] {subprocess.py:89} INFO - 22/07/22 16:24:18 WARN NativeCodeLoader: Unable to load native-hadoop library for your platform... using builtin-java classes where applicable
[2022-07-22 16:24:19,150] {subprocess.py:89} INFO - /usr/local/bin/python3
[2022-07-22 16:24:19,534] {subprocess.py:89} INFO - Using Spark's default log4j profile: org/apache/spark/log4j-defaults.properties
[2022-07-22 16:24:19,544] {subprocess.py:89} INFO - 22/07/22 16:24:19 INFO SparkContext: Running Spark version 3.1.2
[2022-07-22 16:24:19,575] {subprocess.py:89} INFO - 22/07/22 16:24:19 INFO ResourceUtils: ==============================================================
[2022-07-22 16:24:19,577] {subprocess.py:89} INFO - 22/07/22 16:24:19 INFO ResourceUtils: No custom resources configured for spark.driver.
[2022-07-22 16:24:19,577] {subprocess.py:89} INFO - 22/07/22 16:24:19 INFO ResourceUtils: ==============================================================
[2022-07-22 16:24:19,577] {subprocess.py:89} INFO - 22/07/22 16:24:19 INFO SparkContext: Submitted application: MyApp
[2022-07-22 16:24:19,600] {subprocess.py:89} INFO - 22/07/22 16:24:19 INFO ResourceProfile: Default ResourceProfile created, executor resources: Map(cores -> name: cores, amount: 1, script: , vendor: , memory -> name: memory, amount: 1024, script: , vendor: , offHeap -> name: offHeap, amount: 0, script: , vendor: ), task resources: Map(cpus -> name: cpus, amount: 1.0)
[2022-07-22 16:24:19,612] {subprocess.py:89} INFO - 22/07/22 16:24:19 INFO ResourceProfile: Limiting resource is cpu
[2022-07-22 16:24:19,612] {subprocess.py:89} INFO - 22/07/22 16:24:19 INFO ResourceProfileManager: Added ResourceProfile id: 0
[2022-07-22 16:24:19,656] {subprocess.py:89} INFO - 22/07/22 16:24:19 INFO SecurityManager: Changing view acls to: default
[2022-07-22 16:24:19,656] {subprocess.py:89} INFO - 22/07/22 16:24:19 INFO SecurityManager: Changing modify acls to: default
[2022-07-22 16:24:19,656] {subprocess.py:89} INFO - 22/07/22 16:24:19 INFO SecurityManager: Changing view acls groups to:
[2022-07-22 16:24:19,656] {subprocess.py:89} INFO - 22/07/22 16:24:19 INFO SecurityManager: Changing modify acls groups to:
[2022-07-22 16:24:19,657] {subprocess.py:89} INFO - 22/07/22 16:24:19 INFO SecurityManager: SecurityManager: authentication disabled; ui acls disabled; users  with view permissions: Set(default); groups with view permissions: Set(); users  with modify permissions: Set(default); groups with modify permissions: Set()
[2022-07-22 16:24:19,834] {subprocess.py:89} INFO - 22/07/22 16:24:19 INFO Utils: Successfully started service 'sparkDriver' on port 33435.
[2022-07-22 16:24:19,866] {subprocess.py:89} INFO - 22/07/22 16:24:19 INFO SparkEnv: Registering MapOutputTracker
[2022-07-22 16:24:19,890] {subprocess.py:89} INFO - 22/07/22 16:24:19 INFO SparkEnv: Registering BlockManagerMaster
[2022-07-22 16:24:19,908] {subprocess.py:89} INFO - 22/07/22 16:24:19 INFO BlockManagerMasterEndpoint: Using org.apache.spark.storage.DefaultTopologyMapper for getting topology information
[2022-07-22 16:24:19,908] {subprocess.py:89} INFO - 22/07/22 16:24:19 INFO BlockManagerMasterEndpoint: BlockManagerMasterEndpoint up
[2022-07-22 16:24:19,911] {subprocess.py:89} INFO - 22/07/22 16:24:19 INFO SparkEnv: Registering BlockManagerMasterHeartbeat
[2022-07-22 16:24:19,921] {subprocess.py:89} INFO - 22/07/22 16:24:19 INFO DiskBlockManager: Created local directory at /tmp/blockmgr-f798c11a-6fd2-4799-89a5-891a2df51d6a
[2022-07-22 16:24:19,940] {subprocess.py:89} INFO - 22/07/22 16:24:19 INFO MemoryStore: MemoryStore started with capacity 366.3 MiB
[2022-07-22 16:24:19,955] {subprocess.py:89} INFO - 22/07/22 16:24:19 INFO SparkEnv: Registering OutputCommitCoordinator
[2022-07-22 16:24:20,214] {subprocess.py:89} INFO - 22/07/22 16:24:20 INFO Utils: Successfully started service 'SparkUI' on port 4040.
[2022-07-22 16:24:20,259] {subprocess.py:89} INFO - 22/07/22 16:24:20 INFO SparkUI: Bound SparkUI to 0.0.0.0, and started at http://156c91590481:4040
[2022-07-22 16:24:20,273] {subprocess.py:89} INFO - 22/07/22 16:24:20 INFO SparkContext: Added JAR file:///home/***/.ivy2/jars/io.delta_delta-core_2.12-1.0.0.jar at spark://156c91590481:33435/jars/io.delta_delta-core_2.12-1.0.0.jar with timestamp 1658507059533
[2022-07-22 16:24:20,273] {subprocess.py:89} INFO - 22/07/22 16:24:20 INFO SparkContext: Added JAR file:///home/***/.ivy2/jars/org.antlr_antlr4-4.7.jar at spark://156c91590481:33435/jars/org.antlr_antlr4-4.7.jar with timestamp 1658507059533
[2022-07-22 16:24:20,273] {subprocess.py:89} INFO - 22/07/22 16:24:20 INFO SparkContext: Added JAR file:///home/***/.ivy2/jars/org.antlr_antlr4-runtime-4.7.jar at spark://156c91590481:33435/jars/org.antlr_antlr4-runtime-4.7.jar with timestamp 1658507059533
[2022-07-22 16:24:20,273] {subprocess.py:89} INFO - 22/07/22 16:24:20 INFO SparkContext: Added JAR file:///home/***/.ivy2/jars/org.antlr_antlr-runtime-3.5.2.jar at spark://156c91590481:33435/jars/org.antlr_antlr-runtime-3.5.2.jar with timestamp 1658507059533
[2022-07-22 16:24:20,273] {subprocess.py:89} INFO - 22/07/22 16:24:20 INFO SparkContext: Added JAR file:///home/***/.ivy2/jars/org.antlr_ST4-4.0.8.jar at spark://156c91590481:33435/jars/org.antlr_ST4-4.0.8.jar with timestamp 1658507059533
[2022-07-22 16:24:20,273] {subprocess.py:89} INFO - 22/07/22 16:24:20 INFO SparkContext: Added JAR file:///home/***/.ivy2/jars/org.abego.treelayout_org.abego.treelayout.core-1.0.3.jar at spark://156c91590481:33435/jars/org.abego.treelayout_org.abego.treelayout.core-1.0.3.jar with timestamp 1658507059533
[2022-07-22 16:24:20,273] {subprocess.py:89} INFO - 22/07/22 16:24:20 INFO SparkContext: Added JAR file:///home/***/.ivy2/jars/org.glassfish_javax.json-1.0.4.jar at spark://156c91590481:33435/jars/org.glassfish_javax.json-1.0.4.jar with timestamp 1658507059533
[2022-07-22 16:24:20,274] {subprocess.py:89} INFO - 22/07/22 16:24:20 INFO SparkContext: Added JAR file:///home/***/.ivy2/jars/com.ibm.icu_icu4j-58.2.jar at spark://156c91590481:33435/jars/com.ibm.icu_icu4j-58.2.jar with timestamp 1658507059533
[2022-07-22 16:24:20,275] {subprocess.py:89} INFO - 22/07/22 16:24:20 INFO SparkContext: Added file file:///home/***/.ivy2/jars/io.delta_delta-core_2.12-1.0.0.jar at file:///home/***/.ivy2/jars/io.delta_delta-core_2.12-1.0.0.jar with timestamp 1658507059533
[2022-07-22 16:24:20,276] {subprocess.py:89} INFO - 22/07/22 16:24:20 INFO Utils: Copying /home/***/.ivy2/jars/io.delta_delta-core_2.12-1.0.0.jar to /tmp/spark-e84aa49c-a801-4162-bd8d-bc6ba676cbe5/userFiles-41c02e5e-fecc-4fc7-9f53-402265ec11cb/io.delta_delta-core_2.12-1.0.0.jar
[2022-07-22 16:24:20,285] {subprocess.py:89} INFO - 22/07/22 16:24:20 INFO SparkContext: Added file file:///home/***/.ivy2/jars/org.antlr_antlr4-4.7.jar at file:///home/***/.ivy2/jars/org.antlr_antlr4-4.7.jar with timestamp 1658507059533
[2022-07-22 16:24:20,285] {subprocess.py:89} INFO - 22/07/22 16:24:20 INFO Utils: Copying /home/***/.ivy2/jars/org.antlr_antlr4-4.7.jar to /tmp/spark-e84aa49c-a801-4162-bd8d-bc6ba676cbe5/userFiles-41c02e5e-fecc-4fc7-9f53-402265ec11cb/org.antlr_antlr4-4.7.jar
[2022-07-22 16:24:20,288] {subprocess.py:89} INFO - 22/07/22 16:24:20 INFO SparkContext: Added file file:///home/***/.ivy2/jars/org.antlr_antlr4-runtime-4.7.jar at file:///home/***/.ivy2/jars/org.antlr_antlr4-runtime-4.7.jar with timestamp 1658507059533
[2022-07-22 16:24:20,289] {subprocess.py:89} INFO - 22/07/22 16:24:20 INFO Utils: Copying /home/***/.ivy2/jars/org.antlr_antlr4-runtime-4.7.jar to /tmp/spark-e84aa49c-a801-4162-bd8d-bc6ba676cbe5/userFiles-41c02e5e-fecc-4fc7-9f53-402265ec11cb/org.antlr_antlr4-runtime-4.7.jar
[2022-07-22 16:24:20,292] {subprocess.py:89} INFO - 22/07/22 16:24:20 INFO SparkContext: Added file file:///home/***/.ivy2/jars/org.antlr_antlr-runtime-3.5.2.jar at file:///home/***/.ivy2/jars/org.antlr_antlr-runtime-3.5.2.jar with timestamp 1658507059533
[2022-07-22 16:24:20,292] {subprocess.py:89} INFO - 22/07/22 16:24:20 INFO Utils: Copying /home/***/.ivy2/jars/org.antlr_antlr-runtime-3.5.2.jar to /tmp/spark-e84aa49c-a801-4162-bd8d-bc6ba676cbe5/userFiles-41c02e5e-fecc-4fc7-9f53-402265ec11cb/org.antlr_antlr-runtime-3.5.2.jar
[2022-07-22 16:24:20,295] {subprocess.py:89} INFO - 22/07/22 16:24:20 INFO SparkContext: Added file file:///home/***/.ivy2/jars/org.antlr_ST4-4.0.8.jar at file:///home/***/.ivy2/jars/org.antlr_ST4-4.0.8.jar with timestamp 1658507059533
[2022-07-22 16:24:20,295] {subprocess.py:89} INFO - 22/07/22 16:24:20 INFO Utils: Copying /home/***/.ivy2/jars/org.antlr_ST4-4.0.8.jar to /tmp/spark-e84aa49c-a801-4162-bd8d-bc6ba676cbe5/userFiles-41c02e5e-fecc-4fc7-9f53-402265ec11cb/org.antlr_ST4-4.0.8.jar
[2022-07-22 16:24:20,298] {subprocess.py:89} INFO - 22/07/22 16:24:20 INFO SparkContext: Added file file:///home/***/.ivy2/jars/org.abego.treelayout_org.abego.treelayout.core-1.0.3.jar at file:///home/***/.ivy2/jars/org.abego.treelayout_org.abego.treelayout.core-1.0.3.jar with timestamp 1658507059533
[2022-07-22 16:24:20,299] {subprocess.py:89} INFO - 22/07/22 16:24:20 INFO Utils: Copying /home/***/.ivy2/jars/org.abego.treelayout_org.abego.treelayout.core-1.0.3.jar to /tmp/spark-e84aa49c-a801-4162-bd8d-bc6ba676cbe5/userFiles-41c02e5e-fecc-4fc7-9f53-402265ec11cb/org.abego.treelayout_org.abego.treelayout.core-1.0.3.jar
[2022-07-22 16:24:20,304] {subprocess.py:89} INFO - 22/07/22 16:24:20 INFO SparkContext: Added file file:///home/***/.ivy2/jars/org.glassfish_javax.json-1.0.4.jar at file:///home/***/.ivy2/jars/org.glassfish_javax.json-1.0.4.jar with timestamp 1658507059533
[2022-07-22 16:24:20,305] {subprocess.py:89} INFO - 22/07/22 16:24:20 INFO Utils: Copying /home/***/.ivy2/jars/org.glassfish_javax.json-1.0.4.jar to /tmp/spark-e84aa49c-a801-4162-bd8d-bc6ba676cbe5/userFiles-41c02e5e-fecc-4fc7-9f53-402265ec11cb/org.glassfish_javax.json-1.0.4.jar
[2022-07-22 16:24:20,322] {subprocess.py:89} INFO - 22/07/22 16:24:20 INFO SparkContext: Added file file:///home/***/.ivy2/jars/com.ibm.icu_icu4j-58.2.jar at file:///home/***/.ivy2/jars/com.ibm.icu_icu4j-58.2.jar with timestamp 1658507059533
[2022-07-22 16:24:20,322] {subprocess.py:89} INFO - 22/07/22 16:24:20 INFO Utils: Copying /home/***/.ivy2/jars/com.ibm.icu_icu4j-58.2.jar to /tmp/spark-e84aa49c-a801-4162-bd8d-bc6ba676cbe5/userFiles-41c02e5e-fecc-4fc7-9f53-402265ec11cb/com.ibm.icu_icu4j-58.2.jar
[2022-07-22 16:24:20,529] {subprocess.py:89} INFO - 22/07/22 16:24:20 INFO Executor: Starting executor ID driver on host 156c91590481
[2022-07-22 16:24:20,550] {subprocess.py:89} INFO - 22/07/22 16:24:20 INFO Executor: Fetching file:///home/***/.ivy2/jars/com.ibm.icu_icu4j-58.2.jar with timestamp 1658507059533
[2022-07-22 16:24:20,582] {subprocess.py:89} INFO - 22/07/22 16:24:20 INFO Utils: /home/***/.ivy2/jars/com.ibm.icu_icu4j-58.2.jar has been previously copied to /tmp/spark-e84aa49c-a801-4162-bd8d-bc6ba676cbe5/userFiles-41c02e5e-fecc-4fc7-9f53-402265ec11cb/com.ibm.icu_icu4j-58.2.jar
[2022-07-22 16:24:20,585] {subprocess.py:89} INFO - 22/07/22 16:24:20 INFO Executor: Fetching file:///home/***/.ivy2/jars/org.abego.treelayout_org.abego.treelayout.core-1.0.3.jar with timestamp 1658507059533
[2022-07-22 16:24:20,585] {subprocess.py:89} INFO - 22/07/22 16:24:20 INFO Utils: /home/***/.ivy2/jars/org.abego.treelayout_org.abego.treelayout.core-1.0.3.jar has been previously copied to /tmp/spark-e84aa49c-a801-4162-bd8d-bc6ba676cbe5/userFiles-41c02e5e-fecc-4fc7-9f53-402265ec11cb/org.abego.treelayout_org.abego.treelayout.core-1.0.3.jar
[2022-07-22 16:24:20,589] {subprocess.py:89} INFO - 22/07/22 16:24:20 INFO Executor: Fetching file:///home/***/.ivy2/jars/org.antlr_antlr-runtime-3.5.2.jar with timestamp 1658507059533
[2022-07-22 16:24:20,590] {subprocess.py:89} INFO - 22/07/22 16:24:20 INFO Utils: /home/***/.ivy2/jars/org.antlr_antlr-runtime-3.5.2.jar has been previously copied to /tmp/spark-e84aa49c-a801-4162-bd8d-bc6ba676cbe5/userFiles-41c02e5e-fecc-4fc7-9f53-402265ec11cb/org.antlr_antlr-runtime-3.5.2.jar
[2022-07-22 16:24:20,593] {subprocess.py:89} INFO - 22/07/22 16:24:20 INFO Executor: Fetching file:///home/***/.ivy2/jars/org.glassfish_javax.json-1.0.4.jar with timestamp 1658507059533
[2022-07-22 16:24:20,594] {subprocess.py:89} INFO - 22/07/22 16:24:20 INFO Utils: /home/***/.ivy2/jars/org.glassfish_javax.json-1.0.4.jar has been previously copied to /tmp/spark-e84aa49c-a801-4162-bd8d-bc6ba676cbe5/userFiles-41c02e5e-fecc-4fc7-9f53-402265ec11cb/org.glassfish_javax.json-1.0.4.jar
[2022-07-22 16:24:20,597] {subprocess.py:89} INFO - 22/07/22 16:24:20 INFO Executor: Fetching file:///home/***/.ivy2/jars/org.antlr_antlr4-runtime-4.7.jar with timestamp 1658507059533
[2022-07-22 16:24:20,597] {subprocess.py:89} INFO - 22/07/22 16:24:20 INFO Utils: /home/***/.ivy2/jars/org.antlr_antlr4-runtime-4.7.jar has been previously copied to /tmp/spark-e84aa49c-a801-4162-bd8d-bc6ba676cbe5/userFiles-41c02e5e-fecc-4fc7-9f53-402265ec11cb/org.antlr_antlr4-runtime-4.7.jar
[2022-07-22 16:24:20,600] {subprocess.py:89} INFO - 22/07/22 16:24:20 INFO Executor: Fetching file:///home/***/.ivy2/jars/org.antlr_antlr4-4.7.jar with timestamp 1658507059533
[2022-07-22 16:24:20,602] {subprocess.py:89} INFO - 22/07/22 16:24:20 INFO Utils: /home/***/.ivy2/jars/org.antlr_antlr4-4.7.jar has been previously copied to /tmp/spark-e84aa49c-a801-4162-bd8d-bc6ba676cbe5/userFiles-41c02e5e-fecc-4fc7-9f53-402265ec11cb/org.antlr_antlr4-4.7.jar
[2022-07-22 16:24:20,605] {subprocess.py:89} INFO - 22/07/22 16:24:20 INFO Executor: Fetching file:///home/***/.ivy2/jars/org.antlr_ST4-4.0.8.jar with timestamp 1658507059533
[2022-07-22 16:24:20,605] {subprocess.py:89} INFO - 22/07/22 16:24:20 INFO Utils: /home/***/.ivy2/jars/org.antlr_ST4-4.0.8.jar has been previously copied to /tmp/spark-e84aa49c-a801-4162-bd8d-bc6ba676cbe5/userFiles-41c02e5e-fecc-4fc7-9f53-402265ec11cb/org.antlr_ST4-4.0.8.jar
[2022-07-22 16:24:20,608] {subprocess.py:89} INFO - 22/07/22 16:24:20 INFO Executor: Fetching file:///home/***/.ivy2/jars/io.delta_delta-core_2.12-1.0.0.jar with timestamp 1658507059533
[2022-07-22 16:24:20,611] {subprocess.py:89} INFO - 22/07/22 16:24:20 INFO Utils: /home/***/.ivy2/jars/io.delta_delta-core_2.12-1.0.0.jar has been previously copied to /tmp/spark-e84aa49c-a801-4162-bd8d-bc6ba676cbe5/userFiles-41c02e5e-fecc-4fc7-9f53-402265ec11cb/io.delta_delta-core_2.12-1.0.0.jar
[2022-07-22 16:24:20,620] {subprocess.py:89} INFO - 22/07/22 16:24:20 INFO Executor: Fetching spark://156c91590481:33435/jars/io.delta_delta-core_2.12-1.0.0.jar with timestamp 1658507059533
[2022-07-22 16:24:20,661] {subprocess.py:89} INFO - 22/07/22 16:24:20 INFO TransportClientFactory: Successfully created connection to 156c91590481/172.19.0.8:33435 after 33 ms (0 ms spent in bootstraps)
[2022-07-22 16:24:20,669] {subprocess.py:89} INFO - 22/07/22 16:24:20 INFO Utils: Fetching spark://156c91590481:33435/jars/io.delta_delta-core_2.12-1.0.0.jar to /tmp/spark-e84aa49c-a801-4162-bd8d-bc6ba676cbe5/userFiles-41c02e5e-fecc-4fc7-9f53-402265ec11cb/fetchFileTemp2837620066931307169.tmp
[2022-07-22 16:24:20,734] {subprocess.py:89} INFO - 22/07/22 16:24:20 INFO Utils: /tmp/spark-e84aa49c-a801-4162-bd8d-bc6ba676cbe5/userFiles-41c02e5e-fecc-4fc7-9f53-402265ec11cb/fetchFileTemp2837620066931307169.tmp has been previously copied to /tmp/spark-e84aa49c-a801-4162-bd8d-bc6ba676cbe5/userFiles-41c02e5e-fecc-4fc7-9f53-402265ec11cb/io.delta_delta-core_2.12-1.0.0.jar
[2022-07-22 16:24:20,740] {subprocess.py:89} INFO - 22/07/22 16:24:20 INFO Executor: Adding file:/tmp/spark-e84aa49c-a801-4162-bd8d-bc6ba676cbe5/userFiles-41c02e5e-fecc-4fc7-9f53-402265ec11cb/io.delta_delta-core_2.12-1.0.0.jar to class loader
[2022-07-22 16:24:20,740] {subprocess.py:89} INFO - 22/07/22 16:24:20 INFO Executor: Fetching spark://156c91590481:33435/jars/org.antlr_ST4-4.0.8.jar with timestamp 1658507059533
[2022-07-22 16:24:20,740] {subprocess.py:89} INFO - 22/07/22 16:24:20 INFO Utils: Fetching spark://156c91590481:33435/jars/org.antlr_ST4-4.0.8.jar to /tmp/spark-e84aa49c-a801-4162-bd8d-bc6ba676cbe5/userFiles-41c02e5e-fecc-4fc7-9f53-402265ec11cb/fetchFileTemp8671072377342618446.tmp
[2022-07-22 16:24:20,747] {subprocess.py:89} INFO - 22/07/22 16:24:20 INFO Utils: /tmp/spark-e84aa49c-a801-4162-bd8d-bc6ba676cbe5/userFiles-41c02e5e-fecc-4fc7-9f53-402265ec11cb/fetchFileTemp8671072377342618446.tmp has been previously copied to /tmp/spark-e84aa49c-a801-4162-bd8d-bc6ba676cbe5/userFiles-41c02e5e-fecc-4fc7-9f53-402265ec11cb/org.antlr_ST4-4.0.8.jar
[2022-07-22 16:24:20,754] {subprocess.py:89} INFO - 22/07/22 16:24:20 INFO Executor: Adding file:/tmp/spark-e84aa49c-a801-4162-bd8d-bc6ba676cbe5/userFiles-41c02e5e-fecc-4fc7-9f53-402265ec11cb/org.antlr_ST4-4.0.8.jar to class loader
[2022-07-22 16:24:20,755] {subprocess.py:89} INFO - 22/07/22 16:24:20 INFO Executor: Fetching spark://156c91590481:33435/jars/org.abego.treelayout_org.abego.treelayout.core-1.0.3.jar with timestamp 1658507059533
[2022-07-22 16:24:20,756] {subprocess.py:89} INFO - 22/07/22 16:24:20 INFO Utils: Fetching spark://156c91590481:33435/jars/org.abego.treelayout_org.abego.treelayout.core-1.0.3.jar to /tmp/spark-e84aa49c-a801-4162-bd8d-bc6ba676cbe5/userFiles-41c02e5e-fecc-4fc7-9f53-402265ec11cb/fetchFileTemp6962761044057231221.tmp
[2022-07-22 16:24:20,759] {subprocess.py:89} INFO - 22/07/22 16:24:20 INFO Utils: /tmp/spark-e84aa49c-a801-4162-bd8d-bc6ba676cbe5/userFiles-41c02e5e-fecc-4fc7-9f53-402265ec11cb/fetchFileTemp6962761044057231221.tmp has been previously copied to /tmp/spark-e84aa49c-a801-4162-bd8d-bc6ba676cbe5/userFiles-41c02e5e-fecc-4fc7-9f53-402265ec11cb/org.abego.treelayout_org.abego.treelayout.core-1.0.3.jar
[2022-07-22 16:24:20,762] {subprocess.py:89} INFO - 22/07/22 16:24:20 INFO Executor: Adding file:/tmp/spark-e84aa49c-a801-4162-bd8d-bc6ba676cbe5/userFiles-41c02e5e-fecc-4fc7-9f53-402265ec11cb/org.abego.treelayout_org.abego.treelayout.core-1.0.3.jar to class loader
[2022-07-22 16:24:20,762] {subprocess.py:89} INFO - 22/07/22 16:24:20 INFO Executor: Fetching spark://156c91590481:33435/jars/org.antlr_antlr4-4.7.jar with timestamp 1658507059533
[2022-07-22 16:24:20,763] {subprocess.py:89} INFO - 22/07/22 16:24:20 INFO Utils: Fetching spark://156c91590481:33435/jars/org.antlr_antlr4-4.7.jar to /tmp/spark-e84aa49c-a801-4162-bd8d-bc6ba676cbe5/userFiles-41c02e5e-fecc-4fc7-9f53-402265ec11cb/fetchFileTemp817869272648774674.tmp
[2022-07-22 16:24:20,771] {subprocess.py:89} INFO - 22/07/22 16:24:20 INFO Utils: /tmp/spark-e84aa49c-a801-4162-bd8d-bc6ba676cbe5/userFiles-41c02e5e-fecc-4fc7-9f53-402265ec11cb/fetchFileTemp817869272648774674.tmp has been previously copied to /tmp/spark-e84aa49c-a801-4162-bd8d-bc6ba676cbe5/userFiles-41c02e5e-fecc-4fc7-9f53-402265ec11cb/org.antlr_antlr4-4.7.jar
[2022-07-22 16:24:20,774] {subprocess.py:89} INFO - 22/07/22 16:24:20 INFO Executor: Adding file:/tmp/spark-e84aa49c-a801-4162-bd8d-bc6ba676cbe5/userFiles-41c02e5e-fecc-4fc7-9f53-402265ec11cb/org.antlr_antlr4-4.7.jar to class loader
[2022-07-22 16:24:20,776] {subprocess.py:89} INFO - 22/07/22 16:24:20 INFO Executor: Fetching spark://156c91590481:33435/jars/com.ibm.icu_icu4j-58.2.jar with timestamp 1658507059533
[2022-07-22 16:24:20,776] {subprocess.py:89} INFO - 22/07/22 16:24:20 INFO Utils: Fetching spark://156c91590481:33435/jars/com.ibm.icu_icu4j-58.2.jar to /tmp/spark-e84aa49c-a801-4162-bd8d-bc6ba676cbe5/userFiles-41c02e5e-fecc-4fc7-9f53-402265ec11cb/fetchFileTemp720893302372715747.tmp
[2022-07-22 16:24:20,829] {subprocess.py:89} INFO - 22/07/22 16:24:20 INFO Utils: /tmp/spark-e84aa49c-a801-4162-bd8d-bc6ba676cbe5/userFiles-41c02e5e-fecc-4fc7-9f53-402265ec11cb/fetchFileTemp720893302372715747.tmp has been previously copied to /tmp/spark-e84aa49c-a801-4162-bd8d-bc6ba676cbe5/userFiles-41c02e5e-fecc-4fc7-9f53-402265ec11cb/com.ibm.icu_icu4j-58.2.jar
[2022-07-22 16:24:20,846] {subprocess.py:89} INFO - 22/07/22 16:24:20 INFO Executor: Adding file:/tmp/spark-e84aa49c-a801-4162-bd8d-bc6ba676cbe5/userFiles-41c02e5e-fecc-4fc7-9f53-402265ec11cb/com.ibm.icu_icu4j-58.2.jar to class loader
[2022-07-22 16:24:20,847] {subprocess.py:89} INFO - 22/07/22 16:24:20 INFO Executor: Fetching spark://156c91590481:33435/jars/org.antlr_antlr4-runtime-4.7.jar with timestamp 1658507059533
[2022-07-22 16:24:20,847] {subprocess.py:89} INFO - 22/07/22 16:24:20 INFO Utils: Fetching spark://156c91590481:33435/jars/org.antlr_antlr4-runtime-4.7.jar to /tmp/spark-e84aa49c-a801-4162-bd8d-bc6ba676cbe5/userFiles-41c02e5e-fecc-4fc7-9f53-402265ec11cb/fetchFileTemp8046531284516503963.tmp
[2022-07-22 16:24:20,851] {subprocess.py:89} INFO - 22/07/22 16:24:20 INFO Utils: /tmp/spark-e84aa49c-a801-4162-bd8d-bc6ba676cbe5/userFiles-41c02e5e-fecc-4fc7-9f53-402265ec11cb/fetchFileTemp8046531284516503963.tmp has been previously copied to /tmp/spark-e84aa49c-a801-4162-bd8d-bc6ba676cbe5/userFiles-41c02e5e-fecc-4fc7-9f53-402265ec11cb/org.antlr_antlr4-runtime-4.7.jar
[2022-07-22 16:24:20,854] {subprocess.py:89} INFO - 22/07/22 16:24:20 INFO Executor: Adding file:/tmp/spark-e84aa49c-a801-4162-bd8d-bc6ba676cbe5/userFiles-41c02e5e-fecc-4fc7-9f53-402265ec11cb/org.antlr_antlr4-runtime-4.7.jar to class loader
[2022-07-22 16:24:20,855] {subprocess.py:89} INFO - 22/07/22 16:24:20 INFO Executor: Fetching spark://156c91590481:33435/jars/org.glassfish_javax.json-1.0.4.jar with timestamp 1658507059533
[2022-07-22 16:24:20,856] {subprocess.py:89} INFO - 22/07/22 16:24:20 INFO Utils: Fetching spark://156c91590481:33435/jars/org.glassfish_javax.json-1.0.4.jar to /tmp/spark-e84aa49c-a801-4162-bd8d-bc6ba676cbe5/userFiles-41c02e5e-fecc-4fc7-9f53-402265ec11cb/fetchFileTemp4989295024868468190.tmp
[2022-07-22 16:24:20,857] {subprocess.py:89} INFO - 22/07/22 16:24:20 INFO Utils: /tmp/spark-e84aa49c-a801-4162-bd8d-bc6ba676cbe5/userFiles-41c02e5e-fecc-4fc7-9f53-402265ec11cb/fetchFileTemp4989295024868468190.tmp has been previously copied to /tmp/spark-e84aa49c-a801-4162-bd8d-bc6ba676cbe5/userFiles-41c02e5e-fecc-4fc7-9f53-402265ec11cb/org.glassfish_javax.json-1.0.4.jar
[2022-07-22 16:24:20,861] {subprocess.py:89} INFO - 22/07/22 16:24:20 INFO Executor: Adding file:/tmp/spark-e84aa49c-a801-4162-bd8d-bc6ba676cbe5/userFiles-41c02e5e-fecc-4fc7-9f53-402265ec11cb/org.glassfish_javax.json-1.0.4.jar to class loader
[2022-07-22 16:24:20,862] {subprocess.py:89} INFO - 22/07/22 16:24:20 INFO Executor: Fetching spark://156c91590481:33435/jars/org.antlr_antlr-runtime-3.5.2.jar with timestamp 1658507059533
[2022-07-22 16:24:20,862] {subprocess.py:89} INFO - 22/07/22 16:24:20 INFO Utils: Fetching spark://156c91590481:33435/jars/org.antlr_antlr-runtime-3.5.2.jar to /tmp/spark-e84aa49c-a801-4162-bd8d-bc6ba676cbe5/userFiles-41c02e5e-fecc-4fc7-9f53-402265ec11cb/fetchFileTemp482580226226128103.tmp
[2022-07-22 16:24:20,864] {subprocess.py:89} INFO - 22/07/22 16:24:20 INFO Utils: /tmp/spark-e84aa49c-a801-4162-bd8d-bc6ba676cbe5/userFiles-41c02e5e-fecc-4fc7-9f53-402265ec11cb/fetchFileTemp482580226226128103.tmp has been previously copied to /tmp/spark-e84aa49c-a801-4162-bd8d-bc6ba676cbe5/userFiles-41c02e5e-fecc-4fc7-9f53-402265ec11cb/org.antlr_antlr-runtime-3.5.2.jar
[2022-07-22 16:24:20,867] {subprocess.py:89} INFO - 22/07/22 16:24:20 INFO Executor: Adding file:/tmp/spark-e84aa49c-a801-4162-bd8d-bc6ba676cbe5/userFiles-41c02e5e-fecc-4fc7-9f53-402265ec11cb/org.antlr_antlr-runtime-3.5.2.jar to class loader
[2022-07-22 16:24:20,875] {subprocess.py:89} INFO - 22/07/22 16:24:20 INFO Utils: Successfully started service 'org.apache.spark.network.netty.NettyBlockTransferService' on port 45533.
[2022-07-22 16:24:20,875] {subprocess.py:89} INFO - 22/07/22 16:24:20 INFO NettyBlockTransferService: Server created on 156c91590481:45533
[2022-07-22 16:24:20,876] {subprocess.py:89} INFO - 22/07/22 16:24:20 INFO BlockManager: Using org.apache.spark.storage.RandomBlockReplicationPolicy for block replication policy
[2022-07-22 16:24:20,882] {subprocess.py:89} INFO - 22/07/22 16:24:20 INFO BlockManagerMaster: Registering BlockManager BlockManagerId(driver, 156c91590481, 45533, None)
[2022-07-22 16:24:20,885] {subprocess.py:89} INFO - 22/07/22 16:24:20 INFO BlockManagerMasterEndpoint: Registering block manager 156c91590481:45533 with 366.3 MiB RAM, BlockManagerId(driver, 156c91590481, 45533, None)
[2022-07-22 16:24:20,887] {subprocess.py:89} INFO - 22/07/22 16:24:20 INFO BlockManagerMaster: Registered BlockManager BlockManagerId(driver, 156c91590481, 45533, None)
[2022-07-22 16:24:20,888] {subprocess.py:89} INFO - 22/07/22 16:24:20 INFO BlockManager: Initialized BlockManager: BlockManagerId(driver, 156c91590481, 45533, None)
[2022-07-22 16:24:21,302] {subprocess.py:89} INFO - 22/07/22 16:24:21 INFO SharedState: Setting hive.metastore.warehouse.dir ('null') to the value of spark.sql.warehouse.dir ('file:/tmp/***tmphpkh4avg/spark-warehouse').
[2022-07-22 16:24:21,303] {subprocess.py:89} INFO - 22/07/22 16:24:21 INFO SharedState: Warehouse path is 'file:/tmp/***tmphpkh4avg/spark-warehouse'.
[2022-07-22 16:24:21,834] {local_task_job.py:212} WARNING - State of this instance has been externally set to skipped. Terminating instance.
[2022-07-22 16:24:21,835] {process_utils.py:124} INFO - Sending Signals.SIGTERM to group 2794. PIDs of all processes in the group: [2795, 2833, 2794]
[2022-07-22 16:24:21,835] {process_utils.py:75} INFO - Sending the signal Signals.SIGTERM to group 2794
[2022-07-22 16:24:21,836] {taskinstance.py:1408} ERROR - Received SIGTERM. Terminating subprocesses.
[2022-07-22 16:24:21,836] {subprocess.py:99} INFO - Sending SIGTERM signal to process group
[2022-07-22 16:24:22,181] {process_utils.py:70} INFO - Process psutil.Process(pid=2794, status='terminated', exitcode=0, started='16:24:16') (2794) terminated with exit code 0
[2022-07-22 16:24:22,181] {process_utils.py:70} INFO - Process psutil.Process(pid=2833, status='terminated', started='16:24:18') (2833) terminated with exit code None
[2022-07-22 16:24:22,316] {process_utils.py:70} INFO - Process psutil.Process(pid=2795, status='terminated', started='16:24:16') (2795) terminated with exit code None
