[2022-07-17 09:23:32,677] {taskinstance.py:1032} INFO - Dependencies all met for <TaskInstance: DM-COUNT-account-turnover.START_COUNT_BY_DAY_3 scheduled__2022-06-26T19:41:59.779564+00:00 [queued]>
[2022-07-17 09:23:32,687] {taskinstance.py:1032} INFO - Dependencies all met for <TaskInstance: DM-COUNT-account-turnover.START_COUNT_BY_DAY_3 scheduled__2022-06-26T19:41:59.779564+00:00 [queued]>
[2022-07-17 09:23:32,687] {taskinstance.py:1238} INFO - 
--------------------------------------------------------------------------------
[2022-07-17 09:23:32,688] {taskinstance.py:1239} INFO - Starting attempt 1 of 2
[2022-07-17 09:23:32,688] {taskinstance.py:1240} INFO - 
--------------------------------------------------------------------------------
[2022-07-17 09:23:32,972] {taskinstance.py:1259} INFO - Executing <Task(PostgresOperator): START_COUNT_BY_DAY_3> on 2022-06-26 19:41:59.779564+00:00
[2022-07-17 09:23:32,987] {standard_task_runner.py:52} INFO - Started process 131 to run task
[2022-07-17 09:23:33,083] {standard_task_runner.py:76} INFO - Running: ['***', 'tasks', 'run', 'DM-COUNT-account-turnover', 'START_COUNT_BY_DAY_3', 'scheduled__2022-06-26T19:41:59.779564+00:00', '--job-id', '1521', '--raw', '--subdir', 'DAGS_FOLDER/dm_fill_account_turnover.py', '--cfg-path', '/tmp/tmpio8p7lms', '--error-file', '/tmp/tmp1lh6nkv5']
[2022-07-17 09:23:33,085] {standard_task_runner.py:77} INFO - Job 1521: Subtask START_COUNT_BY_DAY_3
[2022-07-17 09:23:33,374] {logging_mixin.py:109} INFO - Running <TaskInstance: DM-COUNT-account-turnover.START_COUNT_BY_DAY_3 scheduled__2022-06-26T19:41:59.779564+00:00 [running]> on host a04da3f4ff4b
[2022-07-17 09:23:33,952] {taskinstance.py:1426} INFO - Exporting the following env vars:
AIRFLOW_CTX_DAG_OWNER=***
AIRFLOW_CTX_DAG_ID=DM-COUNT-account-turnover
AIRFLOW_CTX_TASK_ID=START_COUNT_BY_DAY_3
AIRFLOW_CTX_EXECUTION_DATE=2022-06-26T19:41:59.779564+00:00
AIRFLOW_CTX_DAG_RUN_ID=scheduled__2022-06-26T19:41:59.779564+00:00
[2022-07-17 09:23:33,961] {base.py:79} INFO - Using connection to: id: postgres. Host: postgres, Port: 5432, Schema: postgres, Login: ***, Password: ***, extra: {}
[2022-07-17 09:23:33,966] {dbapi.py:225} INFO - Running statement: CALL ds.fill_account_turnover_f (%(date)s::date);, parameters: {'date': '2018-01-3'}
[2022-07-17 09:23:36,641] {taskinstance.py:1277} INFO - Marking task as SUCCESS. dag_id=DM-COUNT-account-turnover, task_id=START_COUNT_BY_DAY_3, execution_date=20220626T194159, start_date=20220717T092332, end_date=20220717T092336
[2022-07-17 09:23:36,908] {local_task_job.py:154} INFO - Task exited with return code 0
[2022-07-17 09:23:38,021] {local_task_job.py:264} INFO - 0 downstream tasks scheduled from follow-on schedule check
