[2022-06-21 06:27:51,899] {taskinstance.py:1032} INFO - Dependencies all met for <TaskInstance: CSV_TO_DS.SEND_DS_md_exchange_rate_d scheduled__2022-06-19T21:26:59.328971+00:00 [queued]>
[2022-06-21 06:27:51,983] {taskinstance.py:1032} INFO - Dependencies all met for <TaskInstance: CSV_TO_DS.SEND_DS_md_exchange_rate_d scheduled__2022-06-19T21:26:59.328971+00:00 [queued]>
[2022-06-21 06:27:51,984] {taskinstance.py:1238} INFO - 
--------------------------------------------------------------------------------
[2022-06-21 06:27:51,984] {taskinstance.py:1239} INFO - Starting attempt 1 of 2
[2022-06-21 06:27:51,984] {taskinstance.py:1240} INFO - 
--------------------------------------------------------------------------------
[2022-06-21 06:27:52,087] {taskinstance.py:1259} INFO - Executing <Task(PythonOperator): SEND_DS_md_exchange_rate_d> on 2022-06-19 21:26:59.328971+00:00
[2022-06-21 06:27:52,143] {standard_task_runner.py:52} INFO - Started process 166 to run task
[2022-06-21 06:27:52,148] {standard_task_runner.py:76} INFO - Running: ['***', 'tasks', 'run', 'CSV_TO_DS', 'SEND_DS_md_exchange_rate_d', 'scheduled__2022-06-19T21:26:59.328971+00:00', '--job-id', '462', '--raw', '--subdir', 'DAGS_FOLDER/csv_to_ds.py', '--cfg-path', '/tmp/tmp_s6poo8z', '--error-file', '/tmp/tmphafbzsp9']
[2022-06-21 06:27:52,150] {standard_task_runner.py:77} INFO - Job 462: Subtask SEND_DS_md_exchange_rate_d
[2022-06-21 06:27:52,348] {logging_mixin.py:109} INFO - Running <TaskInstance: CSV_TO_DS.SEND_DS_md_exchange_rate_d scheduled__2022-06-19T21:26:59.328971+00:00 [running]> on host c087b85f9f15
[2022-06-21 06:27:52,606] {taskinstance.py:1426} INFO - Exporting the following env vars:
AIRFLOW_CTX_DAG_OWNER=***
AIRFLOW_CTX_DAG_ID=CSV_TO_DS
AIRFLOW_CTX_TASK_ID=SEND_DS_md_exchange_rate_d
AIRFLOW_CTX_EXECUTION_DATE=2022-06-19T21:26:59.328971+00:00
AIRFLOW_CTX_DAG_RUN_ID=scheduled__2022-06-19T21:26:59.328971+00:00
[2022-06-21 06:27:52,925] {CsvToDs.py:49} INFO -    id DATA_ACTUAL_DATE  ... REDUCED_COURCE  CODE_ISO_NUM
0   1       2018-01-31  ...       28.37980           933
1   2       2018-01-31  ...        7.11613           752
2   3       2018-01-31  ...       33.05430           944
3   4       2018-01-31  ...        8.87555           156
4   5       2018-01-31  ...        2.74512           203

[5 rows x 6 columns]
[2022-06-21 06:27:53,097] {CsvToDs.py:58} INFO - Column data_actual_date changed date-time format
[2022-06-21 06:27:53,136] {CsvToDs.py:58} INFO - Column data_actual_end_date changed date-time format
[2022-06-21 06:27:53,136] {CsvToDs.py:64} INFO - Table md_exchange_rate_d read in pandas success. 
[2022-06-21 06:27:53,205] {CsvToDs.py:65} INFO - 
    id data_actual_date  ... reduced_cource  code_iso_num
0   1       2018-01-31  ...       28.37980           933
1   2       2018-01-31  ...        7.11613           752
2   3       2018-01-31  ...       33.05430           944
3   4       2018-01-31  ...        8.87555           156
4   5       2018-01-31  ...        2.74512           203

[5 rows x 6 columns]
[2022-06-21 06:28:03,093] {CsvToDs.py:108} INFO -  Table md_exchange_rate_d in ds schema has updated success. 
[2022-06-21 06:28:08,106] {python.py:175} INFO - Done. Returned value was: None
[2022-06-21 06:28:08,115] {taskinstance.py:1277} INFO - Marking task as SUCCESS. dag_id=CSV_TO_DS, task_id=SEND_DS_md_exchange_rate_d, execution_date=20220619T212659, start_date=20220621T062751, end_date=20220621T062808
[2022-06-21 06:28:08,180] {local_task_job.py:154} INFO - Task exited with return code 0
[2022-06-21 06:28:08,210] {local_task_job.py:264} INFO - 0 downstream tasks scheduled from follow-on schedule check
