[2022-06-21 14:28:28,488] {taskinstance.py:1032} INFO - Dependencies all met for <TaskInstance: DM-COUNT-f101_round_f.count_f101-14 manual__2022-06-21T14:28:19.344143+00:00 [queued]>
[2022-06-21 14:28:28,549] {taskinstance.py:1032} INFO - Dependencies all met for <TaskInstance: DM-COUNT-f101_round_f.count_f101-14 manual__2022-06-21T14:28:19.344143+00:00 [queued]>
[2022-06-21 14:28:28,550] {taskinstance.py:1238} INFO - 
--------------------------------------------------------------------------------
[2022-06-21 14:28:28,562] {taskinstance.py:1239} INFO - Starting attempt 1 of 2
[2022-06-21 14:28:28,562] {taskinstance.py:1240} INFO - 
--------------------------------------------------------------------------------
[2022-06-21 14:28:28,650] {taskinstance.py:1259} INFO - Executing <Task(PostgresOperator): count_f101-14> on 2022-06-21 14:28:19.344143+00:00
[2022-06-21 14:28:28,677] {standard_task_runner.py:52} INFO - Started process 2431 to run task
[2022-06-21 14:28:28,732] {standard_task_runner.py:76} INFO - Running: ['***', 'tasks', 'run', 'DM-COUNT-f101_round_f', 'count_f101-14', 'manual__2022-06-21T14:28:19.344143+00:00', '--job-id', '720', '--raw', '--subdir', 'DAGS_FOLDER/f_101_round_f.py', '--cfg-path', '/tmp/tmpqerv_usm', '--error-file', '/tmp/tmpd4yg68a9']
[2022-06-21 14:28:28,733] {standard_task_runner.py:77} INFO - Job 720: Subtask count_f101-14
[2022-06-21 14:28:29,121] {logging_mixin.py:109} INFO - Running <TaskInstance: DM-COUNT-f101_round_f.count_f101-14 manual__2022-06-21T14:28:19.344143+00:00 [running]> on host c087b85f9f15
[2022-06-21 14:28:29,364] {taskinstance.py:1426} INFO - Exporting the following env vars:
AIRFLOW_CTX_DAG_OWNER=***
AIRFLOW_CTX_DAG_ID=DM-COUNT-f101_round_f
AIRFLOW_CTX_TASK_ID=count_f101-14
AIRFLOW_CTX_EXECUTION_DATE=2022-06-21T14:28:19.344143+00:00
AIRFLOW_CTX_DAG_RUN_ID=manual__2022-06-21T14:28:19.344143+00:00
[2022-06-21 14:28:29,373] {base.py:79} INFO - Using connection to: id: postgres. Host: postgres, Port: 5432, Schema: postgres, Login: ***, Password: ***, extra: {}
[2022-06-21 14:28:29,380] {dbapi.py:225} INFO - Running statement: CALL dm.fill_f101_round_f (%(date)s::date);, parameters: {'date': '2018-01-14'}
[2022-06-21 14:28:29,432] {taskinstance.py:1277} INFO - Marking task as SUCCESS. dag_id=DM-COUNT-f101_round_f, task_id=count_f101-14, execution_date=20220621T142819, start_date=20220621T142828, end_date=20220621T142829
[2022-06-21 14:28:29,488] {local_task_job.py:154} INFO - Task exited with return code 0
[2022-06-21 14:28:29,614] {local_task_job.py:264} INFO - 0 downstream tasks scheduled from follow-on schedule check
