[2022-07-22 16:42:39,764] {taskinstance.py:1032} INFO - Dependencies all met for <TaskInstance: MIRR_MD_ACCOUNT_D.load_mirror_md_account_d manual__2022-07-22T16:42:37.789907+00:00 [queued]>
[2022-07-22 16:42:39,772] {taskinstance.py:1032} INFO - Dependencies all met for <TaskInstance: MIRR_MD_ACCOUNT_D.load_mirror_md_account_d manual__2022-07-22T16:42:37.789907+00:00 [queued]>
[2022-07-22 16:42:39,772] {taskinstance.py:1238} INFO - 
--------------------------------------------------------------------------------
[2022-07-22 16:42:39,772] {taskinstance.py:1239} INFO - Starting attempt 1 of 2
[2022-07-22 16:42:39,772] {taskinstance.py:1240} INFO - 
--------------------------------------------------------------------------------
[2022-07-22 16:42:39,783] {taskinstance.py:1259} INFO - Executing <Task(BashOperator): load_mirror_md_account_d> on 2022-07-22 16:42:37.789907+00:00
[2022-07-22 16:42:39,786] {standard_task_runner.py:52} INFO - Started process 5781 to run task
[2022-07-22 16:42:39,789] {standard_task_runner.py:76} INFO - Running: ['***', 'tasks', 'run', 'MIRR_MD_ACCOUNT_D', 'load_mirror_md_account_d', 'manual__2022-07-22T16:42:37.789907+00:00', '--job-id', '106', '--raw', '--subdir', 'DAGS_FOLDER/mirror_calc.py', '--cfg-path', '/tmp/tmp7g45pr88', '--error-file', '/tmp/tmp_t85hie6']
[2022-07-22 16:42:39,789] {standard_task_runner.py:77} INFO - Job 106: Subtask load_mirror_md_account_d
[2022-07-22 16:42:39,834] {logging_mixin.py:109} INFO - Running <TaskInstance: MIRR_MD_ACCOUNT_D.load_mirror_md_account_d manual__2022-07-22T16:42:37.789907+00:00 [running]> on host 156c91590481
[2022-07-22 16:42:39,874] {taskinstance.py:1426} INFO - Exporting the following env vars:
AIRFLOW_CTX_DAG_OWNER=***
AIRFLOW_CTX_DAG_ID=MIRR_MD_ACCOUNT_D
AIRFLOW_CTX_TASK_ID=load_mirror_md_account_d
AIRFLOW_CTX_EXECUTION_DATE=2022-07-22T16:42:37.789907+00:00
AIRFLOW_CTX_DAG_RUN_ID=manual__2022-07-22T16:42:37.789907+00:00
[2022-07-22 16:42:39,875] {subprocess.py:62} INFO - Tmp dir root location: 
 /tmp
[2022-07-22 16:42:39,875] {subprocess.py:74} INFO - Running command: ['bash', '-c', 'spark-submit --packages io.delta:delta-core_2.12:1.0.0 --conf "spark.sql.extensions=io.delta.sql.DeltaSparkSessionExtension" --conf "spark.sql.catalog.spark_catalog=org.apache.spark.sql.delta.catalog.DeltaCatalog" /opt/***/core/test.py']
[2022-07-22 16:42:39,883] {subprocess.py:85} INFO - Output:
[2022-07-22 16:42:41,048] {subprocess.py:89} INFO - :: loading settings :: url = jar:file:/usr/local/spark/assembly/target/scala-2.12/jars/ivy-2.4.0.jar!/org/apache/ivy/core/settings/ivysettings.xml
[2022-07-22 16:42:41,106] {subprocess.py:89} INFO - Ivy Default Cache set to: /home/***/.ivy2/cache
[2022-07-22 16:42:41,106] {subprocess.py:89} INFO - The jars for the packages stored in: /home/***/.ivy2/jars
[2022-07-22 16:42:41,112] {subprocess.py:89} INFO - io.delta#delta-core_2.12 added as a dependency
[2022-07-22 16:42:41,113] {subprocess.py:89} INFO - :: resolving dependencies :: org.apache.spark#spark-submit-parent-303b08cf-5124-4518-834c-a303f3a3ff7e;1.0
[2022-07-22 16:42:41,113] {subprocess.py:89} INFO - 	confs: [default]
[2022-07-22 16:42:41,205] {subprocess.py:89} INFO - 	found io.delta#delta-core_2.12;1.0.0 in central
[2022-07-22 16:42:41,227] {subprocess.py:89} INFO - 	found org.antlr#antlr4;4.7 in central
[2022-07-22 16:42:41,251] {subprocess.py:89} INFO - 	found org.antlr#antlr4-runtime;4.7 in central
[2022-07-22 16:42:41,272] {subprocess.py:89} INFO - 	found org.antlr#antlr-runtime;3.5.2 in central
[2022-07-22 16:42:41,288] {subprocess.py:89} INFO - 	found org.antlr#ST4;4.0.8 in central
[2022-07-22 16:42:41,307] {subprocess.py:89} INFO - 	found org.abego.treelayout#org.abego.treelayout.core;1.0.3 in central
[2022-07-22 16:42:41,321] {subprocess.py:89} INFO - 	found org.glassfish#javax.json;1.0.4 in central
[2022-07-22 16:42:41,333] {subprocess.py:89} INFO - 	found com.ibm.icu#icu4j;58.2 in central
[2022-07-22 16:42:41,354] {subprocess.py:89} INFO - :: resolution report :: resolve 234ms :: artifacts dl 6ms
[2022-07-22 16:42:41,354] {subprocess.py:89} INFO - 	:: modules in use:
[2022-07-22 16:42:41,354] {subprocess.py:89} INFO - 	com.ibm.icu#icu4j;58.2 from central in [default]
[2022-07-22 16:42:41,354] {subprocess.py:89} INFO - 	io.delta#delta-core_2.12;1.0.0 from central in [default]
[2022-07-22 16:42:41,354] {subprocess.py:89} INFO - 	org.abego.treelayout#org.abego.treelayout.core;1.0.3 from central in [default]
[2022-07-22 16:42:41,354] {subprocess.py:89} INFO - 	org.antlr#ST4;4.0.8 from central in [default]
[2022-07-22 16:42:41,354] {subprocess.py:89} INFO - 	org.antlr#antlr-runtime;3.5.2 from central in [default]
[2022-07-22 16:42:41,354] {subprocess.py:89} INFO - 	org.antlr#antlr4;4.7 from central in [default]
[2022-07-22 16:42:41,354] {subprocess.py:89} INFO - 	org.antlr#antlr4-runtime;4.7 from central in [default]
[2022-07-22 16:42:41,355] {subprocess.py:89} INFO - 	org.glassfish#javax.json;1.0.4 from central in [default]
[2022-07-22 16:42:41,355] {subprocess.py:89} INFO - 	---------------------------------------------------------------------
[2022-07-22 16:42:41,355] {subprocess.py:89} INFO - 	|                  |            modules            ||   artifacts   |
[2022-07-22 16:42:41,372] {subprocess.py:89} INFO - 	|       conf       | number| search|dwnlded|evicted|| number|dwnlded|
[2022-07-22 16:42:41,373] {subprocess.py:89} INFO - 	---------------------------------------------------------------------
[2022-07-22 16:42:41,373] {subprocess.py:89} INFO - 	|      default     |   8   |   0   |   0   |   0   ||   8   |   0   |
[2022-07-22 16:42:41,373] {subprocess.py:89} INFO - 	---------------------------------------------------------------------
[2022-07-22 16:42:41,373] {subprocess.py:89} INFO - :: retrieving :: org.apache.spark#spark-submit-parent-303b08cf-5124-4518-834c-a303f3a3ff7e
[2022-07-22 16:42:41,373] {subprocess.py:89} INFO - 	confs: [default]
[2022-07-22 16:42:41,373] {subprocess.py:89} INFO - 	0 artifacts copied, 8 already retrieved (0kB/7ms)
[2022-07-22 16:42:41,603] {subprocess.py:89} INFO - 22/07/22 16:42:41 WARN NativeCodeLoader: Unable to load native-hadoop library for your platform... using builtin-java classes where applicable
[2022-07-22 16:42:41,990] {subprocess.py:89} INFO - /usr/local/bin/python3
[2022-07-22 16:42:42,407] {subprocess.py:89} INFO - Using Spark's default log4j profile: org/apache/spark/log4j-defaults.properties
[2022-07-22 16:42:42,414] {subprocess.py:89} INFO - 22/07/22 16:42:42 INFO SparkContext: Running Spark version 3.1.2
[2022-07-22 16:42:42,446] {subprocess.py:89} INFO - 22/07/22 16:42:42 INFO ResourceUtils: ==============================================================
[2022-07-22 16:42:42,446] {subprocess.py:89} INFO - 22/07/22 16:42:42 INFO ResourceUtils: No custom resources configured for spark.driver.
[2022-07-22 16:42:42,447] {subprocess.py:89} INFO - 22/07/22 16:42:42 INFO ResourceUtils: ==============================================================
[2022-07-22 16:42:42,447] {subprocess.py:89} INFO - 22/07/22 16:42:42 INFO SparkContext: Submitted application: MyApp
[2022-07-22 16:42:42,472] {subprocess.py:89} INFO - 22/07/22 16:42:42 INFO ResourceProfile: Default ResourceProfile created, executor resources: Map(cores -> name: cores, amount: 1, script: , vendor: , memory -> name: memory, amount: 1024, script: , vendor: , offHeap -> name: offHeap, amount: 0, script: , vendor: ), task resources: Map(cpus -> name: cpus, amount: 1.0)
[2022-07-22 16:42:42,483] {subprocess.py:89} INFO - 22/07/22 16:42:42 INFO ResourceProfile: Limiting resource is cpu
[2022-07-22 16:42:42,484] {subprocess.py:89} INFO - 22/07/22 16:42:42 INFO ResourceProfileManager: Added ResourceProfile id: 0
[2022-07-22 16:42:42,528] {subprocess.py:89} INFO - 22/07/22 16:42:42 INFO SecurityManager: Changing view acls to: default
[2022-07-22 16:42:42,528] {subprocess.py:89} INFO - 22/07/22 16:42:42 INFO SecurityManager: Changing modify acls to: default
[2022-07-22 16:42:42,528] {subprocess.py:89} INFO - 22/07/22 16:42:42 INFO SecurityManager: Changing view acls groups to:
[2022-07-22 16:42:42,528] {subprocess.py:89} INFO - 22/07/22 16:42:42 INFO SecurityManager: Changing modify acls groups to:
[2022-07-22 16:42:42,528] {subprocess.py:89} INFO - 22/07/22 16:42:42 INFO SecurityManager: SecurityManager: authentication disabled; ui acls disabled; users  with view permissions: Set(default); groups with view permissions: Set(); users  with modify permissions: Set(default); groups with modify permissions: Set()
[2022-07-22 16:42:42,708] {subprocess.py:89} INFO - 22/07/22 16:42:42 INFO Utils: Successfully started service 'sparkDriver' on port 40091.
[2022-07-22 16:42:42,740] {subprocess.py:89} INFO - 22/07/22 16:42:42 INFO SparkEnv: Registering MapOutputTracker
[2022-07-22 16:42:42,768] {subprocess.py:89} INFO - 22/07/22 16:42:42 INFO SparkEnv: Registering BlockManagerMaster
[2022-07-22 16:42:42,787] {subprocess.py:89} INFO - 22/07/22 16:42:42 INFO BlockManagerMasterEndpoint: Using org.apache.spark.storage.DefaultTopologyMapper for getting topology information
[2022-07-22 16:42:42,787] {subprocess.py:89} INFO - 22/07/22 16:42:42 INFO BlockManagerMasterEndpoint: BlockManagerMasterEndpoint up
[2022-07-22 16:42:42,791] {subprocess.py:89} INFO - 22/07/22 16:42:42 INFO SparkEnv: Registering BlockManagerMasterHeartbeat
[2022-07-22 16:42:42,802] {subprocess.py:89} INFO - 22/07/22 16:42:42 INFO DiskBlockManager: Created local directory at /tmp/blockmgr-e2a74a06-ba8b-4553-b5a8-31cc12526731
[2022-07-22 16:42:42,823] {subprocess.py:89} INFO - 22/07/22 16:42:42 INFO MemoryStore: MemoryStore started with capacity 366.3 MiB
[2022-07-22 16:42:42,837] {subprocess.py:89} INFO - 22/07/22 16:42:42 INFO SparkEnv: Registering OutputCommitCoordinator
[2022-07-22 16:42:43,078] {subprocess.py:89} INFO - 22/07/22 16:42:43 INFO Utils: Successfully started service 'SparkUI' on port 4040.
[2022-07-22 16:42:43,139] {subprocess.py:89} INFO - 22/07/22 16:42:43 INFO SparkUI: Bound SparkUI to 0.0.0.0, and started at http://156c91590481:4040
[2022-07-22 16:42:43,161] {subprocess.py:89} INFO - 22/07/22 16:42:43 INFO SparkContext: Added JAR file:///home/***/.ivy2/jars/io.delta_delta-core_2.12-1.0.0.jar at spark://156c91590481:40091/jars/io.delta_delta-core_2.12-1.0.0.jar with timestamp 1658508162406
[2022-07-22 16:42:43,162] {subprocess.py:89} INFO - 22/07/22 16:42:43 INFO SparkContext: Added JAR file:///home/***/.ivy2/jars/org.antlr_antlr4-4.7.jar at spark://156c91590481:40091/jars/org.antlr_antlr4-4.7.jar with timestamp 1658508162406
[2022-07-22 16:42:43,163] {subprocess.py:89} INFO - 22/07/22 16:42:43 INFO SparkContext: Added JAR file:///home/***/.ivy2/jars/org.antlr_antlr4-runtime-4.7.jar at spark://156c91590481:40091/jars/org.antlr_antlr4-runtime-4.7.jar with timestamp 1658508162406
[2022-07-22 16:42:43,163] {subprocess.py:89} INFO - 22/07/22 16:42:43 INFO SparkContext: Added JAR file:///home/***/.ivy2/jars/org.antlr_antlr-runtime-3.5.2.jar at spark://156c91590481:40091/jars/org.antlr_antlr-runtime-3.5.2.jar with timestamp 1658508162406
[2022-07-22 16:42:43,163] {subprocess.py:89} INFO - 22/07/22 16:42:43 INFO SparkContext: Added JAR file:///home/***/.ivy2/jars/org.antlr_ST4-4.0.8.jar at spark://156c91590481:40091/jars/org.antlr_ST4-4.0.8.jar with timestamp 1658508162406
[2022-07-22 16:42:43,163] {subprocess.py:89} INFO - 22/07/22 16:42:43 INFO SparkContext: Added JAR file:///home/***/.ivy2/jars/org.abego.treelayout_org.abego.treelayout.core-1.0.3.jar at spark://156c91590481:40091/jars/org.abego.treelayout_org.abego.treelayout.core-1.0.3.jar with timestamp 1658508162406
[2022-07-22 16:42:43,164] {subprocess.py:89} INFO - 22/07/22 16:42:43 INFO SparkContext: Added JAR file:///home/***/.ivy2/jars/org.glassfish_javax.json-1.0.4.jar at spark://156c91590481:40091/jars/org.glassfish_javax.json-1.0.4.jar with timestamp 1658508162406
[2022-07-22 16:42:43,164] {subprocess.py:89} INFO - 22/07/22 16:42:43 INFO SparkContext: Added JAR file:///home/***/.ivy2/jars/com.ibm.icu_icu4j-58.2.jar at spark://156c91590481:40091/jars/com.ibm.icu_icu4j-58.2.jar with timestamp 1658508162406
[2022-07-22 16:42:43,166] {subprocess.py:89} INFO - 22/07/22 16:42:43 INFO SparkContext: Added file file:///home/***/.ivy2/jars/io.delta_delta-core_2.12-1.0.0.jar at file:///home/***/.ivy2/jars/io.delta_delta-core_2.12-1.0.0.jar with timestamp 1658508162406
[2022-07-22 16:42:43,167] {subprocess.py:89} INFO - 22/07/22 16:42:43 INFO Utils: Copying /home/***/.ivy2/jars/io.delta_delta-core_2.12-1.0.0.jar to /tmp/spark-8f73af05-1a8c-49af-8b01-c9e4afa666c0/userFiles-b0344204-6082-47cf-a53a-e12a4cb51fd7/io.delta_delta-core_2.12-1.0.0.jar
[2022-07-22 16:42:43,182] {subprocess.py:89} INFO - 22/07/22 16:42:43 INFO SparkContext: Added file file:///home/***/.ivy2/jars/org.antlr_antlr4-4.7.jar at file:///home/***/.ivy2/jars/org.antlr_antlr4-4.7.jar with timestamp 1658508162406
[2022-07-22 16:42:43,182] {subprocess.py:89} INFO - 22/07/22 16:42:43 INFO Utils: Copying /home/***/.ivy2/jars/org.antlr_antlr4-4.7.jar to /tmp/spark-8f73af05-1a8c-49af-8b01-c9e4afa666c0/userFiles-b0344204-6082-47cf-a53a-e12a4cb51fd7/org.antlr_antlr4-4.7.jar
[2022-07-22 16:42:43,190] {subprocess.py:89} INFO - 22/07/22 16:42:43 INFO SparkContext: Added file file:///home/***/.ivy2/jars/org.antlr_antlr4-runtime-4.7.jar at file:///home/***/.ivy2/jars/org.antlr_antlr4-runtime-4.7.jar with timestamp 1658508162406
[2022-07-22 16:42:43,190] {subprocess.py:89} INFO - 22/07/22 16:42:43 INFO Utils: Copying /home/***/.ivy2/jars/org.antlr_antlr4-runtime-4.7.jar to /tmp/spark-8f73af05-1a8c-49af-8b01-c9e4afa666c0/userFiles-b0344204-6082-47cf-a53a-e12a4cb51fd7/org.antlr_antlr4-runtime-4.7.jar
[2022-07-22 16:42:43,191] {subprocess.py:89} INFO - 22/07/22 16:42:43 INFO SparkContext: Added file file:///home/***/.ivy2/jars/org.antlr_antlr-runtime-3.5.2.jar at file:///home/***/.ivy2/jars/org.antlr_antlr-runtime-3.5.2.jar with timestamp 1658508162406
[2022-07-22 16:42:43,191] {subprocess.py:89} INFO - 22/07/22 16:42:43 INFO Utils: Copying /home/***/.ivy2/jars/org.antlr_antlr-runtime-3.5.2.jar to /tmp/spark-8f73af05-1a8c-49af-8b01-c9e4afa666c0/userFiles-b0344204-6082-47cf-a53a-e12a4cb51fd7/org.antlr_antlr-runtime-3.5.2.jar
[2022-07-22 16:42:43,197] {subprocess.py:89} INFO - 22/07/22 16:42:43 INFO SparkContext: Added file file:///home/***/.ivy2/jars/org.antlr_ST4-4.0.8.jar at file:///home/***/.ivy2/jars/org.antlr_ST4-4.0.8.jar with timestamp 1658508162406
[2022-07-22 16:42:43,198] {subprocess.py:89} INFO - 22/07/22 16:42:43 INFO Utils: Copying /home/***/.ivy2/jars/org.antlr_ST4-4.0.8.jar to /tmp/spark-8f73af05-1a8c-49af-8b01-c9e4afa666c0/userFiles-b0344204-6082-47cf-a53a-e12a4cb51fd7/org.antlr_ST4-4.0.8.jar
[2022-07-22 16:42:43,208] {subprocess.py:89} INFO - 22/07/22 16:42:43 INFO SparkContext: Added file file:///home/***/.ivy2/jars/org.abego.treelayout_org.abego.treelayout.core-1.0.3.jar at file:///home/***/.ivy2/jars/org.abego.treelayout_org.abego.treelayout.core-1.0.3.jar with timestamp 1658508162406
[2022-07-22 16:42:43,208] {subprocess.py:89} INFO - 22/07/22 16:42:43 INFO Utils: Copying /home/***/.ivy2/jars/org.abego.treelayout_org.abego.treelayout.core-1.0.3.jar to /tmp/spark-8f73af05-1a8c-49af-8b01-c9e4afa666c0/userFiles-b0344204-6082-47cf-a53a-e12a4cb51fd7/org.abego.treelayout_org.abego.treelayout.core-1.0.3.jar
[2022-07-22 16:42:43,212] {subprocess.py:89} INFO - 22/07/22 16:42:43 INFO SparkContext: Added file file:///home/***/.ivy2/jars/org.glassfish_javax.json-1.0.4.jar at file:///home/***/.ivy2/jars/org.glassfish_javax.json-1.0.4.jar with timestamp 1658508162406
[2022-07-22 16:42:43,212] {subprocess.py:89} INFO - 22/07/22 16:42:43 INFO Utils: Copying /home/***/.ivy2/jars/org.glassfish_javax.json-1.0.4.jar to /tmp/spark-8f73af05-1a8c-49af-8b01-c9e4afa666c0/userFiles-b0344204-6082-47cf-a53a-e12a4cb51fd7/org.glassfish_javax.json-1.0.4.jar
[2022-07-22 16:42:43,219] {subprocess.py:89} INFO - 22/07/22 16:42:43 INFO SparkContext: Added file file:///home/***/.ivy2/jars/com.ibm.icu_icu4j-58.2.jar at file:///home/***/.ivy2/jars/com.ibm.icu_icu4j-58.2.jar with timestamp 1658508162406
[2022-07-22 16:42:43,220] {subprocess.py:89} INFO - 22/07/22 16:42:43 INFO Utils: Copying /home/***/.ivy2/jars/com.ibm.icu_icu4j-58.2.jar to /tmp/spark-8f73af05-1a8c-49af-8b01-c9e4afa666c0/userFiles-b0344204-6082-47cf-a53a-e12a4cb51fd7/com.ibm.icu_icu4j-58.2.jar
[2022-07-22 16:42:43,368] {subprocess.py:89} INFO - 22/07/22 16:42:43 INFO Executor: Starting executor ID driver on host 156c91590481
[2022-07-22 16:42:43,384] {subprocess.py:89} INFO - 22/07/22 16:42:43 INFO Executor: Fetching file:///home/***/.ivy2/jars/com.ibm.icu_icu4j-58.2.jar with timestamp 1658508162406
[2022-07-22 16:42:43,429] {subprocess.py:89} INFO - 22/07/22 16:42:43 INFO Utils: /home/***/.ivy2/jars/com.ibm.icu_icu4j-58.2.jar has been previously copied to /tmp/spark-8f73af05-1a8c-49af-8b01-c9e4afa666c0/userFiles-b0344204-6082-47cf-a53a-e12a4cb51fd7/com.ibm.icu_icu4j-58.2.jar
[2022-07-22 16:42:43,432] {subprocess.py:89} INFO - 22/07/22 16:42:43 INFO Executor: Fetching file:///home/***/.ivy2/jars/org.abego.treelayout_org.abego.treelayout.core-1.0.3.jar with timestamp 1658508162406
[2022-07-22 16:42:43,432] {subprocess.py:89} INFO - 22/07/22 16:42:43 INFO Utils: /home/***/.ivy2/jars/org.abego.treelayout_org.abego.treelayout.core-1.0.3.jar has been previously copied to /tmp/spark-8f73af05-1a8c-49af-8b01-c9e4afa666c0/userFiles-b0344204-6082-47cf-a53a-e12a4cb51fd7/org.abego.treelayout_org.abego.treelayout.core-1.0.3.jar
[2022-07-22 16:42:43,436] {subprocess.py:89} INFO - 22/07/22 16:42:43 INFO Executor: Fetching file:///home/***/.ivy2/jars/org.antlr_antlr-runtime-3.5.2.jar with timestamp 1658508162406
[2022-07-22 16:42:43,436] {subprocess.py:89} INFO - 22/07/22 16:42:43 INFO Utils: /home/***/.ivy2/jars/org.antlr_antlr-runtime-3.5.2.jar has been previously copied to /tmp/spark-8f73af05-1a8c-49af-8b01-c9e4afa666c0/userFiles-b0344204-6082-47cf-a53a-e12a4cb51fd7/org.antlr_antlr-runtime-3.5.2.jar
[2022-07-22 16:42:43,438] {subprocess.py:89} INFO - 22/07/22 16:42:43 INFO Executor: Fetching file:///home/***/.ivy2/jars/org.glassfish_javax.json-1.0.4.jar with timestamp 1658508162406
[2022-07-22 16:42:43,439] {subprocess.py:89} INFO - 22/07/22 16:42:43 INFO Utils: /home/***/.ivy2/jars/org.glassfish_javax.json-1.0.4.jar has been previously copied to /tmp/spark-8f73af05-1a8c-49af-8b01-c9e4afa666c0/userFiles-b0344204-6082-47cf-a53a-e12a4cb51fd7/org.glassfish_javax.json-1.0.4.jar
[2022-07-22 16:42:43,441] {subprocess.py:89} INFO - 22/07/22 16:42:43 INFO Executor: Fetching file:///home/***/.ivy2/jars/org.antlr_antlr4-runtime-4.7.jar with timestamp 1658508162406
[2022-07-22 16:42:43,442] {subprocess.py:89} INFO - 22/07/22 16:42:43 INFO Utils: /home/***/.ivy2/jars/org.antlr_antlr4-runtime-4.7.jar has been previously copied to /tmp/spark-8f73af05-1a8c-49af-8b01-c9e4afa666c0/userFiles-b0344204-6082-47cf-a53a-e12a4cb51fd7/org.antlr_antlr4-runtime-4.7.jar
[2022-07-22 16:42:43,464] {subprocess.py:89} INFO - 22/07/22 16:42:43 INFO Executor: Fetching file:///home/***/.ivy2/jars/org.antlr_antlr4-4.7.jar with timestamp 1658508162406
[2022-07-22 16:42:43,466] {subprocess.py:89} INFO - 22/07/22 16:42:43 INFO Utils: /home/***/.ivy2/jars/org.antlr_antlr4-4.7.jar has been previously copied to /tmp/spark-8f73af05-1a8c-49af-8b01-c9e4afa666c0/userFiles-b0344204-6082-47cf-a53a-e12a4cb51fd7/org.antlr_antlr4-4.7.jar
[2022-07-22 16:42:43,468] {subprocess.py:89} INFO - 22/07/22 16:42:43 INFO Executor: Fetching file:///home/***/.ivy2/jars/org.antlr_ST4-4.0.8.jar with timestamp 1658508162406
[2022-07-22 16:42:43,469] {subprocess.py:89} INFO - 22/07/22 16:42:43 INFO Utils: /home/***/.ivy2/jars/org.antlr_ST4-4.0.8.jar has been previously copied to /tmp/spark-8f73af05-1a8c-49af-8b01-c9e4afa666c0/userFiles-b0344204-6082-47cf-a53a-e12a4cb51fd7/org.antlr_ST4-4.0.8.jar
[2022-07-22 16:42:43,471] {subprocess.py:89} INFO - 22/07/22 16:42:43 INFO Executor: Fetching file:///home/***/.ivy2/jars/io.delta_delta-core_2.12-1.0.0.jar with timestamp 1658508162406
[2022-07-22 16:42:43,474] {subprocess.py:89} INFO - 22/07/22 16:42:43 INFO Utils: /home/***/.ivy2/jars/io.delta_delta-core_2.12-1.0.0.jar has been previously copied to /tmp/spark-8f73af05-1a8c-49af-8b01-c9e4afa666c0/userFiles-b0344204-6082-47cf-a53a-e12a4cb51fd7/io.delta_delta-core_2.12-1.0.0.jar
[2022-07-22 16:42:43,478] {subprocess.py:89} INFO - 22/07/22 16:42:43 INFO Executor: Fetching spark://156c91590481:40091/jars/org.antlr_ST4-4.0.8.jar with timestamp 1658508162406
[2022-07-22 16:42:43,543] {subprocess.py:89} INFO - 22/07/22 16:42:43 INFO TransportClientFactory: Successfully created connection to 156c91590481/172.19.0.8:40091 after 50 ms (0 ms spent in bootstraps)
[2022-07-22 16:42:43,549] {subprocess.py:89} INFO - 22/07/22 16:42:43 INFO Utils: Fetching spark://156c91590481:40091/jars/org.antlr_ST4-4.0.8.jar to /tmp/spark-8f73af05-1a8c-49af-8b01-c9e4afa666c0/userFiles-b0344204-6082-47cf-a53a-e12a4cb51fd7/fetchFileTemp8059115394996533250.tmp
[2022-07-22 16:42:43,568] {subprocess.py:89} INFO - 22/07/22 16:42:43 INFO Utils: /tmp/spark-8f73af05-1a8c-49af-8b01-c9e4afa666c0/userFiles-b0344204-6082-47cf-a53a-e12a4cb51fd7/fetchFileTemp8059115394996533250.tmp has been previously copied to /tmp/spark-8f73af05-1a8c-49af-8b01-c9e4afa666c0/userFiles-b0344204-6082-47cf-a53a-e12a4cb51fd7/org.antlr_ST4-4.0.8.jar
[2022-07-22 16:42:43,572] {subprocess.py:89} INFO - 22/07/22 16:42:43 INFO Executor: Adding file:/tmp/spark-8f73af05-1a8c-49af-8b01-c9e4afa666c0/userFiles-b0344204-6082-47cf-a53a-e12a4cb51fd7/org.antlr_ST4-4.0.8.jar to class loader
[2022-07-22 16:42:43,572] {subprocess.py:89} INFO - 22/07/22 16:42:43 INFO Executor: Fetching spark://156c91590481:40091/jars/org.antlr_antlr4-runtime-4.7.jar with timestamp 1658508162406
[2022-07-22 16:42:43,572] {subprocess.py:89} INFO - 22/07/22 16:42:43 INFO Utils: Fetching spark://156c91590481:40091/jars/org.antlr_antlr4-runtime-4.7.jar to /tmp/spark-8f73af05-1a8c-49af-8b01-c9e4afa666c0/userFiles-b0344204-6082-47cf-a53a-e12a4cb51fd7/fetchFileTemp6659580882488132531.tmp
[2022-07-22 16:42:43,578] {subprocess.py:89} INFO - 22/07/22 16:42:43 INFO Utils: /tmp/spark-8f73af05-1a8c-49af-8b01-c9e4afa666c0/userFiles-b0344204-6082-47cf-a53a-e12a4cb51fd7/fetchFileTemp6659580882488132531.tmp has been previously copied to /tmp/spark-8f73af05-1a8c-49af-8b01-c9e4afa666c0/userFiles-b0344204-6082-47cf-a53a-e12a4cb51fd7/org.antlr_antlr4-runtime-4.7.jar
[2022-07-22 16:42:43,582] {subprocess.py:89} INFO - 22/07/22 16:42:43 INFO Executor: Adding file:/tmp/spark-8f73af05-1a8c-49af-8b01-c9e4afa666c0/userFiles-b0344204-6082-47cf-a53a-e12a4cb51fd7/org.antlr_antlr4-runtime-4.7.jar to class loader
[2022-07-22 16:42:43,582] {subprocess.py:89} INFO - 22/07/22 16:42:43 INFO Executor: Fetching spark://156c91590481:40091/jars/org.abego.treelayout_org.abego.treelayout.core-1.0.3.jar with timestamp 1658508162406
[2022-07-22 16:42:43,582] {subprocess.py:89} INFO - 22/07/22 16:42:43 INFO Utils: Fetching spark://156c91590481:40091/jars/org.abego.treelayout_org.abego.treelayout.core-1.0.3.jar to /tmp/spark-8f73af05-1a8c-49af-8b01-c9e4afa666c0/userFiles-b0344204-6082-47cf-a53a-e12a4cb51fd7/fetchFileTemp3731733872930085439.tmp
[2022-07-22 16:42:43,583] {subprocess.py:89} INFO - 22/07/22 16:42:43 INFO Utils: /tmp/spark-8f73af05-1a8c-49af-8b01-c9e4afa666c0/userFiles-b0344204-6082-47cf-a53a-e12a4cb51fd7/fetchFileTemp3731733872930085439.tmp has been previously copied to /tmp/spark-8f73af05-1a8c-49af-8b01-c9e4afa666c0/userFiles-b0344204-6082-47cf-a53a-e12a4cb51fd7/org.abego.treelayout_org.abego.treelayout.core-1.0.3.jar
[2022-07-22 16:42:43,585] {subprocess.py:89} INFO - 22/07/22 16:42:43 INFO Executor: Adding file:/tmp/spark-8f73af05-1a8c-49af-8b01-c9e4afa666c0/userFiles-b0344204-6082-47cf-a53a-e12a4cb51fd7/org.abego.treelayout_org.abego.treelayout.core-1.0.3.jar to class loader
[2022-07-22 16:42:43,586] {subprocess.py:89} INFO - 22/07/22 16:42:43 INFO Executor: Fetching spark://156c91590481:40091/jars/org.glassfish_javax.json-1.0.4.jar with timestamp 1658508162406
[2022-07-22 16:42:43,586] {subprocess.py:89} INFO - 22/07/22 16:42:43 INFO Utils: Fetching spark://156c91590481:40091/jars/org.glassfish_javax.json-1.0.4.jar to /tmp/spark-8f73af05-1a8c-49af-8b01-c9e4afa666c0/userFiles-b0344204-6082-47cf-a53a-e12a4cb51fd7/fetchFileTemp2424792185592734190.tmp
[2022-07-22 16:42:43,588] {subprocess.py:89} INFO - 22/07/22 16:42:43 INFO Utils: /tmp/spark-8f73af05-1a8c-49af-8b01-c9e4afa666c0/userFiles-b0344204-6082-47cf-a53a-e12a4cb51fd7/fetchFileTemp2424792185592734190.tmp has been previously copied to /tmp/spark-8f73af05-1a8c-49af-8b01-c9e4afa666c0/userFiles-b0344204-6082-47cf-a53a-e12a4cb51fd7/org.glassfish_javax.json-1.0.4.jar
[2022-07-22 16:42:43,591] {subprocess.py:89} INFO - 22/07/22 16:42:43 INFO Executor: Adding file:/tmp/spark-8f73af05-1a8c-49af-8b01-c9e4afa666c0/userFiles-b0344204-6082-47cf-a53a-e12a4cb51fd7/org.glassfish_javax.json-1.0.4.jar to class loader
[2022-07-22 16:42:43,591] {subprocess.py:89} INFO - 22/07/22 16:42:43 INFO Executor: Fetching spark://156c91590481:40091/jars/org.antlr_antlr-runtime-3.5.2.jar with timestamp 1658508162406
[2022-07-22 16:42:43,591] {subprocess.py:89} INFO - 22/07/22 16:42:43 INFO Utils: Fetching spark://156c91590481:40091/jars/org.antlr_antlr-runtime-3.5.2.jar to /tmp/spark-8f73af05-1a8c-49af-8b01-c9e4afa666c0/userFiles-b0344204-6082-47cf-a53a-e12a4cb51fd7/fetchFileTemp3225858013051592757.tmp
[2022-07-22 16:42:43,594] {subprocess.py:89} INFO - 22/07/22 16:42:43 INFO Utils: /tmp/spark-8f73af05-1a8c-49af-8b01-c9e4afa666c0/userFiles-b0344204-6082-47cf-a53a-e12a4cb51fd7/fetchFileTemp3225858013051592757.tmp has been previously copied to /tmp/spark-8f73af05-1a8c-49af-8b01-c9e4afa666c0/userFiles-b0344204-6082-47cf-a53a-e12a4cb51fd7/org.antlr_antlr-runtime-3.5.2.jar
[2022-07-22 16:42:43,595] {subprocess.py:89} INFO - 22/07/22 16:42:43 INFO Executor: Adding file:/tmp/spark-8f73af05-1a8c-49af-8b01-c9e4afa666c0/userFiles-b0344204-6082-47cf-a53a-e12a4cb51fd7/org.antlr_antlr-runtime-3.5.2.jar to class loader
[2022-07-22 16:42:43,595] {subprocess.py:89} INFO - 22/07/22 16:42:43 INFO Executor: Fetching spark://156c91590481:40091/jars/org.antlr_antlr4-4.7.jar with timestamp 1658508162406
[2022-07-22 16:42:43,596] {subprocess.py:89} INFO - 22/07/22 16:42:43 INFO Utils: Fetching spark://156c91590481:40091/jars/org.antlr_antlr4-4.7.jar to /tmp/spark-8f73af05-1a8c-49af-8b01-c9e4afa666c0/userFiles-b0344204-6082-47cf-a53a-e12a4cb51fd7/fetchFileTemp1620612353575042125.tmp
[2022-07-22 16:42:43,609] {subprocess.py:89} INFO - 22/07/22 16:42:43 INFO Utils: /tmp/spark-8f73af05-1a8c-49af-8b01-c9e4afa666c0/userFiles-b0344204-6082-47cf-a53a-e12a4cb51fd7/fetchFileTemp1620612353575042125.tmp has been previously copied to /tmp/spark-8f73af05-1a8c-49af-8b01-c9e4afa666c0/userFiles-b0344204-6082-47cf-a53a-e12a4cb51fd7/org.antlr_antlr4-4.7.jar
[2022-07-22 16:42:43,612] {subprocess.py:89} INFO - 22/07/22 16:42:43 INFO Executor: Adding file:/tmp/spark-8f73af05-1a8c-49af-8b01-c9e4afa666c0/userFiles-b0344204-6082-47cf-a53a-e12a4cb51fd7/org.antlr_antlr4-4.7.jar to class loader
[2022-07-22 16:42:43,613] {subprocess.py:89} INFO - 22/07/22 16:42:43 INFO Executor: Fetching spark://156c91590481:40091/jars/io.delta_delta-core_2.12-1.0.0.jar with timestamp 1658508162406
[2022-07-22 16:42:43,613] {subprocess.py:89} INFO - 22/07/22 16:42:43 INFO Utils: Fetching spark://156c91590481:40091/jars/io.delta_delta-core_2.12-1.0.0.jar to /tmp/spark-8f73af05-1a8c-49af-8b01-c9e4afa666c0/userFiles-b0344204-6082-47cf-a53a-e12a4cb51fd7/fetchFileTemp8321285605824823846.tmp
[2022-07-22 16:42:43,629] {subprocess.py:89} INFO - 22/07/22 16:42:43 INFO Utils: /tmp/spark-8f73af05-1a8c-49af-8b01-c9e4afa666c0/userFiles-b0344204-6082-47cf-a53a-e12a4cb51fd7/fetchFileTemp8321285605824823846.tmp has been previously copied to /tmp/spark-8f73af05-1a8c-49af-8b01-c9e4afa666c0/userFiles-b0344204-6082-47cf-a53a-e12a4cb51fd7/io.delta_delta-core_2.12-1.0.0.jar
[2022-07-22 16:42:43,633] {subprocess.py:89} INFO - 22/07/22 16:42:43 INFO Executor: Adding file:/tmp/spark-8f73af05-1a8c-49af-8b01-c9e4afa666c0/userFiles-b0344204-6082-47cf-a53a-e12a4cb51fd7/io.delta_delta-core_2.12-1.0.0.jar to class loader
[2022-07-22 16:42:43,633] {subprocess.py:89} INFO - 22/07/22 16:42:43 INFO Executor: Fetching spark://156c91590481:40091/jars/com.ibm.icu_icu4j-58.2.jar with timestamp 1658508162406
[2022-07-22 16:42:43,634] {subprocess.py:89} INFO - 22/07/22 16:42:43 INFO Utils: Fetching spark://156c91590481:40091/jars/com.ibm.icu_icu4j-58.2.jar to /tmp/spark-8f73af05-1a8c-49af-8b01-c9e4afa666c0/userFiles-b0344204-6082-47cf-a53a-e12a4cb51fd7/fetchFileTemp6134444812516664570.tmp
[2022-07-22 16:42:43,697] {subprocess.py:89} INFO - 22/07/22 16:42:43 INFO Utils: /tmp/spark-8f73af05-1a8c-49af-8b01-c9e4afa666c0/userFiles-b0344204-6082-47cf-a53a-e12a4cb51fd7/fetchFileTemp6134444812516664570.tmp has been previously copied to /tmp/spark-8f73af05-1a8c-49af-8b01-c9e4afa666c0/userFiles-b0344204-6082-47cf-a53a-e12a4cb51fd7/com.ibm.icu_icu4j-58.2.jar
[2022-07-22 16:42:43,720] {subprocess.py:89} INFO - 22/07/22 16:42:43 INFO Executor: Adding file:/tmp/spark-8f73af05-1a8c-49af-8b01-c9e4afa666c0/userFiles-b0344204-6082-47cf-a53a-e12a4cb51fd7/com.ibm.icu_icu4j-58.2.jar to class loader
[2022-07-22 16:42:43,744] {subprocess.py:89} INFO - 22/07/22 16:42:43 INFO Utils: Successfully started service 'org.apache.spark.network.netty.NettyBlockTransferService' on port 41033.
[2022-07-22 16:42:43,745] {subprocess.py:89} INFO - 22/07/22 16:42:43 INFO NettyBlockTransferService: Server created on 156c91590481:41033
[2022-07-22 16:42:43,745] {subprocess.py:89} INFO - 22/07/22 16:42:43 INFO BlockManager: Using org.apache.spark.storage.RandomBlockReplicationPolicy for block replication policy
[2022-07-22 16:42:43,759] {subprocess.py:89} INFO - 22/07/22 16:42:43 INFO BlockManagerMaster: Registering BlockManager BlockManagerId(driver, 156c91590481, 41033, None)
[2022-07-22 16:42:43,760] {subprocess.py:89} INFO - 22/07/22 16:42:43 INFO BlockManagerMasterEndpoint: Registering block manager 156c91590481:41033 with 366.3 MiB RAM, BlockManagerId(driver, 156c91590481, 41033, None)
[2022-07-22 16:42:43,779] {subprocess.py:89} INFO - 22/07/22 16:42:43 INFO BlockManagerMaster: Registered BlockManager BlockManagerId(driver, 156c91590481, 41033, None)
[2022-07-22 16:42:43,780] {subprocess.py:89} INFO - 22/07/22 16:42:43 INFO BlockManager: Initialized BlockManager: BlockManagerId(driver, 156c91590481, 41033, None)
[2022-07-22 16:42:44,258] {subprocess.py:89} INFO - 22/07/22 16:42:44 INFO SharedState: Setting hive.metastore.warehouse.dir ('null') to the value of spark.sql.warehouse.dir ('file:/tmp/***tmpsxoh77ha/spark-warehouse').
[2022-07-22 16:42:44,259] {subprocess.py:89} INFO - 22/07/22 16:42:44 INFO SharedState: Warehouse path is 'file:/tmp/***tmpsxoh77ha/spark-warehouse'.
[2022-07-22 16:42:44,844] {local_task_job.py:212} WARNING - State of this instance has been externally set to skipped. Terminating instance.
[2022-07-22 16:42:44,847] {process_utils.py:124} INFO - Sending Signals.SIGTERM to group 5781. PIDs of all processes in the group: [5782, 5820, 5781]
[2022-07-22 16:42:44,847] {process_utils.py:75} INFO - Sending the signal Signals.SIGTERM to group 5781
[2022-07-22 16:42:44,847] {taskinstance.py:1408} ERROR - Received SIGTERM. Terminating subprocesses.
[2022-07-22 16:42:44,847] {subprocess.py:99} INFO - Sending SIGTERM signal to process group
[2022-07-22 16:42:44,857] {process_utils.py:70} INFO - Process psutil.Process(pid=5820, status='terminated', started='16:42:41') (5820) terminated with exit code None
[2022-07-22 16:42:44,912] {process_utils.py:70} INFO - Process psutil.Process(pid=5781, status='terminated', exitcode=0, started='16:42:39') (5781) terminated with exit code 0
[2022-07-22 16:42:45,374] {process_utils.py:70} INFO - Process psutil.Process(pid=5782, status='terminated', started='16:42:39') (5782) terminated with exit code None
