[2022-06-18 16:36:48,245] {taskinstance.py:1032} INFO - Dependencies all met for <TaskInstance: DM-COUNT-f101_round_f.count_f101-21 manual__2022-06-18T16:36:43.363666+00:00 [queued]>
[2022-06-18 16:36:48,280] {taskinstance.py:1032} INFO - Dependencies all met for <TaskInstance: DM-COUNT-f101_round_f.count_f101-21 manual__2022-06-18T16:36:43.363666+00:00 [queued]>
[2022-06-18 16:36:48,282] {taskinstance.py:1238} INFO - 
--------------------------------------------------------------------------------
[2022-06-18 16:36:48,283] {taskinstance.py:1239} INFO - Starting attempt 1 of 2
[2022-06-18 16:36:48,283] {taskinstance.py:1240} INFO - 
--------------------------------------------------------------------------------
[2022-06-18 16:36:48,330] {taskinstance.py:1259} INFO - Executing <Task(PostgresOperator): count_f101-21> on 2022-06-18 16:36:43.363666+00:00
[2022-06-18 16:36:48,336] {standard_task_runner.py:52} INFO - Started process 5684 to run task
[2022-06-18 16:36:48,350] {standard_task_runner.py:76} INFO - Running: ['***', 'tasks', 'run', 'DM-COUNT-f101_round_f', 'count_f101-21', 'manual__2022-06-18T16:36:43.363666+00:00', '--job-id', '210', '--raw', '--subdir', 'DAGS_FOLDER/f_101_round_f.py', '--cfg-path', '/tmp/tmp9v224uu8', '--error-file', '/tmp/tmp0sjuqkep']
[2022-06-18 16:36:48,351] {standard_task_runner.py:77} INFO - Job 210: Subtask count_f101-21
[2022-06-18 16:36:48,516] {logging_mixin.py:109} INFO - Running <TaskInstance: DM-COUNT-f101_round_f.count_f101-21 manual__2022-06-18T16:36:43.363666+00:00 [running]> on host 191dd4d3d1ba
[2022-06-18 16:36:48,621] {taskinstance.py:1426} INFO - Exporting the following env vars:
AIRFLOW_CTX_DAG_OWNER=***
AIRFLOW_CTX_DAG_ID=DM-COUNT-f101_round_f
AIRFLOW_CTX_TASK_ID=count_f101-21
AIRFLOW_CTX_EXECUTION_DATE=2022-06-18T16:36:43.363666+00:00
AIRFLOW_CTX_DAG_RUN_ID=manual__2022-06-18T16:36:43.363666+00:00
[2022-06-18 16:36:48,631] {base.py:79} INFO - Using connection to: id: postgres. Host: postgres, Port: 5432, Schema: postgres, Login: ***, Password: ***, extra: {}
[2022-06-18 16:36:48,645] {dbapi.py:225} INFO - Running statement: CALL dm.fill_f101_round_f (%(date)s::date);, parameters: {'date': '2018-01-21'}
[2022-06-18 16:36:49,320] {taskinstance.py:1277} INFO - Marking task as SUCCESS. dag_id=DM-COUNT-f101_round_f, task_id=count_f101-21, execution_date=20220618T163643, start_date=20220618T163648, end_date=20220618T163649
[2022-06-18 16:36:49,376] {local_task_job.py:154} INFO - Task exited with return code 0
[2022-06-18 16:36:49,908] {local_task_job.py:264} INFO - 0 downstream tasks scheduled from follow-on schedule check
