[2022-07-17 09:24:10,443] {taskinstance.py:1032} INFO - Dependencies all met for <TaskInstance: DM-COUNT-account-turnover.update_if_null scheduled__2022-06-26T19:41:59.779564+00:00 [queued]>
[2022-07-17 09:24:10,474] {taskinstance.py:1032} INFO - Dependencies all met for <TaskInstance: DM-COUNT-account-turnover.update_if_null scheduled__2022-06-26T19:41:59.779564+00:00 [queued]>
[2022-07-17 09:24:10,474] {taskinstance.py:1238} INFO - 
--------------------------------------------------------------------------------
[2022-07-17 09:24:10,474] {taskinstance.py:1239} INFO - Starting attempt 1 of 2
[2022-07-17 09:24:10,474] {taskinstance.py:1240} INFO - 
--------------------------------------------------------------------------------
[2022-07-17 09:24:10,512] {taskinstance.py:1259} INFO - Executing <Task(PostgresOperator): update_if_null> on 2022-06-26 19:41:59.779564+00:00
[2022-07-17 09:24:10,572] {standard_task_runner.py:76} INFO - Running: ['***', 'tasks', 'run', 'DM-COUNT-account-turnover', 'update_if_null', 'scheduled__2022-06-26T19:41:59.779564+00:00', '--job-id', '1588', '--raw', '--subdir', 'DAGS_FOLDER/dm_fill_account_turnover.py', '--cfg-path', '/tmp/tmpj5iaxkpm', '--error-file', '/tmp/tmp4m4lpges']
[2022-07-17 09:24:10,573] {standard_task_runner.py:77} INFO - Job 1588: Subtask update_if_null
[2022-07-17 09:24:10,568] {standard_task_runner.py:52} INFO - Started process 317 to run task
[2022-07-17 09:24:10,756] {logging_mixin.py:109} INFO - Running <TaskInstance: DM-COUNT-account-turnover.update_if_null scheduled__2022-06-26T19:41:59.779564+00:00 [running]> on host a04da3f4ff4b
[2022-07-17 09:24:10,988] {taskinstance.py:1426} INFO - Exporting the following env vars:
AIRFLOW_CTX_DAG_OWNER=***
AIRFLOW_CTX_DAG_ID=DM-COUNT-account-turnover
AIRFLOW_CTX_TASK_ID=update_if_null
AIRFLOW_CTX_EXECUTION_DATE=2022-06-26T19:41:59.779564+00:00
AIRFLOW_CTX_DAG_RUN_ID=scheduled__2022-06-26T19:41:59.779564+00:00
[2022-07-17 09:24:11,032] {base.py:79} INFO - Using connection to: id: postgres. Host: postgres, Port: 5432, Schema: postgres, Login: ***, Password: ***, extra: {}
[2022-07-17 09:24:11,046] {dbapi.py:225} INFO - Running statement: update dm.dm_account_turnover_f
set credit_amount = 0
where credit_amount is null;

update dm.dm_account_turnover_f
set credit_amount_rub = 0
where credit_amount_rub is null;

update dm.dm_account_turnover_f
set debet_amount = 0
where debet_amount is null;

update dm.dm_account_turnover_f
set debet_amount_rub = 0
where debet_amount_rub is null;, parameters: None
[2022-07-17 09:24:11,056] {dbapi.py:233} INFO - Rows affected: 369
[2022-07-17 09:24:11,137] {taskinstance.py:1277} INFO - Marking task as SUCCESS. dag_id=DM-COUNT-account-turnover, task_id=update_if_null, execution_date=20220626T194159, start_date=20220717T092410, end_date=20220717T092411
[2022-07-17 09:24:11,225] {local_task_job.py:154} INFO - Task exited with return code 0
[2022-07-17 09:24:11,328] {local_task_job.py:264} INFO - 1 downstream tasks scheduled from follow-on schedule check
