[2022-06-22 08:38:11,466] {taskinstance.py:1032} INFO - Dependencies all met for <TaskInstance: DM-COUNT-account-turnover.START_COUNT_BY_DAY_5 manual__2022-06-22T08:37:57.153993+00:00 [queued]>
[2022-06-22 08:38:11,533] {taskinstance.py:1032} INFO - Dependencies all met for <TaskInstance: DM-COUNT-account-turnover.START_COUNT_BY_DAY_5 manual__2022-06-22T08:37:57.153993+00:00 [queued]>
[2022-06-22 08:38:11,534] {taskinstance.py:1238} INFO - 
--------------------------------------------------------------------------------
[2022-06-22 08:38:11,535] {taskinstance.py:1239} INFO - Starting attempt 1 of 2
[2022-06-22 08:38:11,536] {taskinstance.py:1240} INFO - 
--------------------------------------------------------------------------------
[2022-06-22 08:38:11,601] {taskinstance.py:1259} INFO - Executing <Task(PostgresOperator): START_COUNT_BY_DAY_5> on 2022-06-22 08:37:57.153993+00:00
[2022-06-22 08:38:11,612] {standard_task_runner.py:52} INFO - Started process 2935 to run task
[2022-06-22 08:38:11,635] {standard_task_runner.py:76} INFO - Running: ['***', 'tasks', 'run', 'DM-COUNT-account-turnover', 'START_COUNT_BY_DAY_5', 'manual__2022-06-22T08:37:57.153993+00:00', '--job-id', '1052', '--raw', '--subdir', 'DAGS_FOLDER/dm_fill_account_turnover.py', '--cfg-path', '/tmp/tmpbdtsv0pu', '--error-file', '/tmp/tmpzxph3_yy']
[2022-06-22 08:38:11,636] {standard_task_runner.py:77} INFO - Job 1052: Subtask START_COUNT_BY_DAY_5
[2022-06-22 08:38:11,926] {logging_mixin.py:109} INFO - Running <TaskInstance: DM-COUNT-account-turnover.START_COUNT_BY_DAY_5 manual__2022-06-22T08:37:57.153993+00:00 [running]> on host a0a302277daf
[2022-06-22 08:38:12,182] {taskinstance.py:1426} INFO - Exporting the following env vars:
AIRFLOW_CTX_DAG_OWNER=***
AIRFLOW_CTX_DAG_ID=DM-COUNT-account-turnover
AIRFLOW_CTX_TASK_ID=START_COUNT_BY_DAY_5
AIRFLOW_CTX_EXECUTION_DATE=2022-06-22T08:37:57.153993+00:00
AIRFLOW_CTX_DAG_RUN_ID=manual__2022-06-22T08:37:57.153993+00:00
[2022-06-22 08:38:12,217] {base.py:79} INFO - Using connection to: id: postgres. Host: postgres, Port: 5432, Schema: postgres, Login: ***, Password: ***, extra: {}
[2022-06-22 08:38:12,246] {dbapi.py:225} INFO - Running statement: CALL ds.fill_account_turnover_f (%(date)s::date);, parameters: {'date': '2018-01-5'}
[2022-06-22 08:38:12,935] {taskinstance.py:1277} INFO - Marking task as SUCCESS. dag_id=DM-COUNT-account-turnover, task_id=START_COUNT_BY_DAY_5, execution_date=20220622T083757, start_date=20220622T083811, end_date=20220622T083812
[2022-06-22 08:38:13,017] {local_task_job.py:154} INFO - Task exited with return code 0
[2022-06-22 08:38:13,576] {local_task_job.py:264} INFO - 0 downstream tasks scheduled from follow-on schedule check
