[2022-06-22 07:45:12,665] {taskinstance.py:1032} INFO - Dependencies all met for <TaskInstance: DM-COUNT-account-turnover.START_COUNT_BY_DAY_23 scheduled__2022-06-20T21:27:30.430782+00:00 [queued]>
[2022-06-22 07:45:12,712] {taskinstance.py:1032} INFO - Dependencies all met for <TaskInstance: DM-COUNT-account-turnover.START_COUNT_BY_DAY_23 scheduled__2022-06-20T21:27:30.430782+00:00 [queued]>
[2022-06-22 07:45:12,713] {taskinstance.py:1238} INFO - 
--------------------------------------------------------------------------------
[2022-06-22 07:45:12,713] {taskinstance.py:1239} INFO - Starting attempt 1 of 2
[2022-06-22 07:45:12,713] {taskinstance.py:1240} INFO - 
--------------------------------------------------------------------------------
[2022-06-22 07:45:12,793] {taskinstance.py:1259} INFO - Executing <Task(PostgresOperator): START_COUNT_BY_DAY_23> on 2022-06-20 21:27:30.430782+00:00
[2022-06-22 07:45:12,811] {standard_task_runner.py:76} INFO - Running: ['***', 'tasks', 'run', 'DM-COUNT-account-turnover', 'START_COUNT_BY_DAY_23', 'scheduled__2022-06-20T21:27:30.430782+00:00', '--job-id', '893', '--raw', '--subdir', 'DAGS_FOLDER/dm_fill_account_turnover.py', '--cfg-path', '/tmp/tmplxhh7m08', '--error-file', '/tmp/tmp9l7ci4zd']
[2022-06-22 07:45:12,813] {standard_task_runner.py:77} INFO - Job 893: Subtask START_COUNT_BY_DAY_23
[2022-06-22 07:45:12,805] {standard_task_runner.py:52} INFO - Started process 146 to run task
[2022-06-22 07:45:13,017] {logging_mixin.py:109} INFO - Running <TaskInstance: DM-COUNT-account-turnover.START_COUNT_BY_DAY_23 scheduled__2022-06-20T21:27:30.430782+00:00 [running]> on host a0a302277daf
[2022-06-22 07:45:13,278] {taskinstance.py:1426} INFO - Exporting the following env vars:
AIRFLOW_CTX_DAG_OWNER=***
AIRFLOW_CTX_DAG_ID=DM-COUNT-account-turnover
AIRFLOW_CTX_TASK_ID=START_COUNT_BY_DAY_23
AIRFLOW_CTX_EXECUTION_DATE=2022-06-20T21:27:30.430782+00:00
AIRFLOW_CTX_DAG_RUN_ID=scheduled__2022-06-20T21:27:30.430782+00:00
[2022-06-22 07:45:13,293] {base.py:79} INFO - Using connection to: id: postgres. Host: postgres, Port: 5432, Schema: postgres, Login: ***, Password: ***, extra: {}
[2022-06-22 07:45:13,304] {dbapi.py:225} INFO - Running statement: CALL ds.fill_account_turnover_f (%(date)s::date);, parameters: {'date': '2018-01-23'}
[2022-06-22 07:45:13,803] {taskinstance.py:1277} INFO - Marking task as SUCCESS. dag_id=DM-COUNT-account-turnover, task_id=START_COUNT_BY_DAY_23, execution_date=20220620T212730, start_date=20220622T074512, end_date=20220622T074513
[2022-06-22 07:45:13,836] {local_task_job.py:154} INFO - Task exited with return code 0
[2022-06-22 07:45:14,137] {local_task_job.py:264} INFO - 0 downstream tasks scheduled from follow-on schedule check
