[2022-06-22 08:20:05,284] {taskinstance.py:1032} INFO - Dependencies all met for <TaskInstance: DM-COUNT-account-turnover.START_COUNT_BY_DAY_7 manual__2022-06-22T08:19:49.731523+00:00 [queued]>
[2022-06-22 08:20:05,338] {taskinstance.py:1032} INFO - Dependencies all met for <TaskInstance: DM-COUNT-account-turnover.START_COUNT_BY_DAY_7 manual__2022-06-22T08:19:49.731523+00:00 [queued]>
[2022-06-22 08:20:05,339] {taskinstance.py:1238} INFO - 
--------------------------------------------------------------------------------
[2022-06-22 08:20:05,339] {taskinstance.py:1239} INFO - Starting attempt 1 of 2
[2022-06-22 08:20:05,339] {taskinstance.py:1240} INFO - 
--------------------------------------------------------------------------------
[2022-06-22 08:20:05,396] {taskinstance.py:1259} INFO - Executing <Task(PostgresOperator): START_COUNT_BY_DAY_7> on 2022-06-22 08:19:49.731523+00:00
[2022-06-22 08:20:05,452] {standard_task_runner.py:52} INFO - Started process 1939 to run task
[2022-06-22 08:20:05,478] {standard_task_runner.py:76} INFO - Running: ['***', 'tasks', 'run', 'DM-COUNT-account-turnover', 'START_COUNT_BY_DAY_7', 'manual__2022-06-22T08:19:49.731523+00:00', '--job-id', '977', '--raw', '--subdir', 'DAGS_FOLDER/dm_fill_account_turnover.py', '--cfg-path', '/tmp/tmpo0tc7kw_', '--error-file', '/tmp/tmp8ca2r9nv']
[2022-06-22 08:20:05,479] {standard_task_runner.py:77} INFO - Job 977: Subtask START_COUNT_BY_DAY_7
[2022-06-22 08:20:05,770] {logging_mixin.py:109} INFO - Running <TaskInstance: DM-COUNT-account-turnover.START_COUNT_BY_DAY_7 manual__2022-06-22T08:19:49.731523+00:00 [running]> on host a0a302277daf
[2022-06-22 08:20:06,243] {taskinstance.py:1426} INFO - Exporting the following env vars:
AIRFLOW_CTX_DAG_OWNER=***
AIRFLOW_CTX_DAG_ID=DM-COUNT-account-turnover
AIRFLOW_CTX_TASK_ID=START_COUNT_BY_DAY_7
AIRFLOW_CTX_EXECUTION_DATE=2022-06-22T08:19:49.731523+00:00
AIRFLOW_CTX_DAG_RUN_ID=manual__2022-06-22T08:19:49.731523+00:00
[2022-06-22 08:20:06,311] {base.py:79} INFO - Using connection to: id: postgres. Host: postgres, Port: 5432, Schema: postgres, Login: ***, Password: ***, extra: {}
[2022-06-22 08:20:06,349] {dbapi.py:225} INFO - Running statement: CALL ds.fill_account_turnover_f (%(date)s::date);, parameters: {'date': '2018-01-7'}
[2022-06-22 08:20:07,025] {taskinstance.py:1277} INFO - Marking task as SUCCESS. dag_id=DM-COUNT-account-turnover, task_id=START_COUNT_BY_DAY_7, execution_date=20220622T081949, start_date=20220622T082005, end_date=20220622T082007
[2022-06-22 08:20:07,058] {local_task_job.py:154} INFO - Task exited with return code 0
[2022-06-22 08:20:07,445] {local_task_job.py:264} INFO - 0 downstream tasks scheduled from follow-on schedule check
