[2022-06-22 08:21:37,374] {taskinstance.py:1032} INFO - Dependencies all met for <TaskInstance: DM-COUNT-f101_round_f.count_f101-22 manual__2022-06-22T08:21:30.607444+00:00 [queued]>
[2022-06-22 08:21:37,432] {taskinstance.py:1032} INFO - Dependencies all met for <TaskInstance: DM-COUNT-f101_round_f.count_f101-22 manual__2022-06-22T08:21:30.607444+00:00 [queued]>
[2022-06-22 08:21:37,432] {taskinstance.py:1238} INFO - 
--------------------------------------------------------------------------------
[2022-06-22 08:21:37,433] {taskinstance.py:1239} INFO - Starting attempt 1 of 2
[2022-06-22 08:21:37,433] {taskinstance.py:1240} INFO - 
--------------------------------------------------------------------------------
[2022-06-22 08:21:37,458] {taskinstance.py:1259} INFO - Executing <Task(PostgresOperator): count_f101-22> on 2022-06-22 08:21:30.607444+00:00
[2022-06-22 08:21:37,472] {standard_task_runner.py:52} INFO - Started process 2060 to run task
[2022-06-22 08:21:37,484] {standard_task_runner.py:76} INFO - Running: ['***', 'tasks', 'run', 'DM-COUNT-f101_round_f', 'count_f101-22', 'manual__2022-06-22T08:21:30.607444+00:00', '--job-id', '1000', '--raw', '--subdir', 'DAGS_FOLDER/f_101_round_f.py', '--cfg-path', '/tmp/tmpc2vbuk1x', '--error-file', '/tmp/tmp2a4d4z4_']
[2022-06-22 08:21:37,486] {standard_task_runner.py:77} INFO - Job 1000: Subtask count_f101-22
[2022-06-22 08:21:37,726] {logging_mixin.py:109} INFO - Running <TaskInstance: DM-COUNT-f101_round_f.count_f101-22 manual__2022-06-22T08:21:30.607444+00:00 [running]> on host a0a302277daf
[2022-06-22 08:21:37,939] {taskinstance.py:1426} INFO - Exporting the following env vars:
AIRFLOW_CTX_DAG_OWNER=***
AIRFLOW_CTX_DAG_ID=DM-COUNT-f101_round_f
AIRFLOW_CTX_TASK_ID=count_f101-22
AIRFLOW_CTX_EXECUTION_DATE=2022-06-22T08:21:30.607444+00:00
AIRFLOW_CTX_DAG_RUN_ID=manual__2022-06-22T08:21:30.607444+00:00
[2022-06-22 08:21:37,987] {base.py:79} INFO - Using connection to: id: postgres. Host: postgres, Port: 5432, Schema: postgres, Login: ***, Password: ***, extra: {}
[2022-06-22 08:21:37,992] {dbapi.py:225} INFO - Running statement: CALL dm.fill_f101_round_f (%(date)s::date);, parameters: {'date': '2018-01-22'}
[2022-06-22 08:21:39,081] {taskinstance.py:1277} INFO - Marking task as SUCCESS. dag_id=DM-COUNT-f101_round_f, task_id=count_f101-22, execution_date=20220622T082130, start_date=20220622T082137, end_date=20220622T082139
[2022-06-22 08:21:39,208] {local_task_job.py:154} INFO - Task exited with return code 0
[2022-06-22 08:21:39,653] {local_task_job.py:264} INFO - 0 downstream tasks scheduled from follow-on schedule check
