[2022-07-18 21:01:21,356] {taskinstance.py:1032} INFO - Dependencies all met for <TaskInstance: MIRR_MD_ACCOUNT_D.load_mirror_md_account_d manual__2022-07-18T21:01:19.556550+00:00 [queued]>
[2022-07-18 21:01:21,387] {taskinstance.py:1032} INFO - Dependencies all met for <TaskInstance: MIRR_MD_ACCOUNT_D.load_mirror_md_account_d manual__2022-07-18T21:01:19.556550+00:00 [queued]>
[2022-07-18 21:01:21,387] {taskinstance.py:1238} INFO - 
--------------------------------------------------------------------------------
[2022-07-18 21:01:21,387] {taskinstance.py:1239} INFO - Starting attempt 1 of 2
[2022-07-18 21:01:21,387] {taskinstance.py:1240} INFO - 
--------------------------------------------------------------------------------
[2022-07-18 21:01:21,403] {taskinstance.py:1259} INFO - Executing <Task(BashOperator): load_mirror_md_account_d> on 2022-07-18 21:01:19.556550+00:00
[2022-07-18 21:01:21,406] {standard_task_runner.py:52} INFO - Started process 324 to run task
[2022-07-18 21:01:21,416] {standard_task_runner.py:76} INFO - Running: ['***', 'tasks', 'run', 'MIRR_MD_ACCOUNT_D', 'load_mirror_md_account_d', 'manual__2022-07-18T21:01:19.556550+00:00', '--job-id', '19', '--raw', '--subdir', 'DAGS_FOLDER/mirror_calc.py', '--cfg-path', '/tmp/tmpdhd6r0gv', '--error-file', '/tmp/tmp_jzwavfb']
[2022-07-18 21:01:21,416] {standard_task_runner.py:77} INFO - Job 19: Subtask load_mirror_md_account_d
[2022-07-18 21:01:21,465] {logging_mixin.py:109} INFO - Running <TaskInstance: MIRR_MD_ACCOUNT_D.load_mirror_md_account_d manual__2022-07-18T21:01:19.556550+00:00 [running]> on host c0cd2006bf0d
[2022-07-18 21:01:21,505] {taskinstance.py:1426} INFO - Exporting the following env vars:
AIRFLOW_CTX_DAG_OWNER=***
AIRFLOW_CTX_DAG_ID=MIRR_MD_ACCOUNT_D
AIRFLOW_CTX_TASK_ID=load_mirror_md_account_d
AIRFLOW_CTX_EXECUTION_DATE=2022-07-18T21:01:19.556550+00:00
AIRFLOW_CTX_DAG_RUN_ID=manual__2022-07-18T21:01:19.556550+00:00
[2022-07-18 21:01:21,505] {subprocess.py:62} INFO - Tmp dir root location: 
 /tmp
[2022-07-18 21:01:21,506] {subprocess.py:74} INFO - Running command: ['bash', '-c', '"${SPARK_HOME}/bin/spark-submit" --master spark://spark:7077 /opt/***/spark_scripts/mirr_md_account_d.py']
[2022-07-18 21:01:21,513] {subprocess.py:85} INFO - Output:
[2022-07-18 21:01:23,338] {subprocess.py:89} INFO - 22/07/18 21:01:23 WARN NativeCodeLoader: Unable to load native-hadoop library for your platform... using builtin-java classes where applicable
[2022-07-18 21:01:25,154] {subprocess.py:89} INFO - [[34m2022-07-18 21:01:25,154[0m] {[34mbase.py:[0m79} INFO[0m - Using connection to: id: postgres. Host: postgres, Port: 5432, Schema: postgres, Login: ***, Password: ***, extra: {}[0m
[2022-07-18 21:01:25,501] {subprocess.py:89} INFO - Traceback (most recent call last):
[2022-07-18 21:01:25,502] {subprocess.py:89} INFO -   File "/opt/***/spark_scripts/mirr_md_account_d.py", line 1, in <module>
[2022-07-18 21:01:25,502] {subprocess.py:89} INFO -     from core import Mirror, AIRFLOW_HOME
[2022-07-18 21:01:25,502] {subprocess.py:89} INFO -   File "/usr/local/lib/python3.7/site-packages/core/__init__.py", line 6, in <module>
[2022-07-18 21:01:25,502] {subprocess.py:89} INFO -     from core.Mirror import Mirror
[2022-07-18 21:01:25,502] {subprocess.py:89} INFO -   File "/usr/local/lib/python3.7/site-packages/core/Mirror.py", line 1, in <module>
[2022-07-18 21:01:25,502] {subprocess.py:89} INFO -     from pyspark.sql import SparkSession
[2022-07-18 21:01:25,502] {subprocess.py:89} INFO - ModuleNotFoundError: No module named 'pyspark'
[2022-07-18 21:01:25,804] {subprocess.py:89} INFO - log4j:WARN No appenders could be found for logger (org.apache.spark.util.ShutdownHookManager).
[2022-07-18 21:01:25,804] {subprocess.py:89} INFO - log4j:WARN Please initialize the log4j system properly.
[2022-07-18 21:01:25,804] {subprocess.py:89} INFO - log4j:WARN See http://logging.apache.org/log4j/1.2/faq.html#noconfig for more info.
[2022-07-18 21:01:25,843] {subprocess.py:93} INFO - Command exited with return code 1
[2022-07-18 21:01:25,903] {local_task_job.py:154} INFO - Task exited with return code 0
[2022-07-18 21:01:25,941] {local_task_job.py:264} INFO - 0 downstream tasks scheduled from follow-on schedule check
