[2022-06-18 16:23:34,368] {taskinstance.py:1032} INFO - Dependencies all met for <TaskInstance: DM-COUNT-f101_round_f.count_f101 manual__2022-06-18T16:23:30.895023+00:00 [queued]>
[2022-06-18 16:23:34,379] {taskinstance.py:1032} INFO - Dependencies all met for <TaskInstance: DM-COUNT-f101_round_f.count_f101 manual__2022-06-18T16:23:30.895023+00:00 [queued]>
[2022-06-18 16:23:34,379] {taskinstance.py:1238} INFO - 
--------------------------------------------------------------------------------
[2022-06-18 16:23:34,379] {taskinstance.py:1239} INFO - Starting attempt 1 of 2
[2022-06-18 16:23:34,379] {taskinstance.py:1240} INFO - 
--------------------------------------------------------------------------------
[2022-06-18 16:23:34,389] {taskinstance.py:1259} INFO - Executing <Task(PostgresOperator): count_f101> on 2022-06-18 16:23:30.895023+00:00
[2022-06-18 16:23:34,393] {standard_task_runner.py:52} INFO - Started process 5025 to run task
[2022-06-18 16:23:34,400] {standard_task_runner.py:76} INFO - Running: ['***', 'tasks', 'run', 'DM-COUNT-f101_round_f', 'count_f101', 'manual__2022-06-18T16:23:30.895023+00:00', '--job-id', '196', '--raw', '--subdir', 'DAGS_FOLDER/f_101_round_f.py', '--cfg-path', '/tmp/tmpcsm4ruvo', '--error-file', '/tmp/tmpb21klfb8']
[2022-06-18 16:23:34,400] {standard_task_runner.py:77} INFO - Job 196: Subtask count_f101
[2022-06-18 16:23:34,474] {logging_mixin.py:109} INFO - Running <TaskInstance: DM-COUNT-f101_round_f.count_f101 manual__2022-06-18T16:23:30.895023+00:00 [running]> on host 191dd4d3d1ba
[2022-06-18 16:23:34,568] {taskinstance.py:1426} INFO - Exporting the following env vars:
AIRFLOW_CTX_DAG_OWNER=***
AIRFLOW_CTX_DAG_ID=DM-COUNT-f101_round_f
AIRFLOW_CTX_TASK_ID=count_f101
AIRFLOW_CTX_EXECUTION_DATE=2022-06-18T16:23:30.895023+00:00
AIRFLOW_CTX_DAG_RUN_ID=manual__2022-06-18T16:23:30.895023+00:00
[2022-06-18 16:23:34,580] {base.py:79} INFO - Using connection to: id: postgres. Host: postgres, Port: 5432, Schema: postgres, Login: ***, Password: ***, extra: {}
[2022-06-18 16:23:34,585] {dbapi.py:225} INFO - Running statement: CALL ds.fill_f101_round_f (%(date)s::date);, parameters: {'date': '2018-01-11'}
[2022-06-18 16:23:34,586] {taskinstance.py:1700} ERROR - Task failed with exception
Traceback (most recent call last):
  File "/home/airflow/.local/lib/python3.7/site-packages/airflow/models/taskinstance.py", line 1329, in _run_raw_task
    self._execute_task_with_callbacks(context)
  File "/home/airflow/.local/lib/python3.7/site-packages/airflow/models/taskinstance.py", line 1455, in _execute_task_with_callbacks
    result = self._execute_task(context, self.task)
  File "/home/airflow/.local/lib/python3.7/site-packages/airflow/models/taskinstance.py", line 1511, in _execute_task
    result = execute_callable(context=context)
  File "/home/airflow/.local/lib/python3.7/site-packages/airflow/providers/postgres/operators/postgres.py", line 69, in execute
    self.hook.run(self.sql, self.autocommit, parameters=self.parameters)
  File "/home/airflow/.local/lib/python3.7/site-packages/airflow/hooks/dbapi.py", line 205, in run
    self._run_command(cur, sql_statement, parameters)
  File "/home/airflow/.local/lib/python3.7/site-packages/airflow/hooks/dbapi.py", line 227, in _run_command
    cur.execute(sql_statement, parameters)
psycopg2.errors.UndefinedFunction: procedure ds.fill_f101_round_f(date) does not exist
LINE 1: CALL ds.fill_f101_round_f ('2018-01-11'::date);
             ^
HINT:  No procedure matches the given name and argument types. You might need to add explicit type casts.

[2022-06-18 16:23:34,600] {taskinstance.py:1277} INFO - Marking task as UP_FOR_RETRY. dag_id=DM-COUNT-f101_round_f, task_id=count_f101, execution_date=20220618T162330, start_date=20220618T162334, end_date=20220618T162334
[2022-06-18 16:23:34,614] {standard_task_runner.py:92} ERROR - Failed to execute job 196 for task count_f101
Traceback (most recent call last):
  File "/home/airflow/.local/lib/python3.7/site-packages/airflow/task/task_runner/standard_task_runner.py", line 85, in _start_by_fork
    args.func(args, dag=self.dag)
  File "/home/airflow/.local/lib/python3.7/site-packages/airflow/cli/cli_parser.py", line 48, in command
    return func(*args, **kwargs)
  File "/home/airflow/.local/lib/python3.7/site-packages/airflow/utils/cli.py", line 92, in wrapper
    return f(*args, **kwargs)
  File "/home/airflow/.local/lib/python3.7/site-packages/airflow/cli/commands/task_command.py", line 298, in task_run
    _run_task_by_selected_method(args, dag, ti)
  File "/home/airflow/.local/lib/python3.7/site-packages/airflow/cli/commands/task_command.py", line 107, in _run_task_by_selected_method
    _run_raw_task(args, ti)
  File "/home/airflow/.local/lib/python3.7/site-packages/airflow/cli/commands/task_command.py", line 184, in _run_raw_task
    error_file=args.error_file,
  File "/home/airflow/.local/lib/python3.7/site-packages/airflow/utils/session.py", line 70, in wrapper
    return func(*args, session=session, **kwargs)
  File "/home/airflow/.local/lib/python3.7/site-packages/airflow/models/taskinstance.py", line 1329, in _run_raw_task
    self._execute_task_with_callbacks(context)
  File "/home/airflow/.local/lib/python3.7/site-packages/airflow/models/taskinstance.py", line 1455, in _execute_task_with_callbacks
    result = self._execute_task(context, self.task)
  File "/home/airflow/.local/lib/python3.7/site-packages/airflow/models/taskinstance.py", line 1511, in _execute_task
    result = execute_callable(context=context)
  File "/home/airflow/.local/lib/python3.7/site-packages/airflow/providers/postgres/operators/postgres.py", line 69, in execute
    self.hook.run(self.sql, self.autocommit, parameters=self.parameters)
  File "/home/airflow/.local/lib/python3.7/site-packages/airflow/hooks/dbapi.py", line 205, in run
    self._run_command(cur, sql_statement, parameters)
  File "/home/airflow/.local/lib/python3.7/site-packages/airflow/hooks/dbapi.py", line 227, in _run_command
    cur.execute(sql_statement, parameters)
psycopg2.errors.UndefinedFunction: procedure ds.fill_f101_round_f(date) does not exist
LINE 1: CALL ds.fill_f101_round_f ('2018-01-11'::date);
             ^
HINT:  No procedure matches the given name and argument types. You might need to add explicit type casts.

[2022-06-18 16:23:34,652] {local_task_job.py:154} INFO - Task exited with return code 1
[2022-06-18 16:23:34,708] {local_task_job.py:264} INFO - 0 downstream tasks scheduled from follow-on schedule check
