[2022-06-25 19:42:10,623] {taskinstance.py:1032} INFO - Dependencies all met for <TaskInstance: DM-COUNT-account-turnover.update_if_null scheduled__2022-06-24T19:41:59.779564+00:00 [queued]>
[2022-06-25 19:42:10,632] {taskinstance.py:1032} INFO - Dependencies all met for <TaskInstance: DM-COUNT-account-turnover.update_if_null scheduled__2022-06-24T19:41:59.779564+00:00 [queued]>
[2022-06-25 19:42:10,632] {taskinstance.py:1238} INFO - 
--------------------------------------------------------------------------------
[2022-06-25 19:42:10,632] {taskinstance.py:1239} INFO - Starting attempt 1 of 2
[2022-06-25 19:42:10,633] {taskinstance.py:1240} INFO - 
--------------------------------------------------------------------------------
[2022-06-25 19:42:10,641] {taskinstance.py:1259} INFO - Executing <Task(PostgresOperator): update_if_null> on 2022-06-24 19:41:59.779564+00:00
[2022-06-25 19:42:10,645] {standard_task_runner.py:52} INFO - Started process 445 to run task
[2022-06-25 19:42:10,648] {standard_task_runner.py:76} INFO - Running: ['***', 'tasks', 'run', 'DM-COUNT-account-turnover', 'update_if_null', 'scheduled__2022-06-24T19:41:59.779564+00:00', '--job-id', '1371', '--raw', '--subdir', 'DAGS_FOLDER/dm_fill_account_turnover.py', '--cfg-path', '/tmp/tmpuovp5tkv', '--error-file', '/tmp/tmp7pd78n7o']
[2022-06-25 19:42:10,649] {standard_task_runner.py:77} INFO - Job 1371: Subtask update_if_null
[2022-06-25 19:42:10,698] {logging_mixin.py:109} INFO - Running <TaskInstance: DM-COUNT-account-turnover.update_if_null scheduled__2022-06-24T19:41:59.779564+00:00 [running]> on host 1a36ba6d0ffa
[2022-06-25 19:42:10,740] {taskinstance.py:1426} INFO - Exporting the following env vars:
AIRFLOW_CTX_DAG_OWNER=***
AIRFLOW_CTX_DAG_ID=DM-COUNT-account-turnover
AIRFLOW_CTX_TASK_ID=update_if_null
AIRFLOW_CTX_EXECUTION_DATE=2022-06-24T19:41:59.779564+00:00
AIRFLOW_CTX_DAG_RUN_ID=scheduled__2022-06-24T19:41:59.779564+00:00
[2022-06-25 19:42:10,746] {base.py:79} INFO - Using connection to: id: postgres. Host: postgres, Port: 5432, Schema: postgres, Login: ***, Password: ***, extra: {}
[2022-06-25 19:42:10,750] {dbapi.py:225} INFO - Running statement: update dm.dm_account_turnover_f
set credit_amount = 0
where credit_amount is null;

update dm.dm_account_turnover_f
set credit_amount_rub = 0
where credit_amount_rub is null;

update dm.dm_account_turnover_f
set debet_amount = 0
where debet_amount is null;

update dm.dm_account_turnover_f
set debet_amount_rub = 0
where debet_amount_rub is null;, parameters: None
[2022-06-25 19:42:10,752] {dbapi.py:233} INFO - Rows affected: 369
[2022-06-25 19:42:10,762] {taskinstance.py:1277} INFO - Marking task as SUCCESS. dag_id=DM-COUNT-account-turnover, task_id=update_if_null, execution_date=20220624T194159, start_date=20220625T194210, end_date=20220625T194210
[2022-06-25 19:42:10,781] {local_task_job.py:154} INFO - Task exited with return code 0
[2022-06-25 19:42:10,807] {local_task_job.py:264} INFO - 1 downstream tasks scheduled from follow-on schedule check
