[2022-06-17 21:36:18,874] {taskinstance.py:1032} INFO - Dependencies all met for <TaskInstance: CSV_TO_DS.SEND_DS_md_ledger_account_s manual__2022-06-17T21:36:15.359694+00:00 [queued]>
[2022-06-17 21:36:18,896] {taskinstance.py:1032} INFO - Dependencies all met for <TaskInstance: CSV_TO_DS.SEND_DS_md_ledger_account_s manual__2022-06-17T21:36:15.359694+00:00 [queued]>
[2022-06-17 21:36:18,896] {taskinstance.py:1238} INFO - 
--------------------------------------------------------------------------------
[2022-06-17 21:36:18,896] {taskinstance.py:1239} INFO - Starting attempt 1 of 2
[2022-06-17 21:36:18,896] {taskinstance.py:1240} INFO - 
--------------------------------------------------------------------------------
[2022-06-17 21:36:18,927] {taskinstance.py:1259} INFO - Executing <Task(PythonOperator): SEND_DS_md_ledger_account_s> on 2022-06-17 21:36:15.359694+00:00
[2022-06-17 21:36:18,937] {standard_task_runner.py:52} INFO - Started process 338 to run task
[2022-06-17 21:36:18,952] {standard_task_runner.py:76} INFO - Running: ['***', 'tasks', 'run', 'CSV_TO_DS', 'SEND_DS_md_ledger_account_s', 'manual__2022-06-17T21:36:15.359694+00:00', '--job-id', '25', '--raw', '--subdir', 'DAGS_FOLDER/csv_to_ds.py', '--cfg-path', '/tmp/tmpu98jn32k', '--error-file', '/tmp/tmpjyaj_n52']
[2022-06-17 21:36:18,952] {standard_task_runner.py:77} INFO - Job 25: Subtask SEND_DS_md_ledger_account_s
[2022-06-17 21:36:19,078] {logging_mixin.py:109} INFO - Running <TaskInstance: CSV_TO_DS.SEND_DS_md_ledger_account_s manual__2022-06-17T21:36:15.359694+00:00 [running]> on host 191dd4d3d1ba
[2022-06-17 21:36:19,174] {taskinstance.py:1426} INFO - Exporting the following env vars:
AIRFLOW_CTX_DAG_OWNER=***
AIRFLOW_CTX_DAG_ID=CSV_TO_DS
AIRFLOW_CTX_TASK_ID=SEND_DS_md_ledger_account_s
AIRFLOW_CTX_EXECUTION_DATE=2022-06-17T21:36:15.359694+00:00
AIRFLOW_CTX_DAG_RUN_ID=manual__2022-06-17T21:36:15.359694+00:00
[2022-06-17 21:36:19,217] {CsvToDs.py:58} INFO - Column start_date changed date-time format
[2022-06-17 21:36:19,218] {CsvToDs.py:58} INFO - Column end_date changed date-time format
[2022-06-17 21:36:19,218] {CsvToDs.py:64} INFO - Table md_ledger_account_s read in pandas success. 
[2022-06-17 21:36:19,304] {CsvToDs.py:65} INFO - 
   chapter      chapter_name  ...  is_revaluation is_correct
0       А  Балансовые счета  ...             NaN        NaN
1       А  Балансовые счета  ...             NaN        NaN
2       А  Балансовые счета  ...             NaN        NaN
3       А  Балансовые счета  ...             NaN        NaN
4       А  Балансовые счета  ...             NaN        NaN

[5 rows x 28 columns]
[2022-06-17 21:36:19,686] {CsvToDs.py:108} INFO -  Table md_ledger_account_s in ds schema has updated success. 
[2022-06-17 21:36:24,697] {python.py:175} INFO - Done. Returned value was: None
[2022-06-17 21:36:24,720] {taskinstance.py:1277} INFO - Marking task as SUCCESS. dag_id=CSV_TO_DS, task_id=SEND_DS_md_ledger_account_s, execution_date=20220617T213615, start_date=20220617T213618, end_date=20220617T213624
[2022-06-17 21:36:24,773] {local_task_job.py:154} INFO - Task exited with return code 0
[2022-06-17 21:36:24,805] {local_task_job.py:264} INFO - 0 downstream tasks scheduled from follow-on schedule check
