[2022-06-22 09:54:21,769] {taskinstance.py:1032} INFO - Dependencies all met for <TaskInstance: CSV_TO_DS.SEND_DS_md_ledger_account_s manual__2022-06-22T09:54:16.085618+00:00 [queued]>
[2022-06-22 09:54:21,780] {taskinstance.py:1032} INFO - Dependencies all met for <TaskInstance: CSV_TO_DS.SEND_DS_md_ledger_account_s manual__2022-06-22T09:54:16.085618+00:00 [queued]>
[2022-06-22 09:54:21,780] {taskinstance.py:1238} INFO - 
--------------------------------------------------------------------------------
[2022-06-22 09:54:21,781] {taskinstance.py:1239} INFO - Starting attempt 1 of 2
[2022-06-22 09:54:21,781] {taskinstance.py:1240} INFO - 
--------------------------------------------------------------------------------
[2022-06-22 09:54:21,792] {taskinstance.py:1259} INFO - Executing <Task(PythonOperator): SEND_DS_md_ledger_account_s> on 2022-06-22 09:54:16.085618+00:00
[2022-06-22 09:54:21,798] {standard_task_runner.py:52} INFO - Started process 236 to run task
[2022-06-22 09:54:21,805] {standard_task_runner.py:76} INFO - Running: ['***', 'tasks', 'run', 'CSV_TO_DS', 'SEND_DS_md_ledger_account_s', 'manual__2022-06-22T09:54:16.085618+00:00', '--job-id', '1103', '--raw', '--subdir', 'DAGS_FOLDER/csv_to_ds.py', '--cfg-path', '/tmp/tmp6ma_d6l1', '--error-file', '/tmp/tmp5p9schft']
[2022-06-22 09:54:21,806] {standard_task_runner.py:77} INFO - Job 1103: Subtask SEND_DS_md_ledger_account_s
[2022-06-22 09:54:21,982] {logging_mixin.py:109} INFO - Running <TaskInstance: CSV_TO_DS.SEND_DS_md_ledger_account_s manual__2022-06-22T09:54:16.085618+00:00 [running]> on host bc39be91d060
[2022-06-22 09:54:22,050] {taskinstance.py:1426} INFO - Exporting the following env vars:
AIRFLOW_CTX_DAG_OWNER=***
AIRFLOW_CTX_DAG_ID=CSV_TO_DS
AIRFLOW_CTX_TASK_ID=SEND_DS_md_ledger_account_s
AIRFLOW_CTX_EXECUTION_DATE=2022-06-22T09:54:16.085618+00:00
AIRFLOW_CTX_DAG_RUN_ID=manual__2022-06-22T09:54:16.085618+00:00
[2022-06-22 09:54:22,100] {FromLocal.py:52} INFO - Column start_date changed date-time format
[2022-06-22 09:54:22,105] {FromLocal.py:52} INFO - Column end_date changed date-time format
[2022-06-22 09:54:22,105] {FromLocal.py:58} INFO - Table md_ledger_account_s read in pandas success. 
[2022-06-22 09:54:22,158] {FromLocal.py:59} INFO - 
   chapter      chapter_name  ...  is_revaluation is_correct
0       А  Балансовые счета  ...             NaN        NaN
1       А  Балансовые счета  ...             NaN        NaN
2       А  Балансовые счета  ...             NaN        NaN
3       А  Балансовые счета  ...             NaN        NaN
4       А  Балансовые счета  ...             NaN        NaN

[5 rows x 28 columns]
[2022-06-22 09:54:22,249] {FromLocal.py:84} INFO -  Table md_ledger_account_s in ds schema has updated success. 
[2022-06-22 09:54:27,258] {python.py:175} INFO - Done. Returned value was: None
[2022-06-22 09:54:27,269] {taskinstance.py:1277} INFO - Marking task as SUCCESS. dag_id=CSV_TO_DS, task_id=SEND_DS_md_ledger_account_s, execution_date=20220622T095416, start_date=20220622T095421, end_date=20220622T095427
[2022-06-22 09:54:27,295] {local_task_job.py:154} INFO - Task exited with return code 0
[2022-06-22 09:54:27,334] {local_task_job.py:264} INFO - 0 downstream tasks scheduled from follow-on schedule check
