[2022-06-22 20:32:18,027] {taskinstance.py:1032} INFO - Dependencies all met for <TaskInstance: f101_from_csv_to_db.create_double_101f_if_not_exists scheduled__2022-06-21T20:32:13.629121+00:00 [queued]>
[2022-06-22 20:32:18,036] {taskinstance.py:1032} INFO - Dependencies all met for <TaskInstance: f101_from_csv_to_db.create_double_101f_if_not_exists scheduled__2022-06-21T20:32:13.629121+00:00 [queued]>
[2022-06-22 20:32:18,036] {taskinstance.py:1238} INFO - 
--------------------------------------------------------------------------------
[2022-06-22 20:32:18,036] {taskinstance.py:1239} INFO - Starting attempt 1 of 2
[2022-06-22 20:32:18,036] {taskinstance.py:1240} INFO - 
--------------------------------------------------------------------------------
[2022-06-22 20:32:18,045] {taskinstance.py:1259} INFO - Executing <Task(PostgresOperator): create_double_101f_if_not_exists> on 2022-06-21 20:32:13.629121+00:00
[2022-06-22 20:32:18,049] {standard_task_runner.py:52} INFO - Started process 2894 to run task
[2022-06-22 20:32:18,052] {standard_task_runner.py:76} INFO - Running: ['***', 'tasks', 'run', 'f101_from_csv_to_db', 'create_double_101f_if_not_exists', 'scheduled__2022-06-21T20:32:13.629121+00:00', '--job-id', '1140', '--raw', '--subdir', 'DAGS_FOLDER/f101_from_local.py', '--cfg-path', '/tmp/tmpulfjmm0t', '--error-file', '/tmp/tmpgez80hzf']
[2022-06-22 20:32:18,052] {standard_task_runner.py:77} INFO - Job 1140: Subtask create_double_101f_if_not_exists
[2022-06-22 20:32:18,096] {logging_mixin.py:109} INFO - Running <TaskInstance: f101_from_csv_to_db.create_double_101f_if_not_exists scheduled__2022-06-21T20:32:13.629121+00:00 [running]> on host bc39be91d060
[2022-06-22 20:32:18,140] {taskinstance.py:1426} INFO - Exporting the following env vars:
AIRFLOW_CTX_DAG_OWNER=***
AIRFLOW_CTX_DAG_ID=f101_from_csv_to_db
AIRFLOW_CTX_TASK_ID=create_double_101f_if_not_exists
AIRFLOW_CTX_EXECUTION_DATE=2022-06-21T20:32:13.629121+00:00
AIRFLOW_CTX_DAG_RUN_ID=scheduled__2022-06-21T20:32:13.629121+00:00
[2022-06-22 20:32:18,146] {base.py:79} INFO - Using connection to: id: postgres. Host: postgres, Port: 5432, Schema: postgres, Login: ***, Password: ***, extra: {}
[2022-06-22 20:32:18,150] {dbapi.py:225} INFO - Running statement: 
            CREATE TABLE IF NOT EXISTS dm.dm_f101_round_f_v2 
            AS (SELECT * from dm.dm_f101_round_f) with no data;
            , parameters: None
[2022-06-22 20:32:18,171] {taskinstance.py:1277} INFO - Marking task as SUCCESS. dag_id=f101_from_csv_to_db, task_id=create_double_101f_if_not_exists, execution_date=20220621T203213, start_date=20220622T203218, end_date=20220622T203218
[2022-06-22 20:32:18,186] {local_task_job.py:154} INFO - Task exited with return code 0
[2022-06-22 20:32:18,214] {local_task_job.py:264} INFO - 1 downstream tasks scheduled from follow-on schedule check
