[2022-06-22 08:20:09,204] {taskinstance.py:1032} INFO - Dependencies all met for <TaskInstance: DM-COUNT-account-turnover.update_if_null manual__2022-06-22T08:19:49.731523+00:00 [queued]>
[2022-06-22 08:20:09,217] {taskinstance.py:1032} INFO - Dependencies all met for <TaskInstance: DM-COUNT-account-turnover.update_if_null manual__2022-06-22T08:19:49.731523+00:00 [queued]>
[2022-06-22 08:20:09,217] {taskinstance.py:1238} INFO - 
--------------------------------------------------------------------------------
[2022-06-22 08:20:09,217] {taskinstance.py:1239} INFO - Starting attempt 1 of 2
[2022-06-22 08:20:09,217] {taskinstance.py:1240} INFO - 
--------------------------------------------------------------------------------
[2022-06-22 08:20:09,230] {taskinstance.py:1259} INFO - Executing <Task(PostgresOperator): update_if_null> on 2022-06-22 08:19:49.731523+00:00
[2022-06-22 08:20:09,234] {standard_task_runner.py:52} INFO - Started process 1947 to run task
[2022-06-22 08:20:09,240] {standard_task_runner.py:76} INFO - Running: ['***', 'tasks', 'run', 'DM-COUNT-account-turnover', 'update_if_null', 'manual__2022-06-22T08:19:49.731523+00:00', '--job-id', '986', '--raw', '--subdir', 'DAGS_FOLDER/dm_fill_account_turnover.py', '--cfg-path', '/tmp/tmp2kprshbk', '--error-file', '/tmp/tmprn9zm6bt']
[2022-06-22 08:20:09,241] {standard_task_runner.py:77} INFO - Job 986: Subtask update_if_null
[2022-06-22 08:20:09,330] {logging_mixin.py:109} INFO - Running <TaskInstance: DM-COUNT-account-turnover.update_if_null manual__2022-06-22T08:19:49.731523+00:00 [running]> on host a0a302277daf
[2022-06-22 08:20:09,385] {taskinstance.py:1426} INFO - Exporting the following env vars:
AIRFLOW_CTX_DAG_OWNER=***
AIRFLOW_CTX_DAG_ID=DM-COUNT-account-turnover
AIRFLOW_CTX_TASK_ID=update_if_null
AIRFLOW_CTX_EXECUTION_DATE=2022-06-22T08:19:49.731523+00:00
AIRFLOW_CTX_DAG_RUN_ID=manual__2022-06-22T08:19:49.731523+00:00
[2022-06-22 08:20:09,393] {base.py:79} INFO - Using connection to: id: postgres. Host: postgres, Port: 5432, Schema: postgres, Login: ***, Password: ***, extra: {}
[2022-06-22 08:20:09,397] {dbapi.py:225} INFO - Running statement: update dm.dm_account_turnover_f
set credit_amount = 0
where credit_amount is null;

update dm.dm_account_turnover_f
set credit_amount_rub = 0
where credit_amount_rub is null;

update dm.dm_account_turnover_f
set debet_amount = 0
where debet_amount is null;

update dm.dm_account_turnover_f
set debet_amount_rub = 0
where debet_amount_rub is null;, parameters: None
[2022-06-22 08:20:09,399] {dbapi.py:233} INFO - Rows affected: 369
[2022-06-22 08:20:09,414] {taskinstance.py:1277} INFO - Marking task as SUCCESS. dag_id=DM-COUNT-account-turnover, task_id=update_if_null, execution_date=20220622T081949, start_date=20220622T082009, end_date=20220622T082009
[2022-06-22 08:20:09,455] {local_task_job.py:154} INFO - Task exited with return code 0
[2022-06-22 08:20:09,489] {local_task_job.py:264} INFO - 1 downstream tasks scheduled from follow-on schedule check
