[2022-06-18 21:27:35,162] {taskinstance.py:1032} INFO - Dependencies all met for <TaskInstance: DM-COUNT-account-turnover.START_COUNT_BY_DAY_22 scheduled__2022-06-17T21:27:30.430782+00:00 [queued]>
[2022-06-18 21:27:35,188] {taskinstance.py:1032} INFO - Dependencies all met for <TaskInstance: DM-COUNT-account-turnover.START_COUNT_BY_DAY_22 scheduled__2022-06-17T21:27:30.430782+00:00 [queued]>
[2022-06-18 21:27:35,188] {taskinstance.py:1238} INFO - 
--------------------------------------------------------------------------------
[2022-06-18 21:27:35,188] {taskinstance.py:1239} INFO - Starting attempt 1 of 2
[2022-06-18 21:27:35,188] {taskinstance.py:1240} INFO - 
--------------------------------------------------------------------------------
[2022-06-18 21:27:35,219] {taskinstance.py:1259} INFO - Executing <Task(PostgresOperator): START_COUNT_BY_DAY_22> on 2022-06-17 21:27:30.430782+00:00
[2022-06-18 21:27:35,283] {standard_task_runner.py:52} INFO - Started process 645 to run task
[2022-06-18 21:27:35,296] {standard_task_runner.py:76} INFO - Running: ['***', 'tasks', 'run', 'DM-COUNT-account-turnover', 'START_COUNT_BY_DAY_22', 'scheduled__2022-06-17T21:27:30.430782+00:00', '--job-id', '319', '--raw', '--subdir', 'DAGS_FOLDER/dm_fill_account_turnover.py', '--cfg-path', '/tmp/tmpfg6i7h97', '--error-file', '/tmp/tmpos86aah9']
[2022-06-18 21:27:35,297] {standard_task_runner.py:77} INFO - Job 319: Subtask START_COUNT_BY_DAY_22
[2022-06-18 21:27:35,510] {logging_mixin.py:109} INFO - Running <TaskInstance: DM-COUNT-account-turnover.START_COUNT_BY_DAY_22 scheduled__2022-06-17T21:27:30.430782+00:00 [running]> on host c087b85f9f15
[2022-06-18 21:27:35,823] {taskinstance.py:1426} INFO - Exporting the following env vars:
AIRFLOW_CTX_DAG_OWNER=***
AIRFLOW_CTX_DAG_ID=DM-COUNT-account-turnover
AIRFLOW_CTX_TASK_ID=START_COUNT_BY_DAY_22
AIRFLOW_CTX_EXECUTION_DATE=2022-06-17T21:27:30.430782+00:00
AIRFLOW_CTX_DAG_RUN_ID=scheduled__2022-06-17T21:27:30.430782+00:00
[2022-06-18 21:27:35,876] {base.py:79} INFO - Using connection to: id: postgres. Host: postgres, Port: 5432, Schema: postgres, Login: ***, Password: ***, extra: {}
[2022-06-18 21:27:35,906] {dbapi.py:225} INFO - Running statement: CALL ds.fill_account_turnover_f (%(date)s::date);, parameters: {'date': '2018-01-22'}
[2022-06-18 21:27:36,723] {taskinstance.py:1277} INFO - Marking task as SUCCESS. dag_id=DM-COUNT-account-turnover, task_id=START_COUNT_BY_DAY_22, execution_date=20220617T212730, start_date=20220618T212735, end_date=20220618T212736
[2022-06-18 21:27:36,778] {local_task_job.py:154} INFO - Task exited with return code 0
[2022-06-18 21:27:37,102] {local_task_job.py:264} INFO - 0 downstream tasks scheduled from follow-on schedule check
