[2022-06-20 07:03:55,876] {taskinstance.py:1032} INFO - Dependencies all met for <TaskInstance: DM-COUNT-account-turnover.START_COUNT_BY_DAY_5 scheduled__2022-06-18T21:27:30.430782+00:00 [queued]>
[2022-06-20 07:03:55,977] {taskinstance.py:1032} INFO - Dependencies all met for <TaskInstance: DM-COUNT-account-turnover.START_COUNT_BY_DAY_5 scheduled__2022-06-18T21:27:30.430782+00:00 [queued]>
[2022-06-20 07:03:55,979] {taskinstance.py:1238} INFO - 
--------------------------------------------------------------------------------
[2022-06-20 07:03:55,979] {taskinstance.py:1239} INFO - Starting attempt 1 of 2
[2022-06-20 07:03:55,979] {taskinstance.py:1240} INFO - 
--------------------------------------------------------------------------------
[2022-06-20 07:03:56,044] {taskinstance.py:1259} INFO - Executing <Task(PostgresOperator): START_COUNT_BY_DAY_5> on 2022-06-18 21:27:30.430782+00:00
[2022-06-20 07:03:56,061] {standard_task_runner.py:52} INFO - Started process 181 to run task
[2022-06-20 07:03:56,099] {standard_task_runner.py:76} INFO - Running: ['***', 'tasks', 'run', 'DM-COUNT-account-turnover', 'START_COUNT_BY_DAY_5', 'scheduled__2022-06-18T21:27:30.430782+00:00', '--job-id', '422', '--raw', '--subdir', 'DAGS_FOLDER/dm_fill_account_turnover.py', '--cfg-path', '/tmp/tmpi_e4dx35', '--error-file', '/tmp/tmpn3zglkvx']
[2022-06-20 07:03:56,104] {standard_task_runner.py:77} INFO - Job 422: Subtask START_COUNT_BY_DAY_5
[2022-06-20 07:03:56,326] {logging_mixin.py:109} INFO - Running <TaskInstance: DM-COUNT-account-turnover.START_COUNT_BY_DAY_5 scheduled__2022-06-18T21:27:30.430782+00:00 [running]> on host c087b85f9f15
[2022-06-20 07:03:56,642] {taskinstance.py:1426} INFO - Exporting the following env vars:
AIRFLOW_CTX_DAG_OWNER=***
AIRFLOW_CTX_DAG_ID=DM-COUNT-account-turnover
AIRFLOW_CTX_TASK_ID=START_COUNT_BY_DAY_5
AIRFLOW_CTX_EXECUTION_DATE=2022-06-18T21:27:30.430782+00:00
AIRFLOW_CTX_DAG_RUN_ID=scheduled__2022-06-18T21:27:30.430782+00:00
[2022-06-20 07:03:56,687] {base.py:79} INFO - Using connection to: id: postgres. Host: postgres, Port: 5432, Schema: postgres, Login: ***, Password: ***, extra: {}
[2022-06-20 07:03:56,703] {dbapi.py:225} INFO - Running statement: CALL ds.fill_account_turnover_f (%(date)s::date);, parameters: {'date': '2018-01-5'}
[2022-06-20 07:03:56,886] {taskinstance.py:1277} INFO - Marking task as SUCCESS. dag_id=DM-COUNT-account-turnover, task_id=START_COUNT_BY_DAY_5, execution_date=20220618T212730, start_date=20220620T070355, end_date=20220620T070356
[2022-06-20 07:03:56,945] {local_task_job.py:154} INFO - Task exited with return code 0
[2022-06-20 07:03:57,224] {local_task_job.py:264} INFO - 0 downstream tasks scheduled from follow-on schedule check
