[2022-06-26 21:17:30,523] {taskinstance.py:1032} INFO - Dependencies all met for <TaskInstance: DM-COUNT-f101_round_f.count_f101-26 scheduled__2022-06-25T19:47:05.358363+00:00 [queued]>
[2022-06-26 21:17:30,643] {taskinstance.py:1032} INFO - Dependencies all met for <TaskInstance: DM-COUNT-f101_round_f.count_f101-26 scheduled__2022-06-25T19:47:05.358363+00:00 [queued]>
[2022-06-26 21:17:30,644] {taskinstance.py:1238} INFO - 
--------------------------------------------------------------------------------
[2022-06-26 21:17:30,656] {taskinstance.py:1239} INFO - Starting attempt 1 of 2
[2022-06-26 21:17:30,657] {taskinstance.py:1240} INFO - 
--------------------------------------------------------------------------------
[2022-06-26 21:17:30,742] {taskinstance.py:1259} INFO - Executing <Task(PostgresOperator): count_f101-26> on 2022-06-25 19:47:05.358363+00:00
[2022-06-26 21:17:30,791] {standard_task_runner.py:52} INFO - Started process 227 to run task
[2022-06-26 21:17:30,821] {standard_task_runner.py:76} INFO - Running: ['***', 'tasks', 'run', 'DM-COUNT-f101_round_f', 'count_f101-26', 'scheduled__2022-06-25T19:47:05.358363+00:00', '--job-id', '1467', '--raw', '--subdir', 'DAGS_FOLDER/f_101_round_f.py', '--cfg-path', '/tmp/tmpycwu93wr', '--error-file', '/tmp/tmp67s5o7fh']
[2022-06-26 21:17:30,826] {standard_task_runner.py:77} INFO - Job 1467: Subtask count_f101-26
[2022-06-26 21:17:31,153] {logging_mixin.py:109} INFO - Running <TaskInstance: DM-COUNT-f101_round_f.count_f101-26 scheduled__2022-06-25T19:47:05.358363+00:00 [running]> on host 8dd6b2950340
[2022-06-26 21:17:31,410] {taskinstance.py:1426} INFO - Exporting the following env vars:
AIRFLOW_CTX_DAG_OWNER=***
AIRFLOW_CTX_DAG_ID=DM-COUNT-f101_round_f
AIRFLOW_CTX_TASK_ID=count_f101-26
AIRFLOW_CTX_EXECUTION_DATE=2022-06-25T19:47:05.358363+00:00
AIRFLOW_CTX_DAG_RUN_ID=scheduled__2022-06-25T19:47:05.358363+00:00
[2022-06-26 21:17:31,456] {base.py:79} INFO - Using connection to: id: postgres. Host: postgres, Port: 5432, Schema: postgres, Login: ***, Password: ***, extra: {}
[2022-06-26 21:17:31,478] {dbapi.py:225} INFO - Running statement: CALL dm.fill_f101_round_f (%(date)s::date);, parameters: {'date': '2018-01-26'}
[2022-06-26 21:17:31,671] {taskinstance.py:1277} INFO - Marking task as SUCCESS. dag_id=DM-COUNT-f101_round_f, task_id=count_f101-26, execution_date=20220625T194705, start_date=20220626T211730, end_date=20220626T211731
[2022-06-26 21:17:31,709] {local_task_job.py:154} INFO - Task exited with return code 0
[2022-06-26 21:17:31,987] {local_task_job.py:264} INFO - 0 downstream tasks scheduled from follow-on schedule check
