[2022-06-26 21:17:33,424] {taskinstance.py:1032} INFO - Dependencies all met for <TaskInstance: DM-COUNT-f101_round_f.count_f101-24 scheduled__2022-06-25T19:47:05.358363+00:00 [queued]>
[2022-06-26 21:17:33,486] {taskinstance.py:1032} INFO - Dependencies all met for <TaskInstance: DM-COUNT-f101_round_f.count_f101-24 scheduled__2022-06-25T19:47:05.358363+00:00 [queued]>
[2022-06-26 21:17:33,487] {taskinstance.py:1238} INFO - 
--------------------------------------------------------------------------------
[2022-06-26 21:17:33,488] {taskinstance.py:1239} INFO - Starting attempt 1 of 2
[2022-06-26 21:17:33,488] {taskinstance.py:1240} INFO - 
--------------------------------------------------------------------------------
[2022-06-26 21:17:33,691] {taskinstance.py:1259} INFO - Executing <Task(PostgresOperator): count_f101-24> on 2022-06-25 19:47:05.358363+00:00
[2022-06-26 21:17:33,750] {standard_task_runner.py:52} INFO - Started process 255 to run task
[2022-06-26 21:17:33,782] {standard_task_runner.py:76} INFO - Running: ['***', 'tasks', 'run', 'DM-COUNT-f101_round_f', 'count_f101-24', 'scheduled__2022-06-25T19:47:05.358363+00:00', '--job-id', '1472', '--raw', '--subdir', 'DAGS_FOLDER/f_101_round_f.py', '--cfg-path', '/tmp/tmpkm1ap53t', '--error-file', '/tmp/tmphw8i7_7c']
[2022-06-26 21:17:33,787] {standard_task_runner.py:77} INFO - Job 1472: Subtask count_f101-24
[2022-06-26 21:17:34,025] {logging_mixin.py:109} INFO - Running <TaskInstance: DM-COUNT-f101_round_f.count_f101-24 scheduled__2022-06-25T19:47:05.358363+00:00 [running]> on host 8dd6b2950340
[2022-06-26 21:17:34,188] {taskinstance.py:1426} INFO - Exporting the following env vars:
AIRFLOW_CTX_DAG_OWNER=***
AIRFLOW_CTX_DAG_ID=DM-COUNT-f101_round_f
AIRFLOW_CTX_TASK_ID=count_f101-24
AIRFLOW_CTX_EXECUTION_DATE=2022-06-25T19:47:05.358363+00:00
AIRFLOW_CTX_DAG_RUN_ID=scheduled__2022-06-25T19:47:05.358363+00:00
[2022-06-26 21:17:34,210] {base.py:79} INFO - Using connection to: id: postgres. Host: postgres, Port: 5432, Schema: postgres, Login: ***, Password: ***, extra: {}
[2022-06-26 21:17:34,217] {dbapi.py:225} INFO - Running statement: CALL dm.fill_f101_round_f (%(date)s::date);, parameters: {'date': '2018-01-24'}
[2022-06-26 21:17:34,279] {taskinstance.py:1277} INFO - Marking task as SUCCESS. dag_id=DM-COUNT-f101_round_f, task_id=count_f101-24, execution_date=20220625T194705, start_date=20220626T211733, end_date=20220626T211734
[2022-06-26 21:17:34,360] {local_task_job.py:154} INFO - Task exited with return code 0
[2022-06-26 21:17:34,490] {local_task_job.py:264} INFO - 0 downstream tasks scheduled from follow-on schedule check
