[2022-07-17 09:24:02,788] {taskinstance.py:1032} INFO - Dependencies all met for <TaskInstance: DM-COUNT-f101_round_f.count_f101-18 scheduled__2022-06-26T19:47:05.358363+00:00 [queued]>
[2022-07-17 09:24:02,830] {taskinstance.py:1032} INFO - Dependencies all met for <TaskInstance: DM-COUNT-f101_round_f.count_f101-18 scheduled__2022-06-26T19:47:05.358363+00:00 [queued]>
[2022-07-17 09:24:02,830] {taskinstance.py:1238} INFO - 
--------------------------------------------------------------------------------
[2022-07-17 09:24:02,830] {taskinstance.py:1239} INFO - Starting attempt 1 of 2
[2022-07-17 09:24:02,830] {taskinstance.py:1240} INFO - 
--------------------------------------------------------------------------------
[2022-07-17 09:24:02,876] {taskinstance.py:1259} INFO - Executing <Task(PostgresOperator): count_f101-18> on 2022-06-26 19:47:05.358363+00:00
[2022-07-17 09:24:02,922] {standard_task_runner.py:52} INFO - Started process 270 to run task
[2022-07-17 09:24:02,928] {standard_task_runner.py:76} INFO - Running: ['***', 'tasks', 'run', 'DM-COUNT-f101_round_f', 'count_f101-18', 'scheduled__2022-06-26T19:47:05.358363+00:00', '--job-id', '1565', '--raw', '--subdir', 'DAGS_FOLDER/f_101_round_f.py', '--cfg-path', '/tmp/tmp5kmwd8gk', '--error-file', '/tmp/tmph5lhid12']
[2022-07-17 09:24:02,934] {standard_task_runner.py:77} INFO - Job 1565: Subtask count_f101-18
[2022-07-17 09:24:03,183] {logging_mixin.py:109} INFO - Running <TaskInstance: DM-COUNT-f101_round_f.count_f101-18 scheduled__2022-06-26T19:47:05.358363+00:00 [running]> on host a04da3f4ff4b
[2022-07-17 09:24:03,547] {taskinstance.py:1426} INFO - Exporting the following env vars:
AIRFLOW_CTX_DAG_OWNER=***
AIRFLOW_CTX_DAG_ID=DM-COUNT-f101_round_f
AIRFLOW_CTX_TASK_ID=count_f101-18
AIRFLOW_CTX_EXECUTION_DATE=2022-06-26T19:47:05.358363+00:00
AIRFLOW_CTX_DAG_RUN_ID=scheduled__2022-06-26T19:47:05.358363+00:00
[2022-07-17 09:24:03,573] {base.py:79} INFO - Using connection to: id: postgres. Host: postgres, Port: 5432, Schema: postgres, Login: ***, Password: ***, extra: {}
[2022-07-17 09:24:03,592] {dbapi.py:225} INFO - Running statement: CALL dm.fill_f101_round_f (%(date)s::date);, parameters: {'date': '2018-01-18'}
[2022-07-17 09:24:04,498] {taskinstance.py:1277} INFO - Marking task as SUCCESS. dag_id=DM-COUNT-f101_round_f, task_id=count_f101-18, execution_date=20220626T194705, start_date=20220717T092402, end_date=20220717T092404
[2022-07-17 09:24:04,648] {local_task_job.py:154} INFO - Task exited with return code 0
[2022-07-17 09:24:05,705] {local_task_job.py:264} INFO - 0 downstream tasks scheduled from follow-on schedule check
