[2022-06-18 21:27:04,871] {taskinstance.py:1032} INFO - Dependencies all met for <TaskInstance: CSV_TO_DS.SEND_DS_ft_posting_f scheduled__2022-06-17T21:26:59.328971+00:00 [queued]>
[2022-06-18 21:27:04,896] {taskinstance.py:1032} INFO - Dependencies all met for <TaskInstance: CSV_TO_DS.SEND_DS_ft_posting_f scheduled__2022-06-17T21:26:59.328971+00:00 [queued]>
[2022-06-18 21:27:04,897] {taskinstance.py:1238} INFO - 
--------------------------------------------------------------------------------
[2022-06-18 21:27:04,897] {taskinstance.py:1239} INFO - Starting attempt 1 of 2
[2022-06-18 21:27:04,897] {taskinstance.py:1240} INFO - 
--------------------------------------------------------------------------------
[2022-06-18 21:27:04,932] {taskinstance.py:1259} INFO - Executing <Task(PythonOperator): SEND_DS_ft_posting_f> on 2022-06-17 21:26:59.328971+00:00
[2022-06-18 21:27:04,935] {standard_task_runner.py:52} INFO - Started process 579 to run task
[2022-06-18 21:27:04,961] {standard_task_runner.py:76} INFO - Running: ['***', 'tasks', 'run', 'CSV_TO_DS', 'SEND_DS_ft_posting_f', 'scheduled__2022-06-17T21:26:59.328971+00:00', '--job-id', '311', '--raw', '--subdir', 'DAGS_FOLDER/csv_to_ds.py', '--cfg-path', '/tmp/tmp47_2kt68', '--error-file', '/tmp/tmpght22dyg']
[2022-06-18 21:27:04,967] {standard_task_runner.py:77} INFO - Job 311: Subtask SEND_DS_ft_posting_f
[2022-06-18 21:27:05,126] {logging_mixin.py:109} INFO - Running <TaskInstance: CSV_TO_DS.SEND_DS_ft_posting_f scheduled__2022-06-17T21:26:59.328971+00:00 [running]> on host c087b85f9f15
[2022-06-18 21:27:05,342] {taskinstance.py:1426} INFO - Exporting the following env vars:
AIRFLOW_CTX_DAG_OWNER=***
AIRFLOW_CTX_DAG_ID=CSV_TO_DS
AIRFLOW_CTX_TASK_ID=SEND_DS_ft_posting_f
AIRFLOW_CTX_EXECUTION_DATE=2022-06-17T21:26:59.328971+00:00
AIRFLOW_CTX_DAG_RUN_ID=scheduled__2022-06-17T21:26:59.328971+00:00
[2022-06-18 21:27:05,525] {CsvToDs.py:49} INFO -    id   OPER_DATE  ...  CREDIT_AMOUNT  DEBET_AMOUNT
0   1  2018-01-09  ...       94333.93      18337.76
1   2  2018-01-09  ...       68294.14      31542.06
2   3  2018-01-09  ...        2192.96      98734.33
3   4  2018-01-09  ...       44179.86      98544.65
4   5  2018-01-09  ...       18843.05        889.74

[5 rows x 6 columns]
[2022-06-18 21:27:05,630] {CsvToDs.py:58} INFO - Column oper_date changed date-time format
[2022-06-18 21:27:05,630] {CsvToDs.py:64} INFO - Table ft_posting_f read in pandas success. 
[2022-06-18 21:27:05,663] {CsvToDs.py:65} INFO - 
    id  oper_date  ...  credit_amount  debet_amount
0   1 2018-01-09  ...       94333.93      18337.76
1   2 2018-01-09  ...       68294.14      31542.06
2   3 2018-01-09  ...        2192.96      98734.33
3   4 2018-01-09  ...       44179.86      98544.65
4   5 2018-01-09  ...       18843.05        889.74

[5 rows x 6 columns]
[2022-06-18 21:27:13,411] {CsvToDs.py:108} INFO -  Table ft_posting_f in ds schema has updated success. 
[2022-06-18 21:27:18,426] {python.py:175} INFO - Done. Returned value was: None
[2022-06-18 21:27:18,434] {taskinstance.py:1277} INFO - Marking task as SUCCESS. dag_id=CSV_TO_DS, task_id=SEND_DS_ft_posting_f, execution_date=20220617T212659, start_date=20220618T212704, end_date=20220618T212718
[2022-06-18 21:27:18,463] {local_task_job.py:154} INFO - Task exited with return code 0
[2022-06-18 21:27:18,491] {local_task_job.py:264} INFO - 1 downstream tasks scheduled from follow-on schedule check
