[2022-06-23 20:13:30,645] {taskinstance.py:1032} INFO - Dependencies all met for <TaskInstance: DM-COUNT-f101_round_f.count_f101-22 scheduled__2022-06-22T16:20:07.188456+00:00 [queued]>
[2022-06-23 20:13:30,731] {taskinstance.py:1032} INFO - Dependencies all met for <TaskInstance: DM-COUNT-f101_round_f.count_f101-22 scheduled__2022-06-22T16:20:07.188456+00:00 [queued]>
[2022-06-23 20:13:30,731] {taskinstance.py:1238} INFO - 
--------------------------------------------------------------------------------
[2022-06-23 20:13:30,731] {taskinstance.py:1239} INFO - Starting attempt 1 of 2
[2022-06-23 20:13:30,732] {taskinstance.py:1240} INFO - 
--------------------------------------------------------------------------------
[2022-06-23 20:13:30,804] {taskinstance.py:1259} INFO - Executing <Task(PostgresOperator): count_f101-22> on 2022-06-22 16:20:07.188456+00:00
[2022-06-23 20:13:30,810] {standard_task_runner.py:52} INFO - Started process 118 to run task
[2022-06-23 20:13:30,832] {standard_task_runner.py:76} INFO - Running: ['***', 'tasks', 'run', 'DM-COUNT-f101_round_f', 'count_f101-22', 'scheduled__2022-06-22T16:20:07.188456+00:00', '--job-id', '1220', '--raw', '--subdir', 'DAGS_FOLDER/f_101_round_f.py', '--cfg-path', '/tmp/tmpjwzwvtll', '--error-file', '/tmp/tmp7etjpt8c']
[2022-06-23 20:13:30,833] {standard_task_runner.py:77} INFO - Job 1220: Subtask count_f101-22
[2022-06-23 20:13:31,071] {logging_mixin.py:109} INFO - Running <TaskInstance: DM-COUNT-f101_round_f.count_f101-22 scheduled__2022-06-22T16:20:07.188456+00:00 [running]> on host 1a36ba6d0ffa
[2022-06-23 20:13:31,975] {taskinstance.py:1426} INFO - Exporting the following env vars:
AIRFLOW_CTX_DAG_OWNER=***
AIRFLOW_CTX_DAG_ID=DM-COUNT-f101_round_f
AIRFLOW_CTX_TASK_ID=count_f101-22
AIRFLOW_CTX_EXECUTION_DATE=2022-06-22T16:20:07.188456+00:00
AIRFLOW_CTX_DAG_RUN_ID=scheduled__2022-06-22T16:20:07.188456+00:00
[2022-06-23 20:13:32,042] {base.py:79} INFO - Using connection to: id: postgres. Host: postgres, Port: 5432, Schema: postgres, Login: ***, Password: ***, extra: {}
[2022-06-23 20:13:32,056] {dbapi.py:225} INFO - Running statement: CALL dm.fill_f101_round_f (%(date)s::date);, parameters: {'date': '2018-01-22'}
[2022-06-23 20:13:32,512] {taskinstance.py:1277} INFO - Marking task as SUCCESS. dag_id=DM-COUNT-f101_round_f, task_id=count_f101-22, execution_date=20220622T162007, start_date=20220623T201330, end_date=20220623T201332
[2022-06-23 20:13:32,659] {local_task_job.py:154} INFO - Task exited with return code 0
[2022-06-23 20:13:33,432] {local_task_job.py:264} INFO - 0 downstream tasks scheduled from follow-on schedule check
