[2022-07-19 09:38:00,105] {taskinstance.py:1032} INFO - Dependencies all met for <TaskInstance: MIRR_MD_ACCOUNT_D.load_mirror_md_account_d scheduled__2022-07-19T09:30:00+00:00 [queued]>
[2022-07-19 09:38:00,116] {taskinstance.py:1032} INFO - Dependencies all met for <TaskInstance: MIRR_MD_ACCOUNT_D.load_mirror_md_account_d scheduled__2022-07-19T09:30:00+00:00 [queued]>
[2022-07-19 09:38:00,117] {taskinstance.py:1238} INFO - 
--------------------------------------------------------------------------------
[2022-07-19 09:38:00,117] {taskinstance.py:1239} INFO - Starting attempt 1 of 2
[2022-07-19 09:38:00,117] {taskinstance.py:1240} INFO - 
--------------------------------------------------------------------------------
[2022-07-19 09:38:00,132] {taskinstance.py:1259} INFO - Executing <Task(BashOperator): load_mirror_md_account_d> on 2022-07-19 09:30:00+00:00
[2022-07-19 09:38:00,136] {standard_task_runner.py:52} INFO - Started process 124 to run task
[2022-07-19 09:38:00,138] {standard_task_runner.py:76} INFO - Running: ['***', 'tasks', 'run', 'MIRR_MD_ACCOUNT_D', 'load_mirror_md_account_d', 'scheduled__2022-07-19T09:30:00+00:00', '--job-id', '3', '--raw', '--subdir', 'DAGS_FOLDER/mirror_calc.py', '--cfg-path', '/tmp/tmpkfoe99js', '--error-file', '/tmp/tmp9nkpytvo']
[2022-07-19 09:38:00,139] {standard_task_runner.py:77} INFO - Job 3: Subtask load_mirror_md_account_d
[2022-07-19 09:38:00,242] {logging_mixin.py:109} INFO - Running <TaskInstance: MIRR_MD_ACCOUNT_D.load_mirror_md_account_d scheduled__2022-07-19T09:30:00+00:00 [running]> on host 3eb752791ed4
[2022-07-19 09:38:00,284] {taskinstance.py:1426} INFO - Exporting the following env vars:
AIRFLOW_CTX_DAG_OWNER=***
AIRFLOW_CTX_DAG_ID=MIRR_MD_ACCOUNT_D
AIRFLOW_CTX_TASK_ID=load_mirror_md_account_d
AIRFLOW_CTX_EXECUTION_DATE=2022-07-19T09:30:00+00:00
AIRFLOW_CTX_DAG_RUN_ID=scheduled__2022-07-19T09:30:00+00:00
[2022-07-19 09:38:00,285] {subprocess.py:62} INFO - Tmp dir root location: 
 /tmp
[2022-07-19 09:38:00,285] {subprocess.py:74} INFO - Running command: ['bash', '-c', '"${SPARK_HOME}/bin/spark-submit" --master spark://spark:7077 /opt/***/spark_scripts/mirr_md_account_d.py']
[2022-07-19 09:38:00,294] {subprocess.py:85} INFO - Output:
[2022-07-19 09:38:03,691] {subprocess.py:89} INFO - 22/07/19 09:38:03 WARN NativeCodeLoader: Unable to load native-hadoop library for your platform... using builtin-java classes where applicable
[2022-07-19 09:38:04,151] {subprocess.py:89} INFO - /usr/local/bin/python3
[2022-07-19 09:38:05,195] {local_task_job.py:212} WARNING - State of this instance has been externally set to skipped. Terminating instance.
[2022-07-19 09:38:05,197] {process_utils.py:124} INFO - Sending Signals.SIGTERM to group 124. PIDs of all processes in the group: [125, 164, 124]
[2022-07-19 09:38:05,197] {process_utils.py:75} INFO - Sending the signal Signals.SIGTERM to group 124
[2022-07-19 09:38:05,197] {taskinstance.py:1408} ERROR - Received SIGTERM. Terminating subprocesses.
[2022-07-19 09:38:05,198] {subprocess.py:99} INFO - Sending SIGTERM signal to process group
[2022-07-19 09:38:05,335] {process_utils.py:70} INFO - Process psutil.Process(pid=124, status='terminated', exitcode=0, started='09:37:59') (124) terminated with exit code 0
[2022-07-19 09:38:05,336] {process_utils.py:70} INFO - Process psutil.Process(pid=125, status='terminated', started='09:37:59') (125) terminated with exit code None
[2022-07-19 09:38:05,336] {process_utils.py:70} INFO - Process psutil.Process(pid=164, status='terminated', started='09:38:03') (164) terminated with exit code None
