[2022-06-22 07:45:02,494] {taskinstance.py:1032} INFO - Dependencies all met for <TaskInstance: DM-COUNT-account-turnover.create_log_tables scheduled__2022-06-20T21:27:30.430782+00:00 [queued]>
[2022-06-22 07:45:02,557] {taskinstance.py:1032} INFO - Dependencies all met for <TaskInstance: DM-COUNT-account-turnover.create_log_tables scheduled__2022-06-20T21:27:30.430782+00:00 [queued]>
[2022-06-22 07:45:02,559] {taskinstance.py:1238} INFO - 
--------------------------------------------------------------------------------
[2022-06-22 07:45:02,559] {taskinstance.py:1239} INFO - Starting attempt 1 of 2
[2022-06-22 07:45:02,559] {taskinstance.py:1240} INFO - 
--------------------------------------------------------------------------------
[2022-06-22 07:45:02,613] {taskinstance.py:1259} INFO - Executing <Task(PostgresOperator): create_log_tables> on 2022-06-20 21:27:30.430782+00:00
[2022-06-22 07:45:02,654] {standard_task_runner.py:76} INFO - Running: ['***', 'tasks', 'run', 'DM-COUNT-account-turnover', 'create_log_tables', 'scheduled__2022-06-20T21:27:30.430782+00:00', '--job-id', '874', '--raw', '--subdir', 'DAGS_FOLDER/dm_fill_account_turnover.py', '--cfg-path', '/tmp/tmpy68er6c6', '--error-file', '/tmp/tmpaqj1wa7h']
[2022-06-22 07:45:02,663] {standard_task_runner.py:77} INFO - Job 874: Subtask create_log_tables
[2022-06-22 07:45:02,625] {standard_task_runner.py:52} INFO - Started process 82 to run task
[2022-06-22 07:45:03,001] {logging_mixin.py:109} INFO - Running <TaskInstance: DM-COUNT-account-turnover.create_log_tables scheduled__2022-06-20T21:27:30.430782+00:00 [running]> on host a0a302277daf
[2022-06-22 07:45:03,536] {taskinstance.py:1426} INFO - Exporting the following env vars:
AIRFLOW_CTX_DAG_OWNER=***
AIRFLOW_CTX_DAG_ID=DM-COUNT-account-turnover
AIRFLOW_CTX_TASK_ID=create_log_tables
AIRFLOW_CTX_EXECUTION_DATE=2022-06-20T21:27:30.430782+00:00
AIRFLOW_CTX_DAG_RUN_ID=scheduled__2022-06-20T21:27:30.430782+00:00
[2022-06-22 07:45:03,589] {base.py:79} INFO - Using connection to: id: postgres. Host: postgres, Port: 5432, Schema: postgres, Login: ***, Password: ***, extra: {}
[2022-06-22 07:45:03,619] {dbapi.py:225} INFO - Running statement: CREATE SCHEMA IF NOT EXISTS logs;
CREATE SEQUENCE IF NOT EXISTS logs.seq_lg_messages INCREMENT 1 START 1;


CREATE TABLE IF NOT EXISTS logs.load_csv_to_ds (
    ID SERIAL PRIMARY KEY,
    TABLE_NAME VARCHAR(30),
    CSV_PATH TEXT,
    TIME_START_LOAD TIMESTAMP DEFAULT CURRENT_TIMESTAMP(0),
    TIME_END_LOAD TIMESTAMP,
    condition TEXT
);


CREATE TABLE IF NOT EXISTS logs.lg_messages_dm ( 	
    record_id INT,
    date_time TIMESTAMP,
    pid TEXT,
    message TEXT,
    message_type TEXT,
    usename TEXT, 
    datname TEXT, 
    client_addr TEXT, 
    application_name TEXT,
    backend_start TEXT
);, parameters: None
[2022-06-22 07:45:03,637] {postgres.py:71} INFO - NOTICE:  schema "logs" already exists, skipping

[2022-06-22 07:45:03,637] {postgres.py:71} INFO - NOTICE:  relation "seq_lg_messages" already exists, skipping

[2022-06-22 07:45:03,637] {postgres.py:71} INFO - NOTICE:  relation "load_csv_to_ds" already exists, skipping

[2022-06-22 07:45:03,637] {postgres.py:71} INFO - NOTICE:  relation "lg_messages_dm" already exists, skipping

[2022-06-22 07:45:03,678] {taskinstance.py:1277} INFO - Marking task as SUCCESS. dag_id=DM-COUNT-account-turnover, task_id=create_log_tables, execution_date=20220620T212730, start_date=20220622T074502, end_date=20220622T074503
[2022-06-22 07:45:03,917] {local_task_job.py:154} INFO - Task exited with return code 0
[2022-06-22 07:45:04,479] {local_task_job.py:264} INFO - 0 downstream tasks scheduled from follow-on schedule check
