[2022-06-23 20:13:22,401] {taskinstance.py:1032} INFO - Dependencies all met for <TaskInstance: DM-COUNT-f101_round_f.log_procedure_create scheduled__2022-06-22T16:20:07.188456+00:00 [queued]>
[2022-06-23 20:13:22,427] {taskinstance.py:1032} INFO - Dependencies all met for <TaskInstance: DM-COUNT-f101_round_f.log_procedure_create scheduled__2022-06-22T16:20:07.188456+00:00 [queued]>
[2022-06-23 20:13:22,428] {taskinstance.py:1238} INFO - 
--------------------------------------------------------------------------------
[2022-06-23 20:13:22,428] {taskinstance.py:1239} INFO - Starting attempt 1 of 2
[2022-06-23 20:13:22,428] {taskinstance.py:1240} INFO - 
--------------------------------------------------------------------------------
[2022-06-23 20:13:22,459] {taskinstance.py:1259} INFO - Executing <Task(PostgresOperator): log_procedure_create> on 2022-06-22 16:20:07.188456+00:00
[2022-06-23 20:13:22,468] {standard_task_runner.py:52} INFO - Started process 68 to run task
[2022-06-23 20:13:22,474] {standard_task_runner.py:76} INFO - Running: ['***', 'tasks', 'run', 'DM-COUNT-f101_round_f', 'log_procedure_create', 'scheduled__2022-06-22T16:20:07.188456+00:00', '--job-id', '1208', '--raw', '--subdir', 'DAGS_FOLDER/f_101_round_f.py', '--cfg-path', '/tmp/tmp0clvgbop', '--error-file', '/tmp/tmpkw2012a6']
[2022-06-23 20:13:22,475] {standard_task_runner.py:77} INFO - Job 1208: Subtask log_procedure_create
[2022-06-23 20:13:22,740] {logging_mixin.py:109} INFO - Running <TaskInstance: DM-COUNT-f101_round_f.log_procedure_create scheduled__2022-06-22T16:20:07.188456+00:00 [running]> on host 1a36ba6d0ffa
[2022-06-23 20:13:22,975] {taskinstance.py:1426} INFO - Exporting the following env vars:
AIRFLOW_CTX_DAG_OWNER=***
AIRFLOW_CTX_DAG_ID=DM-COUNT-f101_round_f
AIRFLOW_CTX_TASK_ID=log_procedure_create
AIRFLOW_CTX_EXECUTION_DATE=2022-06-22T16:20:07.188456+00:00
AIRFLOW_CTX_DAG_RUN_ID=scheduled__2022-06-22T16:20:07.188456+00:00
[2022-06-23 20:13:23,005] {base.py:79} INFO - Using connection to: id: postgres. Host: postgres, Port: 5432, Schema: postgres, Login: ***, Password: ***, extra: {}
[2022-06-23 20:13:23,025] {dbapi.py:225} INFO - Running statement: create or replace procedure logs.writelog (
   i_message		varchar,
   i_messageType	int
)
language plpgsql    
as $$
declare
	log_NOTICE            constant int := 1;
	log_WARNING           constant int := 2;
	log_ERROR             constant int := 3;
	log_DEBUG             constant int := 4;

	c_splitToTable        constant int := 4000;
	c_splitToDbmsOutput   constant int := 900;

	v_logDate           timestamp;
	v_callerType        varchar;
	v_callerOwner       varchar;
	v_caller            varchar;
	v_line              numeric;
	v_message           varchar;
begin
    v_logDate := now();
    -- split to log table
    v_message := i_message;
	i_messageType	:= log_NOTICE;
    while length(v_message) > 0 loop
      insert into logs.lg_messages_dm ( 	
		record_id,
		date_time,
		pid,
		message,
		message_type,
		usename, 
		datname, 
		client_addr, 
		application_name,
		backend_start
    )
	select 	
			nextval('logs.seq_lg_messages'),
			now(),
			pid,
			substr(v_message, 1, c_splitToTable),
			i_messageType,
			usename, 
			datname, 
			client_addr, 
			application_name,
			backend_start
	 from pg_stat_activity
	where pid = pg_backend_pid();
      v_message := substr(v_message, c_splitToTable + 1);
    end loop;

    commit;
end;$$, parameters: None
[2022-06-23 20:13:23,150] {taskinstance.py:1277} INFO - Marking task as SUCCESS. dag_id=DM-COUNT-f101_round_f, task_id=log_procedure_create, execution_date=20220622T162007, start_date=20220623T201322, end_date=20220623T201323
[2022-06-23 20:13:23,205] {local_task_job.py:154} INFO - Task exited with return code 0
[2022-06-23 20:13:23,397] {local_task_job.py:264} INFO - 0 downstream tasks scheduled from follow-on schedule check
