[2022-06-20 07:03:51,717] {taskinstance.py:1032} INFO - Dependencies all met for <TaskInstance: DM-COUNT-account-turnover.START_COUNT_BY_DAY_21 scheduled__2022-06-18T21:27:30.430782+00:00 [queued]>
[2022-06-20 07:03:51,761] {taskinstance.py:1032} INFO - Dependencies all met for <TaskInstance: DM-COUNT-account-turnover.START_COUNT_BY_DAY_21 scheduled__2022-06-18T21:27:30.430782+00:00 [queued]>
[2022-06-20 07:03:51,761] {taskinstance.py:1238} INFO - 
--------------------------------------------------------------------------------
[2022-06-20 07:03:51,762] {taskinstance.py:1239} INFO - Starting attempt 1 of 2
[2022-06-20 07:03:51,762] {taskinstance.py:1240} INFO - 
--------------------------------------------------------------------------------
[2022-06-20 07:03:51,811] {taskinstance.py:1259} INFO - Executing <Task(PostgresOperator): START_COUNT_BY_DAY_21> on 2022-06-18 21:27:30.430782+00:00
[2022-06-20 07:03:51,816] {standard_task_runner.py:52} INFO - Started process 142 to run task
[2022-06-20 07:03:51,859] {standard_task_runner.py:76} INFO - Running: ['***', 'tasks', 'run', 'DM-COUNT-account-turnover', 'START_COUNT_BY_DAY_21', 'scheduled__2022-06-18T21:27:30.430782+00:00', '--job-id', '410', '--raw', '--subdir', 'DAGS_FOLDER/dm_fill_account_turnover.py', '--cfg-path', '/tmp/tmpzimwsfi6', '--error-file', '/tmp/tmpsmpsu8l5']
[2022-06-20 07:03:51,860] {standard_task_runner.py:77} INFO - Job 410: Subtask START_COUNT_BY_DAY_21
[2022-06-20 07:03:52,150] {logging_mixin.py:109} INFO - Running <TaskInstance: DM-COUNT-account-turnover.START_COUNT_BY_DAY_21 scheduled__2022-06-18T21:27:30.430782+00:00 [running]> on host c087b85f9f15
[2022-06-20 07:03:52,503] {taskinstance.py:1426} INFO - Exporting the following env vars:
AIRFLOW_CTX_DAG_OWNER=***
AIRFLOW_CTX_DAG_ID=DM-COUNT-account-turnover
AIRFLOW_CTX_TASK_ID=START_COUNT_BY_DAY_21
AIRFLOW_CTX_EXECUTION_DATE=2022-06-18T21:27:30.430782+00:00
AIRFLOW_CTX_DAG_RUN_ID=scheduled__2022-06-18T21:27:30.430782+00:00
[2022-06-20 07:03:52,536] {base.py:79} INFO - Using connection to: id: postgres. Host: postgres, Port: 5432, Schema: postgres, Login: ***, Password: ***, extra: {}
[2022-06-20 07:03:52,605] {dbapi.py:225} INFO - Running statement: CALL ds.fill_account_turnover_f (%(date)s::date);, parameters: {'date': '2018-01-21'}
[2022-06-20 07:03:52,777] {taskinstance.py:1277} INFO - Marking task as SUCCESS. dag_id=DM-COUNT-account-turnover, task_id=START_COUNT_BY_DAY_21, execution_date=20220618T212730, start_date=20220620T070351, end_date=20220620T070352
[2022-06-20 07:03:52,870] {local_task_job.py:154} INFO - Task exited with return code 0
[2022-06-20 07:03:53,207] {local_task_job.py:264} INFO - 0 downstream tasks scheduled from follow-on schedule check
