[2022-07-17 09:23:58,144] {taskinstance.py:1032} INFO - Dependencies all met for <TaskInstance: DM-COUNT-account-turnover.START_COUNT_BY_DAY_9 scheduled__2022-06-26T19:41:59.779564+00:00 [queued]>
[2022-07-17 09:23:58,222] {taskinstance.py:1032} INFO - Dependencies all met for <TaskInstance: DM-COUNT-account-turnover.START_COUNT_BY_DAY_9 scheduled__2022-06-26T19:41:59.779564+00:00 [queued]>
[2022-07-17 09:23:58,222] {taskinstance.py:1238} INFO - 
--------------------------------------------------------------------------------
[2022-07-17 09:23:58,223] {taskinstance.py:1239} INFO - Starting attempt 1 of 2
[2022-07-17 09:23:58,223] {taskinstance.py:1240} INFO - 
--------------------------------------------------------------------------------
[2022-07-17 09:23:58,284] {taskinstance.py:1259} INFO - Executing <Task(PostgresOperator): START_COUNT_BY_DAY_9> on 2022-06-26 19:41:59.779564+00:00
[2022-07-17 09:23:58,292] {standard_task_runner.py:52} INFO - Started process 238 to run task
[2022-07-17 09:23:58,299] {standard_task_runner.py:76} INFO - Running: ['***', 'tasks', 'run', 'DM-COUNT-account-turnover', 'START_COUNT_BY_DAY_9', 'scheduled__2022-06-26T19:41:59.779564+00:00', '--job-id', '1557', '--raw', '--subdir', 'DAGS_FOLDER/dm_fill_account_turnover.py', '--cfg-path', '/tmp/tmpmyrshufj', '--error-file', '/tmp/tmpxi8m0lty']
[2022-07-17 09:23:58,300] {standard_task_runner.py:77} INFO - Job 1557: Subtask START_COUNT_BY_DAY_9
[2022-07-17 09:23:58,457] {logging_mixin.py:109} INFO - Running <TaskInstance: DM-COUNT-account-turnover.START_COUNT_BY_DAY_9 scheduled__2022-06-26T19:41:59.779564+00:00 [running]> on host a04da3f4ff4b
[2022-07-17 09:23:58,738] {taskinstance.py:1426} INFO - Exporting the following env vars:
AIRFLOW_CTX_DAG_OWNER=***
AIRFLOW_CTX_DAG_ID=DM-COUNT-account-turnover
AIRFLOW_CTX_TASK_ID=START_COUNT_BY_DAY_9
AIRFLOW_CTX_EXECUTION_DATE=2022-06-26T19:41:59.779564+00:00
AIRFLOW_CTX_DAG_RUN_ID=scheduled__2022-06-26T19:41:59.779564+00:00
[2022-07-17 09:23:58,758] {base.py:79} INFO - Using connection to: id: postgres. Host: postgres, Port: 5432, Schema: postgres, Login: ***, Password: ***, extra: {}
[2022-07-17 09:23:58,767] {dbapi.py:225} INFO - Running statement: CALL ds.fill_account_turnover_f (%(date)s::date);, parameters: {'date': '2018-01-9'}
[2022-07-17 09:23:59,029] {taskinstance.py:1277} INFO - Marking task as SUCCESS. dag_id=DM-COUNT-account-turnover, task_id=START_COUNT_BY_DAY_9, execution_date=20220626T194159, start_date=20220717T092358, end_date=20220717T092359
[2022-07-17 09:23:59,156] {local_task_job.py:154} INFO - Task exited with return code 0
[2022-07-17 09:23:59,318] {local_task_job.py:264} INFO - 0 downstream tasks scheduled from follow-on schedule check
