[2022-06-21 14:47:25,446] {taskinstance.py:1032} INFO - Dependencies all met for <TaskInstance: DM-COUNT-account-turnover.START_COUNT_BY_DAY_4 manual__2022-06-21T14:47:12.417122+00:00 [queued]>
[2022-06-21 14:47:25,494] {taskinstance.py:1032} INFO - Dependencies all met for <TaskInstance: DM-COUNT-account-turnover.START_COUNT_BY_DAY_4 manual__2022-06-21T14:47:12.417122+00:00 [queued]>
[2022-06-21 14:47:25,494] {taskinstance.py:1238} INFO - 
--------------------------------------------------------------------------------
[2022-06-21 14:47:25,494] {taskinstance.py:1239} INFO - Starting attempt 1 of 2
[2022-06-21 14:47:25,494] {taskinstance.py:1240} INFO - 
--------------------------------------------------------------------------------
[2022-06-21 14:47:25,534] {taskinstance.py:1259} INFO - Executing <Task(PostgresOperator): START_COUNT_BY_DAY_4> on 2022-06-21 14:47:12.417122+00:00
[2022-06-21 14:47:25,541] {standard_task_runner.py:52} INFO - Started process 3588 to run task
[2022-06-21 14:47:25,578] {standard_task_runner.py:76} INFO - Running: ['***', 'tasks', 'run', 'DM-COUNT-account-turnover', 'START_COUNT_BY_DAY_4', 'manual__2022-06-21T14:47:12.417122+00:00', '--job-id', '831', '--raw', '--subdir', 'DAGS_FOLDER/dm_fill_account_turnover.py', '--cfg-path', '/tmp/tmpjfvd5d6l', '--error-file', '/tmp/tmpok9k255a']
[2022-06-21 14:47:25,584] {standard_task_runner.py:77} INFO - Job 831: Subtask START_COUNT_BY_DAY_4
[2022-06-21 14:47:25,721] {logging_mixin.py:109} INFO - Running <TaskInstance: DM-COUNT-account-turnover.START_COUNT_BY_DAY_4 manual__2022-06-21T14:47:12.417122+00:00 [running]> on host c087b85f9f15
[2022-06-21 14:47:25,844] {taskinstance.py:1426} INFO - Exporting the following env vars:
AIRFLOW_CTX_DAG_OWNER=***
AIRFLOW_CTX_DAG_ID=DM-COUNT-account-turnover
AIRFLOW_CTX_TASK_ID=START_COUNT_BY_DAY_4
AIRFLOW_CTX_EXECUTION_DATE=2022-06-21T14:47:12.417122+00:00
AIRFLOW_CTX_DAG_RUN_ID=manual__2022-06-21T14:47:12.417122+00:00
[2022-06-21 14:47:25,873] {base.py:79} INFO - Using connection to: id: postgres. Host: postgres, Port: 5432, Schema: postgres, Login: ***, Password: ***, extra: {}
[2022-06-21 14:47:25,887] {dbapi.py:225} INFO - Running statement: CALL ds.fill_account_turnover_f (%(date)s::date);, parameters: {'date': '2018-01-4'}
[2022-06-21 14:47:26,359] {taskinstance.py:1277} INFO - Marking task as SUCCESS. dag_id=DM-COUNT-account-turnover, task_id=START_COUNT_BY_DAY_4, execution_date=20220621T144712, start_date=20220621T144725, end_date=20220621T144726
[2022-06-21 14:47:26,418] {local_task_job.py:154} INFO - Task exited with return code 0
[2022-06-21 14:47:26,590] {local_task_job.py:264} INFO - 1 downstream tasks scheduled from follow-on schedule check
