[2022-06-25 19:42:03,943] {taskinstance.py:1032} INFO - Dependencies all met for <TaskInstance: DM-COUNT-account-turnover.START_COUNT_BY_DAY_29 scheduled__2022-06-24T19:41:59.779564+00:00 [queued]>
[2022-06-25 19:42:03,956] {taskinstance.py:1032} INFO - Dependencies all met for <TaskInstance: DM-COUNT-account-turnover.START_COUNT_BY_DAY_29 scheduled__2022-06-24T19:41:59.779564+00:00 [queued]>
[2022-06-25 19:42:03,956] {taskinstance.py:1238} INFO - 
--------------------------------------------------------------------------------
[2022-06-25 19:42:03,956] {taskinstance.py:1239} INFO - Starting attempt 1 of 2
[2022-06-25 19:42:03,956] {taskinstance.py:1240} INFO - 
--------------------------------------------------------------------------------
[2022-06-25 19:42:03,972] {taskinstance.py:1259} INFO - Executing <Task(PostgresOperator): START_COUNT_BY_DAY_29> on 2022-06-24 19:41:59.779564+00:00
[2022-06-25 19:42:03,976] {standard_task_runner.py:52} INFO - Started process 376 to run task
[2022-06-25 19:42:03,980] {standard_task_runner.py:76} INFO - Running: ['***', 'tasks', 'run', 'DM-COUNT-account-turnover', 'START_COUNT_BY_DAY_29', 'scheduled__2022-06-24T19:41:59.779564+00:00', '--job-id', '1347', '--raw', '--subdir', 'DAGS_FOLDER/dm_fill_account_turnover.py', '--cfg-path', '/tmp/tmp8gpn0x83', '--error-file', '/tmp/tmpy6patiph']
[2022-06-25 19:42:03,981] {standard_task_runner.py:77} INFO - Job 1347: Subtask START_COUNT_BY_DAY_29
[2022-06-25 19:42:04,110] {logging_mixin.py:109} INFO - Running <TaskInstance: DM-COUNT-account-turnover.START_COUNT_BY_DAY_29 scheduled__2022-06-24T19:41:59.779564+00:00 [running]> on host 1a36ba6d0ffa
[2022-06-25 19:42:04,665] {taskinstance.py:1426} INFO - Exporting the following env vars:
AIRFLOW_CTX_DAG_OWNER=***
AIRFLOW_CTX_DAG_ID=DM-COUNT-account-turnover
AIRFLOW_CTX_TASK_ID=START_COUNT_BY_DAY_29
AIRFLOW_CTX_EXECUTION_DATE=2022-06-24T19:41:59.779564+00:00
AIRFLOW_CTX_DAG_RUN_ID=scheduled__2022-06-24T19:41:59.779564+00:00
[2022-06-25 19:42:04,699] {base.py:79} INFO - Using connection to: id: postgres. Host: postgres, Port: 5432, Schema: postgres, Login: ***, Password: ***, extra: {}
[2022-06-25 19:42:04,740] {dbapi.py:225} INFO - Running statement: CALL ds.fill_account_turnover_f (%(date)s::date);, parameters: {'date': '2018-01-29'}
[2022-06-25 19:42:05,113] {taskinstance.py:1277} INFO - Marking task as SUCCESS. dag_id=DM-COUNT-account-turnover, task_id=START_COUNT_BY_DAY_29, execution_date=20220624T194159, start_date=20220625T194203, end_date=20220625T194205
[2022-06-25 19:42:05,185] {local_task_job.py:154} INFO - Task exited with return code 0
[2022-06-25 19:42:05,635] {local_task_job.py:264} INFO - 0 downstream tasks scheduled from follow-on schedule check
