[2022-06-08 13:26:42,812] {taskinstance.py:1159} INFO - Dependencies all met for <TaskInstance: CSV_TO_DS.SEND_DS_ft_balance_f manual__2022-06-08T13:26:40.000407+00:00 [queued]>
[2022-06-08 13:26:42,822] {taskinstance.py:1159} INFO - Dependencies all met for <TaskInstance: CSV_TO_DS.SEND_DS_ft_balance_f manual__2022-06-08T13:26:40.000407+00:00 [queued]>
[2022-06-08 13:26:42,822] {taskinstance.py:1356} INFO - 
--------------------------------------------------------------------------------
[2022-06-08 13:26:42,822] {taskinstance.py:1357} INFO - Starting attempt 1 of 2
[2022-06-08 13:26:42,822] {taskinstance.py:1358} INFO - 
--------------------------------------------------------------------------------
[2022-06-08 13:26:42,835] {taskinstance.py:1377} INFO - Executing <Task(PythonOperator): SEND_DS_ft_balance_f> on 2022-06-08 13:26:40.000407+00:00
[2022-06-08 13:26:42,839] {standard_task_runner.py:52} INFO - Started process 12468 to run task
[2022-06-08 13:26:42,842] {standard_task_runner.py:79} INFO - Running: ['***', 'tasks', 'run', 'CSV_TO_DS', 'SEND_DS_ft_balance_f', 'manual__2022-06-08T13:26:40.000407+00:00', '--job-id', '168', '--raw', '--subdir', 'DAGS_FOLDER/csv_to_ds.py', '--cfg-path', '/tmp/tmp2do19ykz', '--error-file', '/tmp/tmp_dvawo1z']
[2022-06-08 13:26:42,843] {standard_task_runner.py:80} INFO - Job 168: Subtask SEND_DS_ft_balance_f
[2022-06-08 13:26:42,895] {task_command.py:370} INFO - Running <TaskInstance: CSV_TO_DS.SEND_DS_ft_balance_f manual__2022-06-08T13:26:40.000407+00:00 [running]> on host 33a1fdf44d41
[2022-06-08 13:26:42,988] {taskinstance.py:1571} INFO - Exporting the following env vars:
AIRFLOW_CTX_DAG_OWNER=***
AIRFLOW_CTX_DAG_ID=CSV_TO_DS
AIRFLOW_CTX_TASK_ID=SEND_DS_ft_balance_f
AIRFLOW_CTX_EXECUTION_DATE=2022-06-08T13:26:40.000407+00:00
AIRFLOW_CTX_TRY_NUMBER=1
AIRFLOW_CTX_DAG_RUN_ID=manual__2022-06-08T13:26:40.000407+00:00
[2022-06-08 13:26:42,997] {base.py:68} INFO - Using connection ID 'postgres' for task execution.
[2022-06-08 13:26:43,033] {base.py:68} INFO - Using connection ID 'postgres' for task execution.
[2022-06-08 13:26:43,042] {csv_to_ds.py:85} INFO - Column on_date changed date-time format
[2022-06-08 13:26:43,042] {csv_to_ds.py:92} INFO - Table ft_balance_f read in pandas success.
[2022-06-08 13:26:43,050] {csv_to_ds.py:93} INFO - 
      on_date  account_rk  currency_rk  balance_out
0 2017-12-31    36237725           35     38318.14
1 2017-12-31       24656           35     80533.62
2 2017-12-31    18849846           34     63891.96
3 2017-12-31     1972647           34     87732.10
4 2017-12-31    34157174           34     97806.90
[2022-06-08 13:26:43,062] {csv_to_ds.py:103} INFO - Ignore dublicate pk
[2022-06-08 13:26:43,066] {csv_to_ds.py:103} INFO - Ignore dublicate pk
[2022-06-08 13:26:43,070] {csv_to_ds.py:103} INFO - Ignore dublicate pk
[2022-06-08 13:26:43,075] {csv_to_ds.py:103} INFO - Ignore dublicate pk
[2022-06-08 13:26:43,079] {csv_to_ds.py:103} INFO - Ignore dublicate pk
[2022-06-08 13:26:43,082] {csv_to_ds.py:103} INFO - Ignore dublicate pk
[2022-06-08 13:26:43,087] {csv_to_ds.py:103} INFO - Ignore dublicate pk
[2022-06-08 13:26:43,091] {csv_to_ds.py:103} INFO - Ignore dublicate pk
[2022-06-08 13:26:43,095] {csv_to_ds.py:103} INFO - Ignore dublicate pk
[2022-06-08 13:26:43,100] {csv_to_ds.py:103} INFO - Ignore dublicate pk
[2022-06-08 13:26:43,104] {csv_to_ds.py:103} INFO - Ignore dublicate pk
[2022-06-08 13:26:43,110] {csv_to_ds.py:103} INFO - Ignore dublicate pk
[2022-06-08 13:26:43,114] {csv_to_ds.py:103} INFO - Ignore dublicate pk
[2022-06-08 13:26:43,121] {csv_to_ds.py:103} INFO - Ignore dublicate pk
[2022-06-08 13:26:43,125] {csv_to_ds.py:103} INFO - Ignore dublicate pk
[2022-06-08 13:26:43,130] {csv_to_ds.py:103} INFO - Ignore dublicate pk
[2022-06-08 13:26:43,135] {csv_to_ds.py:103} INFO - Ignore dublicate pk
[2022-06-08 13:26:43,140] {csv_to_ds.py:103} INFO - Ignore dublicate pk
[2022-06-08 13:26:43,144] {csv_to_ds.py:103} INFO - Ignore dublicate pk
[2022-06-08 13:26:43,149] {csv_to_ds.py:103} INFO - Ignore dublicate pk
[2022-06-08 13:26:43,154] {csv_to_ds.py:103} INFO - Ignore dublicate pk
[2022-06-08 13:26:43,159] {csv_to_ds.py:103} INFO - Ignore dublicate pk
[2022-06-08 13:26:43,163] {csv_to_ds.py:103} INFO - Ignore dublicate pk
[2022-06-08 13:26:43,168] {csv_to_ds.py:103} INFO - Ignore dublicate pk
[2022-06-08 13:26:43,173] {csv_to_ds.py:103} INFO - Ignore dublicate pk
[2022-06-08 13:26:43,177] {csv_to_ds.py:103} INFO - Ignore dublicate pk
[2022-06-08 13:26:43,182] {csv_to_ds.py:103} INFO - Ignore dublicate pk
[2022-06-08 13:26:43,190] {csv_to_ds.py:103} INFO - Ignore dublicate pk
[2022-06-08 13:26:43,194] {csv_to_ds.py:103} INFO - Ignore dublicate pk
[2022-06-08 13:26:43,208] {csv_to_ds.py:103} INFO - Ignore dublicate pk
[2022-06-08 13:26:43,212] {csv_to_ds.py:103} INFO - Ignore dublicate pk
[2022-06-08 13:26:43,218] {csv_to_ds.py:103} INFO - Ignore dublicate pk
[2022-06-08 13:26:43,223] {csv_to_ds.py:103} INFO - Ignore dublicate pk
[2022-06-08 13:26:43,228] {csv_to_ds.py:103} INFO - Ignore dublicate pk
[2022-06-08 13:26:43,238] {csv_to_ds.py:103} INFO - Ignore dublicate pk
[2022-06-08 13:26:43,243] {csv_to_ds.py:103} INFO - Ignore dublicate pk
[2022-06-08 13:26:43,247] {csv_to_ds.py:103} INFO - Ignore dublicate pk
[2022-06-08 13:26:43,253] {csv_to_ds.py:103} INFO - Ignore dublicate pk
[2022-06-08 13:26:43,257] {csv_to_ds.py:103} INFO - Ignore dublicate pk
[2022-06-08 13:26:43,261] {csv_to_ds.py:103} INFO - Ignore dublicate pk
[2022-06-08 13:26:43,266] {csv_to_ds.py:103} INFO - Ignore dublicate pk
[2022-06-08 13:26:43,270] {csv_to_ds.py:103} INFO - Ignore dublicate pk
[2022-06-08 13:26:43,274] {csv_to_ds.py:103} INFO - Ignore dublicate pk
[2022-06-08 13:26:43,279] {csv_to_ds.py:103} INFO - Ignore dublicate pk
[2022-06-08 13:26:43,283] {csv_to_ds.py:103} INFO - Ignore dublicate pk
[2022-06-08 13:26:43,288] {csv_to_ds.py:103} INFO - Ignore dublicate pk
[2022-06-08 13:26:43,291] {csv_to_ds.py:103} INFO - Ignore dublicate pk
[2022-06-08 13:26:43,295] {csv_to_ds.py:103} INFO - Ignore dublicate pk
[2022-06-08 13:26:43,299] {csv_to_ds.py:103} INFO - Ignore dublicate pk
[2022-06-08 13:26:43,303] {csv_to_ds.py:103} INFO - Ignore dublicate pk
[2022-06-08 13:26:43,307] {csv_to_ds.py:103} INFO - Ignore dublicate pk
[2022-06-08 13:26:43,312] {csv_to_ds.py:103} INFO - Ignore dublicate pk
[2022-06-08 13:26:43,316] {csv_to_ds.py:103} INFO - Ignore dublicate pk
[2022-06-08 13:26:43,321] {csv_to_ds.py:103} INFO - Ignore dublicate pk
[2022-06-08 13:26:43,325] {csv_to_ds.py:103} INFO - Ignore dublicate pk
[2022-06-08 13:26:43,329] {csv_to_ds.py:103} INFO - Ignore dublicate pk
[2022-06-08 13:26:43,333] {csv_to_ds.py:103} INFO - Ignore dublicate pk
[2022-06-08 13:26:43,338] {csv_to_ds.py:103} INFO - Ignore dublicate pk
[2022-06-08 13:26:43,343] {csv_to_ds.py:103} INFO - Ignore dublicate pk
[2022-06-08 13:26:43,347] {csv_to_ds.py:103} INFO - Ignore dublicate pk
[2022-06-08 13:26:43,351] {csv_to_ds.py:103} INFO - Ignore dublicate pk
[2022-06-08 13:26:43,355] {csv_to_ds.py:103} INFO - Ignore dublicate pk
[2022-06-08 13:26:43,359] {csv_to_ds.py:103} INFO - Ignore dublicate pk
[2022-06-08 13:26:43,363] {csv_to_ds.py:103} INFO - Ignore dublicate pk
[2022-06-08 13:26:43,369] {csv_to_ds.py:103} INFO - Ignore dublicate pk
[2022-06-08 13:26:43,373] {csv_to_ds.py:103} INFO - Ignore dublicate pk
[2022-06-08 13:26:43,377] {csv_to_ds.py:103} INFO - Ignore dublicate pk
[2022-06-08 13:26:43,381] {csv_to_ds.py:103} INFO - Ignore dublicate pk
[2022-06-08 13:26:43,386] {csv_to_ds.py:103} INFO - Ignore dublicate pk
[2022-06-08 13:26:43,390] {csv_to_ds.py:103} INFO - Ignore dublicate pk
[2022-06-08 13:26:43,394] {csv_to_ds.py:103} INFO - Ignore dublicate pk
[2022-06-08 13:26:43,399] {csv_to_ds.py:103} INFO - Ignore dublicate pk
[2022-06-08 13:26:43,404] {csv_to_ds.py:103} INFO - Ignore dublicate pk
[2022-06-08 13:26:43,415] {csv_to_ds.py:103} INFO - Ignore dublicate pk
[2022-06-08 13:26:43,431] {csv_to_ds.py:103} INFO - Ignore dublicate pk
[2022-06-08 13:26:43,439] {csv_to_ds.py:103} INFO - Ignore dublicate pk
[2022-06-08 13:26:43,449] {csv_to_ds.py:103} INFO - Ignore dublicate pk
[2022-06-08 13:26:43,454] {csv_to_ds.py:103} INFO - Ignore dublicate pk
[2022-06-08 13:26:43,458] {csv_to_ds.py:103} INFO - Ignore dublicate pk
[2022-06-08 13:26:43,463] {csv_to_ds.py:103} INFO - Ignore dublicate pk
[2022-06-08 13:26:43,468] {csv_to_ds.py:103} INFO - Ignore dublicate pk
[2022-06-08 13:26:43,473] {csv_to_ds.py:103} INFO - Ignore dublicate pk
[2022-06-08 13:26:43,477] {csv_to_ds.py:103} INFO - Ignore dublicate pk
[2022-06-08 13:26:43,482] {csv_to_ds.py:103} INFO - Ignore dublicate pk
[2022-06-08 13:26:43,487] {csv_to_ds.py:103} INFO - Ignore dublicate pk
[2022-06-08 13:26:43,492] {csv_to_ds.py:103} INFO - Ignore dublicate pk
[2022-06-08 13:26:43,496] {csv_to_ds.py:103} INFO - Ignore dublicate pk
[2022-06-08 13:26:43,501] {csv_to_ds.py:103} INFO - Ignore dublicate pk
[2022-06-08 13:26:43,507] {csv_to_ds.py:103} INFO - Ignore dublicate pk
[2022-06-08 13:26:43,511] {csv_to_ds.py:103} INFO - Ignore dublicate pk
[2022-06-08 13:26:43,515] {csv_to_ds.py:103} INFO - Ignore dublicate pk
[2022-06-08 13:26:43,520] {csv_to_ds.py:103} INFO - Ignore dublicate pk
[2022-06-08 13:26:43,526] {csv_to_ds.py:103} INFO - Ignore dublicate pk
[2022-06-08 13:26:43,530] {csv_to_ds.py:103} INFO - Ignore dublicate pk
[2022-06-08 13:26:43,535] {csv_to_ds.py:103} INFO - Ignore dublicate pk
[2022-06-08 13:26:43,539] {csv_to_ds.py:103} INFO - Ignore dublicate pk
[2022-06-08 13:26:43,544] {csv_to_ds.py:103} INFO - Ignore dublicate pk
[2022-06-08 13:26:43,548] {csv_to_ds.py:103} INFO - Ignore dublicate pk
[2022-06-08 13:26:43,553] {csv_to_ds.py:103} INFO - Ignore dublicate pk
[2022-06-08 13:26:43,565] {csv_to_ds.py:103} INFO - Ignore dublicate pk
[2022-06-08 13:26:43,571] {csv_to_ds.py:103} INFO - Ignore dublicate pk
[2022-06-08 13:26:43,575] {csv_to_ds.py:103} INFO - Ignore dublicate pk
[2022-06-08 13:26:43,580] {csv_to_ds.py:103} INFO - Ignore dublicate pk
[2022-06-08 13:26:43,586] {csv_to_ds.py:103} INFO - Ignore dublicate pk
[2022-06-08 13:26:43,593] {csv_to_ds.py:103} INFO - Ignore dublicate pk
[2022-06-08 13:26:43,598] {csv_to_ds.py:103} INFO - Ignore dublicate pk
[2022-06-08 13:26:43,603] {csv_to_ds.py:103} INFO - Ignore dublicate pk
[2022-06-08 13:26:43,609] {csv_to_ds.py:103} INFO - Ignore dublicate pk
[2022-06-08 13:26:43,619] {csv_to_ds.py:103} INFO - Ignore dublicate pk
[2022-06-08 13:26:43,745] {csv_to_ds.py:103} INFO - Ignore dublicate pk
[2022-06-08 13:26:43,749] {csv_to_ds.py:103} INFO - Ignore dublicate pk
[2022-06-08 13:26:43,754] {csv_to_ds.py:103} INFO - Ignore dublicate pk
[2022-06-08 13:26:43,754] {csv_to_ds.py:109} INFO - Table ft_balance_f in ds schema has updated success.
[2022-06-08 13:26:48,777] {python.py:173} INFO - Done. Returned value was: None
[2022-06-08 13:26:48,795] {taskinstance.py:1400} INFO - Marking task as SUCCESS. dag_id=CSV_TO_DS, task_id=SEND_DS_ft_balance_f, execution_date=20220608T132640, start_date=20220608T132642, end_date=20220608T132648
[2022-06-08 13:26:48,819] {local_task_job.py:156} INFO - Task exited with return code 0
[2022-06-08 13:26:48,860] {local_task_job.py:273} INFO - 1 downstream tasks scheduled from follow-on schedule check
