[2022-06-23 20:13:29,684] {taskinstance.py:1032} INFO - Dependencies all met for <TaskInstance: DM-COUNT-f101_round_f.count_f101-21 scheduled__2022-06-22T16:20:07.188456+00:00 [queued]>
[2022-06-23 20:13:29,823] {taskinstance.py:1032} INFO - Dependencies all met for <TaskInstance: DM-COUNT-f101_round_f.count_f101-21 scheduled__2022-06-22T16:20:07.188456+00:00 [queued]>
[2022-06-23 20:13:29,823] {taskinstance.py:1238} INFO - 
--------------------------------------------------------------------------------
[2022-06-23 20:13:29,823] {taskinstance.py:1239} INFO - Starting attempt 1 of 2
[2022-06-23 20:13:29,823] {taskinstance.py:1240} INFO - 
--------------------------------------------------------------------------------
[2022-06-23 20:13:29,955] {taskinstance.py:1259} INFO - Executing <Task(PostgresOperator): count_f101-21> on 2022-06-22 16:20:07.188456+00:00
[2022-06-23 20:13:30,004] {standard_task_runner.py:52} INFO - Started process 113 to run task
[2022-06-23 20:13:30,009] {standard_task_runner.py:76} INFO - Running: ['***', 'tasks', 'run', 'DM-COUNT-f101_round_f', 'count_f101-21', 'scheduled__2022-06-22T16:20:07.188456+00:00', '--job-id', '1213', '--raw', '--subdir', 'DAGS_FOLDER/f_101_round_f.py', '--cfg-path', '/tmp/tmprom_f9lg', '--error-file', '/tmp/tmp2z9_8mxh']
[2022-06-23 20:13:30,010] {standard_task_runner.py:77} INFO - Job 1213: Subtask count_f101-21
[2022-06-23 20:13:30,178] {logging_mixin.py:109} INFO - Running <TaskInstance: DM-COUNT-f101_round_f.count_f101-21 scheduled__2022-06-22T16:20:07.188456+00:00 [running]> on host 1a36ba6d0ffa
[2022-06-23 20:13:31,451] {taskinstance.py:1426} INFO - Exporting the following env vars:
AIRFLOW_CTX_DAG_OWNER=***
AIRFLOW_CTX_DAG_ID=DM-COUNT-f101_round_f
AIRFLOW_CTX_TASK_ID=count_f101-21
AIRFLOW_CTX_EXECUTION_DATE=2022-06-22T16:20:07.188456+00:00
AIRFLOW_CTX_DAG_RUN_ID=scheduled__2022-06-22T16:20:07.188456+00:00
[2022-06-23 20:13:31,468] {base.py:79} INFO - Using connection to: id: postgres. Host: postgres, Port: 5432, Schema: postgres, Login: ***, Password: ***, extra: {}
[2022-06-23 20:13:31,490] {dbapi.py:225} INFO - Running statement: CALL dm.fill_f101_round_f (%(date)s::date);, parameters: {'date': '2018-01-21'}
[2022-06-23 20:13:32,104] {taskinstance.py:1277} INFO - Marking task as SUCCESS. dag_id=DM-COUNT-f101_round_f, task_id=count_f101-21, execution_date=20220622T162007, start_date=20220623T201329, end_date=20220623T201332
[2022-06-23 20:13:32,195] {local_task_job.py:154} INFO - Task exited with return code 0
[2022-06-23 20:13:33,222] {local_task_job.py:264} INFO - 0 downstream tasks scheduled from follow-on schedule check
