[2022-06-18 15:14:34,325] {taskinstance.py:1032} INFO - Dependencies all met for <TaskInstance: DM-COUNT-account-turnover.START_COUNT_BY_DAY_6 manual__2022-06-18T15:14:12.826519+00:00 [queued]>
[2022-06-18 15:14:34,440] {taskinstance.py:1032} INFO - Dependencies all met for <TaskInstance: DM-COUNT-account-turnover.START_COUNT_BY_DAY_6 manual__2022-06-18T15:14:12.826519+00:00 [queued]>
[2022-06-18 15:14:34,441] {taskinstance.py:1238} INFO - 
--------------------------------------------------------------------------------
[2022-06-18 15:14:34,441] {taskinstance.py:1239} INFO - Starting attempt 1 of 2
[2022-06-18 15:14:34,441] {taskinstance.py:1240} INFO - 
--------------------------------------------------------------------------------
[2022-06-18 15:14:34,519] {taskinstance.py:1259} INFO - Executing <Task(PostgresOperator): START_COUNT_BY_DAY_6> on 2022-06-18 15:14:12.826519+00:00
[2022-06-18 15:14:34,539] {standard_task_runner.py:52} INFO - Started process 1855 to run task
[2022-06-18 15:14:34,568] {standard_task_runner.py:76} INFO - Running: ['***', 'tasks', 'run', 'DM-COUNT-account-turnover', 'START_COUNT_BY_DAY_6', 'manual__2022-06-18T15:14:12.826519+00:00', '--job-id', '171', '--raw', '--subdir', 'DAGS_FOLDER/dm_fill_account_turnover.py', '--cfg-path', '/tmp/tmprqlpgz6x', '--error-file', '/tmp/tmpknkeznv8']
[2022-06-18 15:14:34,569] {standard_task_runner.py:77} INFO - Job 171: Subtask START_COUNT_BY_DAY_6
[2022-06-18 15:14:34,886] {logging_mixin.py:109} INFO - Running <TaskInstance: DM-COUNT-account-turnover.START_COUNT_BY_DAY_6 manual__2022-06-18T15:14:12.826519+00:00 [running]> on host 191dd4d3d1ba
[2022-06-18 15:14:35,836] {taskinstance.py:1426} INFO - Exporting the following env vars:
AIRFLOW_CTX_DAG_OWNER=***
AIRFLOW_CTX_DAG_ID=DM-COUNT-account-turnover
AIRFLOW_CTX_TASK_ID=START_COUNT_BY_DAY_6
AIRFLOW_CTX_EXECUTION_DATE=2022-06-18T15:14:12.826519+00:00
AIRFLOW_CTX_DAG_RUN_ID=manual__2022-06-18T15:14:12.826519+00:00
[2022-06-18 15:14:35,863] {base.py:79} INFO - Using connection to: id: postgres. Host: postgres, Port: 5432, Schema: postgres, Login: ***, Password: ***, extra: {}
[2022-06-18 15:14:35,878] {dbapi.py:225} INFO - Running statement: CALL ds.fill_account_turnover_f (%(date)s::date);, parameters: {'date': '2018-01-6'}
[2022-06-18 15:14:36,320] {taskinstance.py:1277} INFO - Marking task as SUCCESS. dag_id=DM-COUNT-account-turnover, task_id=START_COUNT_BY_DAY_6, execution_date=20220618T151412, start_date=20220618T151434, end_date=20220618T151436
[2022-06-18 15:14:36,418] {local_task_job.py:154} INFO - Task exited with return code 0
[2022-06-18 15:14:36,781] {local_task_job.py:264} INFO - 0 downstream tasks scheduled from follow-on schedule check
