[2022-06-25 19:47:11,305] {taskinstance.py:1032} INFO - Dependencies all met for <TaskInstance: DM-COUNT-f101_round_f.count_f101-23 scheduled__2022-06-24T19:47:05.358363+00:00 [queued]>
[2022-06-25 19:47:11,329] {taskinstance.py:1032} INFO - Dependencies all met for <TaskInstance: DM-COUNT-f101_round_f.count_f101-23 scheduled__2022-06-24T19:47:05.358363+00:00 [queued]>
[2022-06-25 19:47:11,330] {taskinstance.py:1238} INFO - 
--------------------------------------------------------------------------------
[2022-06-25 19:47:11,330] {taskinstance.py:1239} INFO - Starting attempt 1 of 2
[2022-06-25 19:47:11,330] {taskinstance.py:1240} INFO - 
--------------------------------------------------------------------------------
[2022-06-25 19:47:11,387] {taskinstance.py:1259} INFO - Executing <Task(PostgresOperator): count_f101-23> on 2022-06-24 19:47:05.358363+00:00
[2022-06-25 19:47:11,394] {standard_task_runner.py:52} INFO - Started process 726 to run task
[2022-06-25 19:47:11,444] {standard_task_runner.py:76} INFO - Running: ['***', 'tasks', 'run', 'DM-COUNT-f101_round_f', 'count_f101-23', 'scheduled__2022-06-24T19:47:05.358363+00:00', '--job-id', '1385', '--raw', '--subdir', 'DAGS_FOLDER/f_101_round_f.py', '--cfg-path', '/tmp/tmpclyqea1x', '--error-file', '/tmp/tmpz0nyu3bh']
[2022-06-25 19:47:11,448] {standard_task_runner.py:77} INFO - Job 1385: Subtask count_f101-23
[2022-06-25 19:47:11,786] {logging_mixin.py:109} INFO - Running <TaskInstance: DM-COUNT-f101_round_f.count_f101-23 scheduled__2022-06-24T19:47:05.358363+00:00 [running]> on host 1a36ba6d0ffa
[2022-06-25 19:47:11,943] {taskinstance.py:1426} INFO - Exporting the following env vars:
AIRFLOW_CTX_DAG_OWNER=***
AIRFLOW_CTX_DAG_ID=DM-COUNT-f101_round_f
AIRFLOW_CTX_TASK_ID=count_f101-23
AIRFLOW_CTX_EXECUTION_DATE=2022-06-24T19:47:05.358363+00:00
AIRFLOW_CTX_DAG_RUN_ID=scheduled__2022-06-24T19:47:05.358363+00:00
[2022-06-25 19:47:11,973] {base.py:79} INFO - Using connection to: id: postgres. Host: postgres, Port: 5432, Schema: postgres, Login: ***, Password: ***, extra: {}
[2022-06-25 19:47:11,981] {dbapi.py:225} INFO - Running statement: CALL dm.fill_f101_round_f (%(date)s::date);, parameters: {'date': '2018-01-23'}
[2022-06-25 19:47:12,984] {taskinstance.py:1277} INFO - Marking task as SUCCESS. dag_id=DM-COUNT-f101_round_f, task_id=count_f101-23, execution_date=20220624T194705, start_date=20220625T194711, end_date=20220625T194712
[2022-06-25 19:47:13,020] {local_task_job.py:154} INFO - Task exited with return code 0
[2022-06-25 19:47:13,458] {local_task_job.py:264} INFO - 0 downstream tasks scheduled from follow-on schedule check
