[2022-06-26 21:17:19,045] {taskinstance.py:1032} INFO - Dependencies all met for <TaskInstance: DM-COUNT-account-turnover.START_COUNT_BY_DAY_11 scheduled__2022-06-25T19:41:59.779564+00:00 [queued]>
[2022-06-26 21:17:19,134] {taskinstance.py:1032} INFO - Dependencies all met for <TaskInstance: DM-COUNT-account-turnover.START_COUNT_BY_DAY_11 scheduled__2022-06-25T19:41:59.779564+00:00 [queued]>
[2022-06-26 21:17:19,134] {taskinstance.py:1238} INFO - 
--------------------------------------------------------------------------------
[2022-06-26 21:17:19,134] {taskinstance.py:1239} INFO - Starting attempt 1 of 2
[2022-06-26 21:17:19,134] {taskinstance.py:1240} INFO - 
--------------------------------------------------------------------------------
[2022-06-26 21:17:19,262] {taskinstance.py:1259} INFO - Executing <Task(PostgresOperator): START_COUNT_BY_DAY_11> on 2022-06-25 19:41:59.779564+00:00
[2022-06-26 21:17:19,301] {standard_task_runner.py:52} INFO - Started process 140 to run task
[2022-06-26 21:17:19,343] {standard_task_runner.py:76} INFO - Running: ['***', 'tasks', 'run', 'DM-COUNT-account-turnover', 'START_COUNT_BY_DAY_11', 'scheduled__2022-06-25T19:41:59.779564+00:00', '--job-id', '1433', '--raw', '--subdir', 'DAGS_FOLDER/dm_fill_account_turnover.py', '--cfg-path', '/tmp/tmp7cp9x0y9', '--error-file', '/tmp/tmp2y1l2e5_']
[2022-06-26 21:17:19,344] {standard_task_runner.py:77} INFO - Job 1433: Subtask START_COUNT_BY_DAY_11
[2022-06-26 21:17:19,638] {logging_mixin.py:109} INFO - Running <TaskInstance: DM-COUNT-account-turnover.START_COUNT_BY_DAY_11 scheduled__2022-06-25T19:41:59.779564+00:00 [running]> on host 8dd6b2950340
[2022-06-26 21:17:19,768] {taskinstance.py:1426} INFO - Exporting the following env vars:
AIRFLOW_CTX_DAG_OWNER=***
AIRFLOW_CTX_DAG_ID=DM-COUNT-account-turnover
AIRFLOW_CTX_TASK_ID=START_COUNT_BY_DAY_11
AIRFLOW_CTX_EXECUTION_DATE=2022-06-25T19:41:59.779564+00:00
AIRFLOW_CTX_DAG_RUN_ID=scheduled__2022-06-25T19:41:59.779564+00:00
[2022-06-26 21:17:19,790] {base.py:79} INFO - Using connection to: id: postgres. Host: postgres, Port: 5432, Schema: postgres, Login: ***, Password: ***, extra: {}
[2022-06-26 21:17:19,801] {dbapi.py:225} INFO - Running statement: CALL ds.fill_account_turnover_f (%(date)s::date);, parameters: {'date': '2018-01-11'}
[2022-06-26 21:17:20,780] {taskinstance.py:1277} INFO - Marking task as SUCCESS. dag_id=DM-COUNT-account-turnover, task_id=START_COUNT_BY_DAY_11, execution_date=20220625T194159, start_date=20220626T211719, end_date=20220626T211720
[2022-06-26 21:17:20,899] {local_task_job.py:154} INFO - Task exited with return code 0
[2022-06-26 21:17:21,881] {local_task_job.py:264} INFO - 0 downstream tasks scheduled from follow-on schedule check
