[2022-06-18 15:14:37,235] {taskinstance.py:1032} INFO - Dependencies all met for <TaskInstance: DM-COUNT-account-turnover.START_COUNT_BY_DAY_19 manual__2022-06-18T15:14:12.826519+00:00 [queued]>
[2022-06-18 15:14:37,295] {taskinstance.py:1032} INFO - Dependencies all met for <TaskInstance: DM-COUNT-account-turnover.START_COUNT_BY_DAY_19 manual__2022-06-18T15:14:12.826519+00:00 [queued]>
[2022-06-18 15:14:37,296] {taskinstance.py:1238} INFO - 
--------------------------------------------------------------------------------
[2022-06-18 15:14:37,296] {taskinstance.py:1239} INFO - Starting attempt 1 of 2
[2022-06-18 15:14:37,296] {taskinstance.py:1240} INFO - 
--------------------------------------------------------------------------------
[2022-06-18 15:14:37,356] {taskinstance.py:1259} INFO - Executing <Task(PostgresOperator): START_COUNT_BY_DAY_19> on 2022-06-18 15:14:12.826519+00:00
[2022-06-18 15:14:37,369] {standard_task_runner.py:52} INFO - Started process 1880 to run task
[2022-06-18 15:14:37,406] {standard_task_runner.py:76} INFO - Running: ['***', 'tasks', 'run', 'DM-COUNT-account-turnover', 'START_COUNT_BY_DAY_19', 'manual__2022-06-18T15:14:12.826519+00:00', '--job-id', '182', '--raw', '--subdir', 'DAGS_FOLDER/dm_fill_account_turnover.py', '--cfg-path', '/tmp/tmp7z5dwkmp', '--error-file', '/tmp/tmpz20w_smr']
[2022-06-18 15:14:37,409] {standard_task_runner.py:77} INFO - Job 182: Subtask START_COUNT_BY_DAY_19
[2022-06-18 15:14:37,570] {logging_mixin.py:109} INFO - Running <TaskInstance: DM-COUNT-account-turnover.START_COUNT_BY_DAY_19 manual__2022-06-18T15:14:12.826519+00:00 [running]> on host 191dd4d3d1ba
[2022-06-18 15:14:37,858] {taskinstance.py:1426} INFO - Exporting the following env vars:
AIRFLOW_CTX_DAG_OWNER=***
AIRFLOW_CTX_DAG_ID=DM-COUNT-account-turnover
AIRFLOW_CTX_TASK_ID=START_COUNT_BY_DAY_19
AIRFLOW_CTX_EXECUTION_DATE=2022-06-18T15:14:12.826519+00:00
AIRFLOW_CTX_DAG_RUN_ID=manual__2022-06-18T15:14:12.826519+00:00
[2022-06-18 15:14:37,876] {base.py:79} INFO - Using connection to: id: postgres. Host: postgres, Port: 5432, Schema: postgres, Login: ***, Password: ***, extra: {}
[2022-06-18 15:14:37,885] {dbapi.py:225} INFO - Running statement: CALL ds.fill_account_turnover_f (%(date)s::date);, parameters: {'date': '2018-01-19'}
[2022-06-18 15:14:38,028] {taskinstance.py:1277} INFO - Marking task as SUCCESS. dag_id=DM-COUNT-account-turnover, task_id=START_COUNT_BY_DAY_19, execution_date=20220618T151412, start_date=20220618T151437, end_date=20220618T151438
[2022-06-18 15:14:38,079] {local_task_job.py:154} INFO - Task exited with return code 0
[2022-06-18 15:14:38,137] {local_task_job.py:264} INFO - 0 downstream tasks scheduled from follow-on schedule check
