[2022-06-21 06:27:53,936] {taskinstance.py:1032} INFO - Dependencies all met for <TaskInstance: DM-COUNT-f101_round_f.count_f101-8 scheduled__2022-06-19T16:20:07.188456+00:00 [queued]>
[2022-06-21 06:27:53,973] {taskinstance.py:1032} INFO - Dependencies all met for <TaskInstance: DM-COUNT-f101_round_f.count_f101-8 scheduled__2022-06-19T16:20:07.188456+00:00 [queued]>
[2022-06-21 06:27:53,973] {taskinstance.py:1238} INFO - 
--------------------------------------------------------------------------------
[2022-06-21 06:27:53,973] {taskinstance.py:1239} INFO - Starting attempt 1 of 2
[2022-06-21 06:27:53,973] {taskinstance.py:1240} INFO - 
--------------------------------------------------------------------------------
[2022-06-21 06:27:53,996] {taskinstance.py:1259} INFO - Executing <Task(PostgresOperator): count_f101-8> on 2022-06-19 16:20:07.188456+00:00
[2022-06-21 06:27:54,016] {standard_task_runner.py:52} INFO - Started process 179 to run task
[2022-06-21 06:27:54,023] {standard_task_runner.py:76} INFO - Running: ['***', 'tasks', 'run', 'DM-COUNT-f101_round_f', 'count_f101-8', 'scheduled__2022-06-19T16:20:07.188456+00:00', '--job-id', '473', '--raw', '--subdir', 'DAGS_FOLDER/f_101_round_f.py', '--cfg-path', '/tmp/tmp3wpm8z4s', '--error-file', '/tmp/tmph18b3ndv']
[2022-06-21 06:27:54,026] {standard_task_runner.py:77} INFO - Job 473: Subtask count_f101-8
[2022-06-21 06:27:54,261] {logging_mixin.py:109} INFO - Running <TaskInstance: DM-COUNT-f101_round_f.count_f101-8 scheduled__2022-06-19T16:20:07.188456+00:00 [running]> on host c087b85f9f15
[2022-06-21 06:27:54,465] {taskinstance.py:1426} INFO - Exporting the following env vars:
AIRFLOW_CTX_DAG_OWNER=***
AIRFLOW_CTX_DAG_ID=DM-COUNT-f101_round_f
AIRFLOW_CTX_TASK_ID=count_f101-8
AIRFLOW_CTX_EXECUTION_DATE=2022-06-19T16:20:07.188456+00:00
AIRFLOW_CTX_DAG_RUN_ID=scheduled__2022-06-19T16:20:07.188456+00:00
[2022-06-21 06:27:54,489] {base.py:79} INFO - Using connection to: id: postgres. Host: postgres, Port: 5432, Schema: postgres, Login: ***, Password: ***, extra: {}
[2022-06-21 06:27:54,499] {dbapi.py:225} INFO - Running statement: CALL dm.fill_f101_round_f (%(date)s::date);, parameters: {'date': '2018-01-8'}
[2022-06-21 06:27:54,828] {taskinstance.py:1277} INFO - Marking task as SUCCESS. dag_id=DM-COUNT-f101_round_f, task_id=count_f101-8, execution_date=20220619T162007, start_date=20220621T062753, end_date=20220621T062754
[2022-06-21 06:27:54,911] {local_task_job.py:154} INFO - Task exited with return code 0
[2022-06-21 06:27:55,414] {local_task_job.py:264} INFO - 0 downstream tasks scheduled from follow-on schedule check
