[2022-06-22 19:31:44,839] {taskinstance.py:1032} INFO - Dependencies all met for <TaskInstance: DM-COUNT-f101_round_f.count_f101-23 scheduled__2022-06-21T16:20:07.188456+00:00 [queued]>
[2022-06-22 19:31:44,866] {taskinstance.py:1032} INFO - Dependencies all met for <TaskInstance: DM-COUNT-f101_round_f.count_f101-23 scheduled__2022-06-21T16:20:07.188456+00:00 [queued]>
[2022-06-22 19:31:44,866] {taskinstance.py:1238} INFO - 
--------------------------------------------------------------------------------
[2022-06-22 19:31:44,866] {taskinstance.py:1239} INFO - Starting attempt 1 of 2
[2022-06-22 19:31:44,866] {taskinstance.py:1240} INFO - 
--------------------------------------------------------------------------------
[2022-06-22 19:31:44,910] {taskinstance.py:1259} INFO - Executing <Task(PostgresOperator): count_f101-23> on 2022-06-21 16:20:07.188456+00:00
[2022-06-22 19:31:44,916] {standard_task_runner.py:52} INFO - Started process 114 to run task
[2022-06-22 19:31:44,969] {standard_task_runner.py:76} INFO - Running: ['***', 'tasks', 'run', 'DM-COUNT-f101_round_f', 'count_f101-23', 'scheduled__2022-06-21T16:20:07.188456+00:00', '--job-id', '1123', '--raw', '--subdir', 'DAGS_FOLDER/f_101_round_f.py', '--cfg-path', '/tmp/tmpo5i79naq', '--error-file', '/tmp/tmpvlkun2uf']
[2022-06-22 19:31:44,970] {standard_task_runner.py:77} INFO - Job 1123: Subtask count_f101-23
[2022-06-22 19:31:45,188] {logging_mixin.py:109} INFO - Running <TaskInstance: DM-COUNT-f101_round_f.count_f101-23 scheduled__2022-06-21T16:20:07.188456+00:00 [running]> on host bc39be91d060
[2022-06-22 19:31:46,309] {taskinstance.py:1426} INFO - Exporting the following env vars:
AIRFLOW_CTX_DAG_OWNER=***
AIRFLOW_CTX_DAG_ID=DM-COUNT-f101_round_f
AIRFLOW_CTX_TASK_ID=count_f101-23
AIRFLOW_CTX_EXECUTION_DATE=2022-06-21T16:20:07.188456+00:00
AIRFLOW_CTX_DAG_RUN_ID=scheduled__2022-06-21T16:20:07.188456+00:00
[2022-06-22 19:31:46,321] {base.py:79} INFO - Using connection to: id: postgres. Host: postgres, Port: 5432, Schema: postgres, Login: ***, Password: ***, extra: {}
[2022-06-22 19:31:46,327] {dbapi.py:225} INFO - Running statement: CALL dm.fill_f101_round_f (%(date)s::date);, parameters: {'date': '2018-01-23'}
[2022-06-22 19:31:46,866] {taskinstance.py:1277} INFO - Marking task as SUCCESS. dag_id=DM-COUNT-f101_round_f, task_id=count_f101-23, execution_date=20220621T162007, start_date=20220622T193144, end_date=20220622T193146
[2022-06-22 19:31:46,987] {local_task_job.py:154} INFO - Task exited with return code 0
[2022-06-22 19:31:47,637] {local_task_job.py:264} INFO - 0 downstream tasks scheduled from follow-on schedule check
