[2022-06-22 08:38:04,868] {taskinstance.py:1032} INFO - Dependencies all met for <TaskInstance: DM-COUNT-account-turnover.START_COUNT_BY_DAY_30 manual__2022-06-22T08:37:57.153993+00:00 [queued]>
[2022-06-22 08:38:04,927] {taskinstance.py:1032} INFO - Dependencies all met for <TaskInstance: DM-COUNT-account-turnover.START_COUNT_BY_DAY_30 manual__2022-06-22T08:37:57.153993+00:00 [queued]>
[2022-06-22 08:38:04,928] {taskinstance.py:1238} INFO - 
--------------------------------------------------------------------------------
[2022-06-22 08:38:04,928] {taskinstance.py:1239} INFO - Starting attempt 1 of 2
[2022-06-22 08:38:04,928] {taskinstance.py:1240} INFO - 
--------------------------------------------------------------------------------
[2022-06-22 08:38:04,977] {taskinstance.py:1259} INFO - Executing <Task(PostgresOperator): START_COUNT_BY_DAY_30> on 2022-06-22 08:37:57.153993+00:00
[2022-06-22 08:38:04,988] {standard_task_runner.py:52} INFO - Started process 2886 to run task
[2022-06-22 08:38:04,996] {standard_task_runner.py:76} INFO - Running: ['***', 'tasks', 'run', 'DM-COUNT-account-turnover', 'START_COUNT_BY_DAY_30', 'manual__2022-06-22T08:37:57.153993+00:00', '--job-id', '1038', '--raw', '--subdir', 'DAGS_FOLDER/dm_fill_account_turnover.py', '--cfg-path', '/tmp/tmps6rs1cqd', '--error-file', '/tmp/tmpagha0wqy']
[2022-06-22 08:38:04,999] {standard_task_runner.py:77} INFO - Job 1038: Subtask START_COUNT_BY_DAY_30
[2022-06-22 08:38:05,235] {logging_mixin.py:109} INFO - Running <TaskInstance: DM-COUNT-account-turnover.START_COUNT_BY_DAY_30 manual__2022-06-22T08:37:57.153993+00:00 [running]> on host a0a302277daf
[2022-06-22 08:38:05,388] {taskinstance.py:1426} INFO - Exporting the following env vars:
AIRFLOW_CTX_DAG_OWNER=***
AIRFLOW_CTX_DAG_ID=DM-COUNT-account-turnover
AIRFLOW_CTX_TASK_ID=START_COUNT_BY_DAY_30
AIRFLOW_CTX_EXECUTION_DATE=2022-06-22T08:37:57.153993+00:00
AIRFLOW_CTX_DAG_RUN_ID=manual__2022-06-22T08:37:57.153993+00:00
[2022-06-22 08:38:05,417] {base.py:79} INFO - Using connection to: id: postgres. Host: postgres, Port: 5432, Schema: postgres, Login: ***, Password: ***, extra: {}
[2022-06-22 08:38:05,424] {dbapi.py:225} INFO - Running statement: CALL ds.fill_account_turnover_f (%(date)s::date);, parameters: {'date': '2018-01-30'}
[2022-06-22 08:38:06,178] {taskinstance.py:1277} INFO - Marking task as SUCCESS. dag_id=DM-COUNT-account-turnover, task_id=START_COUNT_BY_DAY_30, execution_date=20220622T083757, start_date=20220622T083804, end_date=20220622T083806
[2022-06-22 08:38:06,232] {local_task_job.py:154} INFO - Task exited with return code 0
[2022-06-22 08:38:07,107] {local_task_job.py:264} INFO - 0 downstream tasks scheduled from follow-on schedule check
