[2022-07-17 09:24:03,692] {taskinstance.py:1032} INFO - Dependencies all met for <TaskInstance: DM-COUNT-f101_round_f.count_f101-1 scheduled__2022-06-26T19:47:05.358363+00:00 [queued]>
[2022-07-17 09:24:03,727] {taskinstance.py:1032} INFO - Dependencies all met for <TaskInstance: DM-COUNT-f101_round_f.count_f101-1 scheduled__2022-06-26T19:47:05.358363+00:00 [queued]>
[2022-07-17 09:24:03,728] {taskinstance.py:1238} INFO - 
--------------------------------------------------------------------------------
[2022-07-17 09:24:03,728] {taskinstance.py:1239} INFO - Starting attempt 1 of 2
[2022-07-17 09:24:03,728] {taskinstance.py:1240} INFO - 
--------------------------------------------------------------------------------
[2022-07-17 09:24:03,788] {taskinstance.py:1259} INFO - Executing <Task(PostgresOperator): count_f101-1> on 2022-06-26 19:47:05.358363+00:00
[2022-07-17 09:24:03,881] {standard_task_runner.py:76} INFO - Running: ['***', 'tasks', 'run', 'DM-COUNT-f101_round_f', 'count_f101-1', 'scheduled__2022-06-26T19:47:05.358363+00:00', '--job-id', '1573', '--raw', '--subdir', 'DAGS_FOLDER/f_101_round_f.py', '--cfg-path', '/tmp/tmplvhjqgwo', '--error-file', '/tmp/tmpo4zada95']
[2022-07-17 09:24:03,884] {standard_task_runner.py:77} INFO - Job 1573: Subtask count_f101-1
[2022-07-17 09:24:03,884] {standard_task_runner.py:52} INFO - Started process 280 to run task
[2022-07-17 09:24:04,333] {logging_mixin.py:109} INFO - Running <TaskInstance: DM-COUNT-f101_round_f.count_f101-1 scheduled__2022-06-26T19:47:05.358363+00:00 [running]> on host a04da3f4ff4b
[2022-07-17 09:24:05,229] {taskinstance.py:1426} INFO - Exporting the following env vars:
AIRFLOW_CTX_DAG_OWNER=***
AIRFLOW_CTX_DAG_ID=DM-COUNT-f101_round_f
AIRFLOW_CTX_TASK_ID=count_f101-1
AIRFLOW_CTX_EXECUTION_DATE=2022-06-26T19:47:05.358363+00:00
AIRFLOW_CTX_DAG_RUN_ID=scheduled__2022-06-26T19:47:05.358363+00:00
[2022-07-17 09:24:05,356] {base.py:79} INFO - Using connection to: id: postgres. Host: postgres, Port: 5432, Schema: postgres, Login: ***, Password: ***, extra: {}
[2022-07-17 09:24:05,381] {dbapi.py:225} INFO - Running statement: CALL dm.fill_f101_round_f (%(date)s::date);, parameters: {'date': '2018-01-1'}
[2022-07-17 09:24:06,673] {taskinstance.py:1277} INFO - Marking task as SUCCESS. dag_id=DM-COUNT-f101_round_f, task_id=count_f101-1, execution_date=20220626T194705, start_date=20220717T092403, end_date=20220717T092406
[2022-07-17 09:24:06,780] {local_task_job.py:154} INFO - Task exited with return code 0
[2022-07-17 09:24:07,798] {local_task_job.py:264} INFO - 0 downstream tasks scheduled from follow-on schedule check
