[2022-06-05 22:41:40,720] {taskinstance.py:1159} INFO - Dependencies all met for <TaskInstance: CSV_TO_DS.create_schema_and_tables manual__2022-06-05T22:41:39.752843+00:00 [queued]>
[2022-06-05 22:41:40,739] {taskinstance.py:1159} INFO - Dependencies all met for <TaskInstance: CSV_TO_DS.create_schema_and_tables manual__2022-06-05T22:41:39.752843+00:00 [queued]>
[2022-06-05 22:41:40,739] {taskinstance.py:1356} INFO - 
--------------------------------------------------------------------------------
[2022-06-05 22:41:40,739] {taskinstance.py:1357} INFO - Starting attempt 1 of 2
[2022-06-05 22:41:40,739] {taskinstance.py:1358} INFO - 
--------------------------------------------------------------------------------
[2022-06-05 22:41:40,762] {taskinstance.py:1377} INFO - Executing <Task(PostgresOperator): create_schema_and_tables> on 2022-06-05 22:41:39.752843+00:00
[2022-06-05 22:41:40,777] {standard_task_runner.py:79} INFO - Running: ['***', 'tasks', 'run', 'CSV_TO_DS', 'create_schema_and_tables', 'manual__2022-06-05T22:41:39.752843+00:00', '--job-id', '16', '--raw', '--subdir', 'DAGS_FOLDER/csv_to_ds.py', '--cfg-path', '/tmp/tmpiq01ozaw', '--error-file', '/tmp/tmphtvwfvqh']
[2022-06-05 22:41:40,767] {standard_task_runner.py:52} INFO - Started process 891 to run task
[2022-06-05 22:41:40,782] {standard_task_runner.py:80} INFO - Job 16: Subtask create_schema_and_tables
[2022-06-05 22:41:40,871] {task_command.py:370} INFO - Running <TaskInstance: CSV_TO_DS.create_schema_and_tables manual__2022-06-05T22:41:39.752843+00:00 [running]> on host 1d689ce05a02
[2022-06-05 22:41:41,002] {taskinstance.py:1571} INFO - Exporting the following env vars:
AIRFLOW_CTX_DAG_OWNER=***
AIRFLOW_CTX_DAG_ID=CSV_TO_DS
AIRFLOW_CTX_TASK_ID=create_schema_and_tables
AIRFLOW_CTX_EXECUTION_DATE=2022-06-05T22:41:39.752843+00:00
AIRFLOW_CTX_TRY_NUMBER=1
AIRFLOW_CTX_DAG_RUN_ID=manual__2022-06-05T22:41:39.752843+00:00
[2022-06-05 22:41:41,018] {base.py:68} INFO - Using connection ID 'postgres' for task execution.
[2022-06-05 22:41:41,023] {dbapi.py:213} INFO - Running statement: CREATE SCHEMA IF NOT EXISTS ds;
-- DROP SCHEMA IF EXISTS ds CASCADE;


-- ft_balance_f – остатки средств на счетах;
CREATE TABLE IF NOT EXISTS ds.ft_balance_f (
    ON_DATE  DATE,
    ACCOUNT_RK INT,
    CURRENCY_RK INT,
    BALANCE_OUT DECIMAL,
    PRIMARY KEY (ON_DATE, ACCOUNT_RK)
);


-- ft_posting_f – проводки (движениясредств) по счетам;
CREATE TABLE IF NOT EXISTS ds.ft_posting_f (
    OPER_DATE  DATE,
    CREDIT_ACCOUNT_RK INT,
    DEBET_ACCOUNT_RK INT,
    CREDIT_AMOUNT DECIMAL,
    DEBET_AMOUNT DECIMAL,
    PRIMARY KEY (OPER_DATE, CREDIT_ACCOUNT_RK, DEBET_ACCOUNT_RK)
);


-- md_account_d – информация о счетах клиентов
CREATE TABLE IF NOT EXISTS ds.md_account_d (
    DATA_ACTUAL_DATE  DATE,
    DATA_ACTUAL_END_DATE DATE,
    ACCOUNT_RK INT,
    ACCOUNT_NUMBER INT,
    CHAR_TYPE VARCHAR(30),
    CURRENCY_RK INT,
    CURRENCY_CODE INT,
    PRIMARY KEY (DATA_ACTUAL_DATE, ACCOUNT_RK)
);


-- md_currency_d – справочниквалют;
CREATE TABLE IF NOT EXISTS ds.md_currency_d (
    CURRENCY_RK  INT,
    DATA_ACTUAL_DATE DATE,
    DATA_ACTUAL_END_DATE DATE,
    CURRENCY_CODE INT,
    CODE_ISO_CHAR VARCHAR(30),
    PRIMARY KEY (CURRENCY_RK, DATA_ACTUAL_DATE)
);


-- md_exchange_rate_d – курсывалют.
CREATE TABLE IF NOT EXISTS ds.md_exchange_rate_d (
    DATA_ACTUAL_DATE  INT,
    DATA_ACTUAL_END_DATE DATE,
    CURRENCY_RK DATE,
    REDUCED_COURCE DECIMAL,
    CODE_ISO_NUM INT,
    PRIMARY KEY (DATA_ACTUAL_DATE, CURRENCY_RK)
);


-- md_ledger_account_s - справочник балансовых счётов
CREATE TABLE IF NOT EXISTS ds.md_ledger_account_s (
    CHAPTER  VARCHAR(30),
    CHAPTER_NAME VARCHAR(30),
    SECTION_NUMBER INT,
    SECTION_NAME VARCHAR(30),
    SUBSECTION_NAME VARCHAR(30),
    LEDGER1_ACCOUNT INT,
    LEDGER1_ACCOUNT_NAME TEXT,
    LEDGER_ACCOUNT INT,
    LEDGER_ACCOUNT_NAME TEXT,
    CHARACTERISTIC VARCHAR(30),
    IS_RESIDENT boolean,
    IS_RESERVE boolean,
    IS_RESERVED boolean,
    IS_LOAN boolean,
    IS_RESERVED_ASSETS boolean,
    IS_OVERDUE boolean,
    IS_INTEREST boolean,
    PAIR_ACCOUNT INT,
    START_DATE DATE,
    END_DATE DATE,
    IS_RUB_ONLY boolean,
    MIN_TERM VARCHAR(30),
    MIN_TERM_MEASURE VARCHAR(30),
    MAX_TERM VARCHAR(30),
    MAX_TERM_MEASURE VARCHAR(30),
    LEDGER_ACC_FULL_NAME_TRANSLIT VARCHAR(30),
    IS_REVALUATION boolean,
    IS_CORRECT boolean,
    PRIMARY KEY (LEDGER_ACCOUNT, START_DATE)
);, parameters: None
[2022-06-05 22:41:41,090] {taskinstance.py:1400} INFO - Marking task as SUCCESS. dag_id=CSV_TO_DS, task_id=create_schema_and_tables, execution_date=20220605T224139, start_date=20220605T224140, end_date=20220605T224141
[2022-06-05 22:41:41,121] {local_task_job.py:156} INFO - Task exited with return code 0
[2022-06-05 22:41:41,175] {local_task_job.py:273} INFO - 1 downstream tasks scheduled from follow-on schedule check
