[2022-06-25 19:42:06,920] {taskinstance.py:1032} INFO - Dependencies all met for <TaskInstance: DM-COUNT-account-turnover.START_COUNT_BY_DAY_18 scheduled__2022-06-24T19:41:59.779564+00:00 [queued]>
[2022-06-25 19:42:06,987] {taskinstance.py:1032} INFO - Dependencies all met for <TaskInstance: DM-COUNT-account-turnover.START_COUNT_BY_DAY_18 scheduled__2022-06-24T19:41:59.779564+00:00 [queued]>
[2022-06-25 19:42:06,987] {taskinstance.py:1238} INFO - 
--------------------------------------------------------------------------------
[2022-06-25 19:42:06,989] {taskinstance.py:1239} INFO - Starting attempt 1 of 2
[2022-06-25 19:42:06,989] {taskinstance.py:1240} INFO - 
--------------------------------------------------------------------------------
[2022-06-25 19:42:07,040] {taskinstance.py:1259} INFO - Executing <Task(PostgresOperator): START_COUNT_BY_DAY_18> on 2022-06-24 19:41:59.779564+00:00
[2022-06-25 19:42:07,057] {standard_task_runner.py:52} INFO - Started process 416 to run task
[2022-06-25 19:42:07,094] {standard_task_runner.py:76} INFO - Running: ['***', 'tasks', 'run', 'DM-COUNT-account-turnover', 'START_COUNT_BY_DAY_18', 'scheduled__2022-06-24T19:41:59.779564+00:00', '--job-id', '1356', '--raw', '--subdir', 'DAGS_FOLDER/dm_fill_account_turnover.py', '--cfg-path', '/tmp/tmpm04_62ej', '--error-file', '/tmp/tmpywf9z6t0']
[2022-06-25 19:42:07,101] {standard_task_runner.py:77} INFO - Job 1356: Subtask START_COUNT_BY_DAY_18
[2022-06-25 19:42:07,323] {logging_mixin.py:109} INFO - Running <TaskInstance: DM-COUNT-account-turnover.START_COUNT_BY_DAY_18 scheduled__2022-06-24T19:41:59.779564+00:00 [running]> on host 1a36ba6d0ffa
[2022-06-25 19:42:07,601] {taskinstance.py:1426} INFO - Exporting the following env vars:
AIRFLOW_CTX_DAG_OWNER=***
AIRFLOW_CTX_DAG_ID=DM-COUNT-account-turnover
AIRFLOW_CTX_TASK_ID=START_COUNT_BY_DAY_18
AIRFLOW_CTX_EXECUTION_DATE=2022-06-24T19:41:59.779564+00:00
AIRFLOW_CTX_DAG_RUN_ID=scheduled__2022-06-24T19:41:59.779564+00:00
[2022-06-25 19:42:07,637] {base.py:79} INFO - Using connection to: id: postgres. Host: postgres, Port: 5432, Schema: postgres, Login: ***, Password: ***, extra: {}
[2022-06-25 19:42:07,647] {dbapi.py:225} INFO - Running statement: CALL ds.fill_account_turnover_f (%(date)s::date);, parameters: {'date': '2018-01-18'}
[2022-06-25 19:42:08,107] {taskinstance.py:1277} INFO - Marking task as SUCCESS. dag_id=DM-COUNT-account-turnover, task_id=START_COUNT_BY_DAY_18, execution_date=20220624T194159, start_date=20220625T194206, end_date=20220625T194208
[2022-06-25 19:42:08,160] {local_task_job.py:154} INFO - Task exited with return code 0
[2022-06-25 19:42:08,344] {local_task_job.py:264} INFO - 0 downstream tasks scheduled from follow-on schedule check
