[2022-07-22 16:20:07,843] {taskinstance.py:1032} INFO - Dependencies all met for <TaskInstance: MIRR_MD_ACCOUNT_D.load_mirror_md_account_d manual__2022-07-22T16:20:02.124402+00:00 [queued]>
[2022-07-22 16:20:07,850] {taskinstance.py:1032} INFO - Dependencies all met for <TaskInstance: MIRR_MD_ACCOUNT_D.load_mirror_md_account_d manual__2022-07-22T16:20:02.124402+00:00 [queued]>
[2022-07-22 16:20:07,850] {taskinstance.py:1238} INFO - 
--------------------------------------------------------------------------------
[2022-07-22 16:20:07,851] {taskinstance.py:1239} INFO - Starting attempt 1 of 2
[2022-07-22 16:20:07,851] {taskinstance.py:1240} INFO - 
--------------------------------------------------------------------------------
[2022-07-22 16:20:07,859] {taskinstance.py:1259} INFO - Executing <Task(BashOperator): load_mirror_md_account_d> on 2022-07-22 16:20:02.124402+00:00
[2022-07-22 16:20:07,862] {standard_task_runner.py:52} INFO - Started process 2317 to run task
[2022-07-22 16:20:07,865] {standard_task_runner.py:76} INFO - Running: ['***', 'tasks', 'run', 'MIRR_MD_ACCOUNT_D', 'load_mirror_md_account_d', 'manual__2022-07-22T16:20:02.124402+00:00', '--job-id', '97', '--raw', '--subdir', 'DAGS_FOLDER/mirror_calc.py', '--cfg-path', '/tmp/tmpvb6vyfun', '--error-file', '/tmp/tmpu01pemtn']
[2022-07-22 16:20:07,865] {standard_task_runner.py:77} INFO - Job 97: Subtask load_mirror_md_account_d
[2022-07-22 16:20:07,906] {logging_mixin.py:109} INFO - Running <TaskInstance: MIRR_MD_ACCOUNT_D.load_mirror_md_account_d manual__2022-07-22T16:20:02.124402+00:00 [running]> on host 156c91590481
[2022-07-22 16:20:07,951] {taskinstance.py:1426} INFO - Exporting the following env vars:
AIRFLOW_CTX_DAG_OWNER=***
AIRFLOW_CTX_DAG_ID=MIRR_MD_ACCOUNT_D
AIRFLOW_CTX_TASK_ID=load_mirror_md_account_d
AIRFLOW_CTX_EXECUTION_DATE=2022-07-22T16:20:02.124402+00:00
AIRFLOW_CTX_DAG_RUN_ID=manual__2022-07-22T16:20:02.124402+00:00
[2022-07-22 16:20:07,951] {subprocess.py:62} INFO - Tmp dir root location: 
 /tmp
[2022-07-22 16:20:07,952] {subprocess.py:74} INFO - Running command: ['bash', '-c', 'spark-submit --packages io.delta:delta-core_2.12:1.0.0 --conf "spark.sql.extensions=io.delta.sql.DeltaSparkSessionExtension" --conf "spark.sql.catalog.spark_catalog=org.apache.spark.sql.delta.catalog.DeltaCatalog"  /opt/***/core/test.py']
[2022-07-22 16:20:07,959] {subprocess.py:85} INFO - Output:
[2022-07-22 16:20:09,220] {subprocess.py:89} INFO - :: loading settings :: url = jar:file:/usr/local/spark/assembly/target/scala-2.12/jars/ivy-2.4.0.jar!/org/apache/ivy/core/settings/ivysettings.xml
[2022-07-22 16:20:09,282] {subprocess.py:89} INFO - Ivy Default Cache set to: /home/***/.ivy2/cache
[2022-07-22 16:20:09,282] {subprocess.py:89} INFO - The jars for the packages stored in: /home/***/.ivy2/jars
[2022-07-22 16:20:09,288] {subprocess.py:89} INFO - io.delta#delta-core_2.12 added as a dependency
[2022-07-22 16:20:09,289] {subprocess.py:89} INFO - :: resolving dependencies :: org.apache.spark#spark-submit-parent-8b3422ab-7fa2-4c6a-875d-f771a4c8068c;1.0
[2022-07-22 16:20:09,289] {subprocess.py:89} INFO - 	confs: [default]
[2022-07-22 16:20:09,393] {subprocess.py:89} INFO - 	found io.delta#delta-core_2.12;1.0.0 in central
[2022-07-22 16:20:09,423] {subprocess.py:89} INFO - 	found org.antlr#antlr4;4.7 in central
[2022-07-22 16:20:09,446] {subprocess.py:89} INFO - 	found org.antlr#antlr4-runtime;4.7 in central
[2022-07-22 16:20:09,477] {subprocess.py:89} INFO - 	found org.antlr#antlr-runtime;3.5.2 in central
[2022-07-22 16:20:09,495] {subprocess.py:89} INFO - 	found org.antlr#ST4;4.0.8 in central
[2022-07-22 16:20:09,511] {subprocess.py:89} INFO - 	found org.abego.treelayout#org.abego.treelayout.core;1.0.3 in central
[2022-07-22 16:20:09,526] {subprocess.py:89} INFO - 	found org.glassfish#javax.json;1.0.4 in central
[2022-07-22 16:20:09,544] {subprocess.py:89} INFO - 	found com.ibm.icu#icu4j;58.2 in central
[2022-07-22 16:20:09,602] {subprocess.py:89} INFO - :: resolution report :: resolve 293ms :: artifacts dl 19ms
[2022-07-22 16:20:09,602] {subprocess.py:89} INFO - 	:: modules in use:
[2022-07-22 16:20:09,602] {subprocess.py:89} INFO - 	com.ibm.icu#icu4j;58.2 from central in [default]
[2022-07-22 16:20:09,602] {subprocess.py:89} INFO - 	io.delta#delta-core_2.12;1.0.0 from central in [default]
[2022-07-22 16:20:09,602] {subprocess.py:89} INFO - 	org.abego.treelayout#org.abego.treelayout.core;1.0.3 from central in [default]
[2022-07-22 16:20:09,602] {subprocess.py:89} INFO - 	org.antlr#ST4;4.0.8 from central in [default]
[2022-07-22 16:20:09,602] {subprocess.py:89} INFO - 	org.antlr#antlr-runtime;3.5.2 from central in [default]
[2022-07-22 16:20:09,602] {subprocess.py:89} INFO - 	org.antlr#antlr4;4.7 from central in [default]
[2022-07-22 16:20:09,602] {subprocess.py:89} INFO - 	org.antlr#antlr4-runtime;4.7 from central in [default]
[2022-07-22 16:20:09,603] {subprocess.py:89} INFO - 	org.glassfish#javax.json;1.0.4 from central in [default]
[2022-07-22 16:20:09,603] {subprocess.py:89} INFO - 	---------------------------------------------------------------------
[2022-07-22 16:20:09,603] {subprocess.py:89} INFO - 	|                  |            modules            ||   artifacts   |
[2022-07-22 16:20:09,603] {subprocess.py:89} INFO - 	|       conf       | number| search|dwnlded|evicted|| number|dwnlded|
[2022-07-22 16:20:09,603] {subprocess.py:89} INFO - 	---------------------------------------------------------------------
[2022-07-22 16:20:09,603] {subprocess.py:89} INFO - 	|      default     |   8   |   0   |   0   |   0   ||   8   |   0   |
[2022-07-22 16:20:09,603] {subprocess.py:89} INFO - 	---------------------------------------------------------------------
[2022-07-22 16:20:09,607] {subprocess.py:89} INFO - :: retrieving :: org.apache.spark#spark-submit-parent-8b3422ab-7fa2-4c6a-875d-f771a4c8068c
[2022-07-22 16:20:09,607] {subprocess.py:89} INFO - 	confs: [default]
[2022-07-22 16:20:09,627] {subprocess.py:89} INFO - 	0 artifacts copied, 8 already retrieved (0kB/20ms)
[2022-07-22 16:20:09,868] {subprocess.py:89} INFO - 22/07/22 16:20:09 WARN NativeCodeLoader: Unable to load native-hadoop library for your platform... using builtin-java classes where applicable
[2022-07-22 16:20:10,247] {subprocess.py:89} INFO - /usr/local/bin/python3
[2022-07-22 16:20:10,857] {subprocess.py:89} INFO - Using Spark's default log4j profile: org/apache/spark/log4j-defaults.properties
[2022-07-22 16:20:10,901] {subprocess.py:89} INFO - 22/07/22 16:20:10 INFO SparkContext: Running Spark version 3.1.2
[2022-07-22 16:20:10,998] {subprocess.py:89} INFO - 22/07/22 16:20:10 INFO ResourceUtils: ==============================================================
[2022-07-22 16:20:11,006] {subprocess.py:89} INFO - 22/07/22 16:20:11 INFO ResourceUtils: No custom resources configured for spark.driver.
[2022-07-22 16:20:11,007] {subprocess.py:89} INFO - 22/07/22 16:20:11 INFO ResourceUtils: ==============================================================
[2022-07-22 16:20:11,009] {subprocess.py:89} INFO - 22/07/22 16:20:11 INFO SparkContext: Submitted application: MyApp
[2022-07-22 16:20:11,072] {subprocess.py:89} INFO - 22/07/22 16:20:11 INFO ResourceProfile: Default ResourceProfile created, executor resources: Map(cores -> name: cores, amount: 1, script: , vendor: , memory -> name: memory, amount: 1024, script: , vendor: , offHeap -> name: offHeap, amount: 0, script: , vendor: ), task resources: Map(cpus -> name: cpus, amount: 1.0)
[2022-07-22 16:20:11,091] {subprocess.py:89} INFO - 22/07/22 16:20:11 INFO ResourceProfile: Limiting resource is cpu
[2022-07-22 16:20:11,092] {subprocess.py:89} INFO - 22/07/22 16:20:11 INFO ResourceProfileManager: Added ResourceProfile id: 0
[2022-07-22 16:20:11,218] {subprocess.py:89} INFO - 22/07/22 16:20:11 INFO SecurityManager: Changing view acls to: default
[2022-07-22 16:20:11,219] {subprocess.py:89} INFO - 22/07/22 16:20:11 INFO SecurityManager: Changing modify acls to: default
[2022-07-22 16:20:11,220] {subprocess.py:89} INFO - 22/07/22 16:20:11 INFO SecurityManager: Changing view acls groups to:
[2022-07-22 16:20:11,220] {subprocess.py:89} INFO - 22/07/22 16:20:11 INFO SecurityManager: Changing modify acls groups to:
[2022-07-22 16:20:11,221] {subprocess.py:89} INFO - 22/07/22 16:20:11 INFO SecurityManager: SecurityManager: authentication disabled; ui acls disabled; users  with view permissions: Set(default); groups with view permissions: Set(); users  with modify permissions: Set(default); groups with modify permissions: Set()
[2022-07-22 16:20:11,587] {subprocess.py:89} INFO - 22/07/22 16:20:11 INFO Utils: Successfully started service 'sparkDriver' on port 34527.
[2022-07-22 16:20:11,624] {subprocess.py:89} INFO - 22/07/22 16:20:11 INFO SparkEnv: Registering MapOutputTracker
[2022-07-22 16:20:11,672] {subprocess.py:89} INFO - 22/07/22 16:20:11 INFO SparkEnv: Registering BlockManagerMaster
[2022-07-22 16:20:11,699] {subprocess.py:89} INFO - 22/07/22 16:20:11 INFO BlockManagerMasterEndpoint: Using org.apache.spark.storage.DefaultTopologyMapper for getting topology information
[2022-07-22 16:20:11,707] {subprocess.py:89} INFO - 22/07/22 16:20:11 INFO BlockManagerMasterEndpoint: BlockManagerMasterEndpoint up
[2022-07-22 16:20:11,720] {subprocess.py:89} INFO - 22/07/22 16:20:11 INFO SparkEnv: Registering BlockManagerMasterHeartbeat
[2022-07-22 16:20:11,736] {subprocess.py:89} INFO - 22/07/22 16:20:11 INFO DiskBlockManager: Created local directory at /tmp/blockmgr-5f7133d2-3f03-46fa-8735-c5f36c21a09a
[2022-07-22 16:20:11,770] {subprocess.py:89} INFO - 22/07/22 16:20:11 INFO MemoryStore: MemoryStore started with capacity 366.3 MiB
[2022-07-22 16:20:11,805] {subprocess.py:89} INFO - 22/07/22 16:20:11 INFO SparkEnv: Registering OutputCommitCoordinator
[2022-07-22 16:20:12,259] {subprocess.py:89} INFO - 22/07/22 16:20:12 INFO Utils: Successfully started service 'SparkUI' on port 4040.
[2022-07-22 16:20:12,340] {subprocess.py:89} INFO - 22/07/22 16:20:12 INFO SparkUI: Bound SparkUI to 0.0.0.0, and started at http://156c91590481:4040
[2022-07-22 16:20:12,355] {subprocess.py:89} INFO - 22/07/22 16:20:12 INFO SparkContext: Added JAR file:///home/***/.ivy2/jars/io.delta_delta-core_2.12-1.0.0.jar at spark://156c91590481:34527/jars/io.delta_delta-core_2.12-1.0.0.jar with timestamp 1658506810851
[2022-07-22 16:20:12,356] {subprocess.py:89} INFO - 22/07/22 16:20:12 INFO SparkContext: Added JAR file:///home/***/.ivy2/jars/org.antlr_antlr4-4.7.jar at spark://156c91590481:34527/jars/org.antlr_antlr4-4.7.jar with timestamp 1658506810851
[2022-07-22 16:20:12,356] {subprocess.py:89} INFO - 22/07/22 16:20:12 INFO SparkContext: Added JAR file:///home/***/.ivy2/jars/org.antlr_antlr4-runtime-4.7.jar at spark://156c91590481:34527/jars/org.antlr_antlr4-runtime-4.7.jar with timestamp 1658506810851
[2022-07-22 16:20:12,361] {subprocess.py:89} INFO - 22/07/22 16:20:12 INFO SparkContext: Added JAR file:///home/***/.ivy2/jars/org.antlr_antlr-runtime-3.5.2.jar at spark://156c91590481:34527/jars/org.antlr_antlr-runtime-3.5.2.jar with timestamp 1658506810851
[2022-07-22 16:20:12,361] {subprocess.py:89} INFO - 22/07/22 16:20:12 INFO SparkContext: Added JAR file:///home/***/.ivy2/jars/org.antlr_ST4-4.0.8.jar at spark://156c91590481:34527/jars/org.antlr_ST4-4.0.8.jar with timestamp 1658506810851
[2022-07-22 16:20:12,362] {subprocess.py:89} INFO - 22/07/22 16:20:12 INFO SparkContext: Added JAR file:///home/***/.ivy2/jars/org.abego.treelayout_org.abego.treelayout.core-1.0.3.jar at spark://156c91590481:34527/jars/org.abego.treelayout_org.abego.treelayout.core-1.0.3.jar with timestamp 1658506810851
[2022-07-22 16:20:12,362] {subprocess.py:89} INFO - 22/07/22 16:20:12 INFO SparkContext: Added JAR file:///home/***/.ivy2/jars/org.glassfish_javax.json-1.0.4.jar at spark://156c91590481:34527/jars/org.glassfish_javax.json-1.0.4.jar with timestamp 1658506810851
[2022-07-22 16:20:12,363] {subprocess.py:89} INFO - 22/07/22 16:20:12 INFO SparkContext: Added JAR file:///home/***/.ivy2/jars/com.ibm.icu_icu4j-58.2.jar at spark://156c91590481:34527/jars/com.ibm.icu_icu4j-58.2.jar with timestamp 1658506810851
[2022-07-22 16:20:12,364] {subprocess.py:89} INFO - 22/07/22 16:20:12 INFO SparkContext: Added file file:///home/***/.ivy2/jars/io.delta_delta-core_2.12-1.0.0.jar at file:///home/***/.ivy2/jars/io.delta_delta-core_2.12-1.0.0.jar with timestamp 1658506810851
[2022-07-22 16:20:12,366] {subprocess.py:89} INFO - 22/07/22 16:20:12 INFO Utils: Copying /home/***/.ivy2/jars/io.delta_delta-core_2.12-1.0.0.jar to /tmp/spark-fbf2892c-1d6b-4868-ac99-ccd49a64c4ea/userFiles-d2c50297-3cd7-4bb5-90e5-1ef5e9f8f2f7/io.delta_delta-core_2.12-1.0.0.jar
[2022-07-22 16:20:12,383] {subprocess.py:89} INFO - 22/07/22 16:20:12 INFO SparkContext: Added file file:///home/***/.ivy2/jars/org.antlr_antlr4-4.7.jar at file:///home/***/.ivy2/jars/org.antlr_antlr4-4.7.jar with timestamp 1658506810851
[2022-07-22 16:20:12,384] {subprocess.py:89} INFO - 22/07/22 16:20:12 INFO Utils: Copying /home/***/.ivy2/jars/org.antlr_antlr4-4.7.jar to /tmp/spark-fbf2892c-1d6b-4868-ac99-ccd49a64c4ea/userFiles-d2c50297-3cd7-4bb5-90e5-1ef5e9f8f2f7/org.antlr_antlr4-4.7.jar
[2022-07-22 16:20:12,390] {subprocess.py:89} INFO - 22/07/22 16:20:12 INFO SparkContext: Added file file:///home/***/.ivy2/jars/org.antlr_antlr4-runtime-4.7.jar at file:///home/***/.ivy2/jars/org.antlr_antlr4-runtime-4.7.jar with timestamp 1658506810851
[2022-07-22 16:20:12,391] {subprocess.py:89} INFO - 22/07/22 16:20:12 INFO Utils: Copying /home/***/.ivy2/jars/org.antlr_antlr4-runtime-4.7.jar to /tmp/spark-fbf2892c-1d6b-4868-ac99-ccd49a64c4ea/userFiles-d2c50297-3cd7-4bb5-90e5-1ef5e9f8f2f7/org.antlr_antlr4-runtime-4.7.jar
[2022-07-22 16:20:12,398] {subprocess.py:89} INFO - 22/07/22 16:20:12 INFO SparkContext: Added file file:///home/***/.ivy2/jars/org.antlr_antlr-runtime-3.5.2.jar at file:///home/***/.ivy2/jars/org.antlr_antlr-runtime-3.5.2.jar with timestamp 1658506810851
[2022-07-22 16:20:12,398] {subprocess.py:89} INFO - 22/07/22 16:20:12 INFO Utils: Copying /home/***/.ivy2/jars/org.antlr_antlr-runtime-3.5.2.jar to /tmp/spark-fbf2892c-1d6b-4868-ac99-ccd49a64c4ea/userFiles-d2c50297-3cd7-4bb5-90e5-1ef5e9f8f2f7/org.antlr_antlr-runtime-3.5.2.jar
[2022-07-22 16:20:12,403] {subprocess.py:89} INFO - 22/07/22 16:20:12 INFO SparkContext: Added file file:///home/***/.ivy2/jars/org.antlr_ST4-4.0.8.jar at file:///home/***/.ivy2/jars/org.antlr_ST4-4.0.8.jar with timestamp 1658506810851
[2022-07-22 16:20:12,404] {subprocess.py:89} INFO - 22/07/22 16:20:12 INFO Utils: Copying /home/***/.ivy2/jars/org.antlr_ST4-4.0.8.jar to /tmp/spark-fbf2892c-1d6b-4868-ac99-ccd49a64c4ea/userFiles-d2c50297-3cd7-4bb5-90e5-1ef5e9f8f2f7/org.antlr_ST4-4.0.8.jar
[2022-07-22 16:20:12,411] {subprocess.py:89} INFO - 22/07/22 16:20:12 INFO SparkContext: Added file file:///home/***/.ivy2/jars/org.abego.treelayout_org.abego.treelayout.core-1.0.3.jar at file:///home/***/.ivy2/jars/org.abego.treelayout_org.abego.treelayout.core-1.0.3.jar with timestamp 1658506810851
[2022-07-22 16:20:12,412] {subprocess.py:89} INFO - 22/07/22 16:20:12 INFO Utils: Copying /home/***/.ivy2/jars/org.abego.treelayout_org.abego.treelayout.core-1.0.3.jar to /tmp/spark-fbf2892c-1d6b-4868-ac99-ccd49a64c4ea/userFiles-d2c50297-3cd7-4bb5-90e5-1ef5e9f8f2f7/org.abego.treelayout_org.abego.treelayout.core-1.0.3.jar
[2022-07-22 16:20:12,415] {subprocess.py:89} INFO - 22/07/22 16:20:12 INFO SparkContext: Added file file:///home/***/.ivy2/jars/org.glassfish_javax.json-1.0.4.jar at file:///home/***/.ivy2/jars/org.glassfish_javax.json-1.0.4.jar with timestamp 1658506810851
[2022-07-22 16:20:12,416] {subprocess.py:89} INFO - 22/07/22 16:20:12 INFO Utils: Copying /home/***/.ivy2/jars/org.glassfish_javax.json-1.0.4.jar to /tmp/spark-fbf2892c-1d6b-4868-ac99-ccd49a64c4ea/userFiles-d2c50297-3cd7-4bb5-90e5-1ef5e9f8f2f7/org.glassfish_javax.json-1.0.4.jar
[2022-07-22 16:20:12,420] {subprocess.py:89} INFO - 22/07/22 16:20:12 INFO SparkContext: Added file file:///home/***/.ivy2/jars/com.ibm.icu_icu4j-58.2.jar at file:///home/***/.ivy2/jars/com.ibm.icu_icu4j-58.2.jar with timestamp 1658506810851
[2022-07-22 16:20:12,421] {subprocess.py:89} INFO - 22/07/22 16:20:12 INFO Utils: Copying /home/***/.ivy2/jars/com.ibm.icu_icu4j-58.2.jar to /tmp/spark-fbf2892c-1d6b-4868-ac99-ccd49a64c4ea/userFiles-d2c50297-3cd7-4bb5-90e5-1ef5e9f8f2f7/com.ibm.icu_icu4j-58.2.jar
[2022-07-22 16:20:12,665] {subprocess.py:89} INFO - 22/07/22 16:20:12 INFO Executor: Starting executor ID driver on host 156c91590481
[2022-07-22 16:20:12,684] {subprocess.py:89} INFO - 22/07/22 16:20:12 INFO Executor: Fetching file:///home/***/.ivy2/jars/com.ibm.icu_icu4j-58.2.jar with timestamp 1658506810851
[2022-07-22 16:20:12,712] {subprocess.py:89} INFO - 22/07/22 16:20:12 INFO Utils: /home/***/.ivy2/jars/com.ibm.icu_icu4j-58.2.jar has been previously copied to /tmp/spark-fbf2892c-1d6b-4868-ac99-ccd49a64c4ea/userFiles-d2c50297-3cd7-4bb5-90e5-1ef5e9f8f2f7/com.ibm.icu_icu4j-58.2.jar
[2022-07-22 16:20:12,722] {subprocess.py:89} INFO - 22/07/22 16:20:12 INFO Executor: Fetching file:///home/***/.ivy2/jars/org.abego.treelayout_org.abego.treelayout.core-1.0.3.jar with timestamp 1658506810851
[2022-07-22 16:20:12,723] {subprocess.py:89} INFO - 22/07/22 16:20:12 INFO Utils: /home/***/.ivy2/jars/org.abego.treelayout_org.abego.treelayout.core-1.0.3.jar has been previously copied to /tmp/spark-fbf2892c-1d6b-4868-ac99-ccd49a64c4ea/userFiles-d2c50297-3cd7-4bb5-90e5-1ef5e9f8f2f7/org.abego.treelayout_org.abego.treelayout.core-1.0.3.jar
[2022-07-22 16:20:12,729] {subprocess.py:89} INFO - 22/07/22 16:20:12 INFO Executor: Fetching file:///home/***/.ivy2/jars/org.antlr_antlr-runtime-3.5.2.jar with timestamp 1658506810851
[2022-07-22 16:20:12,731] {subprocess.py:89} INFO - 22/07/22 16:20:12 INFO Utils: /home/***/.ivy2/jars/org.antlr_antlr-runtime-3.5.2.jar has been previously copied to /tmp/spark-fbf2892c-1d6b-4868-ac99-ccd49a64c4ea/userFiles-d2c50297-3cd7-4bb5-90e5-1ef5e9f8f2f7/org.antlr_antlr-runtime-3.5.2.jar
[2022-07-22 16:20:12,737] {subprocess.py:89} INFO - 22/07/22 16:20:12 INFO Executor: Fetching file:///home/***/.ivy2/jars/org.glassfish_javax.json-1.0.4.jar with timestamp 1658506810851
[2022-07-22 16:20:12,739] {subprocess.py:89} INFO - 22/07/22 16:20:12 INFO Utils: /home/***/.ivy2/jars/org.glassfish_javax.json-1.0.4.jar has been previously copied to /tmp/spark-fbf2892c-1d6b-4868-ac99-ccd49a64c4ea/userFiles-d2c50297-3cd7-4bb5-90e5-1ef5e9f8f2f7/org.glassfish_javax.json-1.0.4.jar
[2022-07-22 16:20:12,743] {subprocess.py:89} INFO - 22/07/22 16:20:12 INFO Executor: Fetching file:///home/***/.ivy2/jars/org.antlr_antlr4-runtime-4.7.jar with timestamp 1658506810851
[2022-07-22 16:20:12,744] {subprocess.py:89} INFO - 22/07/22 16:20:12 INFO Utils: /home/***/.ivy2/jars/org.antlr_antlr4-runtime-4.7.jar has been previously copied to /tmp/spark-fbf2892c-1d6b-4868-ac99-ccd49a64c4ea/userFiles-d2c50297-3cd7-4bb5-90e5-1ef5e9f8f2f7/org.antlr_antlr4-runtime-4.7.jar
[2022-07-22 16:20:12,747] {subprocess.py:89} INFO - 22/07/22 16:20:12 INFO Executor: Fetching file:///home/***/.ivy2/jars/org.antlr_antlr4-4.7.jar with timestamp 1658506810851
[2022-07-22 16:20:12,748] {subprocess.py:89} INFO - 22/07/22 16:20:12 INFO Utils: /home/***/.ivy2/jars/org.antlr_antlr4-4.7.jar has been previously copied to /tmp/spark-fbf2892c-1d6b-4868-ac99-ccd49a64c4ea/userFiles-d2c50297-3cd7-4bb5-90e5-1ef5e9f8f2f7/org.antlr_antlr4-4.7.jar
[2022-07-22 16:20:12,752] {subprocess.py:89} INFO - 22/07/22 16:20:12 INFO Executor: Fetching file:///home/***/.ivy2/jars/org.antlr_ST4-4.0.8.jar with timestamp 1658506810851
[2022-07-22 16:20:12,753] {subprocess.py:89} INFO - 22/07/22 16:20:12 INFO Utils: /home/***/.ivy2/jars/org.antlr_ST4-4.0.8.jar has been previously copied to /tmp/spark-fbf2892c-1d6b-4868-ac99-ccd49a64c4ea/userFiles-d2c50297-3cd7-4bb5-90e5-1ef5e9f8f2f7/org.antlr_ST4-4.0.8.jar
[2022-07-22 16:20:12,756] {subprocess.py:89} INFO - 22/07/22 16:20:12 INFO Executor: Fetching file:///home/***/.ivy2/jars/io.delta_delta-core_2.12-1.0.0.jar with timestamp 1658506810851
[2022-07-22 16:20:12,758] {subprocess.py:89} INFO - 22/07/22 16:20:12 INFO Utils: /home/***/.ivy2/jars/io.delta_delta-core_2.12-1.0.0.jar has been previously copied to /tmp/spark-fbf2892c-1d6b-4868-ac99-ccd49a64c4ea/userFiles-d2c50297-3cd7-4bb5-90e5-1ef5e9f8f2f7/io.delta_delta-core_2.12-1.0.0.jar
[2022-07-22 16:20:12,764] {subprocess.py:89} INFO - 22/07/22 16:20:12 INFO Executor: Fetching spark://156c91590481:34527/jars/org.antlr_antlr-runtime-3.5.2.jar with timestamp 1658506810851
[2022-07-22 16:20:12,808] {subprocess.py:89} INFO - 22/07/22 16:20:12 INFO TransportClientFactory: Successfully created connection to 156c91590481/172.19.0.8:34527 after 34 ms (0 ms spent in bootstraps)
[2022-07-22 16:20:12,816] {subprocess.py:89} INFO - 22/07/22 16:20:12 INFO Utils: Fetching spark://156c91590481:34527/jars/org.antlr_antlr-runtime-3.5.2.jar to /tmp/spark-fbf2892c-1d6b-4868-ac99-ccd49a64c4ea/userFiles-d2c50297-3cd7-4bb5-90e5-1ef5e9f8f2f7/fetchFileTemp4435054159148067453.tmp
[2022-07-22 16:20:12,834] {subprocess.py:89} INFO - 22/07/22 16:20:12 INFO Utils: /tmp/spark-fbf2892c-1d6b-4868-ac99-ccd49a64c4ea/userFiles-d2c50297-3cd7-4bb5-90e5-1ef5e9f8f2f7/fetchFileTemp4435054159148067453.tmp has been previously copied to /tmp/spark-fbf2892c-1d6b-4868-ac99-ccd49a64c4ea/userFiles-d2c50297-3cd7-4bb5-90e5-1ef5e9f8f2f7/org.antlr_antlr-runtime-3.5.2.jar
[2022-07-22 16:20:12,838] {subprocess.py:89} INFO - 22/07/22 16:20:12 INFO Executor: Adding file:/tmp/spark-fbf2892c-1d6b-4868-ac99-ccd49a64c4ea/userFiles-d2c50297-3cd7-4bb5-90e5-1ef5e9f8f2f7/org.antlr_antlr-runtime-3.5.2.jar to class loader
[2022-07-22 16:20:12,839] {subprocess.py:89} INFO - 22/07/22 16:20:12 INFO Executor: Fetching spark://156c91590481:34527/jars/org.glassfish_javax.json-1.0.4.jar with timestamp 1658506810851
[2022-07-22 16:20:12,839] {subprocess.py:89} INFO - 22/07/22 16:20:12 INFO Utils: Fetching spark://156c91590481:34527/jars/org.glassfish_javax.json-1.0.4.jar to /tmp/spark-fbf2892c-1d6b-4868-ac99-ccd49a64c4ea/userFiles-d2c50297-3cd7-4bb5-90e5-1ef5e9f8f2f7/fetchFileTemp8664778017420843722.tmp
[2022-07-22 16:20:12,842] {subprocess.py:89} INFO - 22/07/22 16:20:12 INFO Utils: /tmp/spark-fbf2892c-1d6b-4868-ac99-ccd49a64c4ea/userFiles-d2c50297-3cd7-4bb5-90e5-1ef5e9f8f2f7/fetchFileTemp8664778017420843722.tmp has been previously copied to /tmp/spark-fbf2892c-1d6b-4868-ac99-ccd49a64c4ea/userFiles-d2c50297-3cd7-4bb5-90e5-1ef5e9f8f2f7/org.glassfish_javax.json-1.0.4.jar
[2022-07-22 16:20:12,849] {subprocess.py:89} INFO - 22/07/22 16:20:12 INFO Executor: Adding file:/tmp/spark-fbf2892c-1d6b-4868-ac99-ccd49a64c4ea/userFiles-d2c50297-3cd7-4bb5-90e5-1ef5e9f8f2f7/org.glassfish_javax.json-1.0.4.jar to class loader
[2022-07-22 16:20:12,849] {subprocess.py:89} INFO - 22/07/22 16:20:12 INFO Executor: Fetching spark://156c91590481:34527/jars/org.antlr_antlr4-runtime-4.7.jar with timestamp 1658506810851
[2022-07-22 16:20:12,849] {subprocess.py:89} INFO - 22/07/22 16:20:12 INFO Utils: Fetching spark://156c91590481:34527/jars/org.antlr_antlr4-runtime-4.7.jar to /tmp/spark-fbf2892c-1d6b-4868-ac99-ccd49a64c4ea/userFiles-d2c50297-3cd7-4bb5-90e5-1ef5e9f8f2f7/fetchFileTemp1767976391758236129.tmp
[2022-07-22 16:20:12,852] {subprocess.py:89} INFO - 22/07/22 16:20:12 INFO Utils: /tmp/spark-fbf2892c-1d6b-4868-ac99-ccd49a64c4ea/userFiles-d2c50297-3cd7-4bb5-90e5-1ef5e9f8f2f7/fetchFileTemp1767976391758236129.tmp has been previously copied to /tmp/spark-fbf2892c-1d6b-4868-ac99-ccd49a64c4ea/userFiles-d2c50297-3cd7-4bb5-90e5-1ef5e9f8f2f7/org.antlr_antlr4-runtime-4.7.jar
[2022-07-22 16:20:12,855] {subprocess.py:89} INFO - 22/07/22 16:20:12 INFO Executor: Adding file:/tmp/spark-fbf2892c-1d6b-4868-ac99-ccd49a64c4ea/userFiles-d2c50297-3cd7-4bb5-90e5-1ef5e9f8f2f7/org.antlr_antlr4-runtime-4.7.jar to class loader
[2022-07-22 16:20:12,855] {subprocess.py:89} INFO - 22/07/22 16:20:12 INFO Executor: Fetching spark://156c91590481:34527/jars/com.ibm.icu_icu4j-58.2.jar with timestamp 1658506810851
[2022-07-22 16:20:12,855] {subprocess.py:89} INFO - 22/07/22 16:20:12 INFO Utils: Fetching spark://156c91590481:34527/jars/com.ibm.icu_icu4j-58.2.jar to /tmp/spark-fbf2892c-1d6b-4868-ac99-ccd49a64c4ea/userFiles-d2c50297-3cd7-4bb5-90e5-1ef5e9f8f2f7/fetchFileTemp7632864724935975403.tmp
[2022-07-22 16:20:12,894] {local_task_job.py:212} WARNING - State of this instance has been externally set to skipped. Terminating instance.
[2022-07-22 16:20:12,896] {process_utils.py:124} INFO - Sending Signals.SIGTERM to group 2317. PIDs of all processes in the group: [2318, 2365, 2317]
[2022-07-22 16:20:12,896] {process_utils.py:75} INFO - Sending the signal Signals.SIGTERM to group 2317
[2022-07-22 16:20:12,896] {taskinstance.py:1408} ERROR - Received SIGTERM. Terminating subprocesses.
[2022-07-22 16:20:12,896] {subprocess.py:99} INFO - Sending SIGTERM signal to process group
[2022-07-22 16:20:12,904] {process_utils.py:70} INFO - Process psutil.Process(pid=2365, status='terminated', started='16:20:09') (2365) terminated with exit code None
[2022-07-22 16:20:13,000] {process_utils.py:70} INFO - Process psutil.Process(pid=2317, status='terminated', exitcode=0, started='16:20:07') (2317) terminated with exit code 0
[2022-07-22 16:20:13,365] {process_utils.py:70} INFO - Process psutil.Process(pid=2318, status='terminated', started='16:20:07') (2318) terminated with exit code None
