[2022-07-22 16:20:52,394] {taskinstance.py:1032} INFO - Dependencies all met for <TaskInstance: MIRR_MD_ACCOUNT_D.load_mirror_md_account_d manual__2022-07-22T16:20:50.263924+00:00 [queued]>
[2022-07-22 16:20:52,402] {taskinstance.py:1032} INFO - Dependencies all met for <TaskInstance: MIRR_MD_ACCOUNT_D.load_mirror_md_account_d manual__2022-07-22T16:20:50.263924+00:00 [queued]>
[2022-07-22 16:20:52,402] {taskinstance.py:1238} INFO - 
--------------------------------------------------------------------------------
[2022-07-22 16:20:52,402] {taskinstance.py:1239} INFO - Starting attempt 1 of 2
[2022-07-22 16:20:52,402] {taskinstance.py:1240} INFO - 
--------------------------------------------------------------------------------
[2022-07-22 16:20:52,411] {taskinstance.py:1259} INFO - Executing <Task(BashOperator): load_mirror_md_account_d> on 2022-07-22 16:20:50.263924+00:00
[2022-07-22 16:20:52,415] {standard_task_runner.py:52} INFO - Started process 2484 to run task
[2022-07-22 16:20:52,418] {standard_task_runner.py:76} INFO - Running: ['***', 'tasks', 'run', 'MIRR_MD_ACCOUNT_D', 'load_mirror_md_account_d', 'manual__2022-07-22T16:20:50.263924+00:00', '--job-id', '98', '--raw', '--subdir', 'DAGS_FOLDER/mirror_calc.py', '--cfg-path', '/tmp/tmph6s_kohb', '--error-file', '/tmp/tmpf8yjfkmt']
[2022-07-22 16:20:52,418] {standard_task_runner.py:77} INFO - Job 98: Subtask load_mirror_md_account_d
[2022-07-22 16:20:52,461] {logging_mixin.py:109} INFO - Running <TaskInstance: MIRR_MD_ACCOUNT_D.load_mirror_md_account_d manual__2022-07-22T16:20:50.263924+00:00 [running]> on host 156c91590481
[2022-07-22 16:20:52,504] {taskinstance.py:1426} INFO - Exporting the following env vars:
AIRFLOW_CTX_DAG_OWNER=***
AIRFLOW_CTX_DAG_ID=MIRR_MD_ACCOUNT_D
AIRFLOW_CTX_TASK_ID=load_mirror_md_account_d
AIRFLOW_CTX_EXECUTION_DATE=2022-07-22T16:20:50.263924+00:00
AIRFLOW_CTX_DAG_RUN_ID=manual__2022-07-22T16:20:50.263924+00:00
[2022-07-22 16:20:52,505] {subprocess.py:62} INFO - Tmp dir root location: 
 /tmp
[2022-07-22 16:20:52,505] {subprocess.py:74} INFO - Running command: ['bash', '-c', 'spark-submit --packages io.delta:delta-core_2.12:1.0.0 --conf "spark.sql.extensions=io.delta.sql.DeltaSparkSessionExtension" --conf "spark.sql.catalog.spark_catalog=org.apache.spark.sql.delta.catalog.DeltaCatalog"  /opt/***/core/test.py']
[2022-07-22 16:20:52,512] {subprocess.py:85} INFO - Output:
[2022-07-22 16:20:53,542] {subprocess.py:89} INFO - :: loading settings :: url = jar:file:/usr/local/spark/assembly/target/scala-2.12/jars/ivy-2.4.0.jar!/org/apache/ivy/core/settings/ivysettings.xml
[2022-07-22 16:20:53,598] {subprocess.py:89} INFO - Ivy Default Cache set to: /home/***/.ivy2/cache
[2022-07-22 16:20:53,598] {subprocess.py:89} INFO - The jars for the packages stored in: /home/***/.ivy2/jars
[2022-07-22 16:20:53,605] {subprocess.py:89} INFO - io.delta#delta-core_2.12 added as a dependency
[2022-07-22 16:20:53,606] {subprocess.py:89} INFO - :: resolving dependencies :: org.apache.spark#spark-submit-parent-c1807066-3298-413e-a0ed-f48673fe0804;1.0
[2022-07-22 16:20:53,607] {subprocess.py:89} INFO - 	confs: [default]
[2022-07-22 16:20:53,687] {subprocess.py:89} INFO - 	found io.delta#delta-core_2.12;1.0.0 in central
[2022-07-22 16:20:53,709] {subprocess.py:89} INFO - 	found org.antlr#antlr4;4.7 in central
[2022-07-22 16:20:53,728] {subprocess.py:89} INFO - 	found org.antlr#antlr4-runtime;4.7 in central
[2022-07-22 16:20:53,745] {subprocess.py:89} INFO - 	found org.antlr#antlr-runtime;3.5.2 in central
[2022-07-22 16:20:53,759] {subprocess.py:89} INFO - 	found org.antlr#ST4;4.0.8 in central
[2022-07-22 16:20:53,772] {subprocess.py:89} INFO - 	found org.abego.treelayout#org.abego.treelayout.core;1.0.3 in central
[2022-07-22 16:20:53,783] {subprocess.py:89} INFO - 	found org.glassfish#javax.json;1.0.4 in central
[2022-07-22 16:20:53,793] {subprocess.py:89} INFO - 	found com.ibm.icu#icu4j;58.2 in central
[2022-07-22 16:20:53,813] {subprocess.py:89} INFO - :: resolution report :: resolve 200ms :: artifacts dl 7ms
[2022-07-22 16:20:53,813] {subprocess.py:89} INFO - 	:: modules in use:
[2022-07-22 16:20:53,814] {subprocess.py:89} INFO - 	com.ibm.icu#icu4j;58.2 from central in [default]
[2022-07-22 16:20:53,814] {subprocess.py:89} INFO - 	io.delta#delta-core_2.12;1.0.0 from central in [default]
[2022-07-22 16:20:53,814] {subprocess.py:89} INFO - 	org.abego.treelayout#org.abego.treelayout.core;1.0.3 from central in [default]
[2022-07-22 16:20:53,814] {subprocess.py:89} INFO - 	org.antlr#ST4;4.0.8 from central in [default]
[2022-07-22 16:20:53,814] {subprocess.py:89} INFO - 	org.antlr#antlr-runtime;3.5.2 from central in [default]
[2022-07-22 16:20:53,815] {subprocess.py:89} INFO - 	org.antlr#antlr4;4.7 from central in [default]
[2022-07-22 16:20:53,815] {subprocess.py:89} INFO - 	org.antlr#antlr4-runtime;4.7 from central in [default]
[2022-07-22 16:20:53,815] {subprocess.py:89} INFO - 	org.glassfish#javax.json;1.0.4 from central in [default]
[2022-07-22 16:20:53,815] {subprocess.py:89} INFO - 	---------------------------------------------------------------------
[2022-07-22 16:20:53,815] {subprocess.py:89} INFO - 	|                  |            modules            ||   artifacts   |
[2022-07-22 16:20:53,815] {subprocess.py:89} INFO - 	|       conf       | number| search|dwnlded|evicted|| number|dwnlded|
[2022-07-22 16:20:53,815] {subprocess.py:89} INFO - 	---------------------------------------------------------------------
[2022-07-22 16:20:53,816] {subprocess.py:89} INFO - 	|      default     |   8   |   0   |   0   |   0   ||   8   |   0   |
[2022-07-22 16:20:53,816] {subprocess.py:89} INFO - 	---------------------------------------------------------------------
[2022-07-22 16:20:53,820] {subprocess.py:89} INFO - :: retrieving :: org.apache.spark#spark-submit-parent-c1807066-3298-413e-a0ed-f48673fe0804
[2022-07-22 16:20:53,820] {subprocess.py:89} INFO - 	confs: [default]
[2022-07-22 16:20:53,826] {subprocess.py:89} INFO - 	0 artifacts copied, 8 already retrieved (0kB/6ms)
[2022-07-22 16:20:54,024] {subprocess.py:89} INFO - 22/07/22 16:20:54 WARN NativeCodeLoader: Unable to load native-hadoop library for your platform... using builtin-java classes where applicable
[2022-07-22 16:20:54,328] {subprocess.py:89} INFO - /usr/local/bin/python3
[2022-07-22 16:20:54,709] {subprocess.py:89} INFO - Using Spark's default log4j profile: org/apache/spark/log4j-defaults.properties
[2022-07-22 16:20:54,716] {subprocess.py:89} INFO - 22/07/22 16:20:54 INFO SparkContext: Running Spark version 3.1.2
[2022-07-22 16:20:54,745] {subprocess.py:89} INFO - 22/07/22 16:20:54 INFO ResourceUtils: ==============================================================
[2022-07-22 16:20:54,745] {subprocess.py:89} INFO - 22/07/22 16:20:54 INFO ResourceUtils: No custom resources configured for spark.driver.
[2022-07-22 16:20:54,746] {subprocess.py:89} INFO - 22/07/22 16:20:54 INFO ResourceUtils: ==============================================================
[2022-07-22 16:20:54,746] {subprocess.py:89} INFO - 22/07/22 16:20:54 INFO SparkContext: Submitted application: MyApp
[2022-07-22 16:20:54,765] {subprocess.py:89} INFO - 22/07/22 16:20:54 INFO ResourceProfile: Default ResourceProfile created, executor resources: Map(cores -> name: cores, amount: 1, script: , vendor: , memory -> name: memory, amount: 1024, script: , vendor: , offHeap -> name: offHeap, amount: 0, script: , vendor: ), task resources: Map(cpus -> name: cpus, amount: 1.0)
[2022-07-22 16:20:54,777] {subprocess.py:89} INFO - 22/07/22 16:20:54 INFO ResourceProfile: Limiting resource is cpu
[2022-07-22 16:20:54,778] {subprocess.py:89} INFO - 22/07/22 16:20:54 INFO ResourceProfileManager: Added ResourceProfile id: 0
[2022-07-22 16:20:54,820] {subprocess.py:89} INFO - 22/07/22 16:20:54 INFO SecurityManager: Changing view acls to: default
[2022-07-22 16:20:54,820] {subprocess.py:89} INFO - 22/07/22 16:20:54 INFO SecurityManager: Changing modify acls to: default
[2022-07-22 16:20:54,820] {subprocess.py:89} INFO - 22/07/22 16:20:54 INFO SecurityManager: Changing view acls groups to:
[2022-07-22 16:20:54,821] {subprocess.py:89} INFO - 22/07/22 16:20:54 INFO SecurityManager: Changing modify acls groups to:
[2022-07-22 16:20:54,821] {subprocess.py:89} INFO - 22/07/22 16:20:54 INFO SecurityManager: SecurityManager: authentication disabled; ui acls disabled; users  with view permissions: Set(default); groups with view permissions: Set(); users  with modify permissions: Set(default); groups with modify permissions: Set()
[2022-07-22 16:20:54,991] {subprocess.py:89} INFO - 22/07/22 16:20:54 INFO Utils: Successfully started service 'sparkDriver' on port 41655.
[2022-07-22 16:20:55,022] {subprocess.py:89} INFO - 22/07/22 16:20:55 INFO SparkEnv: Registering MapOutputTracker
[2022-07-22 16:20:55,048] {subprocess.py:89} INFO - 22/07/22 16:20:55 INFO SparkEnv: Registering BlockManagerMaster
[2022-07-22 16:20:55,068] {subprocess.py:89} INFO - 22/07/22 16:20:55 INFO BlockManagerMasterEndpoint: Using org.apache.spark.storage.DefaultTopologyMapper for getting topology information
[2022-07-22 16:20:55,069] {subprocess.py:89} INFO - 22/07/22 16:20:55 INFO BlockManagerMasterEndpoint: BlockManagerMasterEndpoint up
[2022-07-22 16:20:55,073] {subprocess.py:89} INFO - 22/07/22 16:20:55 INFO SparkEnv: Registering BlockManagerMasterHeartbeat
[2022-07-22 16:20:55,087] {subprocess.py:89} INFO - 22/07/22 16:20:55 INFO DiskBlockManager: Created local directory at /tmp/blockmgr-927ebd99-231f-490b-b15c-a2aea3925458
[2022-07-22 16:20:55,111] {subprocess.py:89} INFO - 22/07/22 16:20:55 INFO MemoryStore: MemoryStore started with capacity 366.3 MiB
[2022-07-22 16:20:55,126] {subprocess.py:89} INFO - 22/07/22 16:20:55 INFO SparkEnv: Registering OutputCommitCoordinator
[2022-07-22 16:20:55,341] {subprocess.py:89} INFO - 22/07/22 16:20:55 INFO Utils: Successfully started service 'SparkUI' on port 4040.
[2022-07-22 16:20:55,386] {subprocess.py:89} INFO - 22/07/22 16:20:55 INFO SparkUI: Bound SparkUI to 0.0.0.0, and started at http://156c91590481:4040
[2022-07-22 16:20:55,398] {subprocess.py:89} INFO - 22/07/22 16:20:55 INFO SparkContext: Added JAR file:///home/***/.ivy2/jars/io.delta_delta-core_2.12-1.0.0.jar at spark://156c91590481:41655/jars/io.delta_delta-core_2.12-1.0.0.jar with timestamp 1658506854708
[2022-07-22 16:20:55,399] {subprocess.py:89} INFO - 22/07/22 16:20:55 INFO SparkContext: Added JAR file:///home/***/.ivy2/jars/org.antlr_antlr4-4.7.jar at spark://156c91590481:41655/jars/org.antlr_antlr4-4.7.jar with timestamp 1658506854708
[2022-07-22 16:20:55,399] {subprocess.py:89} INFO - 22/07/22 16:20:55 INFO SparkContext: Added JAR file:///home/***/.ivy2/jars/org.antlr_antlr4-runtime-4.7.jar at spark://156c91590481:41655/jars/org.antlr_antlr4-runtime-4.7.jar with timestamp 1658506854708
[2022-07-22 16:20:55,399] {subprocess.py:89} INFO - 22/07/22 16:20:55 INFO SparkContext: Added JAR file:///home/***/.ivy2/jars/org.antlr_antlr-runtime-3.5.2.jar at spark://156c91590481:41655/jars/org.antlr_antlr-runtime-3.5.2.jar with timestamp 1658506854708
[2022-07-22 16:20:55,399] {subprocess.py:89} INFO - 22/07/22 16:20:55 INFO SparkContext: Added JAR file:///home/***/.ivy2/jars/org.antlr_ST4-4.0.8.jar at spark://156c91590481:41655/jars/org.antlr_ST4-4.0.8.jar with timestamp 1658506854708
[2022-07-22 16:20:55,399] {subprocess.py:89} INFO - 22/07/22 16:20:55 INFO SparkContext: Added JAR file:///home/***/.ivy2/jars/org.abego.treelayout_org.abego.treelayout.core-1.0.3.jar at spark://156c91590481:41655/jars/org.abego.treelayout_org.abego.treelayout.core-1.0.3.jar with timestamp 1658506854708
[2022-07-22 16:20:55,400] {subprocess.py:89} INFO - 22/07/22 16:20:55 INFO SparkContext: Added JAR file:///home/***/.ivy2/jars/org.glassfish_javax.json-1.0.4.jar at spark://156c91590481:41655/jars/org.glassfish_javax.json-1.0.4.jar with timestamp 1658506854708
[2022-07-22 16:20:55,400] {subprocess.py:89} INFO - 22/07/22 16:20:55 INFO SparkContext: Added JAR file:///home/***/.ivy2/jars/com.ibm.icu_icu4j-58.2.jar at spark://156c91590481:41655/jars/com.ibm.icu_icu4j-58.2.jar with timestamp 1658506854708
[2022-07-22 16:20:55,402] {subprocess.py:89} INFO - 22/07/22 16:20:55 INFO SparkContext: Added file file:///home/***/.ivy2/jars/io.delta_delta-core_2.12-1.0.0.jar at file:///home/***/.ivy2/jars/io.delta_delta-core_2.12-1.0.0.jar with timestamp 1658506854708
[2022-07-22 16:20:55,403] {subprocess.py:89} INFO - 22/07/22 16:20:55 INFO Utils: Copying /home/***/.ivy2/jars/io.delta_delta-core_2.12-1.0.0.jar to /tmp/spark-319cdd3d-4600-419b-84cf-0a1b27efb822/userFiles-0070ef06-6cd6-4115-b8dc-dd725d8c35ae/io.delta_delta-core_2.12-1.0.0.jar
[2022-07-22 16:20:55,412] {subprocess.py:89} INFO - 22/07/22 16:20:55 INFO SparkContext: Added file file:///home/***/.ivy2/jars/org.antlr_antlr4-4.7.jar at file:///home/***/.ivy2/jars/org.antlr_antlr4-4.7.jar with timestamp 1658506854708
[2022-07-22 16:20:55,412] {subprocess.py:89} INFO - 22/07/22 16:20:55 INFO Utils: Copying /home/***/.ivy2/jars/org.antlr_antlr4-4.7.jar to /tmp/spark-319cdd3d-4600-419b-84cf-0a1b27efb822/userFiles-0070ef06-6cd6-4115-b8dc-dd725d8c35ae/org.antlr_antlr4-4.7.jar
[2022-07-22 16:20:55,416] {subprocess.py:89} INFO - 22/07/22 16:20:55 INFO SparkContext: Added file file:///home/***/.ivy2/jars/org.antlr_antlr4-runtime-4.7.jar at file:///home/***/.ivy2/jars/org.antlr_antlr4-runtime-4.7.jar with timestamp 1658506854708
[2022-07-22 16:20:55,416] {subprocess.py:89} INFO - 22/07/22 16:20:55 INFO Utils: Copying /home/***/.ivy2/jars/org.antlr_antlr4-runtime-4.7.jar to /tmp/spark-319cdd3d-4600-419b-84cf-0a1b27efb822/userFiles-0070ef06-6cd6-4115-b8dc-dd725d8c35ae/org.antlr_antlr4-runtime-4.7.jar
[2022-07-22 16:20:55,419] {subprocess.py:89} INFO - 22/07/22 16:20:55 INFO SparkContext: Added file file:///home/***/.ivy2/jars/org.antlr_antlr-runtime-3.5.2.jar at file:///home/***/.ivy2/jars/org.antlr_antlr-runtime-3.5.2.jar with timestamp 1658506854708
[2022-07-22 16:20:55,420] {subprocess.py:89} INFO - 22/07/22 16:20:55 INFO Utils: Copying /home/***/.ivy2/jars/org.antlr_antlr-runtime-3.5.2.jar to /tmp/spark-319cdd3d-4600-419b-84cf-0a1b27efb822/userFiles-0070ef06-6cd6-4115-b8dc-dd725d8c35ae/org.antlr_antlr-runtime-3.5.2.jar
[2022-07-22 16:20:55,423] {subprocess.py:89} INFO - 22/07/22 16:20:55 INFO SparkContext: Added file file:///home/***/.ivy2/jars/org.antlr_ST4-4.0.8.jar at file:///home/***/.ivy2/jars/org.antlr_ST4-4.0.8.jar with timestamp 1658506854708
[2022-07-22 16:20:55,423] {subprocess.py:89} INFO - 22/07/22 16:20:55 INFO Utils: Copying /home/***/.ivy2/jars/org.antlr_ST4-4.0.8.jar to /tmp/spark-319cdd3d-4600-419b-84cf-0a1b27efb822/userFiles-0070ef06-6cd6-4115-b8dc-dd725d8c35ae/org.antlr_ST4-4.0.8.jar
[2022-07-22 16:20:55,426] {subprocess.py:89} INFO - 22/07/22 16:20:55 INFO SparkContext: Added file file:///home/***/.ivy2/jars/org.abego.treelayout_org.abego.treelayout.core-1.0.3.jar at file:///home/***/.ivy2/jars/org.abego.treelayout_org.abego.treelayout.core-1.0.3.jar with timestamp 1658506854708
[2022-07-22 16:20:55,426] {subprocess.py:89} INFO - 22/07/22 16:20:55 INFO Utils: Copying /home/***/.ivy2/jars/org.abego.treelayout_org.abego.treelayout.core-1.0.3.jar to /tmp/spark-319cdd3d-4600-419b-84cf-0a1b27efb822/userFiles-0070ef06-6cd6-4115-b8dc-dd725d8c35ae/org.abego.treelayout_org.abego.treelayout.core-1.0.3.jar
[2022-07-22 16:20:55,429] {subprocess.py:89} INFO - 22/07/22 16:20:55 INFO SparkContext: Added file file:///home/***/.ivy2/jars/org.glassfish_javax.json-1.0.4.jar at file:///home/***/.ivy2/jars/org.glassfish_javax.json-1.0.4.jar with timestamp 1658506854708
[2022-07-22 16:20:55,430] {subprocess.py:89} INFO - 22/07/22 16:20:55 INFO Utils: Copying /home/***/.ivy2/jars/org.glassfish_javax.json-1.0.4.jar to /tmp/spark-319cdd3d-4600-419b-84cf-0a1b27efb822/userFiles-0070ef06-6cd6-4115-b8dc-dd725d8c35ae/org.glassfish_javax.json-1.0.4.jar
[2022-07-22 16:20:55,433] {subprocess.py:89} INFO - 22/07/22 16:20:55 INFO SparkContext: Added file file:///home/***/.ivy2/jars/com.ibm.icu_icu4j-58.2.jar at file:///home/***/.ivy2/jars/com.ibm.icu_icu4j-58.2.jar with timestamp 1658506854708
[2022-07-22 16:20:55,433] {subprocess.py:89} INFO - 22/07/22 16:20:55 INFO Utils: Copying /home/***/.ivy2/jars/com.ibm.icu_icu4j-58.2.jar to /tmp/spark-319cdd3d-4600-419b-84cf-0a1b27efb822/userFiles-0070ef06-6cd6-4115-b8dc-dd725d8c35ae/com.ibm.icu_icu4j-58.2.jar
[2022-07-22 16:20:55,592] {subprocess.py:89} INFO - 22/07/22 16:20:55 INFO Executor: Starting executor ID driver on host 156c91590481
[2022-07-22 16:20:55,612] {subprocess.py:89} INFO - 22/07/22 16:20:55 INFO Executor: Fetching file:///home/***/.ivy2/jars/com.ibm.icu_icu4j-58.2.jar with timestamp 1658506854708
[2022-07-22 16:20:55,656] {subprocess.py:89} INFO - 22/07/22 16:20:55 INFO Utils: /home/***/.ivy2/jars/com.ibm.icu_icu4j-58.2.jar has been previously copied to /tmp/spark-319cdd3d-4600-419b-84cf-0a1b27efb822/userFiles-0070ef06-6cd6-4115-b8dc-dd725d8c35ae/com.ibm.icu_icu4j-58.2.jar
[2022-07-22 16:20:55,658] {subprocess.py:89} INFO - 22/07/22 16:20:55 INFO Executor: Fetching file:///home/***/.ivy2/jars/org.abego.treelayout_org.abego.treelayout.core-1.0.3.jar with timestamp 1658506854708
[2022-07-22 16:20:55,659] {subprocess.py:89} INFO - 22/07/22 16:20:55 INFO Utils: /home/***/.ivy2/jars/org.abego.treelayout_org.abego.treelayout.core-1.0.3.jar has been previously copied to /tmp/spark-319cdd3d-4600-419b-84cf-0a1b27efb822/userFiles-0070ef06-6cd6-4115-b8dc-dd725d8c35ae/org.abego.treelayout_org.abego.treelayout.core-1.0.3.jar
[2022-07-22 16:20:55,662] {subprocess.py:89} INFO - 22/07/22 16:20:55 INFO Executor: Fetching file:///home/***/.ivy2/jars/org.antlr_antlr-runtime-3.5.2.jar with timestamp 1658506854708
[2022-07-22 16:20:55,663] {subprocess.py:89} INFO - 22/07/22 16:20:55 INFO Utils: /home/***/.ivy2/jars/org.antlr_antlr-runtime-3.5.2.jar has been previously copied to /tmp/spark-319cdd3d-4600-419b-84cf-0a1b27efb822/userFiles-0070ef06-6cd6-4115-b8dc-dd725d8c35ae/org.antlr_antlr-runtime-3.5.2.jar
[2022-07-22 16:20:55,665] {subprocess.py:89} INFO - 22/07/22 16:20:55 INFO Executor: Fetching file:///home/***/.ivy2/jars/org.glassfish_javax.json-1.0.4.jar with timestamp 1658506854708
[2022-07-22 16:20:55,666] {subprocess.py:89} INFO - 22/07/22 16:20:55 INFO Utils: /home/***/.ivy2/jars/org.glassfish_javax.json-1.0.4.jar has been previously copied to /tmp/spark-319cdd3d-4600-419b-84cf-0a1b27efb822/userFiles-0070ef06-6cd6-4115-b8dc-dd725d8c35ae/org.glassfish_javax.json-1.0.4.jar
[2022-07-22 16:20:55,668] {subprocess.py:89} INFO - 22/07/22 16:20:55 INFO Executor: Fetching file:///home/***/.ivy2/jars/org.antlr_antlr4-runtime-4.7.jar with timestamp 1658506854708
[2022-07-22 16:20:55,669] {subprocess.py:89} INFO - 22/07/22 16:20:55 INFO Utils: /home/***/.ivy2/jars/org.antlr_antlr4-runtime-4.7.jar has been previously copied to /tmp/spark-319cdd3d-4600-419b-84cf-0a1b27efb822/userFiles-0070ef06-6cd6-4115-b8dc-dd725d8c35ae/org.antlr_antlr4-runtime-4.7.jar
[2022-07-22 16:20:55,672] {subprocess.py:89} INFO - 22/07/22 16:20:55 INFO Executor: Fetching file:///home/***/.ivy2/jars/org.antlr_antlr4-4.7.jar with timestamp 1658506854708
[2022-07-22 16:20:55,673] {subprocess.py:89} INFO - 22/07/22 16:20:55 INFO Utils: /home/***/.ivy2/jars/org.antlr_antlr4-4.7.jar has been previously copied to /tmp/spark-319cdd3d-4600-419b-84cf-0a1b27efb822/userFiles-0070ef06-6cd6-4115-b8dc-dd725d8c35ae/org.antlr_antlr4-4.7.jar
[2022-07-22 16:20:55,676] {subprocess.py:89} INFO - 22/07/22 16:20:55 INFO Executor: Fetching file:///home/***/.ivy2/jars/org.antlr_ST4-4.0.8.jar with timestamp 1658506854708
[2022-07-22 16:20:55,676] {subprocess.py:89} INFO - 22/07/22 16:20:55 INFO Utils: /home/***/.ivy2/jars/org.antlr_ST4-4.0.8.jar has been previously copied to /tmp/spark-319cdd3d-4600-419b-84cf-0a1b27efb822/userFiles-0070ef06-6cd6-4115-b8dc-dd725d8c35ae/org.antlr_ST4-4.0.8.jar
[2022-07-22 16:20:55,679] {subprocess.py:89} INFO - 22/07/22 16:20:55 INFO Executor: Fetching file:///home/***/.ivy2/jars/io.delta_delta-core_2.12-1.0.0.jar with timestamp 1658506854708
[2022-07-22 16:20:55,681] {subprocess.py:89} INFO - 22/07/22 16:20:55 INFO Utils: /home/***/.ivy2/jars/io.delta_delta-core_2.12-1.0.0.jar has been previously copied to /tmp/spark-319cdd3d-4600-419b-84cf-0a1b27efb822/userFiles-0070ef06-6cd6-4115-b8dc-dd725d8c35ae/io.delta_delta-core_2.12-1.0.0.jar
[2022-07-22 16:20:55,685] {subprocess.py:89} INFO - 22/07/22 16:20:55 INFO Executor: Fetching spark://156c91590481:41655/jars/io.delta_delta-core_2.12-1.0.0.jar with timestamp 1658506854708
[2022-07-22 16:20:55,721] {subprocess.py:89} INFO - 22/07/22 16:20:55 INFO TransportClientFactory: Successfully created connection to 156c91590481/172.19.0.8:41655 after 26 ms (0 ms spent in bootstraps)
[2022-07-22 16:20:55,726] {subprocess.py:89} INFO - 22/07/22 16:20:55 INFO Utils: Fetching spark://156c91590481:41655/jars/io.delta_delta-core_2.12-1.0.0.jar to /tmp/spark-319cdd3d-4600-419b-84cf-0a1b27efb822/userFiles-0070ef06-6cd6-4115-b8dc-dd725d8c35ae/fetchFileTemp200867103124671839.tmp
[2022-07-22 16:20:55,753] {subprocess.py:89} INFO - 22/07/22 16:20:55 INFO Utils: /tmp/spark-319cdd3d-4600-419b-84cf-0a1b27efb822/userFiles-0070ef06-6cd6-4115-b8dc-dd725d8c35ae/fetchFileTemp200867103124671839.tmp has been previously copied to /tmp/spark-319cdd3d-4600-419b-84cf-0a1b27efb822/userFiles-0070ef06-6cd6-4115-b8dc-dd725d8c35ae/io.delta_delta-core_2.12-1.0.0.jar
[2022-07-22 16:20:55,756] {subprocess.py:89} INFO - 22/07/22 16:20:55 INFO Executor: Adding file:/tmp/spark-319cdd3d-4600-419b-84cf-0a1b27efb822/userFiles-0070ef06-6cd6-4115-b8dc-dd725d8c35ae/io.delta_delta-core_2.12-1.0.0.jar to class loader
[2022-07-22 16:20:55,756] {subprocess.py:89} INFO - 22/07/22 16:20:55 INFO Executor: Fetching spark://156c91590481:41655/jars/org.abego.treelayout_org.abego.treelayout.core-1.0.3.jar with timestamp 1658506854708
[2022-07-22 16:20:55,757] {subprocess.py:89} INFO - 22/07/22 16:20:55 INFO Utils: Fetching spark://156c91590481:41655/jars/org.abego.treelayout_org.abego.treelayout.core-1.0.3.jar to /tmp/spark-319cdd3d-4600-419b-84cf-0a1b27efb822/userFiles-0070ef06-6cd6-4115-b8dc-dd725d8c35ae/fetchFileTemp4262505057066442118.tmp
[2022-07-22 16:20:55,758] {subprocess.py:89} INFO - 22/07/22 16:20:55 INFO Utils: /tmp/spark-319cdd3d-4600-419b-84cf-0a1b27efb822/userFiles-0070ef06-6cd6-4115-b8dc-dd725d8c35ae/fetchFileTemp4262505057066442118.tmp has been previously copied to /tmp/spark-319cdd3d-4600-419b-84cf-0a1b27efb822/userFiles-0070ef06-6cd6-4115-b8dc-dd725d8c35ae/org.abego.treelayout_org.abego.treelayout.core-1.0.3.jar
[2022-07-22 16:20:55,761] {subprocess.py:89} INFO - 22/07/22 16:20:55 INFO Executor: Adding file:/tmp/spark-319cdd3d-4600-419b-84cf-0a1b27efb822/userFiles-0070ef06-6cd6-4115-b8dc-dd725d8c35ae/org.abego.treelayout_org.abego.treelayout.core-1.0.3.jar to class loader
[2022-07-22 16:20:55,761] {subprocess.py:89} INFO - 22/07/22 16:20:55 INFO Executor: Fetching spark://156c91590481:41655/jars/org.antlr_antlr4-runtime-4.7.jar with timestamp 1658506854708
[2022-07-22 16:20:55,762] {subprocess.py:89} INFO - 22/07/22 16:20:55 INFO Utils: Fetching spark://156c91590481:41655/jars/org.antlr_antlr4-runtime-4.7.jar to /tmp/spark-319cdd3d-4600-419b-84cf-0a1b27efb822/userFiles-0070ef06-6cd6-4115-b8dc-dd725d8c35ae/fetchFileTemp7509576868816410332.tmp
[2022-07-22 16:20:55,764] {subprocess.py:89} INFO - 22/07/22 16:20:55 INFO Utils: /tmp/spark-319cdd3d-4600-419b-84cf-0a1b27efb822/userFiles-0070ef06-6cd6-4115-b8dc-dd725d8c35ae/fetchFileTemp7509576868816410332.tmp has been previously copied to /tmp/spark-319cdd3d-4600-419b-84cf-0a1b27efb822/userFiles-0070ef06-6cd6-4115-b8dc-dd725d8c35ae/org.antlr_antlr4-runtime-4.7.jar
[2022-07-22 16:20:55,767] {subprocess.py:89} INFO - 22/07/22 16:20:55 INFO Executor: Adding file:/tmp/spark-319cdd3d-4600-419b-84cf-0a1b27efb822/userFiles-0070ef06-6cd6-4115-b8dc-dd725d8c35ae/org.antlr_antlr4-runtime-4.7.jar to class loader
[2022-07-22 16:20:55,767] {subprocess.py:89} INFO - 22/07/22 16:20:55 INFO Executor: Fetching spark://156c91590481:41655/jars/org.antlr_antlr4-4.7.jar with timestamp 1658506854708
[2022-07-22 16:20:55,767] {subprocess.py:89} INFO - 22/07/22 16:20:55 INFO Utils: Fetching spark://156c91590481:41655/jars/org.antlr_antlr4-4.7.jar to /tmp/spark-319cdd3d-4600-419b-84cf-0a1b27efb822/userFiles-0070ef06-6cd6-4115-b8dc-dd725d8c35ae/fetchFileTemp6662770019340246483.tmp
[2022-07-22 16:20:55,776] {subprocess.py:89} INFO - 22/07/22 16:20:55 INFO Utils: /tmp/spark-319cdd3d-4600-419b-84cf-0a1b27efb822/userFiles-0070ef06-6cd6-4115-b8dc-dd725d8c35ae/fetchFileTemp6662770019340246483.tmp has been previously copied to /tmp/spark-319cdd3d-4600-419b-84cf-0a1b27efb822/userFiles-0070ef06-6cd6-4115-b8dc-dd725d8c35ae/org.antlr_antlr4-4.7.jar
[2022-07-22 16:20:55,778] {subprocess.py:89} INFO - 22/07/22 16:20:55 INFO Executor: Adding file:/tmp/spark-319cdd3d-4600-419b-84cf-0a1b27efb822/userFiles-0070ef06-6cd6-4115-b8dc-dd725d8c35ae/org.antlr_antlr4-4.7.jar to class loader
[2022-07-22 16:20:55,779] {subprocess.py:89} INFO - 22/07/22 16:20:55 INFO Executor: Fetching spark://156c91590481:41655/jars/com.ibm.icu_icu4j-58.2.jar with timestamp 1658506854708
[2022-07-22 16:20:55,779] {subprocess.py:89} INFO - 22/07/22 16:20:55 INFO Utils: Fetching spark://156c91590481:41655/jars/com.ibm.icu_icu4j-58.2.jar to /tmp/spark-319cdd3d-4600-419b-84cf-0a1b27efb822/userFiles-0070ef06-6cd6-4115-b8dc-dd725d8c35ae/fetchFileTemp8399487613248707572.tmp
[2022-07-22 16:20:55,849] {subprocess.py:89} INFO - 22/07/22 16:20:55 INFO Utils: /tmp/spark-319cdd3d-4600-419b-84cf-0a1b27efb822/userFiles-0070ef06-6cd6-4115-b8dc-dd725d8c35ae/fetchFileTemp8399487613248707572.tmp has been previously copied to /tmp/spark-319cdd3d-4600-419b-84cf-0a1b27efb822/userFiles-0070ef06-6cd6-4115-b8dc-dd725d8c35ae/com.ibm.icu_icu4j-58.2.jar
[2022-07-22 16:20:55,865] {subprocess.py:89} INFO - 22/07/22 16:20:55 INFO Executor: Adding file:/tmp/spark-319cdd3d-4600-419b-84cf-0a1b27efb822/userFiles-0070ef06-6cd6-4115-b8dc-dd725d8c35ae/com.ibm.icu_icu4j-58.2.jar to class loader
[2022-07-22 16:20:55,865] {subprocess.py:89} INFO - 22/07/22 16:20:55 INFO Executor: Fetching spark://156c91590481:41655/jars/org.antlr_antlr-runtime-3.5.2.jar with timestamp 1658506854708
[2022-07-22 16:20:55,866] {subprocess.py:89} INFO - 22/07/22 16:20:55 INFO Utils: Fetching spark://156c91590481:41655/jars/org.antlr_antlr-runtime-3.5.2.jar to /tmp/spark-319cdd3d-4600-419b-84cf-0a1b27efb822/userFiles-0070ef06-6cd6-4115-b8dc-dd725d8c35ae/fetchFileTemp4995169867979916114.tmp
[2022-07-22 16:20:55,870] {subprocess.py:89} INFO - 22/07/22 16:20:55 INFO Utils: /tmp/spark-319cdd3d-4600-419b-84cf-0a1b27efb822/userFiles-0070ef06-6cd6-4115-b8dc-dd725d8c35ae/fetchFileTemp4995169867979916114.tmp has been previously copied to /tmp/spark-319cdd3d-4600-419b-84cf-0a1b27efb822/userFiles-0070ef06-6cd6-4115-b8dc-dd725d8c35ae/org.antlr_antlr-runtime-3.5.2.jar
[2022-07-22 16:20:55,872] {subprocess.py:89} INFO - 22/07/22 16:20:55 INFO Executor: Adding file:/tmp/spark-319cdd3d-4600-419b-84cf-0a1b27efb822/userFiles-0070ef06-6cd6-4115-b8dc-dd725d8c35ae/org.antlr_antlr-runtime-3.5.2.jar to class loader
[2022-07-22 16:20:55,873] {subprocess.py:89} INFO - 22/07/22 16:20:55 INFO Executor: Fetching spark://156c91590481:41655/jars/org.antlr_ST4-4.0.8.jar with timestamp 1658506854708
[2022-07-22 16:20:55,874] {subprocess.py:89} INFO - 22/07/22 16:20:55 INFO Utils: Fetching spark://156c91590481:41655/jars/org.antlr_ST4-4.0.8.jar to /tmp/spark-319cdd3d-4600-419b-84cf-0a1b27efb822/userFiles-0070ef06-6cd6-4115-b8dc-dd725d8c35ae/fetchFileTemp6279786707478245239.tmp
[2022-07-22 16:20:55,877] {subprocess.py:89} INFO - 22/07/22 16:20:55 INFO Utils: /tmp/spark-319cdd3d-4600-419b-84cf-0a1b27efb822/userFiles-0070ef06-6cd6-4115-b8dc-dd725d8c35ae/fetchFileTemp6279786707478245239.tmp has been previously copied to /tmp/spark-319cdd3d-4600-419b-84cf-0a1b27efb822/userFiles-0070ef06-6cd6-4115-b8dc-dd725d8c35ae/org.antlr_ST4-4.0.8.jar
[2022-07-22 16:20:55,883] {subprocess.py:89} INFO - 22/07/22 16:20:55 INFO Executor: Adding file:/tmp/spark-319cdd3d-4600-419b-84cf-0a1b27efb822/userFiles-0070ef06-6cd6-4115-b8dc-dd725d8c35ae/org.antlr_ST4-4.0.8.jar to class loader
[2022-07-22 16:20:55,883] {subprocess.py:89} INFO - 22/07/22 16:20:55 INFO Executor: Fetching spark://156c91590481:41655/jars/org.glassfish_javax.json-1.0.4.jar with timestamp 1658506854708
[2022-07-22 16:20:55,884] {subprocess.py:89} INFO - 22/07/22 16:20:55 INFO Utils: Fetching spark://156c91590481:41655/jars/org.glassfish_javax.json-1.0.4.jar to /tmp/spark-319cdd3d-4600-419b-84cf-0a1b27efb822/userFiles-0070ef06-6cd6-4115-b8dc-dd725d8c35ae/fetchFileTemp3696644449190868434.tmp
[2022-07-22 16:20:55,885] {subprocess.py:89} INFO - 22/07/22 16:20:55 INFO Utils: /tmp/spark-319cdd3d-4600-419b-84cf-0a1b27efb822/userFiles-0070ef06-6cd6-4115-b8dc-dd725d8c35ae/fetchFileTemp3696644449190868434.tmp has been previously copied to /tmp/spark-319cdd3d-4600-419b-84cf-0a1b27efb822/userFiles-0070ef06-6cd6-4115-b8dc-dd725d8c35ae/org.glassfish_javax.json-1.0.4.jar
[2022-07-22 16:20:55,930] {subprocess.py:89} INFO - 22/07/22 16:20:55 INFO Executor: Adding file:/tmp/spark-319cdd3d-4600-419b-84cf-0a1b27efb822/userFiles-0070ef06-6cd6-4115-b8dc-dd725d8c35ae/org.glassfish_javax.json-1.0.4.jar to class loader
[2022-07-22 16:20:55,944] {subprocess.py:89} INFO - 22/07/22 16:20:55 INFO Utils: Successfully started service 'org.apache.spark.network.netty.NettyBlockTransferService' on port 34595.
[2022-07-22 16:20:55,945] {subprocess.py:89} INFO - 22/07/22 16:20:55 INFO NettyBlockTransferService: Server created on 156c91590481:34595
[2022-07-22 16:20:55,946] {subprocess.py:89} INFO - 22/07/22 16:20:55 INFO BlockManager: Using org.apache.spark.storage.RandomBlockReplicationPolicy for block replication policy
[2022-07-22 16:20:55,953] {subprocess.py:89} INFO - 22/07/22 16:20:55 INFO BlockManagerMaster: Registering BlockManager BlockManagerId(driver, 156c91590481, 34595, None)
[2022-07-22 16:20:55,956] {subprocess.py:89} INFO - 22/07/22 16:20:55 INFO BlockManagerMasterEndpoint: Registering block manager 156c91590481:34595 with 366.3 MiB RAM, BlockManagerId(driver, 156c91590481, 34595, None)
[2022-07-22 16:20:55,958] {subprocess.py:89} INFO - 22/07/22 16:20:55 INFO BlockManagerMaster: Registered BlockManager BlockManagerId(driver, 156c91590481, 34595, None)
[2022-07-22 16:20:55,959] {subprocess.py:89} INFO - 22/07/22 16:20:55 INFO BlockManager: Initialized BlockManager: BlockManagerId(driver, 156c91590481, 34595, None)
[2022-07-22 16:20:56,320] {subprocess.py:89} INFO - 22/07/22 16:20:56 INFO SharedState: Setting hive.metastore.warehouse.dir ('null') to the value of spark.sql.warehouse.dir ('file:/tmp/***tmpb8shxn7o/spark-warehouse').
[2022-07-22 16:20:56,320] {subprocess.py:89} INFO - 22/07/22 16:20:56 INFO SharedState: Warehouse path is 'file:/tmp/***tmpb8shxn7o/spark-warehouse'.
[2022-07-22 16:20:57,075] {subprocess.py:89} INFO - 22/07/22 16:20:57 INFO DelegatingLogStore: LogStore org.apache.spark.sql.delta.storage.HDFSLogStore is used for scheme file
[2022-07-22 16:20:57,105] {subprocess.py:89} INFO - 22/07/22 16:20:57 INFO DeltaLog: Loading version 0.
[2022-07-22 16:20:57,373] {subprocess.py:89} INFO - 22/07/22 16:20:57 INFO Snapshot: [tableId=950925e6-009b-4bcf-b9e5-3f730b72cd61] DELTA: Compute snapshot for version: 0
[2022-07-22 16:20:57,454] {local_task_job.py:212} WARNING - State of this instance has been externally set to skipped. Terminating instance.
[2022-07-22 16:20:57,455] {process_utils.py:124} INFO - Sending Signals.SIGTERM to group 2484. PIDs of all processes in the group: [2485, 2523, 2484]
[2022-07-22 16:20:57,455] {process_utils.py:75} INFO - Sending the signal Signals.SIGTERM to group 2484
[2022-07-22 16:20:57,455] {taskinstance.py:1408} ERROR - Received SIGTERM. Terminating subprocesses.
[2022-07-22 16:20:57,455] {subprocess.py:99} INFO - Sending SIGTERM signal to process group
[2022-07-22 16:20:57,803] {process_utils.py:70} INFO - Process psutil.Process(pid=2484, status='terminated', exitcode=0, started='16:20:52') (2484) terminated with exit code 0
[2022-07-22 16:20:57,803] {process_utils.py:70} INFO - Process psutil.Process(pid=2523, status='terminated', started='16:20:53') (2523) terminated with exit code None
[2022-07-22 16:20:57,898] {process_utils.py:70} INFO - Process psutil.Process(pid=2485, status='terminated', started='16:20:52') (2485) terminated with exit code None
