[2022-06-23 20:13:35,645] {taskinstance.py:1032} INFO - Dependencies all met for <TaskInstance: DM-COUNT-f101_round_f.count_f101-5 scheduled__2022-06-22T16:20:07.188456+00:00 [queued]>
[2022-06-23 20:13:35,668] {taskinstance.py:1032} INFO - Dependencies all met for <TaskInstance: DM-COUNT-f101_round_f.count_f101-5 scheduled__2022-06-22T16:20:07.188456+00:00 [queued]>
[2022-06-23 20:13:35,668] {taskinstance.py:1238} INFO - 
--------------------------------------------------------------------------------
[2022-06-23 20:13:35,668] {taskinstance.py:1239} INFO - Starting attempt 1 of 2
[2022-06-23 20:13:35,668] {taskinstance.py:1240} INFO - 
--------------------------------------------------------------------------------
[2022-06-23 20:13:35,699] {taskinstance.py:1259} INFO - Executing <Task(PostgresOperator): count_f101-5> on 2022-06-22 16:20:07.188456+00:00
[2022-06-23 20:13:35,708] {standard_task_runner.py:52} INFO - Started process 164 to run task
[2022-06-23 20:13:35,719] {standard_task_runner.py:76} INFO - Running: ['***', 'tasks', 'run', 'DM-COUNT-f101_round_f', 'count_f101-5', 'scheduled__2022-06-22T16:20:07.188456+00:00', '--job-id', '1235', '--raw', '--subdir', 'DAGS_FOLDER/f_101_round_f.py', '--cfg-path', '/tmp/tmpc_z2b8jf', '--error-file', '/tmp/tmpph_467i9']
[2022-06-23 20:13:35,720] {standard_task_runner.py:77} INFO - Job 1235: Subtask count_f101-5
[2022-06-23 20:13:35,815] {logging_mixin.py:109} INFO - Running <TaskInstance: DM-COUNT-f101_round_f.count_f101-5 scheduled__2022-06-22T16:20:07.188456+00:00 [running]> on host 1a36ba6d0ffa
[2022-06-23 20:13:35,903] {taskinstance.py:1426} INFO - Exporting the following env vars:
AIRFLOW_CTX_DAG_OWNER=***
AIRFLOW_CTX_DAG_ID=DM-COUNT-f101_round_f
AIRFLOW_CTX_TASK_ID=count_f101-5
AIRFLOW_CTX_EXECUTION_DATE=2022-06-22T16:20:07.188456+00:00
AIRFLOW_CTX_DAG_RUN_ID=scheduled__2022-06-22T16:20:07.188456+00:00
[2022-06-23 20:13:35,924] {base.py:79} INFO - Using connection to: id: postgres. Host: postgres, Port: 5432, Schema: postgres, Login: ***, Password: ***, extra: {}
[2022-06-23 20:13:35,935] {dbapi.py:225} INFO - Running statement: CALL dm.fill_f101_round_f (%(date)s::date);, parameters: {'date': '2018-01-5'}
[2022-06-23 20:13:36,210] {taskinstance.py:1277} INFO - Marking task as SUCCESS. dag_id=DM-COUNT-f101_round_f, task_id=count_f101-5, execution_date=20220622T162007, start_date=20220623T201335, end_date=20220623T201336
[2022-06-23 20:13:36,264] {local_task_job.py:154} INFO - Task exited with return code 0
[2022-06-23 20:13:36,440] {local_task_job.py:264} INFO - 0 downstream tasks scheduled from follow-on schedule check
