[2022-07-18 20:55:01,713] {taskinstance.py:1032} INFO - Dependencies all met for <TaskInstance: MIRR_MD_ACCOUNT_D.load_mirror_md_account_d scheduled__2022-07-18T20:50:00+00:00 [queued]>
[2022-07-18 20:55:01,722] {taskinstance.py:1032} INFO - Dependencies all met for <TaskInstance: MIRR_MD_ACCOUNT_D.load_mirror_md_account_d scheduled__2022-07-18T20:50:00+00:00 [queued]>
[2022-07-18 20:55:01,722] {taskinstance.py:1238} INFO - 
--------------------------------------------------------------------------------
[2022-07-18 20:55:01,722] {taskinstance.py:1239} INFO - Starting attempt 1 of 2
[2022-07-18 20:55:01,722] {taskinstance.py:1240} INFO - 
--------------------------------------------------------------------------------
[2022-07-18 20:55:01,780] {taskinstance.py:1259} INFO - Executing <Task(BashOperator): load_mirror_md_account_d> on 2022-07-18 20:50:00+00:00
[2022-07-18 20:55:01,782] {standard_task_runner.py:52} INFO - Started process 108 to run task
[2022-07-18 20:55:01,785] {standard_task_runner.py:76} INFO - Running: ['***', 'tasks', 'run', 'MIRR_MD_ACCOUNT_D', 'load_mirror_md_account_d', 'scheduled__2022-07-18T20:50:00+00:00', '--job-id', '15', '--raw', '--subdir', 'DAGS_FOLDER/mirror_calc.py', '--cfg-path', '/tmp/tmpo493bwns', '--error-file', '/tmp/tmpnmskclu2']
[2022-07-18 20:55:01,785] {standard_task_runner.py:77} INFO - Job 15: Subtask load_mirror_md_account_d
[2022-07-18 20:55:01,870] {logging_mixin.py:109} INFO - Running <TaskInstance: MIRR_MD_ACCOUNT_D.load_mirror_md_account_d scheduled__2022-07-18T20:50:00+00:00 [running]> on host 09e0a7509f85
[2022-07-18 20:55:02,113] {taskinstance.py:1426} INFO - Exporting the following env vars:
AIRFLOW_CTX_DAG_OWNER=***
AIRFLOW_CTX_DAG_ID=MIRR_MD_ACCOUNT_D
AIRFLOW_CTX_TASK_ID=load_mirror_md_account_d
AIRFLOW_CTX_EXECUTION_DATE=2022-07-18T20:50:00+00:00
AIRFLOW_CTX_DAG_RUN_ID=scheduled__2022-07-18T20:50:00+00:00
[2022-07-18 20:55:02,116] {subprocess.py:62} INFO - Tmp dir root location: 
 /tmp
[2022-07-18 20:55:02,117] {subprocess.py:74} INFO - Running command: ['bash', '-c', '"${SPARK_HOME}/bin/spark-submit" --master spark://spark:7077 /opt/***/spark_scripts/mirr_md_account_d.py']
[2022-07-18 20:55:02,174] {subprocess.py:85} INFO - Output:
[2022-07-18 20:55:04,605] {subprocess.py:89} INFO - 22/07/18 20:55:04 WARN NativeCodeLoader: Unable to load native-hadoop library for your platform... using builtin-java classes where applicable
[2022-07-18 20:55:06,486] {subprocess.py:89} INFO - [[34m2022-07-18 20:55:06,486[0m] {[34mbase.py:[0m79} INFO[0m - Using connection to: id: postgres. Host: postgres, Port: 5432, Schema: postgres, Login: ***, Password: ***, extra: {}[0m
[2022-07-18 20:55:06,821] {local_task_job.py:212} WARNING - State of this instance has been externally set to skipped. Terminating instance.
[2022-07-18 20:55:06,822] {process_utils.py:124} INFO - Sending Signals.SIGTERM to group 108. PIDs of all processes in the group: [109, 148, 108]
[2022-07-18 20:55:06,822] {process_utils.py:75} INFO - Sending the signal Signals.SIGTERM to group 108
[2022-07-18 20:55:06,822] {taskinstance.py:1408} ERROR - Received SIGTERM. Terminating subprocesses.
[2022-07-18 20:55:06,823] {subprocess.py:99} INFO - Sending SIGTERM signal to process group
[2022-07-18 20:55:06,875] {process_utils.py:70} INFO - Process psutil.Process(pid=108, status='terminated', exitcode=0, started='20:55:01') (108) terminated with exit code 0
[2022-07-18 20:55:06,876] {process_utils.py:70} INFO - Process psutil.Process(pid=109, status='terminated', started='20:55:01') (109) terminated with exit code None
[2022-07-18 20:55:06,876] {process_utils.py:70} INFO - Process psutil.Process(pid=148, status='terminated', started='20:55:04') (148) terminated with exit code None
