[2022-06-25 19:47:12,202] {taskinstance.py:1032} INFO - Dependencies all met for <TaskInstance: DM-COUNT-f101_round_f.count_f101-21 scheduled__2022-06-24T19:47:05.358363+00:00 [queued]>
[2022-06-25 19:47:12,249] {taskinstance.py:1032} INFO - Dependencies all met for <TaskInstance: DM-COUNT-f101_round_f.count_f101-21 scheduled__2022-06-24T19:47:05.358363+00:00 [queued]>
[2022-06-25 19:47:12,249] {taskinstance.py:1238} INFO - 
--------------------------------------------------------------------------------
[2022-06-25 19:47:12,249] {taskinstance.py:1239} INFO - Starting attempt 1 of 2
[2022-06-25 19:47:12,249] {taskinstance.py:1240} INFO - 
--------------------------------------------------------------------------------
[2022-06-25 19:47:12,317] {taskinstance.py:1259} INFO - Executing <Task(PostgresOperator): count_f101-21> on 2022-06-24 19:47:05.358363+00:00
[2022-06-25 19:47:12,327] {standard_task_runner.py:52} INFO - Started process 732 to run task
[2022-06-25 19:47:12,353] {standard_task_runner.py:76} INFO - Running: ['***', 'tasks', 'run', 'DM-COUNT-f101_round_f', 'count_f101-21', 'scheduled__2022-06-24T19:47:05.358363+00:00', '--job-id', '1392', '--raw', '--subdir', 'DAGS_FOLDER/f_101_round_f.py', '--cfg-path', '/tmp/tmp25syhpeq', '--error-file', '/tmp/tmpfyrgo2_8']
[2022-06-25 19:47:12,354] {standard_task_runner.py:77} INFO - Job 1392: Subtask count_f101-21
[2022-06-25 19:47:12,513] {logging_mixin.py:109} INFO - Running <TaskInstance: DM-COUNT-f101_round_f.count_f101-21 scheduled__2022-06-24T19:47:05.358363+00:00 [running]> on host 1a36ba6d0ffa
[2022-06-25 19:47:12,710] {taskinstance.py:1426} INFO - Exporting the following env vars:
AIRFLOW_CTX_DAG_OWNER=***
AIRFLOW_CTX_DAG_ID=DM-COUNT-f101_round_f
AIRFLOW_CTX_TASK_ID=count_f101-21
AIRFLOW_CTX_EXECUTION_DATE=2022-06-24T19:47:05.358363+00:00
AIRFLOW_CTX_DAG_RUN_ID=scheduled__2022-06-24T19:47:05.358363+00:00
[2022-06-25 19:47:12,769] {base.py:79} INFO - Using connection to: id: postgres. Host: postgres, Port: 5432, Schema: postgres, Login: ***, Password: ***, extra: {}
[2022-06-25 19:47:12,806] {dbapi.py:225} INFO - Running statement: CALL dm.fill_f101_round_f (%(date)s::date);, parameters: {'date': '2018-01-21'}
[2022-06-25 19:47:13,291] {taskinstance.py:1277} INFO - Marking task as SUCCESS. dag_id=DM-COUNT-f101_round_f, task_id=count_f101-21, execution_date=20220624T194705, start_date=20220625T194712, end_date=20220625T194713
[2022-06-25 19:47:13,421] {local_task_job.py:154} INFO - Task exited with return code 0
[2022-06-25 19:47:14,185] {local_task_job.py:264} INFO - 0 downstream tasks scheduled from follow-on schedule check
