[2022-07-17 09:24:57,153] {taskinstance.py:1032} INFO - Dependencies all met for <TaskInstance: CSV_TO_DS.SEND_DS_md_exchange_rate_d scheduled__2022-07-16T09:24:30.420353+00:00 [queued]>
[2022-07-17 09:24:57,223] {taskinstance.py:1032} INFO - Dependencies all met for <TaskInstance: CSV_TO_DS.SEND_DS_md_exchange_rate_d scheduled__2022-07-16T09:24:30.420353+00:00 [queued]>
[2022-07-17 09:24:57,231] {taskinstance.py:1238} INFO - 
--------------------------------------------------------------------------------
[2022-07-17 09:24:57,232] {taskinstance.py:1239} INFO - Starting attempt 1 of 2
[2022-07-17 09:24:57,237] {taskinstance.py:1240} INFO - 
--------------------------------------------------------------------------------
[2022-07-17 09:24:57,308] {taskinstance.py:1259} INFO - Executing <Task(PythonOperator): SEND_DS_md_exchange_rate_d> on 2022-07-16 09:24:30.420353+00:00
[2022-07-17 09:24:57,327] {standard_task_runner.py:76} INFO - Running: ['***', 'tasks', 'run', 'CSV_TO_DS', 'SEND_DS_md_exchange_rate_d', 'scheduled__2022-07-16T09:24:30.420353+00:00', '--job-id', '1656', '--raw', '--subdir', 'DAGS_FOLDER/csv_to_ds.py', '--cfg-path', '/tmp/tmpenipqjvx', '--error-file', '/tmp/tmp4g873i8b']
[2022-07-17 09:24:57,335] {standard_task_runner.py:77} INFO - Job 1656: Subtask SEND_DS_md_exchange_rate_d
[2022-07-17 09:24:57,343] {standard_task_runner.py:52} INFO - Started process 576 to run task
[2022-07-17 09:24:57,875] {logging_mixin.py:109} INFO - Running <TaskInstance: CSV_TO_DS.SEND_DS_md_exchange_rate_d scheduled__2022-07-16T09:24:30.420353+00:00 [running]> on host a04da3f4ff4b
[2022-07-17 09:24:59,878] {taskinstance.py:1426} INFO - Exporting the following env vars:
AIRFLOW_CTX_DAG_OWNER=***
AIRFLOW_CTX_DAG_ID=CSV_TO_DS
AIRFLOW_CTX_TASK_ID=SEND_DS_md_exchange_rate_d
AIRFLOW_CTX_EXECUTION_DATE=2022-07-16T09:24:30.420353+00:00
AIRFLOW_CTX_DAG_RUN_ID=scheduled__2022-07-16T09:24:30.420353+00:00
[2022-07-17 09:25:00,942] {FromLocal.py:67} INFO - object of type 'bool' has no len()
[2022-07-17 09:25:00,942] {FromLocal.py:96} INFO - 'NoneType' object has no attribute 'to_sql'
[2022-07-17 09:25:05,952] {python.py:175} INFO - Done. Returned value was: None
[2022-07-17 09:25:05,963] {taskinstance.py:1277} INFO - Marking task as SUCCESS. dag_id=CSV_TO_DS, task_id=SEND_DS_md_exchange_rate_d, execution_date=20220716T092430, start_date=20220717T092457, end_date=20220717T092505
[2022-07-17 09:25:06,027] {local_task_job.py:154} INFO - Task exited with return code 0
[2022-07-17 09:25:06,069] {local_task_job.py:264} INFO - 0 downstream tasks scheduled from follow-on schedule check
