[2022-06-12 17:12:36,521] {taskinstance.py:1032} INFO - Dependencies all met for <TaskInstance: CSV_TO_DS.create_schema_and_tables_logs manual__2022-06-12T17:12:35.611262+00:00 [queued]>
[2022-06-12 17:12:36,529] {taskinstance.py:1032} INFO - Dependencies all met for <TaskInstance: CSV_TO_DS.create_schema_and_tables_logs manual__2022-06-12T17:12:35.611262+00:00 [queued]>
[2022-06-12 17:12:36,529] {taskinstance.py:1238} INFO - 
--------------------------------------------------------------------------------
[2022-06-12 17:12:36,529] {taskinstance.py:1239} INFO - Starting attempt 1 of 2
[2022-06-12 17:12:36,529] {taskinstance.py:1240} INFO - 
--------------------------------------------------------------------------------
[2022-06-12 17:12:36,538] {taskinstance.py:1259} INFO - Executing <Task(PostgresOperator): create_schema_and_tables_logs> on 2022-06-12 17:12:35.611262+00:00
[2022-06-12 17:12:36,543] {standard_task_runner.py:52} INFO - Started process 4716 to run task
[2022-06-12 17:12:36,545] {standard_task_runner.py:76} INFO - Running: ['***', 'tasks', 'run', 'CSV_TO_DS', 'create_schema_and_tables_logs', 'manual__2022-06-12T17:12:35.611262+00:00', '--job-id', '5', '--raw', '--subdir', 'DAGS_FOLDER/csv_to_ds.py', '--cfg-path', '/tmp/tmpos3i3ji0', '--error-file', '/tmp/tmp8vn0yxzp']
[2022-06-12 17:12:36,546] {standard_task_runner.py:77} INFO - Job 5: Subtask create_schema_and_tables_logs
[2022-06-12 17:12:36,590] {logging_mixin.py:109} INFO - Running <TaskInstance: CSV_TO_DS.create_schema_and_tables_logs manual__2022-06-12T17:12:35.611262+00:00 [running]> on host 85bfea1e024d
[2022-06-12 17:12:36,643] {taskinstance.py:1426} INFO - Exporting the following env vars:
AIRFLOW_CTX_DAG_OWNER=***
AIRFLOW_CTX_DAG_ID=CSV_TO_DS
AIRFLOW_CTX_TASK_ID=create_schema_and_tables_logs
AIRFLOW_CTX_EXECUTION_DATE=2022-06-12T17:12:35.611262+00:00
AIRFLOW_CTX_DAG_RUN_ID=manual__2022-06-12T17:12:35.611262+00:00
[2022-06-12 17:12:36,651] {base.py:79} INFO - Using connection to: id: postgres. Host: postgres, Port: None, Schema: postgres, Login: ***, Password: ***, extra: {}
[2022-06-12 17:12:36,654] {dbapi.py:225} INFO - Running statement: CREATE SCHEMA IF NOT EXISTS logs;

CREATE TABLE IF NOT EXISTS logs.load_csv_to_ds (
    ID SERIAL PRIMARY KEY,
    TABLE_NAME VARCHAR(30),
    CSV_PATH TEXT,
    TIME_START_LOAD TIMESTAMP DEFAULT CURRENT_TIMESTAMP(0),
    TIME_END_LOAD TIMESTAMP,
    condition TEXT
);, parameters: None
[2022-06-12 17:12:36,680] {taskinstance.py:1277} INFO - Marking task as SUCCESS. dag_id=CSV_TO_DS, task_id=create_schema_and_tables_logs, execution_date=20220612T171235, start_date=20220612T171236, end_date=20220612T171236
[2022-06-12 17:12:36,718] {local_task_job.py:154} INFO - Task exited with return code 0
[2022-06-12 17:12:36,750] {local_task_job.py:264} INFO - 1 downstream tasks scheduled from follow-on schedule check
