[2022-06-22 19:31:44,622] {taskinstance.py:1032} INFO - Dependencies all met for <TaskInstance: DM-COUNT-f101_round_f.count_f101-27 scheduled__2022-06-21T16:20:07.188456+00:00 [queued]>
[2022-06-22 19:31:44,657] {taskinstance.py:1032} INFO - Dependencies all met for <TaskInstance: DM-COUNT-f101_round_f.count_f101-27 scheduled__2022-06-21T16:20:07.188456+00:00 [queued]>
[2022-06-22 19:31:44,657] {taskinstance.py:1238} INFO - 
--------------------------------------------------------------------------------
[2022-06-22 19:31:44,657] {taskinstance.py:1239} INFO - Starting attempt 1 of 2
[2022-06-22 19:31:44,657] {taskinstance.py:1240} INFO - 
--------------------------------------------------------------------------------
[2022-06-22 19:31:44,719] {taskinstance.py:1259} INFO - Executing <Task(PostgresOperator): count_f101-27> on 2022-06-21 16:20:07.188456+00:00
[2022-06-22 19:31:44,733] {standard_task_runner.py:52} INFO - Started process 112 to run task
[2022-06-22 19:31:44,760] {standard_task_runner.py:76} INFO - Running: ['***', 'tasks', 'run', 'DM-COUNT-f101_round_f', 'count_f101-27', 'scheduled__2022-06-21T16:20:07.188456+00:00', '--job-id', '1117', '--raw', '--subdir', 'DAGS_FOLDER/f_101_round_f.py', '--cfg-path', '/tmp/tmpd5_gr3ke', '--error-file', '/tmp/tmph0jqjm7g']
[2022-06-22 19:31:44,761] {standard_task_runner.py:77} INFO - Job 1117: Subtask count_f101-27
[2022-06-22 19:31:44,899] {logging_mixin.py:109} INFO - Running <TaskInstance: DM-COUNT-f101_round_f.count_f101-27 scheduled__2022-06-21T16:20:07.188456+00:00 [running]> on host bc39be91d060
[2022-06-22 19:31:45,093] {taskinstance.py:1426} INFO - Exporting the following env vars:
AIRFLOW_CTX_DAG_OWNER=***
AIRFLOW_CTX_DAG_ID=DM-COUNT-f101_round_f
AIRFLOW_CTX_TASK_ID=count_f101-27
AIRFLOW_CTX_EXECUTION_DATE=2022-06-21T16:20:07.188456+00:00
AIRFLOW_CTX_DAG_RUN_ID=scheduled__2022-06-21T16:20:07.188456+00:00
[2022-06-22 19:31:45,118] {base.py:79} INFO - Using connection to: id: postgres. Host: postgres, Port: 5432, Schema: postgres, Login: ***, Password: ***, extra: {}
[2022-06-22 19:31:45,131] {dbapi.py:225} INFO - Running statement: CALL dm.fill_f101_round_f (%(date)s::date);, parameters: {'date': '2018-01-27'}
[2022-06-22 19:31:46,231] {taskinstance.py:1277} INFO - Marking task as SUCCESS. dag_id=DM-COUNT-f101_round_f, task_id=count_f101-27, execution_date=20220621T162007, start_date=20220622T193144, end_date=20220622T193146
[2022-06-22 19:31:46,318] {local_task_job.py:154} INFO - Task exited with return code 0
[2022-06-22 19:31:47,208] {local_task_job.py:264} INFO - 0 downstream tasks scheduled from follow-on schedule check
