[2022-06-23 20:30:06,127] {taskinstance.py:1032} INFO - Dependencies all met for <TaskInstance: f101_from_csv_to_db.update_double_f101_dm_csv manual__2022-06-23T20:30:02.614988+00:00 [queued]>
[2022-06-23 20:30:06,135] {taskinstance.py:1032} INFO - Dependencies all met for <TaskInstance: f101_from_csv_to_db.update_double_f101_dm_csv manual__2022-06-23T20:30:02.614988+00:00 [queued]>
[2022-06-23 20:30:06,136] {taskinstance.py:1238} INFO - 
--------------------------------------------------------------------------------
[2022-06-23 20:30:06,136] {taskinstance.py:1239} INFO - Starting attempt 1 of 2
[2022-06-23 20:30:06,136] {taskinstance.py:1240} INFO - 
--------------------------------------------------------------------------------
[2022-06-23 20:30:06,148] {taskinstance.py:1259} INFO - Executing <Task(PythonOperator): update_double_f101_dm_csv> on 2022-06-23 20:30:02.614988+00:00
[2022-06-23 20:30:06,152] {standard_task_runner.py:52} INFO - Started process 912 to run task
[2022-06-23 20:30:06,155] {standard_task_runner.py:76} INFO - Running: ['***', 'tasks', 'run', 'f101_from_csv_to_db', 'update_double_f101_dm_csv', 'manual__2022-06-23T20:30:02.614988+00:00', '--job-id', '1242', '--raw', '--subdir', 'DAGS_FOLDER/f101_from_local.py', '--cfg-path', '/tmp/tmpkaz43v1s', '--error-file', '/tmp/tmp70l2cydg']
[2022-06-23 20:30:06,155] {standard_task_runner.py:77} INFO - Job 1242: Subtask update_double_f101_dm_csv
[2022-06-23 20:30:06,221] {logging_mixin.py:109} INFO - Running <TaskInstance: f101_from_csv_to_db.update_double_f101_dm_csv manual__2022-06-23T20:30:02.614988+00:00 [running]> on host 1a36ba6d0ffa
[2022-06-23 20:30:06,281] {taskinstance.py:1426} INFO - Exporting the following env vars:
AIRFLOW_CTX_DAG_OWNER=***
AIRFLOW_CTX_DAG_ID=f101_from_csv_to_db
AIRFLOW_CTX_TASK_ID=update_double_f101_dm_csv
AIRFLOW_CTX_EXECUTION_DATE=2022-06-23T20:30:02.614988+00:00
AIRFLOW_CTX_DAG_RUN_ID=manual__2022-06-23T20:30:02.614988+00:00
[2022-06-23 20:30:06,331] {FromLocal.py:65} INFO - Column from_date changed date-time format
[2022-06-23 20:30:06,332] {FromLocal.py:65} INFO - Column to_date changed date-time format
[2022-06-23 20:30:06,332] {FromLocal.py:71} INFO - Table dm_f101_round_f_v2 read in pandas success. 
[2022-06-23 20:30:06,366] {FromLocal.py:72} INFO - 
    from_date    to_date  ... balance_out_total  r_balance_out_total
0 2018-01-01 2018-01-31  ...        2796528.22                  NaN
1 2018-01-01 2018-01-31  ...              0.00                  NaN
2 2018-01-01 2018-01-31  ...         424336.82                  NaN
3 2018-01-01 2018-01-31  ...              0.00                  NaN
4 2018-01-01 2018-01-31  ...        1131304.48                  NaN

[5 rows x 29 columns]
[2022-06-23 20:30:06,435] {FromLocal.py:100} INFO -  Table dm_f101_round_f_v2 in ds schema has updated success. 
[2022-06-23 20:30:11,449] {python.py:175} INFO - Done. Returned value was: None
[2022-06-23 20:30:11,458] {taskinstance.py:1277} INFO - Marking task as SUCCESS. dag_id=f101_from_csv_to_db, task_id=update_double_f101_dm_csv, execution_date=20220623T203002, start_date=20220623T203006, end_date=20220623T203011
[2022-06-23 20:30:11,497] {local_task_job.py:154} INFO - Task exited with return code 0
[2022-06-23 20:30:11,523] {local_task_job.py:264} INFO - 1 downstream tasks scheduled from follow-on schedule check
