[2022-06-22 08:39:27,665] {taskinstance.py:1032} INFO - Dependencies all met for <TaskInstance: DM-COUNT-f101_round_f.count_f101-6 manual__2022-06-22T08:39:18.536800+00:00 [queued]>
[2022-06-22 08:39:27,725] {taskinstance.py:1032} INFO - Dependencies all met for <TaskInstance: DM-COUNT-f101_round_f.count_f101-6 manual__2022-06-22T08:39:18.536800+00:00 [queued]>
[2022-06-22 08:39:27,725] {taskinstance.py:1238} INFO - 
--------------------------------------------------------------------------------
[2022-06-22 08:39:27,726] {taskinstance.py:1239} INFO - Starting attempt 1 of 2
[2022-06-22 08:39:27,726] {taskinstance.py:1240} INFO - 
--------------------------------------------------------------------------------
[2022-06-22 08:39:27,779] {taskinstance.py:1259} INFO - Executing <Task(PostgresOperator): count_f101-6> on 2022-06-22 08:39:18.536800+00:00
[2022-06-22 08:39:27,794] {standard_task_runner.py:52} INFO - Started process 3050 to run task
[2022-06-22 08:39:27,809] {standard_task_runner.py:76} INFO - Running: ['***', 'tasks', 'run', 'DM-COUNT-f101_round_f', 'count_f101-6', 'manual__2022-06-22T08:39:18.536800+00:00', '--job-id', '1079', '--raw', '--subdir', 'DAGS_FOLDER/f_101_round_f.py', '--cfg-path', '/tmp/tmplkbgji0n', '--error-file', '/tmp/tmptmvu5_7b']
[2022-06-22 08:39:27,825] {standard_task_runner.py:77} INFO - Job 1079: Subtask count_f101-6
[2022-06-22 08:39:28,079] {logging_mixin.py:109} INFO - Running <TaskInstance: DM-COUNT-f101_round_f.count_f101-6 manual__2022-06-22T08:39:18.536800+00:00 [running]> on host a0a302277daf
[2022-06-22 08:39:28,562] {taskinstance.py:1426} INFO - Exporting the following env vars:
AIRFLOW_CTX_DAG_OWNER=***
AIRFLOW_CTX_DAG_ID=DM-COUNT-f101_round_f
AIRFLOW_CTX_TASK_ID=count_f101-6
AIRFLOW_CTX_EXECUTION_DATE=2022-06-22T08:39:18.536800+00:00
AIRFLOW_CTX_DAG_RUN_ID=manual__2022-06-22T08:39:18.536800+00:00
[2022-06-22 08:39:28,594] {base.py:79} INFO - Using connection to: id: postgres. Host: postgres, Port: 5432, Schema: postgres, Login: ***, Password: ***, extra: {}
[2022-06-22 08:39:28,608] {dbapi.py:225} INFO - Running statement: CALL dm.fill_f101_round_f (%(date)s::date);, parameters: {'date': '2018-01-6'}
[2022-06-22 08:39:29,473] {taskinstance.py:1277} INFO - Marking task as SUCCESS. dag_id=DM-COUNT-f101_round_f, task_id=count_f101-6, execution_date=20220622T083918, start_date=20220622T083927, end_date=20220622T083929
[2022-06-22 08:39:29,591] {local_task_job.py:154} INFO - Task exited with return code 0
[2022-06-22 08:39:30,528] {local_task_job.py:264} INFO - 0 downstream tasks scheduled from follow-on schedule check
