[2022-07-17 09:24:45,423] {taskinstance.py:1032} INFO - Dependencies all met for <TaskInstance: DM-COUNT-account-turnover.START_COUNT_BY_DAY_21 scheduled__2022-07-16T09:24:31.887335+00:00 [queued]>
[2022-07-17 09:24:45,709] {taskinstance.py:1032} INFO - Dependencies all met for <TaskInstance: DM-COUNT-account-turnover.START_COUNT_BY_DAY_21 scheduled__2022-07-16T09:24:31.887335+00:00 [queued]>
[2022-07-17 09:24:45,710] {taskinstance.py:1238} INFO - 
--------------------------------------------------------------------------------
[2022-07-17 09:24:45,710] {taskinstance.py:1239} INFO - Starting attempt 1 of 2
[2022-07-17 09:24:45,710] {taskinstance.py:1240} INFO - 
--------------------------------------------------------------------------------
[2022-07-17 09:24:45,864] {taskinstance.py:1259} INFO - Executing <Task(PostgresOperator): START_COUNT_BY_DAY_21> on 2022-07-16 09:24:31.887335+00:00
[2022-07-17 09:24:45,908] {standard_task_runner.py:52} INFO - Started process 472 to run task
[2022-07-17 09:24:45,918] {standard_task_runner.py:76} INFO - Running: ['***', 'tasks', 'run', 'DM-COUNT-account-turnover', 'START_COUNT_BY_DAY_21', 'scheduled__2022-07-16T09:24:31.887335+00:00', '--job-id', '1626', '--raw', '--subdir', 'DAGS_FOLDER/dm_fill_account_turnover.py', '--cfg-path', '/tmp/tmpyvuivo75', '--error-file', '/tmp/tmpv38rsxmy']
[2022-07-17 09:24:45,973] {standard_task_runner.py:77} INFO - Job 1626: Subtask START_COUNT_BY_DAY_21
[2022-07-17 09:24:46,266] {logging_mixin.py:109} INFO - Running <TaskInstance: DM-COUNT-account-turnover.START_COUNT_BY_DAY_21 scheduled__2022-07-16T09:24:31.887335+00:00 [running]> on host a04da3f4ff4b
[2022-07-17 09:24:46,682] {taskinstance.py:1426} INFO - Exporting the following env vars:
AIRFLOW_CTX_DAG_OWNER=***
AIRFLOW_CTX_DAG_ID=DM-COUNT-account-turnover
AIRFLOW_CTX_TASK_ID=START_COUNT_BY_DAY_21
AIRFLOW_CTX_EXECUTION_DATE=2022-07-16T09:24:31.887335+00:00
AIRFLOW_CTX_DAG_RUN_ID=scheduled__2022-07-16T09:24:31.887335+00:00
[2022-07-17 09:24:46,750] {base.py:79} INFO - Using connection to: id: postgres. Host: postgres, Port: 5432, Schema: postgres, Login: ***, Password: ***, extra: {}
[2022-07-17 09:24:46,764] {dbapi.py:225} INFO - Running statement: CALL ds.fill_account_turnover_f (%(date)s::date);, parameters: {'date': '2018-01-21'}
[2022-07-17 09:24:47,668] {taskinstance.py:1277} INFO - Marking task as SUCCESS. dag_id=DM-COUNT-account-turnover, task_id=START_COUNT_BY_DAY_21, execution_date=20220716T092431, start_date=20220717T092445, end_date=20220717T092447
[2022-07-17 09:24:47,915] {local_task_job.py:154} INFO - Task exited with return code 0
[2022-07-17 09:24:48,526] {local_task_job.py:264} INFO - 0 downstream tasks scheduled from follow-on schedule check
