[2022-06-05 22:04:29,626] {processor.py:153} INFO - Started process (PID=49) to work on /opt/airflow/dags/csv_to_ds.py
[2022-06-05 22:04:29,658] {processor.py:641} INFO - Processing file /opt/airflow/dags/csv_to_ds.py for tasks to queue
[2022-06-05 22:04:29,671] {logging_mixin.py:115} INFO - [2022-06-05 22:04:29,670] {dagbag.py:507} INFO - Filling up the DagBag from /opt/airflow/dags/csv_to_ds.py
[2022-06-05 22:04:29,819] {processor.py:651} INFO - DAG(s) dict_keys(['CSV_TO_DS']) retrieved from /opt/airflow/dags/csv_to_ds.py
[2022-06-05 22:04:30,682] {logging_mixin.py:115} INFO - [2022-06-05 22:04:30,682] {manager.py:508} INFO - Created Permission View: can edit on DAG:CSV_TO_DS
[2022-06-05 22:04:30,704] {logging_mixin.py:115} INFO - [2022-06-05 22:04:30,704] {manager.py:508} INFO - Created Permission View: can delete on DAG:CSV_TO_DS
[2022-06-05 22:04:30,718] {logging_mixin.py:115} INFO - [2022-06-05 22:04:30,718] {manager.py:508} INFO - Created Permission View: can read on DAG:CSV_TO_DS
[2022-06-05 22:04:30,718] {logging_mixin.py:115} INFO - [2022-06-05 22:04:30,718] {dag.py:2379} INFO - Sync 1 DAGs
[2022-06-05 22:04:30,733] {logging_mixin.py:115} INFO - [2022-06-05 22:04:30,733] {dag.py:2398} INFO - Creating ORM DAG for CSV_TO_DS
[2022-06-05 22:04:30,767] {logging_mixin.py:115} INFO - [2022-06-05 22:04:30,767] {dag.py:2931} INFO - Setting next_dagrun for CSV_TO_DS to 2022-06-06T00:00:00+00:00, run_after=2022-06-07T00:00:00+00:00
[2022-06-05 22:04:30,799] {processor.py:161} INFO - Processing /opt/airflow/dags/csv_to_ds.py took 1.177 seconds
[2022-06-05 22:05:00,933] {processor.py:153} INFO - Started process (PID=68) to work on /opt/airflow/dags/csv_to_ds.py
[2022-06-05 22:05:00,934] {processor.py:641} INFO - Processing file /opt/airflow/dags/csv_to_ds.py for tasks to queue
[2022-06-05 22:05:00,935] {logging_mixin.py:115} INFO - [2022-06-05 22:05:00,935] {dagbag.py:507} INFO - Filling up the DagBag from /opt/airflow/dags/csv_to_ds.py
[2022-06-05 22:05:00,951] {processor.py:651} INFO - DAG(s) dict_keys(['CSV_TO_DS']) retrieved from /opt/airflow/dags/csv_to_ds.py
[2022-06-05 22:05:00,975] {logging_mixin.py:115} INFO - [2022-06-05 22:05:00,975] {dag.py:2379} INFO - Sync 1 DAGs
[2022-06-05 22:05:01,105] {logging_mixin.py:115} INFO - [2022-06-05 22:05:01,105] {dag.py:2931} INFO - Setting next_dagrun for CSV_TO_DS to 2022-06-06T00:00:00+00:00, run_after=2022-06-07T00:00:00+00:00
[2022-06-05 22:05:01,113] {processor.py:161} INFO - Processing /opt/airflow/dags/csv_to_ds.py took 0.186 seconds
[2022-06-05 22:05:31,221] {processor.py:153} INFO - Started process (PID=96) to work on /opt/airflow/dags/csv_to_ds.py
[2022-06-05 22:05:31,227] {processor.py:641} INFO - Processing file /opt/airflow/dags/csv_to_ds.py for tasks to queue
[2022-06-05 22:05:31,227] {logging_mixin.py:115} INFO - [2022-06-05 22:05:31,227] {dagbag.py:507} INFO - Filling up the DagBag from /opt/airflow/dags/csv_to_ds.py
[2022-06-05 22:05:31,239] {processor.py:651} INFO - DAG(s) dict_keys(['CSV_TO_DS']) retrieved from /opt/airflow/dags/csv_to_ds.py
[2022-06-05 22:05:31,263] {logging_mixin.py:115} INFO - [2022-06-05 22:05:31,263] {dag.py:2379} INFO - Sync 1 DAGs
[2022-06-05 22:05:31,378] {logging_mixin.py:115} INFO - [2022-06-05 22:05:31,378] {dag.py:2931} INFO - Setting next_dagrun for CSV_TO_DS to 2022-06-06T00:00:00+00:00, run_after=2022-06-07T00:00:00+00:00
[2022-06-05 22:05:31,391] {processor.py:161} INFO - Processing /opt/airflow/dags/csv_to_ds.py took 0.173 seconds
[2022-06-05 22:06:01,469] {processor.py:153} INFO - Started process (PID=114) to work on /opt/airflow/dags/csv_to_ds.py
[2022-06-05 22:06:01,470] {processor.py:641} INFO - Processing file /opt/airflow/dags/csv_to_ds.py for tasks to queue
[2022-06-05 22:06:01,470] {logging_mixin.py:115} INFO - [2022-06-05 22:06:01,470] {dagbag.py:507} INFO - Filling up the DagBag from /opt/airflow/dags/csv_to_ds.py
[2022-06-05 22:06:01,483] {processor.py:651} INFO - DAG(s) dict_keys(['CSV_TO_DS']) retrieved from /opt/airflow/dags/csv_to_ds.py
[2022-06-05 22:06:01,513] {logging_mixin.py:115} INFO - [2022-06-05 22:06:01,513] {dag.py:2379} INFO - Sync 1 DAGs
[2022-06-05 22:06:01,713] {logging_mixin.py:115} INFO - [2022-06-05 22:06:01,713] {dag.py:2931} INFO - Setting next_dagrun for CSV_TO_DS to 2022-06-06T00:00:00+00:00, run_after=2022-06-07T00:00:00+00:00
[2022-06-05 22:06:01,721] {processor.py:161} INFO - Processing /opt/airflow/dags/csv_to_ds.py took 0.255 seconds
[2022-06-05 22:06:31,826] {processor.py:153} INFO - Started process (PID=141) to work on /opt/airflow/dags/csv_to_ds.py
[2022-06-05 22:06:31,830] {processor.py:641} INFO - Processing file /opt/airflow/dags/csv_to_ds.py for tasks to queue
[2022-06-05 22:06:31,831] {logging_mixin.py:115} INFO - [2022-06-05 22:06:31,831] {dagbag.py:507} INFO - Filling up the DagBag from /opt/airflow/dags/csv_to_ds.py
[2022-06-05 22:06:31,856] {processor.py:651} INFO - DAG(s) dict_keys(['CSV_TO_DS']) retrieved from /opt/airflow/dags/csv_to_ds.py
[2022-06-05 22:06:31,905] {logging_mixin.py:115} INFO - [2022-06-05 22:06:31,905] {dag.py:2379} INFO - Sync 1 DAGs
[2022-06-05 22:06:32,273] {logging_mixin.py:115} INFO - [2022-06-05 22:06:32,273] {dag.py:2931} INFO - Setting next_dagrun for CSV_TO_DS to 2022-06-06T00:00:00+00:00, run_after=2022-06-07T00:00:00+00:00
[2022-06-05 22:06:32,319] {processor.py:161} INFO - Processing /opt/airflow/dags/csv_to_ds.py took 0.496 seconds
[2022-06-05 22:07:02,431] {processor.py:153} INFO - Started process (PID=159) to work on /opt/airflow/dags/csv_to_ds.py
[2022-06-05 22:07:02,431] {processor.py:641} INFO - Processing file /opt/airflow/dags/csv_to_ds.py for tasks to queue
[2022-06-05 22:07:02,432] {logging_mixin.py:115} INFO - [2022-06-05 22:07:02,432] {dagbag.py:507} INFO - Filling up the DagBag from /opt/airflow/dags/csv_to_ds.py
[2022-06-05 22:07:02,446] {processor.py:651} INFO - DAG(s) dict_keys(['CSV_TO_DS']) retrieved from /opt/airflow/dags/csv_to_ds.py
[2022-06-05 22:07:02,471] {logging_mixin.py:115} INFO - [2022-06-05 22:07:02,471] {dag.py:2379} INFO - Sync 1 DAGs
[2022-06-05 22:07:02,605] {logging_mixin.py:115} INFO - [2022-06-05 22:07:02,605] {dag.py:2931} INFO - Setting next_dagrun for CSV_TO_DS to 2022-06-06T00:00:00+00:00, run_after=2022-06-07T00:00:00+00:00
[2022-06-05 22:07:02,614] {processor.py:161} INFO - Processing /opt/airflow/dags/csv_to_ds.py took 0.186 seconds
[2022-06-05 22:07:32,679] {processor.py:153} INFO - Started process (PID=186) to work on /opt/airflow/dags/csv_to_ds.py
[2022-06-05 22:07:32,680] {processor.py:641} INFO - Processing file /opt/airflow/dags/csv_to_ds.py for tasks to queue
[2022-06-05 22:07:32,680] {logging_mixin.py:115} INFO - [2022-06-05 22:07:32,680] {dagbag.py:507} INFO - Filling up the DagBag from /opt/airflow/dags/csv_to_ds.py
[2022-06-05 22:07:32,691] {processor.py:651} INFO - DAG(s) dict_keys(['CSV_TO_DS']) retrieved from /opt/airflow/dags/csv_to_ds.py
[2022-06-05 22:07:32,767] {logging_mixin.py:115} INFO - [2022-06-05 22:07:32,767] {dag.py:2379} INFO - Sync 1 DAGs
[2022-06-05 22:07:33,047] {logging_mixin.py:115} INFO - [2022-06-05 22:07:33,047] {dag.py:2931} INFO - Setting next_dagrun for CSV_TO_DS to 2022-06-06T00:00:00+00:00, run_after=2022-06-07T00:00:00+00:00
[2022-06-05 22:07:33,069] {processor.py:161} INFO - Processing /opt/airflow/dags/csv_to_ds.py took 0.392 seconds
[2022-06-05 22:08:03,145] {processor.py:153} INFO - Started process (PID=212) to work on /opt/airflow/dags/csv_to_ds.py
[2022-06-05 22:08:03,146] {processor.py:641} INFO - Processing file /opt/airflow/dags/csv_to_ds.py for tasks to queue
[2022-06-05 22:08:03,148] {logging_mixin.py:115} INFO - [2022-06-05 22:08:03,148] {dagbag.py:507} INFO - Filling up the DagBag from /opt/airflow/dags/csv_to_ds.py
[2022-06-05 22:08:03,171] {processor.py:651} INFO - DAG(s) dict_keys(['CSV_TO_DS']) retrieved from /opt/airflow/dags/csv_to_ds.py
[2022-06-05 22:08:03,197] {logging_mixin.py:115} INFO - [2022-06-05 22:08:03,197] {dag.py:2379} INFO - Sync 1 DAGs
[2022-06-05 22:08:03,317] {logging_mixin.py:115} INFO - [2022-06-05 22:08:03,317] {dag.py:2931} INFO - Setting next_dagrun for CSV_TO_DS to 2022-06-06T00:00:00+00:00, run_after=2022-06-07T00:00:00+00:00
[2022-06-05 22:08:03,331] {processor.py:161} INFO - Processing /opt/airflow/dags/csv_to_ds.py took 0.195 seconds
[2022-06-05 22:08:33,396] {processor.py:153} INFO - Started process (PID=229) to work on /opt/airflow/dags/csv_to_ds.py
[2022-06-05 22:08:33,397] {processor.py:641} INFO - Processing file /opt/airflow/dags/csv_to_ds.py for tasks to queue
[2022-06-05 22:08:33,397] {logging_mixin.py:115} INFO - [2022-06-05 22:08:33,397] {dagbag.py:507} INFO - Filling up the DagBag from /opt/airflow/dags/csv_to_ds.py
[2022-06-05 22:08:33,414] {processor.py:651} INFO - DAG(s) dict_keys(['CSV_TO_DS']) retrieved from /opt/airflow/dags/csv_to_ds.py
[2022-06-05 22:08:33,452] {logging_mixin.py:115} INFO - [2022-06-05 22:08:33,451] {dag.py:2379} INFO - Sync 1 DAGs
[2022-06-05 22:08:33,563] {logging_mixin.py:115} INFO - [2022-06-05 22:08:33,563] {dag.py:2931} INFO - Setting next_dagrun for CSV_TO_DS to 2022-06-06T00:00:00+00:00, run_after=2022-06-07T00:00:00+00:00
[2022-06-05 22:08:33,576] {processor.py:161} INFO - Processing /opt/airflow/dags/csv_to_ds.py took 0.184 seconds
[2022-06-05 22:09:03,651] {processor.py:153} INFO - Started process (PID=256) to work on /opt/airflow/dags/csv_to_ds.py
[2022-06-05 22:09:03,657] {processor.py:641} INFO - Processing file /opt/airflow/dags/csv_to_ds.py for tasks to queue
[2022-06-05 22:09:03,657] {logging_mixin.py:115} INFO - [2022-06-05 22:09:03,657] {dagbag.py:507} INFO - Filling up the DagBag from /opt/airflow/dags/csv_to_ds.py
[2022-06-05 22:09:03,677] {processor.py:651} INFO - DAG(s) dict_keys(['CSV_TO_DS']) retrieved from /opt/airflow/dags/csv_to_ds.py
[2022-06-05 22:09:03,748] {logging_mixin.py:115} INFO - [2022-06-05 22:09:03,747] {dag.py:2379} INFO - Sync 1 DAGs
[2022-06-05 22:09:04,101] {logging_mixin.py:115} INFO - [2022-06-05 22:09:04,101] {dag.py:2931} INFO - Setting next_dagrun for CSV_TO_DS to 2022-06-06T00:00:00+00:00, run_after=2022-06-07T00:00:00+00:00
[2022-06-05 22:09:04,119] {processor.py:161} INFO - Processing /opt/airflow/dags/csv_to_ds.py took 0.473 seconds
[2022-06-05 22:09:34,206] {processor.py:153} INFO - Started process (PID=283) to work on /opt/airflow/dags/csv_to_ds.py
[2022-06-05 22:09:34,206] {processor.py:641} INFO - Processing file /opt/airflow/dags/csv_to_ds.py for tasks to queue
[2022-06-05 22:09:34,207] {logging_mixin.py:115} INFO - [2022-06-05 22:09:34,207] {dagbag.py:507} INFO - Filling up the DagBag from /opt/airflow/dags/csv_to_ds.py
[2022-06-05 22:09:34,224] {processor.py:651} INFO - DAG(s) dict_keys(['CSV_TO_DS']) retrieved from /opt/airflow/dags/csv_to_ds.py
[2022-06-05 22:09:34,249] {logging_mixin.py:115} INFO - [2022-06-05 22:09:34,249] {dag.py:2379} INFO - Sync 1 DAGs
[2022-06-05 22:09:34,377] {logging_mixin.py:115} INFO - [2022-06-05 22:09:34,376] {dag.py:2931} INFO - Setting next_dagrun for CSV_TO_DS to 2022-06-06T00:00:00+00:00, run_after=2022-06-07T00:00:00+00:00
[2022-06-05 22:09:34,392] {processor.py:161} INFO - Processing /opt/airflow/dags/csv_to_ds.py took 0.189 seconds
[2022-06-05 22:10:04,455] {processor.py:153} INFO - Started process (PID=301) to work on /opt/airflow/dags/csv_to_ds.py
[2022-06-05 22:10:04,456] {processor.py:641} INFO - Processing file /opt/airflow/dags/csv_to_ds.py for tasks to queue
[2022-06-05 22:10:04,456] {logging_mixin.py:115} INFO - [2022-06-05 22:10:04,456] {dagbag.py:507} INFO - Filling up the DagBag from /opt/airflow/dags/csv_to_ds.py
[2022-06-05 22:10:04,469] {processor.py:651} INFO - DAG(s) dict_keys(['CSV_TO_DS']) retrieved from /opt/airflow/dags/csv_to_ds.py
[2022-06-05 22:10:04,494] {logging_mixin.py:115} INFO - [2022-06-05 22:10:04,494] {dag.py:2379} INFO - Sync 1 DAGs
[2022-06-05 22:10:04,613] {logging_mixin.py:115} INFO - [2022-06-05 22:10:04,613] {dag.py:2931} INFO - Setting next_dagrun for CSV_TO_DS to 2022-06-06T00:00:00+00:00, run_after=2022-06-07T00:00:00+00:00
[2022-06-05 22:10:04,627] {processor.py:161} INFO - Processing /opt/airflow/dags/csv_to_ds.py took 0.175 seconds
[2022-06-05 22:10:34,718] {processor.py:153} INFO - Started process (PID=327) to work on /opt/airflow/dags/csv_to_ds.py
[2022-06-05 22:10:34,722] {processor.py:641} INFO - Processing file /opt/airflow/dags/csv_to_ds.py for tasks to queue
[2022-06-05 22:10:34,723] {logging_mixin.py:115} INFO - [2022-06-05 22:10:34,723] {dagbag.py:507} INFO - Filling up the DagBag from /opt/airflow/dags/csv_to_ds.py
[2022-06-05 22:10:34,742] {processor.py:651} INFO - DAG(s) dict_keys(['CSV_TO_DS']) retrieved from /opt/airflow/dags/csv_to_ds.py
[2022-06-05 22:10:34,767] {logging_mixin.py:115} INFO - [2022-06-05 22:10:34,767] {dag.py:2379} INFO - Sync 1 DAGs
[2022-06-05 22:10:34,896] {logging_mixin.py:115} INFO - [2022-06-05 22:10:34,896] {dag.py:2931} INFO - Setting next_dagrun for CSV_TO_DS to 2022-06-06T00:00:00+00:00, run_after=2022-06-07T00:00:00+00:00
[2022-06-05 22:10:34,909] {processor.py:161} INFO - Processing /opt/airflow/dags/csv_to_ds.py took 0.204 seconds
[2022-06-05 22:11:04,977] {processor.py:153} INFO - Started process (PID=354) to work on /opt/airflow/dags/csv_to_ds.py
[2022-06-05 22:11:04,978] {processor.py:641} INFO - Processing file /opt/airflow/dags/csv_to_ds.py for tasks to queue
[2022-06-05 22:11:04,978] {logging_mixin.py:115} INFO - [2022-06-05 22:11:04,978] {dagbag.py:507} INFO - Filling up the DagBag from /opt/airflow/dags/csv_to_ds.py
[2022-06-05 22:11:04,996] {processor.py:651} INFO - DAG(s) dict_keys(['CSV_TO_DS']) retrieved from /opt/airflow/dags/csv_to_ds.py
[2022-06-05 22:11:05,027] {logging_mixin.py:115} INFO - [2022-06-05 22:11:05,026] {dag.py:2379} INFO - Sync 1 DAGs
[2022-06-05 22:11:05,162] {logging_mixin.py:115} INFO - [2022-06-05 22:11:05,162] {dag.py:2931} INFO - Setting next_dagrun for CSV_TO_DS to 2022-06-06T00:00:00+00:00, run_after=2022-06-07T00:00:00+00:00
[2022-06-05 22:11:05,181] {processor.py:161} INFO - Processing /opt/airflow/dags/csv_to_ds.py took 0.207 seconds
[2022-06-05 22:11:32,069] {processor.py:153} INFO - Started process (PID=372) to work on /opt/airflow/dags/csv_to_ds.py
[2022-06-05 22:11:32,070] {processor.py:641} INFO - Processing file /opt/airflow/dags/csv_to_ds.py for tasks to queue
[2022-06-05 22:11:32,070] {logging_mixin.py:115} INFO - [2022-06-05 22:11:32,070] {dagbag.py:507} INFO - Filling up the DagBag from /opt/airflow/dags/csv_to_ds.py
[2022-06-05 22:11:32,087] {processor.py:651} INFO - DAG(s) dict_keys(['CSV_TO_DS']) retrieved from /opt/airflow/dags/csv_to_ds.py
[2022-06-05 22:11:32,257] {logging_mixin.py:115} INFO - [2022-06-05 22:11:32,257] {dag.py:2379} INFO - Sync 1 DAGs
[2022-06-05 22:11:32,273] {logging_mixin.py:115} INFO - [2022-06-05 22:11:32,272] {dag.py:2931} INFO - Setting next_dagrun for CSV_TO_DS to 2022-06-04T22:11:32.272805+00:00, run_after=2022-06-05T22:11:32.272805+00:00
[2022-06-05 22:11:32,289] {processor.py:161} INFO - Processing /opt/airflow/dags/csv_to_ds.py took 0.226 seconds
[2022-06-05 22:12:02,355] {processor.py:153} INFO - Started process (PID=389) to work on /opt/airflow/dags/csv_to_ds.py
[2022-06-05 22:12:02,356] {processor.py:641} INFO - Processing file /opt/airflow/dags/csv_to_ds.py for tasks to queue
[2022-06-05 22:12:02,356] {logging_mixin.py:115} INFO - [2022-06-05 22:12:02,356] {dagbag.py:507} INFO - Filling up the DagBag from /opt/airflow/dags/csv_to_ds.py
[2022-06-05 22:12:02,371] {processor.py:651} INFO - DAG(s) dict_keys(['CSV_TO_DS']) retrieved from /opt/airflow/dags/csv_to_ds.py
[2022-06-05 22:12:02,396] {logging_mixin.py:115} INFO - [2022-06-05 22:12:02,395] {dag.py:2379} INFO - Sync 1 DAGs
[2022-06-05 22:12:02,510] {logging_mixin.py:115} INFO - [2022-06-05 22:12:02,510] {dag.py:2931} INFO - Setting next_dagrun for CSV_TO_DS to 2022-06-05T22:11:32.272805+00:00, run_after=2022-06-06T22:11:32.272805+00:00
[2022-06-05 22:12:02,527] {processor.py:161} INFO - Processing /opt/airflow/dags/csv_to_ds.py took 0.178 seconds
[2022-06-05 22:12:32,607] {processor.py:153} INFO - Started process (PID=415) to work on /opt/airflow/dags/csv_to_ds.py
[2022-06-05 22:12:32,608] {processor.py:641} INFO - Processing file /opt/airflow/dags/csv_to_ds.py for tasks to queue
[2022-06-05 22:12:32,608] {logging_mixin.py:115} INFO - [2022-06-05 22:12:32,608] {dagbag.py:507} INFO - Filling up the DagBag from /opt/airflow/dags/csv_to_ds.py
[2022-06-05 22:12:32,620] {processor.py:651} INFO - DAG(s) dict_keys(['CSV_TO_DS']) retrieved from /opt/airflow/dags/csv_to_ds.py
[2022-06-05 22:12:32,648] {logging_mixin.py:115} INFO - [2022-06-05 22:12:32,648] {dag.py:2379} INFO - Sync 1 DAGs
[2022-06-05 22:12:32,779] {logging_mixin.py:115} INFO - [2022-06-05 22:12:32,779] {dag.py:2931} INFO - Setting next_dagrun for CSV_TO_DS to 2022-06-05T22:11:32.272805+00:00, run_after=2022-06-06T22:11:32.272805+00:00
[2022-06-05 22:12:32,793] {processor.py:161} INFO - Processing /opt/airflow/dags/csv_to_ds.py took 0.189 seconds
[2022-06-05 22:13:02,861] {processor.py:153} INFO - Started process (PID=432) to work on /opt/airflow/dags/csv_to_ds.py
[2022-06-05 22:13:02,861] {processor.py:641} INFO - Processing file /opt/airflow/dags/csv_to_ds.py for tasks to queue
[2022-06-05 22:13:02,862] {logging_mixin.py:115} INFO - [2022-06-05 22:13:02,862] {dagbag.py:507} INFO - Filling up the DagBag from /opt/airflow/dags/csv_to_ds.py
[2022-06-05 22:13:02,874] {processor.py:651} INFO - DAG(s) dict_keys(['CSV_TO_DS']) retrieved from /opt/airflow/dags/csv_to_ds.py
[2022-06-05 22:13:02,902] {logging_mixin.py:115} INFO - [2022-06-05 22:13:02,902] {dag.py:2379} INFO - Sync 1 DAGs
[2022-06-05 22:13:03,035] {logging_mixin.py:115} INFO - [2022-06-05 22:13:03,035] {dag.py:2931} INFO - Setting next_dagrun for CSV_TO_DS to 2022-06-05T22:11:32.272805+00:00, run_after=2022-06-06T22:11:32.272805+00:00
[2022-06-05 22:13:03,050] {processor.py:161} INFO - Processing /opt/airflow/dags/csv_to_ds.py took 0.193 seconds
[2022-06-05 22:13:33,128] {processor.py:153} INFO - Started process (PID=459) to work on /opt/airflow/dags/csv_to_ds.py
[2022-06-05 22:13:33,134] {processor.py:641} INFO - Processing file /opt/airflow/dags/csv_to_ds.py for tasks to queue
[2022-06-05 22:13:33,135] {logging_mixin.py:115} INFO - [2022-06-05 22:13:33,134] {dagbag.py:507} INFO - Filling up the DagBag from /opt/airflow/dags/csv_to_ds.py
[2022-06-05 22:13:33,159] {processor.py:651} INFO - DAG(s) dict_keys(['CSV_TO_DS']) retrieved from /opt/airflow/dags/csv_to_ds.py
[2022-06-05 22:13:33,215] {logging_mixin.py:115} INFO - [2022-06-05 22:13:33,215] {dag.py:2379} INFO - Sync 1 DAGs
[2022-06-05 22:13:33,468] {logging_mixin.py:115} INFO - [2022-06-05 22:13:33,468] {dag.py:2931} INFO - Setting next_dagrun for CSV_TO_DS to 2022-06-05T22:11:32.272805+00:00, run_after=2022-06-06T22:11:32.272805+00:00
[2022-06-05 22:13:33,478] {processor.py:161} INFO - Processing /opt/airflow/dags/csv_to_ds.py took 0.357 seconds
[2022-06-05 22:14:03,566] {processor.py:153} INFO - Started process (PID=485) to work on /opt/airflow/dags/csv_to_ds.py
[2022-06-05 22:14:03,566] {processor.py:641} INFO - Processing file /opt/airflow/dags/csv_to_ds.py for tasks to queue
[2022-06-05 22:14:03,567] {logging_mixin.py:115} INFO - [2022-06-05 22:14:03,567] {dagbag.py:507} INFO - Filling up the DagBag from /opt/airflow/dags/csv_to_ds.py
[2022-06-05 22:14:03,595] {processor.py:651} INFO - DAG(s) dict_keys(['CSV_TO_DS']) retrieved from /opt/airflow/dags/csv_to_ds.py
[2022-06-05 22:14:03,646] {logging_mixin.py:115} INFO - [2022-06-05 22:14:03,646] {dag.py:2379} INFO - Sync 1 DAGs
[2022-06-05 22:14:03,923] {logging_mixin.py:115} INFO - [2022-06-05 22:14:03,923] {dag.py:2931} INFO - Setting next_dagrun for CSV_TO_DS to 2022-06-05T22:11:32.272805+00:00, run_after=2022-06-06T22:11:32.272805+00:00
[2022-06-05 22:14:03,943] {processor.py:161} INFO - Processing /opt/airflow/dags/csv_to_ds.py took 0.389 seconds
[2022-06-05 22:14:34,053] {processor.py:153} INFO - Started process (PID=502) to work on /opt/airflow/dags/csv_to_ds.py
[2022-06-05 22:14:34,059] {processor.py:641} INFO - Processing file /opt/airflow/dags/csv_to_ds.py for tasks to queue
[2022-06-05 22:14:34,060] {logging_mixin.py:115} INFO - [2022-06-05 22:14:34,060] {dagbag.py:507} INFO - Filling up the DagBag from /opt/airflow/dags/csv_to_ds.py
[2022-06-05 22:14:34,115] {processor.py:651} INFO - DAG(s) dict_keys(['CSV_TO_DS']) retrieved from /opt/airflow/dags/csv_to_ds.py
[2022-06-05 22:14:34,235] {logging_mixin.py:115} INFO - [2022-06-05 22:14:34,234] {dag.py:2379} INFO - Sync 1 DAGs
[2022-06-05 22:14:34,591] {logging_mixin.py:115} INFO - [2022-06-05 22:14:34,591] {dag.py:2931} INFO - Setting next_dagrun for CSV_TO_DS to 2022-06-05T22:11:32.272805+00:00, run_after=2022-06-06T22:11:32.272805+00:00
[2022-06-05 22:14:34,625] {processor.py:161} INFO - Processing /opt/airflow/dags/csv_to_ds.py took 0.587 seconds
[2022-06-05 22:15:04,694] {processor.py:153} INFO - Started process (PID=529) to work on /opt/airflow/dags/csv_to_ds.py
[2022-06-05 22:15:04,717] {processor.py:641} INFO - Processing file /opt/airflow/dags/csv_to_ds.py for tasks to queue
[2022-06-05 22:15:04,720] {logging_mixin.py:115} INFO - [2022-06-05 22:15:04,720] {dagbag.py:507} INFO - Filling up the DagBag from /opt/airflow/dags/csv_to_ds.py
[2022-06-05 22:15:04,760] {processor.py:651} INFO - DAG(s) dict_keys(['CSV_TO_DS']) retrieved from /opt/airflow/dags/csv_to_ds.py
[2022-06-05 22:15:04,813] {logging_mixin.py:115} INFO - [2022-06-05 22:15:04,813] {dag.py:2379} INFO - Sync 1 DAGs
[2022-06-05 22:15:04,965] {logging_mixin.py:115} INFO - [2022-06-05 22:15:04,965] {dag.py:2931} INFO - Setting next_dagrun for CSV_TO_DS to 2022-06-05T22:11:32.272805+00:00, run_after=2022-06-06T22:11:32.272805+00:00
[2022-06-05 22:15:04,980] {processor.py:161} INFO - Processing /opt/airflow/dags/csv_to_ds.py took 0.289 seconds
[2022-06-05 22:15:35,064] {processor.py:153} INFO - Started process (PID=548) to work on /opt/airflow/dags/csv_to_ds.py
[2022-06-05 22:15:35,070] {processor.py:641} INFO - Processing file /opt/airflow/dags/csv_to_ds.py for tasks to queue
[2022-06-05 22:15:35,070] {logging_mixin.py:115} INFO - [2022-06-05 22:15:35,070] {dagbag.py:507} INFO - Filling up the DagBag from /opt/airflow/dags/csv_to_ds.py
[2022-06-05 22:15:35,082] {processor.py:651} INFO - DAG(s) dict_keys(['CSV_TO_DS']) retrieved from /opt/airflow/dags/csv_to_ds.py
[2022-06-05 22:15:35,106] {logging_mixin.py:115} INFO - [2022-06-05 22:15:35,106] {dag.py:2379} INFO - Sync 1 DAGs
[2022-06-05 22:15:35,239] {logging_mixin.py:115} INFO - [2022-06-05 22:15:35,239] {dag.py:2931} INFO - Setting next_dagrun for CSV_TO_DS to 2022-06-05T22:11:32.272805+00:00, run_after=2022-06-06T22:11:32.272805+00:00
[2022-06-05 22:15:35,249] {processor.py:161} INFO - Processing /opt/airflow/dags/csv_to_ds.py took 0.189 seconds
[2022-06-05 22:16:05,325] {processor.py:153} INFO - Started process (PID=575) to work on /opt/airflow/dags/csv_to_ds.py
[2022-06-05 22:16:05,326] {processor.py:641} INFO - Processing file /opt/airflow/dags/csv_to_ds.py for tasks to queue
[2022-06-05 22:16:05,326] {logging_mixin.py:115} INFO - [2022-06-05 22:16:05,326] {dagbag.py:507} INFO - Filling up the DagBag from /opt/airflow/dags/csv_to_ds.py
[2022-06-05 22:16:05,338] {processor.py:651} INFO - DAG(s) dict_keys(['CSV_TO_DS']) retrieved from /opt/airflow/dags/csv_to_ds.py
[2022-06-05 22:16:05,361] {logging_mixin.py:115} INFO - [2022-06-05 22:16:05,361] {dag.py:2379} INFO - Sync 1 DAGs
[2022-06-05 22:16:05,492] {logging_mixin.py:115} INFO - [2022-06-05 22:16:05,492] {dag.py:2931} INFO - Setting next_dagrun for CSV_TO_DS to 2022-06-05T22:11:32.272805+00:00, run_after=2022-06-06T22:11:32.272805+00:00
[2022-06-05 22:16:05,500] {processor.py:161} INFO - Processing /opt/airflow/dags/csv_to_ds.py took 0.178 seconds
[2022-06-05 22:16:35,563] {processor.py:153} INFO - Started process (PID=592) to work on /opt/airflow/dags/csv_to_ds.py
[2022-06-05 22:16:35,564] {processor.py:641} INFO - Processing file /opt/airflow/dags/csv_to_ds.py for tasks to queue
[2022-06-05 22:16:35,564] {logging_mixin.py:115} INFO - [2022-06-05 22:16:35,564] {dagbag.py:507} INFO - Filling up the DagBag from /opt/airflow/dags/csv_to_ds.py
[2022-06-05 22:16:35,577] {processor.py:651} INFO - DAG(s) dict_keys(['CSV_TO_DS']) retrieved from /opt/airflow/dags/csv_to_ds.py
[2022-06-05 22:16:35,601] {logging_mixin.py:115} INFO - [2022-06-05 22:16:35,601] {dag.py:2379} INFO - Sync 1 DAGs
[2022-06-05 22:16:35,722] {logging_mixin.py:115} INFO - [2022-06-05 22:16:35,722] {dag.py:2931} INFO - Setting next_dagrun for CSV_TO_DS to 2022-06-05T22:11:32.272805+00:00, run_after=2022-06-06T22:11:32.272805+00:00
[2022-06-05 22:16:35,735] {processor.py:161} INFO - Processing /opt/airflow/dags/csv_to_ds.py took 0.175 seconds
[2022-06-05 22:17:05,813] {processor.py:153} INFO - Started process (PID=618) to work on /opt/airflow/dags/csv_to_ds.py
[2022-06-05 22:17:05,814] {processor.py:641} INFO - Processing file /opt/airflow/dags/csv_to_ds.py for tasks to queue
[2022-06-05 22:17:05,819] {logging_mixin.py:115} INFO - [2022-06-05 22:17:05,818] {dagbag.py:507} INFO - Filling up the DagBag from /opt/airflow/dags/csv_to_ds.py
[2022-06-05 22:17:05,849] {processor.py:651} INFO - DAG(s) dict_keys(['CSV_TO_DS']) retrieved from /opt/airflow/dags/csv_to_ds.py
[2022-06-05 22:17:05,922] {logging_mixin.py:115} INFO - [2022-06-05 22:17:05,922] {dag.py:2379} INFO - Sync 1 DAGs
[2022-06-05 22:17:06,347] {logging_mixin.py:115} INFO - [2022-06-05 22:17:06,347] {dag.py:2931} INFO - Setting next_dagrun for CSV_TO_DS to 2022-06-05T22:11:32.272805+00:00, run_after=2022-06-06T22:11:32.272805+00:00
[2022-06-05 22:17:06,368] {processor.py:161} INFO - Processing /opt/airflow/dags/csv_to_ds.py took 0.562 seconds
[2022-06-05 22:17:36,463] {processor.py:153} INFO - Started process (PID=643) to work on /opt/airflow/dags/csv_to_ds.py
[2022-06-05 22:17:36,464] {processor.py:641} INFO - Processing file /opt/airflow/dags/csv_to_ds.py for tasks to queue
[2022-06-05 22:17:36,465] {logging_mixin.py:115} INFO - [2022-06-05 22:17:36,465] {dagbag.py:507} INFO - Filling up the DagBag from /opt/airflow/dags/csv_to_ds.py
[2022-06-05 22:17:36,490] {processor.py:651} INFO - DAG(s) dict_keys(['CSV_TO_DS']) retrieved from /opt/airflow/dags/csv_to_ds.py
[2022-06-05 22:17:36,518] {logging_mixin.py:115} INFO - [2022-06-05 22:17:36,518] {dag.py:2379} INFO - Sync 1 DAGs
[2022-06-05 22:17:36,653] {logging_mixin.py:115} INFO - [2022-06-05 22:17:36,653] {dag.py:2931} INFO - Setting next_dagrun for CSV_TO_DS to 2022-06-05T22:11:32.272805+00:00, run_after=2022-06-06T22:11:32.272805+00:00
[2022-06-05 22:17:36,667] {processor.py:161} INFO - Processing /opt/airflow/dags/csv_to_ds.py took 0.208 seconds
[2022-06-05 22:18:06,747] {processor.py:153} INFO - Started process (PID=661) to work on /opt/airflow/dags/csv_to_ds.py
[2022-06-05 22:18:06,748] {processor.py:641} INFO - Processing file /opt/airflow/dags/csv_to_ds.py for tasks to queue
[2022-06-05 22:18:06,749] {logging_mixin.py:115} INFO - [2022-06-05 22:18:06,749] {dagbag.py:507} INFO - Filling up the DagBag from /opt/airflow/dags/csv_to_ds.py
[2022-06-05 22:18:06,763] {processor.py:651} INFO - DAG(s) dict_keys(['CSV_TO_DS']) retrieved from /opt/airflow/dags/csv_to_ds.py
[2022-06-05 22:18:06,790] {logging_mixin.py:115} INFO - [2022-06-05 22:18:06,790] {dag.py:2379} INFO - Sync 1 DAGs
[2022-06-05 22:18:06,903] {logging_mixin.py:115} INFO - [2022-06-05 22:18:06,903] {dag.py:2931} INFO - Setting next_dagrun for CSV_TO_DS to 2022-06-05T22:11:32.272805+00:00, run_after=2022-06-06T22:11:32.272805+00:00
[2022-06-05 22:18:06,916] {processor.py:161} INFO - Processing /opt/airflow/dags/csv_to_ds.py took 0.174 seconds
[2022-06-05 22:18:37,001] {processor.py:153} INFO - Started process (PID=689) to work on /opt/airflow/dags/csv_to_ds.py
[2022-06-05 22:18:37,015] {processor.py:641} INFO - Processing file /opt/airflow/dags/csv_to_ds.py for tasks to queue
[2022-06-05 22:18:37,015] {logging_mixin.py:115} INFO - [2022-06-05 22:18:37,015] {dagbag.py:507} INFO - Filling up the DagBag from /opt/airflow/dags/csv_to_ds.py
[2022-06-05 22:18:37,061] {processor.py:651} INFO - DAG(s) dict_keys(['CSV_TO_DS']) retrieved from /opt/airflow/dags/csv_to_ds.py
[2022-06-05 22:18:37,207] {logging_mixin.py:115} INFO - [2022-06-05 22:18:37,207] {dag.py:2379} INFO - Sync 1 DAGs
[2022-06-05 22:18:37,557] {logging_mixin.py:115} INFO - [2022-06-05 22:18:37,557] {dag.py:2931} INFO - Setting next_dagrun for CSV_TO_DS to 2022-06-05T22:11:32.272805+00:00, run_after=2022-06-06T22:11:32.272805+00:00
[2022-06-05 22:18:37,596] {processor.py:161} INFO - Processing /opt/airflow/dags/csv_to_ds.py took 0.597 seconds
[2022-06-05 22:19:07,712] {processor.py:153} INFO - Started process (PID=708) to work on /opt/airflow/dags/csv_to_ds.py
[2022-06-05 22:19:07,713] {processor.py:641} INFO - Processing file /opt/airflow/dags/csv_to_ds.py for tasks to queue
[2022-06-05 22:19:07,714] {logging_mixin.py:115} INFO - [2022-06-05 22:19:07,713] {dagbag.py:507} INFO - Filling up the DagBag from /opt/airflow/dags/csv_to_ds.py
[2022-06-05 22:19:07,730] {processor.py:651} INFO - DAG(s) dict_keys(['CSV_TO_DS']) retrieved from /opt/airflow/dags/csv_to_ds.py
[2022-06-05 22:19:07,755] {logging_mixin.py:115} INFO - [2022-06-05 22:19:07,755] {dag.py:2379} INFO - Sync 1 DAGs
[2022-06-05 22:19:07,874] {logging_mixin.py:115} INFO - [2022-06-05 22:19:07,874] {dag.py:2931} INFO - Setting next_dagrun for CSV_TO_DS to 2022-06-05T22:11:32.272805+00:00, run_after=2022-06-06T22:11:32.272805+00:00
[2022-06-05 22:19:07,888] {processor.py:161} INFO - Processing /opt/airflow/dags/csv_to_ds.py took 0.182 seconds
[2022-06-05 22:19:37,992] {processor.py:153} INFO - Started process (PID=733) to work on /opt/airflow/dags/csv_to_ds.py
[2022-06-05 22:19:37,998] {processor.py:641} INFO - Processing file /opt/airflow/dags/csv_to_ds.py for tasks to queue
[2022-06-05 22:19:37,998] {logging_mixin.py:115} INFO - [2022-06-05 22:19:37,998] {dagbag.py:507} INFO - Filling up the DagBag from /opt/airflow/dags/csv_to_ds.py
[2022-06-05 22:19:38,036] {processor.py:651} INFO - DAG(s) dict_keys(['CSV_TO_DS']) retrieved from /opt/airflow/dags/csv_to_ds.py
[2022-06-05 22:19:38,082] {logging_mixin.py:115} INFO - [2022-06-05 22:19:38,082] {dag.py:2379} INFO - Sync 1 DAGs
[2022-06-05 22:19:38,321] {logging_mixin.py:115} INFO - [2022-06-05 22:19:38,321] {dag.py:2931} INFO - Setting next_dagrun for CSV_TO_DS to 2022-06-05T22:11:32.272805+00:00, run_after=2022-06-06T22:11:32.272805+00:00
[2022-06-05 22:19:38,339] {processor.py:161} INFO - Processing /opt/airflow/dags/csv_to_ds.py took 0.359 seconds
[2022-06-05 22:20:08,447] {processor.py:153} INFO - Started process (PID=750) to work on /opt/airflow/dags/csv_to_ds.py
[2022-06-05 22:20:08,448] {processor.py:641} INFO - Processing file /opt/airflow/dags/csv_to_ds.py for tasks to queue
[2022-06-05 22:20:08,448] {logging_mixin.py:115} INFO - [2022-06-05 22:20:08,448] {dagbag.py:507} INFO - Filling up the DagBag from /opt/airflow/dags/csv_to_ds.py
[2022-06-05 22:20:08,490] {processor.py:651} INFO - DAG(s) dict_keys(['CSV_TO_DS']) retrieved from /opt/airflow/dags/csv_to_ds.py
[2022-06-05 22:20:08,582] {logging_mixin.py:115} INFO - [2022-06-05 22:20:08,582] {dag.py:2379} INFO - Sync 1 DAGs
[2022-06-05 22:20:08,802] {logging_mixin.py:115} INFO - [2022-06-05 22:20:08,802] {dag.py:2931} INFO - Setting next_dagrun for CSV_TO_DS to 2022-06-05T22:11:32.272805+00:00, run_after=2022-06-06T22:11:32.272805+00:00
[2022-06-05 22:20:08,825] {processor.py:161} INFO - Processing /opt/airflow/dags/csv_to_ds.py took 0.400 seconds
[2022-06-05 22:22:21,230] {processor.py:153} INFO - Started process (PID=49) to work on /opt/airflow/dags/csv_to_ds.py
[2022-06-05 22:22:21,291] {processor.py:641} INFO - Processing file /opt/airflow/dags/csv_to_ds.py for tasks to queue
[2022-06-05 22:22:21,291] {logging_mixin.py:115} INFO - [2022-06-05 22:22:21,291] {dagbag.py:507} INFO - Filling up the DagBag from /opt/airflow/dags/csv_to_ds.py
[2022-06-05 22:22:21,473] {processor.py:651} INFO - DAG(s) dict_keys(['CSV_TO_DS']) retrieved from /opt/airflow/dags/csv_to_ds.py
[2022-06-05 22:22:21,603] {logging_mixin.py:115} INFO - [2022-06-05 22:22:21,602] {dag.py:2379} INFO - Sync 1 DAGs
[2022-06-05 22:22:22,253] {logging_mixin.py:115} INFO - [2022-06-05 22:22:22,253] {dag.py:2931} INFO - Setting next_dagrun for CSV_TO_DS to 2022-06-05T22:11:32.272805+00:00, run_after=2022-06-06T22:11:32.272805+00:00
[2022-06-05 22:22:22,315] {processor.py:161} INFO - Processing /opt/airflow/dags/csv_to_ds.py took 1.113 seconds
[2022-06-05 22:22:52,452] {processor.py:153} INFO - Started process (PID=68) to work on /opt/airflow/dags/csv_to_ds.py
[2022-06-05 22:22:52,454] {processor.py:641} INFO - Processing file /opt/airflow/dags/csv_to_ds.py for tasks to queue
[2022-06-05 22:22:52,455] {logging_mixin.py:115} INFO - [2022-06-05 22:22:52,455] {dagbag.py:507} INFO - Filling up the DagBag from /opt/airflow/dags/csv_to_ds.py
[2022-06-05 22:22:52,479] {processor.py:651} INFO - DAG(s) dict_keys(['CSV_TO_DS']) retrieved from /opt/airflow/dags/csv_to_ds.py
[2022-06-05 22:22:52,523] {logging_mixin.py:115} INFO - [2022-06-05 22:22:52,523] {dag.py:2379} INFO - Sync 1 DAGs
[2022-06-05 22:22:52,787] {logging_mixin.py:115} INFO - [2022-06-05 22:22:52,787] {dag.py:2931} INFO - Setting next_dagrun for CSV_TO_DS to 2022-06-05T22:11:32.272805+00:00, run_after=2022-06-06T22:11:32.272805+00:00
[2022-06-05 22:22:52,802] {processor.py:161} INFO - Processing /opt/airflow/dags/csv_to_ds.py took 0.358 seconds
[2022-06-05 22:23:22,885] {processor.py:153} INFO - Started process (PID=95) to work on /opt/airflow/dags/csv_to_ds.py
[2022-06-05 22:23:22,886] {processor.py:641} INFO - Processing file /opt/airflow/dags/csv_to_ds.py for tasks to queue
[2022-06-05 22:23:22,886] {logging_mixin.py:115} INFO - [2022-06-05 22:23:22,886] {dagbag.py:507} INFO - Filling up the DagBag from /opt/airflow/dags/csv_to_ds.py
[2022-06-05 22:23:22,914] {processor.py:651} INFO - DAG(s) dict_keys(['CSV_TO_DS']) retrieved from /opt/airflow/dags/csv_to_ds.py
[2022-06-05 22:23:22,965] {logging_mixin.py:115} INFO - [2022-06-05 22:23:22,965] {dag.py:2379} INFO - Sync 1 DAGs
[2022-06-05 22:23:23,195] {logging_mixin.py:115} INFO - [2022-06-05 22:23:23,195] {dag.py:2931} INFO - Setting next_dagrun for CSV_TO_DS to 2022-06-05T22:11:32.272805+00:00, run_after=2022-06-06T22:11:32.272805+00:00
[2022-06-05 22:23:23,205] {processor.py:161} INFO - Processing /opt/airflow/dags/csv_to_ds.py took 0.322 seconds
[2022-06-05 22:23:53,293] {processor.py:153} INFO - Started process (PID=122) to work on /opt/airflow/dags/csv_to_ds.py
[2022-06-05 22:23:53,293] {processor.py:641} INFO - Processing file /opt/airflow/dags/csv_to_ds.py for tasks to queue
[2022-06-05 22:23:53,294] {logging_mixin.py:115} INFO - [2022-06-05 22:23:53,294] {dagbag.py:507} INFO - Filling up the DagBag from /opt/airflow/dags/csv_to_ds.py
[2022-06-05 22:23:53,319] {processor.py:651} INFO - DAG(s) dict_keys(['CSV_TO_DS']) retrieved from /opt/airflow/dags/csv_to_ds.py
[2022-06-05 22:23:53,343] {logging_mixin.py:115} INFO - [2022-06-05 22:23:53,343] {dag.py:2379} INFO - Sync 1 DAGs
[2022-06-05 22:23:53,452] {logging_mixin.py:115} INFO - [2022-06-05 22:23:53,452] {dag.py:2931} INFO - Setting next_dagrun for CSV_TO_DS to 2022-06-05T22:11:32.272805+00:00, run_after=2022-06-06T22:11:32.272805+00:00
[2022-06-05 22:23:53,465] {processor.py:161} INFO - Processing /opt/airflow/dags/csv_to_ds.py took 0.178 seconds
[2022-06-05 22:24:23,537] {processor.py:153} INFO - Started process (PID=140) to work on /opt/airflow/dags/csv_to_ds.py
[2022-06-05 22:24:23,537] {processor.py:641} INFO - Processing file /opt/airflow/dags/csv_to_ds.py for tasks to queue
[2022-06-05 22:24:23,538] {logging_mixin.py:115} INFO - [2022-06-05 22:24:23,538] {dagbag.py:507} INFO - Filling up the DagBag from /opt/airflow/dags/csv_to_ds.py
[2022-06-05 22:24:23,562] {processor.py:651} INFO - DAG(s) dict_keys(['CSV_TO_DS']) retrieved from /opt/airflow/dags/csv_to_ds.py
[2022-06-05 22:24:23,610] {logging_mixin.py:115} INFO - [2022-06-05 22:24:23,610] {dag.py:2379} INFO - Sync 1 DAGs
[2022-06-05 22:24:23,851] {logging_mixin.py:115} INFO - [2022-06-05 22:24:23,851] {dag.py:2931} INFO - Setting next_dagrun for CSV_TO_DS to 2022-06-05T22:11:32.272805+00:00, run_after=2022-06-06T22:11:32.272805+00:00
[2022-06-05 22:24:23,865] {processor.py:161} INFO - Processing /opt/airflow/dags/csv_to_ds.py took 0.336 seconds
[2022-06-05 22:24:53,940] {processor.py:153} INFO - Started process (PID=167) to work on /opt/airflow/dags/csv_to_ds.py
[2022-06-05 22:24:53,940] {processor.py:641} INFO - Processing file /opt/airflow/dags/csv_to_ds.py for tasks to queue
[2022-06-05 22:24:53,940] {logging_mixin.py:115} INFO - [2022-06-05 22:24:53,940] {dagbag.py:507} INFO - Filling up the DagBag from /opt/airflow/dags/csv_to_ds.py
[2022-06-05 22:24:53,952] {processor.py:651} INFO - DAG(s) dict_keys(['CSV_TO_DS']) retrieved from /opt/airflow/dags/csv_to_ds.py
[2022-06-05 22:24:53,977] {logging_mixin.py:115} INFO - [2022-06-05 22:24:53,977] {dag.py:2379} INFO - Sync 1 DAGs
[2022-06-05 22:24:54,088] {logging_mixin.py:115} INFO - [2022-06-05 22:24:54,088] {dag.py:2931} INFO - Setting next_dagrun for CSV_TO_DS to 2022-06-05T22:11:32.272805+00:00, run_after=2022-06-06T22:11:32.272805+00:00
[2022-06-05 22:24:54,101] {processor.py:161} INFO - Processing /opt/airflow/dags/csv_to_ds.py took 0.164 seconds
[2022-06-05 22:25:24,182] {processor.py:153} INFO - Started process (PID=194) to work on /opt/airflow/dags/csv_to_ds.py
[2022-06-05 22:25:24,183] {processor.py:641} INFO - Processing file /opt/airflow/dags/csv_to_ds.py for tasks to queue
[2022-06-05 22:25:24,184] {logging_mixin.py:115} INFO - [2022-06-05 22:25:24,184] {dagbag.py:507} INFO - Filling up the DagBag from /opt/airflow/dags/csv_to_ds.py
[2022-06-05 22:25:24,197] {processor.py:651} INFO - DAG(s) dict_keys(['CSV_TO_DS']) retrieved from /opt/airflow/dags/csv_to_ds.py
[2022-06-05 22:25:24,221] {logging_mixin.py:115} INFO - [2022-06-05 22:25:24,221] {dag.py:2379} INFO - Sync 1 DAGs
[2022-06-05 22:25:24,331] {logging_mixin.py:115} INFO - [2022-06-05 22:25:24,331] {dag.py:2931} INFO - Setting next_dagrun for CSV_TO_DS to 2022-06-05T22:11:32.272805+00:00, run_after=2022-06-06T22:11:32.272805+00:00
[2022-06-05 22:25:24,344] {processor.py:161} INFO - Processing /opt/airflow/dags/csv_to_ds.py took 0.168 seconds
[2022-06-05 22:25:54,449] {processor.py:153} INFO - Started process (PID=212) to work on /opt/airflow/dags/csv_to_ds.py
[2022-06-05 22:25:54,458] {processor.py:641} INFO - Processing file /opt/airflow/dags/csv_to_ds.py for tasks to queue
[2022-06-05 22:25:54,463] {logging_mixin.py:115} INFO - [2022-06-05 22:25:54,463] {dagbag.py:507} INFO - Filling up the DagBag from /opt/airflow/dags/csv_to_ds.py
[2022-06-05 22:25:54,493] {processor.py:651} INFO - DAG(s) dict_keys(['CSV_TO_DS']) retrieved from /opt/airflow/dags/csv_to_ds.py
[2022-06-05 22:25:54,525] {logging_mixin.py:115} INFO - [2022-06-05 22:25:54,525] {dag.py:2379} INFO - Sync 1 DAGs
[2022-06-05 22:25:54,646] {logging_mixin.py:115} INFO - [2022-06-05 22:25:54,646] {dag.py:2931} INFO - Setting next_dagrun for CSV_TO_DS to 2022-06-05T22:11:32.272805+00:00, run_after=2022-06-06T22:11:32.272805+00:00
[2022-06-05 22:25:54,670] {processor.py:161} INFO - Processing /opt/airflow/dags/csv_to_ds.py took 0.231 seconds
[2022-06-05 22:26:24,746] {processor.py:153} INFO - Started process (PID=238) to work on /opt/airflow/dags/csv_to_ds.py
[2022-06-05 22:26:24,747] {processor.py:641} INFO - Processing file /opt/airflow/dags/csv_to_ds.py for tasks to queue
[2022-06-05 22:26:24,748] {logging_mixin.py:115} INFO - [2022-06-05 22:26:24,747] {dagbag.py:507} INFO - Filling up the DagBag from /opt/airflow/dags/csv_to_ds.py
[2022-06-05 22:26:24,763] {processor.py:651} INFO - DAG(s) dict_keys(['CSV_TO_DS']) retrieved from /opt/airflow/dags/csv_to_ds.py
[2022-06-05 22:26:24,787] {logging_mixin.py:115} INFO - [2022-06-05 22:26:24,787] {dag.py:2379} INFO - Sync 1 DAGs
[2022-06-05 22:26:24,938] {logging_mixin.py:115} INFO - [2022-06-05 22:26:24,938] {dag.py:2931} INFO - Setting next_dagrun for CSV_TO_DS to 2022-06-05T22:11:32.272805+00:00, run_after=2022-06-06T22:11:32.272805+00:00
[2022-06-05 22:26:24,952] {processor.py:161} INFO - Processing /opt/airflow/dags/csv_to_ds.py took 0.212 seconds
[2022-06-05 22:26:55,040] {processor.py:153} INFO - Started process (PID=266) to work on /opt/airflow/dags/csv_to_ds.py
[2022-06-05 22:26:55,041] {processor.py:641} INFO - Processing file /opt/airflow/dags/csv_to_ds.py for tasks to queue
[2022-06-05 22:26:55,041] {logging_mixin.py:115} INFO - [2022-06-05 22:26:55,041] {dagbag.py:507} INFO - Filling up the DagBag from /opt/airflow/dags/csv_to_ds.py
[2022-06-05 22:26:55,054] {processor.py:651} INFO - DAG(s) dict_keys(['CSV_TO_DS']) retrieved from /opt/airflow/dags/csv_to_ds.py
[2022-06-05 22:26:55,079] {logging_mixin.py:115} INFO - [2022-06-05 22:26:55,079] {dag.py:2379} INFO - Sync 1 DAGs
[2022-06-05 22:26:55,201] {logging_mixin.py:115} INFO - [2022-06-05 22:26:55,201] {dag.py:2931} INFO - Setting next_dagrun for CSV_TO_DS to 2022-06-05T22:11:32.272805+00:00, run_after=2022-06-06T22:11:32.272805+00:00
[2022-06-05 22:26:55,215] {processor.py:161} INFO - Processing /opt/airflow/dags/csv_to_ds.py took 0.178 seconds
[2022-06-05 22:27:25,294] {processor.py:153} INFO - Started process (PID=290) to work on /opt/airflow/dags/csv_to_ds.py
[2022-06-05 22:27:25,301] {processor.py:641} INFO - Processing file /opt/airflow/dags/csv_to_ds.py for tasks to queue
[2022-06-05 22:27:25,305] {logging_mixin.py:115} INFO - [2022-06-05 22:27:25,304] {dagbag.py:507} INFO - Filling up the DagBag from /opt/airflow/dags/csv_to_ds.py
[2022-06-05 22:27:25,328] {processor.py:651} INFO - DAG(s) dict_keys(['CSV_TO_DS']) retrieved from /opt/airflow/dags/csv_to_ds.py
[2022-06-05 22:27:25,391] {logging_mixin.py:115} INFO - [2022-06-05 22:27:25,391] {dag.py:2379} INFO - Sync 1 DAGs
[2022-06-05 22:27:25,605] {logging_mixin.py:115} INFO - [2022-06-05 22:27:25,605] {dag.py:2931} INFO - Setting next_dagrun for CSV_TO_DS to 2022-06-05T22:11:32.272805+00:00, run_after=2022-06-06T22:11:32.272805+00:00
[2022-06-05 22:27:25,623] {processor.py:161} INFO - Processing /opt/airflow/dags/csv_to_ds.py took 0.334 seconds
[2022-06-05 22:27:55,719] {processor.py:153} INFO - Started process (PID=310) to work on /opt/airflow/dags/csv_to_ds.py
[2022-06-05 22:27:55,722] {processor.py:641} INFO - Processing file /opt/airflow/dags/csv_to_ds.py for tasks to queue
[2022-06-05 22:27:55,723] {logging_mixin.py:115} INFO - [2022-06-05 22:27:55,723] {dagbag.py:507} INFO - Filling up the DagBag from /opt/airflow/dags/csv_to_ds.py
[2022-06-05 22:27:55,746] {processor.py:651} INFO - DAG(s) dict_keys(['CSV_TO_DS']) retrieved from /opt/airflow/dags/csv_to_ds.py
[2022-06-05 22:27:55,784] {logging_mixin.py:115} INFO - [2022-06-05 22:27:55,784] {dag.py:2379} INFO - Sync 1 DAGs
[2022-06-05 22:27:55,909] {logging_mixin.py:115} INFO - [2022-06-05 22:27:55,909] {dag.py:2931} INFO - Setting next_dagrun for CSV_TO_DS to 2022-06-05T22:11:32.272805+00:00, run_after=2022-06-06T22:11:32.272805+00:00
[2022-06-05 22:27:55,922] {processor.py:161} INFO - Processing /opt/airflow/dags/csv_to_ds.py took 0.212 seconds
[2022-06-05 22:28:26,009] {processor.py:153} INFO - Started process (PID=336) to work on /opt/airflow/dags/csv_to_ds.py
[2022-06-05 22:28:26,010] {processor.py:641} INFO - Processing file /opt/airflow/dags/csv_to_ds.py for tasks to queue
[2022-06-05 22:28:26,011] {logging_mixin.py:115} INFO - [2022-06-05 22:28:26,011] {dagbag.py:507} INFO - Filling up the DagBag from /opt/airflow/dags/csv_to_ds.py
[2022-06-05 22:28:26,027] {processor.py:651} INFO - DAG(s) dict_keys(['CSV_TO_DS']) retrieved from /opt/airflow/dags/csv_to_ds.py
[2022-06-05 22:28:26,050] {logging_mixin.py:115} INFO - [2022-06-05 22:28:26,050] {dag.py:2379} INFO - Sync 1 DAGs
[2022-06-05 22:28:26,171] {logging_mixin.py:115} INFO - [2022-06-05 22:28:26,171] {dag.py:2931} INFO - Setting next_dagrun for CSV_TO_DS to 2022-06-05T22:11:32.272805+00:00, run_after=2022-06-06T22:11:32.272805+00:00
[2022-06-05 22:28:26,192] {processor.py:161} INFO - Processing /opt/airflow/dags/csv_to_ds.py took 0.189 seconds
[2022-06-05 22:28:56,288] {processor.py:153} INFO - Started process (PID=363) to work on /opt/airflow/dags/csv_to_ds.py
[2022-06-05 22:28:56,290] {processor.py:641} INFO - Processing file /opt/airflow/dags/csv_to_ds.py for tasks to queue
[2022-06-05 22:28:56,295] {logging_mixin.py:115} INFO - [2022-06-05 22:28:56,295] {dagbag.py:507} INFO - Filling up the DagBag from /opt/airflow/dags/csv_to_ds.py
[2022-06-05 22:28:56,322] {processor.py:651} INFO - DAG(s) dict_keys(['CSV_TO_DS']) retrieved from /opt/airflow/dags/csv_to_ds.py
[2022-06-05 22:28:56,371] {logging_mixin.py:115} INFO - [2022-06-05 22:28:56,370] {dag.py:2379} INFO - Sync 1 DAGs
[2022-06-05 22:28:56,627] {logging_mixin.py:115} INFO - [2022-06-05 22:28:56,627] {dag.py:2931} INFO - Setting next_dagrun for CSV_TO_DS to 2022-06-05T22:11:32.272805+00:00, run_after=2022-06-06T22:11:32.272805+00:00
[2022-06-05 22:28:56,639] {processor.py:161} INFO - Processing /opt/airflow/dags/csv_to_ds.py took 0.354 seconds
[2022-06-05 22:29:26,721] {processor.py:153} INFO - Started process (PID=382) to work on /opt/airflow/dags/csv_to_ds.py
[2022-06-05 22:29:26,722] {processor.py:641} INFO - Processing file /opt/airflow/dags/csv_to_ds.py for tasks to queue
[2022-06-05 22:29:26,722] {logging_mixin.py:115} INFO - [2022-06-05 22:29:26,722] {dagbag.py:507} INFO - Filling up the DagBag from /opt/airflow/dags/csv_to_ds.py
[2022-06-05 22:29:26,736] {processor.py:651} INFO - DAG(s) dict_keys(['CSV_TO_DS']) retrieved from /opt/airflow/dags/csv_to_ds.py
[2022-06-05 22:29:26,762] {logging_mixin.py:115} INFO - [2022-06-05 22:29:26,761] {dag.py:2379} INFO - Sync 1 DAGs
[2022-06-05 22:29:26,902] {logging_mixin.py:115} INFO - [2022-06-05 22:29:26,902] {dag.py:2931} INFO - Setting next_dagrun for CSV_TO_DS to 2022-06-05T22:11:32.272805+00:00, run_after=2022-06-06T22:11:32.272805+00:00
[2022-06-05 22:29:26,911] {processor.py:161} INFO - Processing /opt/airflow/dags/csv_to_ds.py took 0.194 seconds
[2022-06-05 22:29:35,735] {processor.py:153} INFO - Started process (PID=392) to work on /opt/airflow/dags/csv_to_ds.py
[2022-06-05 22:29:35,736] {processor.py:641} INFO - Processing file /opt/airflow/dags/csv_to_ds.py for tasks to queue
[2022-06-05 22:29:35,736] {logging_mixin.py:115} INFO - [2022-06-05 22:29:35,736] {dagbag.py:507} INFO - Filling up the DagBag from /opt/airflow/dags/csv_to_ds.py
[2022-06-05 22:29:35,738] {logging_mixin.py:115} INFO - [2022-06-05 22:29:35,738] {dagbag.py:320} ERROR - Failed to import: /opt/airflow/dags/csv_to_ds.py
Traceback (most recent call last):
  File "/home/airflow/.local/lib/python3.7/site-packages/airflow/models/dagbag.py", line 317, in parse
    loader.exec_module(new_module)
  File "<frozen importlib._bootstrap_external>", line 724, in exec_module
  File "<frozen importlib._bootstrap_external>", line 860, in get_code
  File "<frozen importlib._bootstrap_external>", line 791, in source_to_code
  File "<frozen importlib._bootstrap>", line 219, in _call_with_frames_removed
  File "/opt/airflow/dags/csv_to_ds.py", line 34
    schedule_interval=None,
    ^
SyntaxError: keyword argument repeated
[2022-06-05 22:29:35,739] {processor.py:653} WARNING - No viable dags retrieved from /opt/airflow/dags/csv_to_ds.py
[2022-06-05 22:29:35,758] {processor.py:161} INFO - Processing /opt/airflow/dags/csv_to_ds.py took 0.025 seconds
[2022-06-05 22:30:05,847] {processor.py:153} INFO - Started process (PID=411) to work on /opt/airflow/dags/csv_to_ds.py
[2022-06-05 22:30:05,848] {processor.py:641} INFO - Processing file /opt/airflow/dags/csv_to_ds.py for tasks to queue
[2022-06-05 22:30:05,849] {logging_mixin.py:115} INFO - [2022-06-05 22:30:05,848] {dagbag.py:507} INFO - Filling up the DagBag from /opt/airflow/dags/csv_to_ds.py
[2022-06-05 22:30:05,853] {logging_mixin.py:115} INFO - [2022-06-05 22:30:05,850] {dagbag.py:320} ERROR - Failed to import: /opt/airflow/dags/csv_to_ds.py
Traceback (most recent call last):
  File "/home/airflow/.local/lib/python3.7/site-packages/airflow/models/dagbag.py", line 317, in parse
    loader.exec_module(new_module)
  File "<frozen importlib._bootstrap_external>", line 724, in exec_module
  File "<frozen importlib._bootstrap_external>", line 860, in get_code
  File "<frozen importlib._bootstrap_external>", line 791, in source_to_code
  File "<frozen importlib._bootstrap>", line 219, in _call_with_frames_removed
  File "/opt/airflow/dags/csv_to_ds.py", line 34
    schedule_interval=None,
    ^
SyntaxError: keyword argument repeated
[2022-06-05 22:30:05,853] {processor.py:653} WARNING - No viable dags retrieved from /opt/airflow/dags/csv_to_ds.py
[2022-06-05 22:30:05,874] {processor.py:161} INFO - Processing /opt/airflow/dags/csv_to_ds.py took 0.030 seconds
[2022-06-05 22:30:23,993] {processor.py:153} INFO - Started process (PID=430) to work on /opt/airflow/dags/csv_to_ds.py
[2022-06-05 22:30:24,018] {processor.py:641} INFO - Processing file /opt/airflow/dags/csv_to_ds.py for tasks to queue
[2022-06-05 22:30:24,019] {logging_mixin.py:115} INFO - [2022-06-05 22:30:24,019] {dagbag.py:507} INFO - Filling up the DagBag from /opt/airflow/dags/csv_to_ds.py
[2022-06-05 22:30:24,137] {processor.py:651} INFO - DAG(s) dict_keys(['CSV_TO_DS']) retrieved from /opt/airflow/dags/csv_to_ds.py
[2022-06-05 22:30:25,507] {logging_mixin.py:115} INFO - [2022-06-05 22:30:25,507] {dag.py:2379} INFO - Sync 1 DAGs
[2022-06-05 22:30:25,641] {logging_mixin.py:115} INFO - [2022-06-05 22:30:25,641] {dag.py:2931} INFO - Setting next_dagrun for CSV_TO_DS to 2022-06-05T22:11:32.272805+00:00, run_after=2022-06-06T22:11:32.272805+00:00
[2022-06-05 22:30:25,756] {processor.py:161} INFO - Processing /opt/airflow/dags/csv_to_ds.py took 1.766 seconds
[2022-06-05 22:30:55,930] {processor.py:153} INFO - Started process (PID=449) to work on /opt/airflow/dags/csv_to_ds.py
[2022-06-05 22:30:55,931] {processor.py:641} INFO - Processing file /opt/airflow/dags/csv_to_ds.py for tasks to queue
[2022-06-05 22:30:55,932] {logging_mixin.py:115} INFO - [2022-06-05 22:30:55,932] {dagbag.py:507} INFO - Filling up the DagBag from /opt/airflow/dags/csv_to_ds.py
[2022-06-05 22:30:55,951] {processor.py:651} INFO - DAG(s) dict_keys(['CSV_TO_DS']) retrieved from /opt/airflow/dags/csv_to_ds.py
[2022-06-05 22:30:55,982] {logging_mixin.py:115} INFO - [2022-06-05 22:30:55,982] {dag.py:2379} INFO - Sync 1 DAGs
[2022-06-05 22:30:56,110] {logging_mixin.py:115} INFO - [2022-06-05 22:30:56,110] {dag.py:2931} INFO - Setting next_dagrun for CSV_TO_DS to 2022-06-05T22:11:32.272805+00:00, run_after=2022-06-06T22:11:32.272805+00:00
[2022-06-05 22:30:56,124] {processor.py:161} INFO - Processing /opt/airflow/dags/csv_to_ds.py took 0.197 seconds
[2022-06-05 22:31:26,208] {processor.py:153} INFO - Started process (PID=468) to work on /opt/airflow/dags/csv_to_ds.py
[2022-06-05 22:31:26,208] {processor.py:641} INFO - Processing file /opt/airflow/dags/csv_to_ds.py for tasks to queue
[2022-06-05 22:31:26,209] {logging_mixin.py:115} INFO - [2022-06-05 22:31:26,209] {dagbag.py:507} INFO - Filling up the DagBag from /opt/airflow/dags/csv_to_ds.py
[2022-06-05 22:31:26,249] {processor.py:651} INFO - DAG(s) dict_keys(['CSV_TO_DS']) retrieved from /opt/airflow/dags/csv_to_ds.py
[2022-06-05 22:31:26,313] {logging_mixin.py:115} INFO - [2022-06-05 22:31:26,313] {dag.py:2379} INFO - Sync 1 DAGs
[2022-06-05 22:31:26,455] {logging_mixin.py:115} INFO - [2022-06-05 22:31:26,455] {dag.py:2931} INFO - Setting next_dagrun for CSV_TO_DS to 2022-06-05T22:11:32.272805+00:00, run_after=2022-06-06T22:11:32.272805+00:00
[2022-06-05 22:31:26,477] {processor.py:161} INFO - Processing /opt/airflow/dags/csv_to_ds.py took 0.273 seconds
[2022-06-05 22:31:39,538] {processor.py:153} INFO - Started process (PID=477) to work on /opt/airflow/dags/csv_to_ds.py
[2022-06-05 22:31:39,543] {processor.py:641} INFO - Processing file /opt/airflow/dags/csv_to_ds.py for tasks to queue
[2022-06-05 22:31:39,543] {logging_mixin.py:115} INFO - [2022-06-05 22:31:39,543] {dagbag.py:507} INFO - Filling up the DagBag from /opt/airflow/dags/csv_to_ds.py
[2022-06-05 22:31:39,571] {processor.py:651} INFO - DAG(s) dict_keys(['CSV_TO_DS']) retrieved from /opt/airflow/dags/csv_to_ds.py
[2022-06-05 22:31:39,622] {logging_mixin.py:115} INFO - [2022-06-05 22:31:39,622] {dag.py:2379} INFO - Sync 1 DAGs
[2022-06-05 22:31:39,912] {logging_mixin.py:115} INFO - [2022-06-05 22:31:39,912] {dag.py:2931} INFO - Setting next_dagrun for CSV_TO_DS to 2022-06-05T22:11:32.272805+00:00, run_after=2022-06-06T22:11:32.272805+00:00
[2022-06-05 22:31:39,932] {processor.py:161} INFO - Processing /opt/airflow/dags/csv_to_ds.py took 0.397 seconds
[2022-06-05 22:32:10,049] {processor.py:153} INFO - Started process (PID=502) to work on /opt/airflow/dags/csv_to_ds.py
[2022-06-05 22:32:10,050] {processor.py:641} INFO - Processing file /opt/airflow/dags/csv_to_ds.py for tasks to queue
[2022-06-05 22:32:10,051] {logging_mixin.py:115} INFO - [2022-06-05 22:32:10,051] {dagbag.py:507} INFO - Filling up the DagBag from /opt/airflow/dags/csv_to_ds.py
[2022-06-05 22:32:10,110] {processor.py:651} INFO - DAG(s) dict_keys(['CSV_TO_DS']) retrieved from /opt/airflow/dags/csv_to_ds.py
[2022-06-05 22:32:10,211] {logging_mixin.py:115} INFO - [2022-06-05 22:32:10,210] {dag.py:2379} INFO - Sync 1 DAGs
[2022-06-05 22:32:10,687] {logging_mixin.py:115} INFO - [2022-06-05 22:32:10,687] {dag.py:2931} INFO - Setting next_dagrun for CSV_TO_DS to 2022-06-05T22:11:32.272805+00:00, run_after=2022-06-06T22:11:32.272805+00:00
[2022-06-05 22:32:10,704] {processor.py:161} INFO - Processing /opt/airflow/dags/csv_to_ds.py took 0.669 seconds
[2022-06-05 22:32:40,800] {processor.py:153} INFO - Started process (PID=520) to work on /opt/airflow/dags/csv_to_ds.py
[2022-06-05 22:32:40,801] {processor.py:641} INFO - Processing file /opt/airflow/dags/csv_to_ds.py for tasks to queue
[2022-06-05 22:32:40,802] {logging_mixin.py:115} INFO - [2022-06-05 22:32:40,802] {dagbag.py:507} INFO - Filling up the DagBag from /opt/airflow/dags/csv_to_ds.py
[2022-06-05 22:32:40,819] {processor.py:651} INFO - DAG(s) dict_keys(['CSV_TO_DS']) retrieved from /opt/airflow/dags/csv_to_ds.py
[2022-06-05 22:32:40,852] {logging_mixin.py:115} INFO - [2022-06-05 22:32:40,852] {dag.py:2379} INFO - Sync 1 DAGs
[2022-06-05 22:32:40,969] {logging_mixin.py:115} INFO - [2022-06-05 22:32:40,969] {dag.py:2931} INFO - Setting next_dagrun for CSV_TO_DS to 2022-06-05T22:11:32.272805+00:00, run_after=2022-06-06T22:11:32.272805+00:00
[2022-06-05 22:32:40,982] {processor.py:161} INFO - Processing /opt/airflow/dags/csv_to_ds.py took 0.189 seconds
[2022-06-05 22:33:11,070] {processor.py:153} INFO - Started process (PID=547) to work on /opt/airflow/dags/csv_to_ds.py
[2022-06-05 22:33:11,084] {processor.py:641} INFO - Processing file /opt/airflow/dags/csv_to_ds.py for tasks to queue
[2022-06-05 22:33:11,084] {logging_mixin.py:115} INFO - [2022-06-05 22:33:11,084] {dagbag.py:507} INFO - Filling up the DagBag from /opt/airflow/dags/csv_to_ds.py
[2022-06-05 22:33:11,127] {processor.py:651} INFO - DAG(s) dict_keys(['CSV_TO_DS']) retrieved from /opt/airflow/dags/csv_to_ds.py
[2022-06-05 22:33:11,178] {logging_mixin.py:115} INFO - [2022-06-05 22:33:11,177] {dag.py:2379} INFO - Sync 1 DAGs
[2022-06-05 22:33:11,414] {logging_mixin.py:115} INFO - [2022-06-05 22:33:11,411] {dag.py:2931} INFO - Setting next_dagrun for CSV_TO_DS to 2022-06-05T22:11:32.272805+00:00, run_after=2022-06-06T22:11:32.272805+00:00
[2022-06-05 22:33:11,432] {processor.py:161} INFO - Processing /opt/airflow/dags/csv_to_ds.py took 0.365 seconds
[2022-06-05 22:33:41,512] {processor.py:153} INFO - Started process (PID=575) to work on /opt/airflow/dags/csv_to_ds.py
[2022-06-05 22:33:41,512] {processor.py:641} INFO - Processing file /opt/airflow/dags/csv_to_ds.py for tasks to queue
[2022-06-05 22:33:41,513] {logging_mixin.py:115} INFO - [2022-06-05 22:33:41,513] {dagbag.py:507} INFO - Filling up the DagBag from /opt/airflow/dags/csv_to_ds.py
[2022-06-05 22:33:41,525] {processor.py:651} INFO - DAG(s) dict_keys(['CSV_TO_DS']) retrieved from /opt/airflow/dags/csv_to_ds.py
[2022-06-05 22:33:41,549] {logging_mixin.py:115} INFO - [2022-06-05 22:33:41,549] {dag.py:2379} INFO - Sync 1 DAGs
[2022-06-05 22:33:41,663] {logging_mixin.py:115} INFO - [2022-06-05 22:33:41,663] {dag.py:2931} INFO - Setting next_dagrun for CSV_TO_DS to 2022-06-05T22:11:32.272805+00:00, run_after=2022-06-06T22:11:32.272805+00:00
[2022-06-05 22:33:41,679] {processor.py:161} INFO - Processing /opt/airflow/dags/csv_to_ds.py took 0.171 seconds
[2022-06-05 22:34:11,772] {processor.py:153} INFO - Started process (PID=594) to work on /opt/airflow/dags/csv_to_ds.py
[2022-06-05 22:34:11,779] {processor.py:641} INFO - Processing file /opt/airflow/dags/csv_to_ds.py for tasks to queue
[2022-06-05 22:34:11,779] {logging_mixin.py:115} INFO - [2022-06-05 22:34:11,779] {dagbag.py:507} INFO - Filling up the DagBag from /opt/airflow/dags/csv_to_ds.py
[2022-06-05 22:34:11,817] {processor.py:651} INFO - DAG(s) dict_keys(['CSV_TO_DS']) retrieved from /opt/airflow/dags/csv_to_ds.py
[2022-06-05 22:34:11,894] {logging_mixin.py:115} INFO - [2022-06-05 22:34:11,894] {dag.py:2379} INFO - Sync 1 DAGs
[2022-06-05 22:34:12,229] {logging_mixin.py:115} INFO - [2022-06-05 22:34:12,229] {dag.py:2931} INFO - Setting next_dagrun for CSV_TO_DS to 2022-06-05T22:11:32.272805+00:00, run_after=2022-06-06T22:11:32.272805+00:00
[2022-06-05 22:34:12,252] {processor.py:161} INFO - Processing /opt/airflow/dags/csv_to_ds.py took 0.492 seconds
[2022-06-05 22:34:42,372] {processor.py:153} INFO - Started process (PID=622) to work on /opt/airflow/dags/csv_to_ds.py
[2022-06-05 22:34:42,373] {processor.py:641} INFO - Processing file /opt/airflow/dags/csv_to_ds.py for tasks to queue
[2022-06-05 22:34:42,373] {logging_mixin.py:115} INFO - [2022-06-05 22:34:42,373] {dagbag.py:507} INFO - Filling up the DagBag from /opt/airflow/dags/csv_to_ds.py
[2022-06-05 22:34:42,391] {processor.py:651} INFO - DAG(s) dict_keys(['CSV_TO_DS']) retrieved from /opt/airflow/dags/csv_to_ds.py
[2022-06-05 22:34:42,417] {logging_mixin.py:115} INFO - [2022-06-05 22:34:42,417] {dag.py:2379} INFO - Sync 1 DAGs
[2022-06-05 22:34:42,535] {logging_mixin.py:115} INFO - [2022-06-05 22:34:42,534] {dag.py:2931} INFO - Setting next_dagrun for CSV_TO_DS to 2022-06-05T22:11:32.272805+00:00, run_after=2022-06-06T22:11:32.272805+00:00
[2022-06-05 22:34:42,552] {processor.py:161} INFO - Processing /opt/airflow/dags/csv_to_ds.py took 0.183 seconds
[2022-06-05 22:35:12,628] {processor.py:153} INFO - Started process (PID=640) to work on /opt/airflow/dags/csv_to_ds.py
[2022-06-05 22:35:12,634] {processor.py:641} INFO - Processing file /opt/airflow/dags/csv_to_ds.py for tasks to queue
[2022-06-05 22:35:12,634] {logging_mixin.py:115} INFO - [2022-06-05 22:35:12,634] {dagbag.py:507} INFO - Filling up the DagBag from /opt/airflow/dags/csv_to_ds.py
[2022-06-05 22:35:12,655] {processor.py:651} INFO - DAG(s) dict_keys(['CSV_TO_DS']) retrieved from /opt/airflow/dags/csv_to_ds.py
[2022-06-05 22:35:12,679] {logging_mixin.py:115} INFO - [2022-06-05 22:35:12,679] {dag.py:2379} INFO - Sync 1 DAGs
[2022-06-05 22:35:12,830] {logging_mixin.py:115} INFO - [2022-06-05 22:35:12,830] {dag.py:2931} INFO - Setting next_dagrun for CSV_TO_DS to 2022-06-05T22:11:32.272805+00:00, run_after=2022-06-06T22:11:32.272805+00:00
[2022-06-05 22:35:12,846] {processor.py:161} INFO - Processing /opt/airflow/dags/csv_to_ds.py took 0.222 seconds
[2022-06-05 22:35:42,920] {processor.py:153} INFO - Started process (PID=667) to work on /opt/airflow/dags/csv_to_ds.py
[2022-06-05 22:35:42,921] {processor.py:641} INFO - Processing file /opt/airflow/dags/csv_to_ds.py for tasks to queue
[2022-06-05 22:35:42,921] {logging_mixin.py:115} INFO - [2022-06-05 22:35:42,921] {dagbag.py:507} INFO - Filling up the DagBag from /opt/airflow/dags/csv_to_ds.py
[2022-06-05 22:35:42,933] {processor.py:651} INFO - DAG(s) dict_keys(['CSV_TO_DS']) retrieved from /opt/airflow/dags/csv_to_ds.py
[2022-06-05 22:35:42,958] {logging_mixin.py:115} INFO - [2022-06-05 22:35:42,958] {dag.py:2379} INFO - Sync 1 DAGs
[2022-06-05 22:35:43,077] {logging_mixin.py:115} INFO - [2022-06-05 22:35:43,077] {dag.py:2931} INFO - Setting next_dagrun for CSV_TO_DS to 2022-06-05T22:11:32.272805+00:00, run_after=2022-06-06T22:11:32.272805+00:00
[2022-06-05 22:35:43,090] {processor.py:161} INFO - Processing /opt/airflow/dags/csv_to_ds.py took 0.173 seconds
[2022-06-05 22:36:13,184] {processor.py:153} INFO - Started process (PID=685) to work on /opt/airflow/dags/csv_to_ds.py
[2022-06-05 22:36:13,186] {processor.py:641} INFO - Processing file /opt/airflow/dags/csv_to_ds.py for tasks to queue
[2022-06-05 22:36:13,187] {logging_mixin.py:115} INFO - [2022-06-05 22:36:13,187] {dagbag.py:507} INFO - Filling up the DagBag from /opt/airflow/dags/csv_to_ds.py
[2022-06-05 22:36:13,214] {processor.py:651} INFO - DAG(s) dict_keys(['CSV_TO_DS']) retrieved from /opt/airflow/dags/csv_to_ds.py
[2022-06-05 22:36:13,272] {logging_mixin.py:115} INFO - [2022-06-05 22:36:13,272] {dag.py:2379} INFO - Sync 1 DAGs
[2022-06-05 22:36:13,389] {logging_mixin.py:115} INFO - [2022-06-05 22:36:13,389] {dag.py:2931} INFO - Setting next_dagrun for CSV_TO_DS to 2022-06-05T22:11:32.272805+00:00, run_after=2022-06-06T22:11:32.272805+00:00
[2022-06-05 22:36:13,402] {processor.py:161} INFO - Processing /opt/airflow/dags/csv_to_ds.py took 0.227 seconds
[2022-06-05 22:36:43,487] {processor.py:153} INFO - Started process (PID=713) to work on /opt/airflow/dags/csv_to_ds.py
[2022-06-05 22:36:43,487] {processor.py:641} INFO - Processing file /opt/airflow/dags/csv_to_ds.py for tasks to queue
[2022-06-05 22:36:43,488] {logging_mixin.py:115} INFO - [2022-06-05 22:36:43,488] {dagbag.py:507} INFO - Filling up the DagBag from /opt/airflow/dags/csv_to_ds.py
[2022-06-05 22:36:43,528] {processor.py:651} INFO - DAG(s) dict_keys(['CSV_TO_DS']) retrieved from /opt/airflow/dags/csv_to_ds.py
[2022-06-05 22:36:43,607] {logging_mixin.py:115} INFO - [2022-06-05 22:36:43,606] {dag.py:2379} INFO - Sync 1 DAGs
[2022-06-05 22:36:43,939] {logging_mixin.py:115} INFO - [2022-06-05 22:36:43,939] {dag.py:2931} INFO - Setting next_dagrun for CSV_TO_DS to 2022-06-05T22:11:32.272805+00:00, run_after=2022-06-06T22:11:32.272805+00:00
[2022-06-05 22:36:43,957] {processor.py:161} INFO - Processing /opt/airflow/dags/csv_to_ds.py took 0.481 seconds
[2022-06-05 22:37:14,060] {processor.py:153} INFO - Started process (PID=738) to work on /opt/airflow/dags/csv_to_ds.py
[2022-06-05 22:37:14,066] {processor.py:641} INFO - Processing file /opt/airflow/dags/csv_to_ds.py for tasks to queue
[2022-06-05 22:37:14,066] {logging_mixin.py:115} INFO - [2022-06-05 22:37:14,066] {dagbag.py:507} INFO - Filling up the DagBag from /opt/airflow/dags/csv_to_ds.py
[2022-06-05 22:37:14,086] {processor.py:651} INFO - DAG(s) dict_keys(['CSV_TO_DS']) retrieved from /opt/airflow/dags/csv_to_ds.py
[2022-06-05 22:37:14,112] {logging_mixin.py:115} INFO - [2022-06-05 22:37:14,112] {dag.py:2379} INFO - Sync 1 DAGs
[2022-06-05 22:37:14,227] {logging_mixin.py:115} INFO - [2022-06-05 22:37:14,227] {dag.py:2931} INFO - Setting next_dagrun for CSV_TO_DS to 2022-06-05T22:11:32.272805+00:00, run_after=2022-06-06T22:11:32.272805+00:00
[2022-06-05 22:37:14,245] {processor.py:161} INFO - Processing /opt/airflow/dags/csv_to_ds.py took 0.187 seconds
[2022-06-05 22:37:44,328] {processor.py:153} INFO - Started process (PID=755) to work on /opt/airflow/dags/csv_to_ds.py
[2022-06-05 22:37:44,330] {processor.py:641} INFO - Processing file /opt/airflow/dags/csv_to_ds.py for tasks to queue
[2022-06-05 22:37:44,331] {logging_mixin.py:115} INFO - [2022-06-05 22:37:44,331] {dagbag.py:507} INFO - Filling up the DagBag from /opt/airflow/dags/csv_to_ds.py
[2022-06-05 22:37:44,355] {processor.py:651} INFO - DAG(s) dict_keys(['CSV_TO_DS']) retrieved from /opt/airflow/dags/csv_to_ds.py
[2022-06-05 22:37:44,404] {logging_mixin.py:115} INFO - [2022-06-05 22:37:44,404] {dag.py:2379} INFO - Sync 1 DAGs
[2022-06-05 22:37:44,703] {logging_mixin.py:115} INFO - [2022-06-05 22:37:44,703] {dag.py:2931} INFO - Setting next_dagrun for CSV_TO_DS to 2022-06-05T22:11:32.272805+00:00, run_after=2022-06-06T22:11:32.272805+00:00
[2022-06-05 22:37:44,743] {processor.py:161} INFO - Processing /opt/airflow/dags/csv_to_ds.py took 0.422 seconds
[2022-06-05 22:38:14,848] {processor.py:153} INFO - Started process (PID=783) to work on /opt/airflow/dags/csv_to_ds.py
[2022-06-05 22:38:14,849] {processor.py:641} INFO - Processing file /opt/airflow/dags/csv_to_ds.py for tasks to queue
[2022-06-05 22:38:14,849] {logging_mixin.py:115} INFO - [2022-06-05 22:38:14,849] {dagbag.py:507} INFO - Filling up the DagBag from /opt/airflow/dags/csv_to_ds.py
[2022-06-05 22:38:14,861] {processor.py:651} INFO - DAG(s) dict_keys(['CSV_TO_DS']) retrieved from /opt/airflow/dags/csv_to_ds.py
[2022-06-05 22:38:14,886] {logging_mixin.py:115} INFO - [2022-06-05 22:38:14,886] {dag.py:2379} INFO - Sync 1 DAGs
[2022-06-05 22:38:15,018] {logging_mixin.py:115} INFO - [2022-06-05 22:38:15,018] {dag.py:2931} INFO - Setting next_dagrun for CSV_TO_DS to 2022-06-05T22:11:32.272805+00:00, run_after=2022-06-06T22:11:32.272805+00:00
[2022-06-05 22:38:15,026] {processor.py:161} INFO - Processing /opt/airflow/dags/csv_to_ds.py took 0.181 seconds
[2022-06-05 22:38:45,101] {processor.py:153} INFO - Started process (PID=800) to work on /opt/airflow/dags/csv_to_ds.py
[2022-06-05 22:38:45,101] {processor.py:641} INFO - Processing file /opt/airflow/dags/csv_to_ds.py for tasks to queue
[2022-06-05 22:38:45,102] {logging_mixin.py:115} INFO - [2022-06-05 22:38:45,102] {dagbag.py:507} INFO - Filling up the DagBag from /opt/airflow/dags/csv_to_ds.py
[2022-06-05 22:38:45,114] {processor.py:651} INFO - DAG(s) dict_keys(['CSV_TO_DS']) retrieved from /opt/airflow/dags/csv_to_ds.py
[2022-06-05 22:38:45,140] {logging_mixin.py:115} INFO - [2022-06-05 22:38:45,140] {dag.py:2379} INFO - Sync 1 DAGs
[2022-06-05 22:38:45,277] {logging_mixin.py:115} INFO - [2022-06-05 22:38:45,276] {dag.py:2931} INFO - Setting next_dagrun for CSV_TO_DS to 2022-06-05T22:11:32.272805+00:00, run_after=2022-06-06T22:11:32.272805+00:00
[2022-06-05 22:38:45,295] {processor.py:161} INFO - Processing /opt/airflow/dags/csv_to_ds.py took 0.197 seconds
[2022-06-05 22:39:15,382] {processor.py:153} INFO - Started process (PID=825) to work on /opt/airflow/dags/csv_to_ds.py
[2022-06-05 22:39:15,387] {processor.py:641} INFO - Processing file /opt/airflow/dags/csv_to_ds.py for tasks to queue
[2022-06-05 22:39:15,388] {logging_mixin.py:115} INFO - [2022-06-05 22:39:15,388] {dagbag.py:507} INFO - Filling up the DagBag from /opt/airflow/dags/csv_to_ds.py
[2022-06-05 22:39:15,413] {processor.py:651} INFO - DAG(s) dict_keys(['CSV_TO_DS']) retrieved from /opt/airflow/dags/csv_to_ds.py
[2022-06-05 22:39:15,465] {logging_mixin.py:115} INFO - [2022-06-05 22:39:15,465] {dag.py:2379} INFO - Sync 1 DAGs
[2022-06-05 22:39:15,727] {logging_mixin.py:115} INFO - [2022-06-05 22:39:15,727] {dag.py:2931} INFO - Setting next_dagrun for CSV_TO_DS to 2022-06-05T22:11:32.272805+00:00, run_after=2022-06-06T22:11:32.272805+00:00
[2022-06-05 22:39:15,769] {processor.py:161} INFO - Processing /opt/airflow/dags/csv_to_ds.py took 0.399 seconds
[2022-06-05 22:39:45,860] {processor.py:153} INFO - Started process (PID=842) to work on /opt/airflow/dags/csv_to_ds.py
[2022-06-05 22:39:45,861] {processor.py:641} INFO - Processing file /opt/airflow/dags/csv_to_ds.py for tasks to queue
[2022-06-05 22:39:45,862] {logging_mixin.py:115} INFO - [2022-06-05 22:39:45,862] {dagbag.py:507} INFO - Filling up the DagBag from /opt/airflow/dags/csv_to_ds.py
[2022-06-05 22:39:45,874] {processor.py:651} INFO - DAG(s) dict_keys(['CSV_TO_DS']) retrieved from /opt/airflow/dags/csv_to_ds.py
[2022-06-05 22:39:45,899] {logging_mixin.py:115} INFO - [2022-06-05 22:39:45,899] {dag.py:2379} INFO - Sync 1 DAGs
[2022-06-05 22:39:46,011] {logging_mixin.py:115} INFO - [2022-06-05 22:39:46,011] {dag.py:2931} INFO - Setting next_dagrun for CSV_TO_DS to 2022-06-05T22:11:32.272805+00:00, run_after=2022-06-06T22:11:32.272805+00:00
[2022-06-05 22:39:46,030] {processor.py:161} INFO - Processing /opt/airflow/dags/csv_to_ds.py took 0.174 seconds
[2022-06-05 22:40:16,120] {processor.py:153} INFO - Started process (PID=867) to work on /opt/airflow/dags/csv_to_ds.py
[2022-06-05 22:40:16,122] {processor.py:641} INFO - Processing file /opt/airflow/dags/csv_to_ds.py for tasks to queue
[2022-06-05 22:40:16,123] {logging_mixin.py:115} INFO - [2022-06-05 22:40:16,123] {dagbag.py:507} INFO - Filling up the DagBag from /opt/airflow/dags/csv_to_ds.py
[2022-06-05 22:40:16,160] {processor.py:651} INFO - DAG(s) dict_keys(['CSV_TO_DS']) retrieved from /opt/airflow/dags/csv_to_ds.py
[2022-06-05 22:40:16,240] {logging_mixin.py:115} INFO - [2022-06-05 22:40:16,240] {dag.py:2379} INFO - Sync 1 DAGs
[2022-06-05 22:40:16,627] {logging_mixin.py:115} INFO - [2022-06-05 22:40:16,627] {dag.py:2931} INFO - Setting next_dagrun for CSV_TO_DS to 2022-06-05T22:11:32.272805+00:00, run_after=2022-06-06T22:11:32.272805+00:00
[2022-06-05 22:40:16,647] {processor.py:161} INFO - Processing /opt/airflow/dags/csv_to_ds.py took 0.539 seconds
[2022-06-05 22:40:46,745] {processor.py:153} INFO - Started process (PID=892) to work on /opt/airflow/dags/csv_to_ds.py
[2022-06-05 22:40:46,746] {processor.py:641} INFO - Processing file /opt/airflow/dags/csv_to_ds.py for tasks to queue
[2022-06-05 22:40:46,746] {logging_mixin.py:115} INFO - [2022-06-05 22:40:46,746] {dagbag.py:507} INFO - Filling up the DagBag from /opt/airflow/dags/csv_to_ds.py
[2022-06-05 22:40:46,760] {processor.py:651} INFO - DAG(s) dict_keys(['CSV_TO_DS']) retrieved from /opt/airflow/dags/csv_to_ds.py
[2022-06-05 22:40:46,784] {logging_mixin.py:115} INFO - [2022-06-05 22:40:46,784] {dag.py:2379} INFO - Sync 1 DAGs
[2022-06-05 22:40:46,898] {logging_mixin.py:115} INFO - [2022-06-05 22:40:46,898] {dag.py:2931} INFO - Setting next_dagrun for CSV_TO_DS to 2022-06-05T22:11:32.272805+00:00, run_after=2022-06-06T22:11:32.272805+00:00
[2022-06-05 22:40:46,911] {processor.py:161} INFO - Processing /opt/airflow/dags/csv_to_ds.py took 0.171 seconds
[2022-06-05 22:41:16,984] {processor.py:153} INFO - Started process (PID=911) to work on /opt/airflow/dags/csv_to_ds.py
[2022-06-05 22:41:16,985] {processor.py:641} INFO - Processing file /opt/airflow/dags/csv_to_ds.py for tasks to queue
[2022-06-05 22:41:16,986] {logging_mixin.py:115} INFO - [2022-06-05 22:41:16,986] {dagbag.py:507} INFO - Filling up the DagBag from /opt/airflow/dags/csv_to_ds.py
[2022-06-05 22:41:16,997] {processor.py:651} INFO - DAG(s) dict_keys(['CSV_TO_DS']) retrieved from /opt/airflow/dags/csv_to_ds.py
[2022-06-05 22:41:17,023] {logging_mixin.py:115} INFO - [2022-06-05 22:41:17,023] {dag.py:2379} INFO - Sync 1 DAGs
[2022-06-05 22:41:17,137] {logging_mixin.py:115} INFO - [2022-06-05 22:41:17,137] {dag.py:2931} INFO - Setting next_dagrun for CSV_TO_DS to 2022-06-05T22:11:32.272805+00:00, run_after=2022-06-06T22:11:32.272805+00:00
[2022-06-05 22:41:17,150] {processor.py:161} INFO - Processing /opt/airflow/dags/csv_to_ds.py took 0.170 seconds
[2022-06-05 22:41:47,222] {processor.py:153} INFO - Started process (PID=939) to work on /opt/airflow/dags/csv_to_ds.py
[2022-06-05 22:41:47,222] {processor.py:641} INFO - Processing file /opt/airflow/dags/csv_to_ds.py for tasks to queue
[2022-06-05 22:41:47,223] {logging_mixin.py:115} INFO - [2022-06-05 22:41:47,223] {dagbag.py:507} INFO - Filling up the DagBag from /opt/airflow/dags/csv_to_ds.py
[2022-06-05 22:41:47,235] {processor.py:651} INFO - DAG(s) dict_keys(['CSV_TO_DS']) retrieved from /opt/airflow/dags/csv_to_ds.py
[2022-06-05 22:41:47,261] {logging_mixin.py:115} INFO - [2022-06-05 22:41:47,261] {dag.py:2379} INFO - Sync 1 DAGs
[2022-06-05 22:41:47,381] {logging_mixin.py:115} INFO - [2022-06-05 22:41:47,381] {dag.py:2931} INFO - Setting next_dagrun for CSV_TO_DS to 2022-06-05T22:11:32.272805+00:00, run_after=2022-06-06T22:11:32.272805+00:00
[2022-06-05 22:41:47,396] {processor.py:161} INFO - Processing /opt/airflow/dags/csv_to_ds.py took 0.178 seconds
[2022-06-05 22:42:17,464] {processor.py:153} INFO - Started process (PID=957) to work on /opt/airflow/dags/csv_to_ds.py
[2022-06-05 22:42:17,464] {processor.py:641} INFO - Processing file /opt/airflow/dags/csv_to_ds.py for tasks to queue
[2022-06-05 22:42:17,465] {logging_mixin.py:115} INFO - [2022-06-05 22:42:17,465] {dagbag.py:507} INFO - Filling up the DagBag from /opt/airflow/dags/csv_to_ds.py
[2022-06-05 22:42:17,477] {processor.py:651} INFO - DAG(s) dict_keys(['CSV_TO_DS']) retrieved from /opt/airflow/dags/csv_to_ds.py
[2022-06-05 22:42:17,502] {logging_mixin.py:115} INFO - [2022-06-05 22:42:17,501] {dag.py:2379} INFO - Sync 1 DAGs
[2022-06-05 22:42:17,616] {logging_mixin.py:115} INFO - [2022-06-05 22:42:17,616] {dag.py:2931} INFO - Setting next_dagrun for CSV_TO_DS to 2022-06-05T22:11:32.272805+00:00, run_after=2022-06-06T22:11:32.272805+00:00
[2022-06-05 22:42:17,629] {processor.py:161} INFO - Processing /opt/airflow/dags/csv_to_ds.py took 0.169 seconds
[2022-06-05 22:42:47,736] {processor.py:153} INFO - Started process (PID=985) to work on /opt/airflow/dags/csv_to_ds.py
[2022-06-05 22:42:47,742] {processor.py:641} INFO - Processing file /opt/airflow/dags/csv_to_ds.py for tasks to queue
[2022-06-05 22:42:47,743] {logging_mixin.py:115} INFO - [2022-06-05 22:42:47,743] {dagbag.py:507} INFO - Filling up the DagBag from /opt/airflow/dags/csv_to_ds.py
[2022-06-05 22:42:47,788] {processor.py:651} INFO - DAG(s) dict_keys(['CSV_TO_DS']) retrieved from /opt/airflow/dags/csv_to_ds.py
[2022-06-05 22:42:47,885] {logging_mixin.py:115} INFO - [2022-06-05 22:42:47,884] {dag.py:2379} INFO - Sync 1 DAGs
[2022-06-05 22:42:48,463] {logging_mixin.py:115} INFO - [2022-06-05 22:42:48,463] {dag.py:2931} INFO - Setting next_dagrun for CSV_TO_DS to 2022-06-05T22:11:32.272805+00:00, run_after=2022-06-06T22:11:32.272805+00:00
[2022-06-05 22:42:48,500] {processor.py:161} INFO - Processing /opt/airflow/dags/csv_to_ds.py took 0.783 seconds
[2022-06-05 22:43:18,634] {processor.py:153} INFO - Started process (PID=1002) to work on /opt/airflow/dags/csv_to_ds.py
[2022-06-05 22:43:18,639] {processor.py:641} INFO - Processing file /opt/airflow/dags/csv_to_ds.py for tasks to queue
[2022-06-05 22:43:18,640] {logging_mixin.py:115} INFO - [2022-06-05 22:43:18,640] {dagbag.py:507} INFO - Filling up the DagBag from /opt/airflow/dags/csv_to_ds.py
[2022-06-05 22:43:18,652] {processor.py:651} INFO - DAG(s) dict_keys(['CSV_TO_DS']) retrieved from /opt/airflow/dags/csv_to_ds.py
[2022-06-05 22:43:18,692] {logging_mixin.py:115} INFO - [2022-06-05 22:43:18,692] {dag.py:2379} INFO - Sync 1 DAGs
[2022-06-05 22:43:18,816] {logging_mixin.py:115} INFO - [2022-06-05 22:43:18,816] {dag.py:2931} INFO - Setting next_dagrun for CSV_TO_DS to 2022-06-05T22:11:32.272805+00:00, run_after=2022-06-06T22:11:32.272805+00:00
[2022-06-05 22:43:18,830] {processor.py:161} INFO - Processing /opt/airflow/dags/csv_to_ds.py took 0.199 seconds
[2022-06-05 22:43:48,860] {processor.py:153} INFO - Started process (PID=1028) to work on /opt/airflow/dags/csv_to_ds.py
[2022-06-05 22:43:48,861] {processor.py:641} INFO - Processing file /opt/airflow/dags/csv_to_ds.py for tasks to queue
[2022-06-05 22:43:48,861] {logging_mixin.py:115} INFO - [2022-06-05 22:43:48,861] {dagbag.py:507} INFO - Filling up the DagBag from /opt/airflow/dags/csv_to_ds.py
[2022-06-05 22:43:48,876] {processor.py:651} INFO - DAG(s) dict_keys(['CSV_TO_DS']) retrieved from /opt/airflow/dags/csv_to_ds.py
[2022-06-05 22:43:48,903] {logging_mixin.py:115} INFO - [2022-06-05 22:43:48,902] {dag.py:2379} INFO - Sync 1 DAGs
[2022-06-05 22:43:49,025] {logging_mixin.py:115} INFO - [2022-06-05 22:43:49,025] {dag.py:2931} INFO - Setting next_dagrun for CSV_TO_DS to 2022-06-05T22:11:32.272805+00:00, run_after=2022-06-06T22:11:32.272805+00:00
[2022-06-05 22:43:49,039] {processor.py:161} INFO - Processing /opt/airflow/dags/csv_to_ds.py took 0.182 seconds
[2022-06-05 22:43:52,927] {processor.py:153} INFO - Started process (PID=1029) to work on /opt/airflow/dags/csv_to_ds.py
[2022-06-05 22:43:52,930] {processor.py:641} INFO - Processing file /opt/airflow/dags/csv_to_ds.py for tasks to queue
[2022-06-05 22:43:52,931] {logging_mixin.py:115} INFO - [2022-06-05 22:43:52,931] {dagbag.py:507} INFO - Filling up the DagBag from /opt/airflow/dags/csv_to_ds.py
[2022-06-05 22:43:52,956] {processor.py:651} INFO - DAG(s) dict_keys(['CSV_TO_DS']) retrieved from /opt/airflow/dags/csv_to_ds.py
[2022-06-05 22:43:53,012] {logging_mixin.py:115} INFO - [2022-06-05 22:43:53,012] {dag.py:2379} INFO - Sync 1 DAGs
[2022-06-05 22:43:53,269] {logging_mixin.py:115} INFO - [2022-06-05 22:43:53,269] {dag.py:2931} INFO - Setting next_dagrun for CSV_TO_DS to 2022-06-05T22:11:32.272805+00:00, run_after=2022-06-06T22:11:32.272805+00:00
[2022-06-05 22:43:53,294] {processor.py:161} INFO - Processing /opt/airflow/dags/csv_to_ds.py took 0.374 seconds
[2022-06-05 22:44:23,375] {processor.py:153} INFO - Started process (PID=1056) to work on /opt/airflow/dags/csv_to_ds.py
[2022-06-05 22:44:23,376] {processor.py:641} INFO - Processing file /opt/airflow/dags/csv_to_ds.py for tasks to queue
[2022-06-05 22:44:23,376] {logging_mixin.py:115} INFO - [2022-06-05 22:44:23,376] {dagbag.py:507} INFO - Filling up the DagBag from /opt/airflow/dags/csv_to_ds.py
[2022-06-05 22:44:23,389] {processor.py:651} INFO - DAG(s) dict_keys(['CSV_TO_DS']) retrieved from /opt/airflow/dags/csv_to_ds.py
[2022-06-05 22:44:23,413] {logging_mixin.py:115} INFO - [2022-06-05 22:44:23,413] {dag.py:2379} INFO - Sync 1 DAGs
[2022-06-05 22:44:23,537] {logging_mixin.py:115} INFO - [2022-06-05 22:44:23,537] {dag.py:2931} INFO - Setting next_dagrun for CSV_TO_DS to 2022-06-05T22:11:32.272805+00:00, run_after=2022-06-06T22:11:32.272805+00:00
[2022-06-05 22:44:23,552] {processor.py:161} INFO - Processing /opt/airflow/dags/csv_to_ds.py took 0.179 seconds
[2022-06-05 22:44:53,623] {processor.py:153} INFO - Started process (PID=1083) to work on /opt/airflow/dags/csv_to_ds.py
[2022-06-05 22:44:53,624] {processor.py:641} INFO - Processing file /opt/airflow/dags/csv_to_ds.py for tasks to queue
[2022-06-05 22:44:53,624] {logging_mixin.py:115} INFO - [2022-06-05 22:44:53,624] {dagbag.py:507} INFO - Filling up the DagBag from /opt/airflow/dags/csv_to_ds.py
[2022-06-05 22:44:53,636] {processor.py:651} INFO - DAG(s) dict_keys(['CSV_TO_DS']) retrieved from /opt/airflow/dags/csv_to_ds.py
[2022-06-05 22:44:53,661] {logging_mixin.py:115} INFO - [2022-06-05 22:44:53,661] {dag.py:2379} INFO - Sync 1 DAGs
[2022-06-05 22:44:53,775] {logging_mixin.py:115} INFO - [2022-06-05 22:44:53,775] {dag.py:2931} INFO - Setting next_dagrun for CSV_TO_DS to 2022-06-05T22:11:32.272805+00:00, run_after=2022-06-06T22:11:32.272805+00:00
[2022-06-05 22:44:53,788] {processor.py:161} INFO - Processing /opt/airflow/dags/csv_to_ds.py took 0.168 seconds
[2022-06-05 22:45:23,852] {processor.py:153} INFO - Started process (PID=1100) to work on /opt/airflow/dags/csv_to_ds.py
[2022-06-05 22:45:23,853] {processor.py:641} INFO - Processing file /opt/airflow/dags/csv_to_ds.py for tasks to queue
[2022-06-05 22:45:23,853] {logging_mixin.py:115} INFO - [2022-06-05 22:45:23,853] {dagbag.py:507} INFO - Filling up the DagBag from /opt/airflow/dags/csv_to_ds.py
[2022-06-05 22:45:23,868] {processor.py:651} INFO - DAG(s) dict_keys(['CSV_TO_DS']) retrieved from /opt/airflow/dags/csv_to_ds.py
[2022-06-05 22:45:23,893] {logging_mixin.py:115} INFO - [2022-06-05 22:45:23,892] {dag.py:2379} INFO - Sync 1 DAGs
[2022-06-05 22:45:24,006] {logging_mixin.py:115} INFO - [2022-06-05 22:45:24,006] {dag.py:2931} INFO - Setting next_dagrun for CSV_TO_DS to 2022-06-05T22:11:32.272805+00:00, run_after=2022-06-06T22:11:32.272805+00:00
[2022-06-05 22:45:24,019] {processor.py:161} INFO - Processing /opt/airflow/dags/csv_to_ds.py took 0.171 seconds
[2022-06-05 22:45:54,090] {processor.py:153} INFO - Started process (PID=1128) to work on /opt/airflow/dags/csv_to_ds.py
[2022-06-05 22:45:54,091] {processor.py:641} INFO - Processing file /opt/airflow/dags/csv_to_ds.py for tasks to queue
[2022-06-05 22:45:54,092] {logging_mixin.py:115} INFO - [2022-06-05 22:45:54,092] {dagbag.py:507} INFO - Filling up the DagBag from /opt/airflow/dags/csv_to_ds.py
[2022-06-05 22:45:54,105] {processor.py:651} INFO - DAG(s) dict_keys(['CSV_TO_DS']) retrieved from /opt/airflow/dags/csv_to_ds.py
[2022-06-05 22:45:54,131] {logging_mixin.py:115} INFO - [2022-06-05 22:45:54,131] {dag.py:2379} INFO - Sync 1 DAGs
[2022-06-05 22:45:54,253] {logging_mixin.py:115} INFO - [2022-06-05 22:45:54,252] {dag.py:2931} INFO - Setting next_dagrun for CSV_TO_DS to 2022-06-05T22:11:32.272805+00:00, run_after=2022-06-06T22:11:32.272805+00:00
[2022-06-05 22:45:54,266] {processor.py:161} INFO - Processing /opt/airflow/dags/csv_to_ds.py took 0.179 seconds
[2022-06-05 22:46:24,352] {processor.py:153} INFO - Started process (PID=1147) to work on /opt/airflow/dags/csv_to_ds.py
[2022-06-05 22:46:24,353] {processor.py:641} INFO - Processing file /opt/airflow/dags/csv_to_ds.py for tasks to queue
[2022-06-05 22:46:24,354] {logging_mixin.py:115} INFO - [2022-06-05 22:46:24,353] {dagbag.py:507} INFO - Filling up the DagBag from /opt/airflow/dags/csv_to_ds.py
[2022-06-05 22:46:24,369] {processor.py:651} INFO - DAG(s) dict_keys(['CSV_TO_DS']) retrieved from /opt/airflow/dags/csv_to_ds.py
[2022-06-05 22:46:24,394] {logging_mixin.py:115} INFO - [2022-06-05 22:46:24,394] {dag.py:2379} INFO - Sync 1 DAGs
[2022-06-05 22:46:24,647] {logging_mixin.py:115} INFO - [2022-06-05 22:46:24,647] {dag.py:2931} INFO - Setting next_dagrun for CSV_TO_DS to 2022-06-05T22:11:32.272805+00:00, run_after=2022-06-06T22:11:32.272805+00:00
[2022-06-05 22:46:24,665] {processor.py:161} INFO - Processing /opt/airflow/dags/csv_to_ds.py took 0.319 seconds
[2022-06-05 22:46:54,760] {processor.py:153} INFO - Started process (PID=1175) to work on /opt/airflow/dags/csv_to_ds.py
[2022-06-05 22:46:54,766] {processor.py:641} INFO - Processing file /opt/airflow/dags/csv_to_ds.py for tasks to queue
[2022-06-05 22:46:54,767] {logging_mixin.py:115} INFO - [2022-06-05 22:46:54,767] {dagbag.py:507} INFO - Filling up the DagBag from /opt/airflow/dags/csv_to_ds.py
[2022-06-05 22:46:54,779] {processor.py:651} INFO - DAG(s) dict_keys(['CSV_TO_DS']) retrieved from /opt/airflow/dags/csv_to_ds.py
[2022-06-05 22:46:54,803] {logging_mixin.py:115} INFO - [2022-06-05 22:46:54,803] {dag.py:2379} INFO - Sync 1 DAGs
[2022-06-05 22:46:54,932] {logging_mixin.py:115} INFO - [2022-06-05 22:46:54,932] {dag.py:2931} INFO - Setting next_dagrun for CSV_TO_DS to 2022-06-05T22:11:32.272805+00:00, run_after=2022-06-06T22:11:32.272805+00:00
[2022-06-05 22:46:54,948] {processor.py:161} INFO - Processing /opt/airflow/dags/csv_to_ds.py took 0.191 seconds
[2022-06-05 22:47:25,064] {processor.py:153} INFO - Started process (PID=1194) to work on /opt/airflow/dags/csv_to_ds.py
[2022-06-05 22:47:25,065] {processor.py:641} INFO - Processing file /opt/airflow/dags/csv_to_ds.py for tasks to queue
[2022-06-05 22:47:25,066] {logging_mixin.py:115} INFO - [2022-06-05 22:47:25,066] {dagbag.py:507} INFO - Filling up the DagBag from /opt/airflow/dags/csv_to_ds.py
[2022-06-05 22:47:25,081] {processor.py:651} INFO - DAG(s) dict_keys(['CSV_TO_DS']) retrieved from /opt/airflow/dags/csv_to_ds.py
[2022-06-05 22:47:25,107] {logging_mixin.py:115} INFO - [2022-06-05 22:47:25,107] {dag.py:2379} INFO - Sync 1 DAGs
[2022-06-05 22:47:25,226] {logging_mixin.py:115} INFO - [2022-06-05 22:47:25,226] {dag.py:2931} INFO - Setting next_dagrun for CSV_TO_DS to 2022-06-05T22:11:32.272805+00:00, run_after=2022-06-06T22:11:32.272805+00:00
[2022-06-05 22:47:25,240] {processor.py:161} INFO - Processing /opt/airflow/dags/csv_to_ds.py took 0.181 seconds
[2022-06-05 22:47:55,318] {processor.py:153} INFO - Started process (PID=1222) to work on /opt/airflow/dags/csv_to_ds.py
[2022-06-05 22:47:55,319] {processor.py:641} INFO - Processing file /opt/airflow/dags/csv_to_ds.py for tasks to queue
[2022-06-05 22:47:55,320] {logging_mixin.py:115} INFO - [2022-06-05 22:47:55,320] {dagbag.py:507} INFO - Filling up the DagBag from /opt/airflow/dags/csv_to_ds.py
[2022-06-05 22:47:55,353] {processor.py:651} INFO - DAG(s) dict_keys(['CSV_TO_DS']) retrieved from /opt/airflow/dags/csv_to_ds.py
[2022-06-05 22:47:55,431] {logging_mixin.py:115} INFO - [2022-06-05 22:47:55,430] {dag.py:2379} INFO - Sync 1 DAGs
[2022-06-05 22:47:55,983] {logging_mixin.py:115} INFO - [2022-06-05 22:47:55,983] {dag.py:2931} INFO - Setting next_dagrun for CSV_TO_DS to 2022-06-05T22:11:32.272805+00:00, run_after=2022-06-06T22:11:32.272805+00:00
[2022-06-05 22:47:56,003] {processor.py:161} INFO - Processing /opt/airflow/dags/csv_to_ds.py took 0.696 seconds
[2022-06-05 22:48:26,112] {processor.py:153} INFO - Started process (PID=1249) to work on /opt/airflow/dags/csv_to_ds.py
[2022-06-05 22:48:26,113] {processor.py:641} INFO - Processing file /opt/airflow/dags/csv_to_ds.py for tasks to queue
[2022-06-05 22:48:26,113] {logging_mixin.py:115} INFO - [2022-06-05 22:48:26,113] {dagbag.py:507} INFO - Filling up the DagBag from /opt/airflow/dags/csv_to_ds.py
[2022-06-05 22:48:26,126] {processor.py:651} INFO - DAG(s) dict_keys(['CSV_TO_DS']) retrieved from /opt/airflow/dags/csv_to_ds.py
                                                                                                                                                                                                                                                                                                                                  