[2022-06-21 14:25:22,590] {taskinstance.py:1032} INFO - Dependencies all met for <TaskInstance: DM-COUNT-f101_round_f.count_f101-9 manual__2022-06-21T14:25:11.483710+00:00 [queued]>
[2022-06-21 14:25:22,691] {taskinstance.py:1032} INFO - Dependencies all met for <TaskInstance: DM-COUNT-f101_round_f.count_f101-9 manual__2022-06-21T14:25:11.483710+00:00 [queued]>
[2022-06-21 14:25:22,691] {taskinstance.py:1238} INFO - 
--------------------------------------------------------------------------------
[2022-06-21 14:25:22,691] {taskinstance.py:1239} INFO - Starting attempt 1 of 2
[2022-06-21 14:25:22,691] {taskinstance.py:1240} INFO - 
--------------------------------------------------------------------------------
[2022-06-21 14:25:22,831] {taskinstance.py:1259} INFO - Executing <Task(PostgresOperator): count_f101-9> on 2022-06-21 14:25:11.483710+00:00
[2022-06-21 14:25:22,871] {standard_task_runner.py:52} INFO - Started process 2108 to run task
[2022-06-21 14:25:22,888] {standard_task_runner.py:76} INFO - Running: ['***', 'tasks', 'run', 'DM-COUNT-f101_round_f', 'count_f101-9', 'manual__2022-06-21T14:25:11.483710+00:00', '--job-id', '657', '--raw', '--subdir', 'DAGS_FOLDER/f_101_round_f.py', '--cfg-path', '/tmp/tmpynjrim_q', '--error-file', '/tmp/tmptn7lht2k']
[2022-06-21 14:25:22,903] {standard_task_runner.py:77} INFO - Job 657: Subtask count_f101-9
[2022-06-21 14:25:23,253] {logging_mixin.py:109} INFO - Running <TaskInstance: DM-COUNT-f101_round_f.count_f101-9 manual__2022-06-21T14:25:11.483710+00:00 [running]> on host c087b85f9f15
[2022-06-21 14:25:23,845] {taskinstance.py:1426} INFO - Exporting the following env vars:
AIRFLOW_CTX_DAG_OWNER=***
AIRFLOW_CTX_DAG_ID=DM-COUNT-f101_round_f
AIRFLOW_CTX_TASK_ID=count_f101-9
AIRFLOW_CTX_EXECUTION_DATE=2022-06-21T14:25:11.483710+00:00
AIRFLOW_CTX_DAG_RUN_ID=manual__2022-06-21T14:25:11.483710+00:00
[2022-06-21 14:25:23,935] {base.py:79} INFO - Using connection to: id: postgres. Host: postgres, Port: 5432, Schema: postgres, Login: ***, Password: ***, extra: {}
[2022-06-21 14:25:23,955] {dbapi.py:225} INFO - Running statement: CALL dm.fill_f101_round_f (%(date)s::date);, parameters: {'date': '2018-01-9'}
[2022-06-21 14:25:24,255] {taskinstance.py:1277} INFO - Marking task as SUCCESS. dag_id=DM-COUNT-f101_round_f, task_id=count_f101-9, execution_date=20220621T142511, start_date=20220621T142522, end_date=20220621T142524
[2022-06-21 14:25:24,310] {local_task_job.py:154} INFO - Task exited with return code 0
[2022-06-21 14:25:24,603] {local_task_job.py:264} INFO - 0 downstream tasks scheduled from follow-on schedule check
