[2022-07-17 09:24:37,510] {taskinstance.py:1032} INFO - Dependencies all met for <TaskInstance: DM-COUNT-account-turnover.START_COUNT_BY_DAY_4 scheduled__2022-07-16T09:24:31.887335+00:00 [queued]>
[2022-07-17 09:24:37,584] {taskinstance.py:1032} INFO - Dependencies all met for <TaskInstance: DM-COUNT-account-turnover.START_COUNT_BY_DAY_4 scheduled__2022-07-16T09:24:31.887335+00:00 [queued]>
[2022-07-17 09:24:37,584] {taskinstance.py:1238} INFO - 
--------------------------------------------------------------------------------
[2022-07-17 09:24:37,584] {taskinstance.py:1239} INFO - Starting attempt 1 of 2
[2022-07-17 09:24:37,586] {taskinstance.py:1240} INFO - 
--------------------------------------------------------------------------------
[2022-07-17 09:24:37,652] {taskinstance.py:1259} INFO - Executing <Task(PostgresOperator): START_COUNT_BY_DAY_4> on 2022-07-16 09:24:31.887335+00:00
[2022-07-17 09:24:37,696] {standard_task_runner.py:52} INFO - Started process 413 to run task
[2022-07-17 09:24:37,713] {standard_task_runner.py:76} INFO - Running: ['***', 'tasks', 'run', 'DM-COUNT-account-turnover', 'START_COUNT_BY_DAY_4', 'scheduled__2022-07-16T09:24:31.887335+00:00', '--job-id', '1603', '--raw', '--subdir', 'DAGS_FOLDER/dm_fill_account_turnover.py', '--cfg-path', '/tmp/tmp6gr8yrj6', '--error-file', '/tmp/tmpm79m8efi']
[2022-07-17 09:24:37,715] {standard_task_runner.py:77} INFO - Job 1603: Subtask START_COUNT_BY_DAY_4
[2022-07-17 09:24:37,993] {logging_mixin.py:109} INFO - Running <TaskInstance: DM-COUNT-account-turnover.START_COUNT_BY_DAY_4 scheduled__2022-07-16T09:24:31.887335+00:00 [running]> on host a04da3f4ff4b
[2022-07-17 09:24:38,205] {taskinstance.py:1426} INFO - Exporting the following env vars:
AIRFLOW_CTX_DAG_OWNER=***
AIRFLOW_CTX_DAG_ID=DM-COUNT-account-turnover
AIRFLOW_CTX_TASK_ID=START_COUNT_BY_DAY_4
AIRFLOW_CTX_EXECUTION_DATE=2022-07-16T09:24:31.887335+00:00
AIRFLOW_CTX_DAG_RUN_ID=scheduled__2022-07-16T09:24:31.887335+00:00
[2022-07-17 09:24:38,249] {base.py:79} INFO - Using connection to: id: postgres. Host: postgres, Port: 5432, Schema: postgres, Login: ***, Password: ***, extra: {}
[2022-07-17 09:24:38,268] {dbapi.py:225} INFO - Running statement: CALL ds.fill_account_turnover_f (%(date)s::date);, parameters: {'date': '2018-01-4'}
[2022-07-17 09:24:39,465] {taskinstance.py:1277} INFO - Marking task as SUCCESS. dag_id=DM-COUNT-account-turnover, task_id=START_COUNT_BY_DAY_4, execution_date=20220716T092431, start_date=20220717T092437, end_date=20220717T092439
[2022-07-17 09:24:39,545] {local_task_job.py:154} INFO - Task exited with return code 0
[2022-07-17 09:24:39,921] {local_task_job.py:264} INFO - 0 downstream tasks scheduled from follow-on schedule check
